257, 319, 449, 119, 36, 0, 247, 401, 367, 4095, 369
257, 321, 432, 129, 37, 0, 245, 400, 367, 4095, 370
257, 320, 455, 85, 35, 0, 250, 402, 369, 4095, 367
257, 329, 453, 132, 36, 0, 246, 402, 403, 4095, 362
259, 325, 458, 128, 35, 0, 250, 400, 366, 4095, 365
258, 320, 461, 126, 36, 0, 246, 400, 367, 4095, 368
260, 319, 450, 123, 31, 0, 249, 402, 363, 4095, 367
258, 321, 453, 127, 33, 0, 248, 400, 368, 4095, 370
257, 323, 451, 122, 37, 0, 245, 400, 367, 4095, 366
257, 320, 459, 119, 36, 0, 251, 401, 366, 4095, 364
259, 320, 450, 125, 33, 0, 247, 401, 359, 4095, 362
257, 320, 453, 128, 35, 0, 253, 401, 362, 4095, 368
257, 323, 451, 123, 33, 0, 247, 378, 366, 4095, 368
256, 317, 463, 134, 33, 0, 243, 400, 368, 4095, 361
260, 321, 459, 130, 32, 0, 249, 401, 367, 4095, 366
267, 325, 455, 128, 35, 0, 250, 400, 367, 4095, 373
261, 323, 458, 130, 33, 0, 251, 400, 368, 4095, 366
259, 326, 458, 128, 36, 0, 253, 400, 366, 4095, 364
257, 320, 461, 125, 36, 0, 249, 401, 365, 4095, 367
259, 320, 454, 132, 35, 0, 251, 405, 366, 4095, 367
258, 327, 459, 130, 35, 0, 250, 400, 366, 4095, 368
262, 320, 455, 134, 35, 0, 252, 403, 368, 4095, 370
258, 322, 517, 132, 33, 0, 250, 401, 361, 4095, 365
262, 325, 453, 133, 31, 0, 251, 401, 365, 4095, 372
258, 321, 455, 137, 10, 0, 250, 400, 368, 4095, 369
261, 323, 450, 131, 30, 0, 247, 405, 365, 4095, 368
248, 321, 458, 134, 32, 0, 250, 401, 368, 4095, 370
261, 320, 457, 128, 32, 0, 250, 402, 368, 4095, 370
262, 325, 455, 134, 33, 0, 252, 402, 368, 4095, 375
264, 321, 457, 140, 34, 0, 253, 400, 369, 4095, 369
261, 323, 459, 130, 33, 0, 250, 402, 339, 4095, 393
261, 326, 454, 131, 35, 0, 251, 403, 365, 4095, 375
262, 322, 464, 131, 34, 0, 252, 400, 367, 4095, 369
258, 320, 454, 130, 33, 0, 247, 401, 369, 4095, 373
262, 320, 451, 138, 33, 0, 247, 400, 370, 4095, 377
264, 323, 461, 138, 25, 0, 253, 400, 366, 4095, 368
262, 325, 457, 142, 37, 0, 252, 400, 369, 4095, 374
261, 329, 459, 139, 32, 0, 251, 402, 368, 4095, 372
261, 323, 511, 138, 35, 0, 252, 400, 369, 4095, 368
262, 325, 463, 131, 33, 0, 249, 400, 369, 4095, 378
264, 321, 459, 143, 33, 0, 250, 401, 369, 4095, 374
263, 326, 459, 137, 34, 0, 249, 405, 366, 4095, 367
259, 324, 456, 137, 33, 0, 250, 399, 373, 4095, 373
260, 325, 464, 144, 33, 0, 253, 400, 373, 4095, 373
263, 326, 459, 144, 33, 0, 256, 403, 371, 4095, 370
262, 327, 460, 143, 32, 0, 252, 404, 373, 4095, 373
261, 317, 458, 141, 33, 0, 230, 399, 376, 4095, 381
263, 326, 463, 142, 34, 0, 249, 404, 379, 4095, 375
264, 325, 458, 133, 33, 0, 250, 400, 373, 4095, 375
264, 321, 459, 134, 35, 0, 249, 401, 380, 4095, 381
261, 323, 462, 140, 35, 0, 249, 399, 378, 4095, 381
263, 330, 464, 139, 26, 0, 252, 400, 379, 4095, 375
261, 329, 461, 141, 33, 0, 249, 401, 373, 4095, 382
263, 323, 464, 143, 36, 0, 252, 400, 376, 4095, 379
266, 327, 477, 141, 32, 0, 255, 403, 376, 4095, 381
265, 321, 464, 143, 34, 0, 249, 400, 374, 4095, 373
260, 326, 457, 126, 33, 0, 250, 401, 371, 4095, 381
261, 331, 464, 143, 35, 0, 254, 400, 383, 4095, 381
264, 322, 463, 142, 34, 0, 256, 398, 379, 4095, 379
265, 327, 464, 131, 33, 0, 253, 402, 379, 4095, 381
266, 325, 463, 138, 35, 0, 251, 404, 378, 4095, 381
267, 327, 460, 136, 35, 0, 251, 398, 375, 4095, 377
263, 329, 466, 133, 32, 0, 235, 400, 371, 4095, 378
265, 329, 464, 138, 35, 0, 254, 401, 378, 4095, 381
261, 334, 459, 135, 35, 0, 256, 400, 373, 4095, 382
263, 325, 522, 138, 36, 0, 250, 400, 374, 4095, 378
267, 325, 463, 128, 35, 0, 252, 400, 375, 4095, 374
269, 333, 463, 114, 3, 0, 254, 401, 371, 4095, 381
265, 329, 466, 137, 37, 0, 254, 400, 352, 4095, 428
265, 328, 461, 128, 32, 0, 256, 405, 377, 4095, 375
269, 330, 463, 132, 34, 0, 256, 402, 377, 4095, 379
265, 333, 458, 130, 38, 0, 255, 400, 368, 4095, 381
266, 323, 464, 131, 33, 0, 255, 401, 374, 4095, 375
266, 305, 463, 134, 33, 0, 255, 400, 383, 4095, 378
266, 329, 464, 138, 38, 0, 253, 402, 377, 4095, 375
270, 325, 464, 138, 34, 0, 254, 404, 377, 4095, 381
267, 330, 460, 131, 36, 0, 257, 405, 378, 4095, 374
269, 330, 471, 132, 36, 0, 253, 403, 379, 4095, 375
269, 332, 463, 136, 35, 0, 256, 403, 377, 4095, 381
265, 335, 469, 139, 37, 0, 256, 400, 377, 4095, 384
269, 327, 461, 130, 38, 0, 256, 401, 375, 4095, 379
268, 326, 448, 136, 31, 0, 256, 404, 371, 4095, 377
269, 329, 464, 128, 39, 0, 257, 416, 373, 4095, 375
267, 329, 465, 130, 39, 0, 257, 403, 377, 4095, 378
268, 334, 464, 141, 35, 0, 256, 403, 383, 4095, 387
269, 333, 464, 139, 34, 0, 258, 402, 379, 4095, 370
271, 331, 466, 131, 35, 0, 259, 405, 379, 4095, 387
269, 333, 464, 139, 37, 0, 257, 403, 378, 4095, 386
271, 328, 466, 142, 33, 0, 259, 403, 378, 4095, 379
269, 316, 466, 137, 35, 0, 239, 406, 372, 4095, 383
272, 333, 469, 132, 33, 0, 256, 405, 374, 4095, 378
271, 336, 464, 137, 33, 0, 251, 404, 378, 4095, 377
267, 336, 469, 140, 38, 0, 257, 404, 377, 4095, 381
268, 327, 466, 139, 34, 0, 259, 405, 378, 4095, 379
272, 333, 469, 134, 33, 0, 257, 405, 378, 4095, 379
272, 326, 466, 130, 37, 0, 256, 400, 379, 4095, 380
267, 334, 464, 129, 34, 0, 257, 406, 371, 4095, 375
271, 328, 436, 139, 34, 0, 260, 403, 377, 4095, 384
272, 335, 464, 138, 36, 0, 257, 395, 375, 4095, 378
272, 331, 466, 148, 37, 0, 260, 400, 379, 4095, 380
269, 331, 466, 137, 35, 0, 259, 403, 368, 4095, 374
262, 336, 474, 134, 37, 0, 256, 401, 375, 4095, 382
272, 331, 470, 134, 35, 0, 258, 400, 379, 4095, 384
270, 336, 471, 138, 35, 0, 257, 402, 377, 4095, 386
272, 335, 464, 138, 34, 0, 258, 405, 375, 4095, 378
272, 336, 465, 139, 39, 0, 260, 402, 377, 4095, 382
272, 334, 465, 139, 33, 0, 260, 400, 371, 4095, 384
272, 335, 469, 137, 38, 0, 261, 403, 372, 4095, 376
267, 336, 490, 140, 37, 0, 259, 401, 374, 4095, 381
272, 334, 465, 139, 41, 0, 262, 400, 374, 4095, 378
272, 335, 470, 130, 36, 0, 258, 403, 380, 4095, 386
271, 333, 465, 129, 38, 0, 257, 401, 376, 4095, 378
272, 336, 465, 135, 36, 0, 261, 403, 375, 4095, 382
270, 335, 463, 133, 38, 0, 262, 401, 374, 4095, 378
272, 336, 468, 131, 38, 0, 260, 377, 377, 4095, 378
269, 333, 471, 132, 38, 0, 260, 400, 368, 4095, 375
272, 338, 469, 141, 36, 0, 261, 400, 368, 4095, 381
272, 336, 466, 135, 39, 0, 261, 400, 369, 4095, 375
272, 337, 469, 134, 34, 0, 257, 401, 375, 4095, 374
271, 330, 466, 131, 35, 0, 261, 403, 375, 4095, 379
273, 336, 468, 130, 39, 0, 259, 401, 376, 4095, 375
271, 335, 469, 142, 36, 0, 240, 403, 373, 4095, 375
271, 331, 467, 138, 35, 0, 258, 402, 377, 4095, 378
272, 337, 467, 129, 37, 0, 263, 400, 368, 4095, 383
272, 335, 467, 139, 41, 0, 263, 400, 374, 4095, 384
272, 335, 464, 139, 33, 0, 257, 401, 371, 4095, 375
272, 337, 469, 144, 73, 0, 257, 401, 372, 4095, 374
272, 336, 474, 137, 33, 0, 260, 401, 373, 4095, 377
272, 339, 471, 133, 39, 0, 260, 400, 374, 4095, 373
273, 336, 475, 132, 37, 0, 265, 404, 377, 4095, 378
272, 338, 476, 132, 35, 0, 261, 400, 371, 4095, 379
272, 339, 469, 117, 37, 0, 259, 403, 375, 4095, 375
272, 339, 465, 132, 39, 0, 259, 400, 369, 4095, 368
272, 335, 478, 140, 37, 0, 261, 403, 378, 4095, 381
272, 335, 466, 130, 38, 0, 265, 400, 370, 4095, 380
274, 335, 468, 138, 37, 0, 263, 400, 375, 4095, 378
272, 336, 471, 135, 36, 0, 259, 400, 370, 4095, 381
272, 336, 473, 138, 38, 0, 258, 400, 370, 4095, 373
272, 338, 478, 134, 37, 0, 262, 400, 379, 4095, 378
272, 336, 465, 137, 36, 0, 261, 400, 374, 4095, 378
272, 336, 465, 141, 36, 0, 258, 397, 369, 4095, 380
272, 337, 471, 135, 41, 0, 265, 401, 374, 4095, 374
273, 336, 469, 134, 12, 0, 260, 402, 370, 4095, 377
271, 337, 474, 134, 35, 0, 260, 400, 351, 4095, 347
259, 339, 465, 131, 35, 0, 265, 400, 375, 4095, 383
272, 336, 468, 137, 39, 0, 261, 400, 375, 4095, 377
272, 338, 474, 139, 35, 0, 263, 394, 378, 4095, 375
275, 340, 474, 143, 38, 0, 263, 400, 370, 4095, 375
274, 334, 477, 133, 39, 0, 265, 400, 383, 4095, 409
272, 336, 473, 137, 33, 0, 266, 401, 370, 4095, 383
274, 336, 478, 130, 37, 0, 263, 403, 371, 4095, 370
272, 335, 475, 136, 35, 0, 260, 400, 369, 4095, 377
272, 336, 467, 133, 38, 0, 261, 400, 375, 4095, 382
272, 335, 469, 139, 33, 0, 263, 396, 369, 4095, 379
272, 336, 467, 138, 38, 0, 265, 399, 373, 4095, 382
273, 335, 468, 131, 31, 0, 259, 400, 373, 4095, 377
273, 336, 467, 132, 37, 0, 265, 397, 369, 4095, 375
270, 336, 474, 131, 37, 0, 259, 400, 370, 4095, 377
272, 334, 466, 131, 13, 0, 262, 399, 371, 4095, 371
273, 335, 464, 133, 38, 0, 262, 398, 370, 4095, 376
284, 333, 469, 128, 33, 0, 263, 397, 370, 4095, 371
272, 336, 469, 124, 35, 0, 262, 398, 368, 4095, 369
272, 331, 467, 129, 36, 0, 258, 397, 370, 4095, 368
272, 332, 465, 105, 35, 0, 257, 398, 370, 4095, 371
270, 332, 464, 128, 35, 0, 264, 397, 369, 4095, 370
271, 334, 474, 131, 32, 0, 265, 400, 369, 4095, 368
272, 332, 467, 128, 35, 0, 263, 400, 370, 4095, 365
272, 334, 466, 135, 29, 0, 257, 393, 369, 4095, 363
270, 325, 466, 129, 35, 0, 258, 393, 367, 4095, 365
271, 327, 465, 125, 35, 0, 262, 398, 370, 4095, 369
270, 331, 474, 129, 37, 0, 263, 399, 368, 4095, 368
271, 329, 467, 131, 37, 0, 263, 397, 368, 4095, 368
269, 333, 482, 126, 32, 0, 261, 397, 371, 4095, 371
270, 333, 467, 133, 34, 0, 259, 390, 363, 4095, 365
272, 330, 464, 133, 48, 0, 263, 399, 367, 4095, 373
269, 335, 468, 128, 35, 0, 258, 393, 369, 4095, 368
272, 327, 464, 134, 38, 0, 260, 399, 370, 4095, 371
272, 333, 467, 135, 34, 0, 262, 397, 367, 4095, 370
272, 330, 464, 129, 36, 0, 262, 397, 367, 4095, 368
272, 332, 465, 106, 32, 0, 261, 395, 368, 4095, 368
270, 336, 464, 137, 35, 0, 258, 397, 343, 4095, 370
272, 331, 465, 131, 34, 0, 260, 398, 372, 4095, 369
271, 323, 466, 135, 35, 0, 259, 396, 371, 4095, 368
273, 326, 464, 129, 38, 0, 260, 400, 368, 4095, 368
272, 329, 466, 131, 35, 0, 261, 395, 370, 4095, 368
272, 326, 467, 134, 31, 0, 263, 397, 365, 4095, 362
272, 327, 464, 134, 38, 0, 262, 395, 368, 4095, 368
272, 331, 467, 133, 33, 0, 263, 400, 368, 4095, 364
272, 327, 464, 130, 33, 0, 261, 398, 368, 4095, 368
271, 325, 470, 129, 34, 0, 259, 395, 372, 4095, 367
272, 323, 464, 128, 23, 0, 261, 400, 373, 4095, 365
272, 331, 466, 128, 33, 0, 261, 400, 370, 4095, 369
273, 329, 470, 131, 34, 0, 261, 395, 368, 4095, 371
272, 325, 465, 133, 32, 0, 258, 396, 369, 4095, 364
272, 331, 467, 130, 35, 0, 262, 394, 368, 4095, 368
271, 333, 465, 138, 32, 0, 258, 393, 367, 4095, 371
272, 315, 467, 134, 36, 0, 261, 398, 400, 4095, 368
272, 327, 464, 137, 38, 0, 266, 393, 368, 4095, 370
270, 332, 466, 133, 35, 0, 263, 394, 370, 4095, 369
272, 331, 464, 128, 34, 0, 262, 393, 368, 4095, 368
272, 326, 465, 132, 32, 0, 263, 397, 366, 4095, 368
272, 325, 471, 134, 35, 0, 263, 400, 368, 4095, 369
272, 327, 465, 134, 35, 0, 265, 398, 369, 4095, 369
272, 331, 466, 130, 32, 0, 260, 395, 372, 4095, 368
272, 327, 469, 139, 35, 0, 261, 396, 365, 4095, 363
272, 332, 464, 135, 35, 0, 263, 397, 365, 4095, 364
273, 327, 466, 138, 35, 0, 265, 398, 369, 4095, 368
272, 330, 467, 136, 33, 0, 260, 395, 359, 4095, 344
287, 325, 474, 127, 35, 0, 263, 394, 368, 4095, 368
272, 329, 476, 127, 34, 0, 261, 395, 367, 4095, 369
272, 327, 465, 125, 35, 0, 262, 396, 367, 4095, 374
272, 324, 467, 125, 33, 0, 265, 390, 368, 4095, 364
272, 343, 466, 127, 29, 0, 262, 393, 366, 4095, 363
272, 323, 464, 123, 33, 0, 261, 398, 362, 4095, 367
272, 323, 466, 123, 35, 0, 257, 393, 362, 4095, 368
272, 325, 465, 130, 36, 0, 262, 394, 364, 4095, 365
272, 327, 464, 124, 34, 0, 261, 411, 363, 4095, 365
270, 322, 473, 128, 36, 0, 260, 395, 369, 4095, 361
272, 323, 467, 129, 32, 0, 261, 396, 367, 4095, 360
272, 327, 468, 128, 33, 0, 260, 390, 368, 4095, 365
272, 332, 450, 123, 32, 0, 261, 398, 362, 4095, 367
272, 325, 469, 126, 34, 0, 263, 369, 367, 4095, 367
269, 330, 464, 167, 32, 0, 259, 397, 362, 4095, 363
267, 325, 463, 126, 32, 0, 257, 391, 336, 4095, 419
245, 327, 464, 125, 35, 0, 258, 396, 367, 4095, 363
272, 323, 463, 127, 34, 0, 259, 395, 364, 4095, 364
270, 323, 471, 130, 35, 0, 256, 393, 368, 4095, 368
271, 323, 464, 126, 32, 0, 259, 397, 363, 4095, 364
269, 321, 464, 131, 37, 0, 257, 395, 368, 4095, 414
272, 325, 464, 128, 34, 0, 256, 397, 367, 4095, 362
269, 327, 464, 125, 30, 0, 259, 397, 368, 4095, 367
269, 327, 462, 129, 36, 0, 256, 393, 366, 4095, 362
267, 323, 465, 125, 35, 0, 259, 400, 368, 4095, 367
271, 326, 464, 129, 33, 0, 259, 395, 366, 4095, 361
271, 320, 464, 130, 33, 0, 260, 399, 363, 4095, 359
270, 331, 459, 131, 34, 0, 259, 394, 366, 4095, 364
269, 321, 462, 124, 32, 0, 261, 400, 363, 4095, 368
271, 327, 462, 133, 31, 0, 261, 377, 364, 4095, 368
270, 325, 464, 130, 36, 0, 256, 395, 364, 4095, 365
267, 323, 464, 133, 34, 0, 258, 395, 375, 4095, 351
266, 326, 464, 130, 34, 0, 261, 394, 363, 4095, 360
270, 323, 461, 129, 34, 0, 260, 390, 365, 4095, 359
268, 320, 464, 123, 34, 0, 259, 395, 362, 4095, 363
269, 320, 462, 130, 33, 0, 258, 391, 368, 4095, 369
272, 325, 464, 128, 37, 0, 261, 391, 363, 4095, 368
269, 321, 464, 129, 34, 0, 260, 391, 366, 4095, 364
269, 322, 464, 134, 31, 0, 256, 393, 365, 4095, 361
272, 327, 467, 131, 32, 0, 260, 395, 365, 4095, 366
272, 330, 463, 128, 31, 0, 258, 403, 368, 4095, 365
269, 323, 463, 132, 22, 0, 259, 388, 358, 4095, 363
271, 325, 465, 132, 33, 0, 261, 392, 353, 4095, 371
250, 326, 461, 133, 31, 0, 257, 397, 363, 4095, 368
271, 323, 463, 129, 35, 0, 258, 394, 368, 4095, 362
269, 320, 461, 132, 32, 0, 256, 389, 364, 4095, 368
271, 322, 458, 133, 32, 0, 257, 395, 359, 4095, 362
270, 326, 464, 136, 32, 0, 258, 398, 363, 4095, 361
272, 330, 462, 130, 37, 0, 262, 397, 358, 4095, 360
271, 322, 464, 129, 35, 0, 257, 393, 358, 4095, 368
271, 323, 459, 132, 35, 0, 259, 390, 368, 4095, 368
271, 330, 461, 126, 33, 0, 261, 394, 357, 4095, 368
270, 323, 464, 128, 38, 0, 258, 396, 367, 4095, 369
272, 323, 464, 125, 32, 0, 260, 396, 366, 4095, 365
272, 329, 464, 128, 36, 0, 259, 396, 367, 4095, 367
271, 323, 464, 134, 32, 0, 261, 395, 368, 4095, 366
271, 325, 464, 134, 29, 0, 257, 397, 366, 4095, 359
272, 323, 468, 134, 37, 0, 259, 389, 367, 4095, 368
272, 330, 463, 132, 37, 0, 264, 391, 363, 4095, 355
271, 327, 461, 128, 34, 0, 261, 394, 368, 4095, 366
270, 325, 464, 133, 34, 0, 261, 391, 365, 4095, 365
272, 329, 464, 132, 32, 0, 261, 395, 360, 4095, 368
272, 322, 464, 137, 36, 0, 261, 395, 359, 4095, 368
267, 325, 461, 132, 32, 0, 258, 395, 366, 4095, 368
272, 326, 464, 130, 33, 0, 259, 394, 363, 4095, 368
270, 327, 464, 129, 32, 0, 261, 393, 367, 4095, 368
272, 332, 459, 131, 33, 0, 263, 395, 366, 4095, 359
271, 326, 467, 131, 34, 0, 261, 394, 366, 4095, 358
272, 325, 464, 128, 31, 0, 256, 394, 367, 4095, 362
272, 326, 464, 130, 32, 0, 256, 391, 368, 4095, 363
298, 329, 464, 126, 35, 0, 262, 393, 368, 4095, 359
272, 329, 459, 133, 32, 0, 259, 387, 363, 4095, 368
272, 329, 466, 130, 34, 0, 259, 403, 364, 4095, 366
270, 322, 464, 137, 34, 0, 261, 397, 365, 4095, 366
272, 325, 459, 130, 33, 0, 259, 394, 366, 4095, 364
272, 327, 464, 131, 33, 0, 261, 392, 367, 4095, 371
273, 325, 461, 132, 32, 0, 261, 397, 367, 4095, 367
272, 330, 464, 135, 32, 0, 261, 394, 358, 4095, 365
272, 336, 464, 131, 34, 0, 261, 384, 365, 4095, 368
272, 330, 470, 129, 33, 0, 239, 390, 364, 4095, 368
272, 326, 464, 133, 32, 0, 259, 389, 368, 4095, 367
272, 325, 467, 132, 33, 0, 261, 391, 361, 4095, 367
272, 331, 464, 128, 35, 0, 259, 392, 358, 4095, 368
272, 330, 464, 134, 35, 0, 259, 397, 365, 4095, 368
272, 329, 464, 128, 28, 0, 261, 398, 363, 4095, 367
272, 332, 468, 132, 37, 0, 258, 388, 381, 4095, 354
272, 327, 464, 140, 36, 0, 259, 390, 368, 4095, 371
267, 326, 464, 133, 32, 0, 257, 393, 359, 4095, 368
272, 326, 464, 129, 35, 0, 262, 394, 367, 4095, 361
272, 330, 461, 131, 37, 0, 262, 393, 363, 4095, 368
272, 301, 464, 138, 32, 0, 264, 390, 364, 4095, 326
272, 334, 466, 129, 34, 0, 258, 393, 366, 4095, 368
274, 329, 466, 135, 29, 0, 262, 387, 366, 4095, 371
272, 332, 464, 138, 34, 0, 263, 389, 366, 4095, 366
272, 330, 465, 135, 36, 0, 257, 391, 357, 4095, 367
272, 332, 463, 134, 37, 0, 258, 395, 365, 4095, 368
272, 330, 464, 133, 34, 0, 261, 392, 354, 4095, 345
273, 335, 474, 130, 33, 0, 260, 390, 365, 4095, 367
271, 333, 465, 133, 38, 0, 258, 389, 368, 4095, 363
272, 331, 471, 130, 36, 0, 257, 387, 368, 4095, 361
272, 330, 465, 156, 30, 0, 264, 388, 364, 4095, 366
272, 333, 469, 133, 35, 0, 265, 393, 367, 4095, 357
269, 330, 463, 131, 36, 0, 262, 391, 361, 4095, 367
272, 332, 463, 128, 34, 0, 258, 390, 364, 4095, 367
272, 336, 469, 134, 36, 0, 258, 390, 362, 4095, 368
272, 333, 466, 130, 35, 0, 263, 390, 365, 4095, 368
272, 331, 467, 131, 36, 0, 272, 388, 366, 4095, 367
272, 333, 464, 133, 34, 0, 265, 390, 365, 4095, 368
272, 336, 465, 134, 37, 0, 262, 387, 363, 4095, 368
272, 330, 465, 134, 33, 0, 256, 388, 366, 4095, 367
275, 336, 467, 131, 37, 0, 262, 390, 363, 4095, 368
273, 335, 467, 133, 31, 0, 257, 395, 363, 4095, 368
272, 332, 467, 130, 35, 0, 260, 385, 367, 4095, 367
272, 334, 467, 134, 32, 0, 263, 389, 361, 4095, 368
274, 335, 462, 135, 35, 0, 261, 387, 365, 4095, 368
272, 336, 464, 130, 38, 0, 261, 390, 367, 4095, 368
272, 336, 468, 129, 36, 0, 259, 386, 363, 4095, 385
273, 331, 464, 129, 38, 0, 259, 389, 335, 4095, 361
272, 336, 469, 137, 33, 0, 262, 387, 366, 4095, 364
272, 336, 464, 132, 35, 0, 264, 385, 361, 4095, 368
272, 336, 473, 125, 37, 0, 266, 387, 361, 4095, 368
274, 332, 468, 134, 37, 0, 265, 392, 358, 4095, 370
272, 336, 470, 136, 35, 0, 263, 394, 366, 4095, 367
271, 336, 464, 123, 34, 0, 265, 394, 366, 4095, 368
272, 336, 473, 130, 32, 0, 257, 391, 363, 4095, 368
274, 331, 446, 137, 37, 0, 260, 389, 367, 4095, 368
273, 336, 467, 135, 32, 0, 267, 429, 361, 4095, 368
273, 336, 466, 129, 16, 0, 261, 390, 365, 4095, 368
272, 336, 464, 129, 37, 0, 261, 392, 363, 4095, 365
272, 336, 467, 134, 33, 0, 262, 391, 361, 4095, 368
274, 342, 464, 128, 33, 0, 259, 390, 367, 4095, 368
272, 336, 470, 131, 35, 0, 265, 382, 367, 4095, 359
272, 336, 471, 141, 33, 0, 261, 389, 363, 4095, 368
274, 326, 470, 133, 35, 0, 253, 394, 363, 4095, 369
272, 336, 469, 134, 39, 0, 261, 393, 365, 4095, 372
272, 335, 464, 128, 38, 0, 262, 389, 359, 4095, 368
272, 336, 469, 133, 38, 0, 261, 395, 366, 4095, 367
274, 335, 474, 134, 35, 0, 264, 390, 362, 4095, 366
273, 336, 467, 129, 35, 0, 260, 387, 359, 4095, 363
273, 336, 474, 139, 38, 0, 263, 388, 362, 4095, 368
272, 335, 474, 130, 35, 0, 260, 393, 366, 4095, 368
273, 337, 503, 138, 37, 0, 262, 390, 361, 4095, 369
275, 336, 472, 130, 35, 0, 266, 390, 361, 4095, 366
273, 337, 467, 132, 30, 0, 262, 397, 361, 4095, 371
272, 335, 464, 134, 33, 0, 262, 391, 337, 4095, 361
274, 337, 465, 134, 37, 0, 266, 396, 366, 4095, 369
272, 339, 465, 131, 38, 0, 266, 396, 364, 4095, 369
276, 336, 468, 135, 33, 0, 265, 390, 364, 4095, 371
272, 336, 464, 134, 36, 0, 262, 389, 364, 4095, 369
277, 336, 474, 131, 38, 0, 269, 391, 367, 4095, 365
273, 336, 473, 133, 32, 0, 269, 396, 362, 4095, 368
273, 337, 471, 130, 37, 0, 265, 393, 358, 4095, 368
273, 335, 467, 137, 39, 0, 265, 386, 364, 4095, 368
275, 336, 469, 135, 37, 0, 263, 394, 359, 4095, 368
273, 333, 464, 136, 35, 0, 244, 387, 363, 4095, 368
274, 336, 466, 133, 36, 0, 262, 387, 359, 4095, 368
274, 338, 470, 136, 33, 0, 268, 394, 365, 4095, 368
272, 334, 535, 136, 32, 0, 265, 393, 362, 4095, 366
262, 339, 467, 134, 32, 0, 261, 386, 365, 4095, 366
272, 336, 470, 112, 79, 0, 260, 393, 361, 4095, 368
276, 336, 467, 131, 33, 0, 263, 390, 366, 4095, 360
275, 334, 467, 128, 37, 0, 262, 387, 361, 4095, 365
272, 335, 464, 131, 38, 0, 263, 391, 359, 4095, 368
273, 336, 470, 133, 33, 0, 262, 388, 367, 4095, 366
272, 335, 471, 135, 39, 0, 267, 387, 365, 4095, 368
273, 320, 465, 133, 34, 0, 262, 391, 368, 4095, 368
273, 334, 469, 135, 34, 0, 262, 389, 362, 4095, 362
272, 335, 474, 133, 37, 0, 267, 394, 363, 4095, 366
272, 336, 471, 135, 37, 0, 262, 393, 367, 4095, 365
273, 336, 468, 131, 35, 0, 266, 395, 357, 4095, 365
273, 331, 467, 131, 35, 0, 274, 394, 363, 4095, 367
275, 336, 471, 134, 36, 0, 267, 391, 363, 4095, 368
276, 334, 471, 134, 33, 0, 263, 396, 364, 4095, 368
272, 336, 423, 131, 34, 0, 264, 393, 362, 4095, 368
273, 335, 469, 133, 35, 0, 267, 369, 362, 4095, 363
272, 336, 468, 126, 38, 0, 266, 391, 361, 4095, 367
274, 331, 465, 132, 36, 0, 266, 391, 370, 4095, 369
251, 337, 468, 128, 37, 0, 266, 390, 362, 4095, 367
272, 335, 468, 131, 38, 0, 267, 396, 367, 4095, 367
272, 330, 478, 135, 37, 0, 266, 389, 359, 4095, 365
275, 335, 471, 133, 36, 0, 262, 387, 363, 4095, 365
275, 349, 471, 132, 37, 0, 266, 394, 365, 4095, 353
275, 336, 475, 129, 34, 0, 265, 391, 364, 4095, 366
274, 331, 466, 133, 37, 0, 263, 389, 365, 4095, 368
275, 335, 467, 137, 34, 0, 263, 387, 365, 4095, 366
278, 333, 471, 135, 34, 0, 266, 390, 364, 4095, 368
272, 336, 476, 135, 36, 0, 268, 387, 368, 4095, 370
275, 335, 471, 136, 37, 0, 266, 389, 364, 4095, 368
274, 334, 477, 141, 38, 0, 267, 385, 363, 4095, 366
272, 335, 430, 138, 34, 0, 266, 389, 363, 4095, 371
276, 333, 469, 139, 39, 0, 265, 391, 367, 4095, 368
272, 334, 469, 150, 36, 0, 266, 389, 367, 4095, 368
272, 335, 470, 136, 34, 0, 266, 390, 365, 4095, 368
263, 335, 467, 134, 38, 0, 267, 391, 358, 4095, 369
274, 336, 473, 131, 36, 0, 266, 385, 361, 4095, 366
277, 336, 465, 136, 36, 0, 266, 387, 367, 4095, 366
275, 333, 474, 131, 39, 0, 266, 387, 366, 4095, 365
274, 336, 478, 141, 32, 0, 264, 387, 363, 4095, 367
278, 336, 465, 137, 36, 0, 261, 389, 363, 4095, 363
275, 338, 466, 130, 36, 0, 264, 391, 362, 4095, 368
275, 336, 475, 134, 37, 0, 265, 387, 366, 4095, 363
273, 336, 473, 138, 39, 0, 267, 390, 365, 4095, 369
273, 331, 469, 138, 39, 0, 265, 386, 358, 4095, 369
274, 335, 474, 138, 34, 0, 266, 390, 365, 4095, 363
283, 336, 474, 131, 35, 0, 268, 387, 366, 4095, 363
277, 334, 475, 138, 35, 0, 270, 388, 367, 4095, 364
274, 334, 473, 134, 35, 0, 263, 391, 359, 4095, 363
275, 334, 469, 181, 33, 0, 270, 393, 362, 4095, 368
277, 334, 474, 135, 35, 0, 267, 391, 359, 4095, 400
275, 331, 468, 138, 32, 0, 265, 389, 360, 4095, 362
274, 331, 465, 138, 35, 0, 266, 390, 367, 4095, 366
272, 333, 466, 134, 33, 0, 267, 388, 354, 4095, 364
272, 326, 461, 130, 33, 0, 267, 390, 357, 4095, 364
273, 330, 464, 129, 32, 0, 273, 389, 365, 4095, 357
274, 326, 465, 134, 35, 0, 265, 385, 366, 4095, 358
274, 330, 464, 135, 36, 0, 265, 390, 368, 4095, 363
275, 322, 465, 132, 35, 0, 263, 388, 362, 4095, 357
272, 325, 464, 130, 36, 0, 260, 384, 362, 4095, 355
272, 322, 459, 135, 11, 0, 261, 387, 361, 4095, 362
272, 326, 461, 130, 33, 0, 264, 384, 365, 4095, 355
294, 324, 464, 133, 33, 0, 266, 388, 354, 4095, 358
272, 327, 460, 137, 34, 0, 265, 383, 362, 4095, 362
272, 327, 460, 131, 33, 0, 260, 386, 359, 4095, 350
273, 323, 464, 128, 35, 0, 257, 385, 363, 4095, 354
272, 319, 465, 129, 35, 0, 260, 387, 358, 4095, 355
273, 325, 462, 135, 33, 0, 261, 386, 364, 4095, 360
272, 325, 466, 133, 31, 0, 262, 386, 361, 4095, 355
272, 322, 455, 131, 34, 0, 259, 383, 360, 4095, 354
272, 321, 464, 133, 32, 0, 256, 387, 364, 4095, 359
272, 319, 457, 131, 31, 0, 261, 384, 365, 4095, 354
271, 323, 459, 126, 30, 0, 258, 384, 359, 4095, 357
273, 317, 459, 128, 34, 0, 259, 387, 363, 4095, 365
272, 320, 481, 125, 29, 0, 261, 387, 358, 4095, 359
272, 320, 459, 128, 28, 0, 261, 382, 367, 4095, 357
272, 320, 459, 145, 33, 0, 259, 383, 355, 4095, 362
272, 317, 460, 131, 33, 0, 262, 386, 359, 4095, 327
272, 318, 465, 124, 35, 0, 261, 381, 362, 4095, 359
269, 320, 461, 131, 26, 0, 259, 381, 364, 4095, 354
270, 321, 460, 126, 34, 0, 258, 384, 359, 4095, 353
270, 320, 464, 125, 32, 0, 257, 379, 363, 4095, 354
272, 321, 455, 128, 33, 0, 265, 384, 361, 4095, 358
272, 320, 458, 128, 30, 0, 256, 382, 359, 4095, 355
270, 314, 454, 127, 31, 0, 256, 384, 364, 4095, 354
271, 321, 420, 126, 33, 0, 256, 377, 365, 4095, 357
272, 320, 453, 128, 34, 0, 259, 373, 357, 4095, 357
272, 321, 455, 126, 29, 0, 259, 385, 355, 4095, 352
272, 321, 454, 130, 35, 0, 259, 385, 360, 4095, 359
257, 318, 460, 128, 30, 0, 259, 383, 357, 4095, 358
269, 322, 454, 131, 32, 0, 255, 381, 356, 4095, 354
266, 321, 455, 130, 32, 0, 258, 381, 363, 4095, 353
271, 315, 456, 126, 33, 0, 256, 384, 356, 4095, 355
272, 323, 462, 130, 33, 0, 257, 380, 358, 4095, 358
269, 324, 461, 128, 35, 0, 258, 378, 358, 4095, 355
267, 321, 454, 130, 32, 0, 258, 381, 363, 4095, 357
269, 316, 457, 126, 29, 0, 255, 384, 362, 4095, 356
271, 320, 459, 127, 29, 0, 258, 377, 362, 4095, 352
270, 321, 459, 127, 32, 0, 258, 387, 364, 4095, 355
266, 320, 453, 125, 29, 0, 258, 381, 363, 4095, 356
277, 320, 461, 129, 33, 0, 257, 383, 359, 4095, 357
270, 320, 419, 133, 29, 0, 256, 381, 357, 4095, 354
269, 321, 455, 132, 28, 0, 256, 391, 354, 4095, 363
270, 320, 453, 112, 34, 0, 257, 384, 354, 4095, 358
271, 304, 451, 128, 29, 0, 260, 384, 374, 4095, 353
269, 318, 452, 126, 36, 0, 256, 382, 362, 4095, 366
272, 323, 460, 127, 33, 0, 256, 383, 359, 4095, 359
270, 316, 455, 132, 32, 0, 263, 384, 360, 4095, 363
268, 319, 463, 128, 30, 0, 257, 385, 360, 4095, 365
270, 324, 459, 138, 32, 0, 250, 384, 364, 4095, 361
270, 317, 459, 128, 35, 0, 258, 377, 354, 4095, 361
272, 318, 457, 133, 32, 0, 261, 379, 361, 4095, 365
271, 323, 462, 125, 32, 0, 258, 382, 362, 4095, 354
267, 320, 457, 126, 34, 0, 257, 392, 357, 4095, 367
268, 319, 458, 130, 17, 0, 257, 385, 363, 4095, 362
272, 324, 454, 134, 32, 0, 259, 385, 366, 4095, 359
273, 322, 455, 135, 30, 0, 256, 381, 364, 4095, 359
269, 319, 451, 130, 34, 0, 259, 385, 358, 4095, 357
270, 320, 452, 130, 35, 0, 262, 380, 365, 4095, 368
270, 327, 460, 133, 33, 0, 260, 383, 355, 4095, 354
271, 376, 458, 134, 36, 0, 262, 384, 365, 4095, 336
269, 321, 458, 126, 32, 0, 257, 381, 352, 4095, 358
267, 317, 459, 133, 35, 0, 261, 387, 364, 4095, 358
272, 323, 462, 128, 34, 0, 256, 385, 358, 4095, 364
270, 327, 460, 133, 33, 0, 258, 382, 363, 4095, 359
271, 322, 457, 135, 71, 0, 259, 385, 367, 4095, 363
271, 325, 464, 138, 32, 0, 257, 384, 357, 4095, 359
271, 323, 458, 135, 33, 0, 259, 383, 363, 4095, 367
270, 323, 464, 132, 32, 0, 260, 383, 363, 4095, 357
272, 320, 459, 137, 29, 0, 263, 366, 364, 4095, 367
272, 322, 461, 107, 33, 0, 261, 385, 361, 4095, 366
272, 327, 461, 137, 37, 0, 264, 384, 365, 4095, 363
272, 327, 458, 137, 32, 0, 260, 382, 362, 4095, 365
272, 323, 464, 134, 32, 0, 259, 383, 365, 4095, 368
272, 325, 461, 137, 32, 0, 259, 386, 359, 4095, 368
272, 327, 464, 138, 37, 0, 257, 385, 362, 4095, 359
271, 323, 464, 131, 33, 0, 287, 382, 357, 4095, 368
271, 327, 462, 137, 35, 0, 261, 383, 353, 4095, 362
272, 325, 461, 135, 35, 0, 263, 383, 368, 4095, 362
272, 321, 464, 138, 33, 0, 260, 383, 357, 4095, 362
272, 323, 464, 137, 34, 0, 257, 384, 358, 4095, 365
272, 321, 459, 142, 2, 0, 260, 381, 359, 4095, 364
272, 326, 464, 135, 32, 0, 262, 384, 355, 4095, 365
271, 330, 464, 131, 34, 0, 260, 384, 363, 4095, 365
272, 332, 462, 137, 33, 0, 261, 381, 363, 4095, 368
271, 322, 464, 135, 31, 0, 262, 379, 359, 4095, 368
269, 323, 459, 137, 34, 0, 261, 384, 357, 4095, 365
270, 342, 458, 132, 29, 0, 259, 378, 358, 4095, 412
269, 332, 459, 134, 36, 0, 262, 380, 359, 4095, 368
270, 322, 461, 129, 36, 0, 258, 380, 363, 4095, 363
272, 325, 454, 138, 30, 0, 260, 380, 356, 4095, 365
272, 324, 464, 132, 33, 0, 259, 413, 363, 4095, 365
269, 326, 462, 130, 34, 0, 257, 380, 362, 4095, 357
272, 330, 464, 136, 32, 0, 258, 382, 358, 4095, 362
272, 325, 463, 132, 37, 0, 259, 378, 357, 4095, 363
272, 323, 467, 136, 32, 0, 260, 381, 366, 4095, 365
272, 323, 464, 133, 37, 0, 263, 390, 365, 4095, 356
271, 332, 464, 135, 35, 0, 262, 383, 361, 4095, 368
272, 304, 458, 138, 34, 0, 260, 381, 365, 4095, 367
272, 326, 464, 138, 36, 0, 259, 379, 362, 4095, 361
272, 331, 455, 132, 33, 0, 263, 378, 362, 4095, 358
272, 323, 465, 130, 33, 0, 261, 384, 356, 4095, 363
269, 326, 465, 137, 33, 0, 257, 384, 365, 4095, 365
272, 323, 464, 131, 45, 0, 261, 384, 357, 4095, 365
272, 330, 460, 132, 35, 0, 261, 382, 364, 4095, 365
272, 327, 454, 131, 32, 0, 259, 384, 367, 4095, 367
271, 329, 410, 140, 35, 0, 263, 382, 359, 4095, 365
272, 332, 459, 138, 38, 0, 257, 386, 361, 4095, 364
271, 326, 458, 139, 31, 0, 262, 384, 359, 4095, 362
272, 330, 466, 138, 35, 0, 259, 385, 387, 4095, 368
288, 331, 463, 133, 34, 0, 261, 374, 366, 4095, 365
272, 325, 457, 128, 33, 0, 257, 382, 359, 4095, 362
272, 325, 459, 133, 35, 0, 258, 380, 355, 4095, 362
272, 325, 462, 132, 32, 0, 261, 381, 358, 4095, 362
272, 331, 455, 133, 35, 0, 254, 379, 362, 4095, 359
274, 322, 458, 132, 37, 0, 261, 384, 366, 4095, 362
272, 321, 460, 134, 34, 0, 258, 382, 363, 4095, 358
271, 330, 466, 128, 32, 0, 265, 380, 365, 4095, 364
272, 325, 459, 130, 35, 0, 262, 396, 362, 4095, 362
271, 323, 464, 135, 32, 0, 261, 381, 363, 4095, 362
272, 322, 465, 135, 36, 0, 261, 379, 365, 4095, 367
271, 323, 460, 137, 38, 0, 263, 381, 359, 4095, 359
272, 323, 464, 129, 37, 0, 262, 382, 366, 4095, 365
271, 321, 460, 133, 33, 0, 259, 382, 362, 4095, 355
270, 325, 463, 138, 35, 0, 263, 384, 357, 4095, 366
271, 322, 458, 135, 35, 0, 258, 381, 355, 4095, 355
269, 326, 464, 131, 36, 0, 259, 373, 355, 4095, 367
271, 326, 458, 137, 35, 0, 262, 383, 361, 4095, 368
272, 321, 464, 131, 35, 0, 261, 384, 358, 4095, 366
272, 328, 464, 132, 32, 0, 262, 383, 357, 4095, 363
271, 322, 455, 130, 48, 0, 237, 384, 358, 4095, 362
272, 325, 465, 134, 37, 0, 262, 384, 363, 4095, 368
272, 323, 458, 138, 31, 0, 257, 385, 359, 4095, 362
270, 326, 496, 129, 34, 0, 261, 383, 363, 4095, 359
271, 327, 463, 130, 33, 0, 260, 375, 363, 4095, 369
272, 327, 464, 102, 37, 0, 259, 382, 365, 4095, 361
272, 326, 464, 131, 37, 0, 261, 384, 323, 4095, 416
272, 324, 464, 139, 35, 0, 261, 378, 364, 4095, 367
272, 323, 458, 138, 33, 0, 261, 382, 358, 4095, 363
269, 321, 455, 135, 33, 0, 257, 381, 358, 4095, 359
272, 325, 455, 137, 32, 0, 259, 382, 359, 4095, 366
272, 326, 460, 141, 33, 0, 260, 382, 363, 4095, 362
273, 324, 464, 132, 31, 0, 263, 383, 365, 4095, 361
274, 326, 462, 128, 32, 0, 259, 384, 357, 4095, 365
269, 330, 466, 135, 35, 0, 259, 380, 361, 4095, 362
272, 324, 463, 132, 37, 0, 261, 382, 361, 4095, 368
272, 324, 465, 143, 39, 0, 259, 384, 363, 4095, 367
272, 326, 460, 133, 33, 0, 262, 381, 359, 4095, 365
273, 329, 459, 133, 38, 0, 258, 377, 357, 4095, 363
270, 326, 464, 132, 36, 0, 261, 380, 360, 4095, 361
272, 323, 463, 131, 35, 0, 262, 382, 356, 4095, 365
273, 323, 463, 128, 34, 0, 259, 379, 361, 4095, 364
271, 318, 464, 137, 34, 0, 259, 382, 359, 4095, 321
272, 330, 464, 132, 37, 0, 257, 383, 361, 4095, 367
272, 326, 463, 129, 35, 0, 259, 379, 356, 4095, 368
272, 329, 466, 130, 35, 0, 263, 382, 358, 4095, 362
272, 326, 464, 137, 34, 0, 257, 380, 362, 4095, 362
269, 330, 465, 131, 38, 0, 255, 380, 358, 4095, 370
269, 325, 463, 131, 35, 0, 259, 384, 356, 4095, 363
270, 331, 464, 127, 32, 0, 261, 384, 360, 4095, 363
272, 330, 452, 135, 36, 0, 262, 377, 363, 4095, 364
272, 331, 463, 130, 35, 0, 262, 355, 365, 4095, 363
270, 332, 462, 149, 34, 0, 261, 379, 367, 4095, 357
272, 320, 469, 138, 35, 0, 260, 378, 361, 4095, 364
272, 327, 464, 129, 34, 0, 259, 379, 357, 4095, 363
272, 325, 459, 132, 35, 0, 265, 380, 359, 4095, 365
272, 326, 464, 134, 33, 0, 261, 378, 361, 4095, 361
272, 326, 461, 131, 39, 0, 261, 379, 362, 4095, 368
272, 330, 460, 130, 37, 0, 258, 384, 356, 4095, 368
271, 327, 459, 133, 33, 0, 260, 379, 355, 4095, 357
273, 329, 466, 132, 35, 0, 262, 378, 365, 4095, 368
271, 327, 452, 131, 35, 0, 263, 378, 358, 4095, 368
272, 329, 463, 131, 35, 0, 261, 382, 358, 4095, 364
271, 329, 465, 131, 35, 0, 258, 383, 366, 4095, 366
272, 330, 466, 131, 37, 0, 262, 380, 400, 4095, 367
272, 336, 462, 131, 35, 0, 258, 381, 361, 4095, 368
272, 336, 466, 130, 34, 0, 260, 381, 362, 4095, 361
275, 325, 465, 133, 36, 0, 262, 378, 359, 4095, 361
272, 353, 466, 131, 36, 0, 266, 378, 361, 4095, 368
273, 316, 467, 129, 31, 0, 253, 382, 361, 4095, 365
272, 333, 470, 128, 32, 0, 261, 384, 359, 4095, 374
272, 335, 471, 128, 33, 0, 261, 379, 362, 4095, 368
272, 333, 462, 130, 37, 0, 261, 381, 365, 4095, 362
271, 332, 464, 135, 37, 0, 257, 382, 363, 4095, 362
272, 325, 464, 135, 37, 0, 262, 377, 361, 4095, 368
272, 333, 464, 128, 37, 0, 260, 381, 357, 4095, 364
272, 332, 466, 132, 35, 0, 262, 381, 355, 4095, 363
272, 334, 465, 132, 32, 0, 262, 379, 361, 4095, 367
272, 335, 465, 134, 35, 0, 263, 386, 361, 4095, 365
272, 327, 467, 113, 37, 0, 259, 384, 365, 4095, 361
272, 333, 465, 136, 35, 0, 257, 381, 360, 4095, 365
272, 329, 461, 133, 38, 0, 266, 381, 365, 4095, 370
272, 329, 467, 129, 33, 0, 263, 383, 356, 4095, 370
272, 335, 466, 130, 38, 0, 265, 378, 366, 4095, 368
274, 329, 467, 131, 38, 0, 262, 382, 357, 4095, 367
274, 336, 466, 139, 32, 0, 263, 380, 355, 4095, 366
272, 331, 465, 135, 37, 0, 263, 382, 361, 4095, 364
274, 332, 465, 132, 33, 0, 265, 379, 364, 4095, 368
272, 331, 464, 131, 38, 0, 263, 380, 359, 4095, 363
273, 333, 467, 134, 37, 0, 267, 382, 362, 4095, 368
272, 327, 464, 132, 16, 4, 262, 375, 362, 4095, 363
273, 330, 467, 135, 34, 0, 263, 379, 359, 4095, 367
270, 331, 464, 135, 34, 0, 260, 383, 363, 4095, 366
272, 333, 464, 138, 32, 0, 262, 381, 362, 4095, 365
276, 336, 467, 136, 34, 0, 262, 377, 359, 4095, 363
272, 334, 466, 134, 35, 0, 263, 375, 358, 4095, 366
273, 325, 463, 139, 33, 0, 263, 375, 355, 4095, 368
272, 331, 466, 137, 37, 0, 266, 382, 359, 4095, 367
274, 333, 473, 133, 33, 0, 262, 381, 354, 4095, 367
274, 333, 464, 128, 35, 0, 263, 381, 359, 4095, 364
273, 331, 464, 132, 36, 0, 265, 385, 365, 4095, 362
272, 327, 464, 138, 37, 0, 263, 383, 362, 4095, 366
272, 332, 464, 134, 34, 0, 265, 378, 355, 4095, 368
272, 334, 469, 134, 35, 0, 262, 382, 363, 4095, 366
274, 327, 452, 128, 34, 0, 264, 383, 364, 4095, 365
272, 327, 464, 138, 34, 0, 266, 373, 361, 4095, 363
273, 329, 471, 134, 38, 0, 261, 379, 367, 4095, 365
273, 325, 466, 135, 35, 0, 265, 379, 363, 4095, 320
272, 330, 466, 137, 36, 0, 261, 377, 359, 4095, 368
272, 331, 469, 135, 37, 0, 265, 382, 363, 4095, 357
273, 332, 464, 131, 34, 0, 266, 383, 355, 4095, 362
273, 331, 467, 139, 38, 0, 267, 379, 363, 4095, 367
272, 327, 463, 136, 34, 0, 259, 379, 359, 4095, 382
274, 326, 466, 139, 37, 0, 258, 379, 363, 4095, 368
273, 326, 462, 134, 35, 0, 262, 379, 366, 4095, 363
273, 332, 454, 139, 34, 0, 259, 383, 358, 4095, 368
272, 326, 465, 133, 35, 0, 261, 384, 364, 4095, 366
273, 326, 465, 172, 35, 0, 267, 384, 357, 4095, 355
270, 331, 465, 138, 37, 0, 265, 379, 358, 4095, 368
275, 331, 464, 138, 35, 0, 263, 377, 359, 4095, 363
274, 333, 470, 137, 39, 0, 266, 380, 363, 4095, 363
272, 330, 466, 140, 33, 0, 262, 380, 361, 4095, 369
272, 334, 465, 132, 33, 0, 265, 381, 362, 4095, 361
275, 332, 467, 134, 38, 0, 259, 381, 347, 4095, 331
274, 330, 458, 137, 32, 0, 260, 382, 364, 4095, 367
274, 327, 464, 137, 33, 0, 262, 378, 357, 4095, 367
274, 335, 464, 137, 35, 0, 266, 379, 355, 4095, 363
273, 334, 469, 134, 37, 0, 265, 383, 354, 4095, 357
273, 326, 464, 129, 35, 0, 263, 379, 354, 4095, 362
276, 329, 463, 128, 35, 0, 259, 381, 355, 4095, 367
272, 329, 464, 134, 37, 0, 266, 375, 365, 4095, 368
277, 332, 473, 130, 37, 0, 266, 382, 364, 4095, 367
274, 336, 473, 131, 42, 0, 263, 384, 364, 4095, 359
272, 333, 464, 133, 40, 0, 268, 385, 363, 4095, 367
276, 329, 465, 135, 40, 0, 269, 384, 365, 4095, 366
272, 333, 464, 137, 37, 0, 267, 381, 359, 4095, 369
277, 331, 467, 137, 39, 0, 267, 384, 362, 4095, 363
275, 336, 466, 135, 35, 0, 266, 382, 362, 4095, 367
272, 327, 470, 137, 40, 0, 266, 380, 361, 4095, 366
273, 330, 465, 130, 37, 0, 264, 384, 357, 4095, 365
274, 330, 465, 129, 37, 0, 267, 384, 366, 4095, 361
272, 335, 468, 134, 37, 0, 269, 380, 357, 4095, 368
273, 333, 469, 132, 40, 0, 269, 382, 361, 4095, 369
275, 330, 466, 134, 37, 0, 261, 383, 357, 4095, 368
278, 335, 467, 132, 11, 0, 269, 379, 366, 4095, 368
273, 331, 473, 135, 33, 0, 265, 384, 364, 4095, 368
277, 333, 465, 131, 37, 0, 267, 383, 367, 4095, 368
273, 336, 471, 137, 37, 0, 263, 381, 362, 4095, 371
274, 332, 465, 131, 33, 0, 266, 382, 361, 4095, 371
275, 334, 465, 137, 37, 0, 269, 379, 363, 4095, 364
275, 333, 466, 141, 37, 0, 265, 384, 402, 4095, 375
275, 333, 465, 138, 35, 0, 266, 384, 367, 4095, 363
275, 335, 466, 135, 37, 0, 270, 382, 358, 4095, 366
274, 332, 465, 138, 40, 0, 265, 380, 366, 4095, 359
273, 335, 464, 139, 38, 0, 266, 382, 365, 4095, 367
273, 335, 467, 141, 36, 0, 257, 382, 364, 4095, 365
276, 334, 470, 139, 35, 0, 265, 382, 366, 4095, 368
275, 336, 467, 139, 38, 0, 267, 379, 362, 4095, 367
274, 336, 466, 134, 34, 0, 267, 384, 357, 4095, 368
273, 335, 464, 138, 41, 0, 266, 368, 361, 4095, 368
277, 336, 470, 139, 37, 0, 266, 379, 366, 4095, 362
278, 336, 466, 141, 37, 0, 266, 379, 407, 4095, 360
300, 336, 466, 141, 39, 0, 263, 384, 362, 4095, 368
275, 336, 464, 139, 33, 0, 269, 384, 357, 4095, 366
276, 334, 466, 143, 36, 0, 267, 381, 363, 4095, 369
272, 335, 469, 141, 32, 0, 262, 382, 357, 4095, 359
272, 331, 465, 139, 34, 0, 266, 381, 365, 4095, 363
274, 335, 471, 133, 39, 0, 269, 379, 358, 4095, 368
278, 336, 469, 133, 37, 0, 265, 380, 368, 4095, 368
273, 331, 476, 140, 39, 0, 269, 378, 365, 4095, 368
274, 337, 466, 135, 38, 0, 269, 383, 361, 4095, 368
274, 336, 469, 135, 41, 0, 271, 383, 362, 4095, 369
273, 336, 465, 142, 39, 0, 271, 382, 359, 4095, 367
279, 337, 470, 138, 37, 0, 269, 382, 359, 4095, 366
275, 335, 464, 138, 37, 0, 267, 382, 369, 4095, 371
274, 336, 464, 135, 43, 0, 263, 381, 355, 4095, 358
273, 330, 466, 135, 37, 0, 269, 383, 358, 4095, 366
277, 333, 465, 134, 38, 0, 265, 383, 371, 4095, 355
278, 336, 469, 134, 38, 0, 265, 382, 359, 4095, 368
275, 336, 468, 131, 39, 0, 270, 384, 363, 4095, 359
277, 336, 473, 137, 33, 0, 269, 377, 362, 4095, 369
274, 336, 470, 138, 37, 0, 267, 383, 361, 4095, 365
278, 334, 467, 140, 40, 0, 265, 382, 358, 4095, 371
274, 337, 469, 141, 36, 0, 271, 379, 366, 4095, 363
276, 330, 464, 137, 36, 0, 269, 383, 365, 4095, 368
275, 335, 465, 135, 32, 0, 265, 375, 359, 4095, 361
273, 331, 466, 135, 37, 0, 265, 368, 363, 4095, 367
273, 329, 471, 128, 21, 6, 265, 384, 363, 4095, 358
278, 332, 467, 135, 34, 0, 269, 382, 363, 4095, 358
277, 332, 466, 139, 33, 0, 265, 366, 361, 4095, 359
275, 328, 464, 137, 37, 0, 263, 378, 358, 4095, 363
275, 331, 467, 133, 33, 0, 265, 373, 362, 4095, 365
272, 327, 462, 137, 35, 0, 265, 379, 362, 4095, 359
275, 370, 461, 136, 36, 0, 266, 384, 364, 4095, 365
272, 329, 464, 140, 34, 0, 267, 379, 359, 4095, 357
274, 329, 465, 139, 35, 0, 265, 382, 361, 4095, 358
275, 327, 465, 138, 31, 0, 263, 380, 362, 4095, 358
275, 334, 464, 134, 32, 0, 263, 377, 363, 4095, 361
272, 327, 465, 130, 17, 0, 263, 381, 362, 4095, 359
272, 323, 463, 133, 32, 0, 260, 379, 353, 4095, 365
272, 325, 464, 131, 32, 0, 256, 374, 362, 4095, 362
274, 323, 496, 140, 36, 0, 264, 373, 358, 4095, 356
274, 326, 459, 137, 32, 0, 263, 390, 362, 4095, 357
273, 323, 461, 117, 30, 0, 261, 381, 359, 4095, 365
277, 317, 462, 133, 32, 0, 257, 379, 336, 4095, 354
274, 331, 463, 138, 36, 0, 260, 371, 361, 4095, 354
272, 319, 463, 137, 33, 0, 261, 372, 361, 4095, 358
272, 325, 463, 131, 36, 0, 258, 379, 354, 4095, 353
271, 322, 460, 137, 33, 0, 258, 378, 354, 4095, 359
272, 319, 462, 138, 32, 0, 259, 377, 355, 4095, 359
274, 320, 464, 131, 34, 0, 261, 375, 363, 4095, 353
272, 325, 460, 131, 34, 0, 262, 375, 362, 4095, 360
274, 317, 464, 131, 36, 0, 258, 380, 356, 4095, 359
273, 320, 462, 134, 33, 0, 261, 370, 354, 4095, 357
272, 319, 464, 139, 58, 0, 261, 378, 365, 4095, 365
273, 320, 463, 135, 33, 0, 261, 379, 366, 4095, 353
261, 322, 458, 137, 33, 0, 259, 374, 362, 4095, 353
273, 320, 463, 135, 32, 0, 261, 372, 352, 4095, 367
272, 321, 462, 130, 33, 0, 259, 375, 353, 4095, 363
272, 322, 458, 135, 34, 0, 261, 380, 354, 4095, 357
272, 330, 464, 128, 32, 0, 254, 382, 361, 4095, 359
273, 321, 464, 139, 36, 0, 263, 379, 359, 4095, 358
274, 320, 461, 135, 34, 0, 260, 381, 360, 4095, 356
272, 320, 462, 133, 34, 0, 265, 379, 357, 4095, 363
272, 319, 464, 137, 34, 0, 261, 374, 365, 4095, 359
272, 320, 457, 125, 33, 5, 261, 379, 357, 4095, 365
272, 320, 464, 132, 34, 0, 258, 374, 356, 4095, 361
268, 322, 457, 135, 33, 0, 262, 373, 362, 4095, 362
272, 321, 464, 129, 35, 0, 263, 374, 359, 4095, 357
272, 321, 465, 130, 32, 0, 263, 379, 363, 4095, 367
275, 322, 464, 128, 36, 0, 263, 378, 357, 4095, 361
273, 293, 464, 139, 37, 0, 262, 373, 369, 4095, 363
272, 328, 459, 135, 36, 0, 259, 381, 361, 4095, 354
272, 324, 464, 133, 32, 0, 266, 375, 361, 4095, 361
275, 324, 463, 137, 36, 0, 263, 375, 360, 4095, 359
273, 321, 466, 135, 38, 0, 261, 379, 352, 4095, 366
272, 326, 464, 134, 17, 0, 261, 378, 363, 4095, 368
276, 322, 470, 130, 37, 0, 264, 381, 354, 4095, 367
275, 327, 461, 128, 37, 0, 259, 377, 359, 4095, 357
273, 327, 528, 129, 37, 0, 264, 375, 363, 4095, 364
272, 324, 464, 125, 37, 0, 267, 389, 361, 4095, 365
274, 323, 461, 128, 17, 0, 263, 379, 358, 4095, 363
275, 326, 461, 130, 37, 0, 267, 382, 357, 4095, 365
304, 330, 464, 135, 36, 0, 265, 377, 364, 4095, 368
274, 323, 466, 128, 39, 0, 266, 375, 363, 4095, 363
273, 327, 464, 126, 37, 0, 261, 379, 365, 4095, 362
274, 326, 470, 129, 36, 0, 265, 378, 366, 4095, 359
272, 350, 464, 131, 38, 0, 261, 383, 358, 4095, 369
275, 329, 464, 131, 37, 0, 266, 380, 359, 4095, 368
272, 330, 464, 131, 37, 0, 266, 375, 354, 4095, 367
272, 330, 467, 133, 38, 0, 266, 378, 358, 4095, 362
273, 325, 462, 131, 38, 0, 266, 378, 362, 4095, 365
275, 326, 464, 128, 21, 0, 266, 375, 362, 4095, 366
274, 324, 467, 129, 33, 0, 268, 375, 343, 4095, 361
276, 329, 466, 134, 38, 0, 262, 380, 357, 4095, 365
274, 321, 465, 131, 37, 0, 268, 375, 356, 4095, 366
273, 327, 464, 129, 30, 0, 267, 377, 357, 4095, 368
272, 329, 462, 112, 38, 0, 268, 374, 357, 4095, 361
273, 322, 462, 128, 35, 0, 266, 379, 401, 4095, 359
273, 331, 460, 133, 38, 0, 263, 373, 355, 4095, 368
272, 333, 464, 130, 37, 0, 262, 375, 352, 4095, 364
272, 325, 462, 128, 36, 0, 261, 375, 357, 4095, 357
273, 324, 461, 128, 33, 0, 265, 371, 358, 4095, 364
272, 333, 471, 128, 34, 0, 255, 370, 364, 4095, 363
274, 328, 464, 130, 37, 0, 261, 374, 354, 4095, 360
274, 326, 466, 131, 35, 0, 263, 374, 361, 4095, 359
272, 325, 495, 131, 35, 0, 265, 372, 359, 4095, 363
274, 325, 465, 133, 36, 0, 262, 374, 354, 4095, 363
277, 329, 469, 146, 37, 0, 263, 379, 359, 4095, 367
272, 335, 466, 135, 36, 0, 265, 378, 352, 4095, 362
259, 325, 463, 129, 36, 0, 265, 378, 362, 4095, 368
272, 334, 465, 136, 36, 0, 268, 379, 358, 4095, 365
273, 331, 464, 138, 36, 0, 266, 378, 361, 4095, 368
276, 335, 471, 138, 33, 0, 262, 373, 359, 4095, 364
275, 334, 464, 138, 35, 0, 260, 372, 365, 4095, 361
278, 324, 464, 139, 35, 0, 262, 377, 357, 4095, 366
275, 333, 466, 134, 36, 0, 269, 377, 353, 4095, 368
275, 334, 464, 128, 37, 0, 263, 374, 352, 4095, 365
272, 331, 467, 139, 35, 0, 265, 388, 358, 4095, 359
273, 333, 469, 181, 16, 0, 263, 373, 357, 4095, 357
274, 323, 470, 134, 38, 0, 268, 380, 347, 4095, 378
272, 334, 473, 135, 36, 0, 266, 375, 359, 4095, 365
275, 329, 474, 138, 37, 0, 266, 374, 361, 4095, 363
274, 333, 464, 135, 37, 0, 268, 375, 359, 4095, 363
277, 331, 474, 138, 36, 0, 265, 379, 359, 4095, 364
278, 317, 464, 138, 39, 0, 267, 373, 353, 4095, 324
277, 327, 473, 128, 33, 0, 268, 376, 358, 4095, 365
275, 334, 469, 130, 32, 0, 265, 373, 362, 4095, 362
278, 332, 501, 134, 38, 0, 263, 371, 357, 4095, 357
276, 331, 469, 130, 34, 0, 263, 379, 355, 4095, 368
275, 327, 464, 133, 42, 0, 274, 379, 358, 4095, 355
276, 331, 471, 135, 36, 0, 269, 378, 358, 4095, 364
272, 328, 466, 133, 34, 0, 267, 378, 362, 4095, 363
276, 334, 489, 139, 37, 0, 266, 372, 363, 4095, 361
274, 329, 466, 134, 38, 0, 267, 374, 357, 4095, 367
276, 334, 459, 142, 38, 0, 267, 371, 352, 4095, 363
277, 334, 464, 139, 38, 0, 265, 371, 362, 4095, 351
304, 331, 467, 138, 37, 0, 268, 377, 358, 4095, 368
274, 327, 466, 131, 37, 0, 267, 374, 362, 4095, 368
276, 331, 464, 135, 35, 0, 271, 379, 365, 4095, 355
273, 326, 465, 131, 34, 0, 269, 374, 355, 4095, 353
276, 323, 471, 138, 39, 0, 269, 375, 356, 4095, 365
273, 333, 464, 138, 37, 0, 267, 373, 357, 4095, 358
272, 331, 461, 138, 35, 0, 263, 373, 355, 4095, 354
273, 331, 491, 130, 32, 0, 265, 372, 361, 4095, 361
276, 326, 464, 143, 39, 0, 263, 356, 361, 4095, 361
276, 329, 464, 149, 48, 0, 266, 380, 364, 4095, 354
275, 327, 473, 139, 36, 0, 265, 381, 355, 4095, 330
260, 329, 467, 131, 38, 0, 262, 378, 355, 4095, 363
273, 323, 464, 134, 32, 0, 269, 370, 364, 4095, 368
275, 327, 465, 138, 35, 0, 266, 379, 357, 4095, 361
272, 329, 464, 128, 31, 0, 265, 377, 361, 4095, 358
273, 287, 467, 131, 39, 0, 237, 374, 360, 4095, 365
276, 326, 465, 132, 33, 0, 269, 380, 353, 4095, 366
274, 325, 469, 135, 36, 0, 265, 374, 359, 4095, 355
275, 331, 464, 135, 35, 0, 269, 376, 357, 4095, 359
275, 322, 463, 134, 35, 0, 266, 375, 353, 4095, 363
273, 327, 471, 132, 38, 0, 263, 375, 358, 4095, 356
273, 326, 466, 133, 32, 0, 267, 379, 355, 4095, 359
272, 321, 464, 138, 34, 0, 266, 377, 362, 4095, 367
273, 329, 464, 133, 38, 0, 265, 378, 357, 4095, 363
273, 324, 462, 140, 34, 0, 262, 368, 355, 4095, 367
272, 325, 464, 126, 38, 0, 261, 379, 356, 4095, 363
274, 323, 466, 133, 35, 0, 281, 373, 359, 4095, 359
274, 325, 464, 129, 36, 0, 263, 379, 355, 4095, 358
272, 328, 465, 135, 38, 0, 267, 374, 358, 4095, 359
276, 322, 464, 134, 36, 0, 266, 380, 354, 4095, 362
276, 330, 465, 134, 37, 0, 264, 378, 361, 4095, 367
274, 325, 464, 133, 35, 0, 271, 375, 358, 4095, 361
273, 327, 467, 139, 33, 0, 262, 379, 361, 4095, 357
274, 327, 469, 138, 34, 0, 263, 376, 358, 4095, 364
274, 324, 445, 136, 32, 0, 270, 377, 359, 4095, 359
275, 323, 464, 139, 35, 0, 263, 370, 364, 4095, 367
274, 322, 464, 137, 35, 0, 264, 375, 363, 4095, 368
273, 327, 461, 137, 38, 0, 268, 378, 335, 4095, 357
272, 327, 464, 131, 35, 0, 267, 375, 358, 4095, 366
274, 326, 466, 135, 34, 0, 265, 373, 361, 4095, 368
273, 325, 465, 138, 37, 0, 267, 375, 361, 4095, 363
275, 332, 465, 133, 35, 0, 263, 379, 360, 4095, 367
272, 336, 467, 135, 37, 0, 287, 374, 357, 4095, 368
276, 329, 464, 134, 37, 0, 266, 375, 364, 4095, 362
273, 330, 462, 138, 38, 0, 267, 374, 354, 4095, 362
273, 332, 463, 136, 37, 0, 269, 373, 358, 4095, 367
273, 325, 469, 133, 35, 0, 266, 374, 357, 4095, 365
273, 330, 470, 136, 37, 0, 267, 378, 354, 4095, 369
272, 333, 465, 134, 38, 0, 263, 372, 364, 4095, 365
276, 335, 464, 137, 32, 0, 268, 373, 357, 4095, 365
277, 327, 488, 140, 33, 0, 269, 373, 361, 4095, 358
274, 326, 465, 132, 39, 0, 265, 377, 358, 4095, 362
274, 327, 464, 140, 28, 0, 262, 375, 358, 4095, 367
274, 327, 462, 137, 35, 0, 262, 378, 330, 4095, 362
261, 334, 464, 135, 39, 0, 267, 375, 359, 4095, 368
272, 330, 468, 139, 41, 0, 265, 378, 365, 4095, 363
272, 335, 465, 131, 42, 0, 267, 374, 361, 4095, 368
274, 333, 464, 137, 37, 0, 266, 380, 362, 4095, 369
278, 383, 469, 135, 34, 0, 271, 375, 358, 4095, 361
276, 331, 465, 137, 42, 0, 269, 378, 357, 4095, 368
273, 331, 474, 138, 39, 0, 271, 371, 362, 4095, 363
274, 332, 458, 142, 40, 0, 265, 373, 359, 4095, 367
275, 334, 464, 133, 41, 0, 266, 359, 363, 4095, 365
275, 335, 464, 132, 48, 0, 267, 375, 359, 4095, 368
274, 336, 467, 142, 37, 0, 263, 373, 351, 4095, 412
276, 336, 464, 143, 43, 0, 272, 375, 366, 4095, 368
275, 327, 468, 142, 38, 0, 268, 382, 361, 4095, 365
272, 327, 465, 142, 34, 0, 269, 377, 367, 4095, 359
273, 332, 469, 144, 33, 0, 269, 377, 363, 4095, 365
278, 327, 465, 140, 35, 0, 268, 373, 339, 4095, 363
275, 333, 464, 133, 38, 0, 270, 378, 359, 4095, 367
274, 335, 462, 139, 35, 0, 265, 374, 366, 4095, 362
275, 336, 468, 139, 37, 0, 269, 375, 362, 4095, 368
282, 334, 468, 133, 35, 0, 267, 381, 356, 4095, 361
276, 331, 464, 138, 38, 0, 266, 379, 365, 4095, 363
277, 334, 465, 143, 35, 0, 263, 377, 357, 4095, 365
273, 336, 465, 139, 38, 0, 265, 377, 358, 4095, 365
277, 336, 467, 140, 38, 0, 267, 374, 364, 4095, 368
272, 337, 471, 138, 38, 0, 269, 379, 359, 4095, 361
274, 334, 464, 139, 44, 0, 269, 375, 358, 4095, 366
275, 330, 466, 142, 35, 0, 265, 378, 364, 4095, 362
272, 334, 467, 138, 35, 0, 272, 379, 355, 4095, 367
278, 331, 464, 141, 39, 0, 269, 377, 357, 4095, 366
275, 336, 464, 141, 37, 0, 267, 377, 363, 4095, 368
273, 334, 468, 142, 36, 0, 265, 375, 364, 4095, 371
274, 330, 465, 139, 36, 0, 267, 382, 368, 4095, 363
273, 334, 465, 137, 37, 0, 263, 379, 355, 4095, 363
276, 336, 465, 132, 34, 0, 263, 377, 359, 4095, 365
275, 334, 465, 141, 41, 0, 267, 375, 365, 4095, 358
274, 334, 465, 143, 32, 0, 270, 378, 367, 4095, 368
274, 336, 464, 139, 77, 0, 269, 374, 361, 4095, 367
274, 336, 473, 144, 37, 0, 268, 373, 363, 4095, 370
274, 331, 466, 141, 37, 0, 267, 379, 365, 4095, 369
274, 336, 511, 140, 42, 0, 268, 381, 361, 4095, 362
275, 331, 460, 137, 37, 0, 266, 377, 365, 4095, 373
275, 336, 470, 151, 66, 0, 266, 375, 362, 4095, 371
275, 336, 464, 138, 33, 0, 267, 375, 362, 4095, 367
292, 336, 464, 141, 39, 0, 266, 375, 357, 4095, 362
272, 336, 466, 141, 33, 0, 268, 371, 363, 4095, 368
275, 337, 471, 137, 37, 0, 267, 374, 358, 4095, 362
277, 336, 464, 141, 37, 0, 269, 378, 365, 4095, 361
272, 320, 464, 140, 41, 0, 265, 374, 363, 4095, 361
277, 333, 467, 144, 42, 0, 270, 375, 362, 4095, 369
274, 334, 466, 139, 41, 0, 269, 379, 359, 4095, 367
275, 335, 464, 143, 37, 0, 264, 379, 362, 4095, 367
272, 336, 463, 144, 35, 0, 264, 374, 361, 4095, 370
276, 336, 465, 144, 33, 0, 268, 379, 357, 4095, 366
276, 336, 465, 141, 35, 0, 272, 373, 358, 4095, 369
277, 337, 470, 135, 37, 0, 271, 379, 363, 4095, 368
275, 336, 491, 145, 36, 0, 272, 379, 367, 4095, 369
277, 337, 466, 144, 35, 0, 265, 365, 359, 4095, 368
273, 336, 469, 144, 39, 0, 267, 375, 368, 4095, 368
275, 339, 470, 139, 33, 0, 272, 373, 359, 4095, 362
273, 339, 466, 138, 37, 0, 266, 369, 365, 4095, 368
272, 338, 464, 144, 37, 0, 271, 378, 365, 4095, 368
275, 336, 464, 134, 37, 0, 270, 382, 359, 4095, 374
273, 336, 469, 144, 42, 0, 272, 379, 358, 4095, 366
275, 389, 470, 143, 41, 0, 269, 373, 354, 4095, 368
273, 337, 464, 144, 41, 0, 269, 381, 361, 4095, 370
277, 334, 464, 139, 37, 0, 270, 371, 365, 4095, 368
272, 338, 464, 144, 40, 0, 271, 382, 366, 4095, 369
275, 336, 471, 143, 39, 0, 270, 377, 366, 4095, 368
274, 336, 468, 144, 37, 0, 272, 381, 364, 4095, 368
275, 339, 464, 144, 40, 0, 270, 375, 363, 4095, 368
273, 336, 468, 143, 35, 0, 266, 381, 368, 4095, 368
274, 332, 459, 138, 38, 0, 270, 374, 359, 4095, 368
275, 335, 468, 137, 36, 0, 268, 380, 366, 4095, 368
273, 336, 466, 144, 42, 0, 269, 378, 362, 4095, 366
275, 336, 466, 145, 38, 0, 271, 378, 360, 4095, 349
285, 336, 465, 144, 42, 0, 269, 379, 361, 4095, 373
277, 339, 470, 141, 35, 0, 267, 376, 367, 4095, 366
273, 335, 469, 140, 35, 0, 266, 415, 361, 4095, 365
277, 336, 467, 181, 37, 0, 271, 381, 367, 4095, 367
277, 318, 464, 140, 37, 0, 272, 407, 361, 4095, 368
272, 337, 464, 141, 43, 0, 272, 373, 367, 4095, 367
275, 336, 471, 143, 38, 0, 272, 378, 357, 4095, 366
275, 339, 470, 144, 38, 0, 270, 378, 366, 4095, 368
278, 337, 474, 143, 35, 0, 271, 375, 364, 4095, 369
276, 337, 474, 144, 38, 0, 267, 375, 366, 4095, 368
274, 341, 469, 144, 34, 0, 270, 378, 366, 4095, 370
277, 340, 466, 142, 39, 0, 269, 375, 358, 4095, 364
272, 336, 503, 144, 42, 0, 269, 374, 362, 4095, 373
279, 337, 464, 142, 40, 0, 271, 376, 367, 4095, 367
277, 335, 467, 141, 48, 0, 267, 376, 364, 4095, 364
274, 334, 471, 144, 39, 0, 269, 375, 358, 4095, 368
299, 339, 470, 140, 40, 0, 269, 379, 361, 4095, 365
273, 336, 471, 144, 39, 0, 268, 381, 361, 4095, 365
273, 336, 467, 142, 37, 0, 272, 377, 364, 4095, 368
275, 336, 474, 179, 39, 0, 272, 375, 362, 4095, 366
274, 336, 469, 138, 35, 0, 266, 374, 353, 4095, 367
275, 343, 468, 137, 40, 0, 270, 378, 365, 4095, 367
274, 334, 468, 139, 33, 0, 267, 374, 365, 4095, 362
275, 330, 464, 138, 34, 0, 269, 378, 368, 4095, 362
275, 331, 468, 143, 34, 0, 271, 383, 363, 4095, 365
272, 304, 466, 144, 37, 0, 256, 370, 368, 4095, 365
275, 334, 467, 139, 32, 0, 268, 375, 366, 4095, 368
277, 327, 464, 144, 36, 0, 267, 379, 366, 4095, 363
275, 328, 466, 142, 32, 0, 267, 374, 357, 4095, 361
274, 334, 463, 144, 33, 0, 266, 368, 362, 4095, 368
275, 333, 467, 142, 20, 0, 265, 374, 364, 4095, 365
277, 331, 469, 144, 38, 0, 266, 372, 362, 4095, 363
276, 333, 464, 136, 35, 0, 270, 375, 365, 4095, 363
275, 321, 449, 141, 32, 0, 267, 375, 358, 4095, 361
272, 323, 464, 143, 33, 0, 269, 359, 368, 4095, 357
274, 330, 464, 122, 36, 0, 270, 377, 366, 4095, 355
273, 322, 464, 138, 35, 0, 266, 378, 359, 4095, 368
257, 327, 464, 144, 35, 0, 267, 377, 367, 4095, 368
272, 328, 464, 140, 37, 0, 267, 379, 363, 4095, 362
275, 325, 464, 139, 37, 0, 263, 380, 355, 4095, 363
277, 320, 464, 138, 30, 0, 264, 374, 365, 4095, 362
273, 327, 471, 134, 37, 0, 294, 371, 365, 4095, 342
272, 326, 464, 143, 35, 0, 267, 368, 362, 4095, 368
274, 322, 460, 134, 37, 0, 265, 373, 359, 4095, 365
274, 321, 464, 139, 34, 0, 265, 374, 362, 4095, 367
272, 327, 466, 140, 34, 0, 262, 380, 364, 4095, 354
274, 321, 464, 141, 35, 0, 258, 373, 355, 4095, 352
274, 319, 461, 144, 36, 0, 266, 373, 358, 4095, 363
258, 323, 463, 140, 32, 0, 263, 374, 362, 4095, 359
274, 321, 461, 139, 35, 0, 263, 375, 358, 4095, 359
272, 325, 468, 136, 35, 0, 259, 374, 360, 4095, 357
274, 320, 464, 149, 34, 0, 262, 379, 366, 4095, 363
272, 320, 464, 134, 35, 0, 265, 374, 356, 4095, 366
274, 321, 465, 141, 37, 0, 262, 372, 366, 4095, 367
274, 321, 462, 140, 38, 0, 262, 371, 365, 4095, 361
272, 321, 462, 139, 35, 0, 261, 372, 366, 4095, 363
275, 324, 464, 144, 32, 0, 262, 372, 365, 4095, 367
275, 322, 463, 134, 38, 0, 263, 375, 366, 4095, 368
274, 319, 464, 143, 36, 0, 261, 371, 359, 4095, 359
272, 319, 462, 143, 29, 0, 265, 373, 364, 4095, 359
276, 320, 466, 142, 31, 0, 261, 375, 365, 4095, 362
272, 320, 463, 136, 33, 0, 266, 382, 362, 4095, 358
274, 322, 466, 128, 37, 6, 265, 372, 359, 4095, 368
274, 319, 458, 144, 32, 0, 263, 371, 361, 4095, 359
270, 326, 459, 142, 31, 0, 267, 375, 355, 4095, 368
274, 322, 464, 141, 32, 0, 262, 371, 367, 4095, 357
273, 317, 463, 144, 36, 0, 263, 375, 363, 4095, 364
275, 317, 464, 115, 38, 0, 262, 369, 357, 4095, 361
274, 327, 464, 144, 35, 0, 266, 373, 333, 4095, 363
275, 320, 464, 144, 35, 0, 267, 371, 366, 4095, 366
276, 320, 458, 139, 35, 0, 265, 374, 364, 4095, 363
274, 321, 463, 144, 34, 0, 259, 370, 364, 4095, 367
272, 323, 460, 143, 36, 0, 261, 372, 361, 4095, 360
275, 319, 464, 142, 37, 0, 260, 375, 359, 4095, 367
272, 325, 466, 142, 38, 0, 266, 373, 364, 4095, 368
272, 326, 462, 137, 38, 0, 265, 371, 362, 4095, 368
275, 325, 455, 137, 34, 0, 263, 369, 361, 4095, 368
272, 322, 463, 144, 37, 0, 268, 371, 357, 4095, 361
273, 324, 461, 142, 5, 0, 261, 375, 358, 4095, 363
275, 320, 469, 144, 32, 0, 266, 368, 354, 4095, 363
275, 318, 466, 140, 37, 0, 263, 374, 365, 4095, 364
272, 319, 463, 143, 33, 0, 267, 372, 362, 4095, 362
275, 325, 462, 137, 31, 0, 266, 403, 363, 4095, 367
275, 318, 463, 139, 36, 0, 262, 375, 359, 4095, 359
274, 379, 465, 144, 35, 0, 263, 374, 402, 4095, 353
274, 321, 465, 143, 37, 0, 267, 374, 364, 4095, 355
275, 320, 464, 143, 32, 0, 262, 371, 365, 4095, 355
274, 323, 464, 140, 34, 0, 267, 377, 358, 4095, 355
272, 318, 464, 144, 33, 0, 262, 374, 368, 4095, 363
273, 320, 464, 146, 37, 0, 266, 369, 364, 4095, 360
275, 320, 467, 144, 38, 0, 267, 372, 365, 4095, 359
273, 324, 464, 135, 37, 0, 261, 374, 361, 4095, 363
272, 319, 460, 142, 36, 0, 265, 371, 361, 4095, 365
276, 319, 464, 138, 36, 0, 267, 373, 361, 4095, 358
272, 320, 461, 143, 14, 0, 267, 373, 367, 4095, 363
275, 320, 466, 142, 37, 0, 266, 369, 366, 4095, 365
304, 322, 459, 141, 33, 0, 265, 372, 364, 4095, 368
275, 320, 465, 143, 34, 0, 266, 371, 364, 4095, 363
272, 315, 463, 144, 34, 0, 265, 374, 362, 4095, 367
272, 320, 461, 144, 35, 0, 263, 369, 365, 4095, 368
275, 337, 461, 145, 37, 0, 263, 372, 366, 4095, 367
273, 325, 468, 144, 35, 0, 267, 369, 365, 4095, 368
273, 320, 465, 144, 35, 0, 267, 374, 365, 4095, 368
273, 320, 462, 143, 35, 0, 266, 370, 358, 4095, 357
274, 322, 465, 144, 36, 0, 267, 373, 365, 4095, 368
274, 317, 457, 144, 41, 0, 265, 370, 364, 4095, 368
275, 322, 458, 139, 39, 0, 269, 372, 361, 4095, 366
272, 321, 459, 144, 35, 0, 265, 368, 363, 4095, 359
276, 323, 534, 144, 36, 0, 262, 369, 364, 4095, 368
272, 322, 463, 141, 37, 0, 267, 368, 365, 4095, 362
275, 325, 464, 177, 35, 0, 265, 373, 363, 4095, 367
276, 320, 464, 141, 35, 0, 266, 369, 350, 4095, 372
256, 320, 464, 142, 36, 0, 266, 368, 357, 4095, 365
272, 319, 463, 144, 34, 0, 266, 371, 366, 4095, 363
277, 318, 464, 141, 38, 0, 267, 372, 359, 4095, 367
276, 320, 464, 141, 36, 0, 268, 370, 368, 4095, 366
272, 381, 465, 143, 37, 0, 260, 368, 361, 4095, 371
274, 325, 465, 144, 37, 0, 267, 368, 366, 4095, 364
273, 326, 467, 141, 38, 0, 266, 373, 357, 4095, 361
273, 320, 465, 139, 39, 0, 265, 371, 355, 4095, 366
274, 327, 464, 143, 39, 0, 265, 371, 359, 4095, 366
274, 324, 461, 144, 40, 0, 263, 372, 358, 4095, 368
273, 323, 465, 144, 35, 0, 267, 371, 368, 4095, 363
283, 323, 464, 138, 36, 0, 268, 372, 367, 4095, 366
272, 320, 432, 144, 37, 0, 266, 369, 363, 4095, 367
276, 325, 465, 138, 33, 0, 266, 368, 363, 4095, 365
272, 323, 462, 119, 35, 0, 263, 371, 367, 4095, 368
273, 330, 462, 141, 37, 0, 264, 374, 397, 4095, 365
274, 327, 458, 144, 34, 0, 267, 371, 367, 4095, 368
275, 325, 464, 143, 39, 0, 269, 369, 363, 4095, 369
273, 327, 468, 139, 34, 0, 267, 371, 359, 4095, 365
276, 325, 464, 137, 32, 0, 269, 369, 365, 4095, 367
274, 329, 465, 144, 37, 0, 262, 374, 365, 4095, 364
274, 323, 466, 141, 35, 0, 267, 369, 364, 4095, 363
274, 326, 465, 143, 33, 0, 264, 374, 364, 4095, 372
272, 327, 463, 141, 35, 0, 265, 373, 365, 4095, 368
273, 322, 460, 144, 39, 0, 267, 368, 366, 4095, 363
275, 321, 466, 144, 37, 0, 267, 374, 362, 4095, 368
273, 328, 459, 138, 39, 0, 267, 374, 366, 4095, 365
304, 327, 469, 141, 38, 0, 263, 371, 367, 4095, 364
274, 326, 466, 135, 37, 0, 269, 373, 365, 4095, 368
272, 321, 464, 144, 32, 0, 270, 373, 363, 4095, 365
273, 329, 464, 141, 37, 0, 268, 371, 359, 4095, 369
273, 321, 464, 143, 36, 0, 265, 373, 368, 4095, 362
276, 323, 464, 144, 33, 0, 264, 374, 367, 4095, 368
272, 326, 464, 140, 36, 0, 265, 368, 365, 4095, 358
277, 329, 460, 143, 39, 0, 270, 368, 361, 4095, 361
276, 330, 464, 134, 35, 0, 267, 371, 362, 4095, 368
275, 334, 469, 144, 36, 0, 294, 368, 363, 4095, 368
276, 327, 465, 139, 39, 0, 265, 369, 355, 4095, 368
276, 323, 469, 144, 34, 0, 265, 370, 359, 4095, 359
275, 325, 452, 134, 37, 0, 265, 368, 361, 4095, 366
276, 326, 464, 144, 39, 0, 263, 368, 368, 4095, 362
273, 335, 464, 154, 15, 0, 268, 370, 365, 4095, 368
275, 326, 467, 134, 37, 0, 269, 375, 367, 4095, 367
269, 332, 466, 144, 35, 0, 270, 370, 362, 4095, 368
275, 331, 464, 134, 39, 0, 267, 371, 365, 4095, 364
277, 330, 462, 144, 41, 0, 262, 403, 359, 4095, 366
275, 334, 468, 155, 36, 0, 269, 369, 364, 4095, 364
272, 368, 469, 139, 41, 0, 266, 368, 371, 4095, 364
275, 336, 462, 144, 37, 0, 265, 373, 367, 4095, 363
273, 334, 465, 141, 36, 0, 263, 369, 364, 4095, 367
272, 330, 464, 134, 35, 0, 262, 375, 363, 4095, 369
274, 333, 458, 141, 38, 0, 266, 374, 367, 4095, 359
274, 326, 464, 137, 34, 0, 269, 377, 358, 4095, 371
272, 331, 467, 144, 42, 0, 265, 369, 367, 4095, 367
274, 331, 464, 143, 38, 0, 263, 371, 365, 4095, 365
274, 330, 466, 141, 42, 0, 267, 368, 366, 4095, 367
274, 327, 463, 137, 33, 0, 263, 358, 359, 4095, 363
272, 327, 464, 144, 70, 0, 269, 368, 357, 4095, 362
273, 331, 466, 142, 37, 0, 263, 369, 365, 4095, 368
300, 335, 467, 141, 34, 0, 267, 369, 357, 4095, 368
275, 329, 467, 142, 38, 0, 267, 371, 360, 4095, 369
273, 334, 464, 138, 33, 0, 267, 368, 367, 4095, 368
272, 330, 464, 144, 37, 0, 262, 370, 356, 4095, 368
272, 332, 467, 135, 39, 0, 262, 368, 363, 4095, 361
273, 330, 467, 141, 37, 0, 269, 372, 363, 4095, 367
276, 331, 469, 138, 37, 0, 266, 374, 368, 4095, 359
273, 331, 467, 143, 37, 0, 268, 368, 367, 4095, 359
274, 333, 461, 136, 39, 0, 263, 368, 366, 4095, 368
274, 331, 464, 139, 34, 0, 268, 368, 359, 4095, 367
273, 331, 464, 142, 41, 0, 262, 372, 365, 4095, 368
272, 335, 464, 141, 38, 0, 267, 371, 367, 4095, 367
276, 331, 450, 142, 35, 0, 268, 369, 361, 4095, 366
272, 327, 464, 144, 33, 0, 269, 373, 359, 4095, 363
273, 332, 466, 144, 50, 0, 267, 368, 363, 4095, 361
275, 326, 466, 144, 38, 0, 265, 371, 365, 4095, 364
273, 336, 464, 135, 39, 0, 265, 368, 365, 4095, 359
275, 336, 469, 140, 38, 0, 267, 370, 356, 4095, 363
272, 327, 464, 144, 35, 0, 265, 367, 364, 4095, 368
276, 330, 464, 137, 40, 0, 266, 371, 359, 4095, 367
274, 329, 461, 144, 39, 0, 267, 367, 364, 4095, 336
275, 334, 464, 144, 33, 0, 265, 368, 359, 4095, 365
275, 332, 465, 139, 40, 0, 269, 372, 364, 4095, 368
272, 329, 462, 141, 35, 0, 266, 368, 357, 4095, 368
274, 331, 466, 139, 36, 0, 267, 373, 360, 4095, 367
274, 327, 466, 144, 33, 0, 269, 369, 359, 4095, 368
273, 334, 469, 144, 38, 0, 267, 368, 366, 4095, 361
277, 336, 464, 144, 35, 0, 266, 374, 362, 4095, 365
272, 336, 465, 139, 39, 0, 270, 369, 358, 4095, 369
274, 335, 470, 144, 35, 0, 269, 368, 364, 4095, 371
274, 336, 464, 128, 41, 0, 263, 370, 365, 4095, 368
272, 331, 464, 141, 39, 0, 269, 368, 366, 4095, 367
265, 336, 464, 144, 35, 0, 270, 368, 363, 4095, 369
275, 336, 464, 141, 35, 0, 262, 371, 358, 4095, 367
275, 333, 464, 144, 38, 0, 267, 368, 366, 4095, 359
275, 332, 462, 146, 35, 0, 265, 368, 362, 4095, 366
272, 387, 470, 144, 33, 0, 264, 373, 363, 4095, 386
272, 331, 468, 144, 38, 0, 270, 371, 363, 4095, 364
276, 335, 464, 139, 42, 0, 265, 368, 365, 4095, 368
275, 333, 464, 142, 36, 0, 270, 368, 367, 4095, 365
276, 331, 464, 144, 38, 0, 270, 370, 366, 4095, 368
275, 331, 463, 138, 59, 0, 270, 373, 362, 4095, 363
277, 331, 459, 144, 33, 0, 271, 370, 362, 4095, 361
274, 334, 468, 142, 41, 0, 269, 370, 367, 4095, 368
273, 336, 453, 135, 38, 0, 269, 368, 365, 4095, 361
272, 333, 465, 144, 34, 0, 265, 390, 367, 4095, 361
274, 330, 464, 146, 39, 0, 269, 370, 367, 4095, 362
274, 332, 465, 138, 37, 0, 265, 368, 359, 4095, 336
295, 333, 464, 144, 37, 0, 267, 371, 367, 4095, 368
275, 336, 464, 137, 36, 0, 263, 367, 363, 4095, 366
272, 330, 463, 144, 39, 0, 266, 368, 362, 4095, 364
272, 333, 464, 145, 33, 0, 265, 368, 366, 4095, 366
272, 384, 464, 144, 36, 0, 262, 368, 365, 4095, 351
272, 330, 463, 138, 39, 0, 267, 368, 368, 4095, 368
273, 327, 466, 144, 38, 0, 270, 368, 362, 4095, 368
272, 332, 464, 144, 37, 0, 268, 366, 364, 4095, 367
276, 330, 464, 142, 36, 0, 268, 380, 359, 4095, 368
272, 333, 463, 139, 35, 0, 267, 368, 367, 4095, 367
272, 336, 467, 141, 37, 0, 267, 369, 367, 4095, 368
275, 331, 466, 135, 35, 0, 271, 368, 366, 4095, 370
273, 335, 464, 144, 37, 0, 269, 367, 363, 4095, 367
275, 333, 462, 144, 38, 0, 267, 368, 365, 4095, 368
276, 334, 466, 127, 38, 0, 269, 369, 365, 4095, 368
275, 304, 464, 144, 36, 0, 271, 368, 357, 4095, 365
275, 333, 469, 144, 39, 0, 270, 370, 363, 4095, 365
273, 333, 466, 141, 40, 0, 267, 370, 361, 4095, 365
276, 333, 463, 145, 33, 0, 283, 368, 358, 4095, 367
272, 330, 464, 144, 37, 0, 268, 370, 363, 4095, 362
273, 330, 464, 146, 37, 0, 262, 368, 364, 4095, 369
276, 333, 464, 145, 37, 0, 270, 373, 362, 4095, 370
272, 330, 464, 146, 38, 0, 268, 369, 366, 4095, 363
276, 335, 468, 135, 35, 0, 270, 370, 367, 4095, 363
275, 336, 464, 142, 38, 0, 268, 369, 364, 4095, 367
276, 331, 462, 105, 34, 0, 267, 366, 361, 4095, 365
273, 333, 464, 146, 39, 0, 269, 368, 361, 4095, 363
272, 331, 464, 143, 37, 0, 267, 368, 362, 4095, 367
275, 335, 465, 138, 35, 0, 268, 368, 359, 4095, 364
276, 333, 468, 144, 42, 0, 266, 368, 357, 4095, 368
275, 333, 465, 130, 34, 0, 269, 368, 365, 4095, 363
272, 336, 462, 144, 33, 0, 270, 368, 384, 4095, 384
274, 334, 466, 145, 36, 0, 267, 368, 355, 4095, 365
272, 330, 470, 143, 41, 0, 270, 368, 365, 4095, 368
273, 332, 464, 145, 42, 0, 269, 368, 368, 4095, 368
272, 335, 464, 144, 37, 0, 270, 368, 358, 4095, 368
273, 330, 464, 143, 42, 0, 246, 368, 363, 4095, 365
272, 334, 463, 144, 40, 0, 265, 368, 362, 4095, 368
274, 336, 462, 144, 35, 0, 268, 369, 364, 4095, 367
277, 332, 464, 143, 39, 0, 271, 368, 368, 4095, 368
273, 333, 464, 142, 41, 0, 271, 368, 365, 4095, 368
272, 335, 464, 141, 31, 0, 265, 370, 363, 4095, 361
276, 334, 468, 145, 37, 0, 269, 368, 410, 4095, 368
263, 333, 459, 147, 39, 0, 270, 370, 367, 4095, 368
278, 335, 464, 142, 35, 0, 269, 368, 365, 4095, 365
274, 336, 463, 144, 37, 0, 270, 363, 367, 4095, 366
276, 335, 468, 160, 40, 0, 272, 370, 363, 4095, 368
274, 338, 464, 144, 38, 0, 256, 372, 368, 4095, 381
275, 334, 463, 147, 43, 0, 271, 371, 365, 4095, 368
273, 336, 470, 146, 43, 0, 268, 369, 363, 4095, 370
275, 333, 470, 145, 41, 0, 272, 368, 368, 4095, 368
278, 336, 465, 144, 37, 0, 266, 369, 368, 4095, 367
275, 336, 464, 146, 39, 0, 272, 371, 367, 4095, 371
277, 336, 468, 145, 41, 0, 270, 370, 362, 4095, 366
274, 336, 467, 142, 39, 0, 269, 370, 368, 4095, 366
273, 336, 496, 144, 36, 0, 267, 367, 368, 4095, 371
276, 338, 474, 145, 41, 0, 272, 368, 366, 4095, 368
275, 333, 471, 148, 39, 0, 271, 370, 363, 4095, 368
275, 336, 466, 145, 34, 0, 272, 369, 368, 4095, 372
274, 336, 464, 144, 37, 0, 269, 371, 364, 4095, 369
275, 334, 464, 144, 41, 0, 271, 373, 365, 4095, 370
275, 336, 465, 146, 41, 0, 271, 394, 364, 4095, 363
277, 334, 474, 122, 42, 0, 271, 367, 368, 4095, 368
275, 336, 463, 144, 39, 0, 270, 368, 363, 4095, 368
2