400, 347, 421, 139, 68, 0, 432, 373, 384, 4095, 314
406, 346, 422, 144, 73, 0, 438, 379, 388, 4095, 326
411, 323, 429, 147, 76, 0, 438, 377, 393, 4095, 324
416, 354, 427, 144, 75, 0, 451, 382, 389, 4095, 320
423, 357, 427, 150, 80, 0, 455, 381, 395, 4095, 324
428, 359, 428, 145, 80, 0, 460, 382, 398, 4095, 322
431, 364, 432, 150, 81, 0, 463, 386, 399, 4095, 327
434, 368, 432, 147, 63, 0, 471, 391, 393, 4095, 330
437, 369, 433, 150, 85, 0, 477, 397, 398, 4095, 334
447, 377, 435, 154, 89, 0, 481, 394, 400, 4095, 335
449, 378, 446, 162, 91, 0, 488, 400, 399, 4095, 333
451, 382, 443, 162, 96, 0, 495, 400, 400, 4095, 336
458, 384, 446, 171, 96, 0, 496, 400, 400, 4095, 339
463, 385, 451, 173, 99, 0, 505, 405, 398, 4095, 336
467, 390, 457, 175, 101, 0, 509, 409, 401, 4095, 338
471, 400, 451, 176, 101, 0, 522, 414, 401, 4095, 334
479, 395, 413, 174, 109, 0, 528, 416, 404, 4095, 336
482, 406, 450, 179, 105, 0, 531, 421, 411, 4095, 339
490, 406, 464, 175, 111, 0, 540, 425, 402, 4095, 337
495, 404, 464, 185, 114, 0, 545, 426, 401, 4095, 336
501, 411, 466, 181, 118, 0, 551, 432, 408, 4095, 341
510, 413, 464, 190, 117, 0, 561, 432, 409, 4095, 346
519, 416, 475, 191, 121, 0, 562, 435, 411, 4095, 347
528, 425, 471, 192, 119, 0, 572, 438, 416, 4095, 345
533, 423, 476, 193, 127, 0, 579, 445, 414, 4095, 354
541, 431, 478, 192, 127, 0, 586, 448, 393, 4095, 345
543, 432, 478, 190, 130, 0, 592, 455, 418, 4095, 352
555, 433, 482, 195, 134, 0, 597, 453, 418, 4095, 350
557, 435, 480, 201, 137, 0, 607, 460, 416, 4095, 351
565, 442, 485, 202, 143, 0, 618, 464, 419, 4095, 349
571, 448, 498, 205, 141, 0, 623, 471, 430, 4095, 353
580, 458, 499, 206, 149, 0, 631, 475, 426, 4095, 354
587, 462, 503, 208, 146, 0, 639, 478, 432, 4095, 355
594, 471, 523, 209, 157, 0, 647, 483, 426, 4095, 366
601, 483, 511, 208, 159, 0, 655, 489, 427, 4095, 359
607, 487, 532, 210, 162, 0, 662, 494, 432, 4095, 366
611, 498, 533, 213, 163, 0, 673, 498, 432, 4095, 368
616, 507, 535, 210, 173, 0, 681, 498, 431, 4095, 367
625, 527, 544, 210, 176, 0, 690, 506, 432, 4095, 368
634, 539, 528, 214, 177, 0, 699, 508, 435, 4095, 368
639, 544, 545, 212, 184, 0, 704, 503, 433, 4095, 374
643, 559, 560, 191, 184, 0, 717, 526, 434, 4095, 374
656, 576, 561, 220, 187, 0, 722, 530, 452, 4095, 389
660, 576, 569, 224, 185, 0, 727, 533, 436, 4095, 382
669, 584, 575, 222, 190, 0, 736, 538, 437, 4095, 379
672, 595, 571, 225, 192, 0, 742, 539, 436, 4095, 374
682, 599, 586, 227, 192, 0, 741, 545, 432, 4095, 384
689, 607, 588, 230, 203, 0, 752, 548, 442, 4095, 377
692, 607, 592, 229, 186, 0, 752, 551, 466, 4095, 374
677, 612, 592, 231, 188, 0, 759, 557, 439, 4095, 381
705, 610, 592, 234, 185, 0, 759, 556, 447, 4095, 375
711, 609, 592, 240, 183, 0, 759, 559, 448, 4095, 373
720, 608, 597, 240, 180, 0, 765, 561, 448, 4095, 371
721, 613, 593, 240, 186, 0, 763, 563, 447, 4095, 369
726, 608, 602, 241, 182, 0, 768, 561, 451, 4095, 370
734, 610, 592, 244, 187, 0, 770, 566, 450, 4095, 368
734, 610, 598, 245, 181, 0, 770, 565, 448, 4095, 366
740, 606, 598, 240, 181, 0, 771, 572, 448, 4095, 363
747, 606, 605, 247, 184, 0, 774, 576, 452, 4095, 368
749, 656, 600, 249, 183, 0, 783, 575, 452, 4095, 321
752, 613, 603, 251, 189, 0, 784, 577, 459, 4095, 368
754, 611, 615, 257, 190, 0, 784, 580, 454, 4095, 368
761, 607, 608, 259, 192, 0, 785, 581, 454, 4095, 368
768, 609, 614, 262, 192, 0, 790, 586, 459, 4095, 368
768, 609, 615, 222, 189, 0, 790, 588, 458, 4095, 368
773, 615, 611, 262, 193, 0, 794, 587, 459, 4095, 384
778, 605, 618, 261, 191, 0, 800, 592, 458, 4095, 361
781, 607, 619, 264, 193, 0, 801, 592, 464, 4095, 362
784, 605, 679, 268, 192, 0, 805, 598, 461, 4095, 362
786, 603, 623, 263, 193, 0, 802, 627, 460, 4095, 362
789, 603, 626, 257, 179, 0, 811, 599, 464, 4095, 362
794, 606, 624, 270, 192, 0, 810, 597, 464, 4095, 369
796, 603, 623, 270, 189, 0, 812, 602, 464, 4095, 365
803, 607, 629, 270, 186, 0, 816, 603, 464, 4095, 366
806, 563, 632, 268, 191, 0, 800, 607, 462, 4095, 362
809, 605, 627, 272, 192, 0, 815, 606, 462, 4095, 368
813, 606, 638, 275, 161, 0, 823, 614, 464, 4095, 368
817, 605, 641, 274, 197, 0, 827, 619, 464, 4095, 341
819, 611, 639, 274, 196, 0, 827, 622, 466, 4095, 368
821, 614, 651, 275, 198, 0, 831, 623, 464, 4095, 368
828, 618, 645, 276, 197, 0, 834, 621, 470, 4095, 366
830, 621, 649, 282, 202, 0, 838, 626, 464, 4095, 369
833, 611, 656, 275, 203, 0, 848, 629, 464, 4095, 375
835, 626, 659, 284, 208, 0, 847, 633, 465, 4095, 374
837, 630, 656, 284, 208, 0, 851, 636, 475, 4095, 379
846, 640, 652, 284, 211, 0, 853, 639, 474, 4095, 377
848, 641, 667, 278, 218, 0, 861, 639, 473, 4095, 384
849, 649, 672, 304, 211, 0, 864, 640, 471, 4095, 375
850, 627, 673, 288, 217, 0, 867, 645, 511, 4095, 382
852, 662, 683, 290, 222, 0, 867, 649, 475, 4095, 379
859, 668, 685, 292, 222, 0, 880, 650, 472, 4095, 387
861, 667, 687, 291, 222, 0, 880, 652, 469, 4095, 385
865, 675, 691, 293, 222, 0, 880, 656, 477, 4095, 385
869, 675, 688, 291, 223, 0, 886, 655, 471, 4095, 383
867, 678, 688, 292, 224, 0, 886, 658, 450, 4095, 368
862, 685, 699, 290, 226, 0, 891, 656, 477, 4095, 390
877, 689, 701, 289, 224, 0, 895, 660, 479, 4095, 388
877, 695, 704, 295, 227, 0, 895, 662, 479, 4095, 394
881, 689, 703, 293, 228, 0, 897, 671, 480, 4095, 394
883, 699, 704, 301, 228, 0, 912, 669, 480, 4095, 383
886, 698, 710, 295, 233, 0, 903, 675, 478, 4095, 387
883, 705, 705, 293, 228, 0, 911, 672, 475, 4095, 388
891, 713, 709, 301, 235, 0, 912, 675, 473, 4095, 393
895, 709, 717, 295, 233, 0, 911, 681, 478, 4095, 395
895, 720, 721, 304, 230, 0, 913, 683, 481, 4095, 395
897, 741, 713, 304, 237, 0, 912, 675, 471, 4095, 448
900, 729, 720, 304, 240, 0, 921, 688, 481, 4095, 395
903, 737, 720, 304, 240, 0, 926, 688, 480, 4095, 393
906, 741, 784, 305, 240, 0, 930, 691, 485, 4095, 399
906, 749, 731, 303, 242, 0, 929, 693, 480, 4095, 391
909, 751, 727, 304, 247, 6, 932, 690, 477, 4095, 400
911, 764, 735, 307, 241, 0, 939, 693, 476, 4095, 375
912, 755, 739, 307, 245, 0, 941, 691, 485, 4095, 401
912, 765, 731, 309, 251, 0, 940, 695, 477, 4095, 404
913, 768, 744, 306, 250, 0, 944, 701, 482, 4095, 404
916, 771, 743, 309, 253, 0, 944, 680, 481, 4095, 401
915, 779, 749, 312, 249, 0, 947, 701, 489, 4095, 406
919, 784, 750, 315, 253, 0, 949, 704, 481, 4095, 400
923, 784, 751, 315, 254, 0, 949, 709, 486, 4095, 400
921, 784, 752, 314, 254, 0, 954, 702, 482, 4095, 403
923, 785, 752, 316, 250, 0, 957, 702, 489, 4095, 401
924, 788, 752, 313, 250, 0, 957, 707, 492, 4095, 401
929, 787, 755, 318, 253, 0, 960, 711, 485, 4095, 405
929, 784, 754, 320, 255, 0, 960, 714, 487, 4095, 400
931, 787, 747, 314, 250, 0, 962, 715, 489, 4095, 398
929, 786, 764, 318, 252, 0, 960, 717, 483, 4095, 399
933, 784, 754, 311, 249, 0, 959, 714, 487, 4095, 399
933, 780, 750, 318, 245, 0, 961, 715, 483, 4095, 391
936, 782, 752, 320, 243, 0, 961, 720, 487, 4095, 405
937, 772, 752, 317, 240, 0, 959, 720, 490, 4095, 391
937, 768, 740, 322, 240, 0, 958, 720, 490, 4095, 395
935, 772, 758, 325, 239, 0, 959, 721, 484, 4095, 384
941, 763, 752, 320, 238, 0, 959, 720, 485, 4095, 385
939, 759, 752, 315, 235, 0, 955, 719, 491, 4095, 386
944, 757, 749, 317, 230, 0, 954, 720, 489, 4095, 387
943, 755, 753, 323, 231, 0, 957, 721, 484, 4095, 382
944, 752, 749, 318, 228, 0, 955, 720, 482, 4095, 389
944, 754, 745, 313, 229, 0, 957, 720, 490, 4095, 383
944, 753, 751, 315, 226, 0, 957, 720, 489, 4095, 381
944, 752, 750, 318, 227, 0, 958, 724, 487, 4095, 391
945, 752, 752, 319, 229, 0, 958, 726, 494, 4095, 385
949, 756, 752, 313, 235, 0, 960, 722, 486, 4095, 390
953, 762, 758, 316, 229, 0, 961, 730, 494, 4095, 389
957, 759, 755, 311, 231, 0, 963, 730, 494, 4095, 399
958, 769, 763, 314, 240, 0, 965, 736, 480, 4095, 395
957, 770, 765, 317, 236, 0, 994, 735, 487, 4095, 395
962, 784, 762, 321, 239, 0, 971, 738, 493, 4095, 395
962, 781, 771, 320, 240, 0, 975, 740, 494, 4095, 399
966, 784, 773, 320, 240, 0, 976, 738, 488, 4095, 398
966, 791, 770, 320, 242, 0, 976, 778, 488, 4095, 402
966, 793, 776, 327, 240, 0, 976, 747, 491, 4095, 400
971, 795, 784, 317, 242, 0, 977, 743, 465, 4095, 389
972, 800, 782, 320, 245, 0, 981, 746, 494, 4095, 406
973, 809, 784, 317, 246, 0, 985, 752, 483, 4095, 405
976, 814, 805, 320, 241, 0, 989, 752, 493, 4095, 410
975, 814, 782, 320, 241, 0, 991, 732, 492, 4095, 400
976, 816, 789, 325, 245, 0, 988, 752, 494, 4095, 401
976, 817, 801, 320, 246, 0, 993, 755, 492, 4095, 401
976, 819, 800, 321, 245, 0, 997, 757, 490, 4095, 406
979, 819, 794, 327, 245, 0, 998, 761, 487, 4095, 402
982, 822, 791, 326, 249, 0, 999, 757, 489, 4095, 405
986, 823, 794, 327, 249, 0, 1003, 765, 494, 4095, 402
986, 820, 786, 322, 243, 0, 1003, 761, 493, 4095, 401
988, 819, 794, 335, 252, 0, 1003, 766, 491, 4095, 400
989, 817, 802, 332, 249, 0, 1005, 756, 486, 4095, 404
992, 819, 801, 333, 250, 0, 1006, 765, 495, 4095, 395
991, 816, 793, 331, 247, 0, 1004, 767, 495, 4095, 400
990, 815, 801, 326, 247, 0, 1007, 766, 486, 4095, 399
991, 800, 798, 334, 243, 0, 997, 766, 490, 4095, 398
995, 813, 794, 329, 240, 0, 1007, 767, 494, 4095, 398
993, 811, 801, 331, 242, 0, 1008, 765, 496, 4095, 395
992, 802, 798, 336, 242, 0, 1008, 767, 496, 4095, 395
993, 800, 789, 336, 240, 0, 1008, 752, 494, 4095, 387
995, 803, 791, 321, 241, 0, 1005, 769, 491, 4095, 394
1002, 787, 797, 330, 240, 0, 1007, 770, 494, 4095, 401
998, 799, 793, 336, 240, 0, 1004, 773, 492, 4095, 387
1001, 787, 784, 336, 240, 0, 1008, 771, 495, 4095, 391
999, 790, 799, 336, 236, 0, 1006, 775, 493, 4095, 384
1004, 785, 788, 330, 239, 0, 1008, 773, 492, 4095, 382
1002, 784, 786, 336, 240, 0, 1008, 771, 490, 4095, 381
1005, 783, 784, 336, 236, 0, 1005, 771, 491, 4095, 386
1019, 784, 788, 337, 234, 0, 1005, 769, 493, 4095, 384
1000, 778, 784, 331, 233, 0, 999, 771, 496, 4095, 377
1002, 781, 785, 327, 237, 0, 1002, 768, 493, 4095, 381
1002, 778, 778, 336, 237, 0, 1005, 771, 496, 4095, 385
999, 780, 773, 334, 238, 0, 988, 766, 493, 4095, 377
995, 775, 769, 335, 238, 0, 998, 765, 496, 4095, 379
971, 781, 768, 335, 239, 0, 996, 765, 496, 4095, 379
985, 781, 760, 336, 239, 0, 998, 765, 494, 4095, 378
984, 782, 766, 335, 239, 0, 996, 761, 494, 4095, 375
981, 782, 763, 327, 238, 0, 995, 756, 493, 4095, 379
976, 784, 763, 330, 238, 0, 1003, 759, 495, 4095, 379
976, 785, 769, 326, 240, 0, 993, 756, 486, 4095, 382
979, 791, 768, 336, 238, 0, 998, 756, 491, 4095, 386
976, 791, 796, 331, 240, 0, 999, 754, 494, 4095, 383
983, 800, 772, 333, 240, 0, 1002, 758, 493, 4095, 385
981, 805, 769, 351, 240, 0, 1001, 761, 496, 4095, 394
978, 809, 767, 333, 241, 0, 1005, 759, 509, 4095, 397
985, 816, 774, 338, 241, 0, 1003, 768, 496, 4095, 395
985, 815, 777, 336, 243, 0, 1008, 768, 491, 4095, 396
990, 819, 781, 336, 246, 0, 1008, 771, 494, 4095, 394
991, 821, 786, 335, 241, 0, 1009, 772, 492, 4095, 397
995, 826, 790, 338, 234, 0, 1015, 777, 496, 4095, 398
993, 832, 797, 339, 247, 0, 1015, 778, 492, 4095, 373
994, 830, 794, 337, 251, 0, 1014, 781, 494, 4095, 395
995, 834, 795, 336, 251, 0, 1022, 784, 492, 4095, 406
998, 843, 802, 337, 251, 0, 1030, 784, 496, 4095, 407
1002, 848, 805, 337, 253, 0, 1029, 784, 496, 4095, 406
1004, 848, 809, 339, 253, 0, 1038, 786, 496, 4095, 404
1007, 850, 809, 337, 254, 0, 1034, 786, 496, 4095, 412
1007, 854, 806, 341, 257, 0, 1040, 791, 494, 4095, 402
1009, 865, 813, 340, 256, 0, 1040, 789, 496, 4095, 408
1008, 870, 816, 346, 257, 0, 1040, 794, 492, 4095, 411
1007, 873, 813, 349, 258, 0, 1042, 795, 496, 4095, 414
1009, 896, 819, 346, 258, 0, 1011, 797, 496, 4095, 417
1008, 885, 821, 342, 261, 0, 1047, 793, 497, 4095, 421
1015, 890, 823, 345, 265, 0, 1049, 794, 496, 4095, 415
1011, 892, 827, 347, 260, 0, 1051, 796, 497, 4095, 419
1013, 896, 832, 352, 263, 0, 1053, 802, 496, 4095, 421
1013, 903, 829, 319, 263, 0, 1051, 800, 493, 4095, 422
1017, 903, 832, 351, 268, 0, 1056, 801, 494, 4095, 417
1017, 910, 833, 350, 265, 0, 1054, 799, 496, 4095, 417
1015, 912, 832, 344, 268, 0, 1056, 798, 492, 4095, 422
1021, 921, 833, 352, 267, 0, 1058, 806, 496, 4095, 428
1022, 921, 844, 356, 271, 0, 1059, 795, 496, 4095, 430
1019, 928, 837, 353, 268, 0, 1061, 805, 496, 4095, 421
1023, 924, 848, 356, 267, 0, 1061, 807, 480, 4095, 429
1029, 929, 843, 354, 268, 0, 1066, 800, 494, 4095, 418
1029, 932, 845, 355, 271, 0, 1066, 801, 496, 4095, 429
1023, 928, 839, 353, 271, 0, 1063, 810, 490, 4095, 426
1030, 930, 846, 359, 270, 0, 1069, 810, 496, 4095, 426
1022, 929, 848, 352, 257, 0, 1066, 808, 496, 4095, 425
1029, 930, 846, 355, 271, 0, 1066, 811, 496, 4095, 419
1036, 934, 847, 357, 271, 0, 1067, 809, 497, 4095, 427
1029, 933, 849, 358, 272, 0, 1072, 806, 498, 4095, 430
1031, 933, 849, 357, 272, 0, 1067, 814, 498, 4095, 426
1022, 930, 850, 356, 270, 0, 1071, 814, 496, 4095, 425
1030, 934, 850, 359, 271, 0, 1102, 815, 496, 4095, 430
1031, 929, 857, 362, 271, 0, 1068, 816, 494, 4095, 431
1033, 930, 848, 359, 270, 0, 1072, 813, 500, 4095, 427
1035, 935, 835, 358, 268, 0, 1072, 816, 496, 4095, 425
1031, 932, 855, 355, 272, 0, 1072, 813, 497, 4095, 430
1033, 931, 851, 331, 271, 0, 1072, 813, 496, 4095, 425
1030, 944, 855, 362, 267, 0, 1071, 816, 496, 4095, 390
1033, 924, 849, 359, 268, 0, 1073, 812, 499, 4095, 419
1035, 927, 854, 357, 268, 0, 1073, 816, 496, 4095, 415
1032, 925, 841, 353, 271, 0, 1072, 817, 494, 4095, 423
1037, 929, 854, 350, 267, 0, 1071, 816, 491, 4095, 411
1031, 929, 847, 334, 277, 0, 1071, 816, 496, 4095, 419
1038, 926, 849, 340, 263, 0, 1069, 810, 486, 4095, 446
1035, 932, 850, 338, 267, 0, 1068, 813, 493, 4095, 407
1034, 925, 839, 342, 264, 0, 1067, 813, 493, 4095, 411
1019, 927, 844, 343, 261, 0, 1069, 807, 496, 4095, 407
1017, 919, 833, 343, 257, 0, 1065, 801, 495, 4095, 406
1013, 915, 836, 335, 262, 0, 1059, 800, 490, 4095, 404
1011, 918, 837, 338, 255, 0, 1057, 797, 493, 4095, 401
1008, 912, 831, 336, 251, 0, 1054, 795, 492, 4095, 400
1007, 912, 831, 336, 249, 0, 1050, 796, 485, 4095, 403
1007, 911, 830, 336, 251, 0, 1043, 798, 491, 4095, 404
1005, 912, 827, 331, 247, 0, 1043, 798, 493, 4095, 401
1005, 911, 831, 337, 243, 0, 1041, 789, 494, 4095, 404
1005, 903, 825, 336, 245, 0, 1042, 796, 490, 4095, 402
1006, 905, 825, 336, 246, 0, 1040, 793, 491, 4095, 409
1003, 908, 832, 337, 243, 0, 1040, 792, 492, 4095, 411
1006, 903, 834, 336, 243, 0, 1045, 800, 489, 4095, 405
1008, 911, 827, 332, 243, 0, 1040, 798, 486, 4095, 403
1008, 880, 838, 336, 243, 0, 1042, 798, 494, 4095, 408
1008, 911, 837, 339, 240, 0, 1041, 797, 485, 4095, 411
1009, 912, 842, 336, 243, 0, 1046, 800, 489, 4095, 410
1009, 915, 814, 336, 245, 0, 1047, 801, 494, 4095, 418
1011, 912, 842, 339, 246, 0, 1052, 783, 495, 4095, 411
1014, 915, 838, 336, 222, 0, 1050, 811, 491, 4095, 427
1013, 917, 843, 336, 245, 0, 1053, 806, 489, 4095, 422
1015, 922, 851, 340, 249, 0, 1055, 807, 495, 4095, 426
1017, 922, 850, 343, 251, 0, 1061, 809, 496, 4095, 431
1023, 929, 848, 345, 252, 0, 1061, 807, 493, 4095, 418
1023, 925, 849, 344, 252, 0, 1061, 815, 495, 4095, 425
1028, 931, 851, 347, 252, 0, 1067, 810, 494, 4095, 424
1022, 930, 857, 348, 249, 0, 1069, 811, 496, 4095, 426
1033, 929, 855, 346, 254, 0, 1069, 816, 490, 4095, 430
1031, 939, 863, 350, 255, 0, 1070, 816, 496, 4095, 426
1022, 935, 863, 346, 258, 0, 1072, 817, 495, 4095, 421
1031, 931, 867, 343, 261, 0, 1072, 816, 486, 4095, 420
1030, 955, 864, 352, 259, 0, 1072, 816, 493, 4095, 430
1035, 939, 866, 354, 263, 0, 1077, 819, 494, 4095, 431
1035, 944, 867, 346, 260, 0, 1079, 816, 496, 4095, 420
1038, 935, 862, 351, 267, 0, 1083, 819, 496, 4095, 431
1039, 938, 863, 359, 265, 0, 1078, 821, 495, 4095, 428
1040, 941, 868, 317, 263, 0, 1082, 819, 496, 4095, 429
1037, 950, 878, 355, 263, 0, 1082, 820, 462, 4095, 403
1040, 943, 873, 355, 268, 0, 1083, 826, 497, 4095, 436
1039, 942, 879, 362, 265, 0, 1082, 828, 497, 4095, 432
1040, 944, 867, 355, 266, 0, 1087, 823, 493, 4095, 433
1041, 944, 865, 361, 266, 0, 1087, 825, 499, 4095, 434
1040, 944, 874, 362, 274, 0, 1086, 824, 496, 4095, 435
1041, 951, 874, 359, 267, 0, 1088, 829, 496, 4095, 437
1019, 944, 873, 366, 267, 0, 1085, 827, 497, 4095, 432
1042, 949, 870, 368, 267, 0, 1088, 830, 497, 4095, 432
1042, 944, 874, 361, 267, 0, 1087, 828, 498, 4095, 438
1043, 945, 870, 367, 271, 0, 1088, 827, 496, 4095, 434
1044, 948, 877, 368, 269, 0, 1073, 829, 493, 4095, 443
1042, 950, 874, 362, 265, 0, 1089, 827, 494, 4095, 435
1041, 949, 880, 362, 270, 0, 1088, 831, 496, 4095, 437
1043, 944, 943, 363, 263, 0, 1088, 830, 493, 4095, 432
1043, 950, 880, 364, 264, 0, 1091, 832, 498, 4095, 432
1042, 949, 880, 368, 249, 0, 1090, 830, 499, 4095, 432
1050, 947, 878, 364, 263, 0, 1088, 831, 496, 4095, 429
1043, 947, 881, 368, 259, 0, 1088, 834, 496, 4095, 432
1046, 949, 883, 368, 263, 0, 1088, 830, 497, 4095, 432
1051, 950, 893, 368, 263, 0, 1089, 831, 496, 4095, 432
1051, 947, 875, 365, 262, 0, 1087, 836, 496, 4095, 430
1054, 949, 883, 363, 259, 0, 1085, 833, 494, 4095, 431
1051, 944, 880, 368, 261, 0, 1087, 834, 505, 4095, 431
1040, 944, 880, 366, 257, 0, 1088, 831, 496, 4095, 431
1050, 944, 871, 367, 256, 0, 1085, 831, 495, 4095, 424
1054, 944, 880, 367, 250, 0, 1087, 832, 498, 4095, 431
1053, 943, 877, 368, 251, 0, 1083, 831, 499, 4095, 424
1054, 938, 878, 368, 247, 0, 1083, 832, 501, 4095, 422
1055, 931, 880, 368, 245, 0, 1082, 833, 496, 4095, 422
1081, 929, 868, 363, 247, 0, 1082, 833, 496, 4095, 419
1059, 929, 875, 368, 244, 0, 1079, 829, 499, 4095, 414
1053, 922, 866, 364, 240, 0, 1073, 827, 497, 4095, 409
1053, 925, 862, 357, 241, 0, 1074, 831, 500, 4095, 405
1055, 864, 861, 365, 241, 0, 1072, 825, 496, 4095, 375
1055, 910, 855, 361, 240, 0, 1072, 827, 499, 4095, 400
1055, 911, 848, 361, 237, 0, 1069, 823, 493, 4095, 411
1054, 903, 846, 359, 239, 0, 1071, 827, 498, 4095, 401
1051, 905, 848, 364, 234, 0, 1068, 825, 498, 4095, 406
1056, 901, 847, 353, 238, 0, 1068, 829, 496, 4095, 409
1054, 877, 847, 359, 234, 0, 1069, 823, 517, 4095, 400
1055, 909, 846, 359, 235, 0, 1063, 827, 494, 4095, 399
1054, 909, 847, 367, 240, 0, 1067, 826, 496, 4095, 400
1057, 907, 848, 359, 237, 0, 1070, 828, 496, 4095, 403
1054, 909, 840, 361, 238, 0, 1069, 830, 496, 4095, 410
1056, 907, 848, 358, 245, 0, 1065, 829, 499, 4095, 410
1056, 906, 841, 358, 235, 0, 1071, 830, 499, 4095, 405
1082, 909, 846, 358, 239, 0, 1072, 831, 497, 4095, 402
1056, 907, 849, 368, 237, 0, 1069, 831, 498, 4095, 406
1058, 909, 851, 366, 234, 0, 1072, 830, 496, 4095, 406
1058, 911, 852, 364, 234, 0, 1072, 835, 496, 4095, 414
1058, 910, 851, 365, 210, 0, 1072, 830, 498, 4095, 401
1061, 901, 854, 363, 234, 0, 1073, 834, 496, 4095, 414
1057, 903, 858, 360, 235, 0, 1072, 833, 497, 4095, 409
1058, 902, 854, 357, 234, 0, 1072, 837, 494, 4095, 405
1062, 897, 858, 366, 229, 0, 1072, 832, 496, 4095, 410
1061, 896, 851, 358, 231, 0, 1072, 830, 496, 4095, 407
1065, 901, 860, 359, 231, 0, 1072, 832, 497, 4095, 405
1066, 896, 852, 359, 233, 0, 1072, 833, 495, 4095, 400
1070, 893, 863, 362, 231, 0, 1072, 837, 498, 4095, 406
1067, 895, 866, 355, 232, 0, 1073, 837, 493, 4095, 414
1068, 897, 859, 357, 230, 0, 1072, 841, 496, 4095, 409
1063, 891, 871, 366, 227, 0, 1073, 842, 496, 4095, 411
1070, 870, 861, 366, 231, 0, 1073, 839, 529, 4095, 400
1070, 892, 864, 368, 236, 0, 1073, 839, 496, 4095, 407
1071, 894, 863, 363, 231, 0, 1075, 838, 496, 4095, 411
1072, 890, 866, 358, 234, 0, 1077, 842, 493, 4095, 407
1072, 893, 865, 366, 237, 0, 1076, 839, 495, 4095, 411
1071, 891, 871, 368, 218, 0, 1075, 843, 494, 4095, 402
1069, 886, 867, 368, 233, 0, 1076, 838, 501, 4095, 409
1072, 887, 869, 368, 233, 0, 1078, 845, 497, 4095, 408
1072, 886, 869, 368, 236, 0, 1079, 842, 497, 4095, 413
1074, 880, 869, 367, 234, 0, 1082, 841, 495, 4095, 403
1074, 883, 871, 368, 234, 0, 1083, 846, 497, 4095, 403
1072, 885, 870, 369, 235, 0, 1083, 845, 496, 4095, 404
1072, 880, 858, 370, 237, 0, 1085, 841, 496, 4095, 404
1073, 877, 864, 369, 236, 0, 1086, 846, 496, 4095, 401
1072, 880, 858, 368, 239, 0, 1085, 845, 499, 4095, 407
1072, 879, 857, 372, 239, 0, 1079, 845, 497, 4095, 404
1072, 873, 864, 378, 234, 0, 1079, 845, 496, 4095, 405
1073, 871, 863, 368, 233, 0, 1104, 848, 498, 4095, 404
1073, 876, 865, 368, 237, 0, 1084, 842, 496, 4095, 403
1073, 872, 862, 368, 239, 0, 1079, 846, 496, 4095, 407
1072, 871, 874, 367, 237, 0, 1083, 847, 497, 4095, 400
1072, 875, 868, 368, 238, 0, 1085, 843, 496, 4095, 405
1072, 866, 859, 416, 235, 0, 1079, 848, 494, 4095, 402
1075, 867, 870, 369, 237, 0, 1083, 843, 496, 4095, 403
1073, 863, 861, 368, 238, 0, 1082, 841, 494, 4095, 405
1073, 864, 867, 373, 235, 0, 1083, 848, 495, 4095, 410
1073, 866, 862, 368, 238, 0, 1080, 848, 496, 4095, 400
1074, 865, 863, 373, 230, 0, 1087, 848, 496, 4095, 403
1072, 864, 864, 371, 234, 12, 1082, 844, 497, 4095, 410
1072, 857, 865, 372, 232, 0, 1082, 847, 497, 4095, 400
1072, 862, 862, 370, 228, 0, 1078, 843, 494, 4095, 400
1074, 854, 866, 368, 230, 0, 1082, 847, 496, 4095, 404
1074, 857, 864, 368, 227, 0, 1078, 841, 495, 4095, 397
1074, 851, 864, 368, 226, 0, 1077, 847, 496, 4095, 400
1075, 858, 864, 362, 224, 0, 1077, 847, 496, 4095, 399
1073, 852, 861, 367, 224, 0, 1074, 843, 496, 4095, 400
1073, 849, 859, 367, 222, 0, 1075, 843, 495, 4095, 395
1073, 848, 885, 367, 223, 0, 1070, 844, 496, 4095, 396
1075, 847, 864, 362, 220, 0, 1072, 841, 495, 4095, 402
1073, 846, 858, 364, 217, 0, 1073, 839, 493, 4095, 399
1073, 878, 859, 361, 217, 0, 1051, 848, 495, 4095, 397
1072, 843, 859, 361, 215, 0, 1071, 845, 496, 4095, 391
1072, 843, 852, 358, 213, 0, 1067, 841, 489, 4095, 386
1072, 842, 851, 356, 215, 0, 1065, 838, 494, 4095, 398
1073, 837, 853, 352, 211, 0, 1062, 848, 496, 4095, 389
1072, 830, 853, 347, 207, 0, 1063, 841, 490, 4095, 393
1073, 837, 857, 343, 209, 0, 1065, 837, 499, 4095, 398
1072, 838, 848, 340, 210, 0, 1059, 836, 489, 4095, 395
1072, 842, 860, 336, 208, 0, 1061, 841, 491, 4095, 400
1072, 848, 850, 335, 214, 0, 1065, 837, 486, 4095, 399
1071, 850, 849, 332, 215, 0, 1063, 839, 483, 4095, 400
1061, 862, 849, 326, 217, 0, 1058, 838, 487, 4095, 401
1055, 869, 848, 333, 213, 0, 1066, 838, 486, 4095, 401
1050, 879, 848, 322, 219, 0, 1071, 831, 483, 4095, 403
1041, 882, 851, 326, 222, 0, 1069, 828, 489, 4095, 407
1039, 889, 844, 324, 221, 0, 1071, 816, 480, 4095, 398
1030, 895, 842, 317, 217, 0, 1069, 822, 477, 4095, 400
1019, 909, 845, 319, 222, 0, 1069, 817, 468, 4095, 385
1014, 898, 845, 320, 217, 0, 1062, 822, 472, 4095, 400
1010, 906, 845, 311, 221, 0, 1059, 816, 480, 4095, 397
1008, 906, 841, 310, 214, 0, 1057, 816, 477, 4095, 395
1004, 903, 836, 306, 218, 0, 1057, 784, 479, 4095, 400
1001, 910, 838, 304, 221, 0, 1050, 814, 470, 4095, 397
1003, 928, 832, 307, 220, 0, 1050, 806, 448, 4095, 415
996, 910, 834, 307, 216, 0, 1047, 811, 475, 4095, 394
991, 906, 822, 308, 214, 0, 1042, 807, 471, 4095, 388
991, 912, 819, 305, 215, 0, 1041, 807, 467, 4095, 393
986, 909, 816, 304, 214, 0, 1040, 801, 471, 4095, 394
983, 911, 818, 303, 190, 0, 1040, 801, 467, 4095, 393
978, 910, 813, 304, 212, 0, 1036, 800, 478, 4095, 397
985, 911, 816, 304, 218, 0, 1037, 794, 469, 4095, 390
977, 912, 810, 304, 215, 0, 1034, 800, 465, 4095, 391
976, 910, 810, 301, 213, 0, 1035, 795, 464, 4095, 394
975, 913, 806, 299, 214, 0, 1035, 796, 466, 4095, 393
975, 913, 814, 297, 211, 0, 1037, 795, 465, 4095, 395
971, 912, 810, 306, 208, 0, 1036, 795, 466, 4095, 391
969, 915, 802, 294, 208, 0, 1032, 796, 464, 4095, 385
967, 912, 803, 300, 211, 0, 1034, 794, 467, 4095, 395
966, 912, 811, 299, 209, 0, 1030, 791, 467, 4095, 400
963, 913, 802, 302, 208, 0, 1035, 793, 465, 4095, 397
965, 915, 811, 303, 210, 0, 1009, 795, 467, 4095, 393
961, 912, 807, 305, 208, 0, 1033, 794, 465, 4095, 397
967, 914, 805, 304, 208, 0, 1035, 791, 469, 4095, 395
967, 913, 805, 299, 209, 0, 1035, 794, 465, 4095, 400
969, 915, 806, 302, 210, 0, 1036, 835, 465, 4095, 398
975, 912, 800, 299, 208, 0, 1039, 794, 465, 4095, 400
973, 914, 812, 304, 208, 0, 1036, 799, 438, 4095, 419
978, 912, 811, 304, 210, 0, 1040, 797, 466, 4095, 396
976, 911, 810, 304, 208, 0, 1040, 803, 470, 4095, 399
976, 910, 814, 306, 207, 0, 1038, 800, 465, 4095, 399
983, 912, 814, 308, 207, 0, 1037, 816, 471, 4095, 395
983, 911, 818, 309, 209, 0, 1040, 800, 464, 4095, 400
985, 910, 822, 308, 208, 0, 1040, 800, 462, 4095, 390
978, 909, 822, 306, 205, 0, 1040, 800, 467, 4095, 396
990, 904, 816, 309, 208, 0, 1042, 804, 469, 4095, 392
995, 901, 819, 304, 205, 0, 1040, 809, 467, 4095, 397
999, 897, 821, 308, 203, 0, 1040, 806, 466, 4095, 394
1002, 903, 822, 305, 193, 0, 1038, 803, 465, 4095, 399
1003, 897, 819, 309, 204, 0, 1040, 805, 466, 4095, 397
1001, 901, 827, 311, 200, 0, 1040, 807, 464, 4095, 400
1008, 896, 830, 307, 202, 0, 1039, 807, 464, 4095, 399
1008, 899, 823, 313, 202, 0, 1040, 811, 469, 4095, 398
1006, 896, 827, 306, 201, 0, 1040, 807, 468, 4095, 398
1009, 948, 829, 308, 202, 0, 1038, 809, 464, 4095, 397
1009, 895, 833, 307, 198, 0, 1041, 807, 464, 4095, 400
1008, 892, 833, 311, 202, 0, 1040, 809, 466, 4095, 395
1011, 891, 817, 311, 197, 0, 1040, 811, 464, 4095, 397
1014, 897, 828, 307, 198, 0, 1039, 845, 466, 4095, 395
1015, 890, 823, 314, 187, 0, 1037, 807, 469, 4095, 393
1013, 894, 838, 309, 198, 0, 1037, 805, 493, 4095, 398
1013, 891, 823, 311, 195, 0, 1035, 801, 466, 4095, 394
1013, 885, 829, 309, 192, 0, 1031, 807, 465, 4095, 400
1020, 887, 823, 306, 190, 0, 1029, 806, 464, 4095, 396
1019, 882, 825, 315, 195, 0, 1023, 802, 468, 4095, 395
1018, 883, 830, 314, 195, 0, 1029, 811, 466, 4095, 389
1019, 883, 830, 318, 198, 0, 1034, 811, 468, 4095, 392
1021, 882, 834, 319, 195, 0, 1030, 806, 469, 4095, 391
1022, 882, 824, 314, 195, 0, 1031, 809, 466, 4095, 395
1029, 882, 830, 307, 198, 0, 1030, 806, 464, 4095, 393
1023, 884, 825, 311, 201, 0, 1036, 811, 465, 4095, 392
1023, 885, 829, 319, 198, 0, 1069, 807, 464, 4095, 400
1030, 890, 818, 315, 206, 0, 1037, 813, 464, 4095, 398
1029, 887, 831, 317, 207, 0, 1040, 809, 469, 4095, 399
1030, 886, 803, 320, 206, 0, 1040, 810, 470, 4095, 399
1034, 883, 831, 314, 208, 0, 1038, 809, 466, 4095, 398
1029, 893, 824, 317, 208, 0, 1040, 812, 465, 4095, 398
1030, 894, 833, 321, 208, 0, 1042, 815, 464, 4095, 394
1029, 891, 822, 322, 208, 0, 1045, 812, 469, 4095, 396
1035, 894, 822, 323, 209, 0, 1045, 807, 464, 4095, 395
1031, 896, 821, 318, 208, 0, 1049, 815, 464, 4095, 384
1033, 888, 831, 321, 208, 0, 1045, 811, 469, 4095, 389
1034, 893, 829, 322, 210, 0, 1045, 811, 464, 4095, 395
1034, 893, 816, 314, 210, 0, 1042, 809, 467, 4095, 390
1023, 893, 827, 322, 211, 0, 1048, 815, 466, 4095, 393
1037, 895, 816, 319, 209, 0, 1045, 814, 464, 4095, 389
1038, 894, 821, 319, 214, 0, 1049, 806, 464, 4095, 391
1035, 886, 816, 320, 209, 0, 1050, 816, 467, 4095, 391
1032, 893, 816, 320, 220, 0, 1046, 813, 467, 4095, 387
1035, 893, 816, 324, 213, 0, 1047, 806, 468, 4095, 395
1057, 893, 823, 323, 211, 0, 1052, 813, 467, 4095, 394
1038, 893, 825, 314, 212, 0, 1049, 814, 464, 4095, 398
1039, 896, 825, 323, 214, 0, 1051, 813, 467, 4095, 394
1037, 896, 828, 327, 211, 0, 1051, 811, 470, 4095, 391
1040, 865, 832, 323, 213, 0, 1055, 813, 470, 4095, 397
1040, 897, 826, 322, 213, 0, 1053, 811, 467, 4095, 398
1038, 902, 830, 324, 211, 0, 1051, 811, 471, 4095, 398
1040, 896, 795, 319, 213, 0, 1047, 815, 470, 4095, 397
1040, 899, 823, 324, 208, 0, 1050, 823, 468, 4095, 399
1039, 899, 826, 315, 208, 0, 1051, 815, 467, 4095, 402
1040, 899, 828, 325, 208, 0, 1049, 815, 464, 4095, 400
1041, 896, 832, 323, 211, 0, 1050, 814, 468, 4095, 395
1040, 897, 828, 320, 211, 0, 1051, 815, 464, 4095, 400
1040, 895, 832, 327, 210, 0, 1051, 816, 469, 4095, 399
1040, 893, 827, 320, 208, 0, 1050, 813, 471, 4095, 394
1042, 893, 830, 329, 222, 15, 1047, 816, 469, 4095, 397
1040, 895, 832, 321, 208, 0, 1049, 815, 451, 4095, 397
1037, 894, 835, 320, 209, 0, 1047, 816, 471, 4095, 400
1041, 894, 831, 323, 208, 0, 1052, 816, 464, 4095, 399
1044, 898, 839, 326, 209, 0, 1049, 816, 465, 4095, 402
1041, 900, 836, 324, 210, 0, 1051, 816, 467, 4095, 402
1040, 902, 843, 320, 208, 0, 1059, 816, 469, 4095, 400
1041, 903, 839, 320, 210, 0, 1049, 813, 467, 4095, 401
1044, 903, 838, 327, 213, 0, 1051, 816, 467, 4095, 404
1041, 907, 823, 325, 209, 0, 1054, 816, 463, 4095, 406
1041, 911, 843, 329, 211, 0, 1056, 816, 468, 4095, 401
1043, 912, 843, 327, 211, 0, 1056, 817, 471, 4095, 405
1041, 863, 843, 323, 214, 0, 1083, 816, 467, 4095, 405
1042, 912, 842, 331, 217, 0, 1055, 816, 467, 4095, 400
1044, 915, 847, 326, 214, 0, 1056, 816, 470, 4095, 405
1045, 912, 811, 325, 212, 0, 1057, 816, 472, 4095, 406
1049, 917, 844, 331, 211, 0, 1057, 811, 469, 4095, 411
1040, 910, 848, 324, 210, 0, 1055, 812, 464, 4095, 400
1042, 912, 847, 322, 208, 0, 1055, 816, 437, 4095, 416
1043, 912, 842, 328, 212, 0, 1057, 815, 464, 4095, 400
1041, 912, 841, 331, 211, 0, 1053, 815, 465, 4095, 399
1042, 912, 842, 330, 208, 0, 1056, 816, 465, 4095, 400
1040, 912, 845, 327, 210, 0, 1050, 816, 464, 4095, 403
1041, 911, 843, 334, 213, 0, 1051, 814, 465, 4095, 399
1041, 905, 847, 327, 211, 0, 1051, 816, 470, 4095, 407
1041, 912, 845, 333, 210, 0, 1052, 811, 467, 4095, 400
1042, 910, 840, 330, 210, 0, 1055, 812, 467, 4095, 405
1042, 906, 847, 327, 213, 0, 1056, 815, 464, 4095, 403
1040, 908, 847, 336, 215, 0, 1055, 817, 467, 4095, 401
1043, 895, 847, 329, 213, 0, 1057, 816, 470, 4095, 398
1044, 907, 847, 329, 213, 0, 1052, 816, 466, 4095, 400
1043, 900, 845, 335, 215, 0, 1058, 816, 472, 4095, 400
1042, 898, 807, 329, 212, 0, 1056, 815, 466, 4095, 395
1045, 897, 845, 336, 210, 0, 1056, 788, 467, 4095, 399
1047, 899, 847, 370, 213, 0, 1057, 815, 467, 4095, 395
1041, 901, 839, 330, 214, 0, 1057, 814, 473, 4095, 371
1045, 891, 836, 335, 209, 0, 1058, 815, 469, 4095, 399
1042, 887, 845, 336, 210, 0, 1053, 815, 467, 4095, 390
1044, 888, 833, 334, 208, 0, 1053, 815, 464, 4095, 389
1044, 883, 838, 334, 210, 0, 1050, 813, 465, 4095, 395
1041, 886, 830, 315, 209, 0, 1053, 806, 468, 4095, 390
1042, 880, 832, 336, 209, 0, 1050, 815, 473, 4095, 382
1040, 878, 830, 336, 209, 0, 1043, 807, 464, 4095, 387
1046, 880, 827, 330, 206, 0, 1044, 813, 466, 4095, 384
1041, 879, 826, 329, 206, 0, 1045, 806, 467, 4095, 387
1043, 869, 821, 333, 208, 0, 1045, 812, 470, 4095, 385
1043, 875, 826, 336, 208, 0, 1045, 810, 467, 4095, 386
1045, 869, 822, 329, 206, 0, 1045, 811, 467, 4095, 384
1037, 875, 821, 334, 206, 0, 1041, 812, 465, 4095, 390
1043, 875, 821, 336, 207, 0, 1040, 805, 467, 4095, 390
1044, 871, 827, 336, 203, 0, 1045, 811, 465, 4095, 390
1045, 869, 826, 334, 208, 0, 1045, 813, 470, 4095, 393
1046, 873, 827, 336, 208, 0, 1047, 813, 465, 4095, 361
1043, 870, 823, 336, 208, 0, 1049, 812, 471, 4095, 394
1042, 871, 825, 336, 208, 0, 1043, 811, 470, 4095, 386
1045, 874, 802, 336, 209, 0, 1048, 816, 471, 4095, 393
1047, 875, 830, 331, 208, 0, 1049, 816, 468, 4095, 391
1045, 877, 829, 337, 234, 0, 1054, 816, 470, 4095, 394
1046, 880, 838, 336, 213, 0, 1054, 814, 464, 4095, 368
1049, 880, 831, 342, 210, 0, 1056, 812, 466, 4095, 397
1046, 879, 835, 338, 215, 0, 1055, 816, 470, 4095, 398
1047, 881, 832, 342, 214, 0, 1056, 816, 466, 4095, 400
1049, 882, 843, 339, 219, 0, 1058, 815, 474, 4095, 397
1046, 882, 847, 336, 215, 0, 1057, 816, 473, 4095, 398
1049, 881, 832, 345, 218, 0, 1059, 816, 468, 4095, 398
1047, 889, 842, 337, 221, 0, 1059, 816, 464, 4095, 400
1047, 896, 837, 337, 213, 0, 1063, 819, 470, 4095, 399
1050, 892, 845, 336, 222, 0, 1057, 821, 468, 4095, 405
1051, 897, 843, 336, 215, 0, 1057, 819, 467, 4095, 403
1044, 901, 847, 336, 221, 0, 1063, 818, 470, 4095, 397
1053, 898, 844, 339, 223, 0, 1065, 819, 469, 4095, 400
1046, 905, 848, 336, 224, 0, 1066, 817, 472, 4095, 399
1051, 906, 846, 336, 219, 0, 1062, 818, 470, 4095, 401
1047, 907, 848, 341, 225, 0, 1070, 834, 474, 4095, 401
1049, 913, 846, 333, 214, 0, 1066, 820, 471, 4095, 405
1051, 880, 841, 337, 224, 0, 1069, 821, 469, 4095, 406
1050, 913, 849, 347, 224, 0, 1069, 819, 471, 4095, 410
1051, 913, 848, 341, 222, 0, 1069, 818, 469, 4095, 404
1050, 915, 850, 346, 225, 0, 1071, 818, 469, 4095, 411
1053, 921, 848, 342, 226, 0, 1070, 820, 471, 4095, 401
1047, 919, 848, 343, 225, 0, 1071, 818, 464, 4095, 407
1047, 918, 848, 342, 226, 0, 1072, 819, 466, 4095, 405
1058, 923, 848, 339, 223, 0, 1072, 816, 464, 4095, 405
1046, 921, 847, 347, 226, 0, 1072, 817, 468, 4095, 407
1049, 918, 854, 346, 224, 0, 1072, 821, 465, 4095, 410
1052, 928, 848, 343, 226, 0, 1072, 821, 473, 4095, 414
1053, 928, 849, 350, 224, 0, 1072, 825, 471, 4095, 410
1047, 927, 850, 346, 224, 0, 1071, 823, 464, 4095, 404
1051, 927, 848, 346, 226, 0, 1071, 815, 470, 4095, 407
1047, 919, 831, 346, 229, 0, 1070, 821, 472, 4095, 401
1047, 923, 838, 348, 226, 0, 1072, 816, 473, 4095, 403
1047, 925, 844, 343, 224, 0, 1067, 818, 470, 4095, 403
1040, 933, 827, 349, 227, 0, 1069, 817, 478, 4095, 400
1041, 917, 832, 349, 222, 0, 1070, 816, 467, 4095, 401
1044, 914, 834, 351, 221, 0, 1070, 817, 474, 4095, 400
1040, 912, 837, 343, 217, 0, 1067, 816, 475, 4095, 394
1040, 912, 826, 342, 224, 0, 1062, 816, 466, 4095, 397
1040, 910, 827, 361, 217, 0, 1065, 814, 472, 4095, 397
1040, 910, 826, 349, 219, 0, 1063, 814, 450, 4095, 399
1040, 907, 819, 345, 217, 0, 1061, 816, 475, 4095, 390
1043, 899, 818, 352, 217, 0, 1059, 816, 469, 4095, 394
1043, 896, 818, 349, 220, 0, 1059, 813, 467, 4095, 391
1040, 896, 824, 347, 221, 0, 1059, 816, 470, 4095, 393
1042, 894, 822, 349, 217, 0, 1062, 814, 467, 4095, 388
1042, 890, 818, 351, 214, 0, 1063, 816, 465, 4095, 391
1037, 886, 819, 343, 217, 0, 1063, 816, 467, 4095, 400
1043, 891, 821, 350, 217, 0, 1061, 816, 471, 4095, 396
1041, 891, 821, 350, 211, 0, 1059, 815, 471, 4095, 393
1043, 884, 825, 343, 215, 0, 1062, 816, 464, 4095, 399
1045, 944, 830, 347, 214, 0, 1040, 818, 467, 4095, 395
1046, 881, 833, 347, 214, 0, 1063, 819, 469, 4095, 397
1045, 885, 832, 347, 216, 0, 1067, 816, 471, 4095, 400
1045, 881, 826, 339, 213, 0, 1059, 815, 469, 4095, 397
1048, 880, 827, 348, 215, 0, 1067, 794, 471, 4095, 401
1046, 881, 831, 346, 179, 0, 1066, 818, 464, 4095, 396
1043, 875, 829, 343, 210, 0, 1062, 817, 466, 4095, 397
1046, 882, 836, 349, 210, 0, 1065, 817, 470, 4095, 400
1046, 883, 834, 346, 209, 0, 1065, 817, 467, 4095, 399
1047, 883, 835, 338, 212, 0, 1063, 816, 464, 4095, 400
1047, 882, 833, 342, 211, 0, 1060, 791, 470, 4095, 400
1050, 889, 839, 346, 221, 15, 1065, 818, 470, 4095, 401
1053, 892, 835, 345, 210, 0, 1062, 816, 472, 4095, 401
1072, 893, 836, 348, 210, 0, 1065, 817, 473, 4095, 402
1052, 895, 837, 341, 209, 0, 1067, 817, 473, 4095, 400
1053, 894, 843, 345, 213, 0, 1063, 819, 467, 4095, 400
1051, 886, 839, 349, 210, 0, 1065, 819, 471, 4095, 401
1053, 891, 840, 347, 210, 0, 1061, 818, 468, 4095, 404
1053, 891, 835, 343, 208, 0, 1063, 820, 473, 4095, 400
1050, 895, 842, 346, 209, 0, 1066, 816, 471, 4095, 403
1054, 890, 817, 341, 211, 0, 1067, 816, 470, 4095, 404
1051, 891, 845, 339, 209, 0, 1063, 816, 470, 4095, 400
1056, 895, 839, 338, 208, 0, 1065, 817, 468, 4095, 401
1053, 888, 847, 341, 209, 0, 1063, 816, 469, 4095, 401
1051, 897, 844, 350, 208, 0, 1062, 817, 473, 4095, 402
1050, 891, 843, 346, 209, 0, 1069, 818, 465, 4095, 403
1053, 887, 844, 341, 208, 0, 1067, 816, 468, 4095, 400
1056, 894, 848, 351, 208, 0, 1063, 822, 470, 4095, 400
1056, 895, 843, 362, 208, 0, 1065, 817, 464, 4095, 400
1055, 892, 846, 350, 209, 0, 1066, 816, 519, 4095, 400
1054, 889, 848, 345, 208, 0, 1066, 821, 471, 4095, 398
1056, 891, 846, 339, 209, 0, 1068, 817, 475, 4095, 402
1054, 895, 848, 346, 209, 0, 1061, 819, 469, 4095, 401
1056, 893, 846, 343, 208, 0, 1063, 817, 471, 4095, 400
1056, 893, 850, 342, 190, 0, 1066, 816, 469, 4095, 400
1055, 894, 849, 337, 209, 0, 1069, 816, 464, 4095, 400
1051, 895, 847, 338, 205, 0, 1061, 821, 469, 4095, 401
1055, 895, 848, 336, 208, 0, 1066, 821, 467, 4095, 401
1059, 897, 848, 336, 205, 0, 1065, 818, 465, 4095, 404
1057, 897, 851, 335, 207, 0, 1063, 819, 468, 4095, 407
1059, 896, 848, 336, 205, 0, 1059, 821, 468, 4095, 405
1060, 899, 842, 330, 202, 0, 1058, 816, 469, 4095, 402
1056, 907, 848, 329, 205, 0, 1056, 816, 468, 4095, 406
1056, 903, 848, 335, 198, 0, 1052, 819, 464, 4095, 402
1056, 899, 848, 334, 199, 0, 1051, 817, 464, 4095, 411
1059, 898, 850, 338, 194, 0, 1052, 818, 466, 4095, 404
1057, 900, 848, 321, 193, 0, 1043, 814, 463, 4095, 421
1056, 897, 841, 322, 197, 0, 1046, 819, 461, 4095, 403
1058, 899, 844, 327, 192, 0, 1047, 816, 464, 4095, 406
1058, 895, 849, 318, 192, 0, 1041, 818, 463, 4095, 401
1051, 899, 848, 321, 193, 0, 1045, 817, 466, 4095, 409
1053, 897, 845, 320, 176, 0, 1041, 816, 466, 4095, 400
1056, 900, 838, 321, 196, 0, 1043, 815, 463, 4095, 417
1055, 902, 846, 321, 197, 0, 1045, 816, 464, 4095, 411
1055, 903, 842, 321, 197, 0, 1045, 816, 464, 4095, 401
1056, 901, 835, 320, 192, 0, 1043, 816, 464, 4095, 401
1058, 905, 845, 319, 193, 0, 1047, 817, 463, 4095, 413
1055, 909, 846, 319, 195, 0, 1043, 817, 464, 4095, 410
1054, 911, 845, 321, 195, 0, 1045, 813, 465, 4095, 413
1051, 912, 836, 321, 194, 0, 1043, 817, 465, 4095, 411
1056, 909, 848, 321, 193, 0, 1045, 815, 463, 4095, 409
1056, 909, 846, 315, 191, 0, 1045, 814, 459, 4095, 413
1057, 911, 848, 321, 191, 0, 1046, 816, 464, 4095, 405
1055, 906, 847, 320, 185, 0, 1046, 816, 462, 4095, 410
1058, 908, 851, 316, 189, 0, 1046, 814, 459, 4095, 406
1059, 910, 847, 327, 191, 0, 1046, 817, 464, 4095, 405
1057, 907, 845, 315, 195, 0, 1046, 815, 461, 4095, 407
1054, 907, 848, 318, 195, 0, 1047, 819, 464, 4095, 411
1055, 899, 847, 322, 197, 0, 1047, 816, 464, 4095, 411
1057, 917, 845, 319, 195, 0, 1045, 816, 463, 4095, 377
1057, 902, 849, 317, 194, 0, 1048, 815, 463, 4095, 404
1058, 899, 848, 320, 194, 0, 1047, 816, 460, 4095, 411
1055, 902, 816, 325, 191, 0, 1045, 817, 464, 4095, 407
1059, 904, 848, 320, 192, 0, 1050, 806, 461, 4095, 400
1057, 896, 850, 368, 194, 0, 1047, 820, 464, 4095, 407
1058, 894, 848, 320, 195, 0, 1052, 821, 464, 4095, 407
1051, 898, 843, 326, 198, 0, 1047, 816, 465, 4095, 404
1062, 896, 849, 325, 192, 0, 1053, 815, 464, 4095, 401
1058, 895, 848, 322, 193, 0, 1047, 819, 464, 4095, 401
1059, 895, 846, 323, 193, 0, 1050, 818, 465, 4095, 401
1061, 896, 842, 329, 193, 0, 1047, 820, 464, 4095, 404
1060, 893, 848, 325, 194, 0, 1052, 817, 466, 4095, 407
1058, 894, 845, 322, 195, 0, 1049, 815, 464, 4095, 400
1063, 889, 848, 321, 194, 0, 1051, 816, 463, 4095, 401
1059, 890, 845, 321, 193, 0, 1046, 821, 464, 4095, 406
1062, 889, 844, 326, 195, 0, 1051, 818, 460, 4095, 401
1062, 885, 844, 325, 192, 0, 1050, 822, 464, 4095, 400
1058, 889, 847, 323, 192, 0, 1049, 817, 464, 4095, 400
1061, 890, 847, 326, 198, 0, 1050, 816, 462, 4095, 410
1062, 889, 811, 325, 194, 0, 1046, 817, 464, 4095, 409
1062, 883, 848, 325, 193, 0, 1052, 809, 464, 4095, 402
1059, 884, 845, 327, 197, 0, 1050, 817, 463, 4095, 403
1058, 882, 848, 333, 194, 0, 1051, 821, 469, 4095, 359
1065, 881, 850, 327, 198, 0, 1051, 816, 464, 4095, 403
1057, 885, 848, 323, 199, 0, 1052, 820, 465, 4095, 401
1060, 883, 816, 331, 195, 0, 1053, 822, 466, 4095, 405
1062, 881, 842, 331, 201, 0, 1050, 801, 464, 4095, 406
1059, 880, 845, 305, 200, 0, 1053, 816, 460, 4095, 402
1057, 879, 844, 336, 198, 0, 1055, 819, 469, 4095, 407
1083, 881, 848, 334, 199, 0, 1055, 820, 482, 4095, 405
1063, 882, 850, 325, 205, 0, 1055, 821, 469, 4095, 400
1060, 880, 847, 334, 199, 0, 1056, 816, 466, 4095, 401
1058, 881, 848, 327, 202, 0, 1055, 823, 470, 4095, 400
1058, 881, 839, 325, 204, 0, 1051, 816, 464, 4095, 402
1058, 885, 847, 323, 196, 0, 1055, 817, 464, 4095, 400
1059, 883, 837, 326, 202, 0, 1056, 819, 469, 4095, 400
1061, 884, 846, 327, 197, 0, 1052, 823, 467, 4095, 398
1059, 889, 848, 330, 200, 0, 1050, 819, 464, 4095, 406
1062, 883, 852, 323, 203, 0, 1055, 816, 465, 4095, 401
1057, 890, 845, 330, 200, 0, 1047, 815, 464, 4095, 400
1058, 893, 848, 333, 201, 0, 1053, 816, 464, 4095, 401
1061, 894, 849, 333, 203, 0, 1057, 820, 464, 4095, 406
1058, 893, 807, 330, 203, 0, 1054, 817, 466, 4095, 405
1057, 893, 853, 335, 199, 0, 1055, 815, 466, 4095, 400
1058, 890, 848, 355, 199, 0, 1057, 820, 462, 4095, 409
1059, 890, 852, 327, 205, 0, 1066, 818, 465, 4095, 430
1059, 887, 848, 336, 204, 0, 1055, 818, 464, 4095, 401
1062, 893, 851, 330, 206, 0, 1055, 816, 466, 4095, 399
1057, 889, 836, 335, 208, 0, 1056, 820, 466, 4095, 401
1059, 893, 838, 333, 208, 0, 1055, 820, 468, 4095, 402
1057, 891, 835, 330, 208, 0, 1056, 817, 464, 4095, 398
1058, 892, 833, 325, 208, 0, 1056, 810, 436, 4095, 402
1033, 896, 835, 334, 205, 0, 1054, 810, 464, 4095, 398
1056, 892, 818, 331, 199, 0, 1052, 813, 464, 4095, 394
1052, 893, 819, 335, 202, 0, 1047, 811, 467, 4095, 390
1046, 890, 817, 336, 201, 0, 1041, 809, 464, 4095, 391
1043, 889, 819, 325, 192, 0, 1040, 807, 468, 4095, 385
1040, 880, 811, 327, 197, 0, 1040, 805, 464, 4095, 385
1018, 881, 816, 330, 191, 0, 1038, 799, 464, 4095, 381
1040, 875, 816, 326, 187, 0, 1031, 801, 465, 4095, 383
1031, 875, 815, 321, 192, 0, 1023, 803, 461, 4095, 384
1029, 871, 804, 325, 189, 0, 1019, 797, 463, 4095, 383
1031, 843, 800, 321, 191, 0, 1005, 801, 463, 4095, 383
1029, 865, 797, 324, 186, 0, 1021, 797, 463, 4095, 384
1022, 866, 797, 319, 185, 0, 1019, 791, 460, 4095, 383
1023, 880, 795, 319, 186, 0, 1015, 791, 461, 4095, 379
1020, 868, 793, 319, 187, 0, 1013, 830, 466, 4095, 381
1019, 855, 785, 304, 190, 0, 1011, 791, 462, 4095, 378
1022, 917, 791, 320, 189, 0, 1047, 788, 464, 4095, 374
1018, 863, 784, 317, 190, 0, 1009, 786, 463, 4095, 379
1016, 862, 785, 319, 187, 0, 1008, 789, 466, 4095, 373
1020, 864, 784, 320, 185, 0, 1007, 784, 464, 4095, 385
1014, 861, 786, 326, 186, 0, 1008, 787, 462, 4095, 380
1020, 859, 784, 323, 185, 0, 1008, 786, 461, 4095, 384
1023, 862, 782, 323, 189, 0, 1008, 790, 464, 4095, 343
1023, 861, 785, 325, 183, 0, 1008, 787, 464, 4095, 381
1022, 858, 788, 325, 191, 0, 1006, 784, 464, 4095, 382
1021, 858, 788, 326, 187, 0, 1008, 789, 463, 4095, 383
1029, 856, 791, 327, 192, 0, 1010, 791, 462, 4095, 383
1030, 859, 795, 327, 226, 0, 1008, 787, 461, 4095, 385
1031, 854, 789, 327, 186, 0, 1009, 790, 460, 4095, 384
1007, 859, 789, 322, 190, 0, 1014, 795, 464, 4095, 390
1034, 855, 795, 325, 183, 0, 1012, 798, 464, 4095, 385
1037, 854, 798, 329, 192, 0, 1017, 791, 459, 4095, 382
1037, 855, 794, 334, 192, 0, 1017, 797, 464, 4095, 385
1039, 855, 790, 331, 194, 0, 1022, 795, 464, 4095, 383
1039, 853, 792, 333, 190, 0, 1014, 789, 464, 4095, 381
1015, 860, 799, 329, 194, 0, 1017, 792, 463, 4095, 386
1040, 855, 793, 331, 192, 0, 1023, 798, 464, 4095, 385
1040, 859, 791, 325, 195, 0, 1021, 797, 464, 4095, 380
1040, 853, 794, 335, 192, 0, 1028, 797, 464, 4095, 379
1040, 905, 788, 330, 195, 0, 1023, 793, 463, 4095, 385
1041, 861, 796, 334, 194, 0, 1029, 797, 464, 4095, 386
1043, 855, 806, 324, 193, 0, 1023, 800, 464, 4095, 384
1041, 863, 784, 330, 196, 0, 1030, 799, 462, 4095, 386
1042, 858, 803, 330, 193, 0, 1032, 802, 466, 4095, 384
1040, 859, 806, 333, 196, 0, 1029, 794, 462, 4095, 393
1041, 901, 799, 329, 195, 0, 1023, 798, 462, 4095, 394
1042, 866, 799, 335, 197, 0, 1034, 803, 467, 4095, 387
1043, 867, 803, 331, 198, 0, 1030, 801, 464, 4095, 390
1047, 873, 838, 334, 196, 0, 1035, 805, 464, 4095, 390
1043, 870, 810, 336, 199, 0, 1035, 805, 464, 4095, 394
1045, 880, 810, 333, 240, 0, 1031, 802, 467, 4095, 389
1043, 881, 816, 329, 200, 0, 1040, 801, 457, 4095, 398
1041, 881, 816, 336, 197, 0, 1039, 801, 464, 4095, 395
1045, 885, 815, 336, 203, 0, 1039, 803, 464, 4095, 398
1045, 892, 813, 335, 202, 0, 1040, 799, 463, 4095, 394
1043, 886, 815, 333, 202, 0, 1040, 807, 467, 4095, 400
1045, 893, 816, 331, 188, 0, 1041, 803, 465, 4095, 399
1044, 897, 822, 333, 206, 0, 1043, 802, 467, 4095, 401
1043, 901, 826, 337, 203, 0, 1043, 804, 464, 4095, 405
1043, 899, 814, 336, 205, 0, 1041, 805, 455, 4095, 397
1045, 908, 822, 332, 203, 0, 1046, 809, 464, 4095, 404
1040, 909, 827, 337, 205, 0, 1042, 805, 464, 4095, 405
1043, 910, 822, 336, 205, 0, 1044, 805, 466, 4095, 405
1040, 909, 821, 333, 208, 0, 1044, 803, 462, 4095, 406
1044, 911, 823, 336, 208, 0, 1042, 804, 464, 4095, 400
1042, 912, 825, 336, 208, 0, 1043, 803, 465, 4095, 401
1040, 913, 827, 327, 206, 0, 1043, 778, 464, 4095, 400
1040, 912, 832, 333, 207, 0, 1046, 806, 464, 4095, 411
1043, 915, 827, 335, 208, 0, 1046, 805, 464, 4095, 407
1041, 921, 826, 336, 207, 0, 1042, 798, 466, 4095, 410
1040, 922, 830, 331, 208, 0, 1041, 801, 464, 4095, 403
1043, 918, 856, 335, 208, 0, 1043, 798, 463, 4095, 405
1041, 923, 826, 335, 207, 0, 1045, 801, 464, 4095, 404
1042, 922, 823, 304, 208, 0, 1045, 798, 465, 4095, 403
1040, 927, 826, 334, 205, 0, 1041, 801, 465, 4095, 402
1042, 925, 823, 333, 208, 0, 1046, 803, 465, 4095, 401
1040, 929, 828, 330, 205, 0, 1042, 803, 464, 4095, 405
1040, 928, 827, 327, 204, 0, 1045, 805, 464, 4095, 407
1041, 927, 831, 335, 206, 0, 1041, 799, 464, 4095, 403
1040, 928, 830, 343, 189, 0, 1041, 803, 461, 4095, 407
1041, 927, 827, 336, 199, 0, 1042, 795, 490, 4095, 413
1071, 927, 829, 326, 203, 0, 1039, 800, 464, 4095, 400
1040, 931, 827, 333, 198, 0, 1040, 800, 464, 4095, 402
1041, 927, 834, 331, 202, 0, 1041, 800, 463, 4095, 410
1041, 926, 833, 334, 197, 0, 1043, 798, 462, 4095, 404
1043, 931, 830, 334, 201, 0, 1042, 799, 466, 4095, 405
1043, 924, 831, 336, 195, 0, 1043, 803, 464, 4095, 407
1044, 919, 827, 328, 202, 0, 1041, 800, 463, 4095, 410
1044, 925, 835, 335, 201, 0, 1042, 801, 463, 4095, 406
1041, 923, 833, 332, 196, 0, 1040, 802, 464, 4095, 410
1040, 923, 836, 332, 201, 0, 1039, 803, 463, 4095, 403
1042, 977, 841, 329, 194, 0, 1046, 801, 461, 4095, 410
1043, 923, 831, 331, 197, 0, 1040, 802, 459, 4095, 407
1041, 922, 835, 331, 195, 0, 1038, 800, 465, 4095, 409
1044, 913, 831, 332, 198, 0, 1040, 804, 459, 4095, 409
1043, 915, 837, 330, 194, 0, 1040, 798, 464, 4095, 406
1040, 918, 835, 332, 197, 0, 1040, 801, 465, 4095, 400
1044, 939, 829, 333, 194, 0, 1031, 800, 464, 4095, 395
1043, 912, 831, 331, 190, 0, 1038, 801, 463, 4095, 400
1041, 915, 832, 330, 191, 0, 1039, 801, 464, 4095, 405
1041, 912, 829, 331, 189, 0, 1037, 805, 457, 4095, 400
1041, 909, 829, 326, 188, 0, 1029, 809, 463, 4095, 400
1041, 908, 835, 322, 187, 0, 1035, 802, 464, 4095, 399
1046, 905, 831, 327, 185, 0, 1031, 801, 443, 4095, 382
1045, 903, 825, 329, 192, 0, 1033, 802, 464, 4095, 407
1044, 906, 836, 332, 189, 0, 1023, 800, 462, 4095, 400
1045, 903, 835, 330, 186, 0, 1031, 804, 464, 4095, 401
1044, 897, 833, 327, 187, 0, 1030, 800, 464, 4095, 398
1044, 896, 832, 331, 189, 0, 1028, 799, 463, 4095, 397
1045, 896, 823, 323, 183, 0, 1034, 802, 464, 4095, 400
1049, 895, 826, 333, 192, 0, 1023, 806, 462, 4095, 397
1049, 896, 832, 327, 187, 0, 1033, 800, 464, 4095, 399
1045, 895, 832, 326, 189, 0, 1032, 799, 455, 4095, 400
1042, 898, 825, 324, 191, 0, 1034, 799, 462, 4095, 397
1047, 875, 827, 331, 191, 0, 1021, 803, 464, 4095, 397
1043, 898, 822, 326, 190, 0, 1034, 802, 464, 4095, 397
1043, 897, 823, 331, 190, 0, 1029, 799, 464, 4095, 400
1043, 896, 781, 326, 188, 0, 1023, 794, 464, 4095, 396
1041, 891, 816, 327, 187, 0, 1021, 799, 457, 4095, 399
1040, 890, 816, 327, 182, 0, 1019, 793, 464, 4095, 390
1040, 895, 805, 323, 183, 0, 1012, 790, 437, 4095, 352
1035, 884, 802, 323, 180, 0, 1008, 789, 463, 4095, 384
1031, 881, 804, 322, 178, 0, 1010, 783, 461, 4095, 384
1033, 852, 794, 315, 181, 0, 1008, 784, 462, 4095, 385
1029, 880, 802, 321, 179, 0, 1003, 783, 464, 4095, 387
1021, 880, 795, 319, 181, 0, 1002, 784, 457, 4095, 389
1021, 880, 796, 313, 183, 0, 998, 782, 453, 4095, 391
1019, 883, 782, 311, 181, 0, 1002, 784, 460, 4095, 386
1022, 880, 794, 318, 180, 0, 999, 780, 461, 4095, 383
1018, 885, 784, 315, 185, 0, 996, 778, 455, 4095, 379
1014, 883, 783, 315, 182, 0, 993, 779, 462, 4095, 384
1009, 881, 784, 315, 181, 0, 993, 774, 463, 4095, 379
1008, 880, 775, 312, 186, 0, 993, 774, 454, 4095, 378
1040, 882, 777, 307, 179, 0, 993, 769, 461, 4095, 378
1001, 881, 771, 305, 182, 0, 990, 771, 463, 4095, 380
998, 881, 774, 304, 186, 0, 992, 767, 423, 4095, 377
998, 880, 768, 311, 183, 0, 989, 766, 459, 4095, 378
994, 882, 769, 305, 181, 0, 990, 767, 464, 4095, 374
991, 881, 773, 307, 185, 0, 987, 769, 463, 4095, 377
993, 883, 766, 310, 187, 0, 990, 766, 451, 4095, 383
986, 880, 763, 304, 184, 0, 990, 767, 462, 4095, 381
987, 885, 763, 306, 189, 0, 987, 763, 464, 4095, 375
986, 887, 766, 307, 187, 0, 992, 761, 459, 4095, 383
981, 885, 762, 305, 190, 0, 999, 765, 453, 4095, 383
981, 887, 752, 306, 190, 0, 994, 761, 463, 4095, 383
976, 896, 757, 304, 193, 0, 999, 763, 458, 4095, 383
975, 895, 810, 301, 189, 0, 998, 759, 459, 4095, 379
969, 896, 753, 298, 189, 0, 997, 760, 457, 4095, 384
965, 895, 752, 272, 192, 0, 996, 759, 458, 4095, 376
963, 912, 752, 299, 190, 0, 997, 756, 455, 4095, 355
962, 899, 747, 301, 189, 0, 997, 752, 457, 4095, 381
960, 899, 752, 297, 187, 0, 998, 753, 451, 4095, 386
955, 903, 750, 290, 190, 0, 996, 753, 458, 4095, 384
957, 903, 752, 289, 183, 0, 998, 739, 460, 4095, 383
953, 908, 757, 309, 183, 0, 1003, 752, 455, 4095, 382
948, 910, 754, 295, 190, 0, 999, 752, 447, 4095, 341
944, 911, 746, 293, 189, 0, 1005, 752, 458, 4095, 385
946, 912, 750, 291, 189, 0, 1006, 745, 449, 4095, 384
943, 912, 725, 291, 183, 0, 1001, 750, 448, 4095, 383
945, 917, 749, 294, 192, 0, 1004, 752, 455, 4095, 389
943, 922, 746, 295, 183, 0, 1003, 743, 451, 4095, 386
941, 919, 746, 293, 190, 0, 1004, 745, 453, 4095, 373
938, 918, 751, 290, 186, 0, 999, 749, 453, 4095, 384
938, 919, 746, 289, 188, 0, 1005, 750, 449, 4095, 386
941, 923, 747, 299, 185, 0, 999, 751, 458, 4095, 388
942, 923, 750, 295, 192, 0, 1007, 751, 453, 4095, 388
942, 926, 746, 290, 205, 0, 1008, 752, 458, 4095, 386
943, 927, 743, 295, 193, 0, 1007, 751, 462, 4095, 384
918, 928, 749, 295, 192, 0, 1005, 752, 459, 4095, 388
943, 927, 749, 301, 194, 0, 1007, 749, 457, 4095, 389
945, 925, 747, 305, 193, 0, 1007, 752, 455, 4095, 387
946, 925, 749, 302, 192, 0, 1008, 756, 458, 4095, 391
952, 926, 752, 304, 176, 0, 1008, 753, 459, 4095, 386
953, 926, 755, 304, 195, 0, 1008, 757, 452, 4095, 387
957, 927, 751, 306, 194, 0, 1008, 752, 455, 4095, 384
955, 924, 755, 304, 194, 0, 1008, 756, 451, 4095, 399
961, 922, 752, 304, 192, 0, 1009, 753, 455, 4095, 389
959, 924, 752, 304, 193, 0, 1008, 757, 452, 4095, 390
962, 925, 752, 305, 191, 0, 1008, 755, 458, 4095, 388
970, 923, 755, 304, 192, 0, 1013, 757, 457, 4095, 385
970, 930, 752, 306, 195, 0, 1013, 757, 451, 4095, 395
973, 922, 763, 300, 195, 0, 1010, 753, 458, 4095, 385
975, 929, 755, 301, 191, 0, 1009, 755, 455, 4095, 385
972, 927, 755, 295, 193, 0, 1013, 757, 448, 4095, 387
976, 925, 755, 298, 195, 0, 1020, 753, 454, 4095, 386
976, 926, 755, 303, 193, 0, 1014, 755, 453, 4095, 385
978, 928, 761, 298, 192, 0, 1015, 763, 454, 4095, 392
977, 923, 759, 291, 193, 0, 1016, 762, 446, 4095, 386
982, 932, 759, 297, 195, 0, 1013, 762, 449, 4095, 391
983, 928, 766, 300, 194, 0, 1009, 759, 452, 4095, 387
987, 929, 759, 293, 191, 0, 1015, 761, 457, 4095, 388
985, 933, 767, 301, 193, 0, 1015, 758, 451, 4095, 397
983, 939, 760, 300, 191, 0, 1013, 765, 454, 4095, 392
986, 935, 816, 300, 191, 0, 1015, 763, 449, 4095, 397
989, 931, 765, 294, 190, 0, 1015, 762, 457, 4095, 394
986, 931, 762, 294, 191, 0, 1013, 766, 454, 4095, 394
991, 947, 762, 300, 187, 0, 1049, 765, 454, 4095, 391
991, 933, 764, 298, 186, 0, 1012, 760, 448, 4095, 386
990, 928, 765, 301, 189, 0, 1011, 765, 447, 4095, 392
993, 934, 755, 299, 190, 0, 1011, 767, 457, 4095, 400
995, 932, 765, 295, 187, 0, 1011, 786, 454, 4095, 385
992, 935, 763, 295, 187, 0, 1010, 766, 454, 4095, 391
995, 936, 771, 293, 183, 0, 1009, 768, 451, 4095, 395
997, 937, 770, 297, 188, 0, 1010, 767, 453, 4095, 390
993, 931, 770, 292, 183, 0, 1012, 767, 446, 4095, 394
1001, 933, 837, 297, 181, 0, 1012, 761, 452, 4095, 398
998, 930, 763, 295, 179, 0, 1010, 773, 451, 4095, 391
996, 933, 765, 272, 187, 0, 1010, 769, 452, 4095, 397
995, 982, 771, 294, 186, 0, 1009, 766, 453, 4095, 399
999, 933, 771, 294, 178, 0, 1012, 765, 458, 4095, 394
995, 940, 771, 297, 181, 0, 1011, 767, 449, 4095, 390
997, 934, 784, 304, 179, 0, 1012, 767, 459, 4095, 397
998, 939, 771, 304, 181, 0, 1008, 759, 450, 4095, 396
1000, 930, 777, 262, 185, 0, 1011, 768, 451, 4095, 393
1001, 950, 777, 298, 182, 0, 1011, 766, 440, 4095, 397
999, 934, 776, 303, 182, 0, 1010, 765, 454, 4095, 400
999, 941, 771, 298, 179, 0, 1008, 766, 448, 4095, 399
1003, 937, 765, 304, 183, 0, 1011, 767, 450, 4095, 399
1004, 938, 774, 297, 183, 0, 1011, 778, 448, 4095, 397
1000, 935, 784, 304, 185, 0, 1010, 769, 459, 4095, 399
1003, 939, 777, 304, 182, 0, 1008, 769, 447, 4095, 398
1001, 935, 784, 300, 187, 0, 1009, 768, 452, 4095, 391
1005, 927, 783, 298, 179, 0, 1009, 760, 448, 4095, 400
1002, 931, 779, 299, 185, 0, 1008, 757, 448, 4095, 400
1003, 932, 782, 301, 185, 0, 1009, 767, 457, 4095, 395
1003, 925, 778, 306, 188, 0, 1012, 763, 458, 4095, 400
1002, 925, 783, 306, 187, 0, 1010, 768, 455, 4095, 400
1006, 930, 785, 304, 183, 0, 1015, 768, 456, 4095, 398
1005, 926, 784, 308, 188, 0, 1013, 768, 447, 4095, 397
1001, 927, 785, 304, 189, 0, 1012, 762, 454, 4095, 397
1005, 925, 784, 306, 187, 0, 1013, 767, 454, 4095, 400
1004, 926, 783, 304, 208, 0, 1013, 763, 452, 4095, 397
1006, 930, 782, 309, 191, 0, 1014, 768, 456, 4095, 400
998, 927, 784, 305, 187, 0, 1014, 768, 458, 4095, 400
1004, 928, 784, 304, 188, 0, 1014, 768, 453, 4095, 398
1008, 923, 783, 308, 189, 0, 1012, 768, 451, 4095, 398
1007, 923, 786, 311, 189, 0, 1018, 769, 453, 4095, 400
1005, 918, 789, 306, 176, 0, 1018, 765, 455, 4095, 400
1005, 926, 790, 309, 189, 0, 1018, 769, 454, 4095, 400
1002, 921, 783, 309, 189, 0, 1013, 765, 455, 4095, 401
1003, 923, 784, 311, 190, 0, 1017, 767, 454, 4095, 397
1005, 918, 787, 309, 185, 0, 1013, 768, 451, 4095, 400
1007, 916, 788, 311, 185, 0, 1009, 767, 455, 4095, 399
1005, 921, 784, 313, 190, 0, 995, 767, 451, 4095, 398
1008, 923, 784, 311, 190, 0, 1008, 766, 459, 4095, 391
1015, 924, 784, 307, 189, 0, 1010, 765, 457, 4095, 395
1008, 918, 789, 309, 187, 0, 1011, 769, 455, 4095, 397
1007, 924, 784, 307, 184, 0, 1015, 768, 453, 4095, 395
1007, 917, 794, 310, 186, 0, 1014, 768, 457, 4095, 396
1007, 917, 789, 310, 184, 0, 1010, 763, 452, 4095, 398
1005, 918, 788, 310, 185, 0, 1009, 768, 455, 4095, 400
1008, 917, 789, 311, 187, 0, 1013, 770, 450, 4095, 390
1007, 917, 784, 314, 188, 0, 1011, 771, 453, 4095, 399
1008, 912, 790, 317, 183, 0, 1015, 773, 451, 4095, 396
1008, 911, 787, 316, 189, 0, 1012, 774, 454, 4095, 394
1008, 902, 786, 313, 188, 0, 1042, 770, 454, 4095, 411
1007, 911, 787, 315, 188, 0, 1013, 768, 457, 4095, 400
1008, 912, 784, 312, 187, 0, 1012, 768, 449, 4095, 396
1007, 911, 832, 314, 185, 0, 1010, 770, 455, 4095, 388
1008, 912, 791, 314, 185, 0, 1008, 742, 459, 4095, 397
1008, 912, 790, 311, 189, 0, 1014, 765, 462, 4095, 401
1008, 912, 786, 316, 190, 0, 1014, 768, 450, 4095, 372
1009, 912, 789, 314, 187, 0, 1015, 771, 457, 4095, 398
1008, 912, 788, 315, 185, 0, 1011, 773, 459, 4095, 401
1008, 913, 811, 310, 187, 0, 1012, 773, 461, 4095, 397
1009, 912, 799, 319, 186, 0, 1010, 774, 457, 4095, 394
1008, 915, 798, 320, 180, 0, 1015, 769, 457, 4095, 400
1008, 915, 797, 309, 183, 0, 1008, 773, 416, 4095, 357
1011, 911, 799, 313, 187, 0, 1014, 774, 453, 4095, 400
1010, 914, 796, 316, 189, 0, 1013, 772, 457, 4095, 405
1010, 914, 785, 315, 188, 0, 1012, 774, 458, 4095, 400
1011, 912, 795, 321, 189, 0, 1017, 773, 459, 4095, 400
1010, 917, 801, 320, 191, 0, 1017, 769, 461, 4095, 399
1013, 914, 798, 317, 189, 0, 1019, 773, 491, 4095, 405
1012, 912, 799, 322, 191, 0, 1023, 778, 461, 4095, 401
1011, 914, 806, 324, 193, 0, 1017, 772, 450, 4095, 402
1012, 915, 811, 321, 193, 0, 1023, 774, 459, 4095, 401
1010, 919, 809, 322, 192, 0, 1022, 769, 458, 4095, 403
1011, 916, 800, 325, 193, 0, 1018, 771, 463, 4095, 400
1013, 915, 800, 326, 191, 0, 1022, 774, 499, 4095, 450
1010, 918, 799, 322, 195, 0, 1030, 772, 460, 4095, 400
1012, 914, 801, 320, 191, 0, 1019, 770, 455, 4095, 401
1009, 916, 806, 325, 192, 0, 1022, 775, 455, 4095, 400
1014, 919, 803, 323, 192, 0, 1021, 774, 453, 4095, 398
1012, 912, 803, 323, 211, 0, 1021, 773, 458, 4095, 400
1013, 914, 806, 326, 190, 0, 1030, 774, 468, 4095, 396
1019, 914, 801, 327, 187, 0, 1019, 773, 452, 4095, 400
1011, 912, 810, 320, 185, 0, 1023, 770, 451, 4095, 398
1013, 911, 800, 317, 189, 0, 1021, 772, 452, 4095, 394
1015, 912, 805, 321, 189, 0, 1013, 773, 459, 4095, 400
1015, 912, 797, 319, 173, 13, 1019, 770, 451, 4095, 399
1015, 912, 795, 325, 185, 0, 1019, 771, 460, 4095, 398
1004, 908, 812, 327, 181, 0, 1020, 775, 457, 4095, 399
1018, 909, 800, 325, 183, 0, 1021, 768, 454, 4095, 403
1015, 907, 808, 328, 186, 0, 1021, 774, 459, 4095, 398
1011, 906, 798, 321, 183, 0, 1021, 769, 458, 4095, 395
1011, 906, 805, 320, 186, 0, 1022, 770, 460, 4095, 397
1015, 903, 800, 319, 186, 0, 1017, 770, 457, 4095, 396
1015, 905, 811, 326, 181, 0, 1019, 773, 461, 4095, 389
1014, 899, 803, 322, 181, 0, 1021, 770, 461, 4095, 400
1015, 899, 804, 325, 183, 0, 1022, 770, 451, 4095, 399
1017, 900, 801, 320, 183, 0, 1021, 771, 459, 4095, 397
1015, 905, 795, 317, 181, 0, 1023, 769, 455, 4095, 400
1019, 901, 809, 321, 184, 0, 1019, 775, 455, 4095, 396
1021, 902, 806, 327, 187, 0, 1018, 774, 454, 4095, 398
1018, 900, 803, 316, 179, 0, 1021, 775, 459, 4095, 399
1019, 903, 807, 318, 183, 0, 1021, 775, 453, 4095, 399
1018, 909, 802, 320, 189, 0, 1023, 777, 459, 4095, 399
1019, 907, 805, 317, 185, 0, 1019, 775, 450, 4095, 398
1015, 910, 798, 318, 183, 0, 1029, 774, 460, 4095, 401
1017, 911, 807, 318, 177, 0, 1022, 773, 461, 4095, 400
1018, 911, 807, 307, 185, 0, 1029, 775, 457, 4095, 402
1015, 912, 799, 313, 182, 0, 1022, 774, 460, 4095, 400
1017, 911, 800, 312, 178, 0, 1018, 770, 460, 4095, 399
1010, 908, 798, 312, 178, 0, 1015, 771, 451, 4095, 370
1011, 907, 794, 311, 176, 0, 1019, 770, 452, 4095, 396
1010, 911, 797, 305, 176, 0, 1015, 769, 456, 4095, 396
1008, 908, 789, 315, 178, 0, 1012, 768, 453, 4095, 391
1007, 906, 785, 304, 177, 0, 1010, 767, 450, 4095, 394
1007, 905, 787, 304, 179, 0, 1010, 766, 451, 4095, 391
1008, 894, 793, 310, 176, 0, 1013, 766, 455, 4095, 387
1006, 905, 791, 304, 178, 0, 1008, 766, 454, 4095, 390
1006, 903, 784, 307, 179, 0, 1010, 766, 454, 4095, 393
1003, 896, 757, 310, 179, 0, 1009, 763, 457, 4095, 387
1005, 899, 779, 311, 179, 0, 1010, 773, 455, 4095, 384
1007, 897, 772, 308, 180, 0, 1009, 761, 450, 4095, 392
1005, 863, 777, 309, 180, 0, 992, 764, 455, 4095, 387
1006, 892, 773, 309, 180, 0, 1006, 761, 452, 4095, 391
1007, 895, 774, 310, 182, 0, 1008, 762, 453, 4095, 389
1008, 890, 768, 309, 179, 0, 1005, 763, 457, 4095, 385
1004, 887, 770, 313, 180, 0, 1008, 759, 458, 4095, 380
1008, 886, 773, 314, 177, 0, 1007, 763, 458, 4095, 381
1008, 842, 771, 309, 179, 0, 1009, 763, 452, 4095, 394
1008, 887, 767, 314, 176, 0, 1008, 758, 454, 4095, 387
1008, 880, 768, 314, 176, 0, 1008, 762, 459, 4095, 387
1009, 880, 821, 314, 177, 0, 1008, 760, 450, 4095, 386
1009, 884, 775, 310, 179, 0, 1010, 766, 463, 4095, 387
1009, 879, 773, 314, 179, 0, 1009, 763, 454, 4095, 393
1008, 880, 777, 311, 181, 0, 1005, 767, 457, 4095, 384
1010, 880, 777, 316, 178, 0, 1008, 761, 459, 4095, 396
1012, 882, 778, 318, 178, 0, 1010, 761, 451, 4095, 384
1014, 884, 845, 311, 179, 0, 1008, 766, 458, 4095, 393
1013, 881, 779, 317, 180, 0, 1009, 761, 458, 4095, 389
1015, 884, 784, 286, 183, 0, 1012, 765, 458, 4095, 393
1019, 868, 785, 318, 182, 0, 1011, 768, 455, 4095, 398
1017, 880, 784, 315, 180, 0, 1010, 765, 457, 4095, 394
1016, 886, 789, 315, 178, 0, 1014, 768, 455, 4095, 400
1015, 881, 810, 321, 182, 0, 1011, 765, 452, 4095, 397
1020, 885, 784, 317, 182, 0, 1015, 766, 451, 4095, 399
1016, 883, 793, 319, 185, 0, 1014, 766, 457, 4095, 390
1017, 911, 788, 320, 183, 0, 1046, 769, 452, 4095, 454
1013, 884, 789, 322, 179, 0, 1015, 767, 452, 4095, 394
1021, 890, 797, 322, 186, 0, 1013, 768, 457, 4095, 399
1019, 897, 792, 311, 185, 0, 1017, 768, 457, 4095, 399
1014, 891, 793, 321, 181, 0, 1015, 771, 457, 4095, 398
1014, 893, 791, 316, 186, 0, 1014, 774, 456, 4095, 397
1021, 895, 798, 317, 187, 0, 1019, 770, 452, 4095, 397
1019, 894, 793, 318, 186, 0, 1019, 769, 451, 4095, 400
1017, 902, 790, 318, 185, 0, 1013, 768, 458, 4095, 395
1019, 897, 758, 314, 187, 0, 1012, 766, 450, 4095, 394
1018, 895, 793, 320, 183, 0, 1013, 769, 457, 4095, 401
1018, 899, 800, 321, 185, 0, 1014, 766, 451, 4095, 400
1019, 887, 798, 322, 183, 0, 1010, 763, 453, 4095, 400
1019, 901, 797, 321, 186, 0, 1013, 766, 456, 4095, 400
1021, 901, 795, 316, 187, 0, 1020, 767, 452, 4095, 397
1020, 903, 802, 323, 182, 0, 1011, 769, 450, 4095, 394
1020, 899, 796, 315, 187, 0, 1012, 768, 452, 4095, 397
1018, 903, 796, 320, 187, 0, 1015, 763, 457, 4095, 400
1019, 901, 793, 322, 183, 0, 1018, 766, 466, 4095, 387
1019, 905, 795, 321, 187, 0, 1018, 766, 455, 4095, 395
1016, 900, 791, 324, 181, 0, 1015, 769, 455, 4095, 400
1019, 901, 789, 320, 184, 0, 1011, 768, 452, 4095, 396
1017, 899, 799, 315, 182, 0, 1014, 732, 451, 4095, 397
1014, 900, 799, 320, 183, 0, 1014, 768, 460, 4095, 398
1018, 854, 797, 323, 183, 0, 1011, 763, 445, 4095, 400
1015, 902, 797, 320, 181, 0, 1014, 769, 460, 4095, 398
1017, 905, 799, 322, 187, 0, 1011, 765, 450, 4095, 391
1010, 901, 799, 320, 185, 0, 1014, 765, 457, 4095, 396
1015, 906, 800, 313, 180, 0, 1009, 765, 449, 4095, 395
1013, 910, 802, 320, 181, 0, 1014, 767, 457, 4095, 398
1015, 905, 794, 319, 182, 0, 1010, 764, 458, 4095, 400
1014, 903, 796, 314, 180, 0, 1014, 767, 448, 4095, 400
1015, 902, 801, 314, 183, 0, 1009, 765, 450, 4095, 398
1015, 907, 810, 316, 186, 0, 1010, 767, 459, 4095, 400
1014, 905, 795, 318, 180, 0, 1010, 768, 456, 4095, 398
1015, 910, 800, 312, 179, 0, 1012, 763, 455, 4095, 400
1015, 907, 797, 313, 181, 0, 1011, 767, 434, 4095, 386
1016, 907, 799, 309, 178, 0, 1013, 767, 459, 4095, 403
1014, 906, 800, 315, 179, 0, 1008, 764, 454, 4095, 400
1014, 907, 786, 310, 181, 0, 1009, 766, 457, 4095, 397
1011, 905, 801, 321, 183, 0, 1012, 765, 457, 4095, 400
1015, 902, 800, 289, 187, 0, 1009, 767, 452, 4095, 400
1015, 909, 800, 320, 181, 0, 1011, 763, 451, 4095, 423
1019, 907, 797, 318, 180, 0, 1011, 765, 457, 4095, 400
1014, 906, 802, 321, 179, 0, 1014, 765, 455, 4095, 400
1017, 909, 813, 323, 181, 0, 1010, 767, 455, 4095, 400
1014, 906, 798, 318, 183, 0, 1016, 767, 455, 4095, 399
1014, 906, 805, 304, 185, 0, 1021, 771, 461, 4095, 400
1018, 909, 798, 323, 187, 0, 1017, 771, 433, 4095, 410
1019, 906, 805, 326, 188, 0, 1015, 767, 453, 4095, 400
1018, 906, 797, 326, 183, 0, 1017, 769, 456, 4095, 400
1013, 901, 794, 325, 185, 0, 1017, 767, 454, 4095, 397
1017, 902, 799, 320, 183, 0, 1020, 784, 457, 4095, 400
1014, 901, 796, 326, 183, 0, 1021, 767, 455, 4095, 395
1018, 897, 791, 327, 186, 0, 1012, 767, 432, 4095, 391
1015, 896, 800, 329, 183, 0, 1019, 765, 456, 4095, 395
1014, 898, 798, 323, 187, 0, 1021, 767, 459, 4095, 396
1019, 895, 795, 326, 183, 0, 1015, 769, 453, 4095, 394
1019, 890, 800, 328, 183, 0, 1023, 749, 447, 4095, 400
1018, 889, 789, 318, 179, 0, 1014, 767, 455, 4095, 394
1015, 892, 791, 333, 182, 0, 1017, 765, 493, 4095, 393
1018, 887, 798, 328, 182, 0, 1017, 764, 454, 4095, 394
1015, 893, 787, 330, 182, 0, 1017, 766, 453, 4095, 398
1018, 886, 793, 327, 184, 0, 1021, 763, 453, 4095, 391
1015, 887, 799, 326, 186, 0, 1018, 768, 461, 4095, 395
1018, 885, 798, 330, 199, 0, 1015, 761, 453, 4095, 390
1017, 883, 790, 330, 182, 0, 1013, 770, 435, 4095, 393
1019, 882, 788, 333, 181, 0, 1015, 769, 458, 4095, 387
1014, 885, 799, 330, 186, 0, 1015, 768, 457, 4095, 394
1015, 882, 800, 334, 185, 0, 1017, 770, 459, 4095, 395
1021, 886, 789, 327, 185, 0, 1018, 770, 457, 4095, 399
1015, 884, 797, 338, 172, 0, 1023, 769, 459, 4095, 394
1018, 883, 791, 326, 181, 0, 1023, 768, 454, 4095, 394
1017, 891, 791, 333, 185, 0, 1021, 768, 454, 4095, 399
1019, 882, 791, 326, 189, 0, 1022, 771, 453, 4095, 396
1013, 887, 797, 322, 182, 0, 1022, 766, 458, 4095, 398
1020, 886, 784, 326, 186, 0, 1022, 769, 455, 4095, 396
1017, 885, 785, 323, 183, 0, 1015, 762, 461, 4095, 402
1015, 884, 788, 326, 186, 0, 1033, 769, 448, 4095, 391
989, 891, 795, 320, 183, 0, 1030, 765, 463, 4095, 395
1014, 891, 787, 321, 191, 0, 1033, 764, 460, 4095, 399
1011, 890, 791, 327, 189, 0, 1033, 765, 461, 4095, 400
1008, 892, 785, 325, 192, 0, 1031, 770, 455, 4095, 401
1008, 892, 785, 327, 218, 0, 1033, 767, 459, 4095, 398
1008, 886, 784, 327, 192, 0, 1037, 768, 448, 4095, 370
1011, 893, 785, 329, 190, 0, 1034, 767, 459, 4095, 400
1008, 892, 789, 330, 184, 0, 1034, 767, 454, 4095, 391
1008, 891, 790, 330, 187, 0, 1037, 765, 462, 4095, 400
1008, 893, 795, 323, 187, 0, 1034, 768, 460, 4095, 399
1007, 890, 792, 320, 189, 0, 1036, 768, 458, 4095, 399
1008, 886, 795, 325, 188, 0, 1034, 770, 454, 4095, 394
1008, 889, 791, 322, 185, 0, 1036, 773, 453, 4095, 400
1010, 896, 794, 325, 187, 0, 1038, 771, 454, 4095, 394
1013, 888, 793, 329, 180, 0, 1033, 768, 459, 4095, 395
1011, 887, 802, 329, 181, 0, 1035, 769, 458, 4095, 394
1015, 893, 798, 330, 187, 0, 1019, 767, 459, 4095, 397
1015, 893, 796, 323, 184, 0, 1031, 767, 459, 4095, 396
1014, 894, 791, 331, 186, 0, 1031, 768, 462, 4095, 401
1013, 891, 796, 325, 181, 0, 1036, 770, 464, 4095, 402
1013, 895, 800, 333, 185, 0, 1038, 797, 463, 4095, 400
1015, 894, 800, 330, 188, 0, 1039, 773, 464, 4095, 400
1015, 894, 805, 334, 191, 0, 1039, 773, 458, 4095, 404
1019, 900, 805, 330, 192, 0, 1038, 773, 458, 4095, 406
1015, 902, 804, 336, 189, 0, 1038, 774, 463, 4095, 400
1018, 906, 774, 334, 194, 0, 1040, 778, 459, 4095, 402
1018, 906, 813, 335, 193, 0, 1042, 765, 464, 4095, 407
1018, 908, 813, 382, 194, 0, 1045, 779, 464, 4095, 406
1022, 879, 815, 336, 192, 0, 1041, 777, 464, 4095, 401
1023, 907, 815, 336, 194, 0, 1044, 780, 461, 4095, 405
1023, 910, 809, 335, 192, 0, 1044, 782, 461, 4095, 401
1019, 911, 822, 340, 194, 0, 1046, 778, 463, 4095, 412
1018, 909, 803, 336, 194, 0, 1047, 784, 461, 4095, 406
1021, 910, 807, 337, 195, 0, 1046, 778, 462, 4095, 414
1020, 913, 799, 337, 193, 0, 1043, 780, 510, 4095, 448
1020, 912, 803, 338, 195, 0, 1046, 782, 459, 4095, 402
1023, 912, 804, 337, 194, 0, 1045, 774, 465, 4095, 400
1019, 912, 797, 337, 194, 0, 1044, 778, 462, 4095, 406
1029, 913, 805, 336, 193, 0, 1046, 773, 464, 4095, 400
1022, 913, 799, 295, 190, 0, 1045, 771, 461, 4095, 403
1021, 926, 803, 336, 191, 0, 1041, 779, 455, 4095, 407
1022, 909, 800, 330, 188, 0, 1040, 774, 464, 4095, 400
1023, 912, 802, 331, 187, 0, 1041, 777, 461, 4095, 406
1023, 909, 798, 336, 187, 0, 1041, 778, 461, 4095, 400
1023, 912, 807, 334, 187, 0, 1038, 770, 464, 4095, 400
1021, 905, 802, 336, 177, 0, 1035, 775, 464, 4095, 398
1022, 906, 803, 327, 179, 0, 1037, 771, 459, 4095, 405
1022, 906, 804, 330, 188, 0, 1031, 774, 461, 4095, 402
1021, 901, 800, 331, 181, 0, 1023, 770, 463, 4095, 397
1027, 905, 806, 329, 181, 0, 1020, 771, 464, 4095, 397
1022, 899, 801, 328, 179, 0, 1019, 771, 463, 4095, 400
1021, 900, 799, 331, 184, 0, 1022, 770, 454, 4095, 400
1019, 894, 802, 333, 176, 0, 1019, 768, 461, 4095, 384
1022, 897, 797, 325, 177, 0, 1020, 771, 461, 4095, 400
1030, 897, 798, 326, 176, 0, 1014, 772, 462, 4095, 395
1023, 897, 798, 323, 177, 0, 1009, 768, 464, 4095, 400
1028, 891, 799, 336, 176, 0, 1014, 770, 463, 4095, 399
1023, 892, 793, 331, 150, 14, 1009, 765, 462, 4095, 399
1022, 891, 789, 334, 176, 0, 1011, 765, 457, 4095, 397
1008, 887, 795, 332, 176, 0, 1009, 767, 458, 4095, 395
1023, 887, 794, 333, 176, 0, 1011, 769, 461, 4095, 389
1019, 886, 795, 336, 175, 0, 1011, 767, 457, 4095, 398
1015, 885, 787, 334, 176, 0, 1015, 767, 462, 4095, 391
1019, 881, 787, 334, 178, 0, 1013, 759, 462, 4095, 394
1018, 882, 785, 333, 176, 0, 1013, 770, 454, 4095, 400
1035, 883, 787, 339, 178, 0, 1014, 768, 458, 4095, 399
1019, 880, 791, 336, 179, 0, 1013, 767, 464, 4095, 394
1019, 880, 786, 336, 179, 0, 1019, 764, 457, 4095, 396
1013, 877, 789, 335, 179, 0, 1014, 765, 457, 4095, 396
1015, 875, 790, 337, 181, 0, 1037, 768, 464, 4095, 393
1015, 874, 784, 338, 178, 0, 1017, 766, 461, 4095, 397
1014, 869, 783, 336, 183, 0, 1021, 767, 457, 4095, 398
1019, 875, 750, 336, 178, 0, 1023, 768, 462, 4095, 398
1019, 870, 785, 340, 180, 0, 1028, 769, 464, 4095, 391
1015, 870, 779, 342, 181, 0, 1019, 767, 462, 4095, 397
1016, 837, 784, 345, 183, 0, 1019, 768, 464, 4095, 398
1017, 870, 784, 339, 181, 0, 1027, 770, 462, 4095, 397
1014, 870, 784, 338, 178, 0, 1028, 766, 462, 4095, 390
1015, 871, 806, 344, 179, 0, 1023, 768, 457, 4095, 391
1013, 866, 784, 339, 179, 0, 1022, 766, 454, 4095, 386
1015, 863, 781, 355, 179, 0, 1019, 768, 464, 4095, 389
1018, 868, 784, 340, 177, 0, 1029, 767, 462, 4095, 370
1013, 865, 785, 339, 176, 0, 1021, 770, 462, 4095, 387
1018, 861, 784, 336, 176, 0, 1018, 768, 463, 4095, 395
1015, 863, 785, 338, 176, 0, 1020, 771, 455, 4095, 394
1015, 854, 784, 336, 176, 0, 1015, 769, 461, 4095, 395
1014, 859, 783, 352, 176, 0, 1010, 763, 462, 4095, 389
1015, 829, 779, 336, 176, 0, 1018, 762, 452, 4095, 363
1020, 858, 779, 336, 175, 0, 1017, 771, 464, 4095, 393
1019, 860, 781, 335, 176, 0, 1010, 769, 459, 4095, 391
1018, 857, 784, 336, 175, 0, 1011, 767, 458, 4095, 388
1019, 857, 769, 335, 176, 0, 1009, 764, 464, 4095, 384
1017, 855, 768, 332, 166, 0, 1013, 765, 455, 4095, 384
1018, 853, 768, 336, 173, 0, 1008, 758, 470, 4095, 383
1017, 853, 771, 335, 172, 0, 1008, 765, 461, 4095, 382
1016, 849, 766, 331, 173, 0, 1003, 764, 462, 4095, 381
1014, 850, 767, 327, 163, 0, 1004, 757, 462, 4095, 381
1013, 847, 767, 327, 171, 0, 1002, 757, 462, 4095, 381
1011, 848, 761, 330, 160, 0, 999, 756, 464, 4095, 375
1008, 848, 757, 328, 170, 0, 994, 755, 462, 4095, 378
1008, 842, 758, 334, 171, 0, 998, 757, 464, 4095, 380
1010, 837, 751, 335, 170, 0, 998, 755, 461, 4095, 384
1008, 839, 752, 326, 164, 0, 996, 757, 459, 4095, 380
1013, 837, 756, 331, 167, 0, 994, 759, 455, 4095, 372
1009, 836, 763, 329, 144, 0, 995, 757, 458, 4095, 384
1014, 845, 769, 327, 170, 0, 997, 756, 462, 4095, 380
997, 841, 753, 331, 171, 0, 993, 755, 464, 4095, 381
1011, 835, 752, 330, 167, 0, 997, 757, 464, 4095, 381
1013, 841, 754, 328, 167, 0, 995, 759, 463, 4095, 384
1014, 841, 757, 334, 169, 0, 997, 762, 464, 4095, 385
1012, 837, 758, 336, 162, 0, 999, 759, 461, 4095, 386
1009, 837, 755, 335, 175, 0, 999, 756, 464, 4095, 378
1013, 835, 757, 336, 167, 0, 1005, 763, 460, 4095, 386
1013, 843, 758, 336, 173, 0, 1005, 763, 458, 4095, 388
1015, 841, 763, 334, 175, 0, 1003, 760, 463, 4095, 385
1017, 843, 763, 338, 175, 0, 1005, 758, 464, 4095, 384
1014, 842, 767, 336, 174, 0, 1005, 767, 464, 4095, 384
1018, 843, 771, 338, 174, 0, 1008, 766, 464, 4095, 390
1018, 843, 763, 333, 170, 0, 1009, 761, 465, 4095, 387
1018, 841, 768, 336, 176, 0, 1008, 766, 457, 4095, 387
1017, 838, 769, 336, 173, 0, 1008, 765, 464, 4095, 395
1022, 848, 779, 338, 170, 0, 1009, 767, 461, 4095, 387
1021, 903, 767, 339, 176, 0, 993, 767, 462, 4095, 391
1021, 845, 769, 341, 177, 0, 1014, 761, 464, 4095, 390
1020, 847, 770, 336, 176, 0, 1009, 767, 464, 4095, 391
1021, 848, 782, 337, 176, 0, 1013, 768, 461, 4095, 390
1021, 848, 777, 337, 177, 0, 1014, 751, 464, 4095, 397
1029, 843, 771, 359, 176, 0, 1008, 765, 464, 4095, 395
1019, 834, 773, 344, 180, 0, 1011, 770, 464, 4095, 395
1021, 848, 775, 348, 177, 0, 1013, 768, 461, 4095, 389
1023, 847, 770, 341, 176, 0, 1013, 768, 464, 4095, 392
1022, 847, 795, 346, 178, 0, 1012, 765, 462, 4095, 384
1022, 845, 779, 349, 176, 0, 1013, 759, 464, 4095, 393
1