1776, 1987, 2244, 1001, 1505, 0, 1996, 1982, 662, 4095, 980
1776, 1990, 2233, 976, 1547, 0, 1995, 1978, 665, 4095, 983
1776, 1995, 2238, 995, 1517, 0, 1997, 1985, 660, 4095, 981
1779, 2000, 2246, 1008, 1518, 0, 1998, 1984, 667, 4095, 979
1786, 1999, 2255, 1005, 1527, 0, 1997, 1986, 667, 4095, 982
1787, 2001, 2253, 1013, 1534, 0, 2000, 1985, 667, 4095, 991
1787, 2000, 2256, 1009, 1533, 0, 2000, 1987, 661, 4095, 981
1783, 2003, 2256, 1017, 1535, 0, 1999, 1991, 670, 4095, 983
1789, 2005, 2261, 1015, 1535, 0, 2000, 1990, 671, 4095, 992
1787, 2005, 2259, 1022, 1543, 0, 2000, 1991, 669, 4095, 989
1791, 2005, 2262, 1028, 1546, 0, 1998, 1989, 673, 4095, 991
1792, 2011, 2269, 1023, 1551, 0, 2004, 1991, 681, 4095, 985
1787, 2004, 2272, 1052, 1551, 0, 2000, 1994, 679, 4095, 996
1803, 2005, 2273, 1062, 1549, 0, 2000, 1994, 679, 4095, 991
1793, 2001, 2276, 1072, 1551, 0, 2001, 1990, 681, 4095, 994
1791, 1997, 2273, 1083, 1546, 0, 2000, 1995, 688, 4095, 990
1792, 1995, 2263, 1100, 1545, 0, 1998, 1991, 690, 4095, 987
1791, 2000, 2267, 1110, 1545, 0, 1988, 1994, 692, 4095, 989
1789, 1994, 2271, 1113, 1546, 0, 1995, 1989, 690, 4095, 986
1792, 1994, 2273, 1114, 1550, 0, 1998, 1990, 692, 4095, 991
1791, 1996, 2277, 1118, 1535, 0, 1995, 1989, 698, 4095, 987
1794, 1997, 2271, 1111, 1546, 0, 1991, 2006, 701, 4095, 985
1792, 1993, 2282, 1155, 1520, 0, 1994, 1994, 701, 4095, 986
1792, 1997, 2275, 1109, 1548, 0, 1997, 1999, 695, 4095, 993
1798, 1994, 2283, 1104, 1549, 0, 1997, 1994, 694, 4095, 993
1795, 2000, 2288, 1103, 1548, 0, 1993, 2000, 691, 4095, 990
1797, 2000, 2283, 1097, 1546, 0, 2000, 2000, 697, 4095, 993
1794, 2001, 2288, 1098, 1545, 0, 1999, 2000, 698, 4095, 987
1802, 2006, 2295, 1097, 1552, 0, 2002, 2000, 695, 4095, 1001
1806, 2007, 2305, 1102, 1552, 0, 2004, 2001, 699, 4095, 1003
1803, 2011, 2301, 1095, 1552, 0, 2005, 2006, 702, 4095, 997
1803, 2011, 2306, 1101, 1552, 0, 2005, 2011, 699, 4095, 1004
1804, 2015, 2313, 1099, 1551, 0, 2004, 2013, 706, 4095, 1008
1806, 2017, 2311, 1099, 1552, 0, 2004, 2005, 704, 4095, 1008
1808, 2019, 2307, 1104, 1552, 0, 2011, 2003, 699, 4095, 1008
1807, 2017, 2319, 1107, 1553, 0, 2014, 2009, 703, 4095, 1008
1805, 2021, 2321, 1113, 1554, 0, 2017, 2011, 706, 4095, 1006
1806, 2026, 2320, 1111, 1559, 0, 2014, 2012, 706, 4095, 1009
1808, 2021, 2321, 1104, 1558, 0, 2019, 2013, 699, 4095, 1015
1806, 2022, 2322, 1125, 1565, 0, 2017, 2014, 706, 4095, 1008
1808, 2029, 2332, 1131, 1569, 0, 2016, 2014, 705, 4095, 1011
1808, 2032, 2322, 1136, 1569, 0, 2018, 2017, 714, 4095, 1010
1809, 2027, 2323, 1134, 1570, 0, 2020, 2017, 708, 4095, 1011
1811, 2030, 2325, 1145, 1569, 0, 2027, 2021, 706, 4095, 1008
1808, 2026, 2329, 1142, 1583, 0, 2020, 2020, 712, 4095, 1010
1808, 2029, 2322, 1146, 1569, 0, 2021, 2018, 713, 4095, 1014
1808, 2032, 2322, 1155, 1578, 0, 2025, 2015, 716, 4095, 1009
1808, 2030, 2337, 1161, 1580, 0, 2025, 2019, 715, 4095, 1010
1808, 2032, 2321, 1157, 1576, 0, 2023, 2026, 708, 4095, 1007
1811, 2032, 2333, 1136, 1580, 0, 2027, 2019, 719, 4095, 1009
1808, 2029, 2331, 1168, 1583, 0, 2028, 2020, 705, 4095, 1008
1809, 2032, 2325, 1167, 1579, 0, 2027, 2019, 720, 4095, 1008
1811, 2034, 2327, 1173, 1583, 0, 2025, 2021, 720, 4095, 1015
1808, 2033, 2336, 1170, 1581, 0, 2027, 2026, 720, 4095, 1015
1809, 2033, 2336, 1169, 1580, 0, 2029, 2022, 719, 4095, 1010
1808, 2043, 2336, 1178, 1584, 0, 2067, 2019, 718, 4095, 1009
1808, 2032, 2334, 1175, 1583, 0, 2029, 2023, 718, 4095, 1009
1808, 2039, 2331, 1169, 1584, 0, 2028, 2021, 720, 4095, 1012
1808, 2035, 2329, 1170, 1584, 0, 2032, 2018, 717, 4095, 1011
1807, 2037, 2336, 1175, 1583, 0, 2030, 2031, 716, 4095, 1014
1807, 2035, 2338, 1193, 1566, 0, 2032, 2021, 719, 4095, 1014
1810, 2039, 2335, 1173, 1584, 0, 2032, 2023, 691, 4095, 987
1819, 2042, 2336, 1177, 1584, 0, 2029, 2026, 720, 4095, 1011
1808, 2039, 2340, 1170, 1584, 0, 2032, 2021, 720, 4095, 1019
1810, 2033, 2343, 1169, 1584, 0, 2030, 2022, 717, 4095, 1015
1808, 2042, 2346, 1193, 1585, 0, 2023, 2021, 720, 4095, 1011
1808, 2015, 2339, 1169, 1584, 0, 2031, 2022, 720, 4095, 1013
1808, 2042, 2343, 1175, 1586, 0, 2033, 2023, 718, 4095, 1016
1809, 2042, 2349, 1174, 1584, 0, 2032, 2019, 718, 4095, 1017
1810, 2039, 2341, 1170, 1589, 0, 2032, 2023, 720, 4095, 1008
1809, 2039, 2349, 1182, 1585, 0, 2032, 2026, 715, 4095, 1010
1811, 2038, 2342, 1178, 1584, 0, 2032, 2027, 724, 4095, 1014
1811, 2041, 2346, 1189, 1584, 0, 2032, 2025, 720, 4095, 1015
1808, 2042, 2342, 1189, 1585, 0, 2035, 2025, 718, 4095, 1014
1811, 2038, 2366, 1189, 1585, 0, 2032, 2026, 717, 4095, 1015
1811, 2042, 2347, 1195, 1587, 0, 2034, 2075, 723, 4095, 1017
1812, 2045, 2349, 1203, 1588, 0, 2038, 2027, 723, 4095, 1020
1811, 2039, 2338, 1191, 1588, 0, 2035, 2025, 722, 4095, 1017
1788, 2037, 2352, 1200, 1584, 0, 2034, 2021, 723, 4095, 1013
1812, 2037, 2352, 1195, 1586, 0, 2035, 2021, 720, 4095, 1013
1810, 2039, 2355, 1201, 1589, 0, 2035, 2026, 720, 4095, 1020
1817, 2034, 2354, 1213, 1585, 0, 2054, 2026, 723, 4095, 1013
1818, 2001, 2352, 1226, 1584, 0, 2042, 2031, 727, 4095, 1021
1822, 2028, 2358, 1233, 1553, 0, 2038, 2028, 733, 4095, 1011
1826, 2021, 2362, 1233, 1488, 0, 2045, 2032, 735, 4095, 1018
1830, 2009, 2368, 1227, 1405, 0, 2043, 2061, 733, 4095, 1014
1836, 1991, 2370, 1218, 1341, 0, 2044, 2029, 727, 4095, 1033
1833, 1963, 2377, 1203, 1284, 0, 2042, 2037, 725, 4095, 1015
1835, 1925, 2384, 1201, 1266, 0, 2039, 2037, 726, 4095, 1021
1831, 1883, 2387, 1191, 1295, 0, 2037, 2042, 720, 4095, 1021
1826, 1875, 2385, 1182, 1317, 0, 2025, 2035, 714, 4095, 1017
1824, 1863, 2383, 1171, 1333, 0, 2011, 2032, 709, 4095, 1008
1822, 1860, 2388, 1166, 1337, 0, 2020, 2027, 699, 4095, 1008
1819, 1847, 2371, 1152, 1320, 0, 1950, 2013, 690, 4095, 974
1809, 1831, 2375, 1136, 1296, 0, 1916, 2001, 696, 4095, 956
1808, 1807, 2356, 1134, 1278, 0, 1888, 1993, 686, 4095, 941
1798, 1780, 2349, 1113, 1260, 0, 1864, 1974, 683, 4095, 928
1793, 1769, 2336, 1107, 1243, 0, 1844, 1968, 675, 4095, 919
1790, 1745, 2328, 1094, 1216, 0, 1838, 1963, 675, 4095, 913
1782, 1735, 2320, 1091, 1225, 0, 1833, 1963, 673, 4095, 912
1779, 1729, 2317, 1083, 1220, 0, 1829, 1956, 674, 4095, 912
1779, 1728, 2335, 1071, 1223, 0, 1828, 1961, 665, 4095, 912
1776, 1725, 2316, 1065, 1228, 0, 1837, 1953, 663, 4095, 912
1776, 1733, 2318, 1063, 1235, 0, 1840, 1953, 666, 4095, 925
1776, 1743, 2319, 1059, 1244, 0, 1843, 1955, 666, 4095, 925
1774, 1744, 2317, 1052, 1259, 0, 1855, 1961, 663, 4095, 933
1779, 1761, 2322, 1051, 1275, 0, 1871, 1956, 661, 4095, 938
1779, 1782, 2320, 1042, 1296, 0, 1877, 1962, 659, 4095, 943
1782, 1803, 2321, 1044, 1318, 0, 1902, 1967, 659, 4095, 951
1787, 1821, 2333, 1045, 1344, 0, 1893, 1968, 657, 4095, 957
1789, 1840, 2327, 1045, 1371, 0, 1918, 1968, 657, 4095, 959
1789, 1858, 2332, 1042, 1393, 0, 1932, 1969, 656, 4095, 970
1792, 1872, 2334, 1045, 1416, 0, 1942, 1990, 659, 4095, 963
1793, 1886, 2336, 1047, 1433, 0, 1950, 1980, 662, 4095, 971
1795, 1905, 2336, 1053, 1427, 0, 1963, 1980, 663, 4095, 976
1798, 1918, 2341, 1055, 1463, 0, 1969, 1981, 657, 4095, 967
1796, 1930, 2351, 1053, 1470, 0, 1978, 1984, 668, 4095, 981
1796, 1936, 2349, 1047, 1483, 0, 1984, 1984, 669, 4095, 982
1799, 1946, 2354, 1042, 1488, 0, 1989, 1988, 670, 4095, 987
1806, 1966, 2348, 1035, 1493, 0, 1998, 1990, 663, 4095, 986
1808, 1949, 2363, 1013, 1505, 0, 2000, 1992, 663, 4095, 998
1807, 1978, 2370, 1011, 1514, 0, 2003, 1995, 658, 4095, 1002
1807, 1986, 2356, 1002, 1519, 0, 2002, 1991, 656, 4095, 1001
1803, 1993, 2362, 997, 1520, 0, 2003, 1994, 656, 4095, 1008
1807, 2000, 2366, 995, 1523, 0, 2010, 1992, 654, 4095, 1003
1808, 2011, 2365, 985, 1517, 0, 2013, 1993, 656, 4095, 1002
1805, 2013, 2374, 986, 1532, 0, 2011, 1993, 656, 4095, 1009
1804, 2013, 2371, 983, 1535, 0, 2015, 1996, 655, 4095, 1013
1808, 2012, 2343, 983, 1543, 0, 2019, 1990, 651, 4095, 1009
1807, 2019, 2373, 976, 1542, 0, 2021, 1999, 654, 4095, 1009
1807, 2019, 2368, 976, 1535, 0, 2021, 1999, 647, 4095, 1008
1808, 2063, 2375, 970, 1535, 0, 2020, 1991, 648, 4095, 979
1809, 2029, 2373, 961, 1544, 0, 2025, 1996, 650, 4095, 1008
1809, 2029, 2374, 951, 1545, 0, 2021, 1996, 650, 4095, 1010
1809, 2027, 2373, 939, 1535, 0, 2020, 1997, 643, 4095, 1011
1812, 2032, 2371, 928, 1535, 0, 2019, 1997, 638, 4095, 1010
1810, 2036, 2381, 922, 1543, 0, 2021, 1991, 641, 4095, 1009
1808, 2032, 2381, 914, 1535, 0, 2017, 1990, 634, 4095, 1011
1810, 2034, 2375, 906, 1546, 0, 2017, 1996, 634, 4095, 1012
1809, 2033, 2380, 899, 1533, 0, 2016, 1990, 630, 4095, 1010
1810, 2037, 2377, 895, 1535, 0, 2017, 1995, 625, 4095, 1008
1811, 2035, 2371, 898, 1525, 0, 2014, 1989, 624, 4095, 1011
1811, 2035, 2375, 880, 1533, 0, 2016, 1985, 618, 4095, 1013
1833, 2037, 2374, 880, 1527, 0, 2010, 1988, 624, 4095, 1008
1809, 2032, 2373, 875, 1525, 0, 2005, 1994, 620, 4095, 1013
1813, 2031, 2375, 877, 1523, 0, 2011, 1992, 624, 4095, 1014
1810, 2032, 2379, 878, 1520, 0, 2001, 1988, 624, 4095, 1010
1809, 1985, 2373, 871, 1520, 0, 2035, 1991, 624, 4095, 1008
1808, 2035, 2377, 870, 1518, 0, 2010, 1985, 623, 4095, 1008
1809, 2032, 2379, 867, 1510, 0, 2009, 1985, 624, 4095, 1009
1814, 2030, 2379, 859, 1509, 0, 2009, 1983, 624, 4095, 1005
1809, 2031, 2378, 856, 1505, 0, 2003, 1981, 624, 4095, 1009
1812, 2025, 2383, 862, 1503, 0, 2001, 1981, 621, 4095, 1008
1814, 2021, 2383, 858, 1500, 0, 2005, 1990, 624, 4095, 1008
1817, 2025, 2381, 865, 1490, 0, 2008, 1983, 625, 4095, 1015
1814, 2021, 2379, 863, 1494, 0, 2007, 1986, 624, 4095, 1008
1814, 2017, 2380, 867, 1497, 0, 2007, 1986, 624, 4095, 1006
1812, 2016, 2380, 861, 1502, 0, 2010, 1987, 623, 4095, 1008
1816, 2013, 2382, 866, 1497, 0, 2012, 1988, 624, 4095, 1014
1815, 2010, 2384, 861, 1499, 0, 2013, 1982, 629, 4095, 1010
1817, 2017, 2385, 864, 1501, 0, 2013, 1983, 624, 4095, 1011
1817, 2015, 2381, 864, 1503, 0, 2013, 1986, 630, 4095, 1008
1822, 2017, 2382, 861, 1504, 0, 2009, 1983, 631, 4095, 1007
1817, 2017, 2384, 862, 1502, 0, 2013, 1982, 630, 4095, 1009
1819, 2015, 2384, 861, 1506, 0, 2016, 1985, 628, 4095, 1011
1819, 2016, 2384, 858, 1509, 0, 2014, 1986, 631, 4095, 1015
1817, 2016, 2345, 859, 1505, 0, 2015, 1991, 626, 4095, 1008
1820, 2016, 2384, 859, 1508, 0, 2015, 1988, 629, 4095, 1009
1819, 2019, 2386, 841, 1503, 0, 2012, 1984, 627, 4095, 1008
1815, 2011, 2384, 862, 1502, 0, 2010, 1982, 633, 4095, 1011
1823, 2017, 2384, 864, 1507, 0, 2012, 1983, 637, 4095, 1008
1815, 2013, 2384, 867, 1507, 0, 2013, 1963, 638, 4095, 1008
1819, 2018, 2384, 878, 1510, 0, 2018, 1983, 637, 4095, 1008
1817, 2013, 2383, 881, 1506, 0, 2015, 1984, 642, 4095, 1008
1819, 2019, 2384, 893, 1506, 0, 2016, 1983, 643, 4095, 1008
1821, 2015, 2383, 893, 1510, 0, 2020, 1985, 639, 4095, 1013
1821, 2014, 2384, 898, 1516, 0, 2017, 1983, 646, 4095, 1008
1823, 2016, 2386, 912, 1517, 0, 2019, 1983, 647, 4095, 1008
1819, 2015, 2380, 912, 1512, 0, 2020, 1953, 649, 4095, 1008
1821, 2012, 2381, 927, 1515, 0, 2023, 1985, 655, 4095, 1006
1823, 2009, 2385, 942, 1520, 0, 2024, 1985, 655, 4095, 1008
1823, 2012, 2384, 947, 1519, 0, 2029, 1987, 656, 4095, 1008
1825, 2009, 2379, 961, 1515, 0, 2026, 1989, 657, 4095, 1015
1827, 2007, 2381, 969, 1515, 0, 2025, 1989, 656, 4095, 1008
1829, 2007, 2384, 975, 1519, 0, 2026, 1985, 661, 4095, 1008
1826, 2000, 2388, 979, 1520, 0, 2026, 1989, 663, 4095, 1007
1826, 2007, 2390, 992, 1523, 0, 2032, 1989, 665, 4095, 1008
1826, 2003, 2386, 996, 1520, 0, 2031, 1987, 672, 4095, 1008
1825, 2006, 2396, 1008, 1520, 0, 2032, 1987, 670, 4095, 1011
1831, 2002, 2382, 1014, 1522, 0, 2030, 1991, 674, 4095, 1007
1834, 2006, 2390, 1023, 1526, 0, 2011, 1994, 679, 4095, 1009
1833, 2006, 2395, 1039, 1525, 0, 2032, 1989, 684, 4095, 1001
1828, 2007, 2385, 1043, 1531, 0, 2032, 1991, 683, 4095, 1005
1832, 2006, 2386, 1049, 1534, 0, 2032, 1986, 682, 4095, 1002
1828, 2010, 2391, 1056, 1533, 0, 2032, 1986, 686, 4095, 1008
1830, 2011, 2384, 1072, 1535, 0, 2034, 1985, 671, 4095, 1007
1833, 2013, 2383, 1078, 1545, 0, 2034, 1992, 688, 4095, 1001
1813, 2011, 2383, 1082, 1535, 0, 2033, 1989, 686, 4095, 1003
1837, 2011, 2382, 1094, 1535, 0, 2038, 1994, 687, 4095, 999
1833, 2001, 2373, 1105, 1546, 0, 2038, 1989, 689, 4095, 997
1831, 2002, 2385, 1114, 1548, 0, 2047, 1995, 691, 4095, 1002
1835, 1983, 2379, 1121, 1535, 0, 2036, 1990, 699, 4095, 995
1835, 1995, 2371, 1125, 1535, 0, 2035, 1989, 696, 4095, 995
1838, 1989, 2374, 1133, 1547, 0, 2038, 1987, 697, 4095, 986
1839, 1983, 2377, 1130, 1535, 0, 2036, 1995, 702, 4095, 999
1840, 1975, 2379, 1140, 1529, 0, 2032, 1989, 705, 4095, 989
1840, 1968, 2379, 1137, 1516, 0, 2038, 1995, 702, 4095, 983
1842, 1967, 2383, 1139, 1535, 0, 2039, 2000, 705, 4095, 990
1840, 1965, 2377, 1148, 1530, 0, 2034, 1995, 707, 4095, 991
1842, 1966, 2384, 1150, 1535, 0, 2042, 1999, 704, 4095, 998
1841, 1968, 2385, 1148, 1533, 0, 2041, 1991, 710, 4095, 986
1840, 1968, 2383, 1146, 1533, 0, 2035, 1997, 709, 4095, 990
1840, 1964, 2381, 1151, 1535, 0, 2039, 1994, 713, 4095, 992
1840, 1972, 2372, 1151, 1533, 0, 2043, 1999, 711, 4095, 990
1840, 1970, 2384, 1156, 1533, 0, 2039, 1998, 710, 4095, 989
1841, 1973, 2381, 1155, 1535, 0, 2043, 1995, 711, 4095, 998
1840, 1978, 2375, 1163, 1535, 0, 2042, 1990, 707, 4095, 992
1840, 1974, 2378, 1153, 1534, 0, 2042, 1991, 709, 4095, 993
1840, 1979, 2368, 1165, 1535, 0, 2038, 1991, 706, 4095, 989
1839, 1982, 2381, 1164, 1535, 0, 2039, 1997, 710, 4095, 990
1840, 1983, 2381, 1169, 1529, 0, 2038, 1989, 714, 4095, 991
1840, 1982, 2384, 1169, 1533, 0, 2033, 1962, 717, 4095, 994
1840, 1979, 2369, 1169, 1547, 0, 2041, 1990, 715, 4095, 989
1839, 1984, 2370, 1169, 1531, 0, 2038, 1991, 709, 4095, 1008
1865, 1989, 2377, 1183, 1547, 0, 2041, 1995, 710, 4095, 998
1840, 1995, 2382, 1181, 1543, 0, 2042, 1990, 718, 4095, 1000
1840, 1995, 2383, 1180, 1543, 0, 2045, 1995, 719, 4095, 994
1840, 1996, 2374, 1186, 1546, 0, 2045, 1991, 720, 4095, 997
1841, 1991, 2371, 1187, 1547, 0, 2057, 1985, 720, 4095, 1001
1840, 1997, 2381, 1195, 1545, 0, 2047, 1990, 720, 4095, 992
1840, 1999, 2383, 1189, 1543, 0, 2044, 1993, 720, 4095, 997
1840, 1998, 2377, 1196, 1543, 0, 2045, 1989, 719, 4095, 998
1840, 2000, 2382, 1200, 1544, 0, 2047, 1990, 720, 4095, 996
1840, 2000, 2380, 1199, 1544, 0, 2046, 1989, 722, 4095, 993
1839, 2000, 2381, 1203, 1546, 0, 2047, 1993, 722, 4095, 997
1840, 2000, 2379, 1206, 1535, 0, 2047, 1989, 720, 4095, 990
1840, 2002, 2359, 1205, 1543, 0, 2054, 1993, 719, 4095, 991
1840, 1998, 2373, 1216, 1531, 0, 2038, 1986, 723, 4095, 985
1840, 1995, 2374, 1204, 1534, 0, 2041, 1986, 725, 4095, 991
1840, 1996, 2371, 1228, 1531, 0, 2043, 1983, 720, 4095, 985
1823, 1995, 2375, 1238, 1520, 0, 2044, 1994, 725, 4095, 987
1846, 1990, 2379, 1237, 1507, 0, 2043, 1986, 723, 4095, 987
1849, 1989, 2371, 1232, 1503, 0, 2047, 1989, 732, 4095, 990
1845, 1994, 2377, 1219, 1499, 0, 2042, 1986, 731, 4095, 985
1842, 1998, 2366, 1214, 1509, 0, 2046, 1983, 722, 4095, 988
1829, 1997, 2355, 1213, 1511, 0, 2043, 1974, 726, 4095, 986
1808, 1997, 2347, 1202, 1519, 0, 2041, 1968, 722, 4095, 987
1787, 2000, 2325, 1200, 1518, 0, 2030, 1954, 720, 4095, 980
1759, 2000, 2311, 1195, 1509, 0, 2022, 1937, 719, 4095, 984
1745, 1998, 2294, 1178, 1472, 15, 2007, 1931, 720, 4095, 976
1729, 1994, 2283, 1184, 1489, 0, 1997, 1919, 711, 4095, 976
1718, 1990, 2273, 1174, 1483, 0, 1980, 1913, 709, 4095, 960
1716, 1982, 2261, 1173, 1473, 0, 1968, 1907, 708, 4095, 958
1713, 1967, 2256, 1168, 1467, 0, 1963, 1906, 707, 4095, 954
1719, 1963, 2241, 1168, 1456, 0, 1952, 1905, 706, 4095, 947
1725, 1948, 2225, 1167, 1455, 0, 1942, 1904, 699, 4095, 910
1737, 1933, 2219, 1163, 1447, 0, 1937, 1901, 701, 4095, 931
1742, 1921, 2208, 1153, 1434, 0, 1934, 1904, 700, 4095, 913
1748, 1909, 2194, 1152, 1424, 0, 1927, 1899, 698, 4095, 912
1755, 1893, 2192, 1152, 1421, 0, 1921, 1899, 691, 4095, 911
1760, 1881, 2192, 1147, 1419, 0, 1916, 1898, 689, 4095, 901
1763, 1861, 2186, 1150, 1412, 0, 1907, 1899, 697, 4095, 899
1773, 1853, 2191, 1146, 1408, 0, 1906, 1901, 688, 4095, 893
1774, 1847, 2241, 1143, 1407, 0, 1913, 1901, 688, 4095, 893
1776, 1836, 2202, 1145, 1403, 0, 1908, 1904, 688, 4095, 890
1782, 1826, 2209, 1159, 1403, 0, 1907, 1904, 688, 4095, 889
1787, 1820, 2214, 1153, 1409, 0, 1919, 1905, 695, 4095, 889
1793, 1806, 2217, 1157, 1411, 0, 1927, 1915, 694, 4095, 883
1793, 1803, 2220, 1159, 1409, 0, 1931, 1914, 694, 4095, 880
1797, 1789, 2224, 1163, 1411, 0, 1936, 1918, 698, 4095, 885
1806, 1785, 2225, 1166, 1415, 0, 1942, 1921, 695, 4095, 879
1809, 1771, 2222, 1173, 1392, 0, 1942, 1922, 694, 4095, 875
1814, 1760, 2227, 1175, 1408, 0, 1949, 1926, 701, 4095, 873
1818, 1753, 2224, 1179, 1406, 0, 1950, 1926, 701, 4095, 862
1824, 1744, 2230, 1182, 1405, 0, 1947, 1936, 701, 4095, 864
1824, 1729, 2229, 1186, 1396, 0, 1952, 1919, 705, 4095, 854
1830, 1718, 2234, 1195, 1381, 0, 1949, 1936, 709, 4095, 854
1834, 1707, 2240, 1200, 1379, 0, 1947, 1936, 710, 4095, 853
1847, 1694, 2247, 1201, 1373, 0, 1952, 1937, 710, 4095, 850
1839, 1681, 2242, 1204, 1375, 0, 1950, 1945, 711, 4095, 848
1841, 1675, 2253, 1207, 1374, 0, 1955, 1943, 715, 4095, 848
1840, 1666, 2251, 1213, 1376, 0, 1956, 1946, 711, 4095, 854
1846, 1639, 2254, 1213, 1385, 0, 1966, 1938, 716, 4095, 854
1843, 1673, 2255, 1210, 1390, 0, 1967, 1952, 717, 4095, 855
1845, 1683, 2258, 1216, 1395, 0, 1972, 1951, 716, 4095, 863
1847, 1690, 2261, 1214, 1406, 0, 1978, 1951, 719, 4095, 871
1843, 1712, 2271, 1215, 1409, 0, 1983, 1955, 719, 4095, 878
1847, 1728, 2268, 1205, 1417, 0, 1985, 1953, 716, 4095, 880
1850, 1741, 2281, 1211, 1416, 0, 1988, 1957, 717, 4095, 884
1847, 1751, 2288, 1213, 1418, 0, 1994, 1952, 720, 4095, 887
1850, 1761, 2289, 1207, 1421, 0, 1999, 1953, 720, 4095, 893
1849, 1770, 2306, 1211, 1423, 0, 1999, 1936, 720, 4095, 903
1850, 1780, 2302, 1255, 1421, 0, 2000, 1959, 718, 4095, 905
1851, 1781, 2313, 1222, 1424, 0, 2005, 1958, 688, 4095, 909
1840, 1785, 2319, 1223, 1422, 0, 2002, 1961, 720, 4095, 902
1852, 1789, 2319, 1225, 1419, 0, 2000, 1963, 718, 4095, 903
1854, 1790, 2322, 1230, 1415, 0, 2000, 1959, 719, 4095, 903
1855, 1792, 2326, 1226, 1409, 0, 2002, 1955, 721, 4095, 906
1858, 1822, 2327, 1232, 1405, 0, 2007, 1962, 724, 4095, 907
1859, 1781, 2320, 1232, 1398, 0, 1994, 1963, 727, 4095, 906
1863, 1776, 2320, 1237, 1387, 0, 1988, 1965, 725, 4095, 903
1871, 1767, 2319, 1241, 1377, 0, 1981, 1966, 723, 4095, 895
1869, 1754, 2319, 1235, 1363, 0, 1971, 1974, 723, 4095, 890
1871, 1744, 2316, 1238, 1328, 16, 1968, 1963, 731, 4095, 891
1873, 1732, 2309, 1237, 1335, 0, 1959, 1966, 731, 4095, 889
1875, 1726, 2305, 1230, 1326, 0, 1955, 1961, 730, 4095, 883
1874, 1726, 2301, 1216, 1319, 0, 1953, 1963, 726, 4095, 883
1875, 1725, 2300, 1210, 1309, 0, 1947, 1961, 725, 4095, 883
1875, 1732, 2302, 1211, 1299, 0, 1948, 1963, 726, 4095, 894
1874, 1737, 2305, 1203, 1296, 0, 1942, 1954, 725, 4095, 894
1872, 1738, 2305, 1191, 1296, 0, 1945, 1965, 720, 4095, 893
1872, 1744, 2317, 1195, 1295, 0, 1945, 1958, 720, 4095, 896
1872, 1747, 2321, 1181, 1296, 0, 1947, 1962, 718, 4095, 901
1871, 1758, 2314, 1178, 1296, 0, 1943, 1957, 719, 4095, 901
1872, 1757, 2320, 1180, 1297, 0, 1947, 1954, 721, 4095, 909
1870, 1765, 2331, 1168, 1297, 0, 1947, 1961, 720, 4095, 902
1867, 1776, 2327, 1168, 1307, 0, 1951, 1959, 719, 4095, 914
1869, 1767, 2306, 1168, 1307, 0, 1948, 1952, 709, 4095, 913
1869, 1776, 2334, 1165, 1311, 0, 1952, 1959, 720, 4095, 923
1867, 1779, 2338, 1157, 1318, 0, 1959, 1954, 719, 4095, 919
1863, 1776, 2337, 1151, 1323, 0, 1959, 1961, 691, 4095, 919
1865, 1794, 2341, 1143, 1327, 0, 1962, 1953, 710, 4095, 926
1864, 1804, 2345, 1143, 1328, 0, 1968, 1961, 710, 4095, 929
1867, 1813, 2352, 1136, 1335, 0, 1971, 1961, 718, 4095, 928
1866, 1819, 2347, 1135, 1339, 0, 2007, 1967, 717, 4095, 932
1867, 1825, 2350, 1136, 1343, 0, 1981, 1959, 717, 4095, 935
1870, 1834, 2353, 1127, 1347, 0, 1984, 1958, 709, 4095, 938
1866, 1837, 2355, 1125, 1356, 0, 1986, 1961, 715, 4095, 945
1863, 1838, 2354, 1120, 1350, 0, 1985, 1957, 714, 4095, 945
1863, 1840, 2358, 1123, 1359, 0, 1993, 1936, 714, 4095, 946
1866, 1842, 2355, 1128, 1360, 0, 1994, 1961, 706, 4095, 947
1865, 1841, 2363, 1132, 1365, 0, 1999, 1955, 695, 4095, 954
1869, 1847, 2361, 1134, 1376, 0, 2000, 1963, 707, 4095, 947
1865, 1851, 2364, 1133, 1383, 0, 2000, 1957, 713, 4095, 949
1866, 1856, 2363, 1136, 1392, 0, 2006, 1957, 711, 4095, 944
1862, 1863, 2363, 1137, 1397, 0, 2009, 1962, 711, 4095, 953
1861, 1835, 2363, 1145, 1411, 0, 2012, 1959, 719, 4095, 955
1863, 1872, 2361, 1149, 1422, 0, 2017, 1958, 715, 4095, 949
1858, 1882, 2358, 1159, 1424, 0, 2021, 1962, 718, 4095, 956
1862, 1885, 2365, 1156, 1430, 0, 2021, 1957, 716, 4095, 950
1861, 1891, 2355, 1163, 1434, 0, 2023, 1957, 719, 4095, 953
1857, 1901, 2357, 1165, 1455, 0, 2022, 1953, 716, 4095, 954
1859, 1907, 2355, 1168, 1441, 0, 2030, 1957, 720, 4095, 960
1866, 1909, 2353, 1179, 1449, 0, 2032, 1959, 720, 4095, 967
1859, 1913, 2359, 1181, 1451, 0, 2031, 1957, 720, 4095, 959
1861, 1918, 2356, 1179, 1454, 0, 2031, 1955, 720, 4095, 959
1859, 1923, 2352, 1173, 1456, 0, 2032, 1952, 719, 4095, 963
1854, 1931, 2353, 1184, 1456, 0, 2034, 1952, 698, 4095, 914
1857, 1932, 2351, 1195, 1459, 0, 2029, 1949, 720, 4095, 960
1857, 1935, 2352, 1200, 1456, 0, 2033, 1959, 725, 4095, 962
1855, 1936, 2349, 1199, 1460, 0, 2032, 1953, 721, 4095, 961
1856, 1936, 2358, 1201, 1461, 0, 2033, 1957, 720, 4095, 964
1857, 1936, 2355, 1207, 1459, 0, 2032, 1955, 725, 4095, 970
1855, 1941, 2352, 1205, 1463, 0, 2032, 1951, 725, 4095, 959
1853, 1943, 2352, 1210, 1465, 0, 2036, 1954, 722, 4095, 962
1854, 1949, 2378, 1216, 1469, 0, 2033, 1957, 721, 4095, 960
1851, 1946, 2352, 1215, 1465, 0, 2037, 1950, 725, 4095, 961
1853, 1949, 2353, 1216, 1513, 0, 2032, 1955, 727, 4095, 963
1851, 1953, 2350, 1221, 1469, 0, 2033, 1954, 728, 4095, 959
1825, 1952, 2358, 1225, 1469, 0, 2033, 1953, 723, 4095, 964
1847, 1953, 2353, 1219, 1470, 0, 2032, 1954, 728, 4095, 969
1851, 1959, 2352, 1229, 1473, 0, 2032, 1951, 721, 4095, 962
1850, 1957, 2347, 1232, 1474, 0, 2033, 1951, 726, 4095, 962
1847, 1978, 2347, 1232, 1473, 0, 2038, 1947, 726, 4095, 966
1842, 1961, 2338, 1232, 1472, 0, 2032, 1943, 723, 4095, 967
1843, 1961, 2342, 1243, 1472, 0, 2032, 1946, 726, 4095, 967
1843, 1966, 2345, 1236, 1473, 0, 2032, 1945, 723, 4095, 966
1841, 1961, 2346, 1238, 1472, 0, 2031, 1946, 723, 4095, 967
1841, 1968, 2341, 1248, 1456, 0, 2032, 1953, 727, 4095, 965
1842, 1970, 2334, 1246, 1476, 0, 2032, 1944, 727, 4095, 966
1840, 1968, 2336, 1248, 1472, 0, 2032, 1943, 723, 4095, 967
1840, 1965, 2327, 1249, 1471, 0, 2032, 1943, 729, 4095, 965
1841, 1968, 2327, 1247, 1471, 0, 2032, 1936, 725, 4095, 966
1840, 1967, 2326, 1250, 1471, 0, 2030, 1942, 730, 4095, 971
1840, 1968, 2320, 1258, 1472, 0, 2026, 1942, 733, 4095, 960
1840, 1968, 2321, 1259, 1471, 0, 2032, 1936, 735, 4095, 960
1838, 1967, 2320, 1262, 1471, 0, 2028, 1938, 730, 4095, 962
1838, 1968, 2319, 1263, 1473, 0, 2031, 1939, 731, 4095, 958
1840, 1968, 2310, 1264, 1473, 0, 2030, 1938, 731, 4095, 960
1840, 1968, 2319, 1257, 1469, 0, 2032, 1938, 734, 4095, 957
1840, 1968, 2315, 1264, 1471, 0, 2027, 1939, 734, 4095, 960
1835, 1967, 2313, 1269, 1472, 0, 2032, 1938, 731, 4095, 958
1838, 1962, 2301, 1264, 1472, 0, 2031, 1939, 733, 4095, 955
1840, 1963, 2304, 1264, 1468, 0, 2029, 1938, 727, 4095, 958
1840, 1967, 2300, 1275, 1469, 0, 2025, 1936, 731, 4095, 953
1840, 1968, 2302, 1267, 1465, 0, 2027, 1936, 737, 4095, 955
1839, 1968, 2303, 1264, 1468, 0, 2025, 1935, 731, 4095, 954
1836, 1965, 2298, 1266, 1462, 0, 2021, 1936, 735, 4095, 959
1839, 1966, 2294, 1270, 1466, 0, 2023, 1936, 736, 4095, 947
1839, 1965, 2300, 1263, 1463, 0, 2021, 1936, 726, 4095, 945
1840, 1974, 2304, 1270, 1466, 0, 2030, 1933, 735, 4095, 954
1839, 1963, 2294, 1264, 1467, 0, 2022, 1934, 732, 4095, 950
1840, 1968, 2297, 1265, 1466, 0, 2021, 1935, 738, 4095, 949
1839, 1967, 2294, 1271, 1466, 0, 2018, 1931, 737, 4095, 953
1838, 1966, 2296, 1267, 1466, 0, 2023, 1955, 733, 4095, 950
1837, 1964, 2297, 1270, 1478, 0, 2019, 1931, 729, 4095, 943
1838, 1962, 2288, 1264, 1463, 0, 2022, 1927, 732, 4095, 950
1834, 1960, 2288, 1265, 1468, 0, 2023, 1929, 729, 4095, 949
1835, 1963, 2288, 1264, 1463, 0, 2023, 1930, 734, 4095, 949
1831, 1963, 2289, 1268, 1470, 0, 2019, 1965, 730, 4095, 945
1835, 1964, 2288, 1261, 1469, 0, 2021, 1926, 730, 4095, 944
1831, 1962, 2289, 1258, 1462, 0, 2017, 1923, 773, 4095, 935
1841, 1964, 2285, 1254, 1471, 0, 2026, 1926, 731, 4095, 946
1826, 1967, 2284, 1259, 1469, 0, 2018, 1923, 730, 4095, 944
1826, 1966, 2275, 1264, 1471, 0, 2023, 1922, 723, 4095, 944
1826, 1959, 2277, 1263, 1471, 0, 2019, 1918, 729, 4095, 943
1825, 1936, 2271, 1255, 1470, 0, 2017, 1919, 731, 4095, 944
1825, 1951, 2268, 1264, 1463, 0, 2017, 1911, 730, 4095, 938
1822, 1947, 2257, 1264, 1467, 0, 2019, 1915, 725, 4095, 944
1821, 1946, 2262, 1264, 1462, 0, 2017, 1918, 729, 4095, 928
1822, 1936, 2256, 1264, 1461, 0, 2015, 1913, 723, 4095, 927
1823, 1930, 2255, 1264, 1463, 0, 2017, 1917, 731, 4095, 932
1825, 1933, 2249, 1264, 1456, 0, 2014, 1915, 720, 4095, 923
1821, 1927, 2238, 1266, 1462, 0, 2014, 1916, 732, 4095, 928
1828, 1921, 2238, 1266, 1459, 0, 2010, 1911, 731, 4095, 922
1823, 1921, 2231, 1263, 1457, 0, 2015, 1913, 729, 4095, 923
1823, 1920, 2241, 1270, 1471, 0, 2009, 1911, 725, 4095, 917
1821, 1923, 2231, 1265, 1456, 0, 2007, 1909, 726, 4095, 912
1823, 1919, 2235, 1269, 1456, 0, 2013, 1910, 727, 4095, 912
1819, 1920, 2237, 1264, 1456, 0, 2005, 1911, 728, 4095, 914
1823, 1918, 2235, 1266, 1456, 0, 2012, 1909, 721, 4095, 912
1819, 1920, 2237, 1267, 1456, 0, 1987, 1907, 729, 4095, 914
1821, 1920, 2235, 1264, 1455, 0, 2007, 1909, 725, 4095, 913
1817, 1920, 2229, 1267, 1454, 0, 2012, 1908, 730, 4095, 912
1823, 1918, 2231, 1266, 1451, 0, 2011, 1903, 726, 4095, 912
1823, 1913, 2227, 1278, 1453, 0, 2015, 1905, 726, 4095, 918
1824, 1916, 2235, 1278, 1450, 0, 2011, 1904, 731, 4095, 912
1825, 1907, 2229, 1282, 1438, 0, 2009, 1904, 729, 4095, 912
1822, 1904, 2224, 1284, 1445, 0, 2010, 1905, 727, 4095, 912
1822, 1897, 2224, 1287, 1450, 0, 2005, 1904, 725, 4095, 905
1824, 1886, 2217, 1287, 1441, 0, 2003, 1904, 732, 4095, 898
1825, 1877, 2202, 1295, 1441, 0, 2001, 1899, 735, 4095, 898
1821, 1867, 2199, 1314, 1440, 0, 2000, 1893, 733, 4095, 887
1824, 1860, 2194, 1302, 1435, 0, 1996, 1899, 737, 4095, 887
1824, 1842, 2179, 1298, 1430, 0, 1990, 1897, 729, 4095, 887
1821, 1840, 2174, 1299, 1435, 0, 1989, 1889, 730, 4095, 881
1822, 1836, 2173, 1296, 1428, 0, 1990, 1891, 733, 4095, 879
1823, 1827, 2167, 1296, 1427, 0, 1986, 1893, 736, 4095, 880
1819, 1819, 2171, 1296, 1424, 0, 1986, 1893, 731, 4095, 878
1815, 1825, 2167, 1307, 1425, 0, 1986, 1892, 737, 4095, 877
1822, 1823, 2176, 1296, 1424, 0, 1984, 1893, 731, 4095, 875
1823, 1823, 2176, 1297, 1427, 0, 1987, 1887, 739, 4095, 880
1818, 1826, 2175, 1296, 1426, 0, 1985, 1895, 735, 4095, 873
1822, 1831, 2176, 1298, 1422, 0, 1986, 1889, 713, 4095, 896
1815, 1833, 2174, 1296, 1425, 0, 1987, 1892, 746, 4095, 857
1853, 1833, 2175, 1298, 1425, 0, 1989, 1892, 736, 4095, 881
1823, 1833, 2182, 1296, 1425, 0, 1988, 1891, 734, 4095, 880
1819, 1838, 2182, 1295, 1431, 0, 1997, 1894, 738, 4095, 880
1825, 1839, 2190, 1290, 1431, 0, 1993, 1890, 738, 4095, 881
1823, 1863, 2188, 1287, 1430, 0, 1995, 1893, 735, 4095, 883
1821, 1853, 2194, 1268, 1429, 0, 2000, 1891, 726, 4095, 885
1823, 1855, 2198, 1259, 1435, 0, 2000, 1893, 725, 4095, 893
1826, 1860, 2207, 1248, 1437, 0, 2000, 1894, 722, 4095, 896
1824, 1866, 2197, 1235, 1437, 0, 2000, 1889, 720, 4095, 898
1823, 1870, 2209, 1225, 1431, 0, 2001, 1893, 720, 4095, 895
1828, 1874, 2214, 1214, 1440, 0, 2001, 1892, 715, 4095, 913
1824, 1882, 2215, 1201, 1434, 0, 2007, 1889, 713, 4095, 906
1826, 1884, 2223, 1187, 1438, 0, 2002, 1893, 714, 4095, 910
1825, 1889, 2222, 1186, 1437, 0, 2006, 1921, 704, 4095, 903
1825, 1890, 2224, 1177, 1419, 0, 2005, 1893, 703, 4095, 909
1825, 1892, 2224, 1181, 1436, 0, 2005, 1899, 721, 4095, 923
1821, 1894, 2228, 1174, 1435, 0, 2006, 1891, 706, 4095, 910
1823, 1899, 2230, 1175, 1434, 0, 2009, 1894, 707, 4095, 910
1825, 1899, 2224, 1184, 1430, 0, 2009, 1894, 710, 4095, 906
1829, 1897, 2221, 1189, 1437, 0, 2010, 1897, 711, 4095, 907
1831, 1899, 2224, 1190, 1431, 0, 2006, 1898, 708, 4095, 909
1830, 1889, 2219, 1195, 1425, 0, 2005, 1887, 705, 4095, 902
1829, 1887, 2207, 1200, 1424, 0, 2005, 1893, 715, 4095, 898
1831, 1877, 2207, 1205, 1424, 0, 2004, 1898, 710, 4095, 901
1829, 1877, 2202, 1207, 1426, 0, 2001, 1882, 716, 4095, 893
1827, 1866, 2202, 1214, 1431, 0, 2000, 1889, 718, 4095, 894
1829, 1867, 2195, 1218, 1423, 0, 1997, 1890, 720, 4095, 883
1824, 1854, 2190, 1227, 1418, 0, 1998, 1889, 714, 4095, 889
1823, 1850, 2179, 1232, 1415, 0, 1994, 1887, 711, 4095, 882
1825, 1849, 2185, 1234, 1423, 0, 1994, 1889, 720, 4095, 884
1827, 1843, 2181, 1268, 1422, 0, 1995, 1887, 720, 4095, 890
1825, 1845, 2175, 1239, 1420, 0, 1995, 1885, 719, 4095, 895
1821, 1846, 2179, 1244, 1421, 0, 1998, 1885, 717, 4095, 884
1819, 1841, 2170, 1243, 1419, 0, 1994, 1882, 721, 4095, 883
1820, 1841, 2174, 1241, 1424, 0, 1995, 1876, 721, 4095, 882
1821, 1847, 2180, 1245, 1424, 0, 1999, 1887, 721, 4095, 882
1815, 1845, 2181, 1239, 1424, 0, 1965, 1885, 720, 4095, 882
1815, 1845, 2181, 1247, 1424, 0, 1999, 1881, 714, 4095, 886
1814, 1846, 2178, 1235, 1423, 0, 1997, 1883, 720, 4095, 892
1810, 1847, 2175, 1232, 1425, 0, 1996, 1878, 720, 4095, 887
1810, 1851, 2183, 1234, 1421, 0, 1995, 1859, 717, 4095, 885
1814, 1851, 2192, 1237, 1421, 0, 2000, 1877, 720, 4095, 907
1812, 1856, 2190, 1235, 1421, 0, 1997, 1879, 710, 4095, 889
1812, 1856, 2187, 1232, 1419, 0, 2000, 1879, 713, 4095, 891
1814, 1855, 2192, 1215, 1423, 0, 1999, 1873, 713, 4095, 883
1808, 1861, 2192, 1213, 1415, 0, 1999, 1878, 711, 4095, 894
1811, 1861, 2186, 1255, 1421, 0, 1997, 1881, 714, 4095, 894
1810, 1846, 2185, 1214, 1418, 0, 2000, 1879, 709, 4095, 887
1810, 1865, 2183, 1211, 1421, 0, 2001, 1882, 704, 4095, 889
1810, 1868, 2193, 1214, 1421, 0, 1995, 1881, 717, 4095, 899
1812, 1869, 2183, 1209, 1422, 0, 2001, 1885, 710, 4095, 887
1809, 1871, 2186, 1216, 1417, 0, 1997, 1879, 710, 4095, 897
1813, 1872, 2185, 1211, 1414, 0, 2002, 1879, 713, 4095, 889
1809, 1869, 2183, 1217, 1417, 0, 2001, 1879, 715, 4095, 889
1809, 1872, 2180, 1222, 1419, 0, 2000, 1877, 709, 4095, 895
1809, 1872, 2176, 1222, 1410, 0, 2001, 1873, 717, 4095, 890
1811, 1872, 2181, 1231, 1418, 0, 2000, 1874, 720, 4095, 887
1808, 1872, 2167, 1227, 1425, 0, 1999, 1873, 719, 4095, 896
1808, 1873, 2173, 1228, 1421, 0, 1999, 1872, 713, 4095, 893
1790, 1872, 2165, 1223, 1416, 0, 2000, 1872, 711, 4095, 893
1808, 1872, 2173, 1223, 1419, 0, 1995, 1872, 711, 4095, 885
1808, 1870, 2162, 1216, 1422, 0, 1994, 1872, 715, 4095, 885
1807, 1873, 2167, 1201, 1417, 0, 1996, 1872, 711, 4095, 886
1807, 1888, 2160, 1197, 1420, 0, 1997, 1869, 707, 4095, 890
1806, 1872, 2159, 1192, 1421, 0, 1999, 1872, 706, 4095, 891
1805, 1874, 2167, 1190, 1415, 0, 1999, 1872, 703, 4095, 885
1806, 1873, 2165, 1189, 1413, 0, 1995, 1872, 707, 4095, 889
1809, 1872, 2165, 1183, 1413, 0, 1998, 1871, 707, 4095, 883
1808, 1877, 2160, 1169, 1405, 0, 1999, 1872, 703, 4095, 893
1808, 1872, 2157, 1162, 1414, 0, 1998, 1869, 699, 4095, 883
1809, 1871, 2160, 1143, 1410, 0, 1994, 1872, 695, 4095, 890
1810, 1875, 2157, 1136, 1414, 0, 1997, 1902, 688, 4095, 881
1808, 1874, 2160, 1125, 1415, 0, 1995, 1842, 686, 4095, 882
1810, 1877, 2162, 1107, 1410, 0, 1997, 1872, 688, 4095, 881
1810, 1877, 2165, 1119, 1411, 0, 1993, 1870, 688, 4095, 884
1810, 1889, 2166, 1114, 1415, 0, 2000, 1871, 685, 4095, 886
1809, 1882, 2165, 1114, 1408, 0, 1994, 1871, 686, 4095, 886
1808, 1882, 2166, 1115, 1409, 0, 1999, 1872, 681, 4095, 890
1809, 1889, 2168, 1088, 1410, 0, 1987, 1867, 679, 4095, 885
1810, 1893, 2167, 1106, 1409, 0, 1994, 1874, 678, 4095, 893
1811, 1890, 2165, 1107, 1411, 0, 1997, 1871, 684, 4095, 890
1809, 1894, 2169, 1111, 1411, 0, 1995, 1867, 679, 4095, 892
1811, 1895, 2176, 1102, 1408, 0, 1990, 1870, 680, 4095, 891
1810, 1897, 2177, 1104, 1407, 0, 1991, 1867, 683, 4095, 891
1813, 1904, 2174, 1101, 1409, 0, 2003, 1871, 688, 4095, 898
1814, 1899, 2183, 1093, 1410, 0, 1998, 1871, 682, 4095, 892
1811, 1904, 2172, 1089, 1405, 0, 1998, 1870, 681, 4095, 895
1813, 1903, 2169, 1094, 1408, 0, 1999, 1865, 683, 4095, 897
1814, 1905, 2183, 1091, 1406, 0, 1998, 1854, 683, 4095, 901
1811, 1904, 2186, 1056, 1383, 0, 1994, 1863, 674, 4095, 897
1814, 1906, 2185, 1073, 1407, 0, 1998, 1863, 720, 4095, 898
1814, 1907, 2182, 1072, 1409, 0, 2000, 1869, 678, 4095, 903
1815, 1910, 2191, 1063, 1408, 0, 2000, 1868, 677, 4095, 903
1814, 1910, 2190, 1068, 1407, 0, 1998, 1869, 677, 4095, 899
1815, 1911, 2192, 1072, 1407, 0, 2000, 1871, 676, 4095, 898
1814, 1919, 2191, 1066, 1405, 0, 2000, 1868, 675, 4095, 902
1813, 1911, 2189, 1067, 1407, 0, 1997, 1867, 676, 4095, 907
1811, 1914, 2190, 1063, 1407, 0, 1999, 1869, 677, 4095, 906
1818, 1913, 2192, 1061, 1405, 0, 1998, 1870, 678, 4095, 900
1815, 1918, 2193, 1063, 1404, 0, 1998, 1865, 673, 4095, 898
1813, 1909, 2186, 1062, 1405, 0, 2000, 1870, 672, 4095, 910
1819, 1918, 2192, 1070, 1405, 0, 2000, 1866, 682, 4095, 906
1818, 1915, 2192, 1067, 1399, 0, 1998, 1866, 675, 4095, 900
1819, 1918, 2206, 1071, 1407, 0, 1997, 1870, 679, 4095, 912
1822, 1919, 2194, 1073, 1403, 0, 1999, 1853, 682, 4095, 909
1823, 1911, 2194, 1051, 1438, 0, 2000, 1863, 686, 4095, 906
1818, 1906, 2190, 1082, 1405, 0, 1998, 1869, 688, 4095, 909
1826, 1915, 2185, 1086, 1399, 0, 1997, 1869, 688, 4095, 902
1819, 1914, 2192, 1090, 1399, 0, 1995, 1869, 688, 4095, 900
1821, 1911, 2186, 1095, 1402, 0, 2000, 1866, 688, 4095, 907
1820, 1909, 2193, 1105, 1398, 0, 2000, 1861, 686, 4095, 905
1818, 1909, 2181, 1098, 1399, 0, 2000, 1863, 688, 4095, 902
1818, 1910, 2186, 1103, 1397, 0, 1999, 1863, 688, 4095, 906
1821, 1905, 2188, 1113, 1403, 0, 1997, 1866, 691, 4095, 907
1824, 1910, 2191, 1118, 1402, 0, 1999, 1866, 694, 4095, 907
1822, 1907, 2187, 1130, 1394, 0, 2000, 1866, 689, 4095, 899
1822, 1898, 2178, 1147, 1394, 0, 1998, 1862, 696, 4095, 901
1819, 1895, 2171, 1150, 1392, 0, 1991, 1859, 698, 4095, 894
1825, 1887, 2170, 1163, 1392, 0, 1995, 1867, 699, 4095, 895
1821, 1875, 2173, 1164, 1392, 0, 1987, 1863, 702, 4095, 894
1821, 1869, 2164, 1168, 1388, 0, 1985, 1859, 704, 4095, 886
1821, 1859, 2150, 1168, 1389, 0, 1983, 1859, 670, 4095, 884
1823, 1845, 2154, 1177, 1379, 0, 1982, 1861, 750, 4095, 878
1821, 1842, 2150, 1179, 1382, 0, 1981, 1859, 705, 4095, 879
1824, 1838, 2143, 1189, 1381, 0, 1978, 1858, 711, 4095, 880
1827, 1826, 2145, 1189, 1377, 0, 1978, 1856, 714, 4095, 878
1825, 1824, 2143, 1197, 1373, 0, 1975, 1857, 719, 4095, 870
1826, 1823, 2148, 1198, 1374, 0, 1971, 1863, 708, 4095, 869
1827, 1817, 2153, 1195, 1377, 0, 1970, 1858, 719, 4095, 869
1828, 1815, 2146, 1200, 1376, 0, 1975, 1853, 718, 4095, 875
1827, 1819, 2147, 1206, 1370, 0, 1975, 1851, 719, 4095, 875
1829, 1820, 2144, 1200, 1371, 0, 1973, 1856, 720, 4095, 869
1829, 1813, 2146, 1202, 1370, 0, 1974, 1857, 718, 4095, 865
1829, 1814, 2147, 1211, 1374, 0, 1979, 1855, 719, 4095, 874
1834, 1824, 2145, 1209, 1374, 0, 1982, 1857, 720, 4095, 874
1829, 1822, 2138, 1207, 1377, 0, 1978, 1857, 720, 4095, 867
1831, 1825, 2144, 1213, 1372, 0, 1983, 1856, 720, 4095, 867
1829, 1826, 2143, 1203, 1376, 0, 1984, 1856, 720, 4095, 880
1828, 1826, 2145, 1202, 1377, 0, 1985, 1859, 734, 4095, 879
1837, 1839, 2153, 1202, 1379, 0, 1983, 1853, 712, 4095, 875
1827, 1839, 2147, 1200, 1376, 0, 1990, 1861, 720, 4095, 873
1824, 1841, 2150, 1197, 1381, 0, 1984, 1858, 712, 4095, 880
1827, 1847, 2157, 1187, 1375, 0, 1986, 1859, 717, 4095, 879
1829, 1855, 2157, 1174, 1385, 0, 1986, 1856, 718, 4095, 881
1828, 1857, 2149, 1177, 1383, 0, 1989, 1856, 712, 4095, 887
1829, 1854, 2152, 1168, 1383, 0, 1986, 1858, 710, 4095, 880
1826, 1857, 2157, 1168, 1383, 0, 1989, 1864, 715, 4095, 881
1827, 1865, 2155, 1170, 1378, 0, 1996, 1856, 713, 4095, 879
1823, 1867, 2160, 1168, 1387, 0, 1991, 1862, 712, 4095, 881
1826, 1862, 2157, 1165, 1387, 0, 1987, 1861, 710, 4095, 883
1826, 1868, 2160, 1168, 1381, 0, 1995, 1862, 715, 4095, 880
1831, 1871, 2157, 1168, 1386, 0, 1995, 1831, 708, 4095, 885
1828, 1869, 2150, 1168, 1386, 0, 1991, 1860, 714, 4095, 883
1829, 1872, 2154, 1157, 1351, 0, 1997, 1855, 689, 4095, 901
1823, 1872, 2149, 1166, 1382, 0, 1994, 1857, 707, 4095, 883
1843, 1867, 2149, 1179, 1383, 0, 1993, 1857, 712, 4095, 885
1827, 1874, 2158, 1168, 1383, 0, 1991, 1852, 715, 4095, 885
1827, 1876, 2151, 1172, 1381, 0, 1994, 1853, 717, 4095, 882
1826, 1875, 2151, 1168, 1385, 0, 1996, 1854, 710, 4095, 890
1822, 1869, 2149, 1174, 1385, 0, 1991, 1853, 715, 4095, 880
1825, 1875, 2146, 1179, 1383, 0, 1995, 1854, 709, 4095, 886
1825, 1874, 2142, 1178, 1385, 0, 1994, 1853, 713, 4095, 885
1826, 1878, 2150, 1183, 1385, 0, 1994, 1852, 720, 4095, 883
1827, 1872, 2139, 1191, 1381, 0, 1988, 1851, 720, 4095, 880
1823, 1871, 2137, 1195, 1383, 0, 1991, 1847, 716, 4095, 883
1824, 1867, 2137, 1191, 1377, 0, 1985, 1849, 716, 4095, 880
1824, 1869, 2141, 1201, 1379, 0, 1984, 1851, 720, 4095, 877
1824, 1856, 2090, 1203, 1375, 0, 1986, 1845, 720, 4095, 874
1825, 1854, 2125, 1210, 1376, 0, 1980, 1842, 720, 4095, 869
1821, 1841, 2116, 1227, 1355, 0, 1980, 1841, 723, 4095, 875
1823, 1839, 2118, 1226, 1374, 0, 1983, 1845, 727, 4095, 866
1808, 1837, 2117, 1229, 1369, 0, 1974, 1841, 720, 4095, 868
1821, 1827, 2110, 1226, 1367, 0, 1977, 1843, 726, 4095, 859
1823, 1825, 2111, 1230, 1372, 0, 1975, 1843, 723, 4095, 863
1818, 1823, 2102, 1228, 1372, 0, 1977, 1840, 723, 4095, 862
1822, 1872, 2105, 1233, 1371, 0, 1969, 1841, 725, 4095, 880
1818, 1821, 2107, 1232, 1370, 0, 1981, 1845, 724, 4095, 866
1818, 1826, 2099, 1227, 1370, 0, 1977, 1840, 722, 4095, 866
1815, 1830, 2106, 1219, 1375, 0, 1977, 1837, 727, 4095, 865
1819, 1834, 2115, 1219, 1375, 0, 1956, 1840, 726, 4095, 867
1813, 1833, 2115, 1221, 1374, 0, 1983, 1843, 727, 4095, 863
1813, 1835, 2112, 1216, 1373, 0, 1984, 1837, 720, 4095, 865
1815, 1838, 2124, 1212, 1375, 0, 1985, 1840, 720, 4095, 869
1818, 1840, 2118, 1214, 1381, 0, 1987, 1840, 720, 4095, 863
1815, 1844, 2123, 1216, 1381, 0, 1987, 1840, 721, 4095, 879
1818, 1847, 2126, 1207, 1381, 0, 1989, 1842, 721, 4095, 877
1815, 1842, 2126, 1217, 1375, 0, 1994, 1841, 723, 4095, 873
1811, 1847, 2122, 1221, 1377, 0, 1991, 1845, 722, 4095, 878
1817, 1842, 2116, 1219, 1380, 0, 1991, 1840, 721, 4095, 871
1818, 1842, 2126, 1222, 1375, 0, 1994, 1843, 720, 4095, 871
1811, 1840, 2118, 1224, 1377, 0, 1989, 1840, 720, 4095, 865
1811, 1870, 2112, 1223, 1373, 0, 1984, 1840, 723, 4095, 869
1817, 1845, 2113, 1219, 1376, 0, 1987, 1845, 723, 4095, 867
1817, 1845, 2119, 1228, 1371, 0, 1993, 1842, 726, 4095, 871
1815, 1846, 2111, 1223, 1376, 0, 1989, 1843, 727, 4095, 869
1813, 1848, 2114, 1223, 1378, 0, 1988, 1840, 727, 4095, 874
1813, 1851, 2109, 1224, 1373, 0, 1986, 1840, 720, 4095, 865
1812, 1849, 2108, 1230, 1374, 0, 1986, 1840, 727, 4095, 865
1812, 1855, 2111, 1233, 1374, 0, 1990, 1840, 725, 4095, 869
1810, 1857, 2094, 1234, 1374, 0, 1991, 1840, 731, 4095, 871
1809, 1854, 2112, 1232, 1376, 0, 1988, 1840, 723, 4095, 870
1808, 1856, 2101, 1242, 1380, 13, 1987, 1839, 731, 4095, 866
1809, 1857, 2099, 1235, 1372, 0, 1987, 1840, 730, 4095, 871
1805, 1860, 2108, 1247, 1374, 0, 1989, 1837, 727, 4095, 866
1808, 1859, 2096, 1243, 1373, 0, 1986, 1833, 729, 4095, 869
1808, 1859, 2105, 1242, 1371, 0, 1987, 1835, 730, 4095, 873
1807, 1859, 2106, 1261, 1372, 0, 1987, 1831, 730, 4095, 874
1808, 1870, 2105, 1246, 1371, 0, 1988, 1834, 725, 4095, 845
1810, 1867, 2100, 1247, 1371, 0, 1986, 1835, 723, 4095, 868
1808, 1870, 2099, 1245, 1366, 0, 1987, 1827, 727, 4095, 878
1811, 1867, 2106, 1253, 1369, 0, 1984, 1835, 735, 4095, 879
1813, 1872, 2103, 1247, 1367, 0, 1989, 1831, 735, 4095, 869
1808, 1886, 2103, 1248, 1363, 0, 1986, 1838, 731, 4095, 873
1813, 1871, 2111, 1250, 1367, 0, 1986, 1838, 731, 4095, 882
1813, 1871, 2102, 1246, 1361, 0, 1985, 1839, 733, 4095, 877
1813, 1869, 2111, 1253, 1365, 0, 1986, 1831, 736, 4095, 871
1815, 1871, 2111, 1253, 1363, 0, 1984, 1833, 730, 4095, 880
1811, 1866, 2097, 1246, 1363, 0, 1983, 1836, 727, 4095, 871
1814, 1870, 2100, 1235, 1362, 0, 1986, 1835, 735, 4095, 880
1811, 1870, 2099, 1232, 1367, 0, 1985, 1827, 733, 4095, 878
1812, 1872, 2096, 1211, 1369, 0, 1987, 1835, 724, 4095, 878
1815, 1872, 2102, 1201, 1365, 0, 1985, 1826, 727, 4095, 873
1813, 1871, 2110, 1203, 1366, 0, 1990, 1835, 722, 4095, 877
1809, 1879, 2108, 1185, 1362, 0, 1986, 1833, 724, 4095, 944
1822, 1876, 2112, 1186, 1367, 0, 1991, 1834, 723, 4095, 877
1814, 1872, 2112, 1178, 1362, 0, 1987, 1830, 720, 4095, 878
1813, 1875, 2110, 1171, 1361, 0, 1986, 1833, 718, 4095, 882
1819, 1877, 2112, 1173, 1360, 0, 2000, 1835, 720, 4095, 880
1818, 1881, 2119, 1183, 1360, 0, 1991, 1833, 720, 4095, 880
1815, 1874, 2119, 1186, 1360, 0, 1988, 1834, 720, 4095, 880
1818, 1874, 2113, 1200, 1359, 0, 1982, 1830, 720, 4095, 880
1819, 1872, 2117, 1205, 1351, 0, 1983, 1831, 726, 4095, 878
1825, 1865, 2126, 1210, 1349, 0, 1978, 1845, 725, 4095, 878
1826, 1863, 2126, 1206, 1343, 0, 1983, 1836, 730, 4095, 875
1823, 1855, 2116, 1213, 1344, 0, 1981, 1830, 731, 4095, 875
1829, 1850, 2103, 1214, 1344, 0, 1981, 1832, 726, 4095, 873
1827, 1849, 2118, 1205, 1341, 0, 1975, 1823, 731, 4095, 862
1819, 1844, 2086, 1202, 1337, 0, 1974, 1818, 725, 4095, 858
1810, 1840, 2075, 1195, 1331, 0, 1968, 1808, 726, 4095, 853
1801, 1840, 2047, 1195, 1328, 0, 1964, 1808, 722, 4095, 858
1791, 1841, 2054, 1191, 1328, 0, 1959, 1808, 731, 4095, 853
1790, 1839, 2042, 1182, 1326, 0, 1953, 1806, 729, 4095, 850
1789, 1838, 2035, 1185, 1321, 0, 1953, 1796, 725, 4095, 854
1783, 1835, 2042, 1182, 1317, 0, 1943, 1793, 722, 4095, 849
1787, 1838, 2037, 1179, 1314, 0, 1947, 1793, 722, 4095, 857
1787, 1831, 2041, 1179, 1317, 0, 1947, 1798, 725, 4095, 863
1785, 1828, 2058, 1178, 1319, 0, 1942, 1802, 725, 4095, 856
1792, 1834, 2064, 1179, 1317, 0, 1949, 1795, 720, 4095, 861
1794, 1830, 2071, 1169, 1322, 0, 1950, 1779, 721, 4095, 859
1796, 1830, 2069, 1164, 1314, 0, 1950, 1799, 718, 4095, 858
1801, 1833, 2082, 1158, 1321, 0, 1955, 1804, 690, 4095, 862
1803, 1829, 2081, 1161, 1318, 0, 1957, 1804, 717, 4095, 868
1803, 1835, 2032, 1159, 1322, 0, 1963, 1804, 710, 4095, 869
1805, 1838, 2096, 1151, 1325, 0, 1963, 1808, 720, 4095, 871
1808, 1840, 2098, 1145, 1317, 0, 1968, 1808, 711, 4095, 869
1808, 1840, 2106, 1139, 1324, 0, 1968, 1809, 711, 4095, 870
1814, 1849, 2110, 1134, 1322, 0, 1973, 1810, 714, 4095, 873
1811, 1845, 2112, 1120, 1325, 0, 1968, 1810, 711, 4095, 870
1811, 1847, 2118, 1115, 1328, 0, 1974, 1815, 709, 4095, 868
1813, 1847, 2114, 1111, 1328, 0, 1973, 1815, 709, 4095, 877
1813, 1857, 2127, 1105, 1330, 0, 1983, 1812, 706, 4095, 880
1809, 1852, 2127, 1103, 1330, 0, 1977, 1815, 701, 4095, 879
1811, 1859, 2129, 1095, 1331, 0, 1982, 1813, 698, 4095, 878
1815, 1857, 2128, 1098, 1337, 0, 1981, 1819, 706, 4095, 880
1816, 1858, 2128, 1094, 1340, 0, 1984, 1813, 705, 4095, 880
1815, 1857, 2129, 1097, 1339, 0, 1987, 1819, 703, 4095, 880
1819, 1863, 2137, 1102, 1341, 0, 1988, 1823, 698, 4095, 884
1816, 1861, 2133, 1099, 1341, 0, 1991, 1815, 705, 4095, 880
1821, 1859, 2127, 1099, 1338, 0, 1994, 1823, 704, 4095, 880
1815, 1865, 2134, 1089, 1342, 0, 1986, 1862, 702, 4095, 883
1818, 1866, 2134, 1093, 1345, 0, 1986, 1823, 694, 4095, 879
1825, 1868, 2139, 1088, 1346, 0, 1995, 1823, 689, 4095, 932
1826, 1873, 2141, 1088, 1349, 0, 1998, 1827, 697, 4095, 883
1823, 1871, 2136, 1087, 1352, 0, 1999, 1826, 697, 4095, 883
1823, 1866, 2137, 1079, 1348, 0, 1998, 1822, 703, 4095, 880
1819, 1872, 2135, 1072, 1351, 0, 1997, 1822, 697, 4095, 879
1823, 1859, 2144, 1070, 1350, 0, 2002, 1820, 695, 4095, 883
1824, 1875, 2143, 1063, 1349, 0, 1995, 1824, 693, 4095, 881
1824, 1879, 2139, 1058, 1347, 0, 1996, 1819, 690, 4095, 880
1821, 1878, 2139, 1058, 1350, 0, 1994, 1823, 688, 4095, 887
1823, 1879, 2147, 1057, 1353, 0, 2000, 1820, 689, 4095, 885
1826, 1883, 2149, 1047, 1349, 8, 1999, 1823, 687, 4095, 891
1827, 1888, 2147, 1039, 1347, 0, 2000, 1823, 687, 4095, 893
1829, 1891, 2152, 1023, 1351, 0, 2000, 1827, 677, 4095, 890
1827, 1890, 2117, 1014, 1349, 0, 2001, 1826, 683, 4095, 883
1826, 1895, 2159, 1015, 1355, 0, 2000, 1850, 676, 4095, 896
1826, 1896, 2167, 1007, 1343, 0, 1999, 1823, 674, 4095, 890
1827, 1893, 2163, 1002, 1357, 0, 2000, 1823, 675, 4095, 887
1821, 1895, 2160, 1005, 1358, 0, 2003, 1823, 673, 4095, 897
1827, 1895, 2162, 1005, 1358, 0, 2000, 1823, 677, 4095, 897
1831, 1898, 2160, 1009, 1359, 0, 2002, 1817, 676, 4095, 889
1828, 1901, 2161, 1010, 1359, 0, 2006, 1824, 679, 4095, 886
1830, 1886, 2166, 1021, 1357, 0, 2033, 1825, 677, 4095, 891
1831, 1899, 2160, 1030, 1355, 0, 2000, 1823, 677, 4095, 886
1833, 1890, 2153, 1035, 1354, 0, 2002, 1821, 685, 4095, 888
1830, 1886, 2156, 1037, 1353, 0, 2001, 1817, 682, 4095, 895
1833, 1893, 2160, 1047, 1355, 0, 2002, 1808, 679, 4095, 887
1833, 1895, 2159, 1054, 1353, 0, 2005, 1824, 688, 4095, 890
1831, 1890, 2157, 1056, 1354, 0, 1999, 1825, 686, 4095, 893
1835, 1891, 2157, 1072, 1354, 0, 2003, 1827, 688, 4095, 887
1840, 1888, 2145, 1085, 1347, 0, 2000, 1828, 694, 4095, 891
1839, 1893, 2158, 1104, 1344, 0, 2000, 1805, 699, 4095, 880
1840, 1889, 2160, 1073, 1357, 0, 2000, 1829, 698, 4095, 889
1842, 1877, 2155, 1118, 1338, 0, 1998, 1829, 704, 4095, 890
1845, 1881, 2147, 1118, 1335, 0, 1997, 1825, 702, 4095, 887
1844, 1879, 2121, 1110, 1340, 0, 1999, 1822, 706, 4095, 883
1835, 1877, 2099, 1107, 1342, 0, 1999, 1808, 705, 4095, 880
1802, 1872, 2075, 1101, 1335, 0, 1968, 1795, 705, 4095, 879
1773, 1863, 2054, 1088, 1341, 0, 1986, 1779, 709, 4095, 877
1733, 1870, 2026, 1079, 1334, 0, 1975, 1767, 705, 4095, 871
1700, 1869, 2000, 1072, 1335, 0, 1968, 1751, 706, 4095, 865
1677, 1867, 1982, 1072, 1328, 0, 1962, 1744, 705, 4095, 856
1663, 1854, 1969, 1062, 1327, 0, 1948, 1721, 705, 4095, 848
1648, 1855, 1945, 1054, 1322, 0, 1937, 1729, 704, 4095, 848
1638, 1849, 1935, 1049, 1319, 0, 1930, 1721, 699, 4095, 847
1617, 1845, 1918, 1051, 1311, 0, 1921, 1711, 703, 4095, 832
1601, 1839, 1930, 1039, 1296, 0, 1907, 1702, 701, 4095, 816
1588, 1822, 1890, 1042, 1294, 0, 1897, 1695, 691, 4095, 806
1584, 1808, 1890, 1040, 1289, 0, 1895, 1698, 699, 4095, 801
1584, 1791, 1874, 1040, 1284, 0, 1882, 1687, 694, 4095, 797
1586, 1783, 1875, 1041, 1273, 0, 1874, 1692, 691, 4095, 789
1597, 1770, 1872, 1044, 1271, 0, 1874, 1694, 692, 4095, 785
1604, 1756, 1874, 1047, 1267, 0, 1872, 1700, 695, 4095, 787
1616, 1745, 1888, 1043, 1266, 0, 1871, 1701, 693, 4095, 788
1633, 1709, 1889, 1051, 1264, 0, 1885, 1707, 694, 4095, 791
1648, 1742, 1905, 1047, 1264, 0, 1873, 1706, 688, 4095, 785
1661, 1742, 1911, 1047, 1264, 0, 1872, 1712, 693, 4095, 798
1675, 1745, 1919, 1043, 1264, 0, 1880, 1724, 688, 4095, 798
1682, 1749, 1932, 1036, 1265, 0, 1885, 1721, 688, 4095, 797
1695, 1750, 1941, 1018, 1253, 0, 1894, 1729, 690, 4095, 807
1709, 1758, 1956, 1019, 1271, 0, 1902, 1734, 686, 4095, 815
1713, 1767, 1974, 1009, 1264, 0, 1904, 1733, 687, 4095, 816
1726, 1776, 1982, 1010, 1264, 0, 1903, 1741, 679, 4095, 817
1736, 1777, 1999, 1008, 1264, 0, 1907, 1744, 677, 4095, 817
1743, 1783, 2007, 1005, 1263, 0, 1907, 1744, 683, 4095, 867
1747, 1782, 2016, 1008, 1251, 0, 1910, 1751, 682, 4095, 823
1757, 1786, 2018, 1011, 1254, 0, 1914, 1755, 681, 4095, 829
1765, 1783, 2030, 1015, 1250, 0, 1909, 1762, 679, 4095, 826
1776, 1779, 2055, 1023, 1248, 0, 1916, 1761, 681, 4095, 830
1776, 1776, 2057, 1037, 1243, 0, 1917, 1763, 687, 4095, 828
1783, 1772, 2060, 1029, 1238, 0, 1919, 1767, 688, 4095, 830
1789, 1773, 2065, 1037, 1237, 0, 1917, 1772, 687, 4095, 836
1793, 1770, 2065, 1040, 1234, 0, 1923, 1775, 688, 4095, 832
1790, 1761, 2063, 1041, 1239, 0, 1926, 1777, 689, 4095, 833
1801, 1765, 2065, 1047, 1238, 0, 1932, 1776, 693, 4095, 839
1800, 1760, 2071, 1052, 1232, 0, 1933, 1776, 688, 4095, 840
1804, 1763, 2073, 1057, 1249, 0, 1936, 1780, 715, 4095, 838
1805, 1764, 2074, 1063, 1255, 0, 1936, 1780, 688, 4095, 839
1802, 1767, 2071, 1053, 1262, 0, 1942, 1779, 690, 4095, 837
1805, 1770, 2071, 1067, 1264, 0, 1943, 1782, 694, 4095, 837
1806, 1775, 2078, 1085, 1265, 0, 1936, 1778, 699, 4095, 838
1808, 1771, 2080, 1072, 1275, 0, 1953, 1781, 698, 4095, 838
1808, 1778, 2080, 1072, 1278, 0, 1956, 1779, 691, 4095, 848
1808, 1784, 2085, 1072, 1280, 0, 1958, 1788, 701, 4095, 850
1810, 1779, 2083, 1078, 1281, 0, 1960, 1790, 699, 4095, 848
1809, 1789, 2093, 1077, 1282, 0, 1963, 1786, 700, 4095, 850
1813, 1794, 2095, 1075, 1286, 0, 1968, 1791, 702, 4095, 847
1810, 1797, 2098, 1078, 1286, 0, 1968, 1786, 703, 4095, 848
1811, 1798, 2096, 1083, 1289, 0, 1968, 1783, 694, 4095, 847
1815, 1802, 2103, 1079, 1292, 0, 1970, 1789, 701, 4095, 851
1815, 1801, 2103, 1077, 1291, 0, 1971, 1788, 701, 4095, 847
1815, 1808, 2105, 1085, 1295, 0, 1970, 1789, 695, 4095, 859
1815, 1808, 2111, 1075, 1296, 0, 1975, 1795, 698, 4095, 855
1847, 1819, 2113, 1083, 1296, 0, 1981, 1790, 701, 4095, 855
1819, 1822, 2115, 1071, 1297, 0, 1982, 1792, 694, 4095, 863
1819, 1824, 2116, 1072, 1296, 0, 1978, 1797, 698, 4095, 864
1822, 1821, 2123, 1072, 1298, 0, 1980, 1793, 697, 4095, 861
1825, 1823, 2126, 1071, 1298, 0, 1967, 1791, 695, 4095, 862
1823, 1830, 2125, 1073, 1301, 0, 1983, 1795, 698, 4095, 863
1827, 1835, 2130, 1082, 1303, 0, 1986, 1797, 703, 4095, 864
1827, 1838, 2134, 1079, 1298, 0, 1983, 1797, 700, 4095, 866
1827, 1840, 2135, 1081, 1301, 0, 1989, 1797, 701, 4095, 867
1829, 1840, 2134, 1079, 1310, 0, 1990, 1799, 702, 4095, 867
1830, 1840, 2135, 1082, 1305, 0, 1989, 1801, 702, 4095, 865
1829, 1843, 2133, 1085, 1303, 0, 1988, 1797, 694, 4095, 869
1829, 1845, 2160, 1083, 1302, 0, 1991, 1802, 701, 4095, 870
1834, 1850, 2141, 1081, 1299, 0, 1989, 1805, 702, 4095, 868
1838, 1851, 2148, 1056, 1309, 0, 1989, 1802, 701, 4095, 875
1834, 1854, 2146, 1072, 1302, 0, 1990, 1803, 727, 4095, 874
1827, 1854, 2146, 1072, 1303, 0, 1986, 1802, 699, 4095, 870
1839, 1858, 2154, 1061, 1300, 0, 1986, 1801, 704, 4095, 880
1837, 1856, 2156, 1062, 1296, 0, 1987, 1799, 703, 4095, 870
1840, 1859, 2160, 1053, 1296, 0, 1985, 1806, 699, 4095, 870
1840, 1923, 2160, 1061, 1296, 0, 1984, 1808, 704, 4095, 880
1843, 1858, 2165, 1058, 1293, 0, 1989, 1809, 705, 4095, 880
1843, 1855, 2162, 1072, 1296, 0, 1987, 1813, 707, 4095, 880
1841, 1849, 2149, 1072, 1295, 0, 1984, 1808, 702, 4095, 877
1843, 1849, 2160, 1072, 1296, 0, 1987, 1808, 705, 4095, 871
1846, 1853, 2165, 1078, 1296, 0, 1991, 1815, 747, 4095, 918
1843, 1846, 2160, 1072, 1297, 0, 1991, 1809, 707, 4095, 879
1842, 1853, 2160, 1078, 1297, 0, 1994, 1804, 705, 4095, 880
1846, 1852, 2098, 1072, 1301, 0, 1994, 1806, 704, 4095, 879
1848, 1850, 2157, 1088, 1298, 0, 1993, 1809, 708, 4095, 879
1848, 1852, 2155, 1097, 1303, 0, 1997, 1813, 711, 4095, 879
1851, 1847, 2158, 1094, 1302, 0, 1998, 1808, 705, 4095, 879
1845, 1851, 2157, 1094, 1297, 0, 1995, 1808, 708, 4095, 867
1850, 1851, 2153, 1098, 1306, 0, 1995, 1815, 711, 4095, 871
1851, 1853, 2155, 1099, 1306, 0, 1998, 1806, 713, 4095, 872
1851, 1854, 2155, 1102, 1305, 0, 1971, 1809, 711, 4095, 875
1849, 1855, 2159, 1106, 1308, 0, 1999, 1812, 708, 4095, 879
1850, 1851, 2160, 1104, 1306, 0, 1999, 1808, 712, 4095, 880
1851, 1855, 2160, 1105, 1310, 0, 2000, 1808, 715, 4095, 873
1852, 1858, 2155, 1111, 1310, 0, 1998, 1802, 717, 4095, 875
1842, 1849, 2151, 1104, 1309, 0, 1996, 1803, 709, 4095, 871
1844, 1851, 2145, 1105, 1311, 0, 1997, 1807, 710, 4095, 873
1846, 1857, 2155, 1109, 1310, 0, 1998, 1810, 694, 4095, 878
1849, 1853, 2149, 1108, 1311, 0, 1998, 1807, 715, 4095, 875
1851, 1858, 2155, 1109, 1310, 0, 2000, 1808, 706, 4095, 876
1849, 1857, 2150, 1107, 1312, 0, 1999, 1808, 707, 4095, 880
1846, 1861, 2159, 1109, 1313, 0, 2001, 1806, 714, 4095, 871
1847, 1840, 2153, 1100, 1315, 0, 1999, 1808, 704, 4095, 863
1854, 1865, 2156, 1104, 1318, 0, 2000, 1809, 715, 4095, 881
1853, 1860, 2160, 1107, 1314, 0, 2000, 1808, 717, 4095, 879
1849, 1862, 2158, 1101, 1317, 0, 2001, 1809, 708, 4095, 879
1856, 1862, 2157, 1110, 1317, 0, 2000, 1808, 710, 4095, 870
1845, 1861, 2151, 1108, 1316, 0, 2000, 1808, 715, 4095, 878
1851, 1858, 2154, 1125, 1317, 0, 1999, 1814, 712, 4095, 880
1854, 1852, 2147, 1134, 1315, 0, 2000, 1808, 717, 4095, 869
1853, 1843, 2149, 1136, 1311, 0, 2000, 1784, 718, 4095, 864
1854, 1825, 2139, 1147, 1302, 0, 1996, 1808, 721, 4095, 858
1854, 1808, 2131, 1130, 1346, 0, 1987, 1799, 720, 4095, 855
1855, 1786, 2125, 1163, 1296, 0, 1984, 1802, 714, 4095, 875
1859, 1771, 2118, 1169, 1289, 0, 1978, 1803, 726, 4095, 834
1859, 1744, 2114, 1181, 1281, 0, 1971, 1799, 722, 4095, 829
1858, 1723, 2102, 1186, 1267, 0, 1966, 1797, 726, 4095, 822
1861, 1696, 2094, 1178, 1260, 0, 1958, 1792, 731, 4095, 816
1863, 1679, 2092, 1190, 1250, 0, 1952, 1797, 726, 4095, 815
1859, 1657, 2081, 1196, 1244, 0, 1946, 1794, 729, 4095, 803
1861, 1647, 2075, 1196, 1235, 0, 1938, 1792, 733, 4095, 799
1861, 1634, 2071, 1200, 1238, 0, 1946, 1790, 736, 4095, 800
1861, 1633, 2064, 1206, 1243, 0, 1939, 1791, 735, 4095, 790
1862, 1632, 2061, 1205, 1243, 0, 1978, 1792, 733, 4095, 798
1862, 1633, 2058, 1209, 1249, 0, 1945, 1797, 735, 4095, 801
1859, 1639, 2059, 1203, 1251, 0, 1950, 1795, 738, 4095, 794
1856, 1643, 2061, 1210, 1255, 0, 1947, 1797, 732, 4095, 797
1859, 1653, 2066, 1212, 1263, 0, 1957, 1776, 735, 4095, 803
1857, 1666, 2070, 1212, 1255, 0, 1962, 1793, 733, 4095, 867
1861, 1677, 2063, 1211, 1275, 0, 1963, 1795, 726, 4095, 826
1856, 1683, 2070, 1215, 1271, 0, 1968, 1798, 731, 4095, 812
1855, 1691, 2084, 1209, 1280, 0, 1969, 1797, 733, 4095, 817
1856, 1705, 2081, 1209, 1284, 0, 1972, 1795, 735, 4095, 819
1851, 1711, 2095, 1207, 1286, 0, 1975, 1805, 731, 4095, 820
1857, 1721, 2095, 1205, 1294, 0, 1980, 1807, 727, 4095, 825
1854, 1729, 2097, 1204, 1292, 0, 1983, 1804, 734, 4095, 827
1854, 1741, 2097, 1200, 1295, 0, 1987, 1803, 733, 4095, 833
1856, 1743, 2106, 1198, 1289, 0, 1989, 1808, 734, 4095, 830
1853, 1749, 2107, 1196, 1295, 0, 1990, 1804, 727, 4095, 829
1856, 1750, 2115, 1184, 1295, 0, 1990, 1805, 728, 4095, 835
1856, 1762, 2115, 1189, 1297, 0, 1999, 1808, 730, 4095, 836
1855, 1773, 2117, 1185, 1296, 0, 1990, 1808, 726, 4095, 838
1858, 1775, 2082, 1185, 1296, 0, 1994, 1803, 726, 4095, 844
1855, 1776, 2119, 1190, 1296, 0, 1998, 1803, 730, 4095, 845
1856, 1777, 2128, 1179, 1299, 0, 1999, 1807, 722, 4095, 841
1857, 1781, 2118, 1192, 1297, 0, 1995, 1801, 730, 4095, 847
1873, 1782, 2112, 1191, 1302, 0, 1997, 1805, 731, 4095, 838
1854, 1785, 2118, 1201, 1303, 0, 2000, 1804, 731, 4095, 843
1856, 1791, 2109, 1205, 1306, 0, 2001, 1799, 736, 4095, 843
1850, 1790, 2109, 1203, 1304, 0, 2000, 1803, 733, 4095, 845
1851, 1750, 2101, 1210, 1307, 0, 2000, 1805, 735, 4095, 841
1850, 1791, 2096, 1219, 1309, 0, 1997, 1799, 736, 4095, 837
1847, 1786, 2087, 1221, 1307, 0, 1997, 1798, 737, 4095, 838
1847, 1783, 2075, 1232, 1299, 0, 1995, 1793, 731, 4095, 839
1844, 1777, 2071, 1225, 1301, 0, 1991, 1799, 736, 4095, 839
1842, 1776, 2055, 1232, 1299, 0, 1986, 1793, 738, 4095, 826
1843, 1776, 2044, 1235, 1299, 0, 1983, 1798, 727, 4095, 817
1841, 1775, 2039, 1243, 1301, 0, 1983, 1790, 741, 4095, 816
1841, 1765, 2047, 1239, 1297, 0, 1979, 1793, 741, 4095, 815
1843, 1758, 2026, 1239, 1295, 0, 1975, 1791, 743, 4095, 816
1843, 1751, 2026, 1244, 1287, 0, 1968, 1787, 737, 4095, 804
1843, 1751, 2027, 1246, 1287, 0, 1970, 1792, 765, 4095, 851
1825, 1759, 2021, 1248, 1285, 0, 1968, 1792, 745, 4095, 803
1843, 1751, 2017, 1251, 1285, 0, 1963, 1792, 741, 4095, 807
1842, 1747, 2021, 1254, 1281, 0, 1964, 1789, 736, 4095, 805
1843, 1746, 2010, 1256, 1280, 0, 1959, 1791, 743, 4095, 809
1843, 1715, 2014, 1248, 1280, 0, 1959, 1789, 741, 4095, 803
1840, 1750, 2010, 1258, 1277, 0, 1955, 1787, 743, 4095, 800
1843, 1750, 2011, 1251, 1277, 0, 1957, 1790, 746, 4095, 800
1846, 1751, 2014, 1255, 1277, 0, 1958, 1789, 746, 4095, 805
1843, 1758, 2020, 1249, 1280, 0, 1963, 1786, 742, 4095, 804
1846, 1758, 2025, 1249, 1319, 0, 1963, 1789, 749, 4095, 810
1845, 1759, 2017, 1253, 1282, 0, 1965, 1781, 743, 4095, 782
1842, 1762, 2025, 1254, 1288, 0, 1966, 1787, 747, 4095, 815
1840, 1774, 2020, 1246, 1283, 0, 1968, 1786, 747, 4095, 814
1843, 1773, 2032, 1234, 1290, 0, 1971, 1788, 747, 4095, 821
1843, 1781, 2033, 1263, 1294, 0, 1974, 1786, 783, 4095, 847
1846, 1779, 2035, 1225, 1295, 0, 1973, 1781, 738, 4095, 819
1846, 1791, 2039, 1218, 1294, 0, 1979, 1786, 733, 4095, 823
1846, 1798, 2046, 1207, 1297, 0, 1979, 1787, 736, 4095, 822
1846, 1803, 2055, 1192, 1296, 0, 1983, 1790, 731, 4095, 826
1847, 1808, 2067, 1185, 1301, 0, 1988, 1791, 735, 4095, 830
1847, 1815, 2064, 1178, 1303, 0, 1999, 1790, 729, 4095, 832
1850, 1817, 2077, 1168, 1306, 0, 1994, 1795, 726, 4095, 843
1851, 1826, 2081, 1159, 1302, 0, 1994, 1793, 726, 4095, 842
1847, 1825, 2077, 1138, 1305, 0, 1991, 1797, 720, 4095, 845
1851, 1827, 2080, 1127, 1310, 0, 1995, 1801, 720, 4095, 846
1851, 1838, 2084, 1111, 1301, 0, 1997, 1795, 720, 4095, 839
1849, 1839, 2086, 1104, 1308, 0, 2000, 1795, 688, 4095, 846
1849, 1840, 2090, 1095, 1309, 0, 2000, 1791, 709, 4095, 848
1853, 1845, 2095, 1090, 1313, 0, 2000, 1794, 710, 4095, 848
1851, 1846, 2097, 1083, 1311, 0, 2002, 1793, 706, 4095, 852
1850, 1850, 2101, 1132, 1312, 0, 2006, 1791, 705, 4095, 857
1853, 1823, 2112, 1075, 1311, 0, 2003, 1793, 704, 4095, 850
1850, 1847, 2103, 1067, 1313, 0, 2001, 1793, 703, 4095, 857
1849, 1853, 2100, 1063, 1315, 0, 2002, 1801, 701, 4095, 851
1851, 1856, 2105, 1051, 1313, 0, 2003, 1795, 700, 4095, 855
1853, 1856, 2110, 1049, 1315, 0, 2003, 1793, 698, 4095, 853
1853, 1863, 2111, 1046, 1313, 0, 2011, 1795, 698, 4095, 854
1853, 1857, 2110, 1041, 1313, 0, 2009, 1797, 691, 4095, 859
1853, 1859, 2115, 1037, 1313, 0, 2006, 1792, 695, 4095, 855
1855, 1859, 2173, 1031, 1311, 0, 2005, 1794, 695, 4095, 863
1855, 1866, 2119, 1031, 1312, 0, 2004, 1780, 691, 4095, 857
1856, 1870, 2123, 1030, 1294, 0, 2004, 1796, 691, 4095, 858
1853, 1872, 2117, 1023, 1308, 0, 2002, 1795, 669, 4095, 864
1854, 1870, 2117, 1033, 1309, 0, 2006, 1793, 694, 4095, 859
1858, 1869, 2122, 1040, 1311, 0, 2005, 1793, 700, 4095, 865
1855, 1872, 2123, 1041, 1310, 0, 2003, 1794, 697, 4095, 863
1855, 1872, 2128, 1050, 1307, 0, 2002, 1795, 701, 4095, 866
1857, 1870, 2128, 1054, 1303, 0, 2003, 1795, 703, 4095, 865
1857, 1875, 2127, 1051, 1309, 0, 2003, 1801, 704, 4095, 868
1857, 1874, 2123, 1048, 1303, 0, 2002, 1792, 704, 4095, 866
1858, 1878, 2122, 1052, 1306, 0, 2005, 1796, 701, 4095, 870
1861, 1883, 2124, 1054, 1299, 0, 2002, 1792, 701, 4095, 866
1861, 1881, 2131, 1051, 1309, 0, 2005, 1807, 705, 4095, 865
1859, 1881, 2131, 1050, 1307, 0, 2002, 1792, 699, 4095, 867
1857, 1879, 2130, 1040, 1311, 0, 2003, 1795, 704, 4095, 868
1856, 1877, 2145, 1040, 1311, 0, 2003, 1799, 699, 4095, 867
1857, 1879, 2128, 1038, 1312, 0, 2007, 1793, 695, 4095, 872
1856, 1882, 2133, 1031, 1307, 0, 2010, 1798, 697, 4095, 870
1860, 1881, 2141, 1015, 1312, 0, 2011, 1801, 686, 4095, 877
1859, 1889, 2135, 1007, 1312, 0, 2013, 1793, 699, 4095, 876
1861, 1890, 2142, 993, 1312, 0, 2012, 1794, 692, 4095, 876
1862, 1887, 2144, 987, 1310, 0, 2011, 1798, 688, 4095, 879
1861, 1893, 2145, 975, 1312, 0, 2011, 1792, 688, 4095, 877
1861, 1894, 2209, 975, 1314, 0, 2016, 1794, 683, 4095, 869
1862, 1891, 2160, 969, 1312, 0, 2011, 1799, 683, 4095, 878
1863, 1893, 2150, 958, 1309, 0, 2011, 1793, 681, 4095, 880
1862, 1899, 2160, 955, 1309, 0, 2009, 1794, 677, 4095, 879
1862, 1900, 2160, 951, 1311, 0, 2017, 1797, 681, 4095, 879
1863, 1902, 2162, 943, 1312, 0, 2015, 1802, 674, 4095, 880
1863, 1904, 2162, 935, 1312, 0, 2016, 1803, 672, 4095, 881
1865, 1904, 2164, 935, 1317, 0, 2015, 1794, 672, 4095, 882
1862, 1904, 2150, 931, 1314, 0, 2015, 1798, 669, 4095, 880
1859, 1904, 2167, 927, 1315, 0, 2015, 1824, 669, 4095, 880
1860, 1904, 2163, 927, 1291, 0, 2021, 1796, 657, 4095, 881
1861, 1908, 2170, 921, 1312, 0, 2019, 1797, 666, 4095, 881
1865, 1907, 2166, 916, 1310, 0, 2019, 1795, 659, 4095, 886
1863, 1909, 2171, 928, 1313, 0, 2021, 1797, 657, 4095, 882
1861, 1907, 2161, 926, 1315, 0, 2016, 1799, 665, 4095, 886
1858, 1904, 2166, 930, 1314, 0, 2019, 1799, 665, 4095, 884
1861, 1872, 2172, 939, 1312, 0, 2029, 1790, 671, 4095, 886
1859, 1905, 2167, 947, 1309, 0, 2018, 1799, 673, 4095, 883
1863, 1903, 2166, 949, 1311, 0, 2016, 1798, 672, 4095, 885
1863, 1906, 2166, 955, 1312, 0, 2016, 1797, 673, 4095, 880
1863, 1904, 2161, 971, 1310, 0, 2017, 1802, 679, 4095, 882
1865, 1907, 2160, 971, 1312, 0, 2017, 1794, 685, 4095, 886
1866, 1905, 2160, 981, 1313, 0, 2019, 1796, 685, 4095, 880
1862, 1903, 2158, 990, 1310, 0, 2017, 1796, 682, 4095, 880
1862, 1904, 2151, 1000, 1309, 0, 2019, 1798, 683, 4095, 880
1865, 1904, 2159, 1008, 1309, 0, 2016, 1797, 691, 4095, 878
1865, 1904, 2152, 991, 1309, 0, 2015, 1802, 691, 4095, 885
1863, 1904, 2159, 1031, 1307, 0, 2012, 1798, 695, 4095, 896
1840, 1899, 2163, 1039, 1301, 0, 2011, 1798, 700, 4095, 879
1865, 1897, 2164, 1038, 1296, 0, 2013, 1796, 693, 4095, 875
1869, 1897, 2165, 1042, 1294, 0, 2006, 1799, 704, 4095, 880
1870, 1893, 2161, 1047, 1295, 0, 2006, 1802, 706, 4095, 880
1872, 1872, 2165, 1047, 1289, 0, 2003, 1799, 705, 4095, 879
1872, 1871, 2171, 1050, 1283, 0, 2003, 1796, 704, 4095, 879
1872, 1871, 2176, 1050, 1281, 0, 2001, 1800, 710, 4095, 879
1872, 1858, 2178, 1057, 1279, 0, 2001, 1803, 704, 4095, 883
1872, 1855, 2176, 1062, 1280, 0, 2002, 1802, 709, 4095, 883
1872, 1849, 2178, 1071, 1278, 0, 2005, 1803, 710, 4095, 880
1869, 1843, 2169, 1071, 1284, 0, 2004, 1797, 710, 4095, 879
1872, 1847, 2174, 1072, 1285, 0, 2009, 1798, 714, 4095, 877
1871, 1843, 2115, 1074, 1285, 0, 2006, 1790, 711, 4095, 875
1872, 1840, 2160, 1073, 1292, 0, 2011, 1792, 707, 4095, 875
1872, 1849, 2162, 1072, 1298, 0, 2013, 1798, 707, 4095, 905
1870, 1854, 2160, 1070, 1298, 0, 2015, 1795, 708, 4095, 874
1859, 1854, 2160, 1066, 1307, 0, 2018, 1799, 709, 4095, 874
1868, 1857, 2154, 1072, 1308, 0, 2017, 1794, 710, 4095, 870
1866, 1867, 2153, 1060, 1314, 0, 2022, 1796, 703, 4095, 880
1867, 1867, 2159, 1060, 1313, 0, 2022, 1794, 702, 4095, 880
1867, 1873, 2154, 1043, 1313, 0, 2011, 1791, 704, 4095, 875
1863, 1871, 2159, 1042, 1317, 0, 2026, 1793, 698, 4095, 880
1866, 1875, 2150, 1040, 1315, 0, 2025, 1795, 703, 4095, 879
1863, 1875, 2160, 1040, 1315, 0, 2027, 1799, 695, 4095, 880
1861, 1872, 2158, 1040, 1314, 0, 2023, 1793, 698, 4095, 873
1866, 1873, 2157, 1040, 1309, 0, 2026, 1797, 693, 4095, 875
1863, 1872, 2159, 1041, 1312, 0, 2027, 1795, 699, 4095, 878
1860, 1877, 2160, 1041, 1311, 0, 2026, 1791, 698, 4095, 874
1865, 1876, 2160, 1040, 1312, 0, 2027, 1792, 699, 4095, 881
1869, 1874, 2160, 1051, 1308, 0, 2021, 1797, 702, 4095, 878
1865, 1872, 2158, 1085, 1305, 0, 2025, 1798, 705, 4095, 878
1863, 1877, 2154, 1059, 1301, 0, 2021, 1795, 718, 4095, 832
1866, 1871, 2154, 1074, 1302, 0, 2018, 1795, 702, 4095, 863
1869, 1859, 2144, 1085, 1297, 0, 2017, 1793, 707, 4095, 864
1869, 1855, 2144, 1093, 1296, 0, 2014, 1799, 711, 4095, 864
1871, 1845, 2138, 1093, 1296, 0, 2016, 1792, 710, 4095, 852
1867, 1794, 2135, 1104, 1297, 0, 2011, 1792, 710, 4095, 860
1868, 1818, 2129, 1110, 1296, 0, 2010, 1794, 717, 4095, 851
1870, 1808, 2126, 1109, 1296, 0, 2009, 1789, 714, 4095, 854
1871, 1803, 2127, 1119, 1293, 0, 2007, 1793, 715, 4095, 853
1870, 1799, 2116, 1117, 1295, 0, 2003, 1797, 715, 4095, 846
1867, 1805, 2114, 1123, 1298, 0, 2006, 1786, 720, 4095, 848
1868, 1798, 2112, 1127, 1296, 0, 2006, 1792, 736, 4095, 848
1862, 1794, 2115, 1136, 1293, 0, 2001, 1787, 723, 4095, 847
1865, 1794, 2113, 1137, 1292, 0, 2003, 1788, 723, 4095, 848
1866, 1791, 2110, 1146, 1292, 0, 2001, 1791, 721, 4095, 847
1866, 1790, 2110, 1145, 1289, 0, 1999, 1789, 725, 4095, 816
1868, 1796, 2110, 1151, 1287, 0, 2001, 1785, 720, 4095, 805
1869, 1793, 2109, 1155, 1279, 0, 1997, 1791, 727, 4095, 842
1867, 1801, 2111, 1161, 1273, 0, 1991, 1785, 730, 4095, 842
1871, 1799, 2112, 1162, 1271, 0, 1987, 1792, 727, 4095, 843
1872, 1798, 2122, 1162, 1270, 0, 1985, 1783, 737, 4095, 839
1874, 1797, 2121, 1167, 1263, 0, 1981, 1782, 731, 4095, 839
1874, 1786, 2121, 1173, 1245, 0, 1978, 1782, 727, 4095, 838
1877, 1773, 2117, 1175, 1232, 0, 1968, 1787, 735, 4095, 837
1878, 1757, 2105, 1171, 1219, 0, 1956, 1779, 732, 4095, 825
1877, 1734, 2112, 1168, 1201, 0, 1938, 1807, 738, 4095, 823
1882, 1722, 2107, 1169, 1182, 0, 1933, 1778, 731, 4095, 816
1885, 1712, 2098, 1148, 1168, 0, 1920, 1777, 733, 4095, 814
1895, 1711, 2090, 1125, 1136, 0, 1911, 1777, 733, 4095, 812
1889, 1712, 2081, 1102, 1114, 0, 1904, 1777, 726, 4095, 819
1888, 1716, 2074, 1079, 1105, 0, 1911, 1783, 720, 4095, 821
1884, 1714, 2073, 1063, 1123, 0, 1915, 1778, 717, 4095, 826
1870, 1726, 2068, 1051, 1135, 0, 1904, 1776, 706, 4095, 829
1845, 1741, 2047, 1038, 1155, 0, 1937, 1771, 709, 4095, 833
1815, 1761, 2031, 1035, 1183, 0, 1937, 1750, 704, 4095, 833
1779, 1776, 2023, 1014, 1197, 0, 1933, 1742, 689, 4095, 842
1760, 1797, 2003, 1008, 1204, 0, 1927, 1723, 697, 4095, 838
1739, 1808, 1977, 1005, 1205, 0, 1915, 1710, 690, 4095, 826
1728, 1813, 1983, 994, 1201, 0, 1897, 1706, 690, 4095, 829
1714, 1819, 1957, 986, 1200, 0, 1886, 1698, 689, 4095, 818
1712, 1819, 1943, 982, 1195, 0, 1872, 1697, 680, 4095, 811
1706, 1814, 1918, 978, 1190, 0, 1868, 1680, 680, 4095, 799
1703, 1811, 1909, 970, 1179, 0, 1850, 1680, 683, 4095, 798
1697, 1766, 1898, 975, 1179, 0, 1844, 1680, 654, 4095, 758
1695, 1791, 1882, 976, 1168, 0, 1834, 1675, 675, 4095, 771
1687, 1782, 1873, 976, 1168, 0, 1824, 1665, 667, 4095, 772
1694, 1773, 1872, 965, 1158, 0, 1813, 1659, 667, 4095, 778
1694, 1770, 1872, 967, 1159, 0, 1808, 1666, 668, 4095, 772
1699, 1739, 1874, 965, 1153, 0, 1815, 1671, 662, 4095, 768
1706, 1771, 1879, 951, 1147, 0, 1808, 1668, 669, 4095, 771
1715, 1765, 1893, 953, 1139, 0, 1808, 1674, 663, 4095, 781
1715, 1761, 1900, 944, 1136, 0, 1808, 1674, 661, 4095, 791
1729, 1758, 1902, 939, 1136, 0, 1807, 1675, 666, 4095, 784
1732, 1753, 1919, 938, 1121, 0, 1808, 1673, 663, 4095, 788
1744, 1747, 1927, 944, 1121, 0, 1806, 1678, 659, 4095, 795
1745, 1740, 1938, 934, 1108, 0, 1808, 1680, 661, 4095, 787
1754, 1728, 1953, 939, 1105, 0, 1812, 1682, 663, 4095, 789
1761, 1717, 1963, 939, 1101, 0, 1813, 1689, 656, 4095, 788
1771, 1712, 1971, 926, 1099, 0, 1819, 1687, 662, 4095, 797
1774, 1697, 1977, 938, 1104, 0, 1826, 1696, 663, 4095, 816
1791, 1699, 1984, 937, 1107, 0, 1836, 1699, 659, 4095, 794
1783, 1686, 1983, 943, 1111, 0, 1842, 1697, 660, 4095, 803
1787, 1691, 1996, 942, 1123, 0, 1854, 1703, 664, 4095, 802
1789, 1698, 2000, 944, 1129, 0, 1861, 1710, 661, 4095, 803
1797, 1698, 2007, 944, 1136, 0, 1872, 1711, 671, 4095, 804
1795, 1699, 2005, 938, 1139, 0, 1877, 1712, 662, 4095, 813
1802, 1701, 2012, 945, 1149, 0, 1886, 1713, 669, 4095, 811
1808, 1712, 2017, 950, 1155, 0, 1893, 1717, 667, 4095, 812
1808, 1713, 2018, 944, 1159, 0, 1903, 1719, 671, 4095, 812
1808, 1715, 2032, 957, 1184, 0, 1908, 1726, 673, 4095, 809
1813, 1721, 2032, 955, 1179, 0, 1917, 1729, 673, 4095, 813
1808, 1723, 2035, 966, 1187, 0, 1927, 1729, 676, 4095, 816
1817, 1728, 2043, 967, 1197, 0, 1928, 1733, 678, 4095, 816
1818, 1735, 2045, 961, 1200, 0, 1936, 1730, 675, 4095, 822
1819, 1744, 2062, 962, 1206, 0, 1947, 1735, 681, 4095, 827
1825, 1755, 2058, 960, 1215, 0, 1951, 1734, 674, 4095, 819
1824, 1760, 2071, 948, 1218, 0, 1955, 1733, 675, 4095, 826
1823, 1760, 2065, 945, 1225, 0, 1962, 1738, 669, 4095, 830
1829, 1779, 2077, 938, 1230, 0, 1967, 1740, 672, 4095, 833
1830, 1788, 2086, 931, 1232, 0, 1969, 1739, 672, 4095, 832
1828, 1793, 2095, 924, 1231, 0, 1968, 1743, 671, 4095, 842
1831, 1802, 2104, 928, 1232, 0, 1972, 1746, 668, 4095, 839
1835, 1805, 2112, 913, 1231, 0, 1973, 1744, 662, 4095, 846
1837, 1808, 2113, 905, 1223, 0, 1974, 1750, 666, 4095, 848
1837, 1808, 2123, 897, 1223, 0, 1978, 1743, 659, 4095, 848
1839, 1814, 2128, 886, 1225, 0, 1975, 1754, 673, 4095, 847
1839, 1817, 2131, 875, 1232, 0, 1977, 1749, 650, 4095, 854
1840, 1821, 2141, 867, 1233, 0, 1982, 1751, 643, 4095, 853
1840, 1826, 2140, 857, 1235, 0, 1986, 1756, 644, 4095, 851
1841, 1830, 2147, 846, 1242, 0, 1985, 1753, 642, 4095, 859
1840, 1840, 2158, 834, 1246, 0, 1985, 1758, 630, 4095, 865
1840, 1849, 2153, 831, 1248, 0, 1990, 1752, 629, 4095, 866
1840, 1840, 2159, 823, 1249, 0, 1988, 1757, 631, 4095, 865
1840, 1854, 2155, 819, 1244, 0, 1991, 1751, 624, 4095, 867
1841, 1845, 2139, 817, 1248, 0, 1997, 1752, 624, 4095, 864
1845, 1854, 2171, 814, 1245, 0, 1992, 1747, 629, 4095, 866
1843, 1858, 2165, 802, 1245, 0, 1995, 1757, 624, 4095, 871
1845, 1857, 2171, 801, 1246, 0, 1991, 1760, 625, 4095, 869
1843, 1866, 2165, 787, 1243, 0, 1994, 1763, 621, 4095, 869
1847, 1865, 2240, 786, 1239, 0, 1991, 1763, 619, 4095, 875
1845, 1859, 2171, 784, 1239, 0, 1993, 1765, 620, 4095, 870
1847, 1865, 2182, 782, 1234, 0, 1995, 1761, 614, 4095, 875
1850, 1858, 2182, 785, 1235, 0, 1994, 1758, 612, 4095, 909
1877, 1861, 2176, 791, 1241, 0, 1996, 1761, 616, 4095, 875
1851, 1863, 2176, 794, 1243, 0, 2000, 1759, 624, 4095, 873
1850, 1858, 2179, 810, 1252, 0, 2000, 1758, 624, 4095, 877
1855, 1863, 2182, 815, 1257, 0, 2000, 1760, 631, 4095, 873
1854, 1815, 2169, 831, 1258, 0, 2006, 1760, 626, 4095, 867
1852, 1859, 2178, 832, 1259, 0, 2003, 1766, 634, 4095, 873
1851, 1862, 2160, 848, 1262, 0, 2005, 1765, 639, 4095, 873
1856, 1863, 2165, 846, 1267, 0, 2010, 1769, 641, 4095, 877
1854, 1866, 2171, 848, 1264, 0, 2013, 1765, 645, 4095, 875
1856, 1870, 2171, 845, 1269, 0, 2018, 1769, 649, 4095, 876
1854, 1872, 2160, 845, 1271, 0, 2016, 1762, 658, 4095, 869
1856, 1867, 2167, 846, 1271, 0, 2016, 1763, 642, 4095, 877
1854, 1872, 2170, 846, 1271, 0, 2017, 1765, 646, 4095, 871
1859, 1875, 2175, 845, 1275, 0, 2016, 1770, 644, 4095, 875
1856, 1872, 2169, 848, 1275, 0, 2016, 1771, 652, 4095, 873
1858, 1843, 2178, 846, 1277, 0, 2021, 1763, 682, 4095, 869
1861, 1879, 2178, 858, 1280, 0, 2022, 1766, 655, 4095, 871
1863, 1882, 2173, 865, 1278, 0, 2022, 1771, 656, 4095, 876
1861, 1878, 2175, 867, 1278, 0, 2023, 1775, 657, 4095, 870
1859, 1878, 2167, 881, 1277, 0, 2022, 1768, 661, 4095, 874
1866, 1878, 2173, 885, 1279, 0, 2011, 1777, 656, 4095, 880
1860, 1879, 2170, 893, 1279, 0, 2021, 1776, 665, 4095, 874
1859, 1882, 2169, 904, 1277, 0, 2023, 1777, 667, 4095, 874
1867, 1886, 2137, 912, 1279, 0, 2026, 1776, 672, 4095, 878
1866, 1886, 2167, 913, 1278, 0, 2023, 1755, 671, 4095, 873
1866, 1888, 2167, 917, 1263, 0, 2026, 1772, 670, 4095, 874
1863, 1888, 2169, 913, 1283, 0, 2023, 1772, 683, 4095, 879
1866, 1885, 2160, 924, 1283, 0, 2023, 1776, 675, 4095, 877
1865, 1890, 2163, 919, 1284, 0, 2029, 1774, 675, 4095, 871
1866, 1891, 2164, 929, 1291, 0, 2027, 1776, 679, 4095, 871
1866, 1888, 2160, 940, 1291, 0, 2029, 1776, 682, 4095, 871
1863, 1890, 2165, 947, 1290, 0, 2022, 1773, 677, 4095, 877
1869, 1890, 2165, 959, 1294, 0, 2032, 1773, 681, 4095, 874
1871, 1890, 2158, 973, 1295, 0, 2029, 1778, 688, 4095, 870
1866, 1888, 2161, 984, 1292, 0, 2025, 1775, 689, 4095, 867
1868, 1882, 2144, 990, 1293, 0, 2030, 1776, 690, 4095, 867
1872, 1882, 2160, 1002, 1299, 0, 2030, 1776, 694, 4095, 866
1872, 1874, 2150, 1015, 1286, 0, 2021, 1776, 695, 4095, 861
1872, 1865, 2145, 1022, 1285, 0, 2025, 1776, 693, 4095, 863
1872, 1853, 2123, 1039, 1283, 0, 2022, 1778, 704, 4095, 859
1875, 1837, 2139, 1050, 1283, 0, 2017, 1776, 704, 4095, 853
1875, 1827, 2126, 1072, 1327, 0, 2015, 1774, 712, 4095, 847
1872, 1808, 2119, 1071, 1282, 0, 2016, 1775, 711, 4095, 834
1904, 1803, 2109, 1074, 1280, 0, 2013, 1775, 715, 4095, 838
1877, 1786, 2118, 1077, 1280, 0, 2014, 1776, 715, 4095, 833
1876, 1782, 2109, 1085, 1279, 0, 2014, 1776, 718, 4095, 841
1874, 1782, 2103, 1093, 1280, 0, 2014, 1776, 720, 4095, 834
1877, 1782, 2103, 1088, 1283, 0, 2011, 1777, 712, 4095, 832
1876, 1776, 2101, 1094, 1278, 0, 2006, 1776, 719, 4095, 843
1873, 1774, 2101, 1095, 1280, 0, 2013, 1776, 717, 4095, 833
1873, 1783, 2108, 1100, 1265, 0, 2015, 1776, 720, 4095, 837
1875, 1783, 2108, 1104, 1281, 0, 2014, 1772, 721, 4095, 831
1875, 1786, 2112, 1112, 1283, 0, 2013, 1770, 722, 4095, 839
1874, 1794, 2114, 1109, 1280, 0, 2019, 1776, 725, 4095, 834
1874, 1797, 2113, 1111, 1286, 0, 2017, 1776, 725, 4095, 837
1872, 1795, 2107, 1118, 1283, 0, 2018, 1776, 720, 4095, 837
1875, 1805, 2113, 1121, 1285, 0, 2020, 1776, 723, 4095, 841
1873, 1808, 2117, 1125, 1281, 0, 2019, 1774, 723, 4095, 843
1878, 1807, 2121, 1129, 1284, 0, 2020, 1778, 726, 4095, 847
1879, 1808, 2123, 1133, 1284, 0, 2022, 1776, 726, 4095, 842
1877, 1811, 2123, 1136, 1281, 0, 2023, 1776, 725, 4095, 845
1879, 1809, 2128, 1136, 1283, 0, 2023, 1776, 732, 4095, 835
1878, 1808, 2123, 1142, 1285, 0, 2043, 1776, 733, 4095, 838
1881, 1779, 2119, 1151, 1284, 0, 1991, 1776, 727, 4095, 839
1881, 1805, 2117, 1159, 1282, 0, 2021, 1775, 739, 4095, 844
1877, 1802, 2112, 1158, 1276, 0, 2019, 1777, 730, 4095, 838
1879, 1799, 2110, 1167, 1273, 0, 2018, 1776, 740, 4095, 832
1878, 1790, 2111, 1168, 1266, 0, 2013, 1807, 735, 4095, 829
1882, 1791, 2101, 1170, 1264, 0, 2006, 1778, 741, 4095, 827
1886, 1782, 2100, 1180, 1236, 0, 1998, 1773, 741, 4095, 829
1904, 1780, 2102, 1181, 1230, 0, 1993, 1776, 745, 4095, 829
1891, 1775, 2098, 1184, 1223, 0, 1985, 1766, 739, 4095, 823
1894, 1761, 2107, 1171, 1218, 0, 1978, 1771, 738, 4095, 819
1895, 1758, 2111, 1211, 1211, 0, 1982, 1767, 737, 4095, 826
1894, 1751, 2119, 1151, 1211, 0, 1976, 1776, 733, 4095, 832
1890, 1766, 2117, 1136, 1203, 0, 1974, 1776, 734, 4095, 839
1887, 1780, 2121, 1123, 1203, 0, 1971, 1775, 726, 4095, 842
1882, 1797, 2115, 1113, 1197, 0, 1971, 1776, 720, 4095, 848
1872, 1814, 2117, 1109, 1190, 0, 1967, 1771, 715, 4095, 854
1859, 1830, 2103, 1099, 1186, 0, 1945, 1767, 720, 4095, 850
1850, 1840, 2095, 1088, 1182, 0, 1959, 1765, 715, 4095, 860
1841, 1853, 2084, 1086, 1182, 0, 1959, 1762, 710, 4095, 861
1834, 1862, 2066, 1072, 1186, 0, 1953, 1755, 707, 4095, 854
1829, 1872, 2059, 1072, 1190, 0, 1951, 1744, 706, 4095, 855
1825, 1875, 2037, 1052, 1179, 0, 1954, 1749, 699, 4095, 858
1817, 1882, 2032, 1061, 1200, 0, 1954, 1744, 704, 4095, 854
1818, 1885, 2026, 1056, 1204, 0, 1954, 1743, 700, 4095, 857
1811, 1877, 2011, 1054, 1207, 0, 1954, 1741, 698, 4095, 850
1815, 1882, 2013, 1053, 1217, 0, 1957, 1743, 699, 4095, 852
1815, 1878, 2014, 1053, 1215, 0, 1959, 1741, 693, 4095, 848
1815, 1873, 2010, 1042, 1223, 0, 1957, 1729, 695, 4095, 848
1815, 1870, 2007, 1049, 1226, 0, 1966, 1731, 694, 4095, 845
1821, 1866, 2007, 1041, 1232, 0, 1966, 1737, 698, 4095, 848
1822, 1869, 2018, 1040, 1234, 0, 1968, 1735, 697, 4095, 843
1827, 1857, 2012, 1038, 1234, 0, 1969, 1725, 699, 4095, 837
1830, 1856, 2025, 1037, 1242, 0, 1973, 1739, 698, 4095, 839
1833, 1859, 2019, 1018, 1245, 0, 1975, 1744, 693, 4095, 835
1833, 1859, 2029, 1011, 1251, 0, 1978, 1744, 690, 4095, 844
1835, 1851, 2021, 1006, 1253, 0, 1982, 1746, 693, 4095, 839
1835, 1855, 2033, 1008, 1260, 0, 1986, 1741, 693, 4095, 838
1835, 1850, 2038, 981, 1238, 0, 1987, 1743, 689, 4095, 847
1840, 1854, 2043, 1002, 1263, 0, 1991, 1745, 689, 4095, 818
1829, 1857, 2052, 998, 1264, 0, 1997, 1745, 691, 4095, 846
1840, 1856, 2063, 993, 1266, 0, 1999, 1750, 688, 4095, 845
1841, 1860, 2057, 987, 1265, 0, 1998, 1745, 689, 4095, 846
1840, 1859, 2064, 987, 1264, 0, 2002, 1750, 689, 4095, 844
1841, 1853, 2073, 986, 1266, 0, 1978, 1749, 688, 4095, 846
1842, 1858, 2077, 992, 1269, 0, 2001, 1747, 691, 4095, 847
1847, 1863, 2077, 992, 1268, 0, 2009, 1751, 688, 4095, 849
1843, 1860, 2044, 1001, 1267, 0, 2007, 1751, 689, 4095, 846
1849, 1865, 2081, 1002, 1270, 0, 2011, 1759, 688, 4095, 847
1846, 1861, 2086, 994, 1249, 0, 2011, 1753, 688, 4095, 854
1851, 1869, 2093, 993, 1271, 0, 2011, 1755, 693, 4095, 848
1851, 1873, 2095, 984, 1268, 0, 2013, 1753, 689, 4095, 854
1851, 1872, 2105, 977, 1264, 0, 2013, 1753, 695, 4095, 850
1850, 1875, 2114, 970, 1265, 0, 2015, 1759, 691, 4095, 849
1856, 1878, 2112, 959, 1265, 0, 2016, 1763, 693, 4095, 856
1854, 1883, 2114, 976, 1263, 0, 2017, 1762, 691, 4095, 854
1851, 1877, 2118, 979, 1267, 0, 2015, 1758, 693, 4095, 854
1859, 1884, 2128, 977, 1264, 0, 2017, 1755, 694, 4095, 851
1858, 1876, 2122, 987, 1264, 0, 2015, 1769, 693, 4095, 859
1