1306, 1219, 879, 339, 447, 0, 1392, 864, 478, 4095, 502
1296, 1243, 887, 342, 458, 0, 1396, 859, 471, 4095, 506
1281, 1265, 891, 347, 474, 0, 1402, 854, 474, 4095, 506
1269, 1291, 880, 351, 480, 0, 1401, 851, 477, 4095, 502
1262, 1307, 874, 356, 483, 0, 1407, 848, 478, 4095, 498
1252, 1322, 879, 351, 492, 0, 1408, 849, 480, 4095, 503
1239, 1333, 877, 354, 487, 0, 1410, 835, 475, 4095, 500
1232, 1328, 871, 347, 480, 0, 1407, 834, 479, 4095, 497
1225, 1358, 873, 346, 491, 0, 1410, 834, 478, 4095, 496
1218, 1365, 869, 347, 491, 0, 1415, 833, 479, 4095, 498
1213, 1379, 884, 347, 501, 0, 1419, 832, 473, 4095, 502
1204, 1383, 860, 351, 506, 0, 1423, 828, 481, 4095, 503
1200, 1395, 858, 331, 502, 0, 1424, 830, 480, 4095, 499
1196, 1405, 849, 352, 519, 0, 1422, 833, 471, 4095, 525
1184, 1414, 849, 345, 518, 0, 1429, 827, 486, 4095, 497
1177, 1417, 850, 349, 524, 0, 1433, 826, 480, 4095, 496
1169, 1421, 843, 348, 521, 0, 1428, 818, 481, 4095, 491
1166, 1424, 839, 352, 511, 0, 1424, 827, 480, 4095, 496
1163, 1424, 845, 330, 511, 0, 1429, 816, 482, 4095, 492
1153, 1424, 839, 362, 511, 0, 1425, 816, 454, 4095, 519
1149, 1424, 832, 368, 518, 0, 1426, 815, 485, 4095, 494
1140, 1424, 835, 370, 506, 0, 1425, 811, 481, 4095, 485
1136, 1429, 832, 371, 509, 0, 1426, 813, 484, 4095, 489
1135, 1427, 823, 384, 506, 0, 1426, 805, 485, 4095, 491
1126, 1431, 829, 379, 508, 0, 1428, 806, 484, 4095, 490
1123, 1434, 822, 400, 511, 0, 1425, 806, 479, 4095, 476
1113, 1431, 820, 410, 509, 0, 1427, 807, 485, 4095, 487
1118, 1441, 822, 421, 509, 0, 1424, 810, 487, 4095, 484
1114, 1434, 821, 432, 511, 0, 1427, 804, 490, 4095, 483
1113, 1433, 816, 435, 508, 0, 1424, 805, 485, 4095, 492
1108, 1431, 816, 448, 508, 1, 1424, 806, 485, 4095, 489
1104, 1427, 816, 454, 508, 0, 1424, 803, 487, 4095, 487
1114, 1426, 817, 458, 508, 0, 1425, 803, 495, 4095, 486
1104, 1424, 817, 462, 502, 0, 1424, 811, 487, 4095, 483
1104, 1422, 816, 467, 502, 0, 1427, 811, 493, 4095, 487
1106, 1424, 819, 464, 499, 0, 1429, 816, 496, 4095, 491
1114, 1424, 816, 467, 511, 0, 1434, 816, 494, 4095, 496
1119, 1424, 823, 466, 499, 0, 1443, 825, 493, 4095, 496
1110, 1429, 827, 463, 501, 0, 1450, 834, 492, 4095, 495
1138, 1429, 835, 458, 498, 0, 1454, 835, 487, 4095, 500
1151, 1429, 842, 450, 497, 0, 1461, 848, 487, 4095, 500
1165, 1433, 856, 448, 495, 0, 1472, 857, 493, 4095, 503
1180, 1435, 864, 448, 496, 0, 1475, 863, 496, 4095, 506
1200, 1439, 879, 442, 496, 0, 1488, 877, 495, 4095, 523
1220, 1442, 892, 436, 496, 0, 1491, 880, 490, 4095, 526
1234, 1438, 903, 436, 493, 0, 1498, 885, 495, 4095, 528
1252, 1441, 912, 439, 496, 0, 1506, 902, 491, 4095, 528
1269, 1446, 928, 432, 491, 0, 1513, 910, 490, 4095, 532
1289, 1397, 945, 431, 484, 0, 1553, 912, 491, 4095, 540
1297, 1439, 949, 432, 487, 0, 1520, 918, 493, 4095, 532
1315, 1437, 960, 432, 479, 0, 1526, 927, 490, 4095, 531
1329, 1435, 1051, 430, 478, 0, 1527, 935, 494, 4095, 539
1344, 1438, 995, 427, 477, 0, 1533, 917, 493, 4095, 542
1355, 1431, 996, 432, 471, 0, 1533, 944, 491, 4095, 539
1363, 1427, 1008, 427, 469, 0, 1527, 954, 491, 4095, 537
1369, 1423, 1011, 433, 466, 0, 1531, 958, 495, 4095, 535
1380, 1418, 1011, 436, 464, 0, 1529, 960, 495, 4095, 533
1389, 1406, 1005, 432, 462, 0, 1530, 963, 493, 4095, 528
1391, 1405, 1020, 432, 459, 0, 1527, 972, 495, 4095, 528
1397, 1398, 1022, 411, 450, 0, 1525, 963, 495, 4095, 528
1403, 1393, 1023, 432, 443, 0, 1522, 971, 490, 4095, 497
1407, 1392, 1033, 432, 439, 0, 1521, 971, 497, 4095, 526
1408, 1382, 1038, 433, 437, 0, 1520, 976, 496, 4095, 527
1411, 1378, 1039, 431, 435, 0, 1515, 976, 495, 4095, 528
1414, 1374, 1043, 423, 432, 0, 1519, 979, 491, 4095, 519
1419, 1360, 1047, 432, 438, 0, 1514, 984, 497, 4095, 521
1423, 1353, 1053, 422, 426, 0, 1514, 986, 473, 4095, 525
1410, 1344, 1050, 429, 420, 0, 1509, 989, 496, 4095, 517
1429, 1345, 1054, 427, 417, 0, 1510, 990, 498, 4095, 521
1429, 1331, 1050, 421, 415, 0, 1503, 989, 496, 4095, 522
1431, 1328, 1045, 418, 415, 0, 1502, 989, 496, 4095, 507
1433, 1321, 1055, 423, 411, 0, 1502, 991, 496, 4095, 507
1434, 1307, 1042, 422, 408, 0, 1493, 983, 495, 4095, 511
1433, 1298, 1040, 427, 411, 0, 1493, 987, 497, 4095, 509
1433, 1293, 1041, 431, 400, 0, 1494, 992, 494, 4095, 498
1430, 1280, 1036, 432, 399, 0, 1491, 987, 496, 4095, 500
1429, 1269, 1037, 435, 399, 0, 1488, 985, 494, 4095, 497
1427, 1266, 1037, 430, 395, 0, 1489, 982, 498, 4095, 500
1427, 1264, 1023, 432, 389, 0, 1484, 987, 501, 4095, 496
1424, 1258, 1031, 427, 387, 0, 1476, 982, 496, 4095, 494
1427, 1253, 1019, 429, 382, 0, 1467, 983, 493, 4095, 491
1424, 1246, 1010, 424, 379, 0, 1459, 987, 496, 4095, 489
1421, 1239, 1012, 419, 371, 0, 1452, 979, 496, 4095, 483
1423, 1234, 1005, 418, 368, 0, 1474, 979, 497, 4095, 478
1421, 1231, 1006, 406, 368, 0, 1438, 975, 488, 4095, 475
1422, 1227, 992, 406, 358, 0, 1429, 976, 491, 4095, 475
1419, 1217, 992, 395, 357, 0, 1415, 976, 494, 4095, 468
1421, 1209, 989, 400, 350, 0, 1407, 999, 486, 4095, 471
1421, 1206, 986, 442, 347, 0, 1397, 976, 489, 4095, 464
1423, 1207, 983, 388, 338, 0, 1381, 971, 486, 4095, 433
1424, 1196, 984, 385, 340, 0, 1383, 969, 487, 4095, 461
1424, 1187, 981, 384, 336, 0, 1376, 964, 488, 4095, 462
1425, 1181, 976, 371, 330, 0, 1364, 960, 487, 4095, 464
1427, 1169, 977, 371, 326, 0, 1359, 965, 480, 4095, 462
1426, 1166, 974, 380, 325, 0, 1345, 963, 481, 4095, 454
1430, 1163, 976, 369, 321, 0, 1344, 961, 463, 4095, 470
1430, 1157, 973, 368, 315, 0, 1328, 958, 480, 4095, 455
1433, 1151, 975, 368, 314, 0, 1328, 957, 477, 4095, 445
1435, 1138, 970, 363, 305, 0, 1321, 955, 480, 4095, 447
1430, 1136, 971, 362, 304, 0, 1317, 951, 476, 4095, 448
1435, 1133, 976, 361, 303, 0, 1310, 951, 477, 4095, 445
1435, 1130, 979, 362, 302, 0, 1308, 958, 493, 4095, 439
1439, 1121, 977, 359, 301, 0, 1301, 960, 481, 4095, 449
1439, 1120, 979, 355, 303, 0, 1305, 956, 471, 4095, 453
1439, 1118, 986, 354, 302, 0, 1309, 961, 477, 4095, 453
1441, 1120, 981, 358, 301, 0, 1309, 969, 474, 4095, 458
1444, 1120, 981, 353, 304, 0, 1313, 967, 473, 4095, 452
1442, 1121, 976, 359, 304, 0, 1316, 967, 471, 4095, 460
1443, 1120, 987, 366, 302, 0, 1318, 971, 469, 4095, 463
1445, 1124, 981, 362, 304, 0, 1326, 976, 471, 4095, 458
1443, 1130, 983, 368, 309, 0, 1328, 976, 483, 4095, 463
1444, 1126, 989, 374, 317, 0, 1337, 976, 474, 4095, 462
1447, 1118, 983, 371, 319, 0, 1346, 977, 481, 4095, 464
1446, 1135, 979, 381, 325, 0, 1347, 977, 477, 4095, 464
1441, 1136, 986, 383, 327, 0, 1358, 982, 479, 4095, 464
1442, 1136, 944, 384, 336, 0, 1365, 981, 476, 4095, 464
1441, 1143, 991, 386, 338, 0, 1377, 990, 482, 4095, 465
1446, 1151, 992, 381, 347, 0, 1390, 991, 475, 4095, 471
1442, 1120, 994, 389, 352, 0, 1397, 990, 471, 4095, 465
1447, 1174, 1002, 391, 357, 0, 1407, 1001, 479, 4095, 480
1451, 1194, 1003, 385, 357, 0, 1414, 1001, 483, 4095, 484
1453, 1203, 1010, 386, 368, 0, 1423, 1005, 478, 4095, 480
1451, 1214, 1017, 384, 367, 0, 1427, 1011, 480, 4095, 491
1455, 1218, 1039, 385, 371, 0, 1436, 1010, 478, 4095, 495
1456, 1230, 1040, 390, 368, 0, 1437, 1009, 471, 4095, 519
1440, 1232, 1050, 398, 369, 0, 1443, 1012, 477, 4095, 496
1461, 1245, 1050, 391, 368, 0, 1451, 1017, 478, 4095, 498
1461, 1242, 1059, 391, 367, 0, 1453, 1023, 484, 4095, 499
1465, 1243, 1061, 385, 365, 0, 1454, 1030, 483, 4095, 496
1470, 1250, 1067, 386, 353, 0, 1454, 1030, 483, 4095, 495
1472, 1245, 1073, 390, 365, 0, 1456, 1030, 479, 4095, 493
1456, 1247, 1072, 385, 358, 0, 1457, 1035, 485, 4095, 497
1475, 1239, 1072, 384, 362, 0, 1456, 1037, 477, 4095, 493
1474, 1234, 1076, 391, 365, 0, 1458, 1036, 482, 4095, 495
1470, 1232, 1079, 395, 365, 0, 1461, 1040, 486, 4095, 494
1471, 1229, 1074, 391, 365, 0, 1447, 1039, 485, 4095, 496
1471, 1217, 1081, 396, 363, 0, 1470, 1040, 487, 4095, 496
1474, 1214, 1074, 400, 365, 0, 1472, 1040, 490, 4095, 496
1471, 1212, 1075, 402, 365, 0, 1472, 1037, 484, 4095, 491
1470, 1203, 1074, 400, 367, 0, 1471, 1067, 489, 4095, 489
1469, 1202, 1068, 382, 363, 0, 1471, 1036, 490, 4095, 487
1461, 1207, 1066, 410, 367, 0, 1457, 1035, 490, 4095, 442
1459, 1197, 1057, 406, 363, 0, 1463, 1033, 483, 4095, 483
1458, 1194, 1046, 407, 366, 0, 1465, 1033, 485, 4095, 492
1456, 1187, 1038, 411, 367, 0, 1463, 1031, 489, 4095, 481
1449, 1194, 1040, 413, 364, 0, 1466, 1029, 487, 4095, 491
1446, 1189, 1040, 394, 367, 0, 1465, 1030, 483, 4095, 486
1440, 1191, 1041, 420, 366, 0, 1470, 1033, 496, 4095, 494
1455, 1189, 1040, 416, 368, 0, 1462, 1028, 494, 4095, 488
1435, 1196, 1042, 417, 368, 0, 1460, 1020, 488, 4095, 489
1429, 1198, 1045, 424, 368, 0, 1463, 1021, 488, 4095, 484
1427, 1199, 1041, 418, 362, 0, 1456, 1019, 489, 4095, 484
1424, 1200, 1043, 421, 362, 0, 1456, 1018, 489, 4095, 483
1425, 1200, 1043, 426, 363, 0, 1456, 1021, 497, 4095, 487
1411, 1201, 1040, 429, 363, 0, 1455, 1014, 493, 4095, 493
1416, 1201, 1048, 423, 362, 0, 1450, 1010, 493, 4095, 483
1416, 1202, 1049, 425, 358, 0, 1455, 1015, 494, 4095, 491
1417, 1207, 1046, 427, 357, 0, 1454, 1021, 494, 4095, 487
1414, 1203, 1050, 424, 353, 0, 1423, 1015, 483, 4095, 484
1409, 1201, 1050, 421, 351, 0, 1444, 1019, 488, 4095, 487
1411, 1201, 1051, 426, 346, 0, 1445, 1015, 494, 4095, 487
1410, 1200, 1117, 415, 341, 0, 1437, 1017, 489, 4095, 493
1410, 1200, 1056, 421, 338, 0, 1434, 1015, 491, 4095, 481
1415, 1198, 1062, 413, 336, 0, 1437, 1021, 495, 4095, 483
1413, 1197, 1056, 416, 330, 0, 1425, 1021, 496, 4095, 470
1418, 1190, 1060, 412, 332, 0, 1426, 1023, 489, 4095, 491
1417, 1186, 1072, 412, 330, 0, 1424, 1028, 492, 4095, 481
1421, 1185, 1065, 407, 325, 0, 1423, 1023, 496, 4095, 482
1423, 1183, 1070, 403, 322, 0, 1415, 1019, 493, 4095, 487
1424, 1181, 1071, 402, 326, 0, 1414, 1033, 491, 4095, 482
1424, 1179, 1072, 403, 320, 0, 1410, 1021, 499, 4095, 481
1409, 1171, 1074, 400, 316, 0, 1409, 1030, 484, 4095, 479
1431, 1169, 1084, 400, 319, 0, 1409, 1030, 482, 4095, 485
1431, 1168, 1079, 400, 318, 0, 1411, 1033, 486, 4095, 489
1434, 1170, 1085, 397, 321, 0, 1411, 1039, 485, 4095, 489
1437, 1175, 1087, 394, 321, 0, 1419, 1035, 481, 4095, 486
1439, 1181, 1089, 395, 325, 0, 1424, 1037, 487, 4095, 495
1437, 1189, 1090, 390, 331, 0, 1426, 1040, 484, 4095, 496
1443, 1195, 1093, 386, 331, 0, 1435, 1040, 482, 4095, 496
1443, 1202, 1104, 385, 333, 0, 1440, 1041, 481, 4095, 502
1442, 1210, 1104, 383, 336, 0, 1446, 1047, 482, 4095, 498
1445, 1232, 1108, 383, 339, 0, 1447, 1043, 477, 4095, 503
1450, 1218, 1118, 384, 336, 0, 1455, 1050, 478, 4095, 511
1453, 1225, 1110, 385, 343, 0, 1456, 1048, 479, 4095, 505
1451, 1231, 1113, 385, 341, 0, 1456, 1046, 478, 4095, 505
1452, 1232, 1116, 385, 339, 0, 1459, 1053, 481, 4095, 505
1447, 1230, 1105, 379, 353, 0, 1458, 1050, 480, 4095, 505
1450, 1229, 1109, 384, 335, 0, 1457, 1047, 468, 4095, 507
1445, 1226, 1115, 383, 331, 0, 1456, 1047, 480, 4095, 496
1451, 1227, 1105, 384, 329, 0, 1453, 1045, 478, 4095, 498
1451, 1227, 1113, 383, 325, 0, 1446, 1049, 477, 4095, 495
1449, 1222, 1104, 376, 320, 0, 1440, 1045, 481, 4095, 496
1449, 1220, 1106, 379, 322, 0, 1435, 1046, 480, 4095, 488
1446, 1217, 1104, 378, 318, 0, 1424, 1040, 482, 4095, 488
1450, 1213, 1095, 377, 309, 0, 1417, 1039, 479, 4095, 487
1447, 1205, 1093, 378, 309, 0, 1405, 1023, 479, 4095, 486
1445, 1199, 1084, 376, 304, 0, 1397, 1030, 480, 4095, 481
1446, 1194, 1083, 379, 303, 0, 1390, 1022, 477, 4095, 477
1441, 1219, 1072, 377, 301, 0, 1369, 1014, 474, 4095, 469
1439, 1178, 1055, 375, 295, 0, 1374, 1010, 480, 4095, 464
1434, 1171, 1059, 379, 292, 0, 1367, 1006, 473, 4095, 463
1431, 1168, 1008, 373, 292, 0, 1368, 1008, 479, 4095, 464
1429, 1156, 1043, 372, 293, 0, 1361, 1008, 481, 4095, 468
1426, 1158, 1040, 336, 289, 0, 1360, 1008, 475, 4095, 465
1424, 1158, 1041, 373, 285, 0, 1362, 1008, 491, 4095, 450
1424, 1155, 1043, 370, 283, 0, 1360, 1008, 474, 4095, 466
1424, 1153, 1040, 368, 279, 0, 1357, 1008, 476, 4095, 467
1424, 1150, 1040, 367, 278, 0, 1348, 1003, 471, 4095, 467
1421, 1152, 1046, 362, 279, 0, 1347, 1002, 470, 4095, 473
1424, 1147, 1045, 367, 294, 0, 1346, 1007, 467, 4095, 471
1423, 1142, 1049, 367, 276, 0, 1342, 1005, 475, 4095, 475
1412, 1146, 1051, 365, 275, 0, 1341, 1006, 468, 4095, 477
1424, 1146, 1051, 367, 275, 0, 1344, 1007, 470, 4095, 481
1424, 1142, 1054, 359, 274, 0, 1343, 1008, 467, 4095, 477
1423, 1148, 1058, 367, 281, 0, 1344, 1008, 474, 4095, 474
1423, 1145, 1058, 367, 274, 0, 1337, 1008, 465, 4095, 483
1422, 1147, 1070, 364, 273, 0, 1346, 1008, 467, 4095, 483
1424, 1145, 1069, 368, 275, 0, 1351, 1009, 472, 4095, 481
1423, 1147, 1073, 359, 277, 0, 1353, 1009, 464, 4095, 481
1423, 1141, 1073, 367, 274, 0, 1360, 1014, 470, 4095, 480
1424, 1146, 1082, 376, 277, 0, 1360, 1011, 473, 4095, 485
1424, 1150, 1072, 363, 274, 0, 1357, 1013, 448, 4095, 480
1431, 1144, 1075, 355, 275, 0, 1355, 1011, 466, 4095, 480
1426, 1139, 1080, 355, 274, 0, 1350, 1013, 467, 4095, 480
1432, 1146, 1073, 354, 275, 0, 1346, 1008, 464, 4095, 481
1434, 1136, 1081, 343, 271, 0, 1338, 1023, 464, 4095, 478
1431, 1140, 1078, 345, 275, 0, 1337, 1013, 469, 4095, 475
1436, 1136, 1088, 340, 272, 0, 1333, 1008, 463, 4095, 471
1439, 1137, 1085, 341, 272, 0, 1328, 1009, 465, 4095, 484
1440, 1137, 1079, 338, 272, 0, 1329, 1008, 464, 4095, 478
1437, 1147, 1086, 342, 272, 0, 1328, 1011, 466, 4095, 483
1441, 1149, 1087, 344, 262, 0, 1328, 1010, 466, 4095, 482
1439, 1158, 1087, 336, 265, 0, 1323, 1007, 459, 4095, 486
1443, 1165, 1089, 339, 267, 0, 1324, 1007, 458, 4095, 490
1440, 1171, 1088, 339, 263, 0, 1319, 1005, 463, 4095, 489
1442, 1173, 1072, 336, 263, 0, 1313, 1007, 464, 4095, 487
1444, 1184, 1098, 331, 263, 0, 1311, 1004, 461, 4095, 493
1439, 1191, 1098, 350, 263, 0, 1309, 1002, 464, 4095, 494
1442, 1202, 1092, 332, 263, 0, 1296, 997, 458, 4095, 491
1440, 1200, 1091, 333, 260, 0, 1309, 1001, 463, 4095, 494
1442, 1200, 1095, 331, 262, 0, 1311, 999, 458, 4095, 493
1441, 1200, 1072, 331, 267, 0, 1309, 1001, 459, 4095, 494
1440, 1206, 1099, 335, 265, 0, 1317, 1003, 458, 4095, 494
1442, 1214, 1106, 335, 271, 0, 1318, 1008, 460, 4095, 500
1438, 1218, 1101, 336, 276, 0, 1327, 1008, 464, 4095, 499
1424, 1223, 1107, 338, 282, 0, 1330, 1008, 458, 4095, 503
1441, 1232, 1105, 341, 285, 0, 1342, 1011, 462, 4095, 501
1438, 1238, 1113, 344, 289, 0, 1353, 1012, 460, 4095, 509
1438, 1251, 1113, 352, 299, 0, 1360, 1018, 459, 4095, 503
1439, 1260, 1113, 354, 301, 0, 1366, 1019, 457, 4095, 509
1434, 1268, 1111, 350, 309, 0, 1378, 1018, 458, 4095, 507
1435, 1275, 1117, 359, 320, 0, 1390, 1018, 462, 4095, 516
1431, 1287, 1118, 365, 323, 0, 1397, 1016, 464, 4095, 522
1435, 1295, 1118, 365, 329, 0, 1406, 1029, 463, 4095, 527
1434, 1306, 1118, 369, 337, 0, 1416, 1017, 465, 4095, 525
1432, 1308, 1121, 374, 336, 0, 1424, 1031, 464, 4095, 523
1430, 1327, 1124, 374, 343, 0, 1429, 1023, 464, 4095, 530
1429, 1335, 1117, 384, 348, 0, 1435, 1037, 464, 4095, 530
1429, 1341, 1104, 388, 345, 0, 1441, 1034, 464, 4095, 535
1427, 1347, 1125, 384, 346, 0, 1447, 1039, 465, 4095, 533
1429, 1346, 1126, 401, 352, 0, 1454, 1038, 467, 4095, 530
1436, 1354, 1133, 396, 349, 0, 1456, 1039, 431, 4095, 531
1442, 1357, 1122, 387, 346, 0, 1456, 1038, 468, 4095, 534
1437, 1359, 1129, 398, 348, 0, 1458, 1040, 472, 4095, 529
1431, 1360, 1127, 400, 343, 0, 1457, 1037, 464, 4095, 537
1437, 1358, 1127, 401, 348, 0, 1463, 1039, 474, 4095, 532
1431, 1361, 1126, 400, 346, 0, 1491, 1040, 467, 4095, 539
1438, 1361, 1129, 407, 349, 0, 1463, 1042, 477, 4095, 531
1436, 1363, 1121, 405, 353, 0, 1466, 1041, 473, 4095, 529
1430, 1360, 1124, 408, 351, 0, 1471, 1040, 477, 4095, 530
1433, 1360, 1117, 413, 354, 0, 1470, 1041, 477, 4095, 531
1430, 1354, 1126, 432, 357, 0, 1472, 1043, 477, 4095, 530
1433, 1358, 1115, 415, 359, 0, 1476, 1041, 477, 4095, 525
1435, 1348, 1115, 419, 362, 0, 1475, 1042, 479, 4095, 525
1428, 1344, 1114, 422, 361, 0, 1477, 1040, 477, 4095, 525
1430, 1334, 1096, 428, 364, 0, 1476, 1041, 477, 4095, 517
1426, 1332, 1097, 430, 364, 0, 1473, 1018, 479, 4095, 521
1425, 1326, 1091, 429, 358, 0, 1479, 1040, 477, 4095, 507
1424, 1321, 1086, 434, 359, 0, 1472, 1040, 506, 4095, 507
1454, 1314, 1072, 433, 363, 0, 1473, 1038, 485, 4095, 505
1423, 1307, 1069, 442, 357, 0, 1467, 1037, 485, 4095, 496
1419, 1296, 1051, 445, 353, 0, 1461, 1021, 486, 4095, 497
1415, 1285, 1051, 435, 354, 0, 1456, 1022, 485, 4095, 491
1413, 1282, 1039, 441, 347, 0, 1447, 1017, 486, 4095, 495
1407, 1270, 1040, 446, 347, 0, 1449, 1016, 489, 4095, 485
1408, 1264, 1029, 450, 345, 0, 1440, 1012, 480, 4095, 486
1402, 1258, 1019, 439, 344, 0, 1437, 1011, 485, 4095, 485
1403, 1257, 1008, 441, 342, 0, 1429, 1010, 490, 4095, 478
1399, 1254, 1015, 432, 341, 0, 1426, 1005, 487, 4095, 480
1395, 1263, 1007, 435, 338, 0, 1430, 1008, 483, 4095, 478
1392, 1264, 999, 432, 345, 0, 1427, 1008, 484, 4095, 483
1387, 1264, 997, 432, 341, 0, 1427, 1003, 489, 4095, 488
1383, 1271, 963, 431, 349, 0, 1427, 999, 487, 4095, 483
1379, 1269, 986, 420, 346, 0, 1424, 988, 493, 4095, 485
1370, 1278, 975, 421, 353, 0, 1424, 989, 491, 4095, 481
1359, 1283, 969, 420, 350, 0, 1421, 985, 491, 4095, 471
1354, 1285, 962, 421, 353, 0, 1418, 976, 492, 4095, 479
1339, 1286, 957, 415, 353, 0, 1417, 971, 494, 4095, 476
1331, 1286, 953, 417, 351, 0, 1413, 970, 491, 4095, 477
1326, 1291, 950, 413, 353, 0, 1408, 970, 487, 4095, 473
1315, 1287, 944, 413, 368, 0, 1406, 967, 494, 4095, 475
1310, 1285, 940, 409, 350, 0, 1398, 960, 485, 4095, 474
1299, 1286, 931, 407, 345, 0, 1397, 955, 485, 4095, 475
1296, 1281, 929, 415, 349, 0, 1391, 955, 489, 4095, 477
1288, 1283, 918, 414, 351, 0, 1392, 951, 485, 4095, 464
1286, 1285, 913, 414, 348, 0, 1392, 950, 491, 4095, 466
1275, 1337, 912, 416, 350, 0, 1387, 945, 492, 4095, 465
1271, 1283, 912, 419, 350, 0, 1387, 945, 493, 4095, 465
1266, 1283, 907, 413, 346, 0, 1379, 943, 491, 4095, 459
1261, 1281, 903, 410, 350, 0, 1377, 939, 495, 4095, 464
1255, 1276, 894, 416, 346, 0, 1371, 912, 494, 4095, 465
1249, 1278, 892, 395, 347, 0, 1363, 928, 490, 4095, 450
1243, 1281, 887, 423, 346, 0, 1360, 927, 479, 4095, 461
1234, 1269, 885, 422, 345, 0, 1355, 923, 496, 4095, 455
1230, 1267, 877, 420, 337, 0, 1353, 917, 495, 4095, 453
1223, 1268, 873, 428, 336, 0, 1348, 915, 496, 4095, 453
1219, 1265, 873, 429, 330, 0, 1343, 910, 494, 4095, 450
1213, 1265, 861, 416, 324, 0, 1342, 911, 493, 4095, 446
1203, 1264, 857, 414, 334, 0, 1339, 906, 496, 4095, 445
1200, 1264, 861, 400, 333, 0, 1340, 906, 496, 4095, 452
1203, 1267, 859, 401, 334, 0, 1342, 905, 485, 4095, 448
1207, 1269, 857, 400, 336, 0, 1344, 909, 484, 4095, 447
1202, 1277, 855, 400, 334, 0, 1344, 910, 487, 4095, 458
1201, 1286, 860, 396, 336, 0, 1363, 912, 481, 4095, 455
1200, 1295, 854, 394, 336, 0, 1355, 907, 485, 4095, 457
1195, 1299, 861, 390, 340, 0, 1360, 909, 483, 4095, 462
1189, 1310, 858, 386, 336, 0, 1362, 903, 482, 4095, 464
1189, 1317, 864, 384, 330, 0, 1364, 905, 481, 4095, 464
1181, 1323, 855, 371, 323, 0, 1360, 896, 482, 4095, 459
1175, 1306, 853, 375, 323, 0, 1359, 897, 481, 4095, 460
1169, 1328, 850, 376, 321, 0, 1359, 890, 477, 4095, 458
1166, 1327, 855, 375, 320, 0, 1349, 887, 476, 4095, 462
1159, 1328, 882, 381, 313, 0, 1348, 884, 471, 4095, 451
1155, 1329, 854, 369, 309, 0, 1345, 857, 474, 4095, 461
1152, 1324, 852, 368, 303, 0, 1341, 879, 479, 4095, 454
1149, 1322, 848, 368, 288, 0, 1333, 879, 474, 4095, 459
1150, 1319, 853, 363, 281, 0, 1331, 871, 475, 4095, 458
1139, 1317, 858, 359, 272, 0, 1327, 869, 474, 4095, 455
1144, 1319, 855, 363, 272, 0, 1328, 874, 472, 4095, 457
1138, 1312, 854, 355, 263, 0, 1323, 869, 468, 4095, 452
1136, 1314, 851, 361, 237, 0, 1318, 867, 469, 4095, 448
1136, 1313, 859, 359, 256, 0, 1319, 864, 464, 4095, 454
1134, 1305, 850, 352, 249, 0, 1312, 859, 464, 4095, 457
1131, 1307, 846, 351, 240, 0, 1307, 861, 467, 4095, 449
1126, 1305, 855, 349, 241, 0, 1309, 860, 472, 4095, 454
1129, 1306, 850, 354, 245, 0, 1303, 857, 464, 4095, 454
1124, 1311, 849, 353, 243, 0, 1298, 855, 465, 4095, 451
1123, 1307, 848, 355, 243, 0, 1296, 855, 466, 4095, 448
1117, 1312, 849, 349, 240, 0, 1297, 854, 468, 4095, 450
1115, 1306, 895, 346, 240, 0, 1296, 848, 464, 4095, 451
1118, 1305, 846, 349, 238, 0, 1296, 851, 459, 4095, 451
1117, 1309, 849, 355, 239, 0, 1291, 848, 464, 4095, 449
1114, 1315, 848, 354, 239, 0, 1295, 848, 464, 4095, 451
1115, 1296, 846, 350, 237, 0, 1290, 848, 459, 4095, 455
1115, 1300, 848, 341, 230, 0, 1289, 848, 464, 4095, 455
1115, 1295, 826, 349, 234, 0, 1284, 843, 463, 4095, 453
1117, 1295, 839, 345, 236, 0, 1286, 850, 458, 4095, 448
1110, 1293, 841, 346, 236, 0, 1283, 848, 454, 4095, 448
1111, 1289, 848, 336, 236, 0, 1285, 847, 470, 4095, 447
1114, 1286, 843, 343, 246, 0, 1284, 842, 455, 4095, 449
1109, 1287, 837, 342, 249, 0, 1285, 845, 454, 4095, 449
1109, 1283, 839, 341, 254, 0, 1281, 848, 454, 4095, 453
1107, 1279, 839, 345, 256, 0, 1281, 839, 450, 4095, 453
1107, 1281, 831, 389, 282, 0, 1281, 847, 455, 4095, 445
1107, 1281, 832, 342, 265, 0, 1283, 843, 456, 4095, 445
1138, 1275, 835, 349, 263, 0, 1280, 839, 452, 4095, 450
1104, 1277, 835, 348, 267, 0, 1284, 841, 452, 4095, 448
1108, 1274, 829, 346, 270, 0, 1287, 847, 454, 4095, 447
1104, 1280, 826, 345, 272, 0, 1283, 842, 455, 4095, 450
1109, 1278, 829, 386, 271, 0, 1285, 848, 453, 4095, 451
1107, 1277, 823, 347, 273, 0, 1286, 843, 448, 4095, 447
1097, 1280, 827, 347, 276, 0, 1287, 843, 454, 4095, 455
1109, 1274, 821, 340, 279, 0, 1291, 848, 451, 4095, 450
1113, 1278, 827, 350, 279, 0, 1293, 843, 450, 4095, 446
1121, 1271, 827, 346, 285, 0, 1296, 848, 449, 4095, 448
1121, 1279, 823, 354, 287, 0, 1293, 851, 453, 4095, 448
1131, 1279, 828, 350, 289, 0, 1297, 849, 461, 4095, 453
1135, 1278, 830, 352, 289, 0, 1305, 848, 453, 4095, 449
1136, 1275, 775, 358, 296, 0, 1307, 850, 458, 4095, 445
1138, 1278, 829, 366, 299, 0, 1311, 852, 458, 4095, 449
1146, 1275, 829, 320, 302, 0, 1312, 854, 455, 4095, 449
1153, 1281, 831, 359, 303, 0, 1313, 863, 455, 4095, 454
1154, 1278, 828, 368, 305, 0, 1318, 858, 464, 4095, 454
1163, 1273, 831, 366, 307, 0, 1319, 859, 464, 4095, 458
1168, 1280, 830, 330, 310, 0, 1328, 863, 461, 4095, 453
1170, 1279, 826, 369, 307, 0, 1329, 894, 464, 4095, 454
1175, 1278, 826, 350, 311, 0, 1331, 863, 465, 4095, 456
1180, 1257, 822, 374, 315, 0, 1331, 863, 467, 4095, 444
1181, 1281, 823, 385, 320, 0, 1339, 866, 466, 4095, 449
1184, 1281, 817, 385, 320, 0, 1334, 861, 468, 4095, 451
1185, 1282, 821, 387, 319, 0, 1337, 864, 470, 4095, 448
1188, 1278, 816, 398, 321, 0, 1337, 859, 464, 4095, 454
1191, 1271, 821, 400, 288, 0, 1334, 865, 464, 4095, 449
1194, 1264, 818, 400, 317, 0, 1335, 859, 470, 4095, 473
1190, 1263, 821, 411, 319, 0, 1333, 864, 470, 4095, 446
1200, 1255, 815, 412, 317, 0, 1333, 857, 475, 4095, 446
1202, 1250, 818, 422, 317, 0, 1334, 866, 474, 4095, 449
1205, 1246, 816, 425, 321, 0, 1330, 864, 475, 4095, 447
1211, 1238, 815, 431, 287, 0, 1328, 862, 474, 4095, 442
1207, 1229, 816, 432, 311, 0, 1328, 870, 471, 4095, 441
1218, 1221, 813, 432, 304, 0, 1326, 867, 474, 4095, 434
1218, 1214, 816, 439, 304, 0, 1326, 870, 479, 4095, 435
1227, 1207, 811, 442, 302, 0, 1327, 870, 471, 4095, 432
1228, 1200, 812, 432, 301, 0, 1318, 867, 477, 4095, 431
1233, 1191, 814, 427, 294, 0, 1346, 871, 479, 4095, 438
1237, 1184, 816, 428, 292, 0, 1315, 867, 479, 4095, 432
1242, 1184, 814, 413, 293, 0, 1317, 873, 474, 4095, 429
1239, 1179, 811, 409, 291, 0, 1312, 867, 473, 4095, 430
1239, 1175, 816, 405, 286, 0, 1313, 865, 468, 4095, 432
1245, 1179, 815, 400, 283, 0, 1316, 873, 477, 4095, 434
1244, 1147, 811, 391, 279, 0, 1307, 869, 474, 4095, 433
1244, 1177, 807, 389, 275, 0, 1312, 867, 471, 4095, 432
1242, 1177, 803, 386, 273, 0, 1305, 861, 477, 4095, 434
1237, 1181, 807, 384, 272, 0, 1304, 862, 475, 4095, 433
1239, 1182, 809, 375, 272, 0, 1307, 862, 470, 4095, 432
1238, 1191, 814, 382, 266, 0, 1307, 865, 464, 4095, 434
1236, 1221, 810, 375, 268, 0, 1300, 865, 469, 4095, 469
1238, 1200, 816, 369, 262, 0, 1312, 868, 471, 4095, 439
1237, 1203, 817, 370, 255, 0, 1312, 868, 469, 4095, 448
1234, 1205, 819, 366, 249, 0, 1310, 871, 464, 4095, 448
1232, 1216, 820, 362, 249, 0, 1315, 869, 464, 4095, 445
1234, 1221, 830, 366, 249, 0, 1315, 871, 463, 4095, 448
1232, 1233, 823, 363, 252, 0, 1311, 874, 464, 4095, 423
1230, 1232, 829, 363, 256, 0, 1315, 873, 461, 4095, 449
1231, 1234, 825, 357, 258, 0, 1314, 875, 463, 4095, 451
1223, 1243, 828, 353, 260, 0, 1314, 879, 459, 4095, 454
1226, 1245, 827, 349, 263, 0, 1315, 876, 453, 4095, 450
1217, 1247, 817, 336, 265, 0, 1317, 875, 455, 4095, 453
1211, 1246, 818, 350, 269, 0, 1313, 870, 450, 4095, 457
1207, 1253, 816, 351, 273, 0, 1322, 861, 449, 4095, 454
1201, 1256, 817, 341, 272, 0, 1324, 866, 457, 4095, 447
1195, 1264, 821, 345, 273, 0, 1325, 863, 461, 4095, 451
1189, 1262, 816, 342, 272, 0, 1324, 857, 454, 4095, 448
1179, 1263, 811, 345, 272, 0, 1318, 850, 459, 4095, 447
1171, 1259, 810, 350, 269, 0, 1313, 849, 452, 4095, 441
1163, 1262, 809, 342, 269, 0, 1310, 848, 456, 4095, 447
1163, 1259, 801, 339, 270, 0, 1307, 846, 459, 4095, 442
1157, 1253, 806, 339, 268, 0, 1302, 844, 458, 4095, 443
1147, 1254, 798, 342, 267, 0, 1297, 842, 458, 4095, 447
1147, 1251, 795, 337, 258, 0, 1294, 842, 451, 4095, 447
1142, 1250, 797, 336, 257, 0, 1296, 841, 451, 4095, 440
1142, 1247, 801, 334, 258, 0, 1294, 841, 451, 4095, 437
1139, 1248, 797, 336, 258, 0, 1296, 842, 448, 4095, 438
1138, 1247, 796, 332, 253, 0, 1295, 844, 454, 4095, 447
1136, 1250, 798, 327, 249, 0, 1294, 844, 448, 4095, 439
1137, 1255, 795, 333, 251, 0, 1297, 845, 453, 4095, 443
1137, 1255, 789, 334, 253, 0, 1296, 843, 450, 4095, 447
1163, 1259, 795, 331, 251, 0, 1298, 846, 446, 4095, 443
1140, 1255, 789, 327, 245, 0, 1297, 846, 447, 4095, 448
1140, 1264, 792, 325, 240, 0, 1294, 847, 448, 4095, 448
1136, 1263, 795, 322, 242, 0, 1298, 848, 439, 4095, 448
1137, 1264, 790, 320, 247, 0, 1296, 851, 445, 4095, 447
1142, 1264, 788, 323, 249, 0, 1297, 848, 437, 4095, 450
1141, 1264, 800, 317, 247, 0, 1297, 851, 445, 4095, 454
1139, 1264, 795, 323, 243, 0, 1298, 855, 446, 4095, 449
1141, 1264, 801, 317, 247, 0, 1301, 851, 437, 4095, 452
1141, 1269, 795, 319, 249, 0, 1299, 854, 445, 4095, 454
1143, 1244, 795, 318, 247, 0, 1266, 852, 436, 4095, 450
1145, 1264, 801, 320, 247, 0, 1294, 852, 438, 4095, 461
1149, 1264, 803, 318, 245, 0, 1294, 855, 439, 4095, 459
1153, 1267, 804, 319, 251, 0, 1287, 848, 436, 4095, 462
1157, 1264, 806, 317, 246, 0, 1282, 853, 437, 4095, 454
1165, 1264, 815, 317, 247, 0, 1279, 849, 439, 4095, 461
1168, 1255, 816, 314, 248, 0, 1275, 850, 439, 4095, 458
1169, 1264, 821, 311, 244, 0, 1274, 848, 432, 4095, 455
1175, 1254, 823, 313, 243, 0, 1267, 850, 432, 4095, 458
1183, 1261, 815, 310, 243, 0, 1266, 853, 439, 4095, 453
1191, 1261, 834, 315, 244, 0, 1264, 854, 435, 4095, 458
1195, 1256, 839, 289, 249, 0, 1263, 853, 436, 4095, 461
1200, 1254, 837, 316, 250, 0, 1265, 854, 432, 4095, 471
1201, 1261, 839, 316, 253, 0, 1269, 862, 435, 4095, 464
1205, 1257, 845, 314, 251, 0, 1269, 860, 441, 4095, 462
1211, 1258, 816, 314, 256, 0, 1274, 860, 437, 4095, 457
1216, 1263, 848, 305, 259, 0, 1280, 843, 437, 4095, 464
1223, 1265, 853, 328, 278, 0, 1283, 860, 443, 4095, 465
1224, 1266, 858, 318, 270, 0, 1286, 866, 453, 4095, 448
1229, 1271, 851, 311, 272, 0, 1296, 868, 449, 4095, 460
1229, 1274, 849, 320, 275, 0, 1298, 869, 446, 4095, 458
1232, 1268, 854, 317, 279, 0, 1296, 869, 448, 4095, 458
1228, 1270, 848, 318, 279, 0, 1300, 868, 450, 4095, 459
1232, 1265, 842, 320, 272, 0, 1300, 866, 449, 4095, 457
1230, 1265, 848, 325, 279, 0, 1302, 862, 459, 4095, 474
1230, 1263, 836, 331, 277, 0, 1300, 866, 449, 4095, 453
1230, 1259, 830, 329, 269, 0, 1297, 864, 448, 4095, 454
1229, 1253, 830, 313, 261, 0, 1298, 864, 450, 4095, 447
1232, 1255, 831, 317, 262, 0, 1296, 861, 448, 4095, 447
1230, 1250, 831, 320, 232, 0, 1297, 857, 448, 4095, 448
1231, 1246, 830, 322, 266, 0, 1296, 861, 449, 4095, 465
1231, 1249, 823, 323, 267, 0, 1302, 863, 448, 4095, 443
1230, 1246, 830, 322, 272, 0, 1298, 864, 449, 4095, 443
1229, 1253, 831, 323, 273, 0, 1305, 863, 449, 4095, 449
1223, 1251, 831, 320, 277, 0, 1307, 863, 447, 4095, 448
1222, 1252, 823, 321, 277, 0, 1307, 865, 450, 4095, 450
1216, 1261, 828, 321, 278, 0, 1310, 864, 448, 4095, 454
1187, 1259, 818, 328, 275, 0, 1307, 855, 447, 4095, 452
1205, 1264, 826, 333, 282, 0, 1311, 855, 450, 4095, 450
1200, 1265, 817, 332, 286, 0, 1307, 851, 450, 4095, 451
1190, 1263, 817, 331, 285, 0, 1306, 852, 448, 4095, 450
1182, 1266, 817, 336, 278, 0, 1306, 854, 452, 4095, 449
1179, 1264, 811, 330, 279, 0, 1303, 848, 450, 4095, 449
1172, 1264, 809, 325, 284, 0, 1301, 848, 448, 4095, 446
1172, 1258, 811, 335, 277, 0, 1301, 848, 453, 4095, 445
1171, 1257, 804, 335, 282, 0, 1297, 848, 448, 4095, 450
1169, 1258, 804, 336, 275, 0, 1301, 849, 453, 4095, 451
1173, 1257, 816, 338, 313, 0, 1303, 849, 454, 4095, 452
1177, 1249, 816, 338, 273, 0, 1302, 848, 449, 4095, 451
1181, 1247, 820, 338, 274, 0, 1301, 854, 454, 4095, 461
1185, 1246, 816, 336, 272, 0, 1299, 851, 454, 4095, 453
1188, 1239, 825, 336, 271, 0, 1293, 855, 456, 4095, 453
1200, 1238, 832, 336, 266, 0, 1293, 858, 448, 4095, 451
1205, 1231, 833, 336, 256, 0, 1286, 852, 448, 4095, 446
1214, 1230, 840, 326, 262, 0, 1281, 856, 454, 4095, 447
1219, 1219, 842, 334, 256, 0, 1273, 850, 448, 4095, 450
1228, 1216, 845, 321, 254, 0, 1266, 852, 451, 4095, 447
1228, 1207, 849, 321, 249, 0, 1262, 854, 451, 4095, 447
1237, 1203, 848, 315, 245, 0, 1262, 859, 452, 4095, 454
1238, 1200, 859, 312, 240, 0, 1287, 855, 449, 4095, 450
1242, 1201, 855, 314, 243, 0, 1263, 859, 449, 4095, 449
1243, 1202, 861, 310, 243, 0, 1267, 863, 450, 4095, 449
1245, 1207, 832, 310, 240, 0, 1266, 869, 451, 4095, 457
1244, 1209, 874, 311, 240, 0, 1269, 867, 447, 4095, 451
1238, 1217, 862, 311, 241, 0, 1280, 864, 445, 4095, 460
1234, 1218, 861, 307, 242, 0, 1293, 865, 445, 4095, 463
1230, 1225, 866, 309, 243, 0, 1283, 862, 445, 4095, 457
1227, 1229, 863, 304, 249, 0, 1290, 863, 439, 4095, 455
1221, 1232, 853, 307, 245, 0, 1290, 861, 443, 4095, 459
1218, 1231, 860, 308, 246, 0, 1287, 859, 445, 4095, 460
1216, 1237, 862, 342, 247, 0, 1287, 860, 443, 4095, 461
1214, 1239, 850, 304, 245, 0, 1280, 862, 445, 4095, 464
1213, 1233, 863, 305, 245, 0, 1279, 861, 442, 4095, 460
1214, 1232, 857, 304, 242, 0, 1275, 855, 443, 4095, 459
1211, 1226, 879, 305, 239, 0, 1271, 854, 437, 4095, 461
1211, 1217, 861, 305, 238, 0, 1265, 848, 438, 4095, 459
1214, 1207, 855, 311, 239, 0, 1264, 858, 439, 4095, 455
1213, 1232, 867, 306, 235, 0, 1254, 851, 434, 4095, 413
1213, 1190, 861, 306, 234, 0, 1257, 851, 441, 4095, 449
1218, 1192, 865, 305, 231, 0, 1251, 850, 434, 4095, 458
1221, 1179, 867, 304, 226, 0, 1239, 850, 436, 4095, 450
1222, 1173, 858, 304, 225, 0, 1237, 862, 439, 4095, 449
1230, 1167, 860, 289, 226, 0, 1232, 848, 437, 4095, 448
1231, 1161, 865, 304, 221, 0, 1226, 847, 435, 4095, 445
1232, 1152, 859, 303, 216, 0, 1217, 843, 439, 4095, 436
1232, 1149, 850, 304, 219, 0, 1217, 839, 436, 4095, 444
1233, 1139, 859, 304, 218, 0, 1209, 838, 438, 4095, 436
1237, 1134, 863, 307, 208, 0, 1203, 821, 434, 4095, 435
1242, 1131, 863, 307, 210, 0, 1200, 839, 439, 4095, 432
1243, 1125, 863, 308, 210, 0, 1200, 838, 435, 4095, 430
1243, 1117, 862, 310, 211, 0, 1196, 845, 442, 4095, 430
1249, 1104, 858, 306, 208, 0, 1191, 847, 438, 4095, 435
1249, 1101, 858, 308, 208, 0, 1191, 844, 441, 4095, 432
1257, 1101, 868, 310, 207, 0, 1189, 843, 436, 4095, 431
1258, 1090, 871, 304, 185, 0, 1182, 847, 442, 4095, 432
1264, 1092, 869, 310, 205, 0, 1187, 848, 439, 4095, 443
1264, 1081, 872, 309, 202, 0, 1187, 853, 444, 4095, 432
1266, 1077, 878, 309, 202, 0, 1183, 852, 439, 4095, 433
1270, 1077, 877, 305, 200, 0, 1184, 851, 441, 4095, 432
1275, 1072, 880, 302, 197, 0, 1181, 861, 441, 4095, 430
1277, 1061, 880, 304, 176, 0, 1180, 858, 439, 4095, 430
1280, 1058, 885, 304, 200, 0, 1178, 859, 444, 4095, 426
1267, 1054, 886, 307, 199, 0, 1175, 858, 437, 4095, 428
1286, 1055, 887, 307, 197, 0, 1175, 862, 441, 4095, 426
1290, 1050, 889, 303, 192, 0, 1169, 861, 446, 4095, 432
1290, 1045, 887, 304, 192, 0, 1169, 858, 445, 4095, 426
1293, 1040, 891, 304, 192, 0, 1168, 857, 446, 4095, 422
1296, 1039, 895, 306, 191, 0, 1168, 859, 445, 4095, 429
1285, 1037, 896, 310, 192, 0, 1168, 858, 443, 4095, 428
1296, 1029, 900, 304, 192, 0, 1167, 865, 442, 4095, 427
1297, 1020, 909, 304, 190, 0, 1168, 864, 449, 4095, 426
1302, 1029, 903, 310, 193, 0, 1169, 862, 448, 4095, 432
1300, 1021, 901, 304, 192, 0, 1171, 866, 449, 4095, 431
1301, 1031, 904, 304, 197, 0, 1173, 867, 442, 4095, 432
1283, 1031, 912, 303, 199, 0, 1185, 866, 451, 4095, 436
1305, 1038, 912, 304, 208, 0, 1195, 870, 449, 4095, 433
1305, 1047, 910, 305, 210, 0, 1201, 878, 448, 4095, 436
1299, 1051, 907, 304, 222, 0, 1207, 875, 447, 4095, 432
1297, 1059, 892, 306, 222, 0, 1214, 874, 454, 4095, 432
1294, 1067, 893, 317, 230, 0, 1216, 867, 458, 4095, 433
1292, 1072, 881, 323, 234, 0, 1216, 863, 453, 4095, 436
1286, 1072, 873, 320, 235, 0, 1219, 859, 453, 4095, 430
1279, 1072, 866, 324, 237, 0, 1215, 859, 451, 4095, 429
1274, 1069, 863, 336, 232, 0, 1218, 853, 455, 4095, 427
1269, 1040, 863, 336, 234, 0, 1216, 850, 451, 4095, 428
1264, 1077, 848, 337, 235, 0, 1213, 853, 456, 4095, 423
1262, 1074, 848, 336, 234, 0, 1213, 849, 451, 4095, 423
1254, 1072, 792, 335, 239, 0, 1203, 843, 458, 4095, 416
1257, 1075, 841, 336, 238, 0, 1203, 830, 461, 4095, 414
1255, 1078, 839, 335, 240, 0, 1206, 846, 450, 4095, 416
1253, 1050, 833, 336, 240, 0, 1210, 845, 434, 4095, 421
1254, 1073, 831, 335, 241, 0, 1210, 843, 460, 4095, 412
1252, 1073, 828, 336, 240, 0, 1210, 845, 449, 4095, 412
1253, 1081, 827, 341, 240, 0, 1207, 842, 455, 4095, 416
1253, 1073, 830, 337, 241, 0, 1205, 815, 459, 4095, 411
1250, 1078, 816, 316, 240, 0, 1203, 839, 454, 4095, 410
1252, 1078, 818, 339, 240, 0, 1203, 839, 471, 4095, 427
1252, 1078, 823, 346, 243, 0, 1206, 839, 462, 4095, 409
1251, 1083, 816, 346, 240, 0, 1205, 841, 455, 4095, 418
1251, 1079, 834, 336, 240, 0, 1205, 838, 457, 4095, 407
1258, 1084, 816, 343, 240, 0, 1207, 839, 462, 4095, 406
1259, 1085, 814, 342, 221, 0, 1211, 843, 456, 4095, 416
1263, 1088, 821, 336, 240, 0, 1218, 848, 423, 4095, 431
1262, 1095, 816, 335, 244, 0, 1221, 851, 459, 4095, 419
1264, 1102, 827, 337, 244, 0, 1226, 854, 458, 4095, 421
1270, 1104, 829, 336, 242, 0, 1230, 851, 456, 4095, 427
1271, 1110, 834, 331, 250, 0, 1232, 857, 457, 4095, 432
1275, 1118, 837, 326, 259, 0, 1235, 860, 460, 4095, 429
1273, 1126, 836, 331, 249, 0, 1238, 857, 463, 4095, 435
1264, 1127, 845, 329, 250, 0, 1249, 859, 460, 4095, 434
1283, 1138, 843, 325, 247, 0, 1250, 868, 459, 4095, 443
1282, 1146, 848, 331, 247, 0, 1257, 865, 459, 4095, 446
1283, 1151, 848, 323, 247, 0, 1264, 869, 460, 4095, 447
1289, 1153, 855, 326, 251, 0, 1263, 869, 454, 4095, 451
1290, 1166, 858, 322, 250, 0, 1264, 874, 458, 4095, 453
1279, 1163, 863, 324, 250, 0, 1265, 873, 458, 4095, 451
1295, 1168, 874, 323, 246, 0, 1266, 877, 455, 4095, 452
1296, 1171, 876, 315, 243, 0, 1271, 878, 448, 4095, 453
1296, 1179, 871, 318, 249, 0, 1274, 875, 453, 4095, 464
1299, 1185, 880, 319, 249, 0, 1270, 880, 449, 4095, 461
1296, 1189, 877, 316, 251, 0, 1279, 880, 453, 4095, 462
1296, 1194, 880, 313, 254, 0, 1282, 884, 457, 4095, 455
1299, 1201, 881, 319, 249, 0, 1285, 880, 448, 4095, 461
1299, 1201, 880, 311, 253, 0, 1291, 886, 455, 4095, 462
1302, 1214, 880, 313, 251, 0, 1285, 882, 455, 4095, 466
1302, 1213, 881, 313, 252, 0, 1286, 882, 452, 4095, 433
1305, 1223, 890, 307, 247, 0, 1287, 885, 443, 4095, 464
1310, 1223, 896, 306, 253, 0, 1285, 885, 446, 4095, 465
1306, 1227, 887, 315, 253, 0, 1291, 885, 450, 4095, 464
1307, 1229, 898, 306, 251, 0, 1285, 889, 449, 4095, 469
1306, 1232, 901, 305, 258, 0, 1286, 883, 450, 4095, 471
1309, 1232, 903, 311, 257, 0, 1269, 887, 450, 4095, 471
1307, 1235, 908, 314, 259, 0, 1291, 883, 450, 4095, 469
1313, 1235, 912, 306, 254, 0, 1292, 887, 449, 4095, 468
1310, 1236, 893, 315, 258, 0, 1296, 891, 450, 4095, 471
1312, 1242, 910, 317, 261, 0, 1297, 887, 450, 4095, 471
1311, 1236, 912, 317, 261, 0, 1301, 895, 452, 4095, 475
1313, 1237, 912, 315, 268, 0, 1306, 895, 448, 4095, 466
1315, 1238, 914, 323, 272, 0, 1313, 899, 445, 4095, 475
1315, 1233, 910, 321, 266, 0, 1312, 894, 449, 4095, 473
1314, 1234, 887, 329, 271, 0, 1313, 890, 451, 4095, 467
1313, 1235, 917, 331, 272, 0, 1322, 890, 448, 4095, 470
1315, 1235, 917, 343, 269, 0, 1325, 898, 455, 4095, 470
1313, 1232, 916, 330, 272, 0, 1328, 891, 452, 4095, 464
1312, 1235, 922, 332, 272, 0, 1331, 902, 454, 4095, 471
1317, 1235, 926, 337, 272, 0, 1334, 898, 451, 4095, 470
1317, 1239, 921, 334, 272, 0, 1338, 903, 450, 4095, 471
1315, 1242, 930, 335, 278, 0, 1341, 902, 459, 4095, 471
1311, 1241, 927, 347, 272, 0, 1334, 901, 455, 4095, 473
1311, 1241, 923, 338, 272, 0, 1347, 906, 454, 4095, 477
1334, 1242, 929, 337, 276, 0, 1346, 901, 452, 4095, 471
1314, 1248, 934, 335, 275, 0, 1349, 901, 454, 4095, 474
1314, 1249, 944, 338, 277, 0, 1353, 905, 451, 4095, 483
1317, 1249, 943, 336, 274, 0, 1353, 910, 449, 4095, 479
1319, 1253, 951, 343, 274, 0, 1359, 910, 454, 4095, 478
1321, 1258, 945, 339, 275, 0, 1360, 911, 451, 4095, 490
1345, 1264, 956, 341, 272, 0, 1360, 910, 457, 4095, 482
1322, 1254, 960, 345, 272, 0, 1360, 910, 459, 4095, 485
1322, 1258, 963, 347, 272, 0, 1361, 912, 463, 4095, 487
1323, 1254, 963, 345, 272, 0, 1363, 912, 461, 4095, 483
1325, 1251, 972, 351, 271, 0, 1363, 912, 459, 4095, 482
1328, 1253, 971, 349, 272, 0, 1366, 912, 464, 4095, 489
1327, 1246, 969, 345, 267, 0, 1363, 914, 462, 4095, 484
1323, 1236, 944, 346, 267, 0, 1360, 912, 460, 4095, 482
1326, 1235, 978, 342, 262, 0, 1360, 915, 461, 4095, 486
1328, 1231, 976, 339, 256, 0, 1351, 912, 459, 4095, 479
1329, 1174, 976, 339, 257, 0, 1356, 916, 461, 4095, 483
1328, 1220, 974, 345, 254, 0, 1341, 913, 461, 4095, 475
1327, 1211, 977, 336, 249, 0, 1332, 912, 458, 4095, 479
1328, 1202, 977, 339, 244, 0, 1328, 914, 456, 4095, 475
1329, 1198, 977, 337, 241, 0, 1318, 908, 461, 4095, 467
1330, 1191, 976, 379, 242, 0, 1317, 912, 455, 4095, 467
1329, 1182, 967, 333, 241, 0, 1313, 912, 459, 4095, 473
1329, 1177, 972, 330, 237, 0, 1312, 911, 462, 4095, 464
1329, 1177, 967, 320, 237, 0, 1310, 907, 458, 4095, 464
1330, 1174, 971, 320, 232, 0, 1309, 909, 456, 4095, 464
1330, 1169, 961, 319, 233, 0, 1309, 932, 451, 4095, 461
1327, 1168, 960, 314, 206, 0, 1308, 909, 450, 4095, 467
1328, 1171, 962, 311, 224, 0, 1315, 907, 435, 4095, 429
1317, 1175, 956, 307, 224, 0, 1323, 908, 453, 4095, 464
1326, 1183, 947, 304, 215, 0, 1323, 909, 447, 4095, 469
1322, 1193, 951, 304, 213, 0, 1327, 911, 448, 4095, 471
1321, 1199, 944, 303, 209, 0, 1327, 911, 452, 4095, 471
1312, 1203, 944, 304, 189, 6, 1330, 909, 448, 4095, 471
1305, 1206, 943, 305, 208, 0, 1334, 907, 449, 4095, 470
1313, 1211, 943, 306, 213, 0, 1331, 906, 448, 4095, 474
1287, 1221, 944, 304, 212, 0, 1335, 899, 444, 4095, 471
1277, 1219, 939, 307, 220, 0, 1334, 897, 448, 4095, 469
1265, 1226, 928, 304, 223, 0, 1328, 896, 448, 4095, 475
1259, 1227, 929, 308, 227, 0, 1327, 891, 444, 4095, 466
1247, 1232, 922, 306, 234, 0, 1328, 886, 445, 4095, 464
1242, 1231, 919, 304, 228, 0, 1325, 886, 444, 4095, 468
1236, 1232, 912, 305, 233, 0, 1321, 886, 446, 4095, 465
1231, 1233, 913, 304, 234, 0, 1312, 880, 437, 4095, 467
1225, 1232, 913, 298, 238, 0, 1309, 880, 446, 4095, 463
1221, 1287, 907, 310, 240, 0, 1296, 875, 443, 4095, 464
1216, 1232, 907, 313, 235, 0, 1300, 877, 442, 4095, 464
1211, 1232, 901, 311, 237, 0, 1296, 870, 439, 4095, 461
1207, 1232, 862, 312, 238, 0, 1296, 864, 435, 4095, 462
1207, 1233, 899, 306, 240, 0, 1294, 893, 442, 4095, 464
1201, 1231, 894, 289, 240, 0, 1289, 861, 434, 4095, 462
1203, 1231, 893, 317, 240, 0, 1291, 863, 435, 4095, 430
1200, 1229, 886, 317, 241, 0, 1289, 863, 443, 4095, 463
1200, 1232, 896, 319, 246, 0, 1285, 861, 437, 4095, 464
1200, 1233, 878, 311, 245, 0, 1287, 857, 441, 4095, 464
1200, 1232, 894, 318, 249, 0, 1286, 862, 443, 4095, 462
1201, 1232, 892, 313, 249, 0, 1287, 864, 442, 4095, 462
1200, 1234, 896, 319, 249, 0, 1292, 863, 416, 4095, 432
1201, 1237, 889, 318, 251, 0, 1295, 867, 446, 4095, 464
1205, 1238, 894, 320, 253, 0, 1298, 867, 436, 4095, 465
1207, 1245, 903, 326, 256, 0, 1300, 868, 443, 4095, 464
1205, 1247, 895, 330, 257, 0, 1303, 865, 447, 4095, 466
1210, 1249, 904, 320, 264, 10, 1307, 866, 445, 4095, 471
1215, 1251, 909, 331, 266, 0, 1311, 871, 438, 4095, 469
1217, 1249, 906, 327, 269, 0, 1310, 874, 448, 4095, 467
1219, 1251, 902, 333, 263, 0, 1316, 877, 446, 4095, 474
1220, 1255, 907, 336, 263, 0, 1326, 869, 449, 4095, 475
1226, 1255, 912, 335, 270, 0, 1327, 880, 449, 4095, 473
1226, 1255, 912, 336, 242, 0, 1328, 874, 442, 4095, 471
1232, 1259, 921, 341, 272, 0, 1330, 890, 449, 4095, 477
1234, 1254, 914, 341, 270, 0, 1337, 883, 448, 4095, 477
1239, 1256, 925, 337, 268, 0, 1338, 883, 447, 4095, 479
1242, 1253, 935, 336, 266, 0, 1335, 887, 442, 4095, 479
1249, 1249, 931, 339, 262, 0, 1339, 887, 452, 4095, 478
1253, 1307, 940, 339, 261, 0, 1345, 885, 449, 4095, 471
1253, 1238, 942, 340, 259, 0, 1338, 885, 453, 4095, 475
1263, 1237, 943, 340, 257, 0, 1337, 887, 448, 4095, 471
1263, 1233, 964, 346, 260, 0, 1337, 889, 455, 4095, 477
1267, 1231, 950, 344, 254, 0, 1337, 888, 451, 4095, 480
1274, 1221, 949, 352, 249, 0, 1328, 894, 454, 4095, 476
1273, 1231, 949, 342, 251, 0, 1340, 894, 451, 4095, 469
1282, 1218, 954, 342, 250, 0, 1328, 898, 451, 4095, 472
1280, 1207, 963, 337, 245, 0, 1321, 896, 454, 4095, 468
1290, 1202, 962, 339, 243, 0, 1317, 896, 450, 4095, 468
1289, 1199, 962, 338, 240, 0, 1311, 906, 449, 4095, 464
1293, 1191, 963, 334, 239, 11, 1302, 894, 452, 4095, 464
1297, 1187, 969, 337, 237, 0, 1297, 894, 455, 4095, 463
1329, 1181, 971, 337, 233, 0, 1290, 890, 453, 4095, 464
1299, 1169, 965, 336, 225, 0, 1279, 883, 448, 4095, 455
1300, 1167, 958, 322, 224, 0, 1268, 886, 446, 4095, 458
1307, 1158, 960, 323, 224, 0, 1261, 880, 446, 4095, 459
1302, 1152, 950, 326, 219, 0, 1253, 880, 448, 4095, 452
1308, 1145, 947, 319, 219, 0, 1245, 877, 450, 4095, 443
1303, 1141, 944, 320, 217, 0, 1235, 875, 443, 4095, 445
1306, 1137, 944, 322, 212, 0, 1230, 871, 448, 4095, 437
1307, 1125, 928, 315, 210, 0, 1219, 869, 448, 4095, 442
1311, 1121, 928, 309, 207, 0, 1213, 865, 448, 4095, 435
1303, 1133, 922, 313, 208, 0, 1205, 863, 438, 4095, 434
1310, 1104, 930, 307, 206, 0, 1197, 859, 449, 4095, 432
1307, 1102, 917, 309, 201, 0, 1194, 858, 447, 4095, 432
1303, 1093, 923, 307, 204, 0, 1183, 857, 435, 4095, 432
1308, 1088, 912, 306, 194, 0, 1178, 885, 441, 4095, 427
1306, 1083, 912, 293, 194, 0, 1172, 853, 438, 4095, 432
1307, 1045, 914, 301, 192, 0, 1168, 859, 413, 4095, 418
1305, 1075, 919, 297, 193, 0, 1164, 860, 436, 4095, 427
1306, 1073, 925, 289, 192, 0, 1168, 857, 437, 4095, 426
1312, 1072, 929, 293, 189, 0, 1166, 855, 432, 4095, 430
1311, 1075, 917, 289, 195, 0, 1164, 851, 432, 4095, 433
1311, 1082, 928, 287, 197, 0, 1171, 860, 432, 4095, 436
1313, 1089, 935, 291, 206, 0, 1173, 862, 432, 4095, 441
1297, 1104, 934, 290, 208, 0, 1186, 863, 427, 4095, 444
1314, 1109, 934, 288, 213, 0, 1191, 863, 427, 4095, 446
1310, 1123, 938, 291, 217, 0, 1200, 873, 432, 4095, 453
1307, 1137, 941, 287, 225, 0, 1207, 871, 424, 4095, 454
1299, 1153, 939, 295, 227, 0, 1221, 867, 429, 4095, 462
1295, 1157, 939, 298, 224, 0, 1221, 865, 427, 4095, 459
1285, 1170, 940, 290, 221, 0, 1226, 866, 432, 4095, 461
1280, 1182, 939, 293, 219, 0, 1232, 865, 426, 4095, 463
1277, 1194, 939, 300, 221, 0, 1237, 869, 425, 4095, 468
1266, 1196, 928, 304, 213, 0, 1238, 861, 430, 4095, 466
1262, 1203, 933, 290, 217, 0, 1219, 863, 428, 4095, 465
1253, 1217, 925, 292, 227, 0, 1248, 853, 427, 4095, 468
1242, 1225, 919, 299, 222, 0, 1249, 859, 422, 4095, 464
1237, 1224, 922, 295, 223, 0, 1251, 853, 426, 4095, 466
1229, 1226, 912, 292, 224, 0, 1255, 831, 428, 4095, 468
1225, 1232, 912, 304, 220, 0, 1254, 853, 420, 4095, 467
1212, 1235, 907, 294, 225, 0, 1255, 850, 426, 4095, 439
1206, 1237, 909, 288, 224, 0, 1254, 846, 426, 4095, 461
1200, 1235, 893, 295, 225, 0, 1255, 845, 416, 4095, 457
1195, 1237, 893, 293, 225, 0, 1253, 839, 426, 4095, 459
1185, 1239, 896, 295, 221, 0, 1249, 839, 418, 4095, 455
1184, 1237, 885, 293, 221, 0, 1248, 841, 426, 4095, 457
1174, 1235, 887, 289, 221, 0, 1247, 835, 426, 4095, 455
1166, 1242, 891, 298, 224, 0, 1243, 837, 422, 4095, 455
1169, 1238, 888, 296, 225, 0, 1242, 842, 421, 4095, 458
1167, 1239, 881, 294, 226, 0, 1237, 834, 421, 4095, 457
1162, 1238, 883, 290, 222, 0, 1237, 833, 417, 4095, 462
1161, 1236, 882, 298, 235, 0, 1232, 830, 423, 4095, 456
1165, 1232, 885, 289, 223, 0, 1232, 829, 417, 4095, 453
1165, 1232, 882, 295, 225, 0, 1231, 831, 416, 4095, 455
1165, 1232, 883, 287, 225, 0, 1230, 832, 419, 4095, 461
1163, 1229, 882, 290, 224, 0, 1231, 832, 419, 4095, 456
1163, 1231, 883, 289, 215, 0, 1229, 829, 423, 4095, 464
1168, 1207, 880, 293, 214, 0, 1231, 832, 423, 4095, 457
1170, 1231, 885, 288, 219, 0, 1231, 830, 418, 4095, 462
1179, 1229, 884, 289, 214, 0, 1230, 832, 417, 4095, 462
1180, 1228, 884, 287, 217, 0, 1227, 831, 422, 4095, 462
1187, 1231, 890, 285, 215, 0, 1225, 833, 417, 4095, 461
1198, 1226, 896, 310, 211, 0, 1218, 833, 423, 4095, 458
1200, 1219, 903, 285, 209, 0, 1216, 832, 432, 4095, 498
1205, 1229, 902, 286, 209, 0, 1217, 829, 415, 4095, 467
1206, 1226, 907, 285, 208, 0, 1211, 831, 419, 4095, 468
1214, 1227, 903, 282, 210, 0, 1209, 825, 413, 4095, 467
1219, 1229, 913, 282, 211, 0, 1204, 828, 418, 4095, 464
1219, 1231, 915, 278, 215, 0, 1205, 831, 417, 4095, 465
1223, 1229, 916, 278, 208, 0, 1205, 826, 416, 4095, 466
1217, 1229, 918, 276, 213, 0, 1207, 827, 417, 4095, 470
1233, 1230, 922, 276, 209, 0, 1201, 831, 413, 4095, 470
1236, 1227, 929, 274, 209, 0, 1202, 832, 407, 4095, 469
1237, 1227, 929, 272, 210, 0, 1203, 829, 414, 4095, 470
1244, 1221, 929, 278, 203, 0, 1202, 834, 415, 4095, 469
1250, 1227, 939, 273, 213, 0, 1202, 832, 411, 4095, 473
1253, 1229, 934, 272, 215, 0, 1203, 837, 415, 4095, 475
1255, 1232, 938, 275, 211, 0, 1200, 834, 411, 4095, 467
1263, 1229, 945, 273, 213, 0, 1200, 834, 410, 4095, 477
1264, 1232, 944, 273, 213, 0, 1200, 842, 407, 4095, 474
1264, 1264, 947, 272, 214, 0, 1200, 839, 414, 4095, 470
1270, 1227, 947, 274, 209, 0, 1200, 835, 406, 4095, 473
1278, 1223, 951, 272, 211, 0, 1197, 841, 409, 4095, 471
1279, 1226, 976, 272, 211, 0, 1195, 837, 406, 4095, 481
1279, 1221, 956, 274, 210, 0, 1191, 810, 403, 4095, 479
1279, 1216, 959, 251, 208, 0, 1188, 832, 403, 4095, 469
1280, 1211, 956, 272, 208, 0, 1184, 826, 403, 4095, 474
1279, 1207, 954, 272, 208, 0, 1179, 829, 413, 4095, 467
1281, 1202, 950, 271, 205, 0, 1173, 826, 407, 4095, 470
1283, 1198, 957, 271, 203, 0, 1168, 828, 412, 4095, 470
1283, 1184, 950, 272, 201, 0, 1167, 831, 406, 4095, 464
1286, 1183, 957, 301, 179, 0, 1161, 825, 412, 4095, 462
1285, 1172, 944, 272, 195, 0, 1159, 831, 431, 4095, 464
1283, 1165, 951, 272, 196, 0, 1153, 831, 411, 4095, 465
1290, 1162, 956, 272, 192, 0, 1155, 837, 411, 4095, 464
1290, 1155, 958, 272, 192, 0, 1157, 833, 414, 4095, 466
1294, 1155, 955, 267, 192, 0, 1161, 835, 406, 4095, 460
1297, 1152, 951, 271, 181, 0, 1166, 834, 412, 4095, 463
1296, 1151, 949, 262, 196, 0, 1170, 839, 404, 4095, 464
1280, 1156, 947, 262, 195, 0, 1177, 842, 413, 4095, 464
1296, 1159, 948, 263, 190, 0, 1189, 848, 413, 4095, 465
1296, 1168, 944, 265, 191, 0, 1194, 846, 411, 4095, 464
1286, 1173, 944, 265, 186, 0, 1202, 847, 405, 4095, 464
1287, 1182, 939, 263, 182, 0, 1211, 848, 416, 4095, 463
1275, 1187, 929, 272, 177, 0, 1221, 843, 414, 4095, 464
1267, 1199, 934, 265, 176, 0, 1229, 848, 415, 4095, 473
1263, 1202, 927, 269, 169, 0, 1232, 837, 416, 4095, 469
1250, 1206, 926, 269, 165, 0, 1235, 835, 409, 4095, 465
1243, 1211, 922, 270, 166, 0, 1237, 834, 411, 4095, 462
1233, 1217, 913, 269, 165, 0, 1241, 832, 416, 4095, 463
1226, 1210, 912, 267, 159, 0, 1267, 825, 418, 4095, 463
1219, 1215, 910, 266, 162, 0, 1241, 833, 414, 4095, 466
1215, 1215, 906, 266, 162, 0, 1241, 826, 417, 4095, 459
1211, 1214, 901, 262, 160, 0, 1235, 825, 417, 4095, 459
1204, 1214, 893, 241, 161, 0, 1234, 827, 414, 4095, 457
1199, 1211, 894, 266, 157, 0, 1234, 821, 432, 4095, 435
1189, 1201, 891, 263, 151, 0, 1232, 816, 411, 4095, 454
1187, 1200, 885, 263, 151, 0, 1230, 818, 418, 4095, 451
1181, 1200, 886, 262, 154, 0, 1231, 816, 410, 4095, 457
1171, 1201, 880, 267, 149, 0, 1227, 816, 413, 4095, 450
1168, 1200, 880, 240, 172, 0, 1227, 817, 416, 4095, 449
1162, 1202, 880, 268, 149, 0, 1224, 813, 416, 4095, 450
1156, 1200, 875, 259, 147, 0, 1223, 810, 417, 4095, 447
1145, 1197, 875, 267, 146, 0, 1219, 809, 418, 4095, 447
1142, 1200, 865, 261, 144, 0, 1219, 804, 415, 4095, 448
1136, 1197, 866, 266, 144, 0, 1215, 804, 418, 4095, 446
1133, 1195, 864, 267, 143, 0, 1231, 798, 417, 4095, 447
1127, 1190, 850, 260, 144, 0, 1211, 795, 416, 4095, 445
1124, 1185, 848, 258, 144, 0, 1211, 791, 414, 4095, 443
1120, 1181, 849, 263, 145, 0, 1207, 796, 411, 4095, 445
1116, 1187, 848, 261, 146, 0, 1202, 798, 415, 4095, 437
1108, 1181, 845, 264, 151, 0, 1200, 794, 416, 4095, 446
1108, 1152, 837, 258, 161, 0, 1201, 791, 409, 4095, 439
1104, 1179, 838, 262, 159, 0, 1198, 786, 409, 4095, 432
1101, 1178, 843, 263, 162, 0, 1189, 791, 410, 4095, 435
1099, 1175, 886, 269, 165, 0, 1190, 784, 410, 4095, 441
1095, 1173, 827, 269, 167, 0, 1186, 784, 414, 4095, 433
1091, 1177, 827, 255, 169, 0, 1186, 785, 410, 4095, 434
1087, 1171, 822, 260, 170, 0, 1180, 784, 412, 4095, 433
1087, 1171, 825, 266, 174, 0, 1184, 781, 405, 4095, 435
1085, 1168, 821, 272, 177, 0, 1184, 783, 414, 4095, 431
1079, 1169, 871, 270, 181, 0, 1177, 779, 410, 4095, 432
1072, 1169, 816, 272, 183, 0, 1181, 778, 412, 4095, 432
1071, 1169, 811, 267, 178, 0, 1179, 772, 412, 4095, 432
1069, 1169, 815, 269, 189, 0, 1179, 773, 413, 4095, 447
1063, 1174, 809, 272, 192, 0, 1178, 765, 413, 4095, 435
1064, 1175, 803, 275, 194, 0, 1175, 769, 414, 4095, 428
1059, 1174, 807, 269, 192, 0, 1182, 766, 407, 4095, 431
1051, 1173, 805, 272, 192, 0, 1174, 766, 421, 4095, 426
1053, 1170, 797, 272, 194, 0, 1181, 766, 416, 4095, 432
1051, 1173, 804, 266, 201, 0, 1179, 765, 415, 4095, 444
1061, 1179, 805, 272, 203, 0, 1181, 766, 419, 4095, 432
1055, 1178, 797, 272, 206, 0, 1183, 765, 412, 4095, 432
1055, 1182, 790, 273, 208, 0, 1188, 765, 414, 4095, 429
1057, 1184, 791, 272, 208, 0, 1189, 766, 421, 4095, 430
1057, 1182, 792, 272, 229, 0, 1195, 770, 417, 4095, 423
1063, 1184, 791, 274, 211, 0, 1200, 767, 423, 4095, 432
1054, 1189, 794, 277, 214, 0, 1200, 772, 427, 4095, 432
1072, 1194, 795, 275, 220, 0, 1209, 774, 419, 4095, 432
1076, 1191, 799, 274, 219, 0, 1206, 779, 416, 4095, 432
1079, 1190, 798, 281, 223, 0, 1214, 781, 426, 4095, 435
1085, 1199, 800, 281, 222, 0, 1221, 784, 421, 4095, 432
1089, 1199, 801, 284, 225, 0, 1227, 787, 426, 4095, 439
1101, 1197, 804, 281, 226, 0, 1232, 787, 429, 4095, 432
1104, 1195, 809, 288, 226, 0, 1237, 793, 429, 4095, 434
1109, 1201, 813, 293, 224, 0, 1236, 797, 424, 4095, 434
1120, 1202, 821, 282, 225, 0, 1247, 801, 432, 4095, 447
1131, 1202, 823, 295, 227, 0, 1254, 799, 419, 4095, 448
1136, 1205, 834, 291, 222, 0, 1255, 806, 432, 4095, 448
1142, 1207, 838, 291, 222, 0, 1255, 805, 429, 4095, 448
1152, 1204, 842, 284, 224, 0, 1255, 809, 429, 4095, 449
1163, 1206, 849, 287, 228, 0, 1261, 807, 429, 4095, 459
1170, 1203, 862, 263, 228, 0, 1257, 810, 431, 4095, 461
1180, 1214, 863, 290, 225, 0, 1255, 815, 426, 4095, 496
1186, 1215, 866, 281, 228, 0, 1253, 814, 432, 4095, 459
1198, 1209, 875, 287, 224, 0, 1249, 816, 432, 4095, 459
1200, 1210, 880, 288, 223, 0, 1246, 814, 432, 4095, 459
1205, 1205, 881, 283, 218, 0, 1243, 816, 428, 4095, 455
1213, 1209, 881, 283, 224, 0, 1239, 816, 427, 4095, 457
1216, 1207, 886, 281, 213, 0, 1237, 817, 449, 4095, 477
1214, 1204, 896, 278, 213, 0, 1234, 816, 429, 4095, 456
1231, 1201, 895, 280, 213, 0, 1231, 817, 430, 4095, 460
1232, 1200, 899, 282, 213, 0, 1230, 816, 430, 4095, 464
1237, 1195, 899, 284, 209, 0, 1219, 816, 426, 4095, 464
1241, 1189, 899, 281, 208, 0, 1216, 817, 431, 4095, 461
1246, 1183, 912, 277, 203, 0, 1213, 818, 419, 4095, 455
1248, 1178, 912, 279, 202, 0, 1207, 817, 425, 4095, 461
1253, 1171, 909, 285, 198, 0, 1200, 815, 427, 4095, 452
1254, 1168, 910, 281, 193, 0, 1193, 815, 432, 4095, 450
1262, 1164, 911, 278, 199, 0, 1187, 816, 428, 4095, 445
1264, 1151, 912, 281, 194, 0, 1184, 819, 429, 4095, 449
1264, 1147, 903, 275, 193, 0, 1181, 815, 428, 4095, 443
1265, 1140, 902, 281, 189, 0, 1170, 819, 425, 4095, 450
1264, 1135, 886, 282, 189, 0, 1168, 816, 429, 4095, 441
1267, 1127, 906, 282, 189, 0, 1167, 821, 431, 4095, 444
1268, 1120, 907, 286, 181, 0, 1162, 816, 432, 4095, 443
1271, 1124, 902, 283, 178, 0, 1165, 816, 421, 4095, 439
1270, 1108, 910, 279, 185, 0, 1157, 820, 432, 4095, 438
1277, 1100, 903, 283, 178, 0, 1158, 821, 427, 4095, 434
1280, 1093, 910, 288, 179, 0, 1156, 821, 431, 4095, 432
1278, 1088, 912, 282, 177, 0, 1153, 841, 432, 4095, 433
1278, 1086, 912, 246, 180, 0, 1149, 823, 427, 4095, 433
1281, 1077, 911, 283, 176, 0, 1149, 825, 426, 4095, 451
1280, 1071, 911, 282, 177, 0, 1146, 823, 430, 4095, 430
1281, 1069, 911, 289, 176, 0, 1142, 821, 432, 4095, 432
1283, 1061, 899, 287, 175, 0, 1136, 819, 431, 4095, 429
1285, 1053, 905, 279, 169, 0, 1132, 821, 432, 4095, 423
1285, 1053, 898, 272, 171, 0, 1127, 816, 432, 4095, 422
1281, 1049, 898, 267, 163, 0, 1131, 817, 450, 4095, 426
1268, 1053, 902, 268, 159, 0, 1131, 819, 430, 4095, 425
1281, 1058, 909, 263, 158, 0, 1136, 819, 432, 4095, 433
1277, 1069, 912, 262, 151, 0, 1146, 823, 429, 4095, 432
1271, 1077, 912, 269, 157, 0, 1152, 822, 432, 4095, 433
1263, 1089, 907, 270, 154, 0, 1161, 821, 427, 4095, 439
1260, 1093, 907, 272, 159, 0, 1165, 821, 433, 4095, 437
1250, 1099, 900, 270, 159, 0, 1169, 816, 430, 4095, 446
1237, 1104, 905, 272, 159, 0, 1171, 816, 426, 4095, 438
1232, 1113, 896, 272, 156, 0, 1171, 815, 432, 4095, 446
1226, 1111, 899, 269, 158, 0, 1173, 812, 430, 4095, 447
1219, 1115, 884, 270, 155, 0, 1173, 806, 426, 4095, 441
1211, 1118, 886, 269, 158, 0, 1168, 803, 429, 4095, 438
1199, 1119, 883, 272, 160, 0, 1170, 804, 432, 4095, 439
1200, 1118, 859, 265, 163, 0, 1169, 801, 432, 4095, 437
1194, 1108, 875, 271, 163, 0, 1168, 790, 432, 4095, 437
1191, 1115, 880, 272, 166, 0, 1165, 799, 432, 4095, 437
1186, 1135, 879, 272, 165, 0, 1167, 791, 432, 4095, 438
1176, 1116, 877, 269, 165, 0, 1165, 789, 430, 4095, 441
1177, 1110, 862, 265, 166, 0, 1165, 789, 431, 4095, 436
1169, 1106, 832, 268, 169, 0, 1158, 791, 425, 4095, 441
1168, 1107, 863, 270, 173, 0, 1159, 787, 425, 4095, 439
1168, 1114, 860, 259, 171, 0, 1162, 790, 422, 4095, 437
1165, 1099, 861, 263, 165, 0, 1159, 786, 437, 4095, 438
1167, 1105, 857, 267, 169, 0, 1157, 788, 428, 4095, 432
1168, 1104, 858, 266, 167, 0, 1152, 786, 427, 4095, 439
1166, 1104, 859, 264, 167, 0, 1151, 784, 426, 4095, 435
1168, 1102, 857, 258, 166, 0, 1149, 784, 423, 4095, 437
1168, 1101, 863, 262, 166, 0, 1139, 788, 416, 4095, 439
1170, 1099, 866, 258, 165, 0, 1137, 784, 427, 4095, 415
1170, 1095, 861, 258, 162, 0, 1133, 782, 422, 4095, 435
1170, 1091, 859, 261, 160, 0, 1125, 774, 420, 4095, 434
1171, 1088, 859, 255, 158, 0, 1121, 773, 417, 4095, 433
1168, 1085, 863, 259, 156, 0, 1110, 769, 415, 4095, 438
1168, 1080, 851, 258, 154, 0, 1139, 771, 415, 4095, 429
1171, 1075, 848, 259, 156, 0, 1104, 770, 421, 4095, 432
1168, 1070, 848, 257, 158, 0, 1098, 768, 411, 4095, 432
1168, 1063, 848, 255, 153, 0, 1091, 771, 419, 4095, 430
1171, 1056, 848, 251, 155, 0, 1086, 765, 413, 4095, 426
1170, 1045, 845, 254, 149, 0, 1079, 765, 413, 4095, 415
1170, 1043, 839, 252, 149, 0, 1072, 762, 413, 4095, 416
1177, 1040, 842, 241, 145, 0, 1071, 762, 410, 4095, 414
1179, 1039, 843, 245, 146, 0, 1067, 762, 407, 4095, 424
1181, 1033, 827, 243, 143, 0, 1068, 764, 415, 4095, 422
1181, 1037, 850, 245, 144, 0, 1069, 752, 412, 4095, 422
1173, 1041, 853, 278, 143, 0, 1072, 770, 412, 4095, 420
1170, 1059, 848, 250, 146, 0, 1086, 770, 410, 4095, 459
1167, 1061, 851, 256, 146, 0, 1090, 766, 413, 4095, 426
1168, 1072, 849, 253, 151, 0, 1099, 766, 409, 4095, 431
1159, 1075, 844, 255, 148, 0, 1103, 767, 407, 4095, 428
1153, 1087, 849, 252, 144, 0, 1105, 769, 411, 4095, 432
1148, 1091, 843, 246, 146, 0, 1110, 766, 411, 4095, 426
1142, 1090, 849, 251, 147, 0, 1110, 762, 385, 4095, 397
1120, 1096, 842, 260, 144, 0, 1109, 758, 408, 4095, 432
1131, 1099, 839, 256, 146, 0, 1114, 758, 411, 4095, 430
1125, 1101, 832, 255, 144, 0, 1116, 759, 416, 4095, 430
1121, 1103, 835, 257, 144, 0, 1114, 754, 412, 4095, 425
1117, 1103, 834, 258, 159, 0, 1119, 753, 413, 4095, 427
1113, 1104, 833, 259, 144, 0, 1115, 754, 411, 4095, 425
1104, 1103, 827, 258, 145, 0, 1117, 752, 411, 4095, 429
1103, 1104, 826, 259, 144, 0, 1111, 752, 409, 4095, 431
1100, 1102, 827, 253, 151, 0, 1109, 753, 411, 4095, 426
1099, 1105, 830, 257, 150, 0, 1109, 752, 403, 4095, 429
1093, 1104, 818, 246, 151, 0, 1099, 751, 409, 4095, 429
1089, 1104, 824, 247, 161, 0, 1107, 752, 413, 4095, 431
1089, 1101, 818, 247, 159, 0, 1107, 748, 405, 4095, 417
1088, 1105, 811, 256, 166, 0, 1113, 752, 412, 4095, 428
1085, 1107, 816, 254, 167, 0, 1112, 750, 413, 4095, 419
1081, 1111, 815, 257, 169, 0, 1111, 747, 418, 4095, 419
1077, 1107, 805, 256, 176, 0, 1093, 745, 409, 4095, 419
1073, 1106, 802, 263, 178, 0, 1105, 741, 418, 4095, 413
1072, 1109, 799, 259, 180, 0, 1105, 739, 415, 4095, 419
1063, 1105, 782, 269, 181, 0, 1104, 730, 415, 4095, 412
1056, 1107, 789, 272, 176, 0, 1099, 773, 412, 4095, 413
1046, 1109, 787, 269, 179, 0, 1099, 729, 412, 4095, 415
1047, 1133, 784, 279, 179, 0, 1090, 725, 406, 4095, 401
1039, 1104, 777, 281, 176, 0, 1090, 720, 417, 4095, 416
1040, 1104, 773, 281, 179, 0, 1088, 723, 416, 4095, 414
1035, 1103, 769, 281, 179, 0, 1082, 720, 411, 4095, 409
1035, 1101, 766, 286, 180, 0, 1082, 721, 418, 4095, 410
1035, 1097, 759, 291, 181, 0, 1077, 721, 425, 4095, 403
1033, 1098, 753, 287, 183, 0, 1077, 720, 403, 4095, 461
1036, 1089, 752, 294, 179, 0, 1075, 720, 423, 4095, 396
1040, 1085, 753, 289, 185, 0, 1073, 719, 425, 4095, 402
1040, 1086, 752, 282, 182, 0, 1076, 716, 425, 4095, 397
1040, 1079, 745, 283, 182, 0, 1082, 725, 426, 4095, 400
1043, 1081, 745, 277, 162, 0, 1076, 722, 426, 4095, 397
1051, 1078, 748, 280, 187, 0, 1088, 721, 425, 4095, 398
1054, 1084, 746, 283, 190, 0, 1088, 721, 430, 4095, 400
1054, 1087, 733, 273, 192, 0, 1095, 720, 426, 4095, 400
1054, 1088, 738, 278, 190, 0, 1103, 722, 423, 4095, 406
1055, 1088, 747, 272, 183, 0, 1104, 722, 427, 4095, 401
1054, 1090, 731, 277, 185, 0, 1109, 725, 422, 4095, 402
1049, 1102, 739, 278, 185, 0, 1113, 720, 425, 4095, 401
1046, 1104, 730, 277, 189, 0, 1117, 720, 429, 4095, 402
1050, 1109, 727, 281, 191, 0, 1126, 723, 427, 4095, 402
1045, 1105, 731, 282, 191, 0, 1126, 720, 425, 4095, 405
1042, 1105, 730, 272, 191, 0, 1132, 720, 423, 4095, 401
1042, 1088, 733, 272, 191, 0, 1136, 725, 422, 4095, 406
1043, 1113, 726, 273, 191, 0, 1139, 723, 423, 4095, 405
1045, 1125, 727, 279, 190, 0, 1145, 730, 425, 4095, 406
1048, 1125, 734, 278, 193, 0, 1149, 724, 418, 4095, 412
1050, 1135, 733, 277, 199, 0, 1151, 726, 419, 4095, 410
1054, 1136, 731, 287, 198, 0, 1145, 733, 422, 4095, 411
1057, 1137, 735, 274, 197, 0, 1155, 731, 417, 4095, 421
1062, 1138, 733, 277, 197, 0, 1154, 735, 425, 4095, 420
1071, 1147, 751, 277, 187, 0, 1154, 737, 426, 4095, 419
1075, 1149, 746, 272, 181, 0, 1158, 737, 422, 4095, 419
1082, 1152, 752, 267, 178, 0, 1158, 724, 423, 4095, 424
1091, 1150, 752, 269, 177, 0, 1155, 742, 418, 4095, 422
1098, 1157, 761, 265, 177, 0, 1162, 752, 382, 4095, 429
1106, 1165, 758, 270, 181, 0, 1163, 750, 411, 4095, 431
1116, 1169, 767, 270, 183, 0, 1168, 752, 418, 4095, 432
1121, 1167, 777, 271, 186, 0, 1168, 751, 416, 4095, 438
1123, 1175, 784, 270, 189, 0, 1170, 752, 418, 4095, 437
1125, 1176, 778, 240, 189, 0, 1167, 751, 418, 4095, 443
1132, 1178, 785, 272, 189, 0, 1168, 749, 429, 4095, 435
1131, 1173, 784, 272, 190, 0, 1168, 739, 416, 4095, 441
1130, 1168, 790, 272, 190, 0, 1167, 739, 415, 4095, 439
1126, 1161, 789, 272, 188, 0, 1167, 737, 412, 4095, 441
1125, 1158, 787, 273, 189, 0, 1159, 741, 416, 4095, 441
1126, 1155, 794, 281, 186, 0, 1158, 741, 416, 4095, 439
1121, 1145, 793, 269, 181, 0, 1149, 742, 420, 4095, 440
1119, 1142, 794, 269, 177, 0, 1145, 743, 417, 4095, 434
1125, 1136, 796, 269, 176, 0, 1139, 739, 419, 4095, 441
1126, 1125, 800, 265, 176, 0, 1136, 738, 413, 4095, 432
1131, 1125, 802, 272, 176, 0, 1134, 739, 418, 4095, 432
1133, 1114, 798, 271, 183, 0, 1110, 737, 414, 4095, 428
1136, 1111, 801, 273, 173, 0, 1124, 737, 414, 4095, 427
1136, 1098, 802, 272, 174, 0, 1120, 735, 418, 4095, 426
1141, 1092, 794, 275, 169, 0, 1115, 741, 413, 4095, 420
1147, 1083, 801, 268, 170, 0, 1118, 743, 417, 4095, 426
1152, 1077, 807, 244, 167, 0, 1114, 747, 413, 4095, 422
1155, 1138, 811, 274, 169, 0, 1120, 744, 419, 4095, 413
1163, 1072, 809, 275, 170, 0, 1119, 751, 422, 4095, 423
1167, 1065, 817, 276, 171, 0, 1120, 752, 422, 4095, 431
1169, 1063, 828, 276, 165, 0, 1127, 757, 418, 4095, 432
1171, 1057, 821, 272, 174, 0, 1130, 730, 425, 4095, 432
1178, 1053, 832, 330, 174, 0, 1136, 761, 420, 4095, 436
1182, 1049, 834, 270, 173, 0, 1139, 763, 399, 4095, 433
1186, 1049, 839, 272, 178, 0, 1147, 766, 418, 4095, 438
1191, 1054, 843, 277, 180, 0, 1149, 773, 423, 4095, 434
1196, 1053, 827, 272, 183, 0, 1162, 770, 426, 4095, 437
1198, 1052, 853, 272, 181, 0, 1168, 769, 428, 4095, 436
1200, 1057, 855, 274, 169, 0, 1175, 784, 427, 4095, 445
1200, 1059, 861, 278, 191, 0, 1181, 784, 406, 4095, 447
1185, 1063, 862, 277, 195, 0, 1191, 784, 421, 4095, 446
1207, 1072, 867, 274, 197, 0, 1200, 786, 423, 4095, 450
1209, 1073, 874, 274, 205, 0, 1201, 790, 428, 4095, 449
1210, 1083, 869, 282, 204, 0, 1215, 799, 429, 4095, 454
1213, 1090, 880, 283, 208, 0, 1220, 797, 427, 4095, 450
1217, 1099, 880, 285, 209, 0, 1231, 794, 425, 4095, 459
1200, 1104, 887, 285, 210, 0, 1235, 797, 432, 4095, 459
1216, 1110, 886, 283, 211, 0, 1235, 800, 430, 4095, 458
1222, 1115, 889, 288, 220, 0, 1246, 805, 432, 4095, 466
1219, 1120, 893, 294, 222, 0, 1253, 801, 432, 4095, 469
1226, 1130, 901, 297, 223, 0, 1263, 806, 428, 4095, 466
1226, 1136, 900, 302, 227, 0, 1264, 806, 433, 4095, 464
1227, 1135, 906, 308, 230, 0, 1267, 815, 432, 4095, 468
1230, 1137, 926, 308, 231, 0, 1274, 813, 433, 4095, 467
1231, 1143, 907, 317, 235, 0, 1276, 809, 432, 4095, 466
1231, 1147, 897, 318, 238, 0, 1280, 811, 440, 4095, 464
1230, 1148, 897, 309, 239, 0, 1278, 811, 438, 4095, 432
1232, 1150, 892, 314, 227, 0, 1282, 812, 440, 4095, 462
1231, 1149, 891, 314, 222, 0, 1281, 808, 443, 4095, 465
1229, 1147, 880, 304, 224, 0, 1281, 807, 443, 4095, 462
1225, 1149, 886, 304, 223, 0, 1279, 847, 443, 4095, 464
1223, 1147, 882, 326, 223, 0, 1273, 800, 444, 4095, 455
1217, 1115, 880, 308, 224, 0, 1267, 802, 416, 4095, 453
1203, 1147, 866, 305, 223, 0, 1264, 800, 445, 4095, 460
1199, 1151, 865, 309, 225, 0, 1261, 790, 439, 4095, 450
1189, 1151, 860, 305, 223, 0, 1259, 794, 445, 4095, 449
1176, 1149, 855, 308, 226, 0, 1257, 794, 436, 4095, 449
1166, 1151, 854, 313, 224, 0, 1249, 784, 441, 4095, 450
1163, 1152, 850, 306, 223, 0, 1247, 784, 446, 4095, 441
1150, 1152, 844, 308, 225, 0, 1244, 781, 442, 4095, 448
1140, 1153, 846, 304, 222, 0, 1243, 781, 438, 4095, 448
1136, 1157, 845, 304, 219, 0, 1235, 773, 438, 4095, 449
1133, 1159, 842, 302, 222, 0, 1233, 775, 443, 4095, 447
1119, 1153, 833, 303, 225, 0, 1232, 775, 433, 4095, 448
1114, 1163, 836, 295, 219, 0, 1231, 771, 431, 4095, 449
1089, 1159, 825, 300, 219, 0, 1232, 775, 437, 4095, 447
1104, 1159, 826, 293, 222, 0, 1232, 761, 432, 4095, 449
1099, 1163, 820, 299, 219, 0, 1226, 763, 436, 4095, 449
1097, 1168, 826, 294, 221, 0, 1228, 767, 435, 4095, 445
1089, 1167, 815, 297, 218, 0, 1211, 764, 432, 4095, 445
1088, 1168, 826, 297, 214, 0, 1218, 766, 432, 4095, 446
1088, 1167, 816, 298, 208, 0, 1219, 767, 432, 4095, 447
1088, 1168, 785, 288, 208, 0, 1218, 767, 433, 4095, 449
1087, 1169, 818, 291, 207, 0, 1216, 765, 432, 4095, 447
1088, 1167, 817, 291, 209, 0, 1216, 761, 429, 4095, 448
1091, 1171, 818, 290, 207, 0, 1215, 768, 432, 4095, 446
1093, 1168, 822, 287, 207, 0, 1207, 767, 432, 4095, 448
1095, 1168, 816, 289, 206, 0, 1207, 767, 423, 4095, 450
1102, 1169, 861, 283, 208, 0, 1203, 768, 432, 4095, 446
1107, 1175, 826, 283, 208, 0, 1205, 771, 430, 4095, 448
1107, 1173, 822, 277, 207, 0, 1203, 769, 429, 4095, 453
1118, 1171, 819, 286, 203, 0, 1201, 766, 475, 4095, 411
1126, 1171, 820, 284, 208, 0, 1200, 769, 430, 4095, 455
1125, 1175, 825, 281, 208, 0, 1199, 771, 427, 4095, 455
1135, 1168, 842, 286, 205, 0, 1194, 771, 427, 4095, 453
1139, 1174, 837, 283, 208, 0, 1191, 752, 421, 4095, 453
1146, 1179, 841, 285, 201, 0, 1189, 774, 428, 4095, 460
1147, 1173, 846, 276, 203, 0, 1191, 774, 419, 4095, 448
1153, 1169, 843, 283, 206, 0, 1188, 776, 426, 4095, 453
1156, 1175, 848, 275, 202, 0, 1187, 767, 426, 4095, 459
1168, 1169, 848, 280, 205, 0, 1186, 774, 426, 4095, 461
1169, 1169, 859, 282, 199, 0, 1184, 777, 425, 4095, 459
1175, 1167, 855, 279, 206, 0, 1183, 776, 419, 4095, 454
1179, 1164, 871, 275, 202, 0, 1184, 780, 428, 4095, 455
1185, 1166, 861, 279, 199, 0, 1187, 779, 426, 4095, 453
1186, 1160, 869, 281, 196, 0, 1186, 784, 431, 4095, 459
1190, 1155, 870, 278, 197, 0, 1185, 784, 429, 4095, 461
1198, 1152, 868, 283, 195, 0, 1189, 785, 429, 4095, 464
1200, 1158, 880, 273, 195, 0, 1190, 784, 420, 4095, 460
1205, 1151, 882, 274, 199, 0, 1191, 789, 430, 4095, 465
1210, 1155, 885, 283, 201, 0, 1196, 791, 421, 4095, 464
1213, 1156, 883, 276, 198, 0, 1198, 795, 427, 4095, 461
1216, 1155, 891, 275, 203, 0, 1198, 798, 422, 4095, 467
1219, 1153, 894, 274, 203, 0, 1200, 796, 425, 4095, 466
1223, 1170, 901, 273, 196, 0, 1200, 801, 419, 4095, 464
1229, 1160, 907, 274, 201, 0, 1196, 800, 430, 4095, 469
1232, 1163, 903, 275, 197, 0, 1199, 799, 420, 4095, 467
1234, 1159, 897, 275, 195, 0, 1193, 799, 425, 4095, 465
1233, 1156, 911, 277, 202, 0, 1197, 797, 425, 4095, 464
1238, 1153, 913, 270, 198, 0, 1190, 797, 423, 4095, 467
1246, 1150, 909, 278, 196, 0, 1186, 796, 427, 4095, 465
1239, 1152, 912, 275, 192, 0, 1187, 801, 418, 4095, 466
1243, 1144, 915, 274, 188, 0, 1181, 799, 426, 4095, 469
1243, 1141, 923, 281, 190, 0, 1181, 798, 416, 4095, 470
1248, 1139, 916, 275, 190, 0, 1182, 778, 422, 4095, 465
1249, 1135, 924, 279, 162, 0, 1186, 801, 431, 4095, 468
1250, 1137, 926, 277, 192, 0, 1182, 806, 403, 4095, 481
1250, 1125, 923, 281, 182, 0, 1178, 802, 429, 4095, 464
1253, 1126, 922, 285, 191, 0, 1184, 802, 429, 4095, 466
1254, 1123, 923, 281, 186, 0, 1190, 810, 421, 4095, 466
1254, 1119, 925, 278, 190, 0, 1191, 805, 429, 4095, 464
1254, 1122, 926, 277, 192, 0, 1199, 810, 431, 4095, 464
1258, 1130, 928, 277, 197, 0, 1200, 816, 397, 4095, 475
1275, 1136, 917, 278, 200, 0, 1209, 816, 432, 4095, 466
1251, 1136, 924, 277, 207, 0, 1216, 811, 432, 4095, 465
1246, 1148, 915, 285, 210, 0, 1226, 814, 432, 4095, 464
1243, 1157, 913, 283, 217, 0, 1231, 810, 426, 4095, 464
1233, 1162, 912, 288, 221, 0, 1214, 814, 434, 4095, 477
1227, 1172, 913, 287, 223, 0, 1232, 802, 432, 4095, 468
1206, 1172, 906, 291, 223, 0, 1232, 795, 432, 4095, 464
1210, 1181, 897, 291, 223, 0, 1232, 797, 429, 4095, 464
1200, 1187, 899, 289, 223, 0, 1232, 799, 434, 4095, 467
1195, 1194, 905, 295, 223, 0, 1228, 792, 428, 4095, 466
1185, 1139, 891, 293, 225, 0, 1233, 787, 432, 4095, 464
1175, 1196, 895, 293, 222, 0, 1222, 787, 433, 4095, 458
1171, 1196, 894, 303, 225, 0, 1219, 789, 436, 4095, 463
1165, 1196, 849, 298, 226, 0, 1221, 784, 432, 4095, 458
1155, 1197, 878, 303, 222, 0, 1216, 784, 432, 4095, 460
1153, 1198, 880, 291, 222, 0, 1217, 784, 434, 4095, 455
1147, 1197, 869, 301, 220, 0, 1207, 782, 413, 4095, 459
1138, 1187, 873, 302, 223, 0, 1215, 779, 437, 4095, 464
1133, 1194, 866, 301, 219, 0, 1216, 779, 432, 4095, 459
1135, 1186, 843, 299, 218, 0, 1212, 771, 432, 4095, 455
1126, 1190, 867, 295, 219, 0, 1214, 773, 435, 4095, 457
1120, 1187, 865, 296, 215, 0, 1209, 771, 432, 4095, 458
1120, 1214, 864, 299, 220, 0, 1213, 769, 442, 4095, 443
1117, 1183, 860, 294, 217, 0, 1214, 774, 441, 4095, 458
1117, 1189, 857, 286, 221, 0, 1211, 773, 435, 4095, 450
1115, 1187, 850, 288, 215, 0, 1215, 774, 435, 4095, 460
1115, 1187, 848, 285, 217, 0, 1213, 771, 436, 4095, 458
1115, 1199, 843, 288, 196, 11, 1218, 773, 437, 4095, 455
1119, 1200, 846, 286, 221, 0, 1222, 775, 449, 4095, 455
1123, 1200, 843, 293, 227, 0, 1226, 770, 436, 4095, 455
1119, 1193, 845, 286, 230, 0, 1229, 769, 432, 4095, 464
1120, 1200, 835, 288, 227, 0, 1232, 771, 439, 4095, 459
1119, 1200, 831, 295, 228, 0, 1231, 778, 442, 4095, 464
1117, 1204, 829, 293, 220, 0, 1234, 773, 439, 4095, 466
1117, 1202, 829, 295, 227, 0, 1232, 774, 435, 4095, 464
1122, 1206, 832, 290, 227, 0, 1238, 780, 441, 4095, 464
1120, 1205, 832, 290, 227, 0, 1236, 777, 437, 4095, 464
1151, 1203, 822, 294, 227, 0, 1235, 779, 438, 4095, 464
1126, 1212, 836, 298, 221, 0, 1235, 779, 436, 4095, 466
1130, 1209, 832, 290, 221, 0, 1232, 785, 435, 4095, 470
1134, 1207, 827, 293, 226, 0, 1232, 789, 436, 4095, 469
1136, 1209, 830, 287, 224, 0, 1233, 785, 437, 4095, 467
1138, 1214, 838, 292, 221, 0, 1234, 784, 441, 4095, 470
1