471, 478, 533, 175, 157, 0, 401, 559, 394, 4095, 351
496, 496, 548, 178, 171, 0, 417, 528, 395, 4095, 351
523, 507, 559, 181, 208, 0, 434, 545, 400, 4095, 351
548, 525, 571, 178, 178, 0, 450, 561, 400, 4095, 353
562, 545, 581, 178, 188, 0, 466, 573, 400, 4095, 353
592, 557, 600, 178, 198, 0, 484, 587, 406, 4095, 358
615, 562, 607, 180, 203, 0, 497, 598, 409, 4095, 357
640, 580, 619, 183, 208, 0, 528, 614, 405, 4095, 357
661, 560, 634, 185, 214, 0, 541, 624, 379, 4095, 363
688, 613, 640, 187, 221, 0, 560, 640, 421, 4095, 367
705, 627, 656, 186, 233, 0, 574, 654, 420, 4095, 369
725, 640, 681, 194, 239, 0, 592, 661, 422, 4095, 367
752, 656, 688, 207, 240, 0, 613, 679, 427, 4095, 369
769, 675, 701, 208, 247, 0, 610, 691, 431, 4095, 375
789, 690, 720, 214, 258, 0, 646, 705, 432, 4095, 377
816, 713, 734, 227, 272, 0, 669, 716, 440, 4095, 385
830, 720, 745, 224, 272, 0, 683, 725, 439, 4095, 384
848, 733, 753, 237, 282, 0, 703, 740, 442, 4095, 387
867, 752, 772, 219, 290, 0, 715, 750, 448, 4095, 383
880, 795, 778, 240, 289, 0, 729, 756, 446, 4095, 385
874, 780, 790, 240, 303, 0, 742, 766, 451, 4095, 391
912, 786, 800, 250, 304, 0, 757, 779, 459, 4095, 389
928, 798, 817, 250, 314, 0, 779, 784, 463, 4095, 398
945, 816, 830, 259, 320, 0, 791, 804, 461, 4095, 397
960, 831, 848, 261, 324, 0, 807, 815, 464, 4095, 400
976, 834, 858, 267, 336, 0, 818, 822, 470, 4095, 404
983, 841, 873, 268, 337, 0, 838, 828, 472, 4095, 407
998, 849, 852, 271, 347, 0, 848, 832, 478, 4095, 411
1009, 867, 891, 273, 354, 0, 865, 848, 483, 4095, 414
1023, 875, 901, 275, 353, 0, 879, 854, 482, 4095, 411
1040, 882, 913, 279, 368, 0, 890, 859, 484, 4095, 451
1047, 890, 895, 285, 373, 0, 899, 878, 491, 4095, 413
1056, 894, 933, 294, 377, 0, 912, 879, 496, 4095, 413
1067, 903, 934, 291, 379, 0, 922, 899, 495, 4095, 407
1077, 910, 942, 300, 384, 0, 937, 895, 496, 4095, 411
1088, 870, 951, 294, 391, 0, 938, 906, 497, 4095, 418
1098, 919, 953, 293, 395, 0, 956, 912, 506, 4095, 411
1108, 922, 967, 293, 400, 0, 962, 919, 507, 4095, 416
1111, 926, 970, 290, 403, 0, 975, 929, 503, 4095, 411
1125, 939, 976, 295, 410, 0, 981, 937, 519, 4095, 410
1134, 938, 976, 290, 413, 0, 1006, 944, 507, 4095, 417
1137, 949, 986, 291, 411, 0, 1002, 944, 511, 4095, 416
1143, 955, 998, 297, 417, 0, 1007, 957, 521, 4095, 420
1153, 957, 1001, 301, 418, 0, 1010, 963, 528, 4095, 427
1159, 963, 1006, 308, 428, 0, 1023, 971, 526, 4095, 427
1167, 970, 1022, 317, 430, 0, 1039, 979, 533, 4095, 432
1171, 971, 1023, 320, 432, 0, 1041, 984, 533, 4095, 438
1168, 976, 1023, 326, 431, 0, 1042, 987, 529, 4095, 429
1179, 982, 1037, 331, 431, 0, 1054, 993, 530, 4095, 428
1185, 985, 1046, 336, 437, 0, 1059, 1002, 534, 4095, 429
1192, 996, 1050, 341, 436, 0, 1066, 1003, 533, 4095, 432
1200, 1004, 1059, 343, 444, 0, 1074, 1008, 542, 4095, 435
1203, 1007, 1070, 340, 448, 0, 1083, 1015, 538, 4095, 439
1206, 1009, 1070, 341, 451, 0, 1089, 1027, 544, 4095, 442
1214, 1021, 1072, 343, 455, 0, 1098, 1040, 544, 4095, 432
1215, 1018, 1079, 344, 455, 0, 1104, 1039, 542, 4095, 442
1226, 1033, 1086, 350, 464, 0, 1110, 1046, 551, 4095, 447
1230, 1038, 1103, 348, 465, 0, 1117, 1055, 550, 4095, 446
1231, 1039, 1103, 347, 469, 0, 1123, 1058, 550, 4095, 444
1233, 1040, 1107, 342, 470, 0, 1133, 1069, 551, 4095, 448
1239, 1049, 1105, 349, 473, 0, 1135, 1106, 558, 4095, 457
1241, 1053, 1127, 394, 478, 0, 1145, 1075, 551, 4095, 458
1248, 1057, 1125, 343, 480, 0, 1150, 1081, 542, 4095, 453
1246, 1070, 1135, 351, 484, 0, 1152, 1088, 557, 4095, 461
1251, 1072, 1136, 352, 484, 0, 1159, 1089, 560, 4095, 458
1259, 1081, 1146, 354, 491, 0, 1165, 1103, 563, 4095, 463
1259, 1079, 1147, 357, 493, 0, 1170, 1103, 563, 4095, 463
1264, 1092, 1159, 359, 511, 0, 1182, 1109, 563, 4095, 468
1264, 1101, 1156, 362, 503, 0, 1187, 1114, 562, 4095, 469
1269, 1107, 1168, 359, 500, 0, 1193, 1120, 563, 4095, 471
1269, 1114, 1169, 367, 503, 0, 1196, 1122, 566, 4095, 480
1275, 1122, 1169, 368, 509, 0, 1200, 1132, 571, 4095, 474
1278, 1135, 1185, 372, 523, 0, 1207, 1131, 576, 4095, 481
1275, 1136, 1189, 368, 528, 0, 1213, 1137, 576, 4095, 496
1287, 1146, 1190, 373, 527, 0, 1216, 1142, 573, 4095, 486
1283, 1148, 1195, 368, 530, 0, 1226, 1145, 579, 4095, 485
1286, 1161, 1199, 372, 532, 0, 1232, 1153, 570, 4095, 482
1286, 1165, 1209, 376, 535, 0, 1234, 1159, 575, 4095, 489
1289, 1177, 1214, 378, 535, 0, 1236, 1161, 579, 4095, 495
1288, 1179, 1211, 381, 540, 0, 1245, 1168, 576, 4095, 493
1296, 1186, 1214, 384, 539, 0, 1248, 1168, 576, 4095, 498
1296, 1188, 1237, 382, 547, 0, 1258, 1173, 586, 4095, 496
1296, 1200, 1224, 384, 547, 0, 1255, 1179, 581, 4095, 492
1297, 1200, 1232, 384, 555, 0, 1264, 1181, 583, 4095, 493
1296, 1201, 1232, 397, 557, 0, 1264, 1182, 579, 4095, 496
1301, 1211, 1233, 393, 551, 0, 1271, 1191, 582, 4095, 497
1305, 1216, 1235, 397, 560, 0, 1277, 1189, 583, 4095, 496
1309, 1214, 1249, 397, 559, 0, 1278, 1200, 587, 4095, 496
1307, 1218, 1245, 396, 558, 0, 1282, 1200, 587, 4095, 495
1313, 1227, 1249, 400, 555, 0, 1285, 1205, 589, 4095, 496
1317, 1222, 1254, 402, 559, 0, 1283, 1209, 588, 4095, 493
1313, 1222, 1254, 402, 556, 0, 1287, 1211, 592, 4095, 488
1321, 1223, 1264, 409, 556, 0, 1294, 1216, 592, 4095, 493
1323, 1222, 1264, 409, 559, 0, 1297, 1218, 598, 4095, 487
1326, 1222, 1265, 412, 558, 0, 1299, 1226, 593, 4095, 486
1325, 1214, 1263, 409, 556, 0, 1300, 1229, 592, 4095, 487
1328, 1214, 1264, 410, 555, 0, 1306, 1230, 595, 4095, 487
1326, 1213, 1332, 407, 549, 0, 1303, 1231, 595, 4095, 485
1329, 1216, 1274, 407, 553, 0, 1310, 1234, 595, 4095, 487
1331, 1213, 1277, 407, 555, 0, 1313, 1238, 592, 4095, 494
1332, 1211, 1271, 402, 556, 0, 1317, 1243, 590, 4095, 503
1331, 1210, 1275, 401, 559, 0, 1314, 1249, 594, 4095, 491
1335, 1211, 1290, 407, 553, 0, 1316, 1250, 594, 4095, 495
1339, 1210, 1290, 407, 551, 0, 1321, 1250, 594, 4095, 495
1337, 1207, 1286, 406, 555, 0, 1320, 1253, 595, 4095, 487
1344, 1205, 1290, 407, 553, 0, 1328, 1261, 604, 4095, 489
1347, 1209, 1289, 414, 555, 0, 1328, 1260, 602, 4095, 494
1345, 1207, 1295, 412, 554, 0, 1329, 1261, 606, 4095, 494
1347, 1203, 1306, 414, 551, 0, 1328, 1262, 601, 4095, 496
1349, 1207, 1296, 418, 550, 0, 1334, 1264, 606, 4095, 490
1349, 1210, 1296, 419, 554, 0, 1329, 1264, 601, 4095, 494
1351, 1204, 1301, 415, 547, 0, 1339, 1265, 593, 4095, 490
1343, 1209, 1298, 413, 549, 0, 1335, 1270, 606, 4095, 492
1353, 1203, 1307, 411, 549, 0, 1343, 1280, 604, 4095, 498
1355, 1207, 1302, 425, 551, 0, 1343, 1279, 606, 4095, 498
1356, 1203, 1307, 419, 550, 0, 1344, 1280, 609, 4095, 497
1358, 1181, 1305, 421, 550, 0, 1344, 1282, 603, 4095, 499
1359, 1212, 1312, 426, 556, 0, 1347, 1286, 609, 4095, 496
1360, 1212, 1319, 424, 557, 0, 1350, 1286, 610, 4095, 498
1359, 1210, 1324, 419, 559, 0, 1353, 1292, 610, 4095, 502
1361, 1211, 1314, 430, 559, 0, 1351, 1291, 608, 4095, 497
1360, 1207, 1327, 432, 559, 2, 1355, 1293, 610, 4095, 498
1363, 1212, 1327, 431, 559, 0, 1357, 1296, 610, 4095, 497
1358, 1214, 1325, 431, 558, 0, 1359, 1300, 608, 4095, 499
1363, 1210, 1310, 429, 560, 0, 1361, 1307, 613, 4095, 501
1365, 1214, 1328, 432, 559, 0, 1362, 1302, 611, 4095, 501
1367, 1216, 1328, 429, 560, 0, 1360, 1305, 608, 4095, 501
1370, 1218, 1330, 432, 560, 0, 1360, 1312, 613, 4095, 469
1366, 1212, 1332, 437, 560, 0, 1366, 1310, 614, 4095, 508
1371, 1219, 1335, 434, 560, 0, 1369, 1313, 613, 4095, 506
1373, 1217, 1342, 433, 560, 0, 1373, 1317, 612, 4095, 507
1373, 1221, 1345, 433, 562, 0, 1375, 1314, 611, 4095, 507
1373, 1216, 1344, 439, 560, 0, 1366, 1321, 614, 4095, 511
1374, 1219, 1341, 432, 561, 0, 1377, 1321, 611, 4095, 510
1371, 1227, 1337, 436, 569, 0, 1379, 1325, 615, 4095, 518
1376, 1229, 1362, 433, 561, 0, 1379, 1327, 620, 4095, 520
1374, 1232, 1349, 432, 569, 0, 1382, 1325, 617, 4095, 519
1376, 1230, 1348, 435, 550, 0, 1388, 1329, 616, 4095, 522
1378, 1232, 1359, 438, 569, 0, 1389, 1331, 621, 4095, 517
1379, 1237, 1355, 443, 571, 0, 1389, 1334, 611, 4095, 523
1375, 1242, 1349, 443, 572, 0, 1392, 1334, 619, 4095, 528
1379, 1237, 1357, 439, 576, 0, 1387, 1337, 613, 4095, 528
1379, 1243, 1355, 432, 577, 0, 1392, 1339, 622, 4095, 525
1377, 1233, 1359, 437, 577, 0, 1375, 1343, 620, 4095, 520
1376, 1254, 1359, 432, 577, 0, 1392, 1340, 614, 4095, 528
1379, 1257, 1360, 436, 581, 0, 1395, 1339, 617, 4095, 533
1380, 1261, 1360, 439, 579, 0, 1398, 1345, 621, 4095, 528
1380, 1259, 1364, 446, 583, 0, 1399, 1347, 617, 4095, 528
1382, 1268, 1361, 448, 581, 0, 1401, 1349, 619, 4095, 531
1380, 1272, 1369, 449, 588, 0, 1405, 1345, 627, 4095, 535
1378, 1270, 1363, 448, 589, 0, 1404, 1345, 623, 4095, 531
1378, 1278, 1373, 454, 591, 0, 1406, 1351, 618, 4095, 531
1381, 1279, 1372, 453, 592, 0, 1407, 1352, 621, 4095, 538
1383, 1287, 1367, 452, 592, 0, 1403, 1349, 622, 4095, 531
1379, 1292, 1366, 449, 594, 0, 1408, 1356, 619, 4095, 506
1383, 1296, 1378, 455, 597, 0, 1410, 1355, 614, 4095, 540
1383, 1296, 1375, 452, 595, 0, 1412, 1358, 623, 4095, 538
1381, 1299, 1370, 450, 596, 0, 1410, 1355, 624, 4095, 535
1380, 1301, 1373, 445, 598, 0, 1409, 1360, 622, 4095, 535
1382, 1303, 1378, 449, 603, 0, 1412, 1359, 619, 4095, 540
1381, 1311, 1379, 448, 602, 0, 1415, 1359, 624, 4095, 539
1381, 1316, 1378, 450, 605, 0, 1418, 1360, 623, 4095, 546
1385, 1322, 1395, 449, 603, 0, 1418, 1360, 617, 4095, 553
1379, 1325, 1381, 455, 608, 0, 1421, 1333, 623, 4095, 539
1381, 1330, 1389, 455, 609, 0, 1420, 1361, 624, 4095, 550
1378, 1335, 1378, 455, 609, 0, 1424, 1361, 615, 4095, 546
1408, 1337, 1382, 452, 610, 0, 1424, 1363, 622, 4095, 554
1384, 1344, 1389, 458, 617, 0, 1423, 1361, 621, 4095, 550
1385, 1347, 1390, 461, 614, 0, 1424, 1362, 623, 4095, 551
1384, 1349, 1386, 461, 613, 0, 1428, 1365, 623, 4095, 548
1381, 1351, 1393, 455, 619, 0, 1403, 1367, 624, 4095, 557
1385, 1359, 1390, 460, 619, 0, 1427, 1371, 623, 4095, 544
1375, 1362, 1390, 451, 624, 0, 1427, 1372, 624, 4095, 551
1378, 1363, 1411, 453, 621, 0, 1426, 1367, 624, 4095, 554
1382, 1367, 1391, 451, 624, 0, 1430, 1392, 617, 4095, 550
1378, 1373, 1389, 447, 610, 0, 1428, 1371, 624, 4095, 553
1381, 1375, 1391, 447, 625, 0, 1436, 1375, 623, 4095, 556
1377, 1383, 1392, 450, 626, 0, 1431, 1376, 620, 4095, 555
1378, 1380, 1391, 449, 627, 0, 1434, 1379, 622, 4095, 550
1379, 1382, 1393, 455, 629, 0, 1438, 1375, 624, 4095, 551
1376, 1387, 1395, 460, 626, 0, 1437, 1377, 623, 4095, 554
1377, 1392, 1398, 459, 629, 0, 1438, 1375, 623, 4095, 555
1376, 1395, 1394, 463, 635, 0, 1442, 1370, 624, 4095, 559
1382, 1395, 1394, 468, 628, 0, 1441, 1378, 617, 4095, 555
1379, 1394, 1405, 465, 630, 0, 1443, 1380, 620, 4095, 558
1381, 1407, 1393, 471, 633, 0, 1451, 1381, 620, 4095, 560
1381, 1407, 1401, 470, 640, 0, 1450, 1385, 624, 4095, 560
1386, 1410, 1399, 475, 640, 0, 1446, 1387, 624, 4095, 561
1383, 1408, 1402, 473, 641, 0, 1450, 1388, 624, 4095, 560
1382, 1412, 1454, 478, 643, 0, 1450, 1389, 626, 4095, 558
1383, 1415, 1404, 480, 643, 0, 1453, 1387, 625, 4095, 561
1381, 1422, 1407, 479, 645, 0, 1453, 1390, 622, 4095, 559
1380, 1417, 1404, 480, 645, 0, 1455, 1390, 607, 4095, 566
1383, 1423, 1398, 481, 644, 0, 1454, 1391, 624, 4095, 558
1381, 1419, 1407, 489, 644, 0, 1455, 1390, 625, 4095, 559
1380, 1422, 1401, 488, 645, 0, 1456, 1391, 624, 4095, 560
1381, 1424, 1401, 491, 649, 0, 1455, 1392, 625, 4095, 560
1382, 1392, 1408, 491, 651, 0, 1457, 1392, 627, 4095, 581
1379, 1425, 1403, 486, 649, 0, 1460, 1392, 626, 4095, 562
1383, 1427, 1417, 493, 650, 0, 1459, 1392, 629, 4095, 561
1377, 1424, 1407, 485, 646, 0, 1456, 1390, 625, 4095, 562
1376, 1424, 1409, 494, 653, 0, 1456, 1381, 625, 4095, 561
1379, 1434, 1406, 495, 651, 0, 1456, 1390, 625, 4095, 566
1377, 1431, 1410, 494, 651, 0, 1457, 1386, 627, 4095, 562
1373, 1433, 1409, 490, 651, 0, 1458, 1391, 626, 4095, 560
1378, 1431, 1408, 495, 653, 0, 1456, 1391, 624, 4095, 564
1375, 1429, 1405, 493, 656, 0, 1459, 1389, 627, 4095, 563
1375, 1439, 1406, 470, 656, 0, 1456, 1390, 623, 4095, 561
1378, 1441, 1410, 494, 656, 0, 1463, 1392, 624, 4095, 560
1376, 1438, 1414, 495, 656, 0, 1457, 1386, 627, 4095, 560
1377, 1437, 1414, 494, 656, 0, 1463, 1388, 621, 4095, 564
1380, 1439, 1407, 490, 656, 0, 1462, 1391, 625, 4095, 566
1375, 1441, 1407, 487, 656, 0, 1460, 1392, 625, 4095, 562
1379, 1435, 1409, 492, 656, 0, 1461, 1395, 623, 4095, 563
1376, 1441, 1412, 493, 656, 0, 1466, 1395, 628, 4095, 567
1374, 1446, 1419, 494, 656, 0, 1463, 1399, 624, 4095, 564
1373, 1440, 1378, 496, 656, 0, 1462, 1393, 625, 4095, 565
1377, 1446, 1414, 493, 657, 0, 1465, 1374, 629, 4095, 569
1376, 1446, 1410, 497, 695, 0, 1469, 1392, 628, 4095, 565
1377, 1440, 1411, 496, 656, 0, 1466, 1396, 641, 4095, 571
1360, 1446, 1415, 493, 658, 0, 1468, 1392, 626, 4095, 561
1374, 1440, 1409, 496, 659, 0, 1468, 1395, 627, 4095, 566
1375, 1446, 1421, 497, 661, 0, 1472, 1397, 625, 4095, 563
1379, 1451, 1414, 471, 659, 0, 1471, 1399, 628, 4095, 565
1377, 1413, 1415, 501, 658, 0, 1471, 1399, 602, 4095, 565
1375, 1445, 1411, 507, 661, 0, 1470, 1396, 629, 4095, 565
1376, 1451, 1418, 510, 661, 0, 1471, 1403, 630, 4095, 569
1377, 1449, 1414, 505, 656, 0, 1469, 1397, 627, 4095, 571
1378, 1447, 1424, 509, 659, 0, 1473, 1399, 627, 4095, 566
1378, 1454, 1423, 518, 661, 0, 1509, 1397, 629, 4095, 567
1376, 1453, 1422, 510, 657, 0, 1472, 1399, 625, 4095, 567
1376, 1454, 1424, 521, 656, 0, 1475, 1408, 631, 4095, 565
1374, 1454, 1424, 511, 665, 0, 1478, 1405, 630, 4095, 572
1378, 1453, 1417, 524, 661, 0, 1476, 1403, 630, 4095, 563
1377, 1446, 1419, 523, 673, 0, 1480, 1406, 630, 4095, 565
1376, 1446, 1418, 525, 666, 0, 1477, 1401, 629, 4095, 567
1385, 1447, 1423, 526, 663, 0, 1478, 1407, 633, 4095, 571
1378, 1453, 1425, 511, 660, 0, 1477, 1399, 627, 4095, 571
1376, 1450, 1418, 524, 661, 0, 1482, 1399, 628, 4095, 561
1379, 1446, 1419, 508, 667, 0, 1483, 1405, 625, 4095, 572
1380, 1443, 1418, 522, 662, 0, 1477, 1397, 657, 4095, 595
1378, 1451, 1423, 528, 663, 0, 1482, 1401, 629, 4095, 565
1380, 1449, 1427, 526, 665, 0, 1483, 1407, 630, 4095, 561
1380, 1451, 1419, 528, 662, 0, 1483, 1406, 630, 4095, 570
1375, 1440, 1424, 526, 668, 0, 1479, 1405, 631, 4095, 566
1383, 1442, 1424, 529, 665, 0, 1472, 1407, 631, 4095, 567
1380, 1442, 1422, 530, 662, 0, 1485, 1407, 624, 4095, 562
1377, 1447, 1426, 530, 667, 0, 1484, 1406, 635, 4095, 565
1382, 1445, 1385, 533, 671, 0, 1483, 1411, 631, 4095, 567
1381, 1443, 1424, 539, 665, 0, 1486, 1426, 639, 4095, 564
1381, 1442, 1426, 540, 641, 0, 1487, 1407, 631, 4095, 569
1381, 1441, 1429, 544, 669, 0, 1487, 1407, 624, 4095, 571
1381, 1438, 1423, 535, 671, 0, 1488, 1408, 634, 4095, 562
1385, 1437, 1424, 539, 669, 0, 1488, 1410, 635, 4095, 562
1379, 1435, 1424, 545, 667, 0, 1487, 1411, 639, 4095, 565
1383, 1430, 1423, 532, 666, 0, 1488, 1412, 637, 4095, 560
1386, 1443, 1424, 546, 662, 0, 1485, 1411, 611, 4095, 558
1382, 1423, 1424, 547, 660, 0, 1485, 1412, 640, 4095, 560
1382, 1421, 1424, 547, 660, 0, 1486, 1413, 638, 4095, 554
1387, 1415, 1426, 551, 656, 0, 1488, 1414, 636, 4095, 554
1386, 1409, 1422, 547, 658, 0, 1487, 1411, 638, 4095, 550
1390, 1402, 1420, 547, 656, 0, 1488, 1413, 638, 4095, 547
1392, 1405, 1420, 550, 657, 0, 1489, 1414, 639, 4095, 553
1392, 1392, 1427, 549, 656, 0, 1488, 1411, 635, 4095, 553
1392, 1393, 1393, 549, 654, 0, 1488, 1417, 641, 4095, 549
1393, 1391, 1423, 545, 653, 0, 1488, 1415, 641, 4095, 544
1393, 1386, 1426, 549, 645, 16, 1485, 1416, 639, 4095, 550
1392, 1375, 1430, 553, 654, 0, 1489, 1414, 635, 4095, 546
1390, 1373, 1426, 547, 653, 0, 1486, 1417, 639, 4095, 547
1393, 1369, 1435, 551, 647, 0, 1485, 1420, 643, 4095, 544
1395, 1365, 1429, 547, 645, 0, 1486, 1419, 645, 4095, 552
1398, 1360, 1423, 539, 643, 0, 1487, 1422, 642, 4095, 547
1398, 1354, 1431, 544, 643, 0, 1483, 1413, 641, 4095, 549
1399, 1356, 1427, 546, 643, 0, 1486, 1423, 646, 4095, 548
1399, 1351, 1426, 544, 641, 0, 1488, 1424, 645, 4095, 550
1400, 1343, 1429, 541, 640, 0, 1488, 1417, 638, 4095, 554
1399, 1341, 1433, 543, 640, 0, 1487, 1422, 641, 4095, 550
1402, 1339, 1431, 536, 642, 0, 1488, 1423, 643, 4095, 549
1404, 1339, 1436, 544, 639, 0, 1486, 1424, 645, 4095, 560
1399, 1341, 1430, 539, 639, 0, 1487, 1423, 645, 4095, 550
1404, 1339, 1434, 542, 638, 0, 1488, 1425, 641, 4095, 551
1402, 1335, 1433, 543, 640, 0, 1488, 1425, 642, 4095, 557
1401, 1332, 1430, 533, 636, 0, 1488, 1424, 637, 4095, 557
1404, 1333, 1434, 545, 637, 0, 1488, 1431, 642, 4095, 559
1402, 1341, 1439, 535, 642, 0, 1488, 1424, 640, 4095, 561
1402, 1340, 1430, 540, 641, 0, 1488, 1427, 645, 4095, 561
1406, 1341, 1440, 545, 640, 0, 1490, 1428, 637, 4095, 560
1405, 1343, 1439, 545, 641, 0, 1488, 1427, 643, 4095, 560
1405, 1345, 1440, 540, 639, 0, 1488, 1424, 642, 4095, 561
1407, 1344, 1445, 546, 640, 0, 1488, 1424, 643, 4095, 560
1405, 1346, 1439, 546, 641, 0, 1489, 1424, 643, 4095, 567
1406, 1344, 1445, 549, 642, 0, 1493, 1423, 639, 4095, 562
1403, 1351, 1450, 551, 641, 0, 1493, 1426, 641, 4095, 563
1403, 1371, 1446, 550, 644, 0, 1504, 1426, 644, 4095, 574
1406, 1356, 1455, 551, 644, 0, 1491, 1424, 643, 4095, 564
1407, 1358, 1451, 552, 643, 0, 1496, 1429, 646, 4095, 570
1406, 1359, 1453, 551, 647, 0, 1493, 1425, 645, 4095, 570
1407, 1360, 1453, 551, 647, 0, 1497, 1418, 643, 4095, 565
1407, 1360, 1456, 551, 651, 0, 1498, 1427, 641, 4095, 566
1406, 1360, 1456, 551, 647, 0, 1495, 1426, 645, 4095, 566
1407, 1365, 1456, 550, 646, 0, 1495, 1429, 640, 4095, 566
1408, 1361, 1417, 548, 651, 0, 1498, 1425, 639, 4095, 567
1408, 1367, 1456, 545, 646, 0, 1502, 1441, 643, 4095, 564
1406, 1373, 1453, 561, 647, 0, 1494, 1429, 639, 4095, 574
1409, 1370, 1454, 549, 643, 0, 1495, 1434, 641, 4095, 592
1408, 1367, 1456, 543, 649, 0, 1499, 1425, 642, 4095, 567
1408, 1372, 1455, 543, 650, 0, 1498, 1428, 643, 4095, 575
1409, 1373, 1454, 540, 647, 0, 1501, 1431, 638, 4095, 569
1407, 1379, 1454, 538, 649, 0, 1503, 1430, 644, 4095, 575
1404, 1371, 1453, 537, 647, 0, 1495, 1434, 640, 4095, 587
1411, 1378, 1457, 537, 653, 0, 1504, 1430, 642, 4095, 570
1409, 1383, 1460, 529, 649, 0, 1504, 1434, 635, 4095, 576
1408, 1387, 1459, 528, 653, 0, 1503, 1434, 643, 4095, 576
1410, 1382, 1458, 528, 649, 0, 1503, 1409, 641, 4095, 574
1410, 1387, 1457, 533, 651, 0, 1502, 1431, 642, 4095, 574
1406, 1386, 1463, 565, 653, 0, 1502, 1435, 639, 4095, 577
1411, 1386, 1460, 534, 650, 0, 1504, 1426, 635, 4095, 575
1409, 1392, 1442, 540, 651, 0, 1501, 1430, 638, 4095, 577
1412, 1389, 1456, 544, 647, 0, 1504, 1435, 641, 4095, 576
1409, 1392, 1459, 561, 639, 0, 1504, 1429, 640, 4095, 580
1409, 1391, 1462, 544, 646, 0, 1502, 1430, 643, 4095, 551
1440, 1393, 1462, 547, 649, 0, 1503, 1435, 643, 4095, 576
1409, 1392, 1459, 553, 647, 0, 1503, 1430, 641, 4095, 578
1409, 1389, 1458, 554, 643, 0, 1500, 1431, 646, 4095, 576
1409, 1387, 1461, 551, 646, 0, 1498, 1434, 643, 4095, 570
1411, 1450, 1463, 555, 645, 0, 1495, 1437, 639, 4095, 570
1407, 1383, 1458, 560, 641, 0, 1499, 1428, 643, 4095, 564
1409, 1382, 1459, 556, 639, 0, 1497, 1434, 640, 4095, 563
1409, 1378, 1458, 559, 640, 0, 1500, 1429, 641, 4095, 566
1410, 1376, 1458, 555, 640, 0, 1495, 1427, 637, 4095, 560
1409, 1374, 1457, 555, 636, 0, 1491, 1430, 639, 4095, 560
1415, 1370, 1458, 557, 638, 0, 1492, 1431, 638, 4095, 561
1408, 1365, 1454, 555, 634, 0, 1491, 1431, 645, 4095, 557
1410, 1361, 1398, 559, 633, 0, 1491, 1431, 640, 4095, 560
1411, 1356, 1455, 550, 631, 0, 1493, 1429, 642, 4095, 551
1409, 1352, 1456, 558, 630, 0, 1490, 1427, 642, 4095, 555
1414, 1346, 1451, 561, 625, 0, 1492, 1427, 634, 4095, 550
1399, 1345, 1456, 555, 624, 0, 1488, 1427, 640, 4095, 550
1418, 1342, 1454, 555, 624, 0, 1487, 1430, 642, 4095, 551
1417, 1333, 1442, 556, 623, 0, 1488, 1429, 640, 4095, 548
1415, 1328, 1450, 548, 622, 0, 1490, 1427, 640, 4095, 541
1414, 1333, 1444, 554, 622, 0, 1482, 1424, 639, 4095, 540
1417, 1326, 1438, 553, 619, 0, 1488, 1422, 645, 4095, 543
1419, 1330, 1439, 551, 618, 0, 1487, 1425, 643, 4095, 542
1420, 1328, 1438, 545, 618, 0, 1485, 1430, 641, 4095, 535
1417, 1323, 1431, 539, 611, 0, 1485, 1427, 643, 4095, 530
1424, 1326, 1427, 547, 639, 0, 1488, 1426, 638, 4095, 540
1423, 1319, 1425, 546, 615, 0, 1484, 1425, 640, 4095, 535
1423, 1327, 1426, 539, 615, 0, 1483, 1427, 640, 4095, 539
1424, 1318, 1432, 538, 617, 0, 1485, 1422, 640, 4095, 531
1424, 1317, 1424, 540, 614, 0, 1479, 1421, 640, 4095, 528
1424, 1323, 1424, 533, 613, 0, 1485, 1424, 639, 4095, 528
1424, 1323, 1421, 529, 607, 0, 1479, 1423, 637, 4095, 528
1421, 1318, 1421, 535, 613, 0, 1477, 1424, 638, 4095, 532
1424, 1313, 1424, 528, 609, 0, 1477, 1425, 635, 4095, 530
1426, 1314, 1419, 528, 606, 0, 1481, 1424, 641, 4095, 529
1424, 1310, 1414, 482, 606, 0, 1478, 1427, 635, 4095, 528
1426, 1303, 1424, 528, 603, 0, 1474, 1424, 635, 4095, 525
1424, 1307, 1419, 523, 599, 0, 1475, 1424, 635, 4095, 529
1427, 1307, 1423, 522, 599, 0, 1472, 1423, 636, 4095, 526
1426, 1307, 1421, 528, 592, 0, 1471, 1424, 638, 4095, 528
1426, 1299, 1422, 523, 592, 0, 1471, 1438, 637, 4095, 527
1432, 1301, 1422, 525, 592, 0, 1471, 1424, 629, 4095, 529
1427, 1297, 1421, 522, 588, 0, 1465, 1423, 636, 4095, 528
1427, 1298, 1414, 519, 589, 0, 1463, 1423, 635, 4095, 528
1431, 1296, 1422, 507, 589, 0, 1469, 1424, 635, 4095, 528
1430, 1296, 1419, 500, 587, 0, 1469, 1399, 625, 4095, 528
1427, 1296, 1423, 495, 583, 0, 1469, 1423, 628, 4095, 528
1430, 1295, 1424, 485, 579, 0, 1465, 1424, 634, 4095, 544
1415, 1296, 1424, 480, 586, 0, 1465, 1423, 631, 4095, 528
1427, 1296, 1424, 483, 578, 0, 1461, 1423, 628, 4095, 533
1427, 1296, 1427, 490, 581, 0, 1461, 1423, 627, 4095, 529
1430, 1295, 1428, 496, 580, 0, 1465, 1423, 627, 4095, 535
1429, 1267, 1430, 499, 576, 0, 1497, 1424, 626, 4095, 539
1430, 1294, 1426, 502, 579, 0, 1463, 1429, 624, 4095, 529
1428, 1293, 1426, 507, 577, 0, 1466, 1424, 630, 4095, 540
1430, 1296, 1433, 501, 578, 0, 1463, 1424, 627, 4095, 537
1425, 1296, 1435, 507, 578, 0, 1462, 1405, 624, 4095, 535
1428, 1296, 1426, 519, 566, 0, 1463, 1419, 627, 4095, 539
1427, 1297, 1431, 517, 581, 0, 1466, 1423, 629, 4095, 538
1427, 1299, 1430, 522, 582, 0, 1466, 1423, 627, 4095, 539
1429, 1297, 1402, 525, 583, 0, 1468, 1421, 624, 4095, 547
1428, 1299, 1438, 525, 585, 0, 1472, 1456, 627, 4095, 540
1426, 1301, 1440, 531, 589, 0, 1468, 1424, 624, 4095, 543
1428, 1303, 1437, 525, 590, 0, 1469, 1424, 609, 4095, 559
1414, 1303, 1434, 522, 591, 0, 1469, 1423, 627, 4095, 544
1425, 1303, 1437, 519, 592, 0, 1471, 1424, 622, 4095, 553
1426, 1313, 1437, 525, 592, 0, 1472, 1425, 625, 4095, 557
1424, 1313, 1439, 524, 590, 0, 1471, 1424, 625, 4095, 546
1424, 1312, 1444, 528, 591, 0, 1471, 1424, 628, 4095, 557
1423, 1318, 1445, 518, 592, 0, 1473, 1422, 630, 4095, 547
1424, 1318, 1438, 519, 594, 0, 1471, 1423, 624, 4095, 554
1421, 1325, 1421, 520, 592, 0, 1472, 1423, 627, 4095, 559
1422, 1329, 1439, 522, 598, 0, 1473, 1414, 624, 4095, 553
1424, 1328, 1439, 528, 599, 0, 1477, 1419, 624, 4095, 560
1419, 1335, 1442, 526, 596, 0, 1479, 1419, 625, 4095, 560
1421, 1343, 1442, 526, 602, 0, 1477, 1422, 624, 4095, 561
1414, 1341, 1443, 531, 603, 0, 1477, 1418, 626, 4095, 559
1423, 1346, 1449, 533, 604, 0, 1474, 1418, 624, 4095, 555
1415, 1350, 1440, 518, 606, 0, 1477, 1419, 621, 4095, 563
1413, 1349, 1435, 530, 603, 0, 1477, 1412, 623, 4095, 553
1413, 1358, 1439, 533, 605, 0, 1476, 1419, 627, 4095, 560
1417, 1361, 1444, 532, 605, 0, 1481, 1418, 626, 4095, 560
1415, 1366, 1434, 532, 609, 0, 1478, 1421, 626, 4095, 560
1411, 1365, 1439, 529, 606, 0, 1478, 1415, 621, 4095, 560
1411, 1331, 1444, 534, 608, 0, 1506, 1422, 626, 4095, 560
1410, 1375, 1439, 528, 610, 0, 1483, 1419, 625, 4095, 562
1408, 1375, 1441, 528, 611, 0, 1477, 1411, 626, 4095, 561
1409, 1376, 1442, 528, 609, 0, 1482, 1419, 622, 4095, 563
1408, 1387, 1442, 528, 609, 0, 1481, 1383, 624, 4095, 559
1409, 1385, 1438, 530, 610, 0, 1483, 1414, 624, 4095, 566
1406, 1389, 1445, 527, 610, 0, 1483, 1417, 627, 4095, 563
1407, 1387, 1439, 527, 612, 0, 1482, 1416, 624, 4095, 560
1407, 1393, 1409, 527, 618, 0, 1482, 1418, 621, 4095, 562
1408, 1393, 1436, 525, 614, 0, 1479, 1414, 619, 4095, 565
1406, 1393, 1437, 573, 611, 0, 1485, 1414, 621, 4095, 564
1405, 1395, 1443, 528, 611, 0, 1479, 1413, 640, 4095, 592
1406, 1398, 1431, 534, 614, 0, 1485, 1412, 623, 4095, 560
1403, 1405, 1443, 528, 617, 0, 1484, 1415, 624, 4095, 563
1405, 1405, 1435, 530, 618, 0, 1484, 1413, 624, 4095, 566
1402, 1402, 1437, 531, 617, 0, 1483, 1410, 624, 4095, 560
1399, 1418, 1438, 535, 612, 0, 1481, 1417, 619, 4095, 563
1402, 1404, 1440, 544, 615, 0, 1480, 1414, 621, 4095, 562
1403, 1403, 1442, 545, 614, 0, 1482, 1413, 618, 4095, 560
1401, 1399, 1441, 544, 612, 0, 1485, 1410, 623, 4095, 560
1401, 1403, 1438, 542, 613, 0, 1475, 1431, 622, 4095, 560
1397, 1397, 1441, 543, 615, 0, 1477, 1413, 624, 4095, 560
1403, 1405, 1442, 544, 614, 0, 1481, 1413, 624, 4095, 561
1403, 1393, 1433, 543, 614, 0, 1479, 1408, 624, 4095, 554
1405, 1392, 1439, 543, 609, 0, 1477, 1414, 626, 4095, 559
1405, 1392, 1435, 544, 614, 0, 1479, 1411, 621, 4095, 559
1403, 1394, 1437, 525, 609, 0, 1477, 1408, 623, 4095, 557
1401, 1389, 1438, 542, 609, 0, 1478, 1413, 624, 4095, 558
1398, 1392, 1437, 544, 608, 0, 1478, 1411, 624, 4095, 556
1401, 1387, 1431, 545, 608, 0, 1477, 1417, 625, 4095, 551
1403, 1382, 1439, 543, 606, 0, 1474, 1409, 623, 4095, 555
1399, 1383, 1437, 549, 609, 0, 1477, 1402, 622, 4095, 550
1403, 1409, 1439, 550, 606, 0, 1477, 1409, 624, 4095, 550
1400, 1373, 1441, 549, 609, 0, 1478, 1402, 624, 4095, 548
1403, 1376, 1429, 549, 607, 0, 1477, 1409, 627, 4095, 548
1399, 1366, 1429, 550, 604, 0, 1477, 1404, 624, 4095, 551
1402, 1361, 1431, 545, 606, 0, 1474, 1401, 624, 4095, 549
1401, 1362, 1431, 545, 603, 0, 1477, 1406, 624, 4095, 550
1405, 1359, 1426, 543, 603, 0, 1477, 1399, 626, 4095, 546
1403, 1351, 1439, 546, 599, 0, 1477, 1398, 624, 4095, 547
1405, 1348, 1446, 549, 602, 0, 1472, 1403, 624, 4095, 547
1403, 1346, 1437, 547, 602, 0, 1478, 1392, 625, 4095, 547
1404, 1348, 1435, 586, 587, 0, 1474, 1403, 624, 4095, 546
1404, 1344, 1431, 546, 599, 0, 1475, 1406, 608, 4095, 550
1402, 1338, 1431, 538, 597, 0, 1473, 1406, 624, 4095, 550
1406, 1341, 1431, 537, 597, 0, 1472, 1403, 624, 4095, 549
1402, 1342, 1437, 546, 594, 0, 1475, 1405, 624, 4095, 547
1403, 1335, 1430, 544, 596, 0, 1472, 1399, 624, 4095, 555
1406, 1339, 1428, 543, 592, 0, 1470, 1407, 625, 4095, 553
1405, 1330, 1436, 543, 595, 0, 1470, 1398, 621, 4095, 559
1406, 1338, 1437, 550, 593, 0, 1473, 1406, 624, 4095, 549
1408, 1337, 1430, 546, 592, 0, 1473, 1403, 625, 4095, 560
1403, 1335, 1437, 546, 597, 0, 1473, 1403, 624, 4095, 551
1402, 1339, 1440, 549, 592, 0, 1463, 1405, 623, 4095, 560
1405, 1335, 1437, 548, 594, 0, 1475, 1403, 624, 4095, 556
1404, 1337, 1437, 546, 599, 0, 1475, 1399, 628, 4095, 560
1403, 1342, 1423, 552, 595, 0, 1475, 1408, 624, 4095, 558
1405, 1344, 1435, 556, 599, 0, 1474, 1445, 618, 4095, 560
1399, 1349, 1443, 528, 602, 0, 1477, 1403, 624, 4095, 561
1407, 1347, 1442, 552, 596, 0, 1477, 1406, 608, 4095, 545
1407, 1345, 1439, 560, 603, 0, 1477, 1402, 625, 4095, 560
1406, 1349, 1442, 553, 601, 0, 1479, 1408, 624, 4095, 554
1409, 1359, 1442, 559, 603, 0, 1481, 1407, 627, 4095, 561
1408, 1355, 1445, 562, 603, 0, 1486, 1411, 628, 4095, 559
1409, 1337, 1445, 558, 608, 0, 1482, 1408, 628, 4095, 612
1409, 1360, 1445, 555, 608, 0, 1487, 1407, 624, 4095, 555
1407, 1361, 1442, 557, 612, 0, 1484, 1408, 625, 4095, 563
1407, 1363, 1447, 560, 609, 0, 1485, 1408, 627, 4095, 560
1408, 1360, 1446, 560, 610, 0, 1487, 1406, 630, 4095, 558
1409, 1364, 1451, 560, 622, 3, 1486, 1405, 624, 4095, 559
1407, 1365, 1449, 563, 612, 0, 1485, 1406, 625, 4095, 560
1411, 1371, 1440, 564, 610, 0, 1487, 1405, 624, 4095, 562
1408, 1369, 1445, 563, 613, 0, 1487, 1410, 626, 4095, 560
1410, 1368, 1441, 564, 610, 0, 1488, 1409, 633, 4095, 560
1407, 1361, 1452, 606, 622, 0, 1487, 1405, 624, 4095, 560
1407, 1372, 1444, 564, 613, 0, 1488, 1405, 628, 4095, 535
1407, 1370, 1449, 562, 613, 0, 1485, 1403, 631, 4095, 566
1408, 1374, 1441, 561, 615, 0, 1490, 1409, 631, 4095, 560
1409, 1376, 1446, 558, 614, 0, 1488, 1406, 627, 4095, 561
1405, 1375, 1442, 561, 618, 0, 1489, 1410, 624, 4095, 564
1407, 1369, 1443, 560, 620, 0, 1488, 1403, 627, 4095, 528
1405, 1376, 1443, 560, 610, 0, 1488, 1406, 628, 4095, 563
1406, 1372, 1440, 551, 619, 0, 1491, 1409, 629, 4095, 563
1403, 1373, 1449, 551, 618, 0, 1491, 1398, 624, 4095, 560
1407, 1384, 1446, 554, 619, 0, 1490, 1403, 629, 4095, 561
1403, 1387, 1446, 544, 621, 0, 1474, 1407, 627, 4095, 562
1407, 1382, 1442, 542, 620, 0, 1490, 1406, 629, 4095, 567
1405, 1385, 1442, 546, 621, 0, 1493, 1409, 625, 4095, 564
1401, 1389, 1445, 546, 622, 0, 1492, 1409, 627, 4095, 567
1406, 1392, 1446, 546, 618, 0, 1492, 1411, 625, 4095, 571
1403, 1390, 1444, 543, 640, 0, 1488, 1410, 627, 4095, 564
1407, 1386, 1447, 544, 619, 0, 1491, 1406, 629, 4095, 573
1429, 1390, 1444, 553, 620, 0, 1490, 1408, 627, 4095, 563
1406, 1392, 1453, 558, 619, 0, 1493, 1408, 624, 4095, 565
1403, 1393, 1446, 556, 621, 0, 1494, 1409, 626, 4095, 570
1405, 1395, 1445, 555, 622, 0, 1494, 1408, 627, 4095, 567
1402, 1398, 1443, 560, 621, 0, 1491, 1409, 601, 4095, 528
1405, 1395, 1445, 559, 621, 0, 1495, 1408, 624, 4095, 572
1405, 1392, 1452, 560, 611, 0, 1492, 1409, 630, 4095, 566
1402, 1395, 1454, 560, 617, 0, 1494, 1410, 630, 4095, 572
1399, 1392, 1456, 556, 620, 0, 1495, 1410, 625, 4095, 562
1405, 1401, 1453, 560, 619, 0, 1488, 1408, 627, 4095, 561
1401, 1391, 1455, 560, 618, 0, 1493, 1407, 630, 4095, 571
1402, 1392, 1449, 562, 618, 0, 1492, 1404, 632, 4095, 566
1406, 1389, 1443, 560, 608, 0, 1492, 1410, 626, 4095, 563
1403, 1392, 1449, 565, 609, 0, 1491, 1402, 624, 4095, 563
1406, 1392, 1456, 561, 624, 0, 1490, 1405, 624, 4095, 564
1403, 1389, 1444, 567, 610, 0, 1494, 1406, 629, 4095, 563
1407, 1387, 1456, 563, 614, 0, 1488, 1409, 624, 4095, 571
1407, 1387, 1474, 565, 614, 0, 1489, 1407, 633, 4095, 562
1403, 1389, 1451, 563, 612, 0, 1488, 1418, 624, 4095, 565
1405, 1381, 1456, 566, 612, 0, 1488, 1404, 624, 4095, 562
1403, 1383, 1446, 560, 609, 0, 1490, 1409, 626, 4095, 545
1394, 1377, 1456, 564, 614, 0, 1489, 1407, 625, 4095, 565
1406, 1382, 1453, 569, 608, 0, 1489, 1405, 634, 4095, 573
1405, 1381, 1455, 565, 610, 0, 1488, 1401, 628, 4095, 567
1402, 1376, 1450, 563, 609, 0, 1488, 1401, 626, 4095, 567
1401, 1392, 1456, 571, 611, 0, 1488, 1401, 625, 4095, 563
1401, 1374, 1447, 566, 614, 0, 1487, 1401, 630, 4095, 570
1397, 1377, 1456, 567, 609, 0, 1487, 1399, 624, 4095, 573
1402, 1381, 1454, 560, 610, 0, 1489, 1399, 625, 4095, 567
1403, 1375, 1451, 565, 617, 0, 1488, 1441, 629, 4095, 571
1403, 1381, 1455, 570, 610, 0, 1488, 1402, 624, 4095, 572
1399, 1385, 1453, 571, 609, 0, 1488, 1406, 629, 4095, 573
1403, 1381, 1456, 566, 611, 0, 1488, 1398, 624, 4095, 576
1403, 1387, 1501, 567, 611, 0, 1488, 1407, 631, 4095, 567
1399, 1385, 1456, 567, 611, 0, 1489, 1386, 631, 4095, 565
1402, 1385, 1456, 565, 609, 0, 1489, 1400, 629, 4095, 575
1403, 1383, 1452, 572, 612, 0, 1491, 1403, 633, 4095, 576
1401, 1388, 1456, 571, 613, 0, 1489, 1395, 629, 4095, 575
1402, 1390, 1456, 567, 610, 0, 1490, 1398, 628, 4095, 579
1402, 1386, 1456, 563, 612, 0, 1493, 1403, 628, 4095, 574
1399, 1386, 1456, 562, 613, 0, 1491, 1402, 634, 4095, 578
1399, 1386, 1456, 565, 613, 0, 1487, 1393, 626, 4095, 574
1399, 1392, 1456, 566, 610, 0, 1489, 1394, 624, 4095, 577
1398, 1391, 1453, 570, 614, 0, 1491, 1397, 625, 4095, 579
1403, 1392, 1461, 567, 613, 0, 1493, 1399, 627, 4095, 578
1398, 1392, 1456, 566, 615, 0, 1489, 1396, 631, 4095, 582
1403, 1392, 1456, 565, 615, 0, 1481, 1397, 630, 4095, 575
1406, 1401, 1456, 572, 615, 0, 1494, 1399, 627, 4095, 577
1399, 1399, 1463, 570, 618, 0, 1493, 1405, 634, 4095, 563
1407, 1402, 1470, 571, 621, 0, 1494, 1403, 630, 4095, 581
1406, 1403, 1459, 576, 617, 0, 1495, 1402, 635, 4095, 579
1405, 1406, 1457, 563, 613, 0, 1498, 1405, 634, 4095, 587
1406, 1408, 1461, 576, 612, 0, 1497, 1403, 625, 4095, 590
1405, 1403, 1459, 578, 618, 0, 1494, 1407, 633, 4095, 581
1406, 1406, 1459, 577, 618, 0, 1498, 1401, 630, 4095, 575
1406, 1405, 1459, 576, 617, 0, 1497, 1397, 629, 4095, 577
1402, 1407, 1465, 576, 615, 0, 1495, 1405, 635, 4095, 576
1405, 1397, 1457, 569, 615, 0, 1497, 1402, 638, 4095, 582
1407, 1408, 1456, 578, 618, 0, 1502, 1404, 634, 4095, 581
1407, 1409, 1457, 577, 619, 0, 1501, 1403, 626, 4095, 585
1406, 1409, 1460, 576, 611, 0, 1502, 1402, 630, 4095, 583
1403, 1407, 1461, 573, 618, 0, 1500, 1403, 632, 4095, 575
1405, 1406, 1459, 574, 617, 0, 1498, 1406, 629, 4095, 577
1403, 1415, 1471, 575, 619, 0, 1499, 1405, 635, 4095, 581
1403, 1409, 1469, 576, 613, 0, 1497, 1405, 626, 4095, 583
1405, 1411, 1503, 575, 621, 0, 1500, 1399, 629, 4095, 584
1405, 1411, 1463, 576, 614, 0, 1501, 1401, 634, 4095, 581
1408, 1406, 1467, 576, 627, 0, 1499, 1404, 628, 4095, 585
1404, 1415, 1472, 576, 620, 0, 1500, 1402, 636, 4095, 585
1406, 1410, 1466, 571, 617, 0, 1499, 1405, 628, 4095, 585
1407, 1410, 1527, 569, 615, 0, 1502, 1404, 630, 4095, 586
1408, 1411, 1467, 575, 615, 0, 1497, 1387, 631, 4095, 581
1404, 1414, 1461, 576, 630, 0, 1497, 1398, 635, 4095, 583
1408, 1417, 1466, 578, 619, 0, 1499, 1405, 646, 4095, 611
1401, 1414, 1471, 574, 618, 0, 1495, 1401, 627, 4095, 590
1406, 1413, 1473, 570, 619, 0, 1497, 1398, 629, 4095, 582
1406, 1413, 1473, 573, 619, 0, 1501, 1405, 628, 4095, 587
1407, 1413, 1469, 575, 617, 0, 1501, 1402, 636, 4095, 587
1399, 1410, 1471, 567, 618, 0, 1483, 1401, 631, 4095, 591
1407, 1418, 1474, 570, 621, 0, 1503, 1405, 629, 4095, 591
1408, 1423, 1472, 576, 621, 0, 1503, 1397, 635, 4095, 586
1402, 1423, 1472, 575, 619, 0, 1503, 1397, 634, 4095, 590
1406, 1424, 1473, 574, 614, 0, 1501, 1394, 630, 4095, 592
1406, 1424, 1472, 576, 618, 0, 1502, 1397, 630, 4095, 590
1407, 1425, 1474, 575, 618, 0, 1504, 1405, 633, 4095, 593
1406, 1426, 1473, 577, 619, 0, 1503, 1407, 637, 4095, 590
1406, 1424, 1473, 576, 617, 0, 1502, 1405, 636, 4095, 591
1406, 1429, 1472, 576, 621, 0, 1501, 1406, 635, 4095, 592
1403, 1431, 1473, 577, 649, 0, 1503, 1397, 633, 4095, 594
1402, 1439, 1475, 575, 621, 0, 1504, 1408, 635, 4095, 596
1406, 1436, 1472, 575, 618, 0, 1502, 1403, 637, 4095, 594
1402, 1437, 1471, 577, 619, 0, 1506, 1402, 631, 4095, 592
1406, 1438, 1472, 581, 622, 0, 1505, 1407, 635, 4095, 591
1401, 1443, 1478, 586, 623, 0, 1505, 1407, 637, 4095, 592
1399, 1409, 1472, 587, 624, 0, 1506, 1408, 595, 4095, 599
1405, 1441, 1472, 578, 624, 0, 1507, 1403, 634, 4095, 593
1399, 1443, 1475, 579, 624, 0, 1505, 1398, 631, 4095, 592
1401, 1444, 1471, 582, 623, 0, 1503, 1402, 635, 4095, 592
1403, 1442, 1476, 581, 623, 0, 1503, 1406, 637, 4095, 598
1398, 1449, 1474, 581, 623, 0, 1485, 1397, 638, 4095, 591
1399, 1443, 1479, 585, 624, 0, 1507, 1405, 634, 4095, 592
1401, 1450, 1467, 587, 624, 0, 1508, 1399, 630, 4095, 592
1398, 1442, 1455, 585, 622, 0, 1502, 1396, 631, 4095, 592
1395, 1445, 1465, 579, 623, 0, 1505, 1377, 633, 4095, 596
1395, 1442, 1472, 582, 633, 0, 1503, 1397, 634, 4095, 595
1399, 1453, 1466, 579, 624, 0, 1506, 1393, 633, 4095, 591
1397, 1445, 1466, 582, 623, 0, 1504, 1397, 627, 4095, 595
1395, 1446, 1465, 578, 623, 0, 1500, 1396, 637, 4095, 593
1398, 1453, 1469, 585, 621, 0, 1499, 1397, 635, 4095, 594
1397, 1450, 1469, 581, 661, 0, 1505, 1399, 631, 4095, 592
1399, 1453, 1467, 579, 623, 0, 1506, 1397, 605, 4095, 592
1383, 1456, 1470, 579, 624, 0, 1501, 1394, 626, 4095, 591
1397, 1456, 1463, 574, 624, 0, 1502, 1396, 631, 4095, 592
1395, 1454, 1467, 576, 624, 0, 1507, 1398, 632, 4095, 592
1395, 1451, 1471, 577, 624, 0, 1506, 1393, 633, 4095, 592
1393, 1514, 1472, 572, 624, 0, 1520, 1395, 633, 4095, 592
1394, 1456, 1474, 570, 624, 0, 1504, 1397, 631, 4095, 592
1395, 1456, 1464, 564, 624, 0, 1506, 1399, 629, 4095, 592
1396, 1459, 1470, 567, 623, 0, 1507, 1403, 630, 4095, 592
1392, 1457, 1461, 569, 621, 0, 1503, 1395, 627, 4095, 592
1395, 1460, 1467, 575, 623, 0, 1479, 1400, 633, 4095, 592
1394, 1460, 1472, 578, 621, 0, 1510, 1398, 625, 4095, 593
1397, 1463, 1469, 575, 624, 0, 1504, 1399, 634, 4095, 592
1395, 1466, 1445, 574, 624, 0, 1505, 1400, 635, 4095, 592
1393, 1461, 1474, 574, 624, 0, 1503, 1397, 627, 4095, 592
1392, 1463, 1467, 576, 623, 0, 1504, 1397, 631, 4095, 592
1393, 1459, 1467, 576, 623, 0, 1508, 1398, 631, 4095, 592
1393, 1459, 1463, 581, 624, 0, 1505, 1397, 630, 4095, 594
1393, 1461, 1501, 585, 624, 0, 1503, 1398, 627, 4095, 593
1393, 1456, 1470, 585, 623, 0, 1503, 1376, 638, 4095, 592
1397, 1457, 1471, 576, 622, 0, 1510, 1397, 634, 4095, 593
1392, 1456, 1472, 590, 619, 0, 1509, 1395, 664, 4095, 577
1393, 1457, 1467, 592, 624, 0, 1507, 1392, 635, 4095, 595
1393, 1457, 1470, 592, 624, 0, 1503, 1393, 631, 4095, 585
1393, 1454, 1475, 591, 615, 0, 1505, 1395, 629, 4095, 582
1395, 1454, 1469, 597, 618, 0, 1504, 1395, 629, 4095, 586
1395, 1502, 1473, 601, 619, 0, 1498, 1393, 631, 4095, 578
1397, 1441, 1461, 596, 619, 0, 1505, 1393, 635, 4095, 574
1393, 1440, 1463, 604, 611, 0, 1505, 1395, 631, 4095, 570
1401, 1431, 1435, 599, 613, 0, 1503, 1392, 639, 4095, 565
1401, 1429, 1461, 602, 606, 0, 1497, 1395, 634, 4095, 562
1399, 1424, 1463, 598, 611, 0, 1520, 1393, 630, 4095, 562
1394, 1424, 1461, 595, 606, 0, 1499, 1392, 638, 4095, 560
1402, 1417, 1460, 601, 600, 0, 1494, 1393, 636, 4095, 560
1403, 1409, 1461, 593, 595, 0, 1494, 1392, 638, 4095, 560
1403, 1413, 1459, 592, 594, 0, 1491, 1392, 626, 4095, 558
1403, 1403, 1447, 590, 595, 0, 1491, 1393, 632, 4095, 560
1405, 1399, 1458, 591, 594, 0, 1491, 1393, 643, 4095, 560
1405, 1392, 1456, 587, 593, 0, 1488, 1392, 637, 4095, 560
1403, 1392, 1451, 592, 593, 0, 1488, 1392, 634, 4095, 550
1407, 1386, 1455, 592, 589, 0, 1488, 1399, 638, 4095, 559
1406, 1383, 1458, 560, 588, 0, 1488, 1390, 638, 4095, 553
1407, 1377, 1454, 587, 583, 0, 1488, 1388, 631, 4095, 554
1429, 1371, 1456, 582, 582, 0, 1484, 1391, 635, 4095, 555
1405, 1364, 1453, 581, 580, 0, 1485, 1392, 630, 4095, 557
1409, 1368, 1459, 579, 578, 0, 1486, 1389, 634, 4095, 559
1407, 1365, 1459, 577, 576, 0, 1485, 1388, 626, 4095, 555
1407, 1339, 1456, 573, 578, 0, 1487, 1392, 634, 4095, 560
1409, 1360, 1457, 566, 574, 0, 1486, 1389, 631, 4095, 560
1410, 1359, 1459, 576, 577, 0, 1481, 1390, 630, 4095, 560
1413, 1359, 1456, 571, 576, 0, 1486, 1392, 630, 4095, 565
1409, 1358, 1456, 567, 577, 0, 1484, 1392, 630, 4095, 566
1408, 1359, 1458, 565, 572, 0, 1478, 1390, 630, 4095, 560
1408, 1357, 1457, 563, 573, 0, 1482, 1394, 631, 4095, 560
1413, 1360, 1463, 573, 576, 0, 1485, 1392, 633, 4095, 565
1408, 1360, 1462, 567, 574, 0, 1479, 1392, 633, 4095, 564
1407, 1360, 1465, 570, 576, 0, 1481, 1424, 631, 4095, 572
1409, 1360, 1465, 607, 576, 0, 1481, 1392, 631, 4095, 570
1408, 1360, 1472, 565, 578, 0, 1484, 1392, 629, 4095, 563
1417, 1361, 1461, 569, 576, 0, 1479, 1392, 624, 4095, 571
1410, 1365, 1469, 564, 581, 0, 1487, 1392, 630, 4095, 573
1408, 1376, 1475, 572, 579, 0, 1488, 1391, 627, 4095, 576
1408, 1376, 1468, 569, 582, 0, 1485, 1392, 625, 4095, 577
1410, 1377, 1477, 571, 582, 0, 1483, 1392, 596, 4095, 627
1411, 1387, 1461, 575, 587, 0, 1489, 1392, 628, 4095, 579
1407, 1384, 1469, 576, 585, 0, 1488, 1390, 628, 4095, 587
1411, 1387, 1470, 571, 585, 0, 1487, 1390, 629, 4095, 576
1408, 1391, 1479, 576, 590, 0, 1488, 1391, 624, 4095, 583
1407, 1392, 1472, 576, 592, 0, 1488, 1392, 627, 4095, 578
1409, 1398, 1472, 574, 592, 0, 1491, 1392, 631, 4095, 582
1408, 1403, 1474, 577, 589, 0, 1491, 1393, 624, 4095, 585
1413, 1401, 1506, 577, 593, 0, 1492, 1397, 628, 4095, 589
1414, 1409, 1475, 579, 596, 0, 1494, 1391, 624, 4095, 585
1411, 1414, 1477, 594, 637, 0, 1501, 1392, 626, 4095, 592
1411, 1413, 1477, 585, 601, 0, 1498, 1392, 621, 4095, 589
1423, 1421, 1475, 581, 598, 0, 1497, 1397, 631, 4095, 591
1409, 1422, 1475, 587, 598, 0, 1498, 1394, 624, 4095, 587
1411, 1424, 1479, 581, 598, 0, 1499, 1394, 634, 4095, 593
1407, 1426, 1484, 564, 602, 0, 1503, 1392, 628, 4095, 589
1410, 1392, 1478, 583, 598, 0, 1502, 1392, 629, 4095, 561
1407, 1427, 1485, 589, 597, 0, 1502, 1395, 630, 4095, 592
1408, 1433, 1475, 592, 601, 0, 1502, 1392, 625, 4095, 587
1406, 1435, 1475, 590, 603, 0, 1499, 1393, 629, 4095, 592
1407, 1440, 1482, 591, 602, 0, 1504, 1393, 624, 4095, 591
1408, 1407, 1478, 593, 603, 0, 1483, 1390, 627, 4095, 588
1406, 1440, 1474, 592, 602, 0, 1506, 1392, 631, 4095, 592
1407, 1441, 1473, 592, 605, 0, 1500, 1391, 629, 4095, 592
1406, 1447, 1473, 591, 605, 0, 1503, 1393, 631, 4095, 592
1402, 1445, 1472, 592, 605, 0, 1506, 1392, 629, 4095, 592
1406, 1451, 1474, 592, 606, 0, 1504, 1395, 629, 4095, 591
1407, 1451, 1477, 592, 608, 0, 1502, 1392, 628, 4095, 594
1406, 1454, 1471, 587, 604, 0, 1503, 1387, 627, 4095, 589
1402, 1453, 1535, 587, 607, 0, 1505, 1392, 631, 4095, 592
1405, 1450, 1481, 583, 609, 0, 1502, 1392, 626, 4095, 589
1405, 1456, 1477, 598, 603, 0, 1502, 1392, 631, 4095, 590
1404, 1452, 1473, 582, 605, 0, 1501, 1392, 629, 4095, 609
1399, 1458, 1476, 587, 607, 0, 1503, 1386, 631, 4095, 590
1403, 1455, 1472, 586, 605, 0, 1504, 1391, 630, 4095, 592
1403, 1455, 1531, 592, 603, 0, 1502, 1387, 627, 4095, 587
1397, 1456, 1470, 592, 605, 0, 1505, 1387, 629, 4095, 586
1403, 1458, 1475, 593, 604, 0, 1503, 1386, 628, 4095, 589
1399, 1460, 1467, 592, 604, 0, 1502, 1387, 626, 4095, 592
1402, 1459, 1473, 592, 607, 0, 1504, 1386, 626, 4095, 592
1398, 1456, 1469, 595, 609, 0, 1505, 1389, 627, 4095, 592
1402, 1456, 1471, 592, 606, 0, 1504, 1381, 630, 4095, 583
1397, 1458, 1472, 594, 605, 0, 1508, 1386, 626, 4095, 585
1403, 1459, 1468, 592, 605, 0, 1505, 1387, 630, 4095, 583
1397, 1458, 1472, 592, 606, 0, 1502, 1383, 628, 4095, 587
1400, 1456, 1433, 595, 604, 0, 1504, 1387, 625, 4095, 583
1396, 1457, 1463, 592, 606, 0, 1503, 1387, 628, 4095, 586
1395, 1456, 1466, 597, 607, 0, 1499, 1382, 631, 4095, 589
1401, 1456, 1467, 594, 603, 0, 1502, 1388, 630, 4095, 582
1392, 1456, 1462, 593, 605, 0, 1505, 1379, 633, 4095, 589
1401, 1456, 1470, 594, 605, 0, 1500, 1389, 627, 4095, 589
1401, 1456, 1472, 592, 607, 0, 1504, 1381, 634, 4095, 582
1397, 1456, 1462, 595, 605, 0, 1503, 1383, 625, 4095, 589
1399, 1439, 1466, 598, 607, 0, 1501, 1390, 626, 4095, 579
1401, 1447, 1469, 601, 606, 0, 1501, 1385, 633, 4095, 585
1399, 1450, 1462, 603, 605, 0, 1503, 1379, 627, 4095, 586
1398, 1453, 1465, 595, 599, 0, 1497, 1377, 631, 4095, 586
1399, 1451, 1465, 606, 603, 0, 1501, 1379, 627, 4095, 581
1398, 1446, 1465, 607, 603, 0, 1498, 1381, 624, 4095, 576
1397, 1443, 1464, 609, 603, 0, 1503, 1380, 626, 4095, 580
1399, 1439, 1462, 605, 598, 0, 1501, 1379, 627, 4095, 579
1399, 1434, 1459, 609, 597, 0, 1495, 1379, 631, 4095, 574
1400, 1434, 1460, 607, 598, 0, 1495, 1377, 635, 4095, 576
1399, 1431, 1461, 610, 594, 0, 1478, 1382, 633, 4095, 567
1396, 1427, 1468, 610, 595, 0, 1495, 1383, 631, 4095, 567
1401, 1425, 1463, 608, 591, 0, 1497, 1378, 635, 4095, 565
1402, 1422, 1524, 605, 592, 0, 1498, 1377, 637, 4095, 563
1401, 1417, 1456, 602, 590, 0, 1493, 1398, 638, 4095, 563
1405, 1417, 1459, 595, 630, 0, 1495, 1381, 630, 4095, 559
1401, 1415, 1456, 606, 585, 0, 1493, 1377, 640, 4095, 571
1403, 1407, 1456, 605, 587, 0, 1489, 1375, 635, 4095, 551
1408, 1403, 1455, 603, 586, 0, 1488, 1378, 635, 4095, 560
1405, 1399, 1455, 603, 578, 0, 1488, 1374, 633, 4095, 547
1403, 1395, 1456, 599, 578, 0, 1488, 1376, 630, 4095, 547
1407, 1403, 1456, 602, 576, 0, 1487, 1379, 639, 4095, 506
1407, 1387, 1446, 597, 578, 0, 1486, 1379, 636, 4095, 538
1408, 1380, 1446, 592, 573, 0, 1486, 1375, 634, 4095, 543
1409, 1374, 1445, 593, 574, 0, 1485, 1371, 637, 4095, 534
1408, 1376, 1443, 590, 572, 0, 1483, 1375, 628, 4095, 538
1408, 1369, 1438, 594, 579, 0, 1482, 1375, 630, 4095, 531
1407, 1363, 1440, 595, 566, 0, 1482, 1375, 633, 4095, 529
1415, 1360, 1436, 592, 563, 0, 1481, 1375, 635, 4095, 531
1411, 1359, 1424, 588, 562, 0, 1479, 1375, 637, 4095, 528
1413, 1354, 1435, 592, 560, 0, 1479, 1408, 631, 4095, 525
1417, 1345, 1431, 592, 559, 0, 1476, 1371, 632, 4095, 527
1414, 1344, 1433, 586, 560, 0, 1476, 1375, 623, 4095, 527
1414, 1339, 1430, 589, 555, 0, 1474, 1374, 631, 4095, 511
1415, 1331, 1425, 583, 557, 0, 1474, 1369, 636, 4095, 528
1414, 1330, 1426, 583, 556, 0, 1472, 1371, 625, 4095, 522
1417, 1325, 1424, 581, 549, 0, 1470, 1374, 629, 4095, 526
1418, 1362, 1429, 577, 556, 0, 1473, 1371, 628, 4095, 511
1417, 1313, 1425, 583, 546, 0, 1472, 1367, 624, 4095, 518
1418, 1312, 1427, 577, 547, 0, 1469, 1367, 630, 4095, 528
1420, 1303, 1424, 589, 544, 0, 1471, 1371, 631, 4095, 523
1420, 1311, 1422, 587, 551, 0, 1472, 1377, 624, 4095, 523
1420, 1297, 1425, 582, 546, 0, 1470, 1372, 627, 4095, 528
1418, 1299, 1424, 581, 551, 0, 1469, 1366, 629, 4095, 527
1422, 1298, 1433, 586, 549, 0, 1470, 1370, 630, 4095, 528
1417, 1293, 1425, 579, 543, 0, 1467, 1363, 624, 4095, 528
1418, 1291, 1424, 586, 548, 0, 1467, 1357, 624, 4095, 528
1418, 1285, 1426, 578, 547, 0, 1467, 1365, 625, 4095, 528
1418, 1291, 1430, 586, 551, 0, 1467, 1369, 624, 4095, 528
1419, 1289, 1424, 582, 547, 0, 1465, 1363, 626, 4095, 532
1419, 1290, 1429, 585, 548, 0, 1469, 1362, 624, 4095, 534
1421, 1287, 1430, 587, 553, 0, 1467, 1365, 627, 4095, 539
1421, 1291, 1431, 586, 551, 0, 1471, 1371, 627, 4095, 537
1421, 1295, 1427, 586, 557, 0, 1491, 1366, 624, 4095, 535
1421, 1296, 1431, 579, 553, 0, 1471, 1362, 624, 4095, 533
1419, 1295, 1429, 583, 549, 0, 1471, 1363, 624, 4095, 542
1419, 1296, 1439, 583, 557, 0, 1473, 1369, 624, 4095, 539
1418, 1299, 1434, 584, 557, 0, 1474, 1370, 626, 4095, 544
1417, 1298, 1440, 586, 557, 0, 1472, 1372, 624, 4095, 550
1420, 1309, 1438, 581, 558, 0, 1473, 1371, 624, 4095, 553
1417, 1308, 1443, 579, 559, 0, 1473, 1369, 626, 4095, 547
1415, 1311, 1439, 584, 557, 0, 1477, 1370, 629, 4095, 549
1417, 1317, 1438, 586, 560, 0, 1474, 1378, 627, 4095, 552
1419, 1317, 1445, 590, 560, 0, 1477, 1366, 625, 4095, 555
1415, 1321, 1450, 586, 560, 0, 1477, 1367, 619, 4095, 558
1414, 1321, 1440, 592, 561, 0, 1478, 1366, 628, 4095, 551
1413, 1328, 1444, 587, 560, 0, 1479, 1365, 626, 4095, 549
1411, 1328, 1440, 592, 560, 0, 1481, 1366, 626, 4095, 546
1414, 1331, 1447, 592, 564, 0, 1485, 1369, 626, 4095, 558
1410, 1328, 1443, 593, 565, 0, 1482, 1370, 624, 4095, 610
1411, 1330, 1446, 595, 566, 0, 1483, 1362, 623, 4095, 554
1413, 1335, 1443, 593, 569, 0, 1479, 1364, 625, 4095, 550
1410, 1337, 1440, 592, 563, 0, 1477, 1364, 627, 4095, 551
1412, 1338, 1447, 594, 567, 0, 1483, 1366, 627, 4095, 559
1413, 1346, 1449, 593, 565, 0, 1465, 1367, 628, 4095, 551
1415, 1345, 1443, 593, 565, 0, 1488, 1370, 627, 4095, 555
1414, 1347, 1445, 592, 570, 0, 1488, 1370, 627, 4095, 560
1414, 1353, 1439, 590, 567, 0, 1488, 1365, 626, 4095, 557
1413, 1348, 1441, 592, 566, 0, 1485, 1346, 628, 4095, 559
1413, 1349, 1444, 592, 573, 0, 1488, 1363, 627, 4095, 558
1413, 1357, 1444, 592, 569, 0, 1485, 1371, 595, 4095, 528
1411, 1353, 1449, 593, 573, 0, 1488, 1363, 626, 4095, 561
1414, 1360, 1450, 591, 568, 0, 1487, 1366, 625, 4095, 559
1410, 1359, 1447, 592, 567, 0, 1487, 1363, 627, 4095, 560
1408, 1363, 1443, 581, 571, 0, 1488, 1375, 629, 4095, 560
1408, 1362, 1448, 591, 573, 0, 1488, 1362, 625, 4095, 560
1410, 1360, 1444, 592, 572, 0, 1488, 1365, 627, 4095, 560
1409, 1364, 1442, 584, 570, 0, 1485, 1361, 625, 4095, 561
1410, 1363, 1446, 592, 571, 0, 1482, 1360, 624, 4095, 564
1409, 1369, 1436, 592, 572, 0, 1485, 1363, 626, 4095, 560
1408, 1375, 1453, 589, 574, 0, 1484, 1365, 624, 4095, 562
1407, 1373, 1444, 593, 574, 0, 1488, 1362, 624, 4095, 569
1406, 1376, 1439, 591, 571, 0, 1488, 1361, 625, 4095, 562
1403, 1378, 1443, 592, 567, 0, 1488, 1361, 622, 4095, 571
1403, 1382, 1446, 592, 574, 0, 1488, 1354, 624, 4095, 563
1406, 1383, 1450, 599, 564, 0, 1486, 1366, 624, 4095, 567
1406, 1380, 1440, 592, 576, 0, 1488, 1361, 639, 4095, 566
1405, 1388, 1444, 583, 571, 0, 1487, 1363, 623, 4095, 563
1402, 1392, 1438, 591, 574, 0, 1488, 1364, 624, 4095, 567
1402, 1385, 1443, 587, 569, 0, 1487, 1362, 624, 4095, 564
1398, 1391, 1444, 592, 576, 0, 1488, 1365, 624, 4095, 563
1399, 1399, 1443, 587, 573, 0, 1459, 1361, 624, 4095, 566
1403, 1393, 1447, 590, 575, 0, 1488, 1363, 624, 4095, 570
1398, 1398, 1439, 592, 575, 0, 1487, 1360, 627, 4095, 573
1398, 1396, 1446, 591, 575, 0, 1487, 1363, 622, 4095, 567
1399, 1397, 1438, 590, 575, 0, 1486, 1363, 623, 4095, 574
1399, 1398, 1436, 595, 575, 0, 1488, 1361, 626, 4095, 569
1397, 1404, 1442, 591, 572, 0, 1488, 1362, 627, 4095, 574
1398, 1398, 1444, 592, 576, 0, 1488, 1363, 624, 4095, 565
1397, 1406, 1429, 592, 576, 0, 1484, 1360, 623, 4095, 565
1396, 1405, 1438, 592, 574, 0, 1488, 1353, 624, 4095, 566
1396, 1409, 1430, 594, 575, 16, 1488, 1358, 626, 4095, 574
1396, 1413, 1441, 591, 576, 0, 1485, 1360, 608, 4095, 566
1397, 1413, 1443, 592, 576, 0, 1485, 1360, 624, 4095, 574
1393, 1409, 1437, 593, 575, 0, 1485, 1359, 624, 4095, 565
1393, 1408, 1432, 592, 570, 0, 1482, 1356, 623, 4095, 568
1392, 1411, 1433, 591, 573, 0, 1479, 1360, 620, 4095, 574
1391, 1408, 1436, 587, 574, 0, 1484, 1359, 656, 4095, 575
1391, 1417, 1429, 592, 576, 0, 1486, 1359, 624, 4095, 570
1392, 1420, 1431, 590, 575, 0, 1487, 1358, 620, 4095, 570
1391, 1419, 1434, 587, 574, 0, 1478, 1355, 625, 4095, 570
1392, 1414, 1433, 592, 576, 0, 1485, 1357, 624, 4095, 574
1391, 1417, 1439, 591, 575, 0, 1455, 1352, 619, 4095, 570
1390, 1419, 1432, 589, 576, 0, 1482, 1350, 621, 4095, 571
1392, 1421, 1435, 583, 576, 0, 1483, 1353, 625, 4095, 574
1388, 1423, 1433, 583, 575, 0, 1479, 1355, 623, 4095, 574
1390, 1426, 1433, 590, 573, 0, 1485, 1357, 624, 4095, 575
1388, 1418, 1438, 590, 576, 0, 1486, 1356, 624, 4095, 573
1387, 1424, 1433, 587, 573, 0, 1483, 1356, 606, 4095, 567
1377, 1423, 1433, 587, 576, 0, 1483, 1355, 625, 4095, 576
1383, 1424, 1431, 592, 576, 0, 1481, 1357, 624, 4095, 576
1387, 1424, 1435, 590, 575, 0, 1485, 1345, 624, 4095, 573
1390, 1429, 1434, 592, 575, 0, 1485, 1353, 622, 4095, 575
1389, 1425, 1431, 590, 576, 0, 1479, 1346, 610, 4095, 576
1386, 1425, 1426, 592, 576, 0, 1487, 1350, 622, 4095, 575
1386, 1425, 1435, 590, 576, 0, 1485, 1343, 624, 4095, 570
1384, 1425, 1433, 589, 573, 0, 1483, 1344, 623, 4095, 576
1389, 1429, 1433, 592, 576, 0, 1481, 1345, 624, 4095, 573
1387, 1430, 1439, 590, 576, 0, 1486, 1353, 618, 4095, 576
1382, 1429, 1436, 587, 577, 0, 1484, 1346, 624, 4095, 576
1385, 1433, 1440, 592, 576, 0, 1487, 1347, 619, 4095, 576
1386, 1427, 1443, 592, 577, 0, 1483, 1343, 623, 4095, 573
1387, 1431, 1433, 592, 576, 0, 1485, 1343, 623, 4095, 577
1389, 1435, 1432, 599, 570, 0, 1487, 1349, 622, 4095, 573
1385, 1433, 1430, 602, 578, 0, 1486, 1351, 621, 4095, 574
1384, 1431, 1429, 597, 577, 0, 1488, 1347, 624, 4095, 574
1385, 1428, 1446, 595, 576, 0, 1485, 1346, 624, 4095, 569
1387, 1427, 1439, 599, 577, 0, 1485, 1344, 624, 4095, 571
1384, 1424, 1438, 595, 576, 0, 1483, 1349, 624, 4095, 573
1385, 1419, 1430, 604, 576, 0, 1485, 1343, 612, 4095, 565
1369, 1424, 1427, 605, 576, 0, 1485, 1346, 625, 4095, 573
1387, 1420, 1433, 608, 574, 0, 1485, 1349, 623, 4095, 563
1390, 1423, 1440, 602, 576, 0, 1487, 1349, 624, 4095, 562
1389, 1422, 1430, 607, 575, 0, 1485, 1345, 624, 4095, 561
1383, 1413, 1435, 608, 571, 0, 1486, 1346, 624, 4095, 560
1388, 1414, 1440, 610, 569, 0, 1482, 1345, 623, 4095, 557
1388, 1408, 1438, 603, 570, 0, 1485, 1344, 621, 4095, 559
1390, 1407, 1433, 612, 567, 0, 1480, 1345, 624, 4095, 560
1390, 1403, 1427, 608, 568, 0, 1485, 1347, 626, 4095, 558
1392, 1402, 1436, 612, 570, 0, 1485, 1350, 627, 4095, 554
1389, 1396, 1431, 609, 562, 0, 1477, 1347, 623, 4095, 560
1391, 1395, 1439, 608, 562, 0, 1482, 1354, 626, 4095, 556
1389, 1392, 1387, 606, 566, 0, 1482, 1346, 624, 4095, 560
1390, 1386, 1427, 601, 560, 0, 1482, 1328, 625, 4095, 560
1392, 1392, 1430, 608, 563, 0, 1481, 1351, 621, 4095, 559
1392, 1390, 1436, 602, 561, 0, 1477, 1350, 623, 4095, 573
1392, 1389, 1431, 605, 562, 0, 1482, 1353, 622, 4095, 558
1392, 1383, 1437, 605, 561, 0, 1480, 1347, 624, 4095, 558
1392, 1386, 1439, 605, 563, 0, 1482, 1354, 625, 4095, 560
1392, 1377, 1427, 656, 563, 0, 1482, 1353, 623, 4095, 557
1392, 1369, 1435, 615, 560, 0, 1481, 1350, 624, 4095, 560
1394, 1375, 1438, 610, 561, 0, 1483, 1347, 625, 4095, 560
1392, 1376, 1440, 610, 562, 0, 1477, 1351, 628, 4095, 560
1392, 1374, 1431, 605, 561, 0, 1479, 1350, 628, 4095, 560
1392, 1372, 1436, 605, 560, 0, 1481, 1350, 624, 4095, 560
1394, 1370, 1439, 607, 560, 0, 1477, 1346, 624, 4095, 558
1394, 1366, 1442, 603, 560, 0, 1481, 1345, 629, 4095, 555
1393, 1369, 1433, 602, 560, 0, 1482, 1350, 629, 4095, 560
1395, 1361, 1436, 601, 560, 0, 1478, 1343, 629, 4095, 560
1397, 1365, 1439, 610, 558, 0, 1477, 1333, 627, 4095, 560
1399, 1363, 1443, 623, 553, 0, 1477, 1344, 624, 4095, 557
1394, 1360, 1437, 605, 554, 0, 1475, 1345, 627, 4095, 560
1412, 1360, 1440, 606, 551, 0, 1475, 1340, 627, 4095, 559
1394, 1360, 1443, 606, 556, 0, 1478, 1344, 624, 4095, 557
1397, 1360, 1440, 603, 554, 0, 1479, 1345, 624, 4095, 555
1395, 1360, 1437, 603, 547, 0, 1474, 1344, 629, 4095, 557
1397, 1390, 1435, 606, 555, 0, 1475, 1345, 624, 4095, 555
1397, 1354, 1435, 605, 553, 0, 1478, 1350, 629, 4095, 556
1399, 1355, 1437, 603, 555, 0, 1479, 1346, 624, 4095, 558
1399, 1358, 1437, 598, 549, 0, 1475, 1347, 629, 4095, 557
1395, 1350, 1435, 603, 550, 0, 1479, 1348, 625, 4095, 560
1397, 1351, 1438, 608, 551, 0, 1466, 1344, 629, 4095, 551
1403, 1351, 1439, 605, 556, 0, 1472, 1346, 624, 4095, 560
1399, 1350, 1435, 606, 551, 0, 1478, 1344, 623, 4095, 560
1399, 1347, 1451, 609, 554, 0, 1479, 1344, 624, 4095, 559
1402, 1348, 1440, 611, 551, 0, 1474, 1347, 624, 4095, 561
1402, 1347, 1431, 601, 538, 0, 1478, 1345, 626, 4095, 555
1401, 1347, 1441, 602, 554, 0, 1474, 1342, 628, 4095, 553
1409, 1350, 1437, 602, 548, 0, 1475, 1349, 628, 4095, 551
1401, 1349, 1438, 607, 555, 0, 1477, 1342, 624, 4095, 554
1403, 1348, 1436, 605, 554, 0, 1479, 1347, 624, 4095, 559
1399, 1344, 1441, 605, 557, 0, 1479, 1349, 625, 4095, 560
1402, 1369, 1441, 607, 548, 0, 1479, 1346, 629, 4095, 560
1402, 1347, 1437, 607, 549, 0, 1477, 1344, 630, 4095, 560
1404, 1346, 1437, 603, 552, 0, 1481, 1349, 625, 4095, 558
1403, 1351, 1435, 602, 551, 0, 1479, 1351, 624, 4095, 557
1401, 1350, 1440, 603, 554, 0, 1479, 1351, 626, 4095, 555
1403, 1350, 1442, 603, 554, 0, 1477, 1345, 624, 4095, 560
1398, 1351, 1442, 600, 549, 0, 1482, 1347, 628, 4095, 559
1402, 1345, 1440, 607, 552, 0, 1481, 1345, 624, 4095, 558
1399, 1349, 1449, 602, 545, 0, 1476, 1348, 623, 4095, 556
1401, 1351, 1439, 606, 549, 0, 1483, 1344, 626, 4095, 562
1399, 1355, 1431, 603, 543, 0, 1482, 1351, 626, 4095, 562
1399, 1358, 1437, 605, 545, 0, 1479, 1348, 625, 4095, 561
1403, 1358, 1441, 602, 549, 0, 1479, 1351, 628, 4095, 560
1403, 1358, 1409, 605, 553, 0, 1479, 1357, 627, 4095, 560
1399, 1350, 1440, 607, 553, 0, 1481, 1344, 624, 4095, 562
1396, 1358, 1439, 576, 551, 0, 1478, 1350, 624, 4095, 560
1401, 1356, 1439, 598, 553, 0, 1477, 1348, 618, 4095, 566
1397, 1354, 1435, 597, 553, 0, 1474, 1346, 624, 4095, 561
1399, 1359, 1446, 605, 553, 0, 1479, 1347, 625, 4095, 561
1403, 1357, 1440, 598, 555, 0, 1482, 1346, 624, 4095, 568
1395, 1360, 1443, 592, 553, 0, 1481, 1345, 624, 4095, 560
1398, 1415, 1443, 597, 554, 0, 1462, 1347, 624, 4095, 565
1395, 1361, 1440, 599, 556, 0, 1479, 1348, 625, 4095, 562
1398, 1360, 1436, 595, 549, 0, 1481, 1344, 626, 4095, 565
1396, 1365, 1451, 603, 549, 0, 1481, 1345, 625, 4095, 565
1397, 1367, 1442, 593, 550, 0, 1477, 1351, 621, 4095, 569
1398, 1362, 1435, 592, 576, 0, 1479, 1349, 624, 4095, 562
1394, 1366, 1435, 596, 550, 0, 1481, 1347, 622, 4095, 567
1396, 1368, 1439, 594, 557, 0, 1481, 1349, 624, 4095, 569
1397, 1373, 1424, 593, 557, 0, 1481, 1348, 626, 4095, 570
1395, 1370, 1434, 592, 557, 0, 1481, 1338, 621, 4095, 574
1397, 1378, 1440, 592, 551, 0, 1477, 1344, 624, 4095, 569
1398, 1377, 1438, 592, 555, 0, 1483, 1345, 582, 4095, 570
1393, 1380, 1437, 597, 557, 0, 1484, 1339, 626, 4095, 572
1393, 1379, 1436, 595, 557, 0, 1481, 1345, 624, 4095, 570
1397, 1377, 1441, 595, 556, 0, 1485, 1347, 624, 4095, 575
1397, 1382, 1442, 597, 555, 0, 1481, 1343, 626, 4095, 573
1392, 1408, 1439, 602, 557, 0, 1481, 1341, 624, 4095, 576
1393, 1385, 1437, 594, 551, 0, 1487, 1347, 620, 4095, 575
1391, 1391, 1439, 593, 555, 0, 1483, 1343, 624, 4095, 569
1392, 1389, 1439, 595, 555, 0, 1483, 1344, 623, 4095, 571
1393, 1389, 1435, 592, 557, 0, 1481, 1344, 622, 4095, 567
1393, 1392, 1438, 601, 559, 0, 1485, 1347, 624, 4095, 577
1392, 1396, 1431, 595, 559, 0, 1481, 1343, 622, 4095, 572
1392, 1392, 1434, 598, 559, 0, 1484, 1345, 623, 4095, 570
1392, 1392, 1425, 601, 555, 0, 1485, 1345, 624, 4095, 576
1392, 1393, 1444, 606, 558, 0, 1481, 1343, 624, 4095, 575
1392, 1392, 1438, 624, 555, 0, 1481, 1339, 622, 4095, 570
1392, 1392, 1436, 609, 557, 0, 1485, 1343, 590, 4095, 531
1403, 1392, 1433, 610, 551, 0, 1481, 1343, 625, 4095, 573
1392, 1393, 1439, 601, 553, 0, 1478, 1343, 622, 4095, 566
1392, 1392, 1433, 605, 555, 0, 1483, 1343, 625, 4095, 564
1392, 1390, 1426, 607, 546, 0, 1477, 1342, 624, 4095, 567
1392, 1365, 1431, 607, 554, 0, 1519, 1335, 624, 4095, 560
1389, 1389, 1430, 609, 549, 0, 1478, 1342, 626, 4095, 560
1389, 1386, 1429, 607, 550, 0, 1478, 1339, 624, 4095, 558
1389, 1385, 1430, 606, 547, 0, 1477, 1345, 625, 4095, 554
1392, 1379, 1437, 612, 542, 0, 1472, 1340, 624, 4095, 553
1391, 1377, 1427, 609, 549, 0, 1472, 1342, 624, 4095, 547
1392, 1373, 1424, 609, 544, 0, 1473, 1337, 624, 4095, 551
1392, 1369, 1423, 613, 544, 0, 1473, 1339, 626, 4095, 546
1392, 1360, 1419, 613, 540, 0, 1472, 1341, 624, 4095, 547
1392, 1363, 1421, 614, 541, 0, 1471, 1334, 624, 4095, 543
1394, 1354, 1424, 610, 537, 0, 1470, 1342, 621, 4095, 537
1394, 1349, 1424, 609, 535, 0, 1469, 1339, 670, 4095, 563
1405, 1347, 1420, 605, 533, 0, 1471, 1340, 621, 4095, 534
1394, 1345, 1423, 613, 530, 0, 1466, 1342, 624, 4095, 542
1392, 1335, 1417, 613, 528, 0, 1465, 1341, 629, 4095, 531
1392, 1329, 1424, 615, 528, 0, 1465, 1339, 627, 4095, 542
1392, 1328, 1418, 610, 528, 0, 1473, 1335, 625, 4095, 530
1395, 1319, 1415, 608, 525, 0, 1460, 1330, 624, 4095, 528
1393, 1318, 1408, 608, 527, 0, 1461, 1337, 624, 4095, 529
1397, 1318, 1413, 610, 523, 0, 1458, 1333, 623, 4095, 528
1392, 1310, 1418, 604, 519, 0, 1457, 1334, 622, 4095, 528
1398, 1301, 1405, 601, 518, 0, 1451, 1337, 628, 4095, 519
1394, 1301, 1405, 599, 519, 0, 1456, 1337, 625, 4095, 523
1399, 1297, 1403, 605, 510, 0, 1456, 1335, 624, 4095, 522
1395, 1295, 1407, 606, 509, 0, 1451, 1333, 622, 4095, 510
1395, 1290, 1408, 602, 505, 0, 1453, 1333, 624, 4095, 518
1397, 1285, 1399, 607, 506, 0, 1452, 1329, 624, 4095, 522
1398, 1281, 1408, 592, 506, 0, 1456, 1331, 596, 4095, 523
1398, 1281, 1401, 603, 503, 0, 1447, 1334, 624, 4095, 511
1399, 1280, 1408, 603, 506, 0, 1454, 1330, 624, 4095, 518
1402, 1280, 1396, 596, 506, 0, 1454, 1334, 623, 4095, 523
1399, 1278, 1403, 594, 502, 0, 1451, 1327, 624, 4095, 527
1401, 1231, 1407, 593, 508, 0, 1421, 1328, 624, 4095, 520
1399, 1273, 1405, 595, 506, 0, 1447, 1326, 624, 4095, 528
1398, 1276, 1408, 592, 507, 0, 1450, 1328, 624, 4095, 527
1402, 1273, 1403, 591, 507, 0, 1449, 1329, 621, 4095, 528
1403, 1271, 1407, 592, 509, 0, 1455, 1330, 624, 4095, 531
1403, 1272, 1409, 592, 506, 0, 1453, 1333, 623, 4095, 531
1400, 1275, 1408, 592, 506, 0, 1453, 1330, 624, 4095, 535
1401, 1279, 1418, 592, 507, 0, 1455, 1335, 624, 4095, 535
1395, 1280, 1414, 589, 509, 0, 1455, 1328, 624, 4095, 522
1402, 1280, 1411, 585, 510, 0, 1455, 1302, 624, 4095, 533
1399, 1281, 1415, 560, 518, 0, 1456, 1339, 622, 4095, 545
1399, 1281, 1417, 580, 518, 0, 1457, 1339, 597, 4095, 553
1424, 1285, 1415, 580, 518, 0, 1455, 1331, 622, 4095, 545
1399, 1290, 1421, 580, 511, 0, 1456, 1333, 622, 4095, 544
1401, 1296, 1417, 590, 509, 0, 1456, 1330, 621, 4095, 548
1399, 1297, 1417, 589, 511, 0, 1457, 1328, 618, 4095, 544
1398, 1301, 1420, 561, 526, 0, 1456, 1331, 623, 4095, 553
1397, 1303, 1421, 591, 523, 0, 1460, 1329, 624, 4095, 547
1398, 1311, 1419, 588, 523, 0, 1458, 1330, 624, 4095, 554
1403, 1306, 1424, 596, 525, 0, 1461, 1331, 624, 4095, 549
1397, 1312, 1429, 592, 526, 0, 1462, 1330, 624, 4095, 555
1400, 1316, 1426, 603, 503, 0, 1461, 1341, 624, 4095, 546
1399, 1312, 1422, 598, 523, 0, 1459, 1331, 623, 4095, 547
1401, 1322, 1418, 603, 525, 0, 1462, 1328, 619, 4095, 545
1401, 1319, 1424, 602, 524, 0, 1465, 1328, 624, 4095, 541
1395, 1321, 1423, 609, 525, 0, 1465, 1330, 621, 4095, 545
1401, 1324, 1426, 607, 525, 0, 1456, 1329, 624, 4095, 545
1395, 1322, 1415, 608, 526, 0, 1465, 1335, 618, 4095, 594
1398, 1322, 1419, 613, 522, 0, 1465, 1329, 625, 4095, 546
1403, 1317, 1415, 609, 519, 0, 1462, 1337, 624, 4095, 538
1403, 1319, 1409, 608, 525, 0, 1457, 1335, 624, 4095, 533
1398, 1316, 1418, 605, 519, 0, 1463, 1333, 625, 4095, 537
1402, 1302, 1414, 603, 519, 0, 1473, 1328, 624, 4095, 533
1397, 1318, 1415, 599, 522, 0, 1463, 1328, 624, 4095, 530
1398, 1310, 1411, 593, 519, 0, 1457, 1328, 627, 4095, 526
1403, 1311, 1409, 597, 510, 0, 1461, 1329, 624, 4095, 528
1404, 1311, 1408, 592, 510, 0, 1459, 1320, 626, 4095, 524
1403, 1311, 1408, 588, 501, 0, 1456, 1328, 624, 4095, 521
1399, 1308, 1392, 593, 509, 0, 1460, 1329, 624, 4095, 508
1402, 1303, 1392, 587, 509, 0, 1456, 1328, 625, 4095, 505
1407, 1307, 1395, 592, 511, 0, 1457, 1323, 623, 4095, 502
1405, 1301, 1386, 587, 507, 0, 1456, 1328, 624, 4095, 500
1405, 1296, 1386, 563, 503, 0, 1456, 1326, 624, 4095, 496
1403, 1295, 1379, 590, 502, 0, 1451, 1323, 617, 4095, 483
1404, 1292, 1377, 591, 505, 0, 1451, 1319, 625, 4095, 496
1403, 1286, 1375, 592, 505, 0, 1449, 1323, 619, 4095, 496
1398, 1286, 1371, 588, 500, 0, 1450, 1319, 624, 4095, 494
1405, 1281, 1370, 593, 499, 0, 1447, 1322, 619, 4095, 501
1402, 1280, 1373, 590, 490, 0, 1446, 1318, 625, 4095, 496
1405, 1271, 1376, 588, 496, 0, 1445, 1318, 625, 4095, 494
1399, 1273, 1363, 592, 501, 0, 1444, 1314, 618, 4095, 497
1401, 1270, 1367, 592, 499, 0, 1442, 1315, 622, 4095, 497
1399, 1267, 1366, 592, 502, 0, 1440, 1314, 624, 4095, 494
1401, 1265, 1368, 589, 494, 16, 1438, 1319, 616, 4095, 505
1401, 1264, 1367, 597, 499, 0, 1444, 1318, 623, 4095, 501
1391, 1262, 1363, 589, 498, 0, 1442, 1317, 624, 4095, 498
1405, 1261, 1363, 592, 497, 0, 1442, 1310, 624, 4095, 501
1403, 1261, 1365, 589, 502, 0, 1443, 1315, 621, 4095, 500
1405, 1250, 1370, 596, 497, 0, 1442, 1314, 624, 4095, 496
1406, 1232, 1370, 593, 497, 0, 1444, 1309, 624, 4095, 558
1402, 1249, 1373, 592, 497, 0, 1441, 1311, 624, 4095, 505
1403, 1252, 1371, 592, 500, 0, 1441, 1318, 624, 4095, 522
1404, 1250, 1371, 597, 497, 0, 1442, 1314, 624, 4095, 506
1404, 1251, 1373, 595, 502, 0, 1444, 1317, 617, 4095, 505
1401, 1253, 1378, 596, 501, 0, 1443, 1312, 621, 4095, 507
1406, 1250, 1371, 592, 503, 0, 1446, 1314, 623, 4095, 508
1405, 1253, 1375, 591, 504, 0, 1446, 1316, 624, 4095, 508
1401, 1255, 1375, 598, 504, 0, 1447, 1312, 624, 4095, 509
1402, 1249, 1376, 594, 505, 0, 1450, 1308, 622, 4095, 510
1403, 1256, 1375, 598, 496, 0, 1449, 1311, 617, 4095, 526
1398, 1255, 1379, 601, 506, 0, 1451, 1313, 624, 4095, 522
1383, 1257, 1376, 595, 503, 0, 1447, 1311, 624, 4095, 525
1402, 1259, 1380, 595, 503, 0, 1455, 1315, 623, 4095, 525
1403, 1255, 1375, 602, 506, 0, 1451, 1311, 622, 4095, 524
1403, 1259, 1383, 597, 506, 0, 1454, 1311, 626, 4095, 517
1403, 1250, 1371, 599, 505, 0, 1439, 1315, 624, 4095, 550
1403, 1263, 1375, 599, 505, 0, 1453, 1312, 624, 4095, 519
1396, 1255, 1372, 592, 503, 0, 1445, 1305, 624, 4095, 524
1396, 1259, 1378, 592, 507, 0, 1449, 1306, 623, 4095, 528
1398, 1261, 1377, 594, 505, 0, 1450, 1311, 622, 4095, 528
1393, 1264, 1376, 591, 510, 0, 1451, 1310, 621, 4095, 530
1398, 1266, 1378, 592, 503, 0, 1449, 1313, 633, 4095, 526
1392, 1271, 1379, 591, 505, 0, 1450, 1310, 622, 4095, 533
1396, 1266, 1377, 592, 505, 0, 1450, 1307, 623, 4095, 530
1394, 1277, 1381, 589, 511, 0, 1451, 1308, 622, 4095, 529
1398, 1273, 1378, 592, 505, 0, 1453, 1303, 622, 4095, 532
1393, 1283, 1384, 589, 507, 0, 1445, 1310, 623, 4095, 534
1397, 1286, 1390, 590, 508, 0, 1447, 1307, 624, 4095, 538
1396, 1287, 1382, 595, 509, 0, 1454, 1308, 619, 4095, 533
1393, 1290, 1383, 592, 510, 0, 1447, 1309, 621, 4095, 537
1395, 1290, 1382, 594, 509, 0, 1447, 1309, 621, 4095, 537
1393, 1295, 1382, 590, 496, 0, 1450, 1298, 624, 4095, 531
1392, 1296, 1392, 598, 511, 0, 1455, 1303, 622, 4095, 539
1393, 1298, 1386, 592, 507, 0, 1451, 1303, 615, 4095, 534
1392, 1297, 1377, 592, 509, 0, 1453, 1308, 622, 4095, 543
1392, 1299, 1390, 592, 518, 0, 1456, 1294, 617, 4095, 539
1392, 1302, 1389, 566, 509, 0, 1452, 1311, 624, 4095, 537
1389, 1309, 1380, 595, 517, 0, 1453, 1307, 619, 4095, 544
1392, 1311, 1382, 593, 519, 0, 1453, 1307, 619, 4095, 543
1392, 1309, 1380, 596, 519, 0, 1456, 1302, 621, 4095, 538
1390, 1315, 1380, 592, 510, 0, 1451, 1306, 621, 4095, 537
1390, 1312, 1378, 593, 509, 0, 1449, 1302, 623, 4095, 538
1390, 1373, 1386, 594, 511, 0, 1435, 1307, 619, 4095, 541
1388, 1319, 1379, 592, 511, 0, 1455, 1308, 619, 4095, 540
1391, 1326, 1387, 597, 511, 0, 1453, 1299, 621, 4095, 545
1389, 1325, 1386, 595, 517, 0, 1451, 1307, 615, 4095, 539
1386, 1327, 1380, 590, 511, 0, 1453, 1296, 615, 4095, 541
1385, 1328, 1383, 592, 505, 0, 1451, 1302, 613, 4095, 543
1386, 1329, 1379, 592, 518, 0, 1453, 1306, 618, 4095, 544
1383, 1327, 1387, 595, 509, 0, 1454, 1300, 614, 4095, 545
1383, 1331, 1445, 591, 521, 0, 1448, 1302, 618, 4095, 540
1382, 1333, 1389, 594, 511, 0, 1451, 1302, 619, 4095, 555
1387, 1335, 1386, 595, 523, 0, 1451, 1306, 618, 4095, 545
1386, 1354, 1379, 592, 517, 0, 1451, 1299, 621, 4095, 542
1382, 1338, 1384, 592, 519, 0, 1451, 1297, 622, 4095, 544
1379, 1343, 1379, 595, 521, 0, 1455, 1302, 614, 4095, 547
1382, 1344, 1385, 594, 525, 0, 1453, 1299, 611, 4095, 544
1383, 1342, 1382, 592, 518, 0, 1451, 1298, 619, 4095, 546
1379, 1349, 1392, 592, 521, 0, 1451, 1302, 621, 4095, 543
1377, 1347, 1391, 590, 521, 0, 1450, 1297, 620, 4095, 545
1382, 1346, 1386, 589, 519, 0, 1454, 1296, 621, 4095, 546
1378, 1345, 1386, 588, 520, 0, 1449, 1294, 621, 4095, 555
1379, 1347, 1385, 583, 519, 0, 1453, 1296, 613, 4095, 549
1379, 1348, 1382, 587, 517, 0, 1455, 1296, 622, 4095, 546
1379, 1353, 1379, 583, 522, 0, 1449, 1298, 658, 4095, 530
1378, 1351, 1382, 576, 518, 0, 1451, 1298, 615, 4095, 553
1378, 1353, 1383, 578, 521, 0, 1453, 1303, 614, 4095, 550
1379, 1359, 1390, 572, 522, 0, 1454, 1294, 619, 4095, 547
1378, 1357, 1382, 595, 517, 0, 1450, 1297, 612, 4095, 547
1377, 1359, 1385, 589, 521, 0, 1449, 1297, 610, 4095, 507
1377, 1360, 1382, 591, 509, 0, 1452, 1298, 617, 4095, 553
1379, 1358, 1391, 592, 519, 0, 1446, 1297, 619, 4095, 548
1377, 1361, 1391, 590, 508, 0, 1447, 1299, 619, 4095, 543
1376, 1360, 1386, 592, 511, 0, 1451, 1297, 621, 4095, 547
1377, 1362, 1392, 592, 510, 0, 1452, 1299, 619, 4095, 545
1376, 1360, 1378, 592, 518, 0, 1447, 1298, 622, 4095, 545
1395, 1360, 1381, 594, 519, 0, 1450, 1297, 619, 4095, 553
1378, 1358, 1369, 592, 517, 0, 1447, 1295, 617, 4095, 551
1377, 1353, 1381, 599, 511, 0, 1445, 1264, 620, 4095, 549
1373, 1359, 1388, 593, 510, 0, 1449, 1302, 613, 4095, 542
1373, 1358, 1390, 593, 510, 0, 1448, 1296, 591, 4095, 547
1373, 1356, 1383, 592, 509, 0, 1443, 1295, 622, 4095, 539
1375, 1350, 1382, 594, 507, 0, 1447, 1296, 615, 4095, 544
1377, 1359, 1385, 598, 511, 0, 1450, 1296, 622, 4095, 541
1375, 1347, 1387, 592, 506, 0, 1447, 1296, 615, 4095, 537
1376, 1315, 1377, 592, 503, 0, 1447, 1295, 623, 4095, 538
1376, 1350, 1388, 593, 507, 0, 1446, 1287, 623, 4095, 537
1375, 1353, 1380, 592, 506, 0, 1447, 1295, 613, 4095, 542
1377, 1345, 1387, 594, 502, 0, 1442, 1293, 615, 4095, 543
1376, 1345, 1379, 592, 503, 0, 1444, 1296, 613, 4095, 531
1377, 1344, 1375, 596, 497, 0, 1469, 1296, 615, 4095, 534
1376, 1344, 1381, 592, 505, 0, 1447, 1292, 614, 4095, 538
1375, 1341, 1384, 595, 498, 0, 1444, 1296, 618, 4095, 538
1375, 1343, 1399, 595, 499, 0, 1445, 1295, 613, 4095, 535
1377, 1335, 1380, 595, 500, 0, 1443, 1285, 617, 4095, 533
1376, 1337, 1378, 617, 496, 0, 1440, 1291, 619, 4095, 535
1381, 1330, 1381, 596, 496, 0, 1439, 1294, 607, 4095, 529
1391, 1332, 1379, 595, 496, 0, 1441, 1287, 623, 4095, 534
1375, 1327, 1382, 596, 496, 0, 1442, 1293, 623, 4095, 528
1378, 1324, 1378, 592, 496, 0, 1438, 1291, 617, 4095, 529
1378, 1324, 1379, 592, 493, 0, 1438, 1290, 621, 4095, 528
1381, 1306, 1381, 592, 494, 0, 1437, 1295, 623, 4095, 528
1381, 1319, 1381, 593, 494, 0, 1438, 1289, 623, 4095, 529
1382, 1318, 1381, 591, 491, 0, 1436, 1295, 617, 4095, 535
1380, 1326, 1370, 583, 491, 0, 1440, 1290, 623, 4095, 539
1382, 1319, 1379, 592, 493, 0, 1439, 1322, 622, 4095, 536
1382, 1324, 1374, 586, 473, 0, 1437, 1291, 624, 4095, 529
1381, 1325, 1373, 578, 491, 0, 1439, 1295, 620, 4095, 533
1392, 1323, 1378, 576, 488, 0, 1440, 1296, 618, 4095, 535
1381, 1327, 1380, 567, 487, 0, 1438, 1289, 621, 4095, 542
1381, 1322, 1378, 560, 487, 0, 1437, 1292, 620, 4095, 534
1383, 1328, 1374, 546, 484, 0, 1440, 1286, 618, 4095, 529
1383, 1350, 1371, 560, 478, 0, 1439, 1291, 620, 4095, 592
1385, 1317, 1371, 560, 479, 0, 1435, 1289, 622, 4095, 528
1386, 1319, 1377, 560, 475, 0, 1429, 1291, 618, 4095, 525
1385, 1316, 1373, 565, 475, 0, 1429, 1289, 621, 4095, 518
1383, 1311, 1371, 565, 470, 0, 1434, 1286, 617, 4095, 509
1383, 1307, 1361, 562, 469, 0, 1434, 1289, 619, 4095, 502
1387, 1306, 1364, 557, 469, 0, 1424, 1285, 615, 4095, 503
1388, 1309, 1360, 560, 465, 0, 1424, 1286, 621, 4095, 503
1388, 1302, 1350, 559, 464, 0, 1425, 1287, 619, 4095, 500
1387, 1297, 1353, 565, 464, 0, 1424, 1286, 617, 4095, 498
1387, 1299, 1352, 562, 496, 0, 1424, 1292, 615, 4095, 498
1387, 1291, 1346, 565, 465, 0, 1420, 1285, 613, 4095, 496
1390, 1290, 1349, 564, 464, 0, 1420, 1285, 615, 4095, 496
1390, 1295, 1343, 565, 463, 0, 1420, 1287, 616, 4095, 502
1390, 1287, 1350, 565, 465, 0, 1415, 1287, 617, 4095, 497
1390, 1291, 1343, 560, 463, 0, 1418, 1281, 615, 4095, 496
1389, 1249, 1343, 558, 464, 0, 1408, 1281, 611, 4095, 496
1383, 1287, 1347, 553, 464, 0, 1413, 1286, 615, 4095, 499
1386, 1286, 1347, 554, 465, 0, 1417, 1285, 617, 4095, 507
1387, 1283, 1339, 560, 467, 0, 1417, 1280, 611, 4095, 503
1387, 1283, 1344, 559, 469, 0, 1413, 1279, 614, 4095, 501
1389, 1292, 1342, 561, 471, 0, 1414, 1282, 610, 4095, 503
1386, 1286, 1342, 560, 474, 0, 1421, 1280, 607, 4095, 511
1383, 1291, 1347, 560, 473, 0, 1417, 1275, 615, 4095, 518
1385, 1290, 1335, 560, 475, 0, 1419, 1280, 610, 4095, 509
1387, 1296, 1348, 565, 470, 0, 1417, 1251, 615, 4095, 507
1383, 1296, 1342, 559, 475, 0, 1419, 1280, 608, 4095, 511
1381, 1296, 1344, 569, 475, 0, 1423, 1279, 623, 4095, 547
1380, 1296, 1341, 567, 475, 0, 1419, 1281, 613, 4095, 511
1382, 1298, 1344, 570, 475, 0, 1419, 1275, 617, 4095, 510
1383, 1300, 1344, 572, 479, 0, 1421, 1284, 614, 4095, 524
1382, 1297, 1346, 571, 476, 0, 1424, 1280, 614, 4095, 519
1379, 1367, 1345, 571, 480, 0, 1422, 1280, 608, 4095, 522
1378, 1307, 1344, 566, 478, 0, 1419, 1279, 615, 4095, 519
1383, 1308, 1349, 574, 481, 0, 1423, 1280, 609, 4095, 511
1382, 1303, 1343, 576, 480, 0, 1424, 1280, 618, 4095, 517
1379, 1303, 1346, 576, 479, 0, 1421, 1281, 615, 4095, 518
1379, 1307, 1346, 572, 471, 0, 1419, 1283, 614, 4095, 511
1377, 1310, 1351, 573, 475, 0, 1421, 1276, 615, 4095, 509
1381, 1310, 1346, 565, 480, 0, 1424, 1279, 608, 4095, 507
1380, 1311, 1350, 567, 480, 0, 1424, 1278, 616, 4095, 521
1379, 1313, 1350, 567, 477, 0, 1421, 1277, 617, 4095, 507
1377, 1309, 1347, 543, 475, 0, 1422, 1274, 614, 4095, 519
1378, 1311, 1344, 561, 476, 0, 1424, 1276, 582, 4095, 510
1379, 1310, 1342, 564, 477, 0, 1423, 1271, 611, 4095, 518
1377, 1310, 1353, 560, 477, 0, 1421, 1275, 614, 4095, 525
1377, 1309, 1350, 565, 473, 0, 1421, 1278, 615, 4095, 522
1374, 1307, 1349, 567, 475, 0, 1422, 1274, 612, 4095, 506
1375, 1297, 1350, 560, 475, 0, 1451, 1277, 610, 4095, 517
1374, 1308, 1344, 559, 475, 0, 1423, 1275, 611, 4095, 518
1374, 1305, 1351, 555, 474, 0, 1419, 1271, 612, 4095, 520
1376, 1308, 1360, 559, 473, 0, 1419, 1275, 610, 4095, 519
1375, 1303, 1347, 558, 474, 0, 1420, 1273, 607, 4095, 502
1372, 1302, 1342, 557, 466, 0, 1418, 1276, 609, 4095, 511
1373, 1305, 1345, 551, 469, 0, 1420, 1270, 604, 4095, 506
1367, 1305, 1345, 551, 468, 0, 1420, 1274, 610, 4095, 507
1375, 1299, 1357, 554, 466, 0, 1416, 1269, 613, 4095, 503
1372, 1296, 1345, 554, 466, 0, 1416, 1264, 608, 4095, 502
1375, 1298, 1340, 562, 464, 0, 1415, 1276, 607, 4095, 497
1369, 1295, 1347, 554, 464, 0, 1409, 1273, 610, 4095, 504
1373, 1296, 1340, 555, 465, 0, 1408, 1270, 604, 4095, 506
1375, 1295, 1342, 550, 459, 0, 1414, 1277, 607, 4095, 498
1378, 1293, 1343, 554, 464, 0, 1415, 1275, 610, 4095, 499
1375, 1288, 1338, 551, 463, 0, 1409, 1266, 608, 4095, 495
1375, 1290, 1333, 551, 462, 0, 1406, 1267, 609, 4095, 496
1373, 1286, 1329, 550, 458, 0, 1408, 1271, 604, 4095, 496
1374, 1280, 1335, 557, 455, 0, 1407, 1265, 606, 4095, 486
1374, 1278, 1330, 551, 458, 0, 1406, 1269, 606, 4095, 487
1372, 1274, 1328, 559, 453, 0, 1403, 1303, 603, 4095, 487
1367, 1270, 1333, 560, 443, 0, 1405, 1264, 608, 4095, 484
1370, 1271, 1328, 555, 451, 0, 1405, 1269, 605, 4095, 483
1369, 1266, 1328, 560, 451, 0, 1402, 1265, 603, 4095, 487
1371, 1264, 1347, 560, 451, 0, 1398, 1261, 603, 4095, 479
1373, 1263, 1323, 560, 449, 0, 1399, 1264, 607, 4095, 477
1371, 1256, 1322, 533, 448, 0, 1398, 1264, 606, 4095, 479
1372, 1243, 1316, 560, 447, 0, 1392, 1267, 610, 4095, 479
1372, 1249, 1314, 560, 443, 0, 1394, 1264, 609, 4095, 478
1371, 1248, 1319, 558, 446, 0, 1393, 1266, 606, 4095, 477
1372, 1247, 1317, 559, 446, 0, 1392, 1264, 607, 4095, 475
1369, 1239, 1313, 558, 441, 0, 1392, 1260, 599, 4095, 477
1369, 1239, 1316, 561, 443, 0, 1365, 1264, 608, 4095, 483
1371, 1241, 1311, 555, 443, 0, 1387, 1263, 606, 4095, 483
1369, 1233, 1309, 558, 438, 0, 1390, 1259, 607, 4095, 473
1367, 1232, 1366, 558, 438, 0, 1388, 1263, 605, 4095, 471
1367, 1231, 1310, 560, 436, 0, 1387, 1263, 603, 4095, 473
1369, 1232, 1312, 558, 437, 21, 1391, 1263, 608, 4095, 477
1370, 1220, 1313, 560, 437, 0, 1387, 1260, 604, 4095, 471
1375, 1219, 1311, 555, 437, 0, 1386, 1261, 605, 4095, 475
1365, 1219, 1301, 549, 432, 0, 1378, 1255, 598, 4095, 473
1367, 1214, 1303, 555, 435, 0, 1378, 1253, 605, 4095, 473
1372, 1211, 1306, 555, 433, 0, 1379, 1259, 602, 4095, 470
1373, 1200, 1302, 555, 432, 0, 1378, 1254, 583, 4095, 436
1370, 1207, 1309, 554, 432, 0, 1379, 1261, 605, 4095, 466
1374, 1211, 1303, 550, 432, 0, 1376, 1255, 605, 4095, 466
1370, 1209, 1305, 550, 432, 0, 1375, 1254, 605, 4095, 473
1373, 1204, 1303, 553, 431, 0, 1375, 1266, 603, 4095, 465
1371, 1201, 1299, 547, 416, 0, 1376, 1251, 601, 4095, 464
1374, 1200, 1300, 546, 425, 0, 1371, 1253, 599, 4095, 471
1373, 1200, 1296, 557, 427, 0, 1371, 1255, 603, 4095, 467
1372, 1196, 1297, 546, 425, 0, 1375, 1254, 605, 4095, 464
1373, 1199, 1296, 555, 429, 0, 1374, 1265, 593, 4095, 462
1374, 1189, 1297, 601, 429, 0, 1372, 1249, 602, 4095, 466
1373, 1191, 1294, 553, 429, 0, 1374, 1251, 605, 4095, 464
1373, 1185, 1291, 560, 431, 0, 1373, 1253, 605, 4095, 464
1372, 1185, 1289, 560, 429, 0, 1372, 1251, 603, 4095, 462
1375, 1187, 1285, 555, 430, 0, 1373, 1248, 607, 4095, 457
1370, 1183, 1286, 535, 430, 0, 1369, 1248, 606, 4095, 454
1