#! /opt/local/bin/vvp
:ivl_version "11.0 (stable)" "(v11_0)";
:ivl_delay_selection "TYPICAL";
:vpi_time_precision + 0;
:vpi_module "/opt/local/lib/ivl/system.vpi";
:vpi_module "/opt/local/lib/ivl/vhdl_sys.vpi";
:vpi_module "/opt/local/lib/ivl/vhdl_textio.vpi";
:vpi_module "/opt/local/lib/ivl/v2005_math.vpi";
:vpi_module "/opt/local/lib/ivl/va_math.vpi";
S_0x12e805580 .scope module, "Function_Control" "Function_Control" 2 1;
 .timescale 0 0;
    .port_info 0 /INPUT 5 "op";
    .port_info 1 /OUTPUT 1 "arith_op";
    .port_info 2 /OUTPUT 2 "logic_op";
    .port_info 3 /OUTPUT 2 "shifter_op";
    .port_info 4 /OUTPUT 3 "cmp_op";
    .port_info 5 /OUTPUT 3 "unit_select";
    .port_info 6 /OUTPUT 1 "mul_op";
    .port_info 7 /OUTPUT 1 "div_op";
P_0x12f012400 .param/l "ADD" 1 2 12, C4<00000>;
P_0x12f012440 .param/l "AND" 1 2 14, C4<00010>;
P_0x12f012480 .param/l "DIVU" 1 2 29, C4<10000>;
P_0x12f0124c0 .param/l "EQUAL" 1 2 17, C4<00101>;
P_0x12f012500 .param/l "GREATER" 1 2 21, C4<01001>;
P_0x12f012540 .param/l "GREATER_EQUAL" 1 2 18, C4<00110>;
P_0x12f012580 .param/l "GREATER_EQUAL_SIGNED" 1 2 25, C4<01101>;
P_0x12f0125c0 .param/l "LESS_THAN" 1 2 19, C4<00111>;
P_0x12f012600 .param/l "LESS_THAN_SIGNED" 1 2 26, C4<01110>;
P_0x12f012640 .param/l "MULHU" 1 2 28, C4<01111>;
P_0x12f012680 .param/l "NOT_EQUAL" 1 2 20, C4<01000>;
P_0x12f0126c0 .param/l "OR" 1 2 16, C4<00100>;
P_0x12f012700 .param/l "REMU" 1 2 30, C4<10001>;
P_0x12f012740 .param/l "SLL" 1 2 22, C4<01010>;
P_0x12f012780 .param/l "SRA" 1 2 24, C4<01100>;
P_0x12f0127c0 .param/l "SRL" 1 2 23, C4<01011>;
P_0x12f012800 .param/l "SUB" 1 2 13, C4<00001>;
P_0x12f012840 .param/l "XOR" 1 2 15, C4<00011>;
v0x12e817560_0 .var "arith_op", 0 0;
v0x12e8270a0_0 .var "cmp_op", 2 0;
v0x12e827140_0 .var "div_op", 0 0;
v0x12e8271f0_0 .var "logic_op", 1 0;
v0x12e827290_0 .var "mul_op", 0 0;
o0x130040100 .functor BUFZ 5, C4<zzzzz>; HiZ drive
v0x12e827370_0 .net "op", 4 0, o0x130040100;  0 drivers
v0x12e827420_0 .var "shifter_op", 1 0;
v0x12e8274d0_0 .var "unit_select", 2 0;
E_0x12e8082a0 .event edge, v0x12e827370_0;
    .scope S_0x12e805580;
T_0 ;
    %wait E_0x12e8082a0;
    %load/vec4 v0x12e827370_0;
    %dup/vec4;
    %pushi/vec4 0, 0, 5;
    %cmp/u;
    %jmp/1 T_0.0, 6;
    %dup/vec4;
    %pushi/vec4 1, 0, 5;
    %cmp/u;
    %jmp/1 T_0.1, 6;
    %dup/vec4;
    %pushi/vec4 2, 0, 5;
    %cmp/u;
    %jmp/1 T_0.2, 6;
    %dup/vec4;
    %pushi/vec4 3, 0, 5;
    %cmp/u;
    %jmp/1 T_0.3, 6;
    %dup/vec4;
    %pushi/vec4 4, 0, 5;
    %cmp/u;
    %jmp/1 T_0.4, 6;
    %dup/vec4;
    %pushi/vec4 5, 0, 5;
    %cmp/u;
    %jmp/1 T_0.5, 6;
    %dup/vec4;
    %pushi/vec4 8, 0, 5;
    %cmp/u;
    %jmp/1 T_0.6, 6;
    %dup/vec4;
    %pushi/vec4 9, 0, 5;
    %cmp/u;
    %jmp/1 T_0.7, 6;
    %dup/vec4;
    %pushi/vec4 6, 0, 5;
    %cmp/u;
    %jmp/1 T_0.8, 6;
    %dup/vec4;
    %pushi/vec4 7, 0, 5;
    %cmp/u;
    %jmp/1 T_0.9, 6;
    %dup/vec4;
    %pushi/vec4 10, 0, 5;
    %cmp/u;
    %jmp/1 T_0.10, 6;
    %dup/vec4;
    %pushi/vec4 11, 0, 5;
    %cmp/u;
    %jmp/1 T_0.11, 6;
    %dup/vec4;
    %pushi/vec4 12, 0, 5;
    %cmp/u;
    %jmp/1 T_0.12, 6;
    %dup/vec4;
    %pushi/vec4 13, 0, 5;
    %cmp/u;
    %jmp/1 T_0.13, 6;
    %dup/vec4;
    %pushi/vec4 14, 0, 5;
    %cmp/u;
    %jmp/1 T_0.14, 6;
    %dup/vec4;
    %pushi/vec4 15, 0, 5;
    %cmp/u;
    %jmp/1 T_0.15, 6;
    %dup/vec4;
    %pushi/vec4 16, 0, 5;
    %cmp/u;
    %jmp/1 T_0.16, 6;
    %dup/vec4;
    %pushi/vec4 17, 0, 5;
    %cmp/u;
    %jmp/1 T_0.17, 6;
    %pushi/vec4 0, 0, 1;
    %store/vec4 v0x12e827290_0, 0, 1;
    %pushi/vec4 0, 0, 1;
    %store/vec4 v0x12e827140_0, 0, 1;
    %pushi/vec4 0, 0, 1;
    %store/vec4 v0x12e817560_0, 0, 1;
    %pushi/vec4 3, 0, 2;
    %store/vec4 v0x12e8271f0_0, 0, 2;
    %pushi/vec4 3, 0, 2;
    %store/vec4 v0x12e827420_0, 0, 2;
    %pushi/vec4 7, 0, 3;
    %store/vec4 v0x12e8270a0_0, 0, 3;
    %pushi/vec4 0, 0, 3;
    %store/vec4 v0x12e8274d0_0, 0, 3;
    %jmp T_0.19;
T_0.0 ;
    %pushi/vec4 0, 0, 1;
    %store/vec4 v0x12e817560_0, 0, 1;
    %pushi/vec4 0, 0, 3;
    %store/vec4 v0x12e8274d0_0, 0, 3;
    %jmp T_0.19;
T_0.1 ;
    %pushi/vec4 1, 0, 1;
    %store/vec4 v0x12e817560_0, 0, 1;
    %pushi/vec4 0, 0, 3;
    %store/vec4 v0x12e8274d0_0, 0, 3;
    %jmp T_0.19;
T_0.2 ;
    %pushi/vec4 0, 0, 2;
    %store/vec4 v0x12e8271f0_0, 0, 2;
    %pushi/vec4 1, 0, 3;
    %store/vec4 v0x12e8274d0_0, 0, 3;
    %jmp T_0.19;
T_0.3 ;
    %pushi/vec4 1, 0, 2;
    %store/vec4 v0x12e8271f0_0, 0, 2;
    %pushi/vec4 1, 0, 3;
    %store/vec4 v0x12e8274d0_0, 0, 3;
    %jmp T_0.19;
T_0.4 ;
    %pushi/vec4 2, 0, 2;
    %store/vec4 v0x12e8271f0_0, 0, 2;
    %pushi/vec4 1, 0, 3;
    %store/vec4 v0x12e8274d0_0, 0, 3;
    %jmp T_0.19;
T_0.5 ;
    %pushi/vec4 0, 0, 3;
    %store/vec4 v0x12e8270a0_0, 0, 3;
    %pushi/vec4 2, 0, 3;
    %store/vec4 v0x12e8274d0_0, 0, 3;
    %jmp T_0.19;
T_0.6 ;
    %pushi/vec4 1, 0, 3;
    %store/vec4 v0x12e8270a0_0, 0, 3;
    %pushi/vec4 2, 0, 3;
    %store/vec4 v0x12e8274d0_0, 0, 3;
    %jmp T_0.19;
T_0.7 ;
    %pushi/vec4 2, 0, 3;
    %store/vec4 v0x12e8270a0_0, 0, 3;
    %pushi/vec4 2, 0, 3;
    %store/vec4 v0x12e8274d0_0, 0, 3;
    %jmp T_0.19;
T_0.8 ;
    %pushi/vec4 3, 0, 3;
    %store/vec4 v0x12e8270a0_0, 0, 3;
    %pushi/vec4 2, 0, 3;
    %store/vec4 v0x12e8274d0_0, 0, 3;
    %jmp T_0.19;
T_0.9 ;
    %pushi/vec4 4, 0, 3;
    %store/vec4 v0x12e8270a0_0, 0, 3;
    %pushi/vec4 2, 0, 3;
    %store/vec4 v0x12e8274d0_0, 0, 3;
    %jmp T_0.19;
T_0.10 ;
    %pushi/vec4 0, 0, 2;
    %store/vec4 v0x12e827420_0, 0, 2;
    %pushi/vec4 3, 0, 3;
    %store/vec4 v0x12e8274d0_0, 0, 3;
    %jmp T_0.19;
T_0.11 ;
    %pushi/vec4 1, 0, 2;
    %store/vec4 v0x12e827420_0, 0, 2;
    %pushi/vec4 3, 0, 3;
    %store/vec4 v0x12e8274d0_0, 0, 3;
    %jmp T_0.19;
T_0.12 ;
    %pushi/vec4 2, 0, 2;
    %store/vec4 v0x12e827420_0, 0, 2;
    %pushi/vec4 3, 0, 3;
    %store/vec4 v0x12e8274d0_0, 0, 3;
    %jmp T_0.19;
T_0.13 ;
    %pushi/vec4 6, 0, 3;
    %store/vec4 v0x12e8270a0_0, 0, 3;
    %pushi/vec4 2, 0, 3;
    %store/vec4 v0x12e8274d0_0, 0, 3;
    %jmp T_0.19;
T_0.14 ;
    %pushi/vec4 5, 0, 3;
    %store/vec4 v0x12e8270a0_0, 0, 3;
    %pushi/vec4 2, 0, 3;
    %store/vec4 v0x12e8274d0_0, 0, 3;
    %jmp T_0.19;
T_0.15 ;
    %pushi/vec4 1, 0, 1;
    %store/vec4 v0x12e827290_0, 0, 1;
    %pushi/vec4 4, 0, 3;
    %store/vec4 v0x12e8274d0_0, 0, 3;
    %jmp T_0.19;
T_0.16 ;
    %pushi/vec4 0, 0, 1;
    %store/vec4 v0x12e827140_0, 0, 1;
    %pushi/vec4 5, 0, 3;
    %store/vec4 v0x12e8274d0_0, 0, 3;
    %jmp T_0.19;
T_0.17 ;
    %pushi/vec4 1, 0, 1;
    %store/vec4 v0x12e827140_0, 0, 1;
    %pushi/vec4 5, 0, 3;
    %store/vec4 v0x12e8274d0_0, 0, 3;
    %jmp T_0.19;
T_0.19 ;
    %pop/vec4 1;
    %jmp T_0;
    .thread T_0, $push;
# The file index is used to find the file name in the following table.
:file_names 3;
    "N/A";
    "<interactive>";
    "/Users/cengizhan/Documents/GitHub/SL-ASIC-NOSE/SLASIC_V0/SLASIC_V0.srcs/sources_1/new/Function_Control.v";
