
===========================================================================
report_checks -unconstrained
===========================================================================
======================= Typical Corner ===================================

Startpoint: reset (input port clocked by clk)
Endpoint: _11826_ (recovery check against rising-edge clock clk)
Path Group: asynchronous
Path Type: max

Fanout     Cap    Slew   Delay    Time   Description
-----------------------------------------------------------------------------
                  0.15    0.00    0.00   clock clk (rise edge)
                          0.00    0.00   clock network delay (ideal)
                          2.00    2.00 v input external delay
                  0.01    0.01    2.01 v reset (in)
     2    0.00                           reset (net)
                  0.01    0.00    2.01 v _11684_/A (sky130_fd_sc_hd__buf_1)
                  0.22    0.24    2.24 v _11684_/X (sky130_fd_sc_hd__buf_1)
    10    0.04                           _05506_ (net)
                  0.22    0.00    2.24 v _11685_/A (sky130_fd_sc_hd__buf_1)
                  0.25    0.34    2.58 v _11685_/X (sky130_fd_sc_hd__buf_1)
    10    0.04                           _05508_ (net)
                  0.25    0.00    2.58 v _11686_/A (sky130_fd_sc_hd__inv_2)
                  0.06    0.10    2.69 ^ _11686_/Y (sky130_fd_sc_hd__inv_2)
     1    0.00                           _00064_ (net)
                  0.06    0.00    2.69 ^ _11826_/RESET_B (sky130_fd_sc_hd__dfrtp_2)
                                  2.69   data arrival time

                  0.15   10.00   10.00   clock clk (rise edge)
                          0.00   10.00   clock network delay (ideal)
                         -0.25    9.75   clock uncertainty
                          0.00    9.75   clock reconvergence pessimism
                                  9.75 ^ _11826_/CLK (sky130_fd_sc_hd__dfrtp_2)
                          0.25   10.00   library recovery time
                                 10.00   data required time
-----------------------------------------------------------------------------
                                 10.00   data required time
                                 -2.69   data arrival time
-----------------------------------------------------------------------------
                                  7.31   slack (MET)


Startpoint: _11859_ (rising edge-triggered flip-flop clocked by clk)
Endpoint: _11953_ (rising edge-triggered flip-flop clocked by clk)
Path Group: clk
Path Type: max

Fanout     Cap    Slew   Delay    Time   Description
-----------------------------------------------------------------------------
                  0.15    0.00    0.00   clock clk (rise edge)
                          0.00    0.00   clock network delay (ideal)
                  0.15    0.00    0.00 ^ _11859_/CLK (sky130_fd_sc_hd__dfrtp_2)
                  0.05    0.40    0.40 ^ _11859_/Q (sky130_fd_sc_hd__dfrtp_2)
     3    0.01                           b_reg[1] (net)
                  0.05    0.00    0.40 ^ _05935_/A (sky130_fd_sc_hd__buf_1)
                  0.31    0.28    0.68 ^ _05935_/X (sky130_fd_sc_hd__buf_1)
    10    0.03                           _02010_ (net)
                  0.31    0.00    0.68 ^ _06189_/A (sky130_fd_sc_hd__buf_1)
                  0.50    0.47    1.15 ^ _06189_/X (sky130_fd_sc_hd__buf_1)
    10    0.04                           _04780_ (net)
                  0.50    0.00    1.15 ^ _08687_/B (sky130_fd_sc_hd__nand4_2)
                  0.16    0.20    1.35 v _08687_/Y (sky130_fd_sc_hd__nand4_2)
     3    0.01                           _02254_ (net)
                  0.16    0.00    1.35 v _08689_/A2 (sky130_fd_sc_hd__a21o_2)
                  0.04    0.28    1.62 v _08689_/X (sky130_fd_sc_hd__a21o_2)
     2    0.01                           _02256_ (net)
                  0.04    0.00    1.62 v _08692_/A2 (sky130_fd_sc_hd__a21o_2)
                  0.05    0.24    1.86 v _08692_/X (sky130_fd_sc_hd__a21o_2)
     3    0.01                           _02259_ (net)
                  0.05    0.00    1.86 v _08694_/A2 (sky130_fd_sc_hd__a21o_2)
                  0.05    0.23    2.09 v _08694_/X (sky130_fd_sc_hd__a21o_2)
     3    0.01                           _02261_ (net)
                  0.05    0.00    2.09 v _08697_/A2 (sky130_fd_sc_hd__a21o_2)
                  0.04    0.23    2.32 v _08697_/X (sky130_fd_sc_hd__a21o_2)
     2    0.01                           _02265_ (net)
                  0.04    0.00    2.32 v _08698_/C (sky130_fd_sc_hd__and3_2)
                  0.07    0.25    2.57 v _08698_/X (sky130_fd_sc_hd__and3_2)
     5    0.01                           _02266_ (net)
                  0.07    0.00    2.57 v _08701_/A1 (sky130_fd_sc_hd__o211a_2)
                  0.05    0.28    2.86 v _08701_/X (sky130_fd_sc_hd__o211a_2)
     2    0.01                           _02269_ (net)
                  0.05    0.00    2.86 v _08702_/C (sky130_fd_sc_hd__or3_2)
                  0.11    0.48    3.34 v _08702_/X (sky130_fd_sc_hd__or3_2)
     4    0.01                           _02270_ (net)
                  0.11    0.00    3.34 v _08704_/B1 (sky130_fd_sc_hd__o211a_2)
                  0.08    0.22    3.56 v _08704_/X (sky130_fd_sc_hd__o211a_2)
     6    0.02                           _02272_ (net)
                  0.08    0.00    3.56 v _08706_/B (sky130_fd_sc_hd__or3_2)
                  0.09    0.50    4.06 v _08706_/X (sky130_fd_sc_hd__or3_2)
     2    0.01                           _02275_ (net)
                  0.09    0.00    4.06 v _08708_/B1 (sky130_fd_sc_hd__o211a_2)
                  0.07    0.19    4.25 v _08708_/X (sky130_fd_sc_hd__o211a_2)
     5    0.02                           _02277_ (net)
                  0.07    0.00    4.25 v _08710_/C (sky130_fd_sc_hd__or4_2)
                  0.12    0.67    4.92 v _08710_/X (sky130_fd_sc_hd__or4_2)
     2    0.01                           _02279_ (net)
                  0.12    0.00    4.92 v _08713_/A1 (sky130_fd_sc_hd__a211oi_2)
                  0.27    0.30    5.22 ^ _08713_/Y (sky130_fd_sc_hd__a211oi_2)
     3    0.01                           _02282_ (net)
                  0.27    0.00    5.22 ^ _08725_/C (sky130_fd_sc_hd__nor3_2)
                  0.06    0.08    5.30 v _08725_/Y (sky130_fd_sc_hd__nor3_2)
     2    0.01                           _02295_ (net)
                  0.06    0.00    5.30 v _08885_/A2 (sky130_fd_sc_hd__o211a_2)
                  0.05    0.27    5.57 v _08885_/X (sky130_fd_sc_hd__o211a_2)
     3    0.01                           _02471_ (net)
                  0.05    0.00    5.57 v _08887_/B (sky130_fd_sc_hd__or3_2)
                  0.11    0.52    6.08 v _08887_/X (sky130_fd_sc_hd__or3_2)
     3    0.01                           _02473_ (net)
                  0.11    0.00    6.08 v _08890_/A1 (sky130_fd_sc_hd__a21o_2)
                  0.05    0.24    6.33 v _08890_/X (sky130_fd_sc_hd__a21o_2)
     3    0.01                           _02476_ (net)
                  0.05    0.00    6.33 v _09043_/A1 (sky130_fd_sc_hd__a2111oi_2)
                  0.32    0.35    6.68 ^ _09043_/Y (sky130_fd_sc_hd__a2111oi_2)
     3    0.01                           _02643_ (net)
                  0.32    0.00    6.68 ^ _09044_/B (sky130_fd_sc_hd__and2_2)
                  0.04    0.20    6.88 ^ _09044_/X (sky130_fd_sc_hd__and2_2)
     1    0.00                           _02644_ (net)
                  0.04    0.00    6.88 ^ _09050_/A2 (sky130_fd_sc_hd__a211o_2)
                  0.15    0.22    7.10 ^ _09050_/X (sky130_fd_sc_hd__a211o_2)
     7    0.03                           _02651_ (net)
                  0.15    0.00    7.10 ^ _10981_/A (sky130_fd_sc_hd__nand3_2)
                  0.08    0.10    7.21 v _10981_/Y (sky130_fd_sc_hd__nand3_2)
     3    0.01                           _04755_ (net)
                  0.08    0.00    7.21 v _11495_/A1 (sky130_fd_sc_hd__a2111o_2)
                  0.08    0.47    7.68 v _11495_/X (sky130_fd_sc_hd__a2111o_2)
     3    0.01                           _05313_ (net)
                  0.08    0.00    7.68 v _11612_/A1 (sky130_fd_sc_hd__a211o_2)
                  0.06    0.33    8.00 v _11612_/X (sky130_fd_sc_hd__a211o_2)
     2    0.01                           _05437_ (net)
                  0.06    0.00    8.00 v _11639_/A1 (sky130_fd_sc_hd__a21oi_2)
                  0.20    0.22    8.22 ^ _11639_/Y (sky130_fd_sc_hd__a21oi_2)
     4    0.01                           _05467_ (net)
                  0.20    0.00    8.22 ^ _11668_/A2 (sky130_fd_sc_hd__o311a_2)
                  0.04    0.21    8.43 ^ _11668_/X (sky130_fd_sc_hd__o311a_2)
     1    0.00                           _05496_ (net)
                  0.04    0.00    8.43 ^ _11669_/S (sky130_fd_sc_hd__mux2_2)
                  0.05    0.33    8.76 v _11669_/X (sky130_fd_sc_hd__mux2_2)
     1    0.00                           _05497_ (net)
                  0.05    0.00    8.76 v _11670_/A (sky130_fd_sc_hd__buf_1)
                  0.02    0.09    8.85 v _11670_/X (sky130_fd_sc_hd__buf_1)
     1    0.00                           _00063_ (net)
                  0.02    0.00    8.85 v _11953_/D (sky130_fd_sc_hd__dfrtp_2)
                                  8.85   data arrival time

                  0.15   10.00   10.00   clock clk (rise edge)
                          0.00   10.00   clock network delay (ideal)
                         -0.25    9.75   clock uncertainty
                          0.00    9.75   clock reconvergence pessimism
                                  9.75 ^ _11953_/CLK (sky130_fd_sc_hd__dfrtp_2)
                         -0.08    9.67   library setup time
                                  9.67   data required time
-----------------------------------------------------------------------------
                                  9.67   data required time
                                 -8.85   data arrival time
-----------------------------------------------------------------------------
                                  0.82   slack (MET)




===========================================================================
report_checks --slack_max -0.01
============================================================================
======================= Typical Corner ===================================

No paths found.


===========================================================================
 report_check_types -max_slew -max_cap -max_fanout -violators
============================================================================
======================= Typical Corner ===================================



===========================================================================
report_parasitic_annotation -report_unannotated
============================================================================
Found 6107 unannotated drivers.
 A[0]
 A[10]
 A[11]
 A[12]
 A[13]
 A[14]
 A[15]
 A[16]
 A[17]
 A[18]
 A[19]
 A[1]
 A[20]
 A[21]
 A[22]
 A[23]
 A[24]
 A[25]
 A[26]
 A[27]
 A[28]
 A[29]
 A[2]
 A[30]
 A[31]
 A[3]
 A[4]
 A[5]
 A[6]
 A[7]
 A[8]
 A[9]
 B[0]
 B[10]
 B[11]
 B[12]
 B[13]
 B[14]
 B[15]
 B[16]
 B[17]
 B[18]
 B[19]
 B[1]
 B[20]
 B[21]
 B[22]
 B[23]
 B[24]
 B[25]
 B[26]
 B[27]
 B[28]
 B[29]
 B[2]
 B[30]
 B[31]
 B[3]
 B[4]
 B[5]
 B[6]
 B[7]
 B[8]
 B[9]
 clk
 reset
 _05913_/X
 _05914_/X
 _05915_/X
 _05916_/X
 _05917_/X
 _05918_/X
 _05919_/X
 _05920_/X
 _05921_/X
 _05922_/X
 _05923_/X
 _05924_/X
 _05925_/X
 _05926_/X
 _05927_/X
 _05928_/X
 _05929_/X
 _05930_/Y
 _05931_/X
 _05932_/X
 _05933_/X
 _05934_/X
 _05935_/X
 _05936_/X
 _05937_/X
 _05938_/X
 _05939_/X
 _05940_/X
 _05941_/X
 _05942_/X
 _05943_/X
 _05944_/X
 _05945_/X
 _05946_/X
 _05947_/X
 _05948_/X
 _05949_/X
 _05950_/X
 _05951_/X
 _05952_/X
 _05953_/X
 _05954_/Y
 _05955_/Y
 _05956_/Y
 _05957_/X
 _05958_/Y
 _05959_/X
 _05960_/Y
 _05961_/X
 _05962_/X
 _05963_/X
 _05964_/X
 _05965_/X
 _05966_/Y
 _05967_/X
 _05968_/X
 _05969_/X
 _05970_/X
 _05971_/X
 _05972_/X
 _05973_/Y
 _05974_/X
 _05975_/X
 _05976_/Y
 _05977_/X
 _05978_/X
 _05979_/X
 _05980_/Y
 _05981_/Y
 _05982_/Y
 _05983_/X
 _05984_/Y
 _05985_/X
 _05986_/Y
 _05987_/X
 _05988_/X
 _05989_/Y
 _05990_/X
 _05991_/X
 _05992_/X
 _05993_/Y
 _05994_/Y
 _05995_/Y
 _05996_/X
 _05997_/X
 _05998_/X
 _05999_/Y
 _06000_/X
 _06001_/X
 _06002_/X
 _06003_/X
 _06004_/X
 _06005_/X
 _06006_/Y
 _06007_/X
 _06008_/Y
 _06009_/Y
 _06010_/X
 _06011_/X
 _06012_/X
 _06013_/X
 _06014_/X
 _06015_/Y
 _06016_/Y
 _06017_/Y
 _06018_/Y
 _06019_/X
 _06020_/X
 _06021_/X
 _06022_/Y
 _06023_/X
 _06024_/Y
 _06025_/X
 _06026_/X
 _06027_/X
 _06028_/Y
 _06029_/X
 _06030_/X
 _06031_/X
 _06032_/X
 _06033_/X
 _06034_/X
 _06035_/X
 _06036_/Y
 _06037_/X
 _06038_/Y
 _06039_/X
 _06040_/X
 _06041_/X
 _06042_/Y
 _06043_/X
 _06044_/X
 _06045_/X
 _06046_/X
 _06047_/X
 _06048_/Y
 _06049_/X
 _06050_/Y
 _06051_/Y
 _06052_/Y
 _06053_/Y
 _06054_/X
 _06055_/X
 _06056_/X
 _06057_/Y
 _06058_/X
 _06059_/Y
 _06060_/X
 _06061_/X
 _06062_/X
 _06063_/X
 _06064_/X
 _06065_/X
 _06066_/X
 _06067_/Y
 _06068_/X
 _06069_/X
 _06070_/Y
 _06071_/Y
 _06072_/X
 _06073_/Y
 _06074_/Y
 _06075_/Y
 _06076_/Y
 _06077_/X
 _06078_/X
 _06079_/X
 _06080_/Y
 _06081_/X
 _06082_/X
 _06083_/X
 _06084_/X
 _06085_/Y
 _06086_/X
 _06087_/X
 _06088_/X
 _06089_/X
 _06090_/Y
 _06091_/X
 _06092_/Y
 _06093_/X
 _06094_/Y
 _06095_/X
 _06096_/X
 _06097_/X
 _06098_/Y
 _06099_/Y
 _06100_/X
 _06101_/X
 _06102_/X
 _06103_/Y
 _06104_/X
 _06105_/X
 _06106_/X
 _06107_/Y
 _06108_/X
 _06109_/Y
 _06110_/X
 _06111_/X
 _06112_/X
 _06113_/Y
 _06114_/X
 _06115_/X
 _06116_/Y
 _06117_/X
 _06118_/X
 _06119_/X
 _06120_/X
 _06121_/Y
 _06122_/Y
 _06123_/X
 _06124_/X
 _06125_/X
 _06126_/Y
 _06127_/X
 _06128_/X
 _06129_/X
 _06130_/X
 _06131_/X
 _06132_/X
 _06133_/X
 _06134_/Y
 _06135_/X
 _06136_/X
 _06137_/Y
 _06138_/Y
 _06139_/X
 _06140_/Y
 _06141_/X
 _06142_/Y
 _06143_/X
 _06144_/Y
 _06145_/X
 _06146_/Y
 _06147_/X
 _06148_/Y
 _06149_/X
 _06150_/Y
 _06151_/X
 _06152_/X
 _06153_/X
 _06154_/X
 _06155_/Y
 _06156_/X
 _06157_/X
 _06158_/X
 _06159_/X
 _06160_/X
 _06161_/Y
 _06162_/Y
 _06163_/Y
 _06164_/Y
 _06165_/X
 _06166_/X
 _06167_/Y
 _06168_/X
 _06169_/X
 _06170_/X
 _06171_/X
 _06172_/X
 _06173_/Y
 _06174_/Y
 _06175_/X
 _06176_/X
 _06177_/X
 _06178_/X
 _06179_/X
 _06180_/X
 _06181_/X
 _06182_/X
 _06183_/X
 _06184_/Y
 _06185_/Y
 _06186_/X
 _06187_/X
 _06188_/X
 _06189_/X
 _06190_/X
 _06191_/X
 _06192_/Y
 _06193_/X
 _06194_/X
 _06195_/X
 _06196_/X
 _06197_/Y
 _06198_/X
 _06199_/X
 _06200_/Y
 _06201_/X
 _06202_/Y
 _06203_/X
 _06204_/X
 _06205_/X
 _06206_/Y
 _06207_/Y
 _06208_/X
 _06209_/Y
 _06210_/Y
 _06211_/X
 _06212_/Y
 _06213_/X
 _06214_/X
 _06215_/X
 _06216_/X
 _06217_/X
 _06218_/X
 _06219_/Y
 _06220_/X
 _06221_/X
 _06222_/Y
 _06223_/X
 _06224_/X
 _06225_/X
 _06226_/X
 _06227_/X
 _06228_/Y
 _06229_/X
 _06230_/X
 _06231_/X
 _06232_/X
 _06233_/X
 _06234_/X
 _06235_/Y
 _06236_/X
 _06237_/X
 _06238_/X
 _06239_/Y
 _06240_/X
 _06241_/X
 _06242_/Y
 _06243_/X
 _06244_/X
 _06245_/Y
 _06246_/X
 _06247_/Y
 _06248_/X
 _06249_/X
 _06250_/X
 _06251_/Y
 _06252_/X
 _06253_/Y
 _06254_/X
 _06255_/Y
 _06256_/X
 _06257_/X
 _06258_/Y
 _06259_/X
 _06260_/X
 _06261_/X
 _06262_/Y
 _06263_/X
 _06264_/Y
 _06265_/Y
 _06266_/X
 _06267_/Y
 _06268_/Y
 _06269_/X
 _06270_/X
 _06271_/Y
 _06272_/X
 _06273_/Y
 _06274_/Y
 _06275_/X
 _06276_/X
 _06277_/X
 _06278_/X
 _06279_/Y
 _06280_/X
 _06281_/X
 _06282_/X
 _06283_/Y
 _06284_/Y
 _06285_/X
 _06286_/X
 _06287_/X
 _06288_/X
 _06289_/Y
 _06290_/X
 _06291_/Y
 _06292_/X
 _06293_/Y
 _06294_/X
 _06295_/Y
 _06296_/Y
 _06297_/Y
 _06298_/Y
 _06299_/X
 _06300_/Y
 _06301_/X
 _06302_/Y
 _06303_/X
 _06304_/X
 _06305_/X
 _06306_/X
 _06307_/Y
 _06308_/Y
 _06309_/Y
 _06310_/X
 _06311_/Y
 _06312_/Y
 _06313_/Y
 _06314_/X
 _06315_/X
 _06316_/X
 _06317_/X
 _06318_/X
 _06319_/Y
 _06320_/X
 _06321_/X
 _06322_/X
 _06323_/X
 _06324_/X
 _06325_/Y
 _06326_/Y
 _06327_/X
 _06328_/X
 _06329_/Y
 _06330_/X
 _06331_/X
 _06332_/X
 _06333_/X
 _06334_/X
 _06335_/Y
 _06336_/X
 _06337_/X
 _06338_/X
 _06339_/X
 _06340_/X
 _06341_/Y
 _06342_/X
 _06343_/X
 _06344_/Y
 _06345_/X
 _06346_/X
 _06347_/Y
 _06348_/X
 _06349_/Y
 _06350_/X
 _06351_/X
 _06352_/Y
 _06353_/X
 _06354_/Y
 _06355_/X
 _06356_/Y
 _06357_/X
 _06358_/Y
 _06359_/X
 _06360_/X
 _06361_/Y
 _06362_/Y
 _06363_/X
 _06364_/X
 _06365_/Y
 _06366_/X
 _06367_/Y
 _06368_/Y
 _06369_/X
 _06370_/X
 _06371_/Y
 _06372_/X
 _06373_/X
 _06374_/X
 _06375_/X
 _06376_/Y
 _06377_/X
 _06378_/Y
 _06379_/X
 _06380_/X
 _06381_/X
 _06382_/X
 _06383_/X
 _06384_/X
 _06385_/X
 _06386_/X
 _06387_/X
 _06388_/Y
 _06389_/Y
 _06390_/X
 _06391_/X
 _06392_/Y
 _06393_/X
 _06394_/X
 _06395_/X
 _06396_/Y
 _06397_/Y
 _06398_/Y
 _06399_/Y
 _06400_/X
 _06401_/Y
 _06402_/X
 _06403_/Y
 _06404_/X
 _06405_/X
 _06406_/X
 _06407_/X
 _06408_/X
 _06409_/X
 _06410_/X
 _06411_/Y
 _06412_/X
 _06413_/X
 _06414_/Y
 _06415_/X
 _06416_/X
 _06417_/X
 _06418_/Y
 _06419_/X
 _06420_/X
 _06421_/X
 _06422_/X
 _06423_/Y
 _06424_/X
 _06425_/X
 _06426_/X
 _06427_/Y
 _06428_/X
 _06429_/X
 _06430_/Y
 _06431_/X
 _06432_/Y
 _06433_/X
 _06434_/X
 _06435_/Y
 _06436_/X
 _06437_/Y
 _06438_/Y
 _06439_/Y
 _06440_/Y
 _06441_/X
 _06442_/X
 _06443_/Y
 _06444_/Y
 _06445_/Y
 _06446_/Y
 _06447_/X
 _06448_/X
 _06449_/Y
 _06450_/Y
 _06451_/X
 _06452_/Y
 _06453_/Y
 _06454_/X
 _06455_/Y
 _06456_/Y
 _06457_/X
 _06458_/Y
 _06459_/X
 _06460_/X
 _06461_/X
 _06462_/Y
 _06463_/Y
 _06464_/X
 _06465_/Y
 _06466_/X
 _06467_/X
 _06468_/X
 _06469_/X
 _06470_/X
 _06471_/Y
 _06472_/X
 _06473_/Y
 _06474_/X
 _06475_/Y
 _06476_/Y
 _06477_/X
 _06478_/X
 _06479_/X
 _06480_/Y
 _06481_/Y
 _06482_/X
 _06483_/Y
 _06484_/X
 _06485_/Y
 _06486_/X
 _06487_/X
 _06488_/X
 _06489_/X
 _06490_/Y
 _06491_/Y
 _06492_/X
 _06493_/X
 _06494_/Y
 _06495_/Y
 _06496_/X
 _06497_/X
 _06498_/X
 _06499_/X
 _06500_/Y
 _06501_/Y
 _06502_/X
 _06503_/X
 _06504_/Y
 _06505_/X
 _06506_/X
 _06507_/X
 _06508_/Y
 _06509_/X
 _06510_/X
 _06511_/Y
 _06512_/X
 _06513_/Y
 _06514_/X
 _06515_/X
 _06516_/X
 _06517_/Y
 _06518_/Y
 _06519_/X
 _06520_/Y
 _06521_/X
 _06522_/Y
 _06523_/X
 _06524_/X
 _06525_/Y
 _06526_/X
 _06527_/Y
 _06528_/Y
 _06529_/Y
 _06530_/X
 _06531_/Y
 _06532_/Y
 _06533_/X
 _06534_/Y
 _06535_/Y
 _06536_/X
 _06537_/X
 _06538_/Y
 _06539_/X
 _06540_/X
 _06541_/X
 _06542_/X
 _06543_/X
 _06544_/Y
 _06545_/X
 _06546_/Y
 _06547_/X
 _06548_/X
 _06549_/X
 _06550_/Y
 _06551_/X
 _06552_/X
 _06553_/X
 _06554_/X
 _06555_/Y
 _06556_/Y
 _06557_/X
 _06558_/X
 _06559_/X
 _06560_/X
 _06561_/X
 _06562_/Y
 _06563_/Y
 _06564_/X
 _06565_/X
 _06566_/Y
 _06567_/Y
 _06568_/X
 _06569_/X
 _06570_/X
 _06571_/X
 _06572_/X
 _06573_/Y
 _06574_/Y
 _06575_/X
 _06576_/X
 _06577_/Y
 _06578_/Y
 _06579_/X
 _06580_/X
 _06581_/X
 _06582_/X
 _06583_/Y
 _06584_/X
 _06585_/X
 _06586_/X
 _06587_/X
 _06588_/X
 _06589_/Y
 _06590_/Y
 _06591_/X
 _06592_/X
 _06593_/Y
 _06594_/X
 _06595_/Y
 _06596_/X
 _06597_/X
 _06598_/X
 _06599_/Y
 _06600_/X
 _06601_/Y
 _06602_/Y
 _06603_/X
 _06604_/X
 _06605_/X
 _06606_/Y
 _06607_/X
 _06608_/X
 _06609_/Y
 _06610_/Y
 _06611_/Y
 _06612_/X
 _06613_/Y
 _06614_/X
 _06615_/X
 _06616_/X
 _06617_/Y
 _06618_/Y
 _06619_/Y
 _06620_/X
 _06621_/X
 _06622_/X
 _06623_/Y
 _06624_/X
 _06625_/X
 _06626_/X
 _06627_/X
 _06628_/X
 _06629_/X
 _06630_/X
 _06631_/Y
 _06632_/Y
 _06633_/Y
 _06634_/X
 _06635_/X
 _06636_/X
 _06637_/X
 _06638_/X
 _06639_/X
 _06640_/Y
 _06641_/X
 _06642_/X
 _06643_/X
 _06644_/X
 _06645_/X
 _06646_/X
 _06647_/X
 _06648_/X
 _06649_/X
 _06650_/Y
 _06651_/X
 _06652_/Y
 _06653_/Y
 _06654_/X
 _06655_/Y
 _06656_/X
 _06657_/X
 _06658_/Y
 _06659_/X
 _06660_/Y
 _06661_/Y
 _06662_/X
 _06663_/X
 _06664_/X
 _06665_/X
 _06666_/X
 _06667_/Y
 _06668_/X
 _06669_/Y
 _06670_/X
 _06671_/X
 _06672_/X
 _06673_/Y
 _06674_/X
 _06675_/X
 _06676_/X
 _06677_/X
 _06678_/Y
 _06679_/X
 _06680_/X
 _06681_/X
 _06682_/X
 _06683_/X
 _06684_/X
 _06685_/Y
 _06686_/Y
 _06687_/X
 _06688_/X
 _06689_/Y
 _06690_/X
 _06691_/Y
 _06692_/X
 _06693_/X
 _06694_/X
 _06695_/Y
 _06696_/X
 _06697_/Y
 _06698_/Y
 _06699_/X
 _06700_/X
 _06701_/Y
 _06702_/Y
 _06703_/X
 _06704_/Y
 _06705_/Y
 _06706_/X
 _06707_/X
 _06708_/X
 _06709_/Y
 _06710_/X
 _06711_/Y
 _06712_/Y
 _06713_/Y
 _06714_/Y
 _06715_/Y
 _06716_/Y
 _06717_/Y
 _06718_/X
 _06719_/Y
 _06720_/X
 _06721_/X
 _06722_/X
 _06723_/X
 _06724_/Y
 _06725_/Y
 _06726_/X
 _06727_/X
 _06728_/X
 _06729_/X
 _06730_/Y
 _06731_/X
 _06732_/Y
 _06733_/Y
 _06734_/Y
 _06735_/X
 _06736_/Y
 _06737_/Y
 _06738_/X
 _06739_/X
 _06740_/Y
 _06741_/X
 _06742_/X
 _06743_/X
 _06744_/Y
 _06745_/X
 _06746_/Y
 _06747_/Y
 _06748_/X
 _06749_/X
 _06750_/Y
 _06751_/X
 _06752_/Y
 _06753_/X
 _06754_/X
 _06755_/Y
 _06756_/Y
 _06757_/X
 _06758_/X
 _06759_/Y
 _06760_/Y
 _06761_/X
 _06762_/Y
 _06763_/Y
 _06764_/X
 _06765_/X
 _06766_/X
 _06767_/X
 _06768_/Y
 _06769_/X
 _06770_/Y
 _06771_/X
 _06772_/X
 _06773_/X
 _06774_/Y
 _06775_/X
 _06776_/X
 _06777_/X
 _06778_/Y
 _06779_/Y
 _06780_/X
 _06781_/Y
 _06782_/Y
 _06783_/X
 _06784_/X
 _06785_/Y
 _06786_/X
 _06787_/X
 _06788_/Y
 _06789_/X
 _06790_/X
 _06791_/Y
 _06792_/X
 _06793_/Y
 _06794_/X
 _06795_/X
 _06796_/X
 _06797_/Y
 _06798_/X
 _06799_/Y
 _06800_/Y
 _06801_/X
 _06802_/X
 _06803_/X
 _06804_/X
 _06805_/Y
 _06806_/X
 _06807_/Y
 _06808_/X
 _06809_/Y
 _06810_/Y
 _06811_/X
 _06812_/X
 _06813_/Y
 _06814_/Y
 _06815_/X
 _06816_/Y
 _06817_/Y
 _06818_/X
 _06819_/X
 _06820_/X
 _06821_/Y
 _06822_/Y
 _06823_/X
 _06824_/X
 _06825_/X
 _06826_/X
 _06827_/Y
 _06828_/X
 _06829_/X
 _06830_/Y
 _06831_/Y
 _06832_/Y
 _06833_/Y
 _06834_/Y
 _06835_/Y
 _06836_/X
 _06837_/Y
 _06838_/Y
 _06839_/Y
 _06840_/X
 _06841_/X
 _06842_/Y
 _06843_/X
 _06844_/X
 _06845_/X
 _06846_/Y
 _06847_/Y
 _06848_/X
 _06849_/Y
 _06850_/X
 _06851_/X
 _06852_/Y
 _06853_/X
 _06854_/Y
 _06855_/X
 _06856_/X
 _06857_/Y
 _06858_/Y
 _06859_/X
 _06860_/Y
 _06861_/Y
 _06862_/X
 _06863_/X
 _06864_/Y
 _06865_/X
 _06866_/X
 _06867_/X
 _06868_/X
 _06869_/Y
 _06870_/Y
 _06871_/X
 _06872_/X
 _06873_/Y
 _06874_/X
 _06875_/X
 _06876_/Y
 _06877_/X
 _06878_/X
 _06879_/Y
 _06880_/Y
 _06881_/X
 _06882_/X
 _06883_/X
 _06884_/X
 _06885_/X
 _06886_/Y
 _06887_/X
 _06888_/Y
 _06889_/X
 _06890_/X
 _06891_/Y
 _06892_/X
 _06893_/Y
 _06894_/X
 _06895_/X
 _06896_/Y
 _06897_/X
 _06898_/Y
 _06899_/X
 _06900_/X
 _06901_/Y
 _06902_/Y
 _06903_/X
 _06904_/X
 _06905_/Y
 _06906_/Y
 _06907_/X
 _06908_/X
 _06909_/Y
 _06910_/X
 _06911_/Y
 _06912_/X
 _06913_/X
 _06914_/X
 _06915_/Y
 _06916_/X
 _06917_/Y
 _06918_/X
 _06919_/Y
 _06920_/X
 _06921_/X
 _06922_/Y
 _06923_/X
 _06924_/Y
 _06925_/Y
 _06926_/X
 _06927_/Y
 _06928_/X
 _06929_/X
 _06930_/X
 _06931_/X
 _06932_/X
 _06933_/X
 _06934_/X
 _06935_/Y
 _06936_/X
 _06937_/X
 _06938_/X
 _06939_/X
 _06940_/X
 _06941_/X
 _06942_/X
 _06943_/Y
 _06944_/Y
 _06945_/Y
 _06946_/X
 _06947_/X
 _06948_/X
 _06949_/X
 _06950_/Y
 _06951_/Y
 _06952_/Y
 _06953_/Y
 _06954_/Y
 _06955_/Y
 _06956_/X
 _06957_/Y
 _06958_/Y
 _06959_/X
 _06960_/Y
 _06961_/X
 _06962_/X
 _06963_/Y
 _06964_/X
 _06965_/X
 _06966_/X
 _06967_/Y
 _06968_/X
 _06969_/Y
 _06970_/Y
 _06971_/X
 _06972_/Y
 _06973_/X
 _06974_/Y
 _06975_/X
 _06976_/X
 _06977_/X
 _06978_/Y
 _06979_/X
 _06980_/X
 _06981_/X
 _06982_/Y
 _06983_/Y
 _06984_/X
 _06985_/Y
 _06986_/X
 _06987_/Y
 _06988_/X
 _06989_/X
 _06990_/Y
 _06991_/Y
 _06992_/X
 _06993_/X
 _06994_/X
 _06995_/X
 _06996_/Y
 _06997_/X
 _06998_/X
 _06999_/Y
 _07000_/X
 _07001_/X
 _07002_/Y
 _07003_/X
 _07004_/Y
 _07005_/X
 _07006_/X
 _07007_/Y
 _07008_/X
 _07009_/X
 _07010_/Y
 _07011_/Y
 _07012_/X
 _07013_/X
 _07014_/Y
 _07015_/Y
 _07016_/X
 _07017_/Y
 _07018_/X
 _07019_/Y
 _07020_/X
 _07021_/Y
 _07022_/X
 _07023_/X
 _07024_/X
 _07025_/X
 _07026_/Y
 _07027_/Y
 _07028_/X
 _07029_/Y
 _07030_/Y
 _07031_/X
 _07032_/X
 _07033_/Y
 _07034_/X
 _07035_/Y
 _07036_/X
 _07037_/X
 _07038_/X
 _07039_/X
 _07040_/X
 _07041_/Y
 _07042_/X
 _07043_/Y
 _07044_/Y
 _07045_/X
 _07046_/X
 _07047_/Y
 _07048_/X
 _07049_/X
 _07050_/X
 _07051_/Y
 _07052_/X
 _07053_/Y
 _07054_/X
 _07055_/Y
 _07056_/Y
 _07057_/X
 _07058_/Y
 _07059_/X
 _07060_/Y
 _07061_/Y
 _07062_/X
 _07063_/X
 _07064_/X
 _07065_/Y
 _07066_/X
 _07067_/Y
 _07068_/X
 _07069_/X
 _07070_/Y
 _07071_/X
 _07072_/X
 _07073_/Y
 _07074_/X
 _07075_/X
 _07076_/X
 _07077_/Y
 _07078_/X
 _07079_/X
 _07080_/Y
 _07081_/X
 _07082_/Y
 _07083_/X
 _07084_/Y
 _07085_/Y
 _07086_/X
 _07087_/X
 _07088_/Y
 _07089_/X
 _07090_/X
 _07091_/X
 _07092_/Y
 _07093_/Y
 _07094_/X
 _07095_/Y
 _07096_/X
 _07097_/X
 _07098_/X
 _07099_/X
 _07100_/X
 _07101_/X
 _07102_/X
 _07103_/Y
 _07104_/X
 _07105_/Y
 _07106_/X
 _07107_/X
 _07108_/Y
 _07109_/X
 _07110_/Y
 _07111_/X
 _07112_/X
 _07113_/Y
 _07114_/X
 _07115_/X
 _07116_/Y
 _07117_/Y
 _07118_/X
 _07119_/X
 _07120_/Y
 _07121_/X
 _07122_/Y
 _07123_/Y
 _07124_/X
 _07125_/X
 _07126_/Y
 _07127_/X
 _07128_/Y
 _07129_/Y
 _07130_/X
 _07131_/Y
 _07132_/Y
 _07133_/Y
 _07134_/X
 _07135_/Y
 _07136_/Y
 _07137_/Y
 _07138_/X
 _07139_/Y
 _07140_/Y
 _07141_/Y
 _07142_/X
 _07143_/Y
 _07144_/X
 _07145_/X
 _07146_/Y
 _07147_/Y
 _07148_/Y
 _07149_/Y
 _07150_/X
 _07151_/X
 _07152_/Y
 _07153_/X
 _07154_/X
 _07155_/X
 _07156_/Y
 _07157_/X
 _07158_/Y
 _07159_/Y
 _07160_/X
 _07161_/Y
 _07162_/X
 _07163_/Y
 _07164_/X
 _07165_/Y
 _07166_/X
 _07167_/Y
 _07168_/X
 _07169_/X
 _07170_/X
 _07171_/Y
 _07172_/X
 _07173_/Y
 _07174_/X
 _07175_/X
 _07176_/Y
 _07177_/X
 _07178_/X
 _07179_/Y
 _07180_/Y
 _07181_/X
 _07182_/Y
 _07183_/X
 _07184_/X
 _07185_/X
 _07186_/Y
 _07187_/X
 _07188_/Y
 _07189_/X
 _07190_/Y
 _07191_/Y
 _07192_/X
 _07193_/X
 _07194_/X
 _07195_/X
 _07196_/X
 _07197_/Y
 _07198_/X
 _07199_/X
 _07200_/X
 _07201_/Y
 _07202_/X
 _07203_/Y
 _07204_/X
 _07205_/X
 _07206_/X
 _07207_/X
 _07208_/Y
 _07209_/X
 _07210_/X
 _07211_/X
 _07212_/Y
 _07213_/X
 _07214_/X
 _07215_/X
 _07216_/Y
 _07217_/X
 _07218_/X
 _07219_/Y
 _07220_/X
 _07221_/Y
 _07222_/X
 _07223_/X
 _07224_/Y
 _07225_/X
 _07226_/X
 _07227_/Y
 _07228_/Y
 _07229_/X
 _07230_/X
 _07231_/Y
 _07232_/Y
 _07233_/X
 _07234_/X
 _07235_/X
 _07236_/X
 _07237_/Y
 _07238_/X
 _07239_/Y
 _07240_/X
 _07241_/Y
 _07242_/X
 _07243_/X
 _07244_/X
 _07245_/Y
 _07246_/X
 _07247_/X
 _07248_/X
 _07249_/Y
 _07250_/X
 _07251_/Y
 _07252_/Y
 _07253_/Y
 _07254_/X
 _07255_/Y
 _07256_/Y
 _07257_/X
 _07258_/Y
 _07259_/X
 _07260_/Y
 _07261_/Y
 _07262_/X
 _07263_/X
 _07264_/X
 _07265_/Y
 _07266_/X
 _07267_/X
 _07268_/X
 _07269_/X
 _07270_/Y
 _07271_/X
 _07272_/Y
 _07273_/Y
 _07274_/X
 _07275_/X
 _07276_/X
 _07277_/Y
 _07278_/Y
 _07279_/Y
 _07280_/X
 _07281_/X
 _07282_/Y
 _07283_/X
 _07284_/X
 _07285_/X
 _07286_/Y
 _07287_/X
 _07288_/Y
 _07289_/X
 _07290_/Y
 _07291_/X
 _07292_/Y
 _07293_/Y
 _07294_/X
 _07295_/Y
 _07296_/X
 _07297_/Y
 _07298_/X
 _07299_/X
 _07300_/X
 _07301_/X
 _07302_/X
 _07303_/Y
 _07304_/X
 _07305_/Y
 _07306_/X
 _07307_/Y
 _07308_/X
 _07309_/X
 _07310_/X
 _07311_/Y
 _07312_/Y
 _07313_/Y
 _07314_/X
 _07315_/X
 _07316_/Y
 _07317_/X
 _07318_/X
 _07319_/Y
 _07320_/Y
 _07321_/Y
 _07322_/X
 _07323_/X
 _07324_/Y
 _07325_/X
 _07326_/X
 _07327_/X
 _07328_/X
 _07329_/Y
 _07330_/Y
 _07331_/Y
 _07332_/X
 _07333_/X
 _07334_/X
 _07335_/X
 _07336_/X
 _07337_/X
 _07338_/X
 _07339_/Y
 _07340_/X
 _07341_/X
 _07342_/X
 _07343_/Y
 _07344_/X
 _07345_/X
 _07346_/Y
 _07347_/X
 _07348_/Y
 _07349_/X
 _07350_/X
 _07351_/Y
 _07352_/X
 _07353_/X
 _07354_/Y
 _07355_/Y
 _07356_/X
 _07357_/X
 _07358_/Y
 _07359_/X
 _07360_/Y
 _07361_/Y
 _07362_/X
 _07363_/Y
 _07364_/Y
 _07365_/X
 _07366_/Y
 _07367_/X
 _07368_/Y
 _07369_/X
 _07370_/Y
 _07371_/Y
 _07372_/Y
 _07373_/X
 _07374_/Y
 _07375_/X
 _07376_/X
 _07377_/Y
 _07378_/X
 _07379_/Y
 _07380_/X
 _07381_/X
 _07382_/X
 _07383_/X
 _07384_/Y
 _07385_/X
 _07386_/Y
 _07387_/X
 _07388_/Y
 _07389_/X
 _07390_/X
 _07391_/X
 _07392_/X
 _07393_/X
 _07394_/Y
 _07395_/X
 _07396_/X
 _07397_/X
 _07398_/X
 _07399_/Y
 _07400_/X
 _07401_/X
 _07402_/Y
 _07403_/X
 _07404_/X
 _07405_/X
 _07406_/Y
 _07407_/X
 _07408_/Y
 _07409_/Y
 _07410_/X
 _07411_/X
 _07412_/Y
 _07413_/X
 _07414_/Y
 _07415_/Y
 _07416_/X
 _07417_/Y
 _07418_/X
 _07419_/X
 _07420_/X
 _07421_/X
 _07422_/X
 _07423_/X
 _07424_/X
 _07425_/Y
 _07426_/Y
 _07427_/Y
 _07428_/X
 _07429_/X
 _07430_/Y
 _07431_/Y
 _07432_/X
 _07433_/Y
 _07434_/X
 _07435_/X
 _07436_/Y
 _07437_/Y
 _07438_/X
 _07439_/Y
 _07440_/X
 _07441_/X
 _07442_/Y
 _07443_/X
 _07444_/Y
 _07445_/X
 _07446_/X
 _07447_/X
 _07448_/X
 _07449_/X
 _07450_/X
 _07451_/X
 _07452_/Y
 _07453_/X
 _07454_/X
 _07455_/X
 _07456_/X
 _07457_/X
 _07458_/X
 _07459_/X
 _07460_/X
 _07461_/Y
 _07462_/X
 _07463_/X
 _07464_/X
 _07465_/Y
 _07466_/X
 _07467_/X
 _07468_/Y
 _07469_/X
 _07470_/Y
 _07471_/X
 _07472_/X
 _07473_/Y
 _07474_/X
 _07475_/X
 _07476_/Y
 _07477_/Y
 _07478_/X
 _07479_/X
 _07480_/Y
 _07481_/Y
 _07482_/X
 _07483_/X
 _07484_/X
 _07485_/X
 _07486_/Y
 _07487_/Y
 _07488_/X
 _07489_/X
 _07490_/Y
 _07491_/Y
 _07492_/Y
 _07493_/Y
 _07494_/X
 _07495_/Y
 _07496_/X
 _07497_/Y
 _07498_/X
 _07499_/X
 _07500_/X
 _07501_/X
 _07502_/X
 _07503_/Y
 _07504_/Y
 _07505_/Y
 _07506_/X
 _07507_/X
 _07508_/Y
 _07509_/X
 _07510_/X
 _07511_/X
 _07512_/X
 _07513_/X
 _07514_/X
 _07515_/Y
 _07516_/X
 _07517_/X
 _07518_/X
 _07519_/X
 _07520_/X
 _07521_/Y
 _07522_/Y
 _07523_/X
 _07524_/X
 _07525_/X
 _07526_/X
 _07527_/Y
 _07528_/X
 _07529_/X
 _07530_/X
 _07531_/X
 _07532_/X
 _07533_/Y
 _07534_/X
 _07535_/Y
 _07536_/X
 _07537_/X
 _07538_/X
 _07539_/X
 _07540_/Y
 _07541_/X
 _07542_/Y
 _07543_/Y
 _07544_/X
 _07545_/Y
 _07546_/X
 _07547_/Y
 _07548_/X
 _07549_/Y
 _07550_/Y
 _07551_/X
 _07552_/X
 _07553_/X
 _07554_/X
 _07555_/X
 _07556_/Y
 _07557_/X
 _07558_/X
 _07559_/Y
 _07560_/X
 _07561_/Y
 _07562_/X
 _07563_/Y
 _07564_/X
 _07565_/Y
 _07566_/X
 _07567_/X
 _07568_/Y
 _07569_/Y
 _07570_/X
 _07571_/Y
 _07572_/Y
 _07573_/X
 _07574_/X
 _07575_/X
 _07576_/Y
 _07577_/X
 _07578_/Y
 _07579_/X
 _07580_/X
 _07581_/X
 _07582_/X
 _07583_/X
 _07584_/Y
 _07585_/X
 _07586_/X
 _07587_/X
 _07588_/X
 _07589_/X
 _07590_/X
 _07591_/X
 _07592_/Y
 _07593_/X
 _07594_/X
 _07595_/Y
 _07596_/X
 _07597_/X
 _07598_/Y
 _07599_/X
 _07600_/Y
 _07601_/X
 _07602_/X
 _07603_/Y
 _07604_/X
 _07605_/X
 _07606_/Y
 _07607_/X
 _07608_/Y
 _07609_/X
 _07610_/X
 _07611_/Y
 _07612_/X
 _07613_/X
 _07614_/Y
 _07615_/X
 _07616_/Y
 _07617_/Y
 _07618_/X
 _07619_/Y
 _07620_/X
 _07621_/X
 _07622_/X
 _07623_/X
 _07624_/Y
 _07625_/Y
 _07626_/X
 _07627_/Y
 _07628_/X
 _07629_/X
 _07630_/X
 _07631_/X
 _07632_/Y
 _07633_/X
 _07634_/X
 _07635_/X
 _07636_/X
 _07637_/X
 _07638_/Y
 _07639_/Y
 _07640_/Y
 _07641_/Y
 _07642_/X
 _07643_/X
 _07644_/X
 _07645_/X
 _07646_/X
 _07647_/X
 _07648_/Y
 _07649_/X
 _07650_/Y
 _07651_/X
 _07652_/Y
 _07653_/Y
 _07654_/Y
 _07655_/X
 _07656_/Y
 _07657_/X
 _07658_/Y
 _07659_/X
 _07660_/X
 _07661_/X
 _07662_/X
 _07663_/X
 _07664_/X
 _07665_/Y
 _07666_/X
 _07667_/X
 _07668_/X
 _07669_/X
 _07670_/Y
 _07671_/X
 _07672_/X
 _07673_/X
 _07674_/X
 _07675_/X
 _07676_/X
 _07677_/X
 _07678_/Y
 _07679_/X
 _07680_/X
 _07681_/X
 _07682_/Y
 _07683_/X
 _07684_/Y
 _07685_/X
 _07686_/Y
 _07687_/X
 _07688_/Y
 _07689_/X
 _07690_/Y
 _07691_/X
 _07692_/Y
 _07693_/X
 _07694_/Y
 _07695_/X
 _07696_/X
 _07697_/Y
 _07698_/X
 _07699_/Y
 _07700_/X
 _07701_/Y
 _07702_/X
 _07703_/X
 _07704_/Y
 _07705_/X
 _07706_/X
 _07707_/X
 _07708_/X
 _07709_/Y
 _07710_/Y
 _07711_/Y
 _07712_/X
 _07713_/X
 _07714_/X
 _07715_/Y
 _07716_/X
 _07717_/Y
 _07718_/Y
 _07719_/X
 _07720_/X
 _07721_/Y
 _07722_/Y
 _07723_/X
 _07724_/Y
 _07725_/Y
 _07726_/X
 _07727_/Y
 _07728_/X
 _07729_/Y
 _07730_/X
 _07731_/X
 _07732_/X
 _07733_/X
 _07734_/Y
 _07735_/X
 _07736_/Y
 _07737_/Y
 _07738_/X
 _07739_/Y
 _07740_/Y
 _07741_/X
 _07742_/X
 _07743_/Y
 _07744_/X
 _07745_/X
 _07746_/Y
 _07747_/X
 _07748_/X
 _07749_/Y
 _07750_/X
 _07751_/Y
 _07752_/X
 _07753_/X
 _07754_/X
 _07755_/Y
 _07756_/Y
 _07757_/X
 _07758_/X
 _07759_/Y
 _07760_/X
 _07761_/Y
 _07762_/Y
 _07763_/X
 _07764_/X
 _07765_/Y
 _07766_/Y
 _07767_/X
 _07768_/X
 _07769_/Y
 _07770_/Y
 _07771_/X
 _07772_/Y
 _07773_/X
 _07774_/X
 _07775_/Y
 _07776_/X
 _07777_/X
 _07778_/X
 _07779_/Y
 _07780_/Y
 _07781_/Y
 _07782_/Y
 _07783_/Y
 _07784_/Y
 _07785_/Y
 _07786_/Y
 _07787_/X
 _07788_/X
 _07789_/X
 _07790_/X
 _07791_/Y
 _07792_/X
 _07793_/Y
 _07794_/Y
 _07795_/X
 _07796_/Y
 _07797_/Y
 _07798_/Y
 _07799_/Y
 _07800_/X
 _07801_/Y
 _07802_/Y
 _07803_/Y
 _07804_/X
 _07805_/Y
 _07806_/X
 _07807_/X
 _07808_/Y
 _07809_/X
 _07810_/Y
 _07811_/Y
 _07812_/X
 _07813_/Y
 _07814_/X
 _07815_/Y
 _07816_/X
 _07817_/X
 _07818_/X
 _07819_/X
 _07820_/Y
 _07821_/Y
 _07822_/X
 _07823_/Y
 _07824_/X
 _07825_/Y
 _07826_/X
 _07827_/Y
 _07828_/X
 _07829_/Y
 _07830_/X
 _07831_/X
 _07832_/X
 _07833_/Y
 _07834_/X
 _07835_/Y
 _07836_/X
 _07837_/Y
 _07838_/Y
 _07839_/X
 _07840_/X
 _07841_/Y
 _07842_/X
 _07843_/Y
 _07844_/X
 _07845_/X
 _07846_/X
 _07847_/X
 _07848_/Y
 _07849_/Y
 _07850_/X
 _07851_/Y
 _07852_/X
 _07853_/X
 _07854_/Y
 _07855_/Y
 _07856_/Y
 _07857_/X
 _07858_/X
 _07859_/Y
 _07860_/X
 _07861_/X
 _07862_/Y
 _07863_/X
 _07864_/X
 _07865_/Y
 _07866_/X
 _07867_/Y
 _07868_/X
 _07869_/X
 _07870_/Y
 _07871_/X
 _07872_/Y
 _07873_/X
 _07874_/X
 _07875_/Y
 _07876_/Y
 _07877_/X
 _07878_/Y
 _07879_/X
 _07880_/X
 _07881_/X
 _07882_/X
 _07883_/Y
 _07884_/X
 _07885_/Y
 _07886_/X
 _07887_/X
 _07888_/Y
 _07889_/X
 _07890_/Y
 _07891_/X
 _07892_/Y
 _07893_/X
 _07894_/Y
 _07895_/X
 _07896_/X
 _07897_/Y
 _07898_/X
 _07899_/X
 _07900_/Y
 _07901_/X
 _07902_/X
 _07903_/X
 _07904_/Y
 _07905_/Y
 _07906_/X
 _07907_/X
 _07908_/Y
 _07909_/X
 _07910_/Y
 _07911_/X
 _07912_/Y
 _07913_/X
 _07914_/Y
 _07915_/Y
 _07916_/Y
 _07917_/X
 _07918_/Y
 _07919_/Y
 _07920_/Y
 _07921_/Y
 _07922_/Y
 _07923_/X
 _07924_/X
 _07925_/X
 _07926_/X
 _07927_/X
 _07928_/X
 _07929_/Y
 _07930_/X
 _07931_/X
 _07932_/X
 _07933_/X
 _07934_/Y
 _07935_/Y
 _07936_/X
 _07937_/Y
 _07938_/Y
 _07939_/X
 _07940_/X
 _07941_/Y
 _07942_/X
 _07943_/X
 _07944_/Y
 _07945_/X
 _07946_/Y
 _07947_/Y
 _07948_/X
 _07949_/Y
 _07950_/X
 _07951_/X
 _07952_/X
 _07953_/X
 _07954_/Y
 _07955_/X
 _07956_/X
 _07957_/X
 _07958_/X
 _07959_/Y
 _07960_/X
 _07961_/Y
 _07962_/Y
 _07963_/X
 _07964_/Y
 _07965_/Y
 _07966_/X
 _07967_/Y
 _07968_/X
 _07969_/Y
 _07970_/X
 _07971_/Y
 _07972_/X
 _07973_/X
 _07974_/X
 _07975_/Y
 _07976_/Y
 _07977_/X
 _07978_/Y
 _07979_/X
 _07980_/Y
 _07981_/X
 _07982_/Y
 _07983_/X
 _07984_/Y
 _07985_/X
 _07986_/X
 _07987_/X
 _07988_/Y
 _07989_/Y
 _07990_/Y
 _07991_/Y
 _07992_/X
 _07993_/X
 _07994_/X
 _07995_/Y
 _07996_/X
 _07997_/Y
 _07998_/Y
 _07999_/X
 _08000_/Y
 _08001_/X
 _08002_/Y
 _08003_/X
 _08004_/X
 _08005_/Y
 _08006_/X
 _08007_/X
 _08008_/X
 _08009_/Y
 _08010_/Y
 _08011_/X
 _08012_/X
 _08013_/Y
 _08014_/X
 _08015_/X
 _08016_/Y
 _08017_/Y
 _08018_/Y
 _08019_/X
 _08020_/X
 _08021_/Y
 _08022_/X
 _08023_/X
 _08024_/Y
 _08025_/X
 _08026_/X
 _08027_/Y
 _08028_/X
 _08029_/Y
 _08030_/X
 _08031_/X
 _08032_/Y
 _08033_/X
 _08034_/X
 _08035_/Y
 _08036_/Y
 _08037_/X
 _08038_/X
 _08039_/Y
 _08040_/Y
 _08041_/X
 _08042_/X
 _08043_/Y
 _08044_/Y
 _08045_/X
 _08046_/X
 _08047_/Y
 _08048_/X
 _08049_/Y
 _08050_/Y
 _08051_/Y
 _08052_/X
 _08053_/Y
 _08054_/X
 _08055_/X
 _08056_/Y
 _08057_/X
 _08058_/Y
 _08059_/Y
 _08060_/Y
 _08061_/X
 _08062_/X
 _08063_/X
 _08064_/Y
 _08065_/Y
 _08066_/Y
 _08067_/Y
 _08068_/Y
 _08069_/X
 _08070_/Y
 _08071_/Y
 _08072_/X
 _08073_/X
 _08074_/X
 _08075_/Y
 _08076_/X
 _08077_/X
 _08078_/X
 _08079_/X
 _08080_/X
 _08081_/X
 _08082_/Y
 _08083_/Y
 _08084_/X
 _08085_/X
 _08086_/Y
 _08087_/Y
 _08088_/X
 _08089_/X
 _08090_/X
 _08091_/X
 _08092_/X
 _08093_/Y
 _08094_/Y
 _08095_/Y
 _08096_/Y
 _08097_/X
 _08098_/X
 _08099_/Y
 _08100_/X
 _08101_/Y
 _08102_/X
 _08103_/X
 _08104_/Y
 _08105_/Y
 _08106_/X
 _08107_/X
 _08108_/Y
 _08109_/X
 _08110_/X
 _08111_/X
 _08112_/Y
 _08113_/X
 _08114_/X
 _08115_/Y
 _08116_/Y
 _08117_/X
 _08118_/Y
 _08119_/X
 _08120_/Y
 _08121_/X
 _08122_/Y
 _08123_/X
 _08124_/X
 _08125_/X
 _08126_/Y
 _08127_/X
 _08128_/Y
 _08129_/Y
 _08130_/X
 _08131_/Y
 _08132_/X
 _08133_/Y
 _08134_/X
 _08135_/Y
 _08136_/X
 _08137_/Y
 _08138_/X
 _08139_/X
 _08140_/X
 _08141_/Y
 _08142_/X
 _08143_/Y
 _08144_/Y
 _08145_/X
 _08146_/X
 _08147_/Y
 _08148_/X
 _08149_/X
 _08150_/X
 _08151_/Y
 _08152_/X
 _08153_/X
 _08154_/Y
 _08155_/X
 _08156_/Y
 _08157_/X
 _08158_/Y
 _08159_/Y
 _08160_/X
 _08161_/X
 _08162_/Y
 _08163_/X
 _08164_/X
 _08165_/X
 _08166_/X
 _08167_/X
 _08168_/Y
 _08169_/X
 _08170_/X
 _08171_/Y
 _08172_/X
 _08173_/X
 _08174_/X
 _08175_/Y
 _08176_/X
 _08177_/X
 _08178_/Y
 _08179_/X
 _08180_/X
 _08181_/Y
 _08182_/X
 _08183_/X
 _08184_/Y
 _08185_/X
 _08186_/Y
 _08187_/X
 _08188_/X
 _08189_/Y
 _08190_/X
 _08191_/X
 _08192_/Y
 _08193_/Y
 _08194_/X
 _08195_/X
 _08196_/Y
 _08197_/Y
 _08198_/X
 _08199_/X
 _08200_/Y
 _08201_/Y
 _08202_/X
 _08203_/X
 _08204_/Y
 _08205_/X
 _08206_/Y
 _08207_/X
 _08208_/Y
 _08209_/X
 _08210_/Y
 _08211_/Y
 _08212_/Y
 _08213_/Y
 _08214_/X
 _08215_/Y
 _08216_/X
 _08217_/X
 _08218_/X
 _08219_/Y
 _08220_/X
 _08221_/Y
 _08222_/Y
 _08223_/X
 _08224_/Y
 _08225_/X
 _08226_/X
 _08227_/X
 _08228_/Y
 _08229_/X
 _08230_/X
 _08231_/X
 _08232_/X
 _08233_/X
 _08234_/X
 _08235_/Y
 _08236_/Y
 _08237_/X
 _08238_/X
 _08239_/X
 _08240_/X
 _08241_/Y
 _08242_/X
 _08243_/Y
 _08244_/X
 _08245_/Y
 _08246_/Y
 _08247_/X
 _08248_/Y
 _08249_/X
 _08250_/X
 _08251_/Y
 _08252_/X
 _08253_/Y
 _08254_/Y
 _08255_/X
 _08256_/X
 _08257_/Y
 _08258_/X
 _08259_/Y
 _08260_/X
 _08261_/X
 _08262_/X
 _08263_/X
 _08264_/Y
 _08265_/Y
 _08266_/X
 _08267_/X
 _08268_/Y
 _08269_/X
 _08270_/X
 _08271_/X
 _08272_/X
 _08273_/X
 _08274_/X
 _08275_/X
 _08276_/Y
 _08277_/X
 _08278_/Y
 _08279_/Y
 _08280_/X
 _08281_/X
 _08282_/Y
 _08283_/Y
 _08284_/X
 _08285_/X
 _08286_/Y
 _08287_/X
 _08288_/Y
 _08289_/Y
 _08290_/X
 _08291_/Y
 _08292_/X
 _08293_/Y
 _08294_/X
 _08295_/Y
 _08296_/X
 _08297_/Y
 _08298_/X
 _08299_/X
 _08300_/X
 _08301_/Y
 _08302_/X
 _08303_/Y
 _08304_/X
 _08305_/X
 _08306_/X
 _08307_/X
 _08308_/X
 _08309_/Y
 _08310_/X
 _08311_/X
 _08312_/X
 _08313_/X
 _08314_/X
 _08315_/X
 _08316_/Y
 _08317_/X
 _08318_/Y
 _08319_/X
 _08320_/Y
 _08321_/Y
 _08322_/X
 _08323_/X
 _08324_/X
 _08325_/X
 _08326_/X
 _08327_/X
 _08328_/X
 _08329_/X
 _08330_/Y
 _08331_/Y
 _08332_/X
 _08333_/X
 _08334_/X
 _08335_/X
 _08336_/Y
 _08337_/X
 _08338_/X
 _08339_/Y
 _08340_/X
 _08341_/X
 _08342_/X
 _08343_/Y
 _08344_/X
 _08345_/X
 _08346_/X
 _08347_/Y
 _08348_/X
 _08349_/X
 _08350_/Y
 _08351_/X
 _08352_/X
 _08353_/Y
 _08354_/X
 _08355_/Y
 _08356_/X
 _08357_/X
 _08358_/Y
 _08359_/X
 _08360_/X
 _08361_/Y
 _08362_/Y
 _08363_/X
 _08364_/X
 _08365_/Y
 _08366_/Y
 _08367_/X
 _08368_/X
 _08369_/Y
 _08370_/Y
 _08371_/X
 _08372_/X
 _08373_/Y
 _08374_/X
 _08375_/Y
 _08376_/X
 _08377_/Y
 _08378_/Y
 _08379_/X
 _08380_/Y
 _08381_/X
 _08382_/Y
 _08383_/X
 _08384_/Y
 _08385_/Y
 _08386_/Y
 _08387_/X
 _08388_/Y
 _08389_/X
 _08390_/X
 _08391_/X
 _08392_/X
 _08393_/X
 _08394_/X
 _08395_/X
 _08396_/Y
 _08397_/Y
 _08398_/X
 _08399_/X
 _08400_/Y
 _08401_/X
 _08402_/X
 _08403_/Y
 _08404_/X
 _08405_/X
 _08406_/X
 _08407_/Y
 _08408_/X
 _08409_/Y
 _08410_/Y
 _08411_/X
 _08412_/X
 _08413_/Y
 _08414_/X
 _08415_/Y
 _08416_/X
 _08417_/Y
 _08418_/Y
 _08419_/X
 _08420_/Y
 _08421_/X
 _08422_/X
 _08423_/Y
 _08424_/X
 _08425_/Y
 _08426_/Y
 _08427_/X
 _08428_/X
 _08429_/Y
 _08430_/X
 _08431_/X
 _08432_/X
 _08433_/X
 _08434_/Y
 _08435_/X
 _08436_/X
 _08437_/X
 _08438_/Y
 _08439_/Y
 _08440_/X
 _08441_/X
 _08442_/X
 _08443_/X
 _08444_/X
 _08445_/X
 _08446_/Y
 _08447_/X
 _08448_/X
 _08449_/X
 _08450_/Y
 _08451_/X
 _08452_/Y
 _08453_/Y
 _08454_/X
 _08455_/X
 _08456_/Y
 _08457_/X
 _08458_/X
 _08459_/Y
 _08460_/X
 _08461_/Y
 _08462_/X
 _08463_/Y
 _08464_/Y
 _08465_/X
 _08466_/Y
 _08467_/X
 _08468_/X
 _08469_/X
 _08470_/X
 _08471_/Y
 _08472_/X
 _08473_/X
 _08474_/X
 _08475_/X
 _08476_/X
 _08477_/X
 _08478_/Y
 _08479_/Y
 _08480_/X
 _08481_/X
 _08482_/Y
 _08483_/X
 _08484_/Y
 _08485_/X
 _08486_/Y
 _08487_/X
 _08488_/Y
 _08489_/X
 _08490_/Y
 _08491_/Y
 _08492_/Y
 _08493_/X
 _08494_/X
 _08495_/Y
 _08496_/Y
 _08497_/X
 _08498_/X
 _08499_/X
 _08500_/X
 _08501_/Y
 _08502_/X
 _08503_/Y
 _08504_/X
 _08505_/X
 _08506_/X
 _08507_/X
 _08508_/X
 _08509_/X
 _08510_/Y
 _08511_/X
 _08512_/X
 _08513_/X
 _08514_/X
 _08515_/X
 _08516_/X
 _08517_/Y
 _08518_/Y
 _08519_/X
 _08520_/X
 _08521_/Y
 _08522_/X
 _08523_/Y
 _08524_/X
 _08525_/X
 _08526_/Y
 _08527_/X
 _08528_/X
 _08529_/Y
 _08530_/Y
 _08531_/X
 _08532_/X
 _08533_/Y
 _08534_/Y
 _08535_/X
 _08536_/X
 _08537_/Y
 _08538_/Y
 _08539_/X
 _08540_/X
 _08541_/Y
 _08542_/X
 _08543_/Y
 _08544_/X
 _08545_/Y
 _08546_/Y
 _08547_/Y
 _08548_/X
 _08549_/Y
 _08550_/Y
 _08551_/Y
 _08552_/Y
 _08553_/Y
 _08554_/Y
 _08555_/X
 _08556_/X
 _08557_/X
 _08558_/X
 _08559_/X
 _08560_/X
 _08561_/X
 _08562_/X
 _08563_/Y
 _08564_/Y
 _08565_/X
 _08566_/Y
 _08567_/X
 _08568_/Y
 _08569_/X
 _08570_/Y
 _08571_/X
 _08572_/Y
 _08573_/X
 _08574_/Y
 _08575_/X
 _08576_/X
 _08577_/X
 _08578_/X
 _08579_/Y
 _08580_/X
 _08581_/X
 _08582_/Y
 _08583_/Y
 _08584_/X
 _08585_/Y
 _08586_/X
 _08587_/X
 _08588_/Y
 _08589_/Y
 _08590_/Y
 _08591_/Y
 _08592_/X
 _08593_/Y
 _08594_/Y
 _08595_/X
 _08596_/Y
 _08597_/X
 _08598_/Y
 _08599_/X
 _08600_/X
 _08601_/Y
 _08602_/X
 _08603_/X
 _08604_/X
 _08605_/Y
 _08606_/X
 _08607_/X
 _08608_/X
 _08609_/Y
 _08610_/Y
 _08611_/X
 _08612_/X
 _08613_/X
 _08614_/X
 _08615_/X
 _08616_/X
 _08617_/Y
 _08618_/X
 _08619_/X
 _08620_/X
 _08621_/Y
 _08622_/X
 _08623_/Y
 _08624_/Y
 _08625_/X
 _08626_/Y
 _08627_/X
 _08628_/X
 _08629_/Y
 _08630_/X
 _08631_/X
 _08632_/Y
 _08633_/X
 _08634_/Y
 _08635_/Y
 _08636_/X
 _08637_/Y
 _08638_/Y
 _08639_/Y
 _08640_/X
 _08641_/Y
 _08642_/X
 _08643_/X
 _08644_/X
 _08645_/X
 _08646_/X
 _08647_/X
 _08648_/X
 _08649_/X
 _08650_/Y
 _08651_/Y
 _08652_/X
 _08653_/X
 _08654_/Y
 _08655_/X
 _08656_/Y
 _08657_/X
 _08658_/Y
 _08659_/X
 _08660_/Y
 _08661_/X
 _08662_/Y
 _08663_/Y
 _08664_/Y
 _08665_/X
 _08666_/Y
 _08667_/Y
 _08668_/X
 _08669_/X
 _08670_/X
 _08671_/X
 _08672_/X
 _08673_/Y
 _08674_/X
 _08675_/X
 _08676_/Y
 _08677_/X
 _08678_/X
 _08679_/X
 _08680_/X
 _08681_/X
 _08682_/X
 _08683_/X
 _08684_/X
 _08685_/X
 _08686_/X
 _08687_/Y
 _08688_/Y
 _08689_/X
 _08690_/X
 _08691_/Y
 _08692_/X
 _08693_/Y
 _08694_/X
 _08695_/X
 _08696_/Y
 _08697_/X
 _08698_/X
 _08699_/Y
 _08700_/Y
 _08701_/X
 _08702_/X
 _08703_/Y
 _08704_/X
 _08705_/Y
 _08706_/X
 _08707_/Y
 _08708_/X
 _08709_/Y
 _08710_/X
 _08711_/Y
 _08712_/X
 _08713_/Y
 _08714_/X
 _08715_/Y
 _08716_/X
 _08717_/Y
 _08718_/Y
 _08719_/X
 _08720_/X
 _08721_/X
 _08722_/X
 _08723_/X
 _08724_/Y
 _08725_/Y
 _08726_/X
 _08727_/Y
 _08728_/Y
 _08729_/X
 _08730_/X
 _08731_/X
 _08732_/X
 _08733_/X
 _08734_/X
 _08735_/Y
 _08736_/Y
 _08737_/X
 _08738_/Y
 _08739_/Y
 _08740_/X
 _08741_/X
 _08742_/Y
 _08743_/Y
 _08744_/X
 _08745_/X
 _08746_/X
 _08747_/Y
 _08748_/X
 _08749_/Y
 _08750_/Y
 _08751_/X
 _08752_/X
 _08753_/Y
 _08754_/X
 _08755_/Y
 _08756_/Y
 _08757_/X
 _08758_/Y
 _08759_/X
 _08760_/X
 _08761_/Y
 _08762_/Y
 _08763_/Y
 _08764_/Y
 _08765_/X
 _08766_/Y
 _08767_/Y
 _08768_/X
 _08769_/Y
 _08770_/X
 _08771_/Y
 _08772_/X
 _08773_/Y
 _08774_/X
 _08775_/X
 _08776_/X
 _08777_/X
 _08778_/Y
 _08779_/X
 _08780_/X
 _08781_/Y
 _08782_/Y
 _08783_/X
 _08784_/X
 _08785_/X
 _08786_/X
 _08787_/X
 _08788_/Y
 _08789_/Y
 _08790_/X
 _08791_/X
 _08792_/Y
 _08793_/X
 _08794_/Y
 _08795_/Y
 _08796_/X
 _08797_/Y
 _08798_/X
 _08799_/X
 _08800_/Y
 _08801_/X
 _08802_/X
 _08803_/Y
 _08804_/X
 _08805_/Y
 _08806_/X
 _08807_/Y
 _08808_/Y
 _08809_/X
 _08810_/Y
 _08811_/X
 _08812_/Y
 _08813_/X
 _08814_/X
 _08815_/X
 _08816_/X
 _08817_/X
 _08818_/Y
 _08819_/Y
 _08820_/X
 _08821_/X
 _08822_/X
 _08823_/Y
 _08824_/X
 _08825_/Y
 _08826_/X
 _08827_/Y
 _08828_/X
 _08829_/Y
 _08830_/X
 _08831_/X
 _08832_/X
 _08833_/Y
 _08834_/X
 _08835_/X
 _08836_/X
 _08837_/Y
 _08838_/X
 _08839_/Y
 _08840_/X
 _08841_/X
 _08842_/X
 _08843_/X
 _08844_/X
 _08845_/X
 _08846_/Y
 _08847_/X
 _08848_/X
 _08849_/X
 _08850_/X
 _08851_/X
 _08852_/X
 _08853_/X
 _08854_/X
 _08855_/X
 _08856_/Y
 _08857_/Y
 _08858_/X
 _08859_/X
 _08860_/Y
 _08861_/X
 _08862_/Y
 _08863_/X
 _08864_/X
 _08865_/Y
 _08866_/X
 _08867_/Y
 _08868_/X
 _08869_/Y
 _08870_/X
 _08871_/X
 _08872_/Y
 _08873_/X
 _08874_/Y
 _08875_/Y
 _08876_/X
 _08877_/Y
 _08878_/X
 _08879_/X
 _08880_/X
 _08881_/Y
 _08882_/X
 _08883_/Y
 _08884_/X
 _08885_/X
 _08886_/Y
 _08887_/X
 _08888_/Y
 _08889_/Y
 _08890_/X
 _08891_/Y
 _08892_/X
 _08893_/Y
 _08894_/X
 _08895_/X
 _08896_/X
 _08897_/X
 _08898_/X
 _08899_/X
 _08900_/X
 _08901_/X
 _08902_/Y
 _08903_/X
 _08904_/X
 _08905_/X
 _08906_/X
 _08907_/X
 _08908_/Y
 _08909_/Y
 _08910_/X
 _08911_/Y
 _08912_/Y
 _08913_/X
 _08914_/X
 _08915_/Y
 _08916_/Y
 _08917_/Y
 _08918_/X
 _08919_/Y
 _08920_/Y
 _08921_/X
 _08922_/X
 _08923_/X
 _08924_/Y
 _08925_/X
 _08926_/Y
 _08927_/Y
 _08928_/X
 _08929_/Y
 _08930_/X
 _08931_/X
 _08932_/Y
 _08933_/Y
 _08934_/Y
 _08935_/X
 _08936_/Y
 _08937_/Y
 _08938_/Y
 _08939_/Y
 _08940_/Y
 _08941_/X
 _08942_/X
 _08943_/X
 _08944_/X
 _08945_/Y
 _08946_/X
 _08947_/X
 _08948_/X
 _08949_/X
 _08950_/Y
 _08951_/X
 _08952_/X
 _08953_/Y
 _08954_/X
 _08955_/X
 _08956_/X
 _08957_/Y
 _08958_/Y
 _08959_/X
 _08960_/X
 _08961_/Y
 _08962_/X
 _08963_/Y
 _08964_/Y
 _08965_/X
 _08966_/Y
 _08967_/X
 _08968_/X
 _08969_/Y
 _08970_/X
 _08971_/X
 _08972_/Y
 _08973_/Y
 _08974_/X
 _08975_/Y
 _08976_/X
 _08977_/X
 _08978_/X
 _08979_/X
 _08980_/X
 _08981_/Y
 _08982_/X
 _08983_/X
 _08984_/X
 _08985_/Y
 _08986_/X
 _08987_/Y
 _08988_/X
 _08989_/X
 _08990_/Y
 _08991_/Y
 _08992_/X
 _08993_/X
 _08994_/Y
 _08995_/Y
 _08996_/X
 _08997_/Y
 _08998_/Y
 _08999_/X
 _09000_/X
 _09001_/X
 _09002_/X
 _09003_/Y
 _09004_/X
 _09005_/Y
 _09006_/X
 _09007_/X
 _09008_/X
 _09009_/Y
 _09010_/Y
 _09011_/X
 _09012_/X
 _09013_/X
 _09014_/X
 _09015_/Y
 _09016_/Y
 _09017_/X
 _09018_/X
 _09019_/X
 _09020_/Y
 _09021_/Y
 _09022_/X
 _09023_/X
 _09024_/Y
 _09025_/X
 _09026_/Y
 _09027_/X
 _09028_/Y
 _09029_/Y
 _09030_/Y
 _09031_/Y
 _09032_/Y
 _09033_/Y
 _09034_/Y
 _09035_/X
 _09036_/X
 _09037_/Y
 _09038_/Y
 _09039_/X
 _09040_/X
 _09041_/X
 _09042_/Y
 _09043_/Y
 _09044_/X
 _09045_/X
 _09046_/Y
 _09047_/Y
 _09048_/Y
 _09049_/X
 _09050_/X
 _09051_/X
 _09052_/X
 _09053_/Y
 _09054_/Y
 _09055_/Y
 _09056_/X
 _09057_/X
 _09058_/X
 _09059_/Y
 _09060_/X
 _09061_/X
 _09062_/X
 _09063_/Y
 _09064_/X
 _09065_/X
 _09066_/X
 _09067_/Y
 _09068_/Y
 _09069_/X
 _09070_/Y
 _09071_/Y
 _09072_/X
 _09073_/X
 _09074_/Y
 _09075_/Y
 _09076_/Y
 _09077_/X
 _09078_/Y
 _09079_/Y
 _09080_/X
 _09081_/X
 _09082_/Y
 _09083_/X
 _09084_/Y
 _09085_/Y
 _09086_/X
 _09087_/Y
 _09088_/X
 _09089_/X
 _09090_/Y
 _09091_/Y
 _09092_/Y
 _09093_/X
 _09094_/Y
 _09095_/Y
 _09096_/Y
 _09097_/Y
 _09098_/Y
 _09099_/X
 _09100_/X
 _09101_/X
 _09102_/X
 _09103_/Y
 _09104_/X
 _09105_/X
 _09106_/X
 _09107_/Y
 _09108_/Y
 _09109_/X
 _09110_/X
 _09111_/X
 _09112_/X
 _09113_/X
 _09114_/X
 _09115_/Y
 _09116_/X
 _09117_/X
 _09118_/X
 _09119_/Y
 _09120_/X
 _09121_/Y
 _09122_/Y
 _09123_/X
 _09124_/Y
 _09125_/X
 _09126_/X
 _09127_/Y
 _09128_/X
 _09129_/Y
 _09130_/X
 _09131_/Y
 _09132_/X
 _09133_/X
 _09134_/Y
 _09135_/Y
 _09136_/X
 _09137_/Y
 _09138_/X
 _09139_/X
 _09140_/X
 _09141_/X
 _09142_/X
 _09143_/X
 _09144_/Y
 _09145_/Y
 _09146_/X
 _09147_/X
 _09148_/Y
 _09149_/X
 _09150_/Y
 _09151_/X
 _09152_/X
 _09153_/Y
 _09154_/X
 _09155_/Y
 _09156_/X
 _09157_/Y
 _09158_/X
 _09159_/X
 _09160_/Y
 _09161_/Y
 _09162_/X
 _09163_/Y
 _09164_/X
 _09165_/X
 _09166_/Y
 _09167_/X
 _09168_/X
 _09169_/X
 _09170_/Y
 _09171_/Y
 _09172_/X
 _09173_/X
 _09174_/Y
 _09175_/X
 _09176_/X
 _09177_/Y
 _09178_/X
 _09179_/X
 _09180_/Y
 _09181_/Y
 _09182_/X
 _09183_/X
 _09184_/X
 _09185_/Y
 _09186_/Y
 _09187_/X
 _09188_/Y
 _09189_/X
 _09190_/Y
 _09191_/X
 _09192_/Y
 _09193_/X
 _09194_/X
 _09195_/X
 _09196_/X
 _09197_/Y
 _09198_/Y
 _09199_/Y
 _09200_/Y
 _09201_/X
 _09202_/Y
 _09203_/X
 _09204_/X
 _09205_/Y
 _09206_/X
 _09207_/X
 _09208_/X
 _09209_/X
 _09210_/X
 _09211_/X
 _09212_/Y
 _09213_/X
 _09214_/X
 _09215_/X
 _09216_/Y
 _09217_/X
 _09218_/X
 _09219_/X
 _09220_/Y
 _09221_/Y
 _09222_/X
 _09223_/Y
 _09224_/Y
 _09225_/X
 _09226_/X
 _09227_/Y
 _09228_/Y
 _09229_/Y
 _09230_/X
 _09231_/Y
 _09232_/Y
 _09233_/X
 _09234_/X
 _09235_/Y
 _09236_/X
 _09237_/Y
 _09238_/Y
 _09239_/X
 _09240_/Y
 _09241_/X
 _09242_/X
 _09243_/Y
 _09244_/Y
 _09245_/Y
 _09246_/X
 _09247_/Y
 _09248_/Y
 _09249_/Y
 _09250_/Y
 _09251_/Y
 _09252_/Y
 _09253_/Y
 _09254_/X
 _09255_/X
 _09256_/X
 _09257_/Y
 _09258_/X
 _09259_/X
 _09260_/Y
 _09261_/Y
 _09262_/X
 _09263_/X
 _09264_/X
 _09265_/X
 _09266_/X
 _09267_/X
 _09268_/Y
 _09269_/X
 _09270_/X
 _09271_/Y
 _09272_/X
 _09273_/Y
 _09274_/Y
 _09275_/X
 _09276_/Y
 _09277_/X
 _09278_/X
 _09279_/Y
 _09280_/X
 _09281_/X
 _09282_/Y
 _09283_/X
 _09284_/Y
 _09285_/X
 _09286_/Y
 _09287_/Y
 _09288_/Y
 _09289_/X
 _09290_/Y
 _09291_/X
 _09292_/X
 _09293_/X
 _09294_/X
 _09295_/X
 _09296_/X
 _09297_/X
 _09298_/Y
 _09299_/Y
 _09300_/X
 _09301_/X
 _09302_/Y
 _09303_/X
 _09304_/Y
 _09305_/X
 _09306_/Y
 _09307_/X
 _09308_/Y
 _09309_/X
 _09310_/X
 _09311_/Y
 _09312_/X
 _09313_/X
 _09314_/Y
 _09315_/Y
 _09316_/X
 _09317_/Y
 _09318_/X
 _09319_/Y
 _09320_/X
 _09321_/X
 _09322_/X
 _09323_/X
 _09324_/Y
 _09325_/Y
 _09326_/Y
 _09327_/X
 _09328_/X
 _09329_/X
 _09330_/X
 _09331_/X
 _09332_/Y
 _09333_/Y
 _09334_/X
 _09335_/Y
 _09336_/X
 _09337_/Y
 _09338_/Y
 _09339_/Y
 _09340_/X
 _09341_/X
 _09342_/Y
 _09343_/Y
 _09344_/Y
 _09345_/Y
 _09346_/X
 _09347_/Y
 _09348_/X
 _09349_/Y
 _09350_/Y
 _09351_/Y
 _09352_/Y
 _09353_/X
 _09354_/X
 _09355_/X
 _09356_/Y
 _09357_/Y
 _09358_/X
 _09359_/Y
 _09360_/Y
 _09361_/X
 _09362_/X
 _09363_/X
 _09364_/X
 _09365_/Y
 _09366_/X
 _09367_/X
 _09368_/X
 _09369_/X
 _09370_/Y
 _09371_/X
 _09372_/X
 _09373_/X
 _09374_/Y
 _09375_/Y
 _09376_/X
 _09377_/Y
 _09378_/Y
 _09379_/X
 _09380_/X
 _09381_/Y
 _09382_/Y
 _09383_/Y
 _09384_/X
 _09385_/Y
 _09386_/Y
 _09387_/X
 _09388_/X
 _09389_/Y
 _09390_/X
 _09391_/Y
 _09392_/Y
 _09393_/X
 _09394_/Y
 _09395_/X
 _09396_/X
 _09397_/Y
 _09398_/Y
 _09399_/Y
 _09400_/X
 _09401_/Y
 _09402_/Y
 _09403_/Y
 _09404_/Y
 _09405_/Y
 _09406_/X
 _09407_/X
 _09408_/X
 _09409_/X
 _09410_/Y
 _09411_/X
 _09412_/X
 _09413_/X
 _09414_/X
 _09415_/Y
 _09416_/Y
 _09417_/X
 _09418_/X
 _09419_/X
 _09420_/X
 _09421_/X
 _09422_/Y
 _09423_/X
 _09424_/X
 _09425_/Y
 _09426_/X
 _09427_/Y
 _09428_/Y
 _09429_/X
 _09430_/Y
 _09431_/X
 _09432_/X
 _09433_/Y
 _09434_/X
 _09435_/X
 _09436_/Y
 _09437_/X
 _09438_/Y
 _09439_/X
 _09440_/Y
 _09441_/Y
 _09442_/Y
 _09443_/X
 _09444_/Y
 _09445_/X
 _09446_/X
 _09447_/X
 _09448_/X
 _09449_/X
 _09450_/X
 _09451_/Y
 _09452_/Y
 _09453_/X
 _09454_/X
 _09455_/X
 _09456_/Y
 _09457_/X
 _09458_/Y
 _09459_/X
 _09460_/Y
 _09461_/X
 _09462_/Y
 _09463_/X
 _09464_/X
 _09465_/X
 _09466_/X
 _09467_/Y
 _09468_/X
 _09469_/Y
 _09470_/Y
 _09471_/X
 _09472_/X
 _09473_/Y
 _09474_/X
 _09475_/Y
 _09476_/Y
 _09477_/X
 _09478_/Y
 _09479_/X
 _09480_/X
 _09481_/Y
 _09482_/X
 _09483_/X
 _09484_/Y
 _09485_/Y
 _09486_/X
 _09487_/Y
 _09488_/X
 _09489_/Y
 _09490_/X
 _09491_/Y
 _09492_/Y
 _09493_/Y
 _09494_/X
 _09495_/X
 _09496_/Y
 _09497_/Y
 _09498_/Y
 _09499_/Y
 _09500_/X
 _09501_/Y
 _09502_/X
 _09503_/Y
 _09504_/Y
 _09505_/Y
 _09506_/X
 _09507_/X
 _09508_/X
 _09509_/X
 _09510_/X
 _09511_/X
 _09512_/Y
 _09513_/X
 _09514_/X
 _09515_/X
 _09516_/Y
 _09517_/X
 _09518_/X
 _09519_/X
 _09520_/X
 _09521_/X
 _09522_/Y
 _09523_/Y
 _09524_/X
 _09525_/Y
 _09526_/Y
 _09527_/X
 _09528_/X
 _09529_/Y
 _09530_/Y
 _09531_/Y
 _09532_/X
 _09533_/X
 _09534_/Y
 _09535_/X
 _09536_/X
 _09537_/Y
 _09538_/X
 _09539_/Y
 _09540_/Y
 _09541_/X
 _09542_/Y
 _09543_/X
 _09544_/X
 _09545_/Y
 _09546_/X
 _09547_/Y
 _09548_/X
 _09549_/Y
 _09550_/Y
 _09551_/Y
 _09552_/X
 _09553_/Y
 _09554_/X
 _09555_/X
 _09556_/X
 _09557_/X
 _09558_/Y
 _09559_/X
 _09560_/X
 _09561_/X
 _09562_/X
 _09563_/Y
 _09564_/X
 _09565_/Y
 _09566_/X
 _09567_/X
 _09568_/X
 _09569_/Y
 _09570_/Y
 _09571_/X
 _09572_/X
 _09573_/Y
 _09574_/X
 _09575_/Y
 _09576_/Y
 _09577_/X
 _09578_/Y
 _09579_/X
 _09580_/X
 _09581_/Y
 _09582_/X
 _09583_/X
 _09584_/Y
 _09585_/X
 _09586_/Y
 _09587_/Y
 _09588_/X
 _09589_/X
 _09590_/X
 _09591_/X
 _09592_/X
 _09593_/Y
 _09594_/X
 _09595_/X
 _09596_/Y
 _09597_/Y
 _09598_/X
 _09599_/X
 _09600_/Y
 _09601_/Y
 _09602_/X
 _09603_/X
 _09604_/Y
 _09605_/Y
 _09606_/X
 _09607_/X
 _09608_/Y
 _09609_/X
 _09610_/Y
 _09611_/Y
 _09612_/X
 _09613_/X
 _09614_/X
 _09615_/Y
 _09616_/X
 _09617_/Y
 _09618_/X
 _09619_/Y
 _09620_/X
 _09621_/X
 _09622_/Y
 _09623_/Y
 _09624_/X
 _09625_/X
 _09626_/Y
 _09627_/Y
 _09628_/X
 _09629_/Y
 _09630_/Y
 _09631_/Y
 _09632_/X
 _09633_/X
 _09634_/Y
 _09635_/Y
 _09636_/Y
 _09637_/Y
 _09638_/X
 _09639_/Y
 _09640_/X
 _09641_/Y
 _09642_/Y
 _09643_/Y
 _09644_/Y
 _09645_/X
 _09646_/Y
 _09647_/Y
 _09648_/Y
 _09649_/X
 _09650_/X
 _09651_/X
 _09652_/X
 _09653_/Y
 _09654_/Y
 _09655_/X
 _09656_/X
 _09657_/X
 _09658_/Y
 _09659_/Y
 _09660_/X
 _09661_/Y
 _09662_/X
 _09663_/X
 _09664_/X
 _09665_/X
 _09666_/X
 _09667_/Y
 _09668_/X
 _09669_/Y
 _09670_/X
 _09671_/X
 _09672_/X
 _09673_/Y
 _09674_/Y
 _09675_/X
 _09676_/Y
 _09677_/X
 _09678_/Y
 _09679_/X
 _09680_/X
 _09681_/Y
 _09682_/X
 _09683_/Y
 _09684_/Y
 _09685_/X
 _09686_/Y
 _09687_/X
 _09688_/X
 _09689_/Y
 _09690_/X
 _09691_/Y
 _09692_/X
 _09693_/Y
 _09694_/Y
 _09695_/X
 _09696_/Y
 _09697_/X
 _09698_/Y
 _09699_/Y
 _09700_/X
 _09701_/X
 _09702_/X
 _09703_/X
 _09704_/X
 _09705_/Y
 _09706_/X
 _09707_/X
 _09708_/X
 _09709_/X
 _09710_/Y
 _09711_/X
 _09712_/Y
 _09713_/X
 _09714_/X
 _09715_/X
 _09716_/Y
 _09717_/Y
 _09718_/X
 _09719_/X
 _09720_/Y
 _09721_/X
 _09722_/Y
 _09723_/Y
 _09724_/X
 _09725_/Y
 _09726_/X
 _09727_/X
 _09728_/Y
 _09729_/X
 _09730_/Y
 _09731_/X
 _09732_/Y
 _09733_/X
 _09734_/Y
 _09735_/X
 _09736_/Y
 _09737_/X
 _09738_/X
 _09739_/X
 _09740_/X
 _09741_/X
 _09742_/X
 _09743_/X
 _09744_/Y
 _09745_/X
 _09746_/Y
 _09747_/X
 _09748_/Y
 _09749_/X
 _09750_/X
 _09751_/X
 _09752_/X
 _09753_/X
 _09754_/X
 _09755_/Y
 _09756_/X
 _09757_/Y
 _09758_/X
 _09759_/Y
 _09760_/X
 _09761_/Y
 _09762_/Y
 _09763_/X
 _09764_/Y
 _09765_/X
 _09766_/X
 _09767_/Y
 _09768_/X
 _09769_/Y
 _09770_/X
 _09771_/Y
 _09772_/X
 _09773_/Y
 _09774_/X
 _09775_/Y
 _09776_/X
 _09777_/Y
 _09778_/Y
 _09779_/Y
 _09780_/Y
 _09781_/Y
 _09782_/Y
 _09783_/Y
 _09784_/X
 _09785_/Y
 _09786_/X
 _09787_/Y
 _09788_/Y
 _09789_/X
 _09790_/X
 _09791_/X
 _09792_/X
 _09793_/X
 _09794_/Y
 _09795_/Y
 _09796_/Y
 _09797_/Y
 _09798_/X
 _09799_/X
 _09800_/X
 _09801_/X
 _09802_/Y
 _09803_/Y
 _09804_/X
 _09805_/Y
 _09806_/Y
 _09807_/X
 _09808_/X
 _09809_/X
 _09810_/Y
 _09811_/Y
 _09812_/X
 _09813_/Y
 _09814_/X
 _09815_/Y
 _09816_/X
 _09817_/X
 _09818_/Y
 _09819_/X
 _09820_/Y
 _09821_/Y
 _09822_/X
 _09823_/Y
 _09824_/X
 _09825_/X
 _09826_/Y
 _09827_/X
 _09828_/Y
 _09829_/X
 _09830_/Y
 _09831_/Y
 _09832_/X
 _09833_/Y
 _09834_/X
 _09835_/Y
 _09836_/X
 _09837_/Y
 _09838_/X
 _09839_/Y
 _09840_/X
 _09841_/X
 _09842_/Y
 _09843_/X
 _09844_/Y
 _09845_/X
 _09846_/X
 _09847_/X
 _09848_/Y
 _09849_/X
 _09850_/X
 _09851_/Y
 _09852_/Y
 _09853_/X
 _09854_/X
 _09855_/Y
 _09856_/Y
 _09857_/X
 _09858_/Y
 _09859_/X
 _09860_/X
 _09861_/Y
 _09862_/Y
 _09863_/X
 _09864_/X
 _09865_/Y
 _09866_/Y
 _09867_/X
 _09868_/Y
 _09869_/X
 _09870_/Y
 _09871_/X
 _09872_/X
 _09873_/X
 _09874_/Y
 _09875_/X
 _09876_/X
 _09877_/X
 _09878_/X
 _09879_/Y
 _09880_/X
 _09881_/Y
 _09882_/X
 _09883_/X
 _09884_/X
 _09885_/Y
 _09886_/Y
 _09887_/X
 _09888_/X
 _09889_/Y
 _09890_/X
 _09891_/Y
 _09892_/Y
 _09893_/X
 _09894_/Y
 _09895_/X
 _09896_/X
 _09897_/Y
 _09898_/X
 _09899_/X
 _09900_/Y
 _09901_/X
 _09902_/Y
 _09903_/Y
 _09904_/X
 _09905_/X
 _09906_/Y
 _09907_/X
 _09908_/Y
 _09909_/X
 _09910_/Y
 _09911_/X
 _09912_/Y
 _09913_/Y
 _09914_/X
 _09915_/Y
 _09916_/X
 _09917_/Y
 _09918_/X
 _09919_/Y
 _09920_/Y
 _09921_/Y
 _09922_/Y
 _09923_/X
 _09924_/X
 _09925_/X
 _09926_/X
 _09927_/X
 _09928_/X
 _09929_/Y
 _09930_/X
 _09931_/Y
 _09932_/X
 _09933_/Y
 _09934_/Y
 _09935_/X
 _09936_/X
 _09937_/X
 _09938_/Y
 _09939_/X
 _09940_/Y
 _09941_/X
 _09942_/Y
 _09943_/X
 _09944_/Y
 _09945_/X
 _09946_/X
 _09947_/Y
 _09948_/Y
 _09949_/X
 _09950_/Y
 _09951_/X
 _09952_/X
 _09953_/Y
 _09954_/X
 _09955_/Y
 _09956_/X
 _09957_/Y
 _09958_/X
 _09959_/X
 _09960_/X
 _09961_/X
 _09962_/X
 _09963_/Y
 _09964_/X
 _09965_/X
 _09966_/X
 _09967_/X
 _09968_/Y
 _09969_/X
 _09970_/Y
 _09971_/X
 _09972_/X
 _09973_/X
 _09974_/Y
 _09975_/Y
 _09976_/X
 _09977_/X
 _09978_/Y
 _09979_/X
 _09980_/Y
 _09981_/Y
 _09982_/X
 _09983_/Y
 _09984_/X
 _09985_/X
 _09986_/Y
 _09987_/X
 _09988_/Y
 _09989_/X
 _09990_/Y
 _09991_/X
 _09992_/Y
 _09993_/X
 _09994_/X
 _09995_/Y
 _09996_/Y
 _09997_/X
 _09998_/Y
 _09999_/X
 _10000_/Y
 _10001_/X
 _10002_/X
 _10003_/X
 _10004_/X
 _10005_/X
 _10006_/X
 _10007_/Y
 _10008_/Y
 _10009_/Y
 _10010_/Y
 _10011_/X
 _10012_/X
 _10013_/X
 _10014_/Y
 _10015_/X
 _10016_/Y
 _10017_/X
 _10018_/Y
 _10019_/X
 _10020_/X
 _10021_/Y
 _10022_/X
 _10023_/Y
 _10024_/Y
 _10025_/X
 _10026_/Y
 _10027_/X
 _10028_/X
 _10029_/Y
 _10030_/X
 _10031_/Y
 _10032_/X
 _10033_/Y
 _10034_/Y
 _10035_/X
 _10036_/Y
 _10037_/X
 _10038_/Y
 _10039_/X
 _10040_/Y
 _10041_/X
 _10042_/Y
 _10043_/X
 _10044_/Y
 _10045_/X
 _10046_/Y
 _10047_/Y
 _10048_/X
 _10049_/X
 _10050_/X
 _10051_/Y
 _10052_/Y
 _10053_/Y
 _10054_/Y
 _10055_/Y
 _10056_/X
 _10057_/X
 _10058_/Y
 _10059_/X
 _10060_/X
 _10061_/Y
 _10062_/X
 _10063_/X
 _10064_/Y
 _10065_/X
 _10066_/Y
 _10067_/X
 _10068_/X
 _10069_/Y
 _10070_/X
 _10071_/X
 _10072_/Y
 _10073_/X
 _10074_/Y
 _10075_/X
 _10076_/Y
 _10077_/X
 _10078_/X
 _10079_/Y
 _10080_/X
 _10081_/X
 _10082_/Y
 _10083_/Y
 _10084_/X
 _10085_/X
 _10086_/X
 _10087_/Y
 _10088_/X
 _10089_/Y
 _10090_/X
 _10091_/X
 _10092_/X
 _10093_/X
 _10094_/Y
 _10095_/X
 _10096_/Y
 _10097_/X
 _10098_/X
 _10099_/X
 _10100_/Y
 _10101_/Y
 _10102_/X
 _10103_/X
 _10104_/Y
 _10105_/X
 _10106_/Y
 _10107_/Y
 _10108_/X
 _10109_/Y
 _10110_/X
 _10111_/X
 _10112_/Y
 _10113_/X
 _10114_/Y
 _10115_/X
 _10116_/Y
 _10117_/X
 _10118_/X
 _10119_/Y
 _10120_/Y
 _10121_/X
 _10122_/Y
 _10123_/X
 _10124_/X
 _10125_/Y
 _10126_/X
 _10127_/X
 _10128_/X
 _10129_/X
 _10130_/X
 _10131_/Y
 _10132_/Y
 _10133_/X
 _10134_/X
 _10135_/Y
 _10136_/Y
 _10137_/X
 _10138_/Y
 _10139_/X
 _10140_/Y
 _10141_/X
 _10142_/X
 _10143_/Y
 _10144_/X
 _10145_/Y
 _10146_/Y
 _10147_/X
 _10148_/Y
 _10149_/X
 _10150_/X
 _10151_/Y
 _10152_/X
 _10153_/Y
 _10154_/X
 _10155_/Y
 _10156_/Y
 _10157_/X
 _10158_/X
 _10159_/Y
 _10160_/X
 _10161_/Y
 _10162_/Y
 _10163_/X
 _10164_/X
 _10165_/Y
 _10166_/Y
 _10167_/X
 _10168_/X
 _10169_/Y
 _10170_/Y
 _10171_/X
 _10172_/X
 _10173_/Y
 _10174_/X
 _10175_/X
 _10176_/Y
 _10177_/X
 _10178_/X
 _10179_/X
 _10180_/Y
 _10181_/Y
 _10182_/Y
 _10183_/Y
 _10184_/X
 _10185_/Y
 _10186_/Y
 _10187_/X
 _10188_/X
 _10189_/Y
 _10190_/Y
 _10191_/X
 _10192_/Y
 _10193_/Y
 _10194_/X
 _10195_/Y
 _10196_/X
 _10197_/Y
 _10198_/Y
 _10199_/X
 _10200_/X
 _10201_/Y
 _10202_/Y
 _10203_/X
 _10204_/X
 _10205_/X
 _10206_/Y
 _10207_/X
 _10208_/X
 _10209_/Y
 _10210_/X
 _10211_/X
 _10212_/X
 _10213_/X
 _10214_/Y
 _10215_/X
 _10216_/X
 _10217_/X
 _10218_/X
 _10219_/Y
 _10220_/X
 _10221_/Y
 _10222_/X
 _10223_/X
 _10224_/X
 _10225_/Y
 _10226_/Y
 _10227_/X
 _10228_/Y
 _10229_/Y
 _10230_/X
 _10231_/X
 _10232_/Y
 _10233_/Y
 _10234_/X
 _10235_/X
 _10236_/Y
 _10237_/X
 _10238_/X
 _10239_/Y
 _10240_/Y
 _10241_/X
 _10242_/Y
 _10243_/X
 _10244_/X
 _10245_/Y
 _10246_/X
 _10247_/Y
 _10248_/X
 _10249_/Y
 _10250_/X
 _10251_/X
 _10252_/X
 _10253_/X
 _10254_/X
 _10255_/Y
 _10256_/Y
 _10257_/Y
 _10258_/X
 _10259_/X
 _10260_/X
 _10261_/Y
 _10262_/X
 _10263_/Y
 _10264_/X
 _10265_/Y
 _10266_/X
 _10267_/Y
 _10268_/Y
 _10269_/X
 _10270_/X
 _10271_/Y
 _10272_/Y
 _10273_/X
 _10274_/X
 _10275_/Y
 _10276_/Y
 _10277_/X
 _10278_/Y
 _10279_/X
 _10280_/X
 _10281_/Y
 _10282_/Y
 _10283_/X
 _10284_/X
 _10285_/Y
 _10286_/Y
 _10287_/X
 _10288_/Y
 _10289_/X
 _10290_/Y
 _10291_/X
 _10292_/X
 _10293_/Y
 _10294_/Y
 _10295_/X
 _10296_/X
 _10297_/Y
 _10298_/Y
 _10299_/Y
 _10300_/X
 _10301_/X
 _10302_/X
 _10303_/Y
 _10304_/Y
 _10305_/X
 _10306_/Y
 _10307_/Y
 _10308_/X
 _10309_/Y
 _10310_/X
 _10311_/Y
 _10312_/X
 _10313_/Y
 _10314_/X
 _10315_/Y
 _10316_/X
 _10317_/Y
 _10318_/X
 _10319_/X
 _10320_/X
 _10321_/X
 _10322_/Y
 _10323_/X
 _10324_/Y
 _10325_/X
 _10326_/X
 _10327_/X
 _10328_/Y
 _10329_/Y
 _10330_/X
 _10331_/X
 _10332_/X
 _10333_/Y
 _10334_/X
 _10335_/Y
 _10336_/Y
 _10337_/X
 _10338_/Y
 _10339_/X
 _10340_/X
 _10341_/Y
 _10342_/X
 _10343_/Y
 _10344_/X
 _10345_/Y
 _10346_/X
 _10347_/Y
 _10348_/X
 _10349_/X
 _10350_/Y
 _10351_/Y
 _10352_/X
 _10353_/X
 _10354_/Y
 _10355_/X
 _10356_/X
 _10357_/X
 _10358_/X
 _10359_/X
 _10360_/Y
 _10361_/Y
 _10362_/Y
 _10363_/X
 _10364_/X
 _10365_/X
 _10366_/Y
 _10367_/X
 _10368_/X
 _10369_/X
 _10370_/X
 _10371_/X
 _10372_/Y
 _10373_/X
 _10374_/Y
 _10375_/Y
 _10376_/X
 _10377_/Y
 _10378_/X
 _10379_/X
 _10380_/Y
 _10381_/X
 _10382_/Y
 _10383_/X
 _10384_/Y
 _10385_/X
 _10386_/Y
 _10387_/Y
 _10388_/X
 _10389_/Y
 _10390_/X
 _10391_/Y
 _10392_/X
 _10393_/Y
 _10394_/X
 _10395_/Y
 _10396_/X
 _10397_/Y
 _10398_/X
 _10399_/X
 _10400_/X
 _10401_/X
 _10402_/Y
 _10403_/X
 _10404_/Y
 _10405_/Y
 _10406_/Y
 _10407_/Y
 _10408_/Y
 _10409_/X
 _10410_/Y
 _10411_/Y
 _10412_/Y
 _10413_/X
 _10414_/X
 _10415_/Y
 _10416_/X
 _10417_/Y
 _10418_/Y
 _10419_/X
 _10420_/X
 _10421_/X
 _10422_/Y
 _10423_/Y
 _10424_/Y
 _10425_/X
 _10426_/Y
 _10427_/Y
 _10428_/X
 _10429_/X
 _10430_/Y
 _10431_/Y
 _10432_/X
 _10433_/X
 _10434_/X
 _10435_/Y
 _10436_/X
 _10437_/X
 _10438_/X
 _10439_/Y
 _10440_/X
 _10441_/X
 _10442_/X
 _10443_/X
 _10444_/Y
 _10445_/X
 _10446_/Y
 _10447_/X
 _10448_/X
 _10449_/X
 _10450_/Y
 _10451_/Y
 _10452_/X
 _10453_/Y
 _10454_/X
 _10455_/Y
 _10456_/X
 _10457_/X
 _10458_/Y
 _10459_/Y
 _10460_/X
 _10461_/Y
 _10462_/Y
 _10463_/X
 _10464_/X
 _10465_/X
 _10466_/X
 _10467_/X
 _10468_/Y
 _10469_/Y
 _10470_/Y
 _10471_/X
 _10472_/X
 _10473_/X
 _10474_/Y
 _10475_/X
 _10476_/Y
 _10477_/X
 _10478_/Y
 _10479_/X
 _10480_/Y
 _10481_/Y
 _10482_/X
 _10483_/X
 _10484_/Y
 _10485_/Y
 _10486_/X
 _10487_/X
 _10488_/Y
 _10489_/Y
 _10490_/X
 _10491_/Y
 _10492_/X
 _10493_/Y
 _10494_/X
 _10495_/X
 _10496_/Y
 _10497_/X
 _10498_/Y
 _10499_/X
 _10500_/Y
 _10501_/X
 _10502_/Y
 _10503_/Y
 _10504_/X
 _10505_/Y
 _10506_/X
 _10507_/X
 _10508_/Y
 _10509_/X
 _10510_/Y
 _10511_/X
 _10512_/Y
 _10513_/X
 _10514_/Y
 _10515_/Y
 _10516_/Y
 _10517_/Y
 _10518_/X
 _10519_/X
 _10520_/Y
 _10521_/X
 _10522_/Y
 _10523_/X
 _10524_/X
 _10525_/Y
 _10526_/Y
 _10527_/X
 _10528_/X
 _10529_/Y
 _10530_/Y
 _10531_/X
 _10532_/X
 _10533_/X
 _10534_/Y
 _10535_/X
 _10536_/Y
 _10537_/X
 _10538_/Y
 _10539_/X
 _10540_/X
 _10541_/X
 _10542_/X
 _10543_/Y
 _10544_/X
 _10545_/Y
 _10546_/X
 _10547_/X
 _10548_/X
 _10549_/Y
 _10550_/Y
 _10551_/X
 _10552_/X
 _10553_/Y
 _10554_/X
 _10555_/Y
 _10556_/Y
 _10557_/X
 _10558_/X
 _10559_/Y
 _10560_/X
 _10561_/Y
 _10562_/X
 _10563_/X
 _10564_/X
 _10565_/X
 _10566_/X
 _10567_/Y
 _10568_/Y
 _10569_/Y
 _10570_/X
 _10571_/X
 _10572_/X
 _10573_/Y
 _10574_/X
 _10575_/X
 _10576_/X
 _10577_/X
 _10578_/X
 _10579_/Y
 _10580_/X
 _10581_/Y
 _10582_/Y
 _10583_/X
 _10584_/Y
 _10585_/X
 _10586_/X
 _10587_/Y
 _10588_/X
 _10589_/Y
 _10590_/X
 _10591_/Y
 _10592_/X
 _10593_/Y
 _10594_/Y
 _10595_/X
 _10596_/Y
 _10597_/X
 _10598_/X
 _10599_/Y
 _10600_/X
 _10601_/Y
 _10602_/Y
 _10603_/X
 _10604_/Y
 _10605_/X
 _10606_/X
 _10607_/X
 _10608_/Y
 _10609_/X
 _10610_/Y
 _10611_/X
 _10612_/Y
 _10613_/Y
 _10614_/Y
 _10615_/Y
 _10616_/X
 _10617_/X
 _10618_/Y
 _10619_/Y
 _10620_/Y
 _10621_/Y
 _10622_/Y
 _10623_/X
 _10624_/Y
 _10625_/X
 _10626_/Y
 _10627_/X
 _10628_/X
 _10629_/X
 _10630_/X
 _10631_/X
 _10632_/Y
 _10633_/Y
 _10634_/X
 _10635_/X
 _10636_/X
 _10637_/X
 _10638_/Y
 _10639_/Y
 _10640_/X
 _10641_/X
 _10642_/X
 _10643_/Y
 _10644_/X
 _10645_/X
 _10646_/Y
 _10647_/X
 _10648_/Y
 _10649_/X
 _10650_/Y
 _10651_/X
 _10652_/Y
 _10653_/Y
 _10654_/Y
 _10655_/Y
 _10656_/Y
 _10657_/Y
 _10658_/Y
 _10659_/X
 _10660_/X
 _10661_/X
 _10662_/X
 _10663_/X
 _10664_/Y
 _10665_/Y
 _10666_/Y
 _10667_/X
 _10668_/X
 _10669_/X
 _10670_/Y
 _10671_/X
 _10672_/Y
 _10673_/X
 _10674_/Y
 _10675_/X
 _10676_/Y
 _10677_/Y
 _10678_/X
 _10679_/X
 _10680_/Y
 _10681_/Y
 _10682_/X
 _10683_/X
 _10684_/Y
 _10685_/Y
 _10686_/X
 _10687_/Y
 _10688_/X
 _10689_/X
 _10690_/Y
 _10691_/Y
 _10692_/X
 _10693_/X
 _10694_/Y
 _10695_/X
 _10696_/Y
 _10697_/X
 _10698_/Y
 _10699_/Y
 _10700_/X
 _10701_/Y
 _10702_/X
 _10703_/Y
 _10704_/X
 _10705_/Y
 _10706_/X
 _10707_/Y
 _10708_/X
 _10709_/X
 _10710_/Y
 _10711_/X
 _10712_/X
 _10713_/X
 _10714_/X
 _10715_/Y
 _10716_/X
 _10717_/X
 _10718_/Y
 _10719_/X
 _10720_/X
 _10721_/X
 _10722_/Y
 _10723_/X
 _10724_/X
 _10725_/Y
 _10726_/X
 _10727_/Y
 _10728_/X
 _10729_/X
 _10730_/X
 _10731_/Y
 _10732_/X
 _10733_/Y
 _10734_/X
 _10735_/X
 _10736_/X
 _10737_/X
 _10738_/Y
 _10739_/X
 _10740_/Y
 _10741_/X
 _10742_/X
 _10743_/X
 _10744_/Y
 _10745_/Y
 _10746_/Y
 _10747_/X
 _10748_/Y
 _10749_/Y
 _10750_/X
 _10751_/X
 _10752_/X
 _10753_/Y
 _10754_/X
 _10755_/X
 _10756_/X
 _10757_/X
 _10758_/X
 _10759_/Y
 _10760_/Y
 _10761_/Y
 _10762_/X
 _10763_/X
 _10764_/X
 _10765_/Y
 _10766_/X
 _10767_/Y
 _10768_/X
 _10769_/X
 _10770_/X
 _10771_/Y
 _10772_/X
 _10773_/Y
 _10774_/Y
 _10775_/X
 _10776_/Y
 _10777_/X
 _10778_/X
 _10779_/Y
 _10780_/X
 _10781_/Y
 _10782_/X
 _10783_/Y
 _10784_/Y
 _10785_/X
 _10786_/X
 _10787_/Y
 _10788_/Y
 _10789_/X
 _10790_/X
 _10791_/Y
 _10792_/X
 _10793_/Y
 _10794_/Y
 _10795_/X
 _10796_/Y
 _10797_/X
 _10798_/X
 _10799_/Y
 _10800_/Y
 _10801_/Y
 _10802_/Y
 _10803_/Y
 _10804_/Y
 _10805_/Y
 _10806_/Y
 _10807_/X
 _10808_/X
 _10809_/X
 _10810_/Y
 _10811_/X
 _10812_/Y
 _10813_/Y
 _10814_/Y
 _10815_/X
 _10816_/X
 _10817_/Y
 _10818_/X
 _10819_/X
 _10820_/Y
 _10821_/X
 _10822_/X
 _10823_/Y
 _10824_/X
 _10825_/X
 _10826_/X
 _10827_/X
 _10828_/Y
 _10829_/X
 _10830_/X
 _10831_/X
 _10832_/X
 _10833_/X
 _10834_/Y
 _10835_/X
 _10836_/Y
 _10837_/X
 _10838_/X
 _10839_/X
 _10840_/Y
 _10841_/Y
 _10842_/X
 _10843_/Y
 _10844_/X
 _10845_/Y
 _10846_/Y
 _10847_/Y
 _10848_/X
 _10849_/X
 _10850_/X
 _10851_/X
 _10852_/X
 _10853_/Y
 _10854_/Y
 _10855_/Y
 _10856_/X
 _10857_/X
 _10858_/X
 _10859_/Y
 _10860_/X
 _10861_/Y
 _10862_/X
 _10863_/Y
 _10864_/X
 _10865_/Y
 _10866_/Y
 _10867_/X
 _10868_/X
 _10869_/Y
 _10870_/Y
 _10871_/X
 _10872_/X
 _10873_/Y
 _10874_/Y
 _10875_/X
 _10876_/Y
 _10877_/X
 _10878_/Y
 _10879_/X
 _10880_/X
 _10881_/Y
 _10882_/Y
 _10883_/X
 _10884_/X
 _10885_/Y
 _10886_/X
 _10887_/Y
 _10888_/Y
 _10889_/X
 _10890_/Y
 _10891_/X
 _10892_/Y
 _10893_/X
 _10894_/Y
 _10895_/Y
 _10896_/X
 _10897_/Y
 _10898_/X
 _10899_/Y
 _10900_/Y
 _10901_/X
 _10902_/Y
 _10903_/X
 _10904_/Y
 _10905_/X
 _10906_/X
 _10907_/X
 _10908_/Y
 _10909_/X
 _10910_/X
 _10911_/X
 _10912_/X
 _10913_/Y
 _10914_/X
 _10915_/X
 _10916_/Y
 _10917_/X
 _10918_/X
 _10919_/X
 _10920_/Y
 _10921_/X
 _10922_/Y
 _10923_/Y
 _10924_/X
 _10925_/Y
 _10926_/X
 _10927_/X
 _10928_/X
 _10929_/X
 _10930_/X
 _10931_/Y
 _10932_/Y
 _10933_/Y
 _10934_/X
 _10935_/X
 _10936_/X
 _10937_/Y
 _10938_/X
 _10939_/X
 _10940_/X
 _10941_/X
 _10942_/X
 _10943_/Y
 _10944_/X
 _10945_/X
 _10946_/Y
 _10947_/Y
 _10948_/X
 _10949_/Y
 _10950_/X
 _10951_/X
 _10952_/Y
 _10953_/X
 _10954_/Y
 _10955_/X
 _10956_/Y
 _10957_/X
 _10958_/Y
 _10959_/Y
 _10960_/X
 _10961_/Y
 _10962_/X
 _10963_/Y
 _10964_/X
 _10965_/X
 _10966_/Y
 _10967_/Y
 _10968_/X
 _10969_/X
 _10970_/Y
 _10971_/Y
 _10972_/X
 _10973_/X
 _10974_/Y
 _10975_/Y
 _10976_/X
 _10977_/Y
 _10978_/X
 _10979_/X
 _10980_/Y
 _10981_/Y
 _10982_/X
 _10983_/X
 _10984_/Y
 _10985_/X
 _10986_/Y
 _10987_/X
 _10988_/Y
 _10989_/Y
 _10990_/Y
 _10991_/X
 _10992_/X
 _10993_/X
 _10994_/X
 _10995_/Y
 _10996_/X
 _10997_/Y
 _10998_/X
 _10999_/Y
 _11000_/Y
 _11001_/X
 _11002_/X
 _11003_/X
 _11004_/X
 _11005_/X
 _11006_/Y
 _11007_/X
 _11008_/Y
 _11009_/X
 _11010_/Y
 _11011_/X
 _11012_/X
 _11013_/X
 _11014_/X
 _11015_/X
 _11016_/X
 _11017_/Y
 _11018_/Y
 _11019_/X
 _11020_/Y
 _11021_/Y
 _11022_/Y
 _11023_/X
 _11024_/X
 _11025_/X
 _11026_/Y
 _11027_/X
 _11028_/Y
 _11029_/X
 _11030_/Y
 _11031_/X
 _11032_/X
 _11033_/Y
 _11034_/X
 _11035_/Y
 _11036_/Y
 _11037_/X
 _11038_/Y
 _11039_/X
 _11040_/X
 _11041_/Y
 _11042_/X
 _11043_/Y
 _11044_/X
 _11045_/Y
 _11046_/Y
 _11047_/X
 _11048_/X
 _11049_/Y
 _11050_/X
 _11051_/Y
 _11052_/X
 _11053_/Y
 _11054_/X
 _11055_/Y
 _11056_/X
 _11057_/Y
 _11058_/X
 _11059_/Y
 _11060_/Y
 _11061_/X
 _11062_/X
 _11063_/Y
 _11064_/X
 _11065_/Y
 _11066_/Y
 _11067_/Y
 _11068_/Y
 _11069_/Y
 _11070_/X
 _11071_/Y
 _11072_/Y
 _11073_/X
 _11074_/Y
 _11075_/X
 _11076_/Y
 _11077_/X
 _11078_/Y
 _11079_/X
 _11080_/Y
 _11081_/X
 _11082_/Y
 _11083_/Y
 _11084_/Y
 _11085_/X
 _11086_/Y
 _11087_/X
 _11088_/X
 _11089_/X
 _11090_/Y
 _11091_/Y
 _11092_/X
 _11093_/Y
 _11094_/Y
 _11095_/Y
 _11096_/X
 _11097_/X
 _11098_/X
 _11099_/Y
 _11100_/X
 _11101_/Y
 _11102_/X
 _11103_/Y
 _11104_/X
 _11105_/X
 _11106_/Y
 _11107_/X
 _11108_/Y
 _11109_/Y
 _11110_/X
 _11111_/Y
 _11112_/X
 _11113_/X
 _11114_/Y
 _11115_/X
 _11116_/Y
 _11117_/X
 _11118_/Y
 _11119_/X
 _11120_/Y
 _11121_/Y
 _11122_/X
 _11123_/X
 _11124_/Y
 _11125_/Y
 _11126_/X
 _11127_/X
 _11128_/Y
 _11129_/X
 _11130_/Y
 _11131_/Y
 _11132_/X
 _11133_/Y
 _11134_/X
 _11135_/X
 _11136_/X
 _11137_/Y
 _11138_/Y
 _11139_/X
 _11140_/Y
 _11141_/Y
 _11142_/Y
 _11143_/Y
 _11144_/X
 _11145_/X
 _11146_/X
 _11147_/X
 _11148_/Y
 _11149_/X
 _11150_/X
 _11151_/X
 _11152_/X
 _11153_/X
 _11154_/Y
 _11155_/Y
 _11156_/Y
 _11157_/X
 _11158_/X
 _11159_/Y
 _11160_/X
 _11161_/X
 _11162_/X
 _11163_/Y
 _11164_/Y
 _11165_/X
 _11166_/Y
 _11167_/Y
 _11168_/X
 _11169_/X
 _11170_/X
 _11171_/Y
 _11172_/Y
 _11173_/X
 _11174_/Y
 _11175_/X
 _11176_/Y
 _11177_/X
 _11178_/Y
 _11179_/Y
 _11180_/X
 _11181_/X
 _11182_/Y
 _11183_/Y
 _11184_/X
 _11185_/X
 _11186_/Y
 _11187_/X
 _11188_/Y
 _11189_/X
 _11190_/Y
 _11191_/Y
 _11192_/X
 _11193_/X
 _11194_/Y
 _11195_/Y
 _11196_/X
 _11197_/X
 _11198_/Y
 _11199_/X
 _11200_/Y
 _11201_/Y
 _11202_/X
 _11203_/Y
 _11204_/X
 _11205_/Y
 _11206_/X
 _11207_/X
 _11208_/X
 _11209_/Y
 _11210_/X
 _11211_/Y
 _11212_/Y
 _11213_/Y
 _11214_/X
 _11215_/Y
 _11216_/X
 _11217_/X
 _11218_/Y
 _11219_/X
 _11220_/X
 _11221_/X
 _11222_/X
 _11223_/Y
 _11224_/X
 _11225_/X
 _11226_/X
 _11227_/X
 _11228_/Y
 _11229_/X
 _11230_/Y
 _11231_/Y
 _11232_/X
 _11233_/Y
 _11234_/X
 _11235_/X
 _11236_/X
 _11237_/Y
 _11238_/Y
 _11239_/X
 _11240_/Y
 _11241_/X
 _11242_/Y
 _11243_/X
 _11244_/X
 _11245_/X
 _11246_/Y
 _11247_/Y
 _11248_/X
 _11249_/X
 _11250_/Y
 _11251_/Y
 _11252_/X
 _11253_/Y
 _11254_/Y
 _11255_/Y
 _11256_/X
 _11257_/Y
 _11258_/Y
 _11259_/Y
 _11260_/X
 _11261_/Y
 _11262_/X
 _11263_/Y
 _11264_/Y
 _11265_/X
 _11266_/Y
 _11267_/X
 _11268_/X
 _11269_/Y
 _11270_/X
 _11271_/X
 _11272_/Y
 _11273_/X
 _11274_/X
 _11275_/Y
 _11276_/Y
 _11277_/Y
 _11278_/Y
 _11279_/Y
 _11280_/X
 _11281_/X
 _11282_/X
 _11283_/X
 _11284_/X
 _11285_/X
 _11286_/Y
 _11287_/X
 _11288_/Y
 _11289_/Y
 _11290_/X
 _11291_/Y
 _11292_/Y
 _11293_/Y
 _11294_/Y
 _11295_/Y
 _11296_/X
 _11297_/Y
 _11298_/Y
 _11299_/X
 _11300_/X
 _11301_/Y
 _11302_/X
 _11303_/X
 _11304_/X
 _11305_/Y
 _11306_/X
 _11307_/X
 _11308_/Y
 _11309_/Y
 _11310_/X
 _11311_/X
 _11312_/X
 _11313_/Y
 _11314_/X
 _11315_/Y
 _11316_/X
 _11317_/X
 _11318_/X
 _11319_/Y
 _11320_/Y
 _11321_/Y
 _11322_/X
 _11323_/X
 _11324_/Y
 _11325_/X
 _11326_/Y
 _11327_/X
 _11328_/Y
 _11329_/X
 _11330_/Y
 _11331_/X
 _11332_/X
 _11333_/Y
 _11334_/Y
 _11335_/Y
 _11336_/X
 _11337_/Y
 _11338_/X
 _11339_/X
 _11340_/X
 _11341_/X
 _11342_/Y
 _11343_/Y
 _11344_/X
 _11345_/X
 _11346_/Y
 _11347_/X
 _11348_/X
 _11349_/Y
 _11350_/Y
 _11351_/X
 _11352_/Y
 _11353_/X
 _11354_/X
 _11355_/X
 _11356_/X
 _11357_/Y
 _11358_/X
 _11359_/Y
 _11360_/X
 _11361_/X
 _11362_/Y
 _11363_/X
 _11364_/X
 _11365_/X
 _11366_/X
 _11367_/Y
 _11368_/Y
 _11369_/X
 _11370_/Y
 _11371_/X
 _11372_/X
 _11373_/Y
 _11374_/X
 _11375_/X
 _11376_/Y
 _11377_/Y
 _11378_/Y
 _11379_/X
 _11380_/Y
 _11381_/X
 _11382_/Y
 _11383_/Y
 _11384_/X
 _11385_/Y
 _11386_/Y
 _11387_/Y
 _11388_/X
 _11389_/X
 _11390_/Y
 _11391_/X
 _11392_/Y
 _11393_/Y
 _11394_/X
 _11395_/Y
 _11396_/X
 _11397_/Y
 _11398_/X
 _11399_/Y
 _11400_/X
 _11401_/Y
 _11402_/Y
 _11403_/X
 _11404_/X
 _11405_/X
 _11406_/Y
 _11407_/X
 _11408_/X
 _11409_/X
 _11410_/Y
 _11411_/X
 _11412_/X
 _11413_/Y
 _11414_/Y
 _11415_/X
 _11416_/Y
 _11417_/X
 _11418_/X
 _11419_/X
 _11420_/X
 _11421_/X
 _11422_/X
 _11423_/X
 _11424_/X
 _11425_/Y
 _11426_/Y
 _11427_/X
 _11428_/X
 _11429_/Y
 _11430_/X
 _11431_/Y
 _11432_/Y
 _11433_/X
 _11434_/Y
 _11435_/Y
 _11436_/Y
 _11437_/X
 _11438_/X
 _11439_/Y
 _11440_/Y
 _11441_/X
 _11442_/Y
 _11443_/X
 _11444_/X
 _11445_/Y
 _11446_/Y
 _11447_/X
 _11448_/Y
 _11449_/X
 _11450_/X
 _11451_/Y
 _11452_/X
 _11453_/Y
 _11454_/Y
 _11455_/X
 _11456_/X
 _11457_/Y
 _11458_/X
 _11459_/X
 _11460_/Y
 _11461_/X
 _11462_/X
 _11463_/X
 _11464_/X
 _11465_/Y
 _11466_/X
 _11467_/Y
 _11468_/Y
 _11469_/Y
 _11470_/Y
 _11471_/Y
 _11472_/Y
 _11473_/X
 _11474_/Y
 _11475_/Y
 _11476_/X
 _11477_/Y
 _11478_/Y
 _11479_/X
 _11480_/Y
 _11481_/X
 _11482_/Y
 _11483_/X
 _11484_/X
 _11485_/Y
 _11486_/Y
 _11487_/X
 _11488_/Y
 _11489_/X
 _11490_/Y
 _11491_/Y
 _11492_/X
 _11493_/Y
 _11494_/Y
 _11495_/X
 _11496_/X
 _11497_/X
 _11498_/X
 _11499_/X
 _11500_/Y
 _11501_/X
 _11502_/X
 _11503_/X
 _11504_/Y
 _11505_/Y
 _11506_/X
 _11507_/Y
 _11508_/Y
 _11509_/X
 _11510_/Y
 _11511_/X
 _11512_/Y
 _11513_/Y
 _11514_/Y
 _11515_/Y
 _11516_/Y
 _11517_/X
 _11518_/Y
 _11519_/Y
 _11520_/X
 _11521_/X
 _11522_/X
 _11523_/Y
 _11524_/Y
 _11525_/Y
 _11526_/X
 _11527_/Y
 _11528_/X
 _11529_/X
 _11530_/Y
 _11531_/Y
 _11532_/X
 _11533_/Y
 _11534_/Y
 _11535_/Y
 _11536_/X
 _11537_/X
 _11538_/X
 _11539_/Y
 _11540_/Y
 _11541_/Y
 _11542_/X
 _11543_/Y
 _11544_/X
 _11545_/X
 _11546_/X
 _11547_/X
 _11548_/X
 _11549_/Y
 _11550_/X
 _11551_/X
 _11552_/Y
 _11553_/X
 _11554_/Y
 _11555_/Y
 _11556_/X
 _11557_/Y
 _11558_/Y
 _11559_/Y
 _11560_/X
 _11561_/X
 _11562_/Y
 _11563_/X
 _11564_/Y
 _11565_/X
 _11566_/X
 _11567_/X
 _11568_/X
 _11569_/Y
 _11570_/X
 _11571_/Y
 _11572_/Y
 _11573_/Y
 _11574_/X
 _11575_/X
 _11576_/Y
 _11577_/Y
 _11578_/X
 _11579_/X
 _11580_/X
 _11581_/X
 _11582_/Y
 _11583_/X
 _11584_/X
 _11585_/Y
 _11586_/X
 _11587_/X
 _11588_/Y
 _11589_/Y
 _11590_/Y
 _11591_/X
 _11592_/Y
 _11593_/Y
 _11594_/Y
 _11595_/Y
 _11596_/Y
 _11597_/Y
 _11598_/Y
 _11599_/X
 _11600_/Y
 _11601_/X
 _11602_/X
 _11603_/X
 _11604_/X
 _11605_/Y
 _11606_/Y
 _11607_/X
 _11608_/Y
 _11609_/X
 _11610_/X
 _11611_/X
 _11612_/X
 _11613_/Y
 _11614_/X
 _11615_/Y
 _11616_/X
 _11617_/Y
 _11618_/X
 _11619_/Y
 _11620_/X
 _11621_/X
 _11622_/Y
 _11623_/Y
 _11624_/Y
 _11625_/X
 _11626_/Y
 _11627_/Y
 _11628_/X
 _11629_/Y
 _11630_/Y
 _11631_/X
 _11632_/X
 _11633_/X
 _11634_/Y
 _11635_/X
 _11636_/Y
 _11637_/Y
 _11638_/Y
 _11639_/Y
 _11640_/X
 _11641_/Y
 _11642_/X
 _11643_/Y
 _11644_/Y
 _11645_/X
 _11646_/Y
 _11647_/Y
 _11648_/X
 _11649_/X
 _11650_/X
 _11651_/X
 _11652_/X
 _11653_/Y
 _11654_/Y
 _11655_/Y
 _11656_/X
 _11657_/Y
 _11658_/Y
 _11659_/Y
 _11660_/X
 _11661_/Y
 _11662_/Y
 _11663_/X
 _11664_/X
 _11665_/Y
 _11666_/X
 _11667_/Y
 _11668_/X
 _11669_/X
 _11670_/X
 _11671_/X
 _11672_/X
 _11673_/X
 _11674_/Y
 _11675_/Y
 _11676_/X
 _11677_/X
 _11678_/Y
 _11679_/Y
 _11680_/Y
 _11681_/X
 _11682_/X
 _11683_/X
 _11684_/X
 _11685_/X
 _11686_/Y
 _11687_/Y
 _11688_/Y
 _11689_/Y
 _11690_/Y
 _11691_/Y
 _11692_/Y
 _11693_/Y
 _11694_/Y
 _11695_/Y
 _11696_/X
 _11697_/Y
 _11698_/Y
 _11699_/Y
 _11700_/Y
 _11701_/Y
 _11702_/Y
 _11703_/Y
 _11704_/Y
 _11705_/Y
 _11706_/Y
 _11707_/X
 _11708_/X
 _11709_/Y
 _11710_/Y
 _11711_/Y
 _11712_/Y
 _11713_/Y
 _11714_/Y
 _11715_/Y
 _11716_/Y
 _11717_/Y
 _11718_/Y
 _11719_/X
 _11720_/Y
 _11721_/Y
 _11722_/Y
 _11723_/Y
 _11724_/Y
 _11725_/Y
 _11726_/Y
 _11727_/Y
 _11728_/Y
 _11729_/Y
 _11730_/X
 _11731_/Y
 _11732_/Y
 _11733_/Y
 _11734_/Y
 _11735_/Y
 _11736_/Y
 _11737_/Y
 _11738_/Y
 _11739_/Y
 _11740_/Y
 _11741_/X
 _11742_/Y
 _11743_/Y
 _11744_/Y
 _11745_/Y
 _11746_/Y
 _11747_/Y
 _11748_/Y
 _11749_/Y
 _11750_/Y
 _11751_/Y
 _11752_/X
 _11753_/Y
 _11754_/Y
 _11755_/Y
 _11756_/Y
 _11757_/Y
 _11758_/Y
 _11759_/Y
 _11760_/Y
 _11761_/Y
 _11762_/Y
 _11763_/X
 _11764_/Y
 _11765_/Y
 _11766_/Y
 _11767_/Y
 _11768_/Y
 _11769_/Y
 _11770_/Y
 _11771_/Y
 _11772_/Y
 _11773_/Y
 _11774_/X
 _11775_/Y
 _11776_/Y
 _11777_/Y
 _11778_/Y
 _11779_/Y
 _11780_/Y
 _11781_/Y
 _11782_/Y
 _11783_/Y
 _11784_/Y
 _11785_/X
 _11786_/Y
 _11787_/Y
 _11788_/Y
 _11789_/Y
 _11790_/Y
 _11791_/Y
 _11792_/Y
 _11793_/Y
 _11794_/Y
 _11795_/Y
 _11796_/X
 _11797_/Y
 _11798_/Y
 _11799_/Y
 _11800_/Y
 _11801_/Y
 _11802_/Y
 _11803_/Y
 _11804_/Y
 _11805_/Y
 _11806_/Y
 _11807_/X
 _11808_/Y
 _11809_/Y
 _11810_/Y
 _11811_/Y
 _11812_/Y
 _11813_/Y
 _11814_/Y
 _11815_/Y
 _11816_/Y
 _11817_/Y
 _11818_/Y
 _11819_/Y
 _11820_/Y
 _11821_/Y
 _11822_/Y
 _11823_/Y
 _11824_/Y
 _11825_/Y
 _11826_/Q
 _11827_/Q
 _11828_/Q
 _11829_/Q
 _11830_/Q
 _11831_/Q
 _11832_/Q
 _11833_/Q
 _11834_/Q
 _11835_/Q
 _11836_/Q
 _11837_/Q
 _11838_/Q
 _11839_/Q
 _11840_/Q
 _11841_/Q
 _11842_/Q
 _11843_/Q
 _11844_/Q
 _11845_/Q
 _11846_/Q
 _11847_/Q
 _11848_/Q
 _11849_/Q
 _11850_/Q
 _11851_/Q
 _11852_/Q
 _11853_/Q
 _11854_/Q
 _11855_/Q
 _11856_/Q
 _11857_/Q
 _11858_/Q
 _11859_/Q
 _11860_/Q
 _11861_/Q
 _11862_/Q
 _11863_/Q
 _11864_/Q
 _11865_/Q
 _11866_/Q
 _11867_/Q
 _11868_/Q
 _11869_/Q
 _11870_/Q
 _11871_/Q
 _11872_/Q
 _11873_/Q
 _11874_/Q
 _11875_/Q
 _11876_/Q
 _11877_/Q
 _11878_/Q
 _11879_/Q
 _11880_/Q
 _11881_/Q
 _11882_/Q
 _11883_/Q
 _11884_/Q
 _11885_/Q
 _11886_/Q
 _11887_/Q
 _11888_/Q
 _11889_/Q
 _11890_/Q
 _11891_/Q
 _11892_/Q
 _11893_/Q
 _11894_/Q
 _11895_/Q
 _11896_/Q
 _11897_/Q
 _11898_/Q
 _11899_/Q
 _11900_/Q
 _11901_/Q
 _11902_/Q
 _11903_/Q
 _11904_/Q
 _11905_/Q
 _11906_/Q
 _11907_/Q
 _11908_/Q
 _11909_/Q
 _11910_/Q
 _11911_/Q
 _11912_/Q
 _11913_/Q
 _11914_/Q
 _11915_/Q
 _11916_/Q
 _11917_/Q
 _11918_/Q
 _11919_/Q
 _11920_/Q
 _11921_/Q
 _11922_/Q
 _11923_/Q
 _11924_/Q
 _11925_/Q
 _11926_/Q
 _11927_/Q
 _11928_/Q
 _11929_/Q
 _11930_/Q
 _11931_/Q
 _11932_/Q
 _11933_/Q
 _11934_/Q
 _11935_/Q
 _11936_/Q
 _11937_/Q
 _11938_/Q
 _11939_/Q
 _11940_/Q
 _11941_/Q
 _11942_/Q
 _11943_/Q
 _11944_/Q
 _11945_/Q
 _11946_/Q
 _11947_/Q
 _11948_/Q
 _11949_/Q
 _11950_/Q
 _11951_/Q
 _11952_/Q
 _11953_/Q
Found 0 partially unannotated drivers.

===========================================================================
max slew violation count 0
max fanout violation count 0
max cap violation count 0
============================================================================

===========================================================================
check_setup -verbose -unconstrained_endpoints -multiple_clock -no_clock -no_input_delay -loops -generated_clocks
===========================================================================
