=~=~=~=~=~=~=~=~=~=~=~= PuTTY log 2024.03.25 13:10:18 =~=~=~=~=~=~=~=~=~=~=~=
smoke, etoh, odor, co, no2, nh3, voc, h2s, h2, hcho, ch4
266; 304; 350; 165; 34; 0; 295; 385; 400; 4095; 345
272; 304; 341; 161; 32; 0; 295; 387; 393; 4095; 346
272; 306; 339; 160; 32; 0; 301; 391; 389; 4095; 350
269; 308; 347; 166; 34; 0; 301; 389; 394; 4095; 343
270; 305; 345; 192; 31; 0; 297; 395; 397; 4095; 352
269; 306; 352; 157; 33; 0; 302; 391; 396; 4095; 347
272; 309; 343; 161; 30; 0; 304; 393; 395; 4095; 350
270; 308; 347; 161; 32; 0; 300; 389; 400; 4095; 349
268; 314; 351; 157; 37; 0; 302; 387; 395; 4095; 352
272; 311; 346; 161; 35; 0; 303; 385; 397; 4095; 353
272; 315; 349; 169; 32; 0; 304; 391; 396; 4095; 355
273; 313; 350; 173; 30; 0; 302; 393; 400; 4095; 352
273; 311; 356; 163; 30; 0; 302; 394; 401; 4095; 348
269; 311; 347; 165; 32; 0; 304; 391; 395; 4095; 354
273; 311; 349; 171; 33; 0; 304; 395; 399; 4095; 345
272; 311; 356; 169; 35; 0; 304; 389; 394; 4095; 348
274; 314; 352; 165; 34; 0; 304; 395; 396; 4095; 343
274; 310; 347; 170; 49; 0; 305; 396; 399; 4095; 348
296; 313; 354; 171; 31; 0; 305; 397; 398; 4095; 340
275; 336; 355; 173; 32; 0; 305; 394; 400; 4095; 347
272; 310; 353; 166; 31; 0; 309; 394; 402; 4095; 349
274; 317; 351; 169; 34; 0; 306; 398; 393; 4095; 346
275; 317; 353; 171; 35; 0; 305; 388; 397; 4095; 345
272; 314; 352; 146; 34; 0; 311; 398; 395; 4095; 340
275; 352; 353; 165; 33; 0; 306; 393; 400; 4095; 349
272; 314; 359; 169; 26; 0; 310; 395; 395; 4095; 342
276; 316; 363; 177; 30; 0; 311; 396; 399; 4095; 342
273; 316; 357; 173; 37; 0; 310; 399; 393; 4095; 339
280; 317; 363; 178; 32; 0; 305; 394; 400; 4095; 348
278; 317; 355; 170; 29; 0; 308; 397; 400; 4095; 349
278; 289; 355; 173; 28; 0; 310; 398; 400; 4095; 352
279; 320; 354; 175; 34; 0; 311; 398; 393; 4095; 354
279; 320; 359; 176; 34; 0; 314; 399; 398; 4095; 347
278; 318; 365; 166; 32; 0; 315; 397; 399; 4095; 349
282; 321; 361; 176; 36; 0; 309; 397; 398; 4095; 346
282; 320; 357; 171; 33; 0; 313; 395; 390; 4095; 343
281; 323; 359; 167; 34; 0; 316; 400; 400; 4095; 344
278; 318; 358; 169; 35; 0; 316; 400; 429; 4095; 387
282; 319; 365; 176; 31; 0; 309; 398; 400; 4095; 342
279; 318; 363; 176; 33; 0; 314; 400; 389; 4095; 341
282; 321; 363; 176; 29; 0; 316; 399; 400; 4095; 343
283; 323; 367; 177; 35; 0; 311; 381; 400; 4095; 343
284; 321; 364; 176; 15; 0; 311; 399; 389; 4095; 339
285; 321; 364; 170; 37; 0; 311; 400; 394; 4095; 348
282; 325; 368; 179; 34; 0; 311; 399; 395; 4095; 342
286; 323; 358; 174; 37; 0; 313; 401; 397; 4095; 341
282; 323; 354; 176; 32; 0; 315; 398; 393; 4095; 343
282; 322; 368; 175; 33; 0; 318; 379; 392; 4095; 347
284; 326; 363; 144; 35; 0; 319; 397; 393; 4095; 339
285; 335; 365; 176; 35; 0; 320; 400; 399; 4095; 340
286; 327; 367; 176; 35; 0; 313; 400; 393; 4095; 336
283; 327; 368; 176; 35; 0; 319; 400; 395; 4095; 344
279; 323; 383; 176; 35; 0; 317; 397; 396; 4095; 341
288; 325; 369; 176; 34; 0; 318; 400; 389; 4095; 337
289; 322; 362; 177; 32; 0; 318; 400; 397; 4095; 336
288; 336; 368; 176; 35; 0; 299; 400; 396; 4095; 339
284; 323; 371; 176; 32; 0; 320; 399; 394; 4095; 337
289; 325; 371; 178; 30; 0; 314; 400; 400; 4095; 345
290; 329; 358; 177; 30; 0; 318; 400; 395; 4095; 336
289; 328; 371; 176; 36; 0; 318; 399; 400; 4095; 336
286; 331; 369; 177; 35; 0; 315; 395; 391; 4095; 341
288; 331; 371; 177; 36; 0; 320; 400; 394; 4095; 341
290; 329; 366; 176; 34; 0; 320; 400; 384; 4095; 333
289; 330; 368; 178; 32; 0; 319; 398; 393; 4095; 337
289; 332; 372; 176; 34; 0; 319; 400; 398; 4095; 334
290; 333; 366; 177; 32; 0; 317; 399; 393; 4095; 346
286; 335; 368; 184; 35; 0; 317; 400; 393; 4095; 336
290; 335; 368; 181; 32; 0; 322; 400; 397; 4095; 339
291; 335; 368; 185; 34; 0; 320; 400; 384; 4095; 304
289; 332; 368; 186; 34; 0; 321; 397; 388; 4095; 339
288; 331; 368; 175; 37; 0; 320; 399; 397; 4095; 343
291; 335; 365; 178; 39; 0; 321; 400; 393; 4095; 336
288; 334; 369; 187; 38; 0; 322; 398; 399; 4095; 338
290; 336; 367; 183; 17; 0; 322; 402; 393; 4095; 336
316; 334; 379; 181; 39; 0; 304; 400; 395; 4095; 339
291; 335; 371; 176; 40; 0; 321; 400; 400; 4095; 338
289; 336; 374; 179; 37; 0; 320; 400; 393; 4095; 340
288; 332; 379; 177; 36; 0; 320; 401; 391; 4095; 339
293; 333; 374; 184; 34; 0; 320; 432; 393; 4095; 343
291; 335; 370; 185; 6; 0; 319; 399; 397; 4095; 341
294; 336; 368; 189; 37; 0; 325; 401; 391; 4095; 338
293; 336; 377; 178; 37; 0; 321; 401; 400; 4095; 336
293; 335; 370; 181; 35; 0; 322; 400; 398; 4095; 342
290; 336; 346; 186; 40; 0; 322; 403; 389; 4095; 337
294; 337; 368; 190; 32; 0; 320; 400; 393; 4095; 336
293; 336; 369; 189; 34; 0; 324; 404; 386; 4095; 337
294; 336; 370; 188; 35; 0; 324; 402; 396; 4095; 338
292; 336; 371; 180; 36; 0; 326; 401; 395; 4095; 336
293; 335; 369; 179; 33; 0; 318; 401; 385; 4095; 336
295; 336; 380; 186; 38; 0; 320; 402; 391; 4095; 337
293; 336; 375; 183; 40; 0; 322; 402; 397; 4095; 337
294; 336; 369; 189; 35; 0; 322; 403; 395; 4095; 339
294; 339; 375; 192; 35; 0; 322; 405; 398; 4095; 315
297; 336; 377; 182; 38; 0; 326; 400; 391; 4095; 333
293; 341; 373; 178; 36; 0; 323; 402; 395; 4095; 335
293; 336; 378; 189; 38; 0; 321; 400; 394; 4095; 339
294; 336; 370; 192; 33; 0; 321; 402; 394; 4095; 335
292; 336; 373; 163; 35; 0; 324; 400; 394; 4095; 339
299; 332; 374; 189; 37; 0; 337; 400; 395; 4095; 336
290; 336; 374; 190; 39; 0; 321; 400; 397; 4095; 340
290; 336; 372; 192; 41; 0; 320; 400; 389; 4095; 336
292; 336; 371; 186; 34; 0; 320; 401; 390; 4095; 336
295; 333; 375; 187; 38; 0; 319; 405; 395; 4095; 329
295; 336; 374; 188; 37; 0; 322; 400; 393; 4095; 336
295; 366; 374; 189; 34; 0; 321; 402; 400; 4095; 334
295; 336; 373; 191; 65; 0; 318; 400; 393; 4095; 336
295; 335; 374; 188; 35; 0; 320; 400; 390; 4095; 330
293; 331; 374; 183; 32; 0; 322; 400; 391; 4095; 331
293; 333; 379; 187; 37; 0; 325; 403; 397; 4095; 332
298; 336; 374; 185; 34; 0; 321; 399; 398; 4095; 333
298; 353; 374; 185; 36; 0; 336; 403; 393; 4095; 334
295; 336; 374; 189; 30; 0; 321; 402; 399; 4095; 331
295; 333; 374; 188; 37; 0; 321; 401; 391; 4095; 336
297; 336; 390; 185; 34; 0; 321; 403; 390; 4095; 336
298; 336; 373; 182; 39; 0; 322; 401; 390; 4095; 332
294; 335; 374; 182; 37; 0; 322; 397; 397; 4095; 331
297; 334; 375; 183; 37; 0; 325; 404; 386; 4095; 329
295; 332; 374; 181; 34; 0; 321; 400; 397; 4095; 336
295; 336; 372; 183; 37; 0; 325; 404; 390; 4095; 333
295; 336; 400; 183; 37; 0; 323; 401; 400; 4095; 335
294; 334; 379; 189; 37; 0; 319; 400; 392; 4095; 334
295; 331; 375; 188; 37; 0; 323; 400; 396; 4095; 334
299; 334; 375; 192; 34; 0; 309; 400; 389; 4095; 332
296; 336; 379; 179; 34; 0; 326; 400; 384; 4095; 328
299; 330; 374; 189; 31; 0; 322; 400; 386; 4095; 333
297; 335; 411; 189; 33; 0; 321; 403; 398; 4095; 327
298; 336; 383; 190; 37; 0; 322; 400; 391; 4095; 331
298; 336; 382; 176; 32; 0; 321; 403; 391; 4095; 336
295; 314; 378; 192; 35; 0; 320; 404; 394; 4095; 332
298; 336; 374; 191; 36; 0; 324; 402; 393; 4095; 332
298; 336; 383; 190; 37; 0; 322; 400; 395; 4095; 331
297; 334; 387; 190; 34; 0; 321; 406; 392; 4095; 334
299; 336; 374; 183; 35; 0; 324; 404; 398; 4095; 337
294; 337; 373; 177; 39; 0; 320; 407; 392; 4095; 336
295; 309; 377; 190; 34; 0; 330; 400; 391; 4095; 331
295; 337; 371; 187; 38; 0; 320; 402; 400; 4095; 336
295; 336; 381; 186; 32; 0; 322; 406; 391; 4095; 333
294; 336; 419; 189; 37; 0; 320; 405; 385; 4095; 334
296; 336; 383; 181; 33; 0; 327; 400; 391; 4095; 333
299; 336; 372; 199; 36; 0; 321; 409; 390; 4095; 334
297; 359; 374; 182; 37; 0; 304; 401; 397; 4095; 332
298; 337; 380; 182; 35; 0; 325; 401; 396; 4095; 335
297; 336; 377; 182; 34; 0; 325; 403; 388; 4095; 336
299; 337; 384; 189; 34; 0; 320; 405; 387; 4095; 334
302; 336; 381; 183; 39; 0; 324; 402; 385; 4095; 330
297; 336; 358; 183; 34; 0; 322; 406; 390; 4095; 331
295; 341; 381; 178; 37; 0; 323; 400; 388; 4095; 334
299; 336; 370; 190; 41; 0; 325; 402; 387; 4095; 330
297; 336; 373; 183; 34; 0; 320; 408; 393; 4095; 331
297; 336; 368; 189; 34; 0; 319; 410; 394; 4095; 332
298; 336; 377; 188; 36; 0; 323; 405; 386; 4095; 333
300; 336; 374; 177; 50; 0; 322; 407; 386; 4095; 326
297; 336; 375; 182; 35; 0; 320; 400; 391; 4095; 329
301; 336; 382; 185; 33; 0; 321; 404; 389; 4095; 325
296; 336; 375; 178; 37; 0; 321; 403; 386; 4095; 325
295; 334; 352; 177; 38; 0; 322; 406; 391; 4095; 329
295; 335; 378; 182; 35; 0; 320; 401; 394; 4095; 325
294; 334; 381; 179; 32; 0; 323; 406; 387; 4095; 327
295; 334; 373; 185; 35; 0; 320; 403; 393; 4095; 327
299; 336; 379; 180; 34; 0; 322; 407; 384; 4095; 323
301; 334; 373; 177; 31; 0; 324; 404; 394; 4095; 323
295; 333; 377; 189; 33; 0; 320; 405; 396; 4095; 322
293; 334; 377; 181; 34; 0; 320; 401; 391; 4095; 329
297; 334; 372; 213; 43; 0; 323; 401; 388; 4095; 327
304; 336; 379; 177; 38; 0; 320; 405; 423; 4095; 323
294; 334; 374; 189; 38; 0; 320; 407; 395; 4095; 326
295; 334; 379; 190; 34; 0; 321; 403; 388; 4095; 323
302; 336; 371; 182; 32; 0; 324; 407; 391; 4095; 322
297; 336; 372; 181; 35; 0; 321; 412; 384; 4095; 322
295; 333; 380; 187; 31; 0; 320; 407; 384; 4095; 325
300; 331; 373; 184; 35; 0; 320; 406; 394; 4095; 323
298; 335; 372; 177; 34; 0; 320; 404; 386; 4095; 322
299; 331; 372; 176; 37; 0; 321; 402; 389; 4095; 321
294; 331; 374; 179; 32; 0; 320; 405; 389; 4095; 321
293; 334; 377; 184; 33; 0; 319; 403; 386; 4095; 320
298; 335; 369; 184; 33; 0; 319; 403; 394; 4095; 325
297; 336; 378; 183; 35; 0; 322; 402; 400; 4095; 320
294; 335; 374; 185; 37; 0; 317; 406; 383; 4095; 324
298; 333; 368; 179; 35; 0; 322; 403; 388; 4095; 325
294; 335; 378; 182; 37; 0; 317; 404; 381; 4095; 325
295; 335; 368; 176; 38; 0; 320; 407; 384; 4095; 320
301; 333; 378; 177; 35; 0; 320; 402; 390; 4095; 319
289; 331; 373; 176; 35; 0; 323; 406; 388; 4095; 325
295; 330; 368; 181; 34; 0; 323; 407; 381; 4095; 319
295; 335; 373; 179; 36; 0; 319; 405; 384; 4095; 318
298; 332; 368; 180; 31; 0; 320; 403; 388; 4095; 317
299; 333; 369; 177; 38; 0; 320; 385; 387; 4095; 321
295; 330; 375; 179; 32; 0; 321; 401; 390; 4095; 321
298; 333; 377; 187; 32; 0; 314; 406; 387; 4095; 320
298; 331; 369; 185; 33; 0; 317; 406; 385; 4095; 322
295; 329; 368; 182; 35; 0; 320; 405; 385; 4095; 320
294; 330; 373; 177; 32; 0; 319; 403; 385; 4095; 320
291; 332; 371; 176; 32; 0; 320; 407; 387; 4095; 318
297; 332; 368; 176; 31; 0; 320; 403; 390; 4095; 311
296; 330; 368; 187; 32; 0; 320; 402; 385; 4095; 314
297; 329; 368; 181; 32; 0; 319; 407; 381; 4095; 315
297; 329; 369; 177; 36; 0; 320; 411; 394; 4095; 314
299; 323; 372; 176; 34; 0; 318; 405; 388; 4095; 315
294; 330; 371; 177; 32; 0; 316; 406; 387; 4095; 315
299; 325; 371; 176; 31; 0; 300; 405; 379; 4095; 311
295; 327; 369; 179; 32; 0; 314; 407; 384; 4095; 310
294; 323; 368; 187; 33; 0; 317; 404; 385; 4095; 317
295; 329; 382; 179; 35; 0; 313; 410; 385; 4095; 309
294; 325; 373; 181; 36; 0; 314; 406; 385; 4095; 314
298; 326; 369; 166; 32; 0; 315; 411; 379; 4095; 315
299; 331; 369; 181; 34; 0; 318; 401; 382; 4095; 311
298; 326; 369; 183; 34; 0; 319; 409; 382; 4095; 309
297; 327; 369; 176; 31; 0; 315; 405; 384; 4095; 307
298; 326; 368; 176; 35; 0; 316; 405; 385; 4095; 309
296; 327; 368; 177; 37; 0; 316; 432; 384; 4095; 309
299; 329; 368; 177; 34; 0; 315; 407; 381; 4095; 311
320; 325; 370; 177; 30; 0; 306; 407; 384; 4095; 314
299; 326; 368; 181; 31; 0; 313; 401; 384; 4095; 317
295; 325; 369; 176; 31; 0; 320; 400; 378; 4095; 310
293; 327; 365; 179; 33; 0; 318; 405; 387; 4095; 309
295; 330; 368; 178; 33; 0; 317; 401; 384; 4095; 314
293; 325; 368; 179; 32; 0; 314; 403; 383; 4095; 318
295; 326; 365; 175; 33; 0; 320; 402; 384; 4095; 309
298; 324; 368; 179; 32; 0; 320; 403; 381; 4095; 311
298; 325; 368; 181; 29; 0; 315; 405; 387; 4095; 309
297; 329; 368; 176; 32; 0; 319; 403; 387; 4095; 315
297; 322; 368; 178; 36; 0; 313; 403; 385; 4095; 306
293; 323; 369; 175; 30; 0; 315; 405; 383; 4095; 312
297; 325; 368; 176; 33; 0; 310; 402; 384; 4095; 331
295; 325; 368; 176; 32; 0; 312; 404; 385; 4095; 311
297; 325; 367; 176; 32; 0; 309; 407; 386; 4095; 309
299; 325; 370; 176; 33; 0; 315; 400; 379; 4095; 315
295; 321; 368; 172; 34; 0; 317; 404; 386; 4095; 310
298; 304; 370; 171; 35; 0; 319; 403; 383; 4095; 304
299; 320; 366; 171; 32; 0; 314; 409; 372; 4095; 307
293; 325; 368; 171; 32; 0; 314; 402; 381; 4095; 314
299; 325; 318; 171; 33; 0; 317; 399; 384; 4095; 307
298; 326; 372; 172; 29; 0; 311; 405; 384; 4095; 309
297; 326; 368; 194; 33; 0; 320; 401; 385; 4095; 315
297; 309; 366; 171; 34; 0; 304; 407; 383; 4095; 310
298; 320; 371; 173; 29; 0; 317; 405; 377; 4095; 309
298; 323; 368; 169; 36; 0; 318; 406; 385; 4095; 307
294; 321; 368; 165; 33; 0; 314; 403; 378; 4095; 305
295; 323; 368; 168; 32; 0; 319; 401; 383; 4095; 313
298; 320; 368; 154; 33; 0; 314; 409; 380; 4095; 306
298; 317; 368; 167; 29; 0; 314; 400; 385; 4095; 310
293; 320; 365; 167; 30; 0; 317; 407; 381; 4095; 303
295; 321; 368; 164; 32; 0; 315; 405; 379; 4095; 312
300; 320; 368; 170; 32; 0; 315; 402; 373; 4095; 310
293; 320; 368; 159; 30; 0; 315; 407; 377; 4095; 313
298; 321; 368; 142; 52; 0; 314; 401; 378; 4095; 311
288; 317; 368; 161; 30; 0; 313; 405; 378; 4095; 278
297; 320; 369; 175; 27; 0; 313; 405; 381; 4095; 307
295; 320; 370; 158; 30; 0; 310; 406; 378; 4095; 303
294; 321; 369; 161; 33; 0; 315; 406; 374; 4095; 313
299; 320; 364; 165; 28; 0; 307; 411; 379; 4095; 303
295; 323; 368; 166; 63; 0; 313; 412; 373; 4095; 306
291; 318; 363; 162; 32; 0; 314; 406; 380; 4095; 304
295; 320; 366; 166; 30; 0; 315; 402; 374; 4095; 308
296; 317; 363; 172; 33; 0; 313; 404; 374; 4095; 307
299; 316; 366; 171; 31; 0; 312; 400; 384; 4095; 304
295; 320; 361; 163; 31; 0; 311; 400; 369; 4095; 305
299; 320; 368; 166; 45; 0; 314; 402; 382; 4095; 308
291; 319; 367; 171; 32; 0; 311; 402; 378; 4095; 310
295; 318; 368; 166; 31; 0; 311; 401; 373; 4095; 304
293; 316; 365; 166; 29; 0; 310; 405; 378; 4095; 310
295; 315; 359; 171; 30; 0; 308; 405; 381; 4095; 306
294; 320; 368; 166; 34; 0; 311; 400; 371; 4095; 303
296; 347; 366; 166; 29; 0; 313; 406; 379; 4095; 304
299; 317; 367; 165; 30; 0; 311; 405; 381; 4095; 304
296; 317; 359; 173; 33; 0; 313; 403; 373; 4095; 306
297; 317; 375; 171; 28; 0; 315; 405; 381; 4095; 305
299; 320; 367; 169; 28; 0; 313; 404; 375; 4095; 304
299; 320; 368; 167; 31; 0; 311; 403; 378; 4095; 309
293; 298; 362; 176; 26; 0; 321; 402; 381; 4095; 304
298; 319; 363; 167; 30; 0; 314; 406; 373; 4095; 309
298; 318; 366; 173; 33; 0; 310; 406; 379; 4095; 304
289; 318; 364; 172; 32; 0; 310; 406; 380; 4095; 304
293; 317; 368; 175; 34; 0; 311; 404; 384; 4095; 304
294; 315; 362; 189; 37; 0; 315; 400; 382; 4095; 314
318; 318; 362; 171; 35; 0; 309; 402; 374; 4095; 304
298; 311; 358; 175; 33; 0; 313; 400; 374; 4095; 304
291; 313; 362; 176; 32; 0; 311; 407; 378; 4095; 304
297; 317; 367; 176; 32; 0; 311; 403; 378; 4095; 309
298; 320; 368; 171; 33; 0; 311; 402; 378; 4095; 304
297; 320; 364; 168; 58; 0; 313; 406; 383; 4095; 304
294; 320; 367; 174; 31; 0; 310; 401; 369; 4095; 317
300; 318; 366; 165; 34; 0; 315; 402; 387; 4095; 304
298; 318; 364; 167; 33; 0; 311; 405; 381; 4095; 309
299; 317; 368; 172; 33; 0; 309; 405; 383; 4095; 304
299; 320; 364; 173; 32; 0; 314; 410; 381; 4095; 310
296; 321; 362; 166; 35; 0; 317; 406; 385; 4095; 307
298; 320; 370; 173; 37; 0; 315; 407; 380; 4095; 305
301; 320; 368; 167; 35; 0; 318; 406; 384; 4095; 315
293; 319; 363; 169; 29; 0; 315; 405; 380; 4095; 317
299; 320; 359; 174; 38; 0; 311; 406; 383; 4095; 313
297; 321; 367; 210; 35; 0; 311; 402; 378; 4095; 306
296; 315; 364; 176; 35; 0; 323; 407; 382; 4095; 314
298; 326; 369; 167; 31; 0; 315; 405; 378; 4095; 310
301; 322; 363; 176; 36; 0; 317; 407; 383; 4095; 311
301; 321; 369; 176; 32; 0; 317; 403; 383; 4095; 311
297; 321; 368; 176; 37; 0; 315; 411; 383; 4095; 304
297; 321; 368; 167; 32; 0; 316; 405; 386; 4095; 308
274; 322; 365; 176; 35; 0; 319; 406; 379; 4095; 323
299; 322; 368; 176; 31; 0; 317; 406; 379; 4095; 314
298; 323; 368; 176; 33; 0; 317; 406; 381; 4095; 315
298; 323; 373; 165; 35; 0; 320; 405; 383; 4095; 319
299; 323; 373; 170; 35; 0; 317; 433; 387; 4095; 311
299; 325; 370; 172; 29; 0; 318; 411; 382; 4095; 314
294; 323; 366; 175; 35; 0; 316; 406; 388; 4095; 310
300; 325; 370; 173; 33; 0; 311; 405; 379; 4095; 311
299; 321; 368; 173; 35; 0; 314; 403; 385; 4095; 311
300; 323; 368; 177; 36; 0; 321; 409; 385; 4095; 316
299; 323; 365; 178; 33; 0; 321; 409; 384; 4095; 317
303; 321; 369; 174; 35; 0; 318; 422; 377; 4095; 307
301; 322; 368; 174; 34; 0; 320; 401; 379; 4095; 310
304; 329; 368; 172; 35; 0; 320; 409; 387; 4095; 309
304; 330; 426; 176; 38; 0; 319; 407; 388; 4095; 308
303; 324; 368; 176; 35; 0; 320; 408; 385; 4095; 309
304; 327; 374; 176; 38; 0; 317; 405; 385; 4095; 315
301; 327; 369; 172; 37; 0; 306; 410; 382; 4095; 316
303; 326; 374; 176; 33; 0; 315; 407; 381; 4095; 318
303; 326; 370; 176; 38; 0; 319; 410; 385; 4095; 313
303; 325; 369; 176; 35; 0; 321; 406; 391; 4095; 320
300; 323; 366; 176; 37; 0; 321; 413; 379; 4095; 314
304; 321; 367; 183; 37; 0; 321; 407; 382; 4095; 310
306; 327; 373; 177; 34; 0; 318; 407; 398; 4095; 330
301; 325; 370; 176; 33; 0; 322; 407; 387; 4095; 309
304; 326; 368; 181; 37; 0; 317; 411; 384; 4095; 314
304; 329; 368; 176; 36; 0; 320; 408; 385; 4095; 319
302; 323; 369; 176; 36; 0; 322; 410; 382; 4095; 317
304; 323; 368; 176; 39; 0; 320; 411; 387; 4095; 315
304; 325; 370; 182; 37; 0; 320; 413; 381; 4095; 311
304; 329; 368; 176; 33; 0; 322; 402; 388; 4095; 309
304; 326; 369; 175; 32; 0; 319; 411; 386; 4095; 310
304; 323; 375; 182; 35; 0; 322; 406; 384; 4095; 319
304; 327; 370; 176; 35; 0; 320; 405; 385; 4095; 310
303; 333; 368; 176; 33; 0; 317; 411; 384; 4095; 318
305; 326; 371; 181; 37; 0; 323; 406; 380; 4095; 312
307; 331; 368; 179; 41; 0; 323; 410; 379; 4095; 318
304; 327; 374; 178; 32; 0; 321; 409; 375; 4095; 313
304; 330; 368; 176; 38; 0; 323; 413; 374; 4095; 317
304; 328; 373; 176; 40; 0; 323; 413; 385; 4095; 317
308; 326; 371; 178; 35; 0; 315; 415; 388; 4095; 315
305; 325; 374; 182; 39; 0; 327; 411; 378; 4095; 316
304; 322; 373; 183; 38; 0; 321; 411; 383; 4095; 320
304; 325; 370; 186; 35; 0; 321; 414; 382; 4095; 317
303; 327; 371; 177; 34; 0; 324; 407; 383; 4095; 317
304; 329; 371; 183; 20; 0; 322; 414; 381; 4095; 315
304; 329; 376; 179; 33; 0; 322; 409; 364; 4095; 333
305; 328; 373; 176; 36; 0; 323; 414; 381; 4095; 311
306; 326; 379; 183; 37; 0; 325; 407; 385; 4095; 310
304; 325; 369; 186; 39; 0; 320; 413; 384; 4095; 311
305; 326; 368; 183; 33; 0; 323; 405; 386; 4095; 314
304; 324; 368; 180; 36; 0; 318; 406; 384; 4095; 316
305; 326; 371; 178; 36; 0; 320; 411; 368; 4095; 309
304; 323; 378; 183; 38; 0; 325; 411; 379; 4095; 306
309; 325; 386; 180; 37; 0; 325; 415; 384; 4095; 313
307; 325; 374; 180; 33; 0; 321; 413; 380; 4095; 309
306; 322; 373; 179; 37; 0; 322; 413; 387; 4095; 314
306; 329; 373; 177; 39; 0; 323; 410; 387; 4095; 311
308; 330; 379; 176; 33; 0; 327; 417; 385; 4095; 307
309; 326; 373; 177; 32; 0; 323; 413; 389; 4095; 310
307; 327; 378; 180; 34; 0; 325; 415; 382; 4095; 311
304; 323; 375; 182; 37; 0; 325; 414; 386; 4095; 315
304; 321; 368; 185; 44; 0; 325; 415; 382; 4095; 305
311; 326; 368; 181; 36; 0; 326; 416; 391; 4095; 311
307; 323; 370; 188; 38; 0; 324; 418; 384; 4095; 307
307; 322; 368; 177; 37; 0; 321; 411; 387; 4095; 307
309; 323; 373; 186; 37; 0; 321; 418; 381; 4095; 317
308; 321; 369; 181; 36; 0; 325; 411; 379; 4095; 306
311; 304; 372; 176; 34; 0; 325; 415; 379; 4095; 309
307; 324; 369; 183; 39; 0; 324; 417; 400; 4095; 311
307; 323; 368; 178; 35; 0; 325; 411; 385; 4095; 307
306; 320; 348; 179; 38; 0; 320; 414; 382; 4095; 304
306; 320; 369; 186; 34; 0; 323; 410; 382; 4095; 304
306; 319; 374; 178; 38; 0; 321; 418; 385; 4095; 303
307; 337; 370; 179; 37; 0; 315; 417; 385; 4095; 309
305; 320; 369; 178; 35; 0; 321; 410; 383; 4095; 304
313; 317; 368; 186; 37; 0; 325; 410; 384; 4095; 308
306; 315; 368; 180; 37; 0; 320; 414; 386; 4095; 306
307; 318; 367; 180; 34; 0; 320; 398; 384; 4095; 305
307; 320; 369; 183; 48; 0; 318; 407; 384; 4095; 311
304; 317; 371; 181; 35; 0; 321; 417; 381; 4095; 307
305; 319; 365; 179; 35; 0; 320; 418; 382; 4095; 305
305; 319; 366; 176; 35; 0; 319; 406; 385; 4095; 304
306; 317; 366; 186; 32; 0; 323; 413; 385; 4095; 304
307; 318; 368; 183; 34; 0; 320; 414; 386; 4095; 306
304; 311; 366; 181; 23; 0; 320; 415; 384; 4095; 299
304; 318; 368; 178; 35; 0; 323; 412; 385; 4095; 302
304; 315; 365; 183; 33; 0; 319; 410; 387; 4095; 307
307; 313; 388; 183; 33; 0; 319; 413; 383; 4095; 305
306; 311; 364; 182; 34; 0; 318; 413; 384; 4095; 297
304; 307; 366; 176; 32; 0; 321; 412; 385; 4095; 303
305; 307; 363; 187; 33; 0; 319; 411; 381; 4095; 294
306; 316; 359; 181; 32; 0; 320; 413; 385; 4095; 304
304; 311; 366; 185; 30; 0; 318; 412; 386; 4095; 304
304; 311; 366; 179; 31; 0; 319; 416; 380; 4095; 300
305; 307; 363; 182; 31; 0; 319; 415; 385; 4095; 301
304; 306; 368; 180; 33; 0; 317; 412; 381; 4095; 303
281; 309; 368; 179; 33; 0; 315; 410; 384; 4095; 304
304; 307; 365; 179; 33; 0; 316; 413; 384; 4095; 304
304; 309; 362; 188; 30; 0; 318; 410; 390; 4095; 304
304; 308; 363; 187; 37; 0; 319; 415; 384; 4095; 295
304; 313; 367; 182; 34; 0; 314; 413; 382; 4095; 304
306; 307; 359; 177; 37; 0; 319; 412; 385; 4095; 304
304; 311; 363; 181; 33; 0; 315; 410; 382; 4095; 304
304; 310; 361; 185; 35; 0; 319; 409; 384; 4095; 302
303; 312; 351; 177; 32; 0; 315; 410; 384; 4095; 304
308; 310; 367; 182; 36; 0; 316; 406; 384; 4095; 301
304; 308; 362; 192; 64; 0; 317; 405; 378; 4095; 304
327; 307; 358; 180; 30; 0; 314; 412; 388; 4095; 304
304; 306; 355; 176; 33; 0; 313; 411; 379; 4095; 300
304; 305; 358; 175; 33; 0; 313; 406; 387; 4095; 304
304; 309; 358; 177; 33; 0; 320; 409; 378; 4095; 301
302; 305; 363; 179; 32; 0; 316; 409; 382; 4095; 303
304; 306; 362; 179; 42; 0; 313; 407; 387; 4095; 298
304; 307; 362; 184; 34; 0; 314; 414; 385; 4095; 302
302; 306; 361; 186; 34; 0; 314; 404; 384; 4095; 303
304; 307; 356; 175; 37; 0; 314; 407; 382; 4095; 303
304; 311; 365; 181; 35; 0; 313; 407; 388; 4095; 299
304; 310; 358; 173; 30; 0; 314; 410; 383; 4095; 304
304; 307; 359; 179; 35; 0; 315; 412; 378; 4095; 295
304; 309; 365; 176; 33; 0; 309; 411; 383; 4095; 304
301; 308; 364; 179; 32; 0; 311; 407; 379; 4095; 303
304; 309; 354; 176; 35; 0; 316; 406; 375; 4095; 299
304; 307; 363; 181; 36; 0; 318; 414; 386; 4095; 304
303; 310; 359; 185; 33; 0; 315; 414; 377; 4095; 304
297; 307; 358; 176; 34; 0; 311; 411; 386; 4095; 338
301; 305; 363; 176; 32; 0; 317; 410; 384; 4095; 301
305; 305; 356; 186; 35; 0; 316; 407; 380; 4095; 303
304; 310; 363; 183; 32; 0; 314; 409; 379; 4095; 305
303; 306; 358; 180; 35; 0; 316; 413; 384; 4095; 304
304; 308; 365; 186; 33; 0; 311; 407; 383; 4095; 299
304; 307; 359; 179; 35; 0; 315; 409; 357; 4095; 304
303; 304; 357; 187; 32; 0; 310; 414; 385; 4095; 303
304; 304; 415; 182; 34; 0; 314; 407; 379; 4095; 301
304; 305; 359; 179; 33; 0; 313; 413; 384; 4095; 300
304; 304; 362; 154; 35; 0; 317; 410; 381; 4095; 302
304; 307; 357; 179; 33; 0; 310; 410; 384; 4095; 301
304; 307; 365; 175; 33; 0; 315; 407; 382; 4095; 304
301; 306; 359; 176; 28; 0; 311; 411; 375; 4095; 304
304; 311; 357; 180; 32; 0; 311; 410; 379; 4095; 306
301; 308; 365; 176; 32; 0; 313; 437; 389; 4095; 301
304; 306; 358; 176; 27; 0; 309; 409; 379; 4095; 304
309; 309; 357; 176; 38; 0; 315; 410; 423; 4095; 304
304; 305; 355; 180; 35; 0; 311; 406; 382; 4095; 303
304; 305; 358; 183; 37; 0; 315; 407; 379; 4095; 304
304; 306; 362; 182; 35; 0; 317; 413; 384; 4095; 303
304; 307; 357; 176; 36; 0; 312; 411; 380; 4095; 304
303; 315; 356; 181; 36; 0; 316; 411; 384; 4095; 302
303; 304; 361; 185; 38; 0; 314; 414; 387; 4095; 304
302; 311; 357; 182; 33; 0; 316; 414; 378; 4095; 302
304; 307; 369; 183; 32; 0; 314; 411; 386; 4095; 307
304; 312; 362; 179; 33; 0; 318; 409; 379; 4095; 310
304; 307; 362; 183; 33; 0; 309; 412; 384; 4095; 302
304; 307; 358; 180; 32; 0; 314; 416; 382; 4095; 302
304; 317; 357; 176; 32; 0; 303; 415; 386; 4095; 306
304; 309; 362; 175; 34; 0; 317; 412; 377; 4095; 304
304; 307; 359; 174; 35; 0; 317; 415; 384; 4095; 307
307; 309; 366; 177; 33; 0; 313; 411; 383; 4095; 305
304; 306; 357; 178; 33; 0; 320; 412; 385; 4095; 306
304; 312; 358; 171; 34; 0; 313; 410; 353; 4095; 304
302; 310; 362; 177; 32; 0; 319; 409; 380; 4095; 305
303; 310; 363; 174; 37; 0; 314; 410; 381; 4095; 304
304; 309; 362; 176; 32; 0; 314; 411; 383; 4095; 304
304; 306; 363; 176; 33; 0; 319; 407; 384; 4095; 306
304; 317; 356; 176; 37; 0; 308; 413; 387; 4095; 307
303; 308; 366; 173; 37; 0; 319; 411; 379; 4095; 308
304; 313; 361; 176; 31; 0; 315; 414; 385; 4095; 304
305; 315; 357; 176; 32; 0; 313; 412; 375; 4095; 304
303; 311; 363; 176; 33; 0; 315; 416; 384; 4095; 302
304; 309; 353; 177; 26; 0; 313; 414; 384; 4095; 308
289; 311; 358; 179; 29; 0; 319; 409; 383; 4095; 304
303; 306; 364; 180; 37; 0; 317; 413; 381; 4095; 304
301; 316; 358; 176; 32; 0; 319; 410; 375; 4095; 306
304; 311; 354; 176; 34; 0; 316; 413; 382; 4095; 310
303; 313; 354; 185; 32; 0; 318; 413; 384; 4095; 307
304; 311; 359; 173; 35; 0; 314; 411; 384; 4095; 305
302; 309; 361; 180; 34; 0; 319; 413; 384; 4095; 312
304; 309; 359; 177; 35; 0; 316; 409; 388; 4095; 304
304; 310; 417; 176; 36; 0; 315; 411; 385; 4095; 305
304; 311; 365; 176; 32; 0; 319; 413; 384; 4095; 304
304; 311; 357; 181; 32; 0; 318; 407; 384; 4095; 308
304; 299; 365; 182; 38; 0; 317; 415; 381; 4095; 309
304; 315; 362; 176; 32; 0; 319; 411; 384; 4095; 314
304; 317; 359; 176; 38; 0; 311; 415; 384; 4095; 313
304; 315; 355; 179; 36; 0; 318; 415; 383; 4095; 319
304; 317; 363; 177; 31; 0; 320; 412; 387; 4095; 318
304; 318; 358; 190; 39; 0; 320; 410; 386; 4095; 318
291; 316; 366; 185; 35; 0; 317; 415; 392; 4095; 323
303; 313; 363; 176; 33; 0; 320; 413; 390; 4095; 317
304; 317; 368; 190; 13; 0; 320; 414; 391; 4095; 317
304; 317; 363; 182; 32; 0; 320; 412; 386; 4095; 325
304; 318; 366; 187; 34; 0; 316; 419; 387; 4095; 324
297; 321; 367; 185; 33; 0; 317; 417; 389; 4095; 327
304; 315; 365; 192; 37; 0; 317; 416; 388; 4095; 327
304; 315; 368; 192; 37; 0; 319; 416; 385; 4095; 321
306; 320; 368; 187; 35; 0; 318; 419; 389; 4095; 319
304; 317; 368; 184; 36; 0; 320; 416; 388; 4095; 323
304; 317; 368; 211; 33; 0; 320; 415; 390; 4095; 326
303; 317; 368; 186; 36; 0; 319; 417; 392; 4095; 275
304; 311; 362; 192; 34; 0; 323; 418; 400; 4095; 319
305; 318; 368; 187; 39; 0; 321; 415; 393; 4095; 322
305; 320; 368; 188; 36; 0; 318; 417; 395; 4095; 320
305; 318; 370; 178; 34; 0; 321; 417; 394; 4095; 323
305; 319; 367; 190; 33; 0; 323; 416; 387; 4095; 322
304; 321; 367; 181; 35; 0; 323; 415; 395; 4095; 319
306; 320; 367; 182; 38; 0; 320; 416; 390; 4095; 318
306; 318; 389; 188; 36; 0; 327; 417; 394; 4095; 321
306; 320; 367; 185; 35; 0; 321; 419; 391; 4095; 320
305; 320; 366; 183; 39; 0; 322; 409; 390; 4095; 318
305; 336; 371; 191; 34; 0; 314; 420; 390; 4095; 318
304; 321; 368; 187; 38; 0; 320; 419; 389; 4095; 325
306; 321; 368; 182; 39; 0; 319; 416; 394; 4095; 322
306; 319; 368; 190; 37; 0; 321; 416; 400; 4095; 319
309; 319; 371; 192; 33; 0; 321; 399; 397; 4095; 323
304; 320; 368; 192; 48; 0; 320; 413; 399; 4095; 325
305; 320; 367; 190; 36; 0; 322; 416; 389; 4095; 327
304; 319; 368; 185; 36; 0; 320; 416; 395; 4095; 323
305; 322; 368; 189; 37; 0; 321; 417; 393; 4095; 329
307; 321; 372; 185; 41; 0; 322; 414; 395; 4095; 330
311; 320; 369; 189; 39; 0; 322; 415; 393; 4095; 327
309; 321; 371; 190; 35; 0; 304; 416; 395; 4095; 325
309; 321; 367; 192; 35; 0; 323; 419; 398; 4095; 323
307; 320; 368; 192; 34; 0; 329; 419; 400; 4095; 327
309; 320; 371; 188; 37; 0; 320; 419; 400; 4095; 334
306; 319; 368; 190; 37; 0; 322; 421; 399; 4095; 322
311; 319; 369; 193; 37; 0; 320; 416; 392; 4095; 325
307; 319; 368; 195; 35; 0; 321; 415; 400; 4095; 327
311; 321; 375; 197; 36; 0; 327; 415; 395; 4095; 331
308; 319; 374; 195; 37; 0; 327; 415; 401; 4095; 329
309; 314; 374; 193; 36; 0; 320; 417; 397; 4095; 333
309; 315; 368; 192; 32; 0; 325; 413; 402; 4095; 326
307; 350; 369; 190; 37; 0; 322; 414; 400; 4095; 330
306; 320; 368; 190; 40; 0; 320; 417; 400; 4095; 327
310; 317; 367; 195; 37; 0; 324; 413; 400; 4095; 323
308; 317; 364; 199; 38; 0; 321; 418; 400; 4095; 320
311; 315; 370; 194; 38; 0; 324; 416; 400; 4095; 326
309; 318; 366; 190; 29; 0; 322; 419; 400; 4095; 320
335; 319; 370; 191; 40; 0; 325; 418; 379; 4095; 313
309; 318; 368; 198; 32; 0; 320; 416; 400; 4095; 326
313; 317; 373; 194; 35; 0; 325; 416; 401; 4095; 325
314; 317; 368; 193; 33; 0; 319; 419; 400; 4095; 323
313; 318; 368; 194; 32; 0; 325; 415; 402; 4095; 321
312; 317; 368; 191; 38; 0; 312; 422; 400; 4095; 322
313; 318; 370; 194; 39; 0; 323; 417; 403; 4095; 320
310; 317; 368; 197; 37; 0; 320; 417; 405; 4095; 321
310; 313; 354; 192; 37; 0; 319; 412; 401; 4095; 321
313; 317; 368; 194; 37; 0; 320; 419; 401; 4095; 320
308; 317; 368; 175; 38; 0; 324; 418; 400; 4095; 321
310; 315; 368; 192; 36; 0; 325; 417; 400; 4095; 321
313; 313; 368; 197; 37; 0; 322; 420; 406; 4095; 321
312; 318; 370; 192; 35; 0; 321; 421; 403; 4095; 323
310; 319; 372; 193; 35; 0; 321; 422; 400; 4095; 321
314; 317; 370; 192; 41; 0; 321; 407; 400; 4095; 322
313; 317; 368; 196; 36; 0; 321; 416; 400; 4095; 323
307; 320; 369; 197; 36; 0; 321; 418; 402; 4095; 323
314; 319; 368; 193; 36; 0; 325; 416; 406; 4095; 322
313; 318; 370; 195; 36; 0; 322; 419; 407; 4095; 330
313; 319; 370; 197; 34; 0; 323; 417; 403; 4095; 329
309; 319; 373; 194; 37; 0; 320; 419; 407; 4095; 332
314; 309; 374; 202; 38; 0; 326; 426; 414; 4095; 334
316; 320; 369; 194; 36; 0; 323; 417; 409; 4095; 326
313; 315; 370; 202; 35; 0; 323; 416; 406; 4095; 330
313; 314; 373; 199; 39; 0; 320; 418; 405; 4095; 334
311; 314; 374; 197; 39; 0; 322; 417; 410; 4095; 327
313; 315; 368; 194; 16; 0; 325; 422; 408; 4095; 326
315; 315; 368; 206; 37; 0; 322; 423; 400; 4095; 333
317; 315; 373; 197; 37; 0; 322; 421; 407; 4095; 332
311; 314; 371; 191; 37; 0; 322; 417; 414; 4095; 325
312; 316; 368; 192; 40; 0; 329; 421; 405; 4095; 323
311; 317; 368; 193; 36; 0; 321; 416; 407; 4095; 331
314; 311; 368; 197; 41; 0; 304; 421; 409; 4095; 325
314; 318; 369; 199; 30; 0; 320; 418; 401; 4095; 327
313; 319; 368; 195; 39; 0; 326; 419; 405; 4095; 327
314; 315; 367; 192; 35; 0; 320; 416; 405; 4095; 325
311; 320; 372; 192; 42; 0; 321; 411; 402; 4095; 327
311; 318; 374; 193; 32; 0; 321; 422; 400; 4095; 324
299; 318; 370; 186; 38; 0; 324; 422; 432; 4095; 335
317; 315; 373; 185; 34; 0; 327; 420; 400; 4095; 327
312; 317; 368; 184; 39; 0; 320; 423; 398; 4095; 326
311; 320; 371; 178; 34; 0; 325; 416; 401; 4095; 325
317; 314; 372; 181; 43; 0; 323; 421; 398; 4095; 333
315; 321; 375; 179; 42; 0; 306; 419; 401; 4095; 324
316; 320; 374; 180; 36; 0; 323; 425; 400; 4095; 327
317; 317; 369; 182; 41; 0; 329; 426; 403; 4095; 323
313; 319; 379; 176; 39; 0; 324; 416; 400; 4095; 331
315; 318; 373; 176; 36; 0; 327; 432; 401; 4095; 325
316; 318; 373; 181; 38; 0; 326; 421; 403; 4095; 324
304; 320; 380; 177; 37; 0; 325; 423; 394; 4095; 292
315; 320; 374; 188; 41; 0; 327; 419; 398; 4095; 331
311; 320; 374; 186; 39; 0; 325; 421; 402; 4095; 321
317; 319; 378; 179; 35; 0; 324; 423; 400; 4095; 323
319; 318; 377; 189; 35; 0; 327; 427; 405; 4095; 329
316; 318; 372; 183; 41; 0; 351; 423; 400; 4095; 320
314; 320; 371; 181; 37; 0; 330; 427; 403; 4095; 323
318; 320; 373; 190; 37; 0; 323; 425; 407; 4095; 323
315; 320; 371; 187; 39; 0; 327; 423; 401; 4095; 323
317; 319; 373; 188; 35; 0; 329; 400; 400; 4095; 326
315; 319; 375; 199; 64; 0; 330; 423; 405; 4095; 330
315; 320; 374; 189; 39; 0; 329; 419; 403; 4095; 291
318; 321; 373; 190; 40; 0; 326; 421; 402; 4095; 326
318; 320; 371; 190; 42; 0; 326; 419; 400; 4095; 325
320; 317; 374; 187; 35; 0; 322; 418; 400; 4095; 333
317; 317; 372; 187; 36; 0; 325; 419; 405; 4095; 329
316; 325; 379; 192; 41; 0; 325; 421; 400; 4095; 321
317; 323; 369; 191; 41; 0; 328; 426; 405; 4095; 330
317; 320; 371; 196; 35; 0; 329; 421; 404; 4095; 326
317; 321; 369; 187; 39; 0; 326; 418; 399; 4095; 334
315; 320; 369; 186; 38; 0; 327; 418; 401; 4095; 327
319; 320; 371; 199; 42; 0; 328; 420; 401; 4095; 326
325; 319; 377; 193; 38; 0; 329; 418; 403; 4095; 322
319; 320; 370; 192; 32; 0; 329; 419; 406; 4095; 324
317; 320; 368; 198; 41; 0; 327; 420; 406; 4095; 327
319; 316; 371; 192; 37; 0; 330; 427; 404; 4095; 323
318; 320; 368; 199; 36; 0; 326; 419; 402; 4095; 333
319; 318; 373; 197; 35; 0; 324; 422; 402; 4095; 330
316; 318; 370; 192; 36; 0; 322; 422; 404; 4095; 320
314; 314; 368; 190; 35; 0; 325; 418; 400; 4095; 323
314; 318; 373; 198; 41; 0; 321; 418; 401; 4095; 331
317; 320; 371; 198; 37; 0; 320; 418; 400; 4095; 320
314; 320; 368; 179; 45; 0; 320; 417; 406; 4095; 320
298; 320; 372; 192; 36; 0; 316; 416; 407; 4095; 337
315; 318; 375; 188; 38; 0; 320; 421; 407; 4095; 327
313; 318; 368; 193; 39; 0; 325; 419; 401; 4095; 322
314; 316; 372; 192; 37; 0; 322; 414; 403; 4095; 324
315; 320; 368; 193; 38; 0; 320; 416; 404; 4095; 322
312; 320; 367; 197; 37; 0; 322; 423; 405; 4095; 325
318; 323; 368; 197; 35; 0; 322; 422; 399; 4095; 323
311; 320; 372; 193; 38; 0; 327; 421; 405; 4095; 325
312; 320; 334; 190; 37; 0; 322; 416; 401; 4095; 326
318; 320; 368; 196; 39; 0; 328; 416; 412; 4095; 323
314; 321; 373; 195; 37; 0; 325; 421; 401; 4095; 326
314; 313; 370; 194; 37; 0; 324; 417; 404; 4095; 327
317; 320; 373; 199; 35; 0; 326; 422; 409; 4095; 331
313; 322; 375; 194; 42; 0; 329; 426; 411; 4095; 327
315; 317; 368; 191; 38; 0; 332; 423; 406; 4095; 325
317; 320; 374; 203; 38; 0; 330; 422; 403; 4095; 331
316; 323; 373; 195; 40; 0; 324; 425; 401; 4095; 328
317; 319; 370; 199; 44; 0; 326; 423; 400; 4095; 336
314; 321; 375; 195; 43; 0; 329; 421; 404; 4095; 325
314; 320; 368; 192; 34; 0; 327; 421; 407; 4095; 331
315; 321; 369; 195; 39; 0; 322; 419; 406; 4095; 332
314; 321; 368; 194; 41; 0; 321; 417; 411; 4095; 327
316; 320; 376; 198; 42; 0; 330; 422; 410; 4095; 331
314; 318; 371; 201; 39; 0; 332; 422; 413; 4095; 330
315; 319; 371; 195; 39; 0; 331; 423; 411; 4095; 325
317; 322; 371; 196; 42; 0; 327; 423; 413; 4095; 328
317; 321; 372; 197; 41; 0; 329; 431; 412; 4095; 330
311; 322; 376; 195; 38; 0; 329; 427; 412; 4095; 333
317; 324; 373; 203; 39; 0; 330; 419; 414; 4095; 334
318; 322; 375; 192; 34; 0; 327; 426; 406; 4095; 335
315; 323; 401; 192; 39; 0; 331; 426; 407; 4095; 327
318; 321; 371; 190; 37; 0; 323; 429; 406; 4095; 335
322; 324; 379; 193; 37; 0; 331; 426; 414; 4095; 336
317; 317; 378; 190; 38; 0; 331; 422; 405; 4095; 334
318; 322; 374; 190; 40; 0; 330; 419; 404; 4095; 331
315; 321; 374; 187; 38; 0; 332; 425; 412; 4095; 335
320; 321; 373; 192; 36; 0; 332; 421; 410; 4095; 333
320; 322; 374; 192; 37; 0; 333; 430; 410; 4095; 328
320; 323; 378; 191; 37; 0; 332; 426; 410; 4095; 325
321; 321; 371; 201; 41; 0; 327; 421; 402; 4095; 330
320; 322; 374; 195; 37; 0; 334; 423; 409; 4095; 334
320; 322; 343; 194; 42; 0; 325; 424; 403; 4095; 326
316; 321; 371; 193; 38; 0; 327; 427; 402; 4095; 328
318; 324; 371; 188; 39; 0; 331; 423; 407; 4095; 320
319; 345; 375; 193; 41; 0; 333; 429; 403; 4095; 323
317; 318; 375; 193; 37; 0; 332; 422; 406; 4095; 322
320; 321; 374; 198; 37; 0; 327; 427; 406; 4095; 323
318; 321; 369; 194; 41; 0; 328; 423; 415; 4095; 329
320; 319; 374; 193; 37; 0; 325; 423; 404; 4095; 321
319; 322; 373; 186; 42; 0; 327; 423; 405; 4095; 314
320; 320; 368; 190; 37; 0; 332; 429; 400; 4095; 316
319; 317; 368; 182; 38; 0; 329; 425; 405; 4095; 321
317; 319; 370; 179; 39; 0; 324; 428; 405; 4095; 317
316; 320; 370; 189; 38; 0; 330; 421; 401; 4095; 321
318; 318; 368; 187; 68; 0; 328; 424; 402; 4095; 318
316; 318; 373; 188; 38; 0; 326; 427; 401; 4095; 314
318; 318; 374; 177; 39; 0; 329; 425; 400; 4095; 315
320; 321; 369; 179; 37; 0; 324; 425; 405; 4095; 324
320; 317; 373; 182; 41; 0; 330; 425; 404; 4095; 323
319; 321; 374; 177; 39; 0; 326; 421; 403; 4095; 320
320; 320; 372; 180; 42; 0; 331; 429; 400; 4095; 319
317; 318; 370; 176; 40; 0; 331; 426; 406; 4095; 317
320; 318; 374; 183; 34; 0; 327; 426; 403; 4095; 319
320; 321; 370; 185; 40; 0; 330; 425; 399; 4095; 318
321; 318; 378; 184; 37; 0; 330; 426; 400; 4095; 320
317; 320; 371; 223; 38; 0; 332; 421; 401; 4095; 311
318; 316; 371; 186; 39; 0; 325; 427; 397; 4095; 319
320; 324; 369; 182; 38; 0; 326; 425; 400; 4095; 323
321; 315; 368; 187; 41; 0; 331; 422; 401; 4095; 322
318; 320; 368; 187; 41; 0; 325; 425; 405; 4095; 315
319; 321; 370; 181; 41; 0; 329; 425; 398; 4095; 317
317; 320; 368; 178; 38; 1; 330; 428; 402; 4095; 326
320; 320; 377; 189; 38; 0; 327; 426; 400; 4095; 320
320; 320; 371; 187; 38; 0; 327; 422; 405; 4095; 321
321; 318; 331; 187; 35; 0; 328; 421; 400; 4095; 314
317; 321; 374; 186; 39; 0; 326; 427; 400; 4095; 320
320; 319; 374; 181; 39; 0; 327; 422; 405; 4095; 318
320; 320; 375; 186; 35; 0; 325; 422; 398; 4095; 320
323; 319; 369; 185; 37; 0; 329; 428; 400; 4095; 320
322; 320; 370; 190; 39; 0; 331; 424; 405; 4095; 319
320; 315; 375; 190; 39; 0; 326; 427; 402; 4095; 319
318; 320; 371; 192; 41; 0; 331; 417; 404; 4095; 315
320; 317; 375; 192; 36; 0; 329; 426; 397; 4095; 317
319; 315; 374; 194; 42; 0; 327; 423; 401; 4095; 318
324; 317; 374; 190; 38; 0; 330; 428; 399; 4095; 320
319; 320; 404; 186; 38; 0; 326; 426; 400; 4095; 313
320; 316; 381; 185; 32; 0; 326; 423; 399; 4095; 320
322; 314; 372; 192; 38; 0; 328; 423; 405; 4095; 317
319; 318; 371; 189; 37; 0; 326; 420; 403; 4095; 366
321; 317; 373; 187; 36; 0; 331; 423; 400; 4095; 320
321; 315; 373; 190; 35; 0; 329; 427; 400; 4095; 318
318; 316; 374; 187; 39; 0; 325; 422; 403; 4095; 319
322; 314; 359; 185; 36; 0; 325; 401; 400; 4095; 315
322; 316; 370; 191; 33; 0; 325; 427; 400; 4095; 313
320; 317; 365; 193; 37; 0; 326; 429; 407; 4095; 317
320; 313; 375; 180; 42; 0; 329; 425; 404; 4095; 319
321; 314; 371; 183; 36; 0; 322; 420; 406; 4095; 322
323; 317; 372; 193; 35; 0; 323; 426; 406; 4095; 319
322; 312; 376; 190; 44; 0; 325; 423; 400; 4095; 313
322; 308; 368; 181; 41; 0; 326; 422; 400; 4095; 314
320; 317; 368; 191; 39; 0; 327; 423; 405; 4095; 310
321; 309; 374; 193; 38; 0; 325; 424; 406; 4095; 315
323; 314; 368; 189; 37; 0; 325; 426; 400; 4095; 321
323; 313; 368; 186; 38; 0; 321; 422; 399; 4095; 312
321; 314; 366; 190; 34; 0; 322; 428; 403; 4095; 314
319; 316; 368; 191; 32; 0; 321; 426; 406; 4095; 315
322; 311; 365; 185; 36; 0; 321; 422; 401; 4095; 313
322; 309; 336; 193; 35; 0; 324; 422; 404; 4095; 321
321; 313; 373; 190; 34; 0; 321; 422; 403; 4095; 318
320; 313; 368; 192; 18; 0; 322; 424; 400; 4095; 314
318; 313; 372; 193; 38; 0; 325; 425; 405; 4095; 283
319; 310; 369; 192; 39; 0; 320; 425; 400; 4095; 314
321; 314; 368; 189; 37; 0; 322; 425; 405; 4095; 311
322; 313; 368; 192; 36; 0; 326; 426; 406; 4095; 312
323; 316; 371; 189; 40; 0; 325; 426; 399; 4095; 321
321; 315; 369; 195; 35; 0; 322; 422; 407; 4095; 321
320; 315; 371; 194; 39; 0; 323; 421; 435; 4095; 317
320; 315; 372; 195; 41; 0; 321; 427; 406; 4095; 320
322; 313; 368; 192; 37; 0; 323; 428; 401; 4095; 318
320; 314; 371; 185; 38; 0; 325; 436; 405; 4095; 324
320; 314; 371; 191; 39; 0; 321; 425; 405; 4095; 318
329; 313; 374; 192; 42; 0; 325; 422; 432; 4095; 321
325; 314; 368; 191; 37; 0; 325; 425; 400; 4095; 320
325; 317; 368; 187; 41; 0; 323; 429; 402; 4095; 317
321; 318; 371; 192; 39; 0; 324; 428; 402; 4095; 320
326; 317; 369; 190; 38; 0; 324; 455; 398; 4095; 319
324; 283; 370; 194; 39; 0; 336; 423; 407; 4095; 318
326; 317; 372; 190; 38; 0; 329; 423; 404; 4095; 320
328; 319; 368; 192; 39; 0; 324; 423; 404; 4095; 319
327; 319; 370; 193; 38; 0; 323; 426; 405; 4095; 318
323; 315; 368; 186; 39; 0; 321; 397; 400; 4095; 319
325; 313; 373; 181; 38; 0; 323; 425; 401; 4095; 320
304; 318; 375; 198; 43; 0; 326; 423; 368; 4095; 286
322; 315; 368; 192; 38; 0; 325; 421; 397; 4095; 319
324; 317; 373; 190; 34; 0; 326; 424; 404; 4095; 322
325; 317; 368; 193; 37; 0; 329; 426; 401; 4095; 323
322; 311; 373; 187; 38; 0; 330; 422; 400; 4095; 318
322; 316; 374; 193; 38; 0; 323; 428; 400; 4095; 316
322; 318; 375; 197; 33; 0; 325; 425; 400; 4095; 320
325; 320; 370; 192; 43; 0; 331; 431; 400; 4095; 320
326; 314; 387; 192; 35; 0; 325; 432; 403; 4095; 319
325; 320; 375; 202; 35; 0; 329; 455; 402; 4095; 320
325; 319; 379; 192; 38; 0; 326; 427; 403; 4095; 320
319; 322; 375; 203; 37; 0; 330; 426; 401; 4095; 314
321; 320; 368; 193; 34; 0; 327; 426; 409; 4095; 330
325; 319; 380; 193; 39; 0; 329; 428; 401; 4095; 321
328; 323; 371; 194; 35; 0; 329; 423; 410; 4095; 325
326; 321; 369; 192; 37; 0; 326; 430; 403; 4095; 326
326; 330; 375; 197; 42; 0; 336; 429; 410; 4095; 331
326; 317; 369; 197; 38; 0; 330; 430; 402; 4095; 333
324; 320; 375; 199; 38; 0; 324; 425; 401; 4095; 329
322; 321; 382; 197; 39; 0; 325; 427; 405; 4095; 325
326; 321; 371; 197; 38; 0; 326; 453; 405; 4095; 330
327; 320; 378; 191; 58; 0; 324; 427; 406; 4095; 327
327; 322; 380; 190; 40; 0; 330; 425; 409; 4095; 327
326; 323; 371; 194; 42; 0; 325; 431; 409; 4095; 332
323; 326; 373; 194; 39; 0; 329; 431; 409; 4095; 326
327; 322; 383; 191; 37; 0; 333; 425; 410; 4095; 326
326; 323; 378; 195; 42; 0; 331; 428; 408; 4095; 333
325; 328; 381; 201; 40; 0; 331; 430; 413; 4095; 336
327; 325; 380; 197; 36; 0; 329; 426; 401; 4095; 330
325; 320; 378; 195; 42; 0; 335; 432; 407; 4095; 333
327; 327; 377; 201; 42; 0; 333; 429; 410; 4095; 327
331; 322; 376; 193; 44; 0; 328; 432; 413; 4095; 333
330; 321; 381; 192; 38; 0; 334; 429; 409; 4095; 327
325; 329; 377; 202; 40; 0; 333; 431; 400; 4095; 332
329; 326; 379; 202; 39; 0; 333; 432; 403; 4095; 329
329; 325; 351; 196; 37; 0; 334; 431; 400; 4095; 325
330; 326; 381; 199; 35; 0; 331; 426; 406; 4095; 334
323; 333; 381; 197; 38; 0; 334; 432; 409; 4095; 333
326; 321; 379; 197; 42; 0; 331; 432; 401; 4095; 333
327; 323; 384; 194; 39; 0; 332; 432; 406; 4095; 336
325; 328; 381; 202; 41; 0; 334; 427; 414; 4095; 334
327; 326; 384; 195; 38; 0; 331; 431; 415; 4095; 336
326; 330; 379; 198; 45; 0; 330; 430; 407; 4095; 338
328; 332; 386; 201; 43; 0; 333; 426; 409; 4095; 339
329; 328; 383; 195; 37; 0; 333; 429; 411; 4095; 336
329; 331; 387; 208; 39; 0; 336; 428; 416; 4095; 336
331; 331; 425; 202; 43; 0; 335; 425; 413; 4095; 336
330; 333; 381; 205; 41; 0; 333; 439; 414; 4095; 336
327; 332; 381; 192; 48; 0; 333; 432; 418; 4095; 335
347; 329; 380; 203; 38; 0; 336; 432; 409; 4095; 313
330; 332; 384; 201; 39; 0; 333; 432; 410; 4095; 336
330; 332; 384; 200; 39; 0; 333; 427; 416; 4095; 336
326; 333; 384; 199; 39; 0; 337; 430; 417; 4095; 337
327; 331; 385; 199; 45; 0; 334; 432; 409; 4095; 345
331; 333; 386; 201; 45; 0; 334; 431; 417; 4095; 345
331; 335; 384; 205; 42; 0; 336; 432; 413; 4095; 336
329; 331; 387; 208; 43; 0; 336; 429; 411; 4095; 343
333; 331; 380; 205; 39; 0; 336; 431; 411; 4095; 339
329; 334; 383; 200; 45; 0; 337; 441; 418; 4095; 345
334; 336; 386; 199; 38; 0; 330; 432; 419; 4095; 342
330; 331; 385; 208; 43; 0; 334; 430; 446; 4095; 349
325; 336; 389; 204; 41; 0; 336; 432; 422; 4095; 336
330; 327; 386; 199; 44; 0; 336; 431; 409; 4095; 337
333; 333; 388; 204; 42; 0; 337; 433; 413; 4095; 338
332; 335; 392; 195; 41; 0; 336; 432; 422; 4095; 336
329; 339; 389; 201; 44; 0; 331; 432; 419; 4095; 337
333; 334; 389; 205; 41; 0; 336; 431; 419; 4095; 339
329; 332; 386; 202; 44; 0; 336; 432; 416; 4095; 344
330; 334; 388; 208; 40; 0; 336; 430; 417; 4095; 336
333; 334; 387; 206; 39; 0; 337; 431; 417; 4095; 341
329; 336; 387; 195; 46; 0; 336; 432; 421; 4095; 342
310; 335; 387; 202; 38; 0; 336; 431; 427; 4095; 336
333; 336; 384; 206; 44; 0; 336; 432; 420; 4095; 340
332; 335; 378; 208; 42; 0; 336; 431; 421; 4095; 337
336; 336; 384; 199; 44; 0; 335; 432; 422; 4095; 339
327; 332; 391; 179; 43; 0; 338; 431; 421; 4095; 337
333; 311; 386; 202; 47; 0; 363; 432; 419; 4095; 338
331; 335; 385; 206; 43; 0; 340; 432; 426; 4095; 336
333; 336; 386; 208; 46; 0; 336; 432; 418; 4095; 336
334; 335; 387; 199; 43; 0; 337; 432; 419; 4095; 337
335; 336; 390; 203; 42; 0; 336; 430; 420; 4095; 343
333; 336; 389; 208; 42; 0; 336; 431; 417; 4095; 337
334; 337; 393; 202; 43; 0; 338; 432; 432; 4095; 338
331; 336; 393; 201; 44; 0; 336; 431; 418; 4095; 343
332; 336; 399; 207; 38; 0; 336; 429; 421; 4095; 345
333; 336; 385; 207; 43; 0; 337; 432; 413; 4095; 338
327; 336; 391; 206; 43; 0; 336; 430; 418; 4095; 336
318; 336; 388; 208; 45; 0; 336; 432; 426; 4095; 339
331; 336; 393; 205; 42; 0; 340; 429; 420; 4095; 343
330; 337; 394; 203; 41; 0; 339; 432; 421; 4095; 335
329; 333; 395; 205; 43; 0; 337; 430; 419; 4095; 339
336; 336; 387; 208; 42; 0; 336; 432; 423; 4095; 338
336; 359; 393; 205; 43; 0; 336; 432; 418; 4095; 336
334; 336; 384; 205; 39; 0; 336; 431; 422; 4095; 341
334; 335; 391; 205; 43; 0; 336; 432; 421; 4095; 343
333; 334; 372; 208; 43; 0; 338; 432; 419; 4095; 342
333; 335; 387; 205; 42; 0; 338; 430; 415; 4095; 336
336; 336; 391; 208; 26; 0; 337; 436; 422; 4095; 338
336; 336; 391; 247; 42; 0; 336; 435; 423; 4095; 337
336; 338; 395; 206; 41; 0; 336; 432; 423; 4095; 338
334; 337; 389; 204; 47; 0; 341; 432; 426; 4095; 339
332; 336; 389; 208; 42; 0; 338; 435; 427; 4095; 343
335; 336; 390; 203; 39; 0; 337; 434; 423; 4095; 339
335; 336; 386; 207; 41; 0; 336; 432; 420; 4095; 341
334; 336; 391; 208; 43; 0; 343; 429; 420; 4095; 337
336; 335; 394; 198; 43; 0; 336; 431; 418; 4095; 343
336; 334; 395; 203; 41; 0; 337; 432; 418; 4095; 337
335; 336; 394; 208; 42; 0; 338; 432; 418; 4095; 336
334; 334; 387; 203; 45; 0; 337; 434; 418; 4095; 338
335; 336; 384; 206; 41; 0; 337; 432; 432; 4095; 340
332; 336; 393; 201; 38; 0; 337; 432; 416; 4095; 333
332; 333; 401; 204; 45; 0; 336; 431; 418; 4095; 336
334; 334; 389; 195; 46; 0; 341; 430; 419; 4095; 336
332; 333; 385; 197; 39; 0; 341; 431; 415; 4095; 338
337; 337; 386; 198; 45; 0; 342; 432; 415; 4095; 334
335; 336; 390; 193; 46; 0; 342; 432; 410; 4095; 336
334; 335; 386; 191; 45; 0; 339; 429; 407; 4095; 342
333; 336; 394; 197; 46; 0; 338; 432; 415; 4095; 338
335; 336; 386; 202; 40; 0; 338; 432; 414; 4095; 336
333; 336; 391; 196; 45; 0; 337; 432; 415; 4095; 336
334; 333; 388; 198; 43; 0; 339; 435; 416; 4095; 336
336; 334; 397; 203; 41; 0; 336; 429; 414; 4095; 337
336; 336; 381; 205; 46; 0; 336; 432; 409; 4095; 331
332; 336; 386; 208; 45; 0; 337; 432; 415; 4095; 334
333; 335; 385; 204; 32; 0; 337; 433; 409; 4095; 332
327; 336; 395; 202; 38; 0; 341; 432; 423; 4095; 362
334; 336; 395; 198; 42; 0; 339; 432; 415; 4095; 332
335; 336; 387; 201; 41; 0; 339; 432; 411; 4095; 334
333; 336; 386; 198; 40; 0; 339; 432; 412; 4095; 335
336; 336; 390; 202; 43; 0; 336; 432; 415; 4095; 327
334; 337; 390; 207; 41; 0; 314; 434; 416; 4095; 335
335; 334; 389; 206; 46; 0; 340; 432; 415; 4095; 335
337; 336; 388; 202; 45; 0; 337; 432; 415; 4095; 335
336; 336; 389; 202; 46; 0; 338; 433; 412; 4095; 333
334; 336; 392; 208; 45; 0; 339; 434; 418; 4095; 335
336; 336; 394; 201; 46; 0; 338; 434; 417; 4095; 335
335; 336; 395; 202; 45; 0; 338; 435; 414; 4095; 336
336; 336; 391; 199; 41; 0; 345; 433; 410; 4095; 338
336; 336; 400; 201; 42; 0; 343; 432; 411; 4095; 335
335; 335; 393; 198; 45; 0; 341; 432; 409; 4095; 332
333; 338; 396; 204; 46; 0; 341; 432; 411; 4095; 339
336; 333; 395; 198; 45; 0; 338; 432; 416; 4095; 336
337; 338; 394; 207; 44; 0; 342; 433; 418; 4095; 335
335; 336; 389; 208; 45; 0; 340; 432; 416; 4095; 334
338; 337; 395; 204; 39; 0; 341; 432; 415; 4095; 334
335; 338; 398; 207; 43; 0; 338; 432; 410; 4095; 333
337; 337; 393; 201; 45; 0; 341; 435; 416; 4095; 334
336; 336; 394; 203; 37; 0; 346; 435; 417; 4095; 336
336; 337; 395; 203; 43; 0; 343; 432; 411; 4095; 336
336; 336; 398; 203; 43; 0; 342; 432; 417; 4095; 337
336; 339; 394; 206; 45; 0; 343; 432; 414; 4095; 336
336; 337; 390; 210; 26; 0; 346; 433; 414; 4095; 334
333; 338; 397; 206; 43; 0; 330; 435; 417; 4095; 332
336; 341; 393; 207; 45; 0; 339; 432; 416; 4095; 339
336; 336; 400; 205; 46; 0; 341; 438; 407; 4095; 336
336; 338; 395; 208; 46; 0; 343; 437; 418; 4095; 336
337; 339; 395; 202; 46; 0; 340; 432; 417; 4095; 337
336; 326; 390; 202; 43; 0; 326; 432; 414; 4095; 336
336; 341; 395; 206; 43; 0; 343; 432; 416; 4095; 337
336; 336; 389; 208; 41; 0; 339; 434; 413; 4095; 335
336; 336; 394; 205; 46; 0; 340; 432; 412; 4095; 336
335; 337; 395; 208; 42; 0; 342; 432; 413; 4095; 333
335; 336; 390; 205; 64; 0; 343; 432; 418; 4095; 334
336; 338; 394; 206; 47; 0; 345; 432; 419; 4095; 330
337; 336; 398; 205; 45; 0; 346; 432; 412; 4095; 331
336; 336; 345; 205; 45; 0; 344; 434; 417; 4095; 332
336; 339; 393; 207; 43; 0; 346; 432; 409; 4095; 334
337; 336; 398; 231; 36; 0; 340; 432; 413; 4095; 333
338; 337; 397; 203; 46; 0; 342; 432; 419; 4095; 337
336; 337; 387; 196; 40; 0; 345; 432; 412; 4095; 336
336; 339; 389; 206; 47; 0; 341; 432; 415; 4095; 331
337; 338; 395; 203; 45; 0; 342; 432; 409; 4095; 329
336; 336; 396; 194; 45; 0; 345; 461; 410; 4095; 330
335; 337; 393; 201; 43; 0; 343; 433; 407; 4095; 330
338; 337; 395; 192; 46; 0; 345; 433; 405; 4095; 331
336; 336; 394; 190; 43; 0; 341; 437; 406; 4095; 330
336; 334; 360; 193; 45; 0; 341; 435; 401; 4095; 327
337; 338; 393; 197; 41; 0; 341; 427; 407; 4095; 333
336; 336; 393; 194; 46; 0; 341; 433; 403; 4095; 335
334; 340; 394; 197; 39; 0; 338; 439; 403; 4095; 291
336; 334; 394; 196; 43; 0; 341; 437; 407; 4095; 327
338; 336; 390; 199; 45; 0; 345; 434; 407; 4095; 327
336; 336; 386; 192; 44; 0; 344; 432; 411; 4095; 331
336; 336; 395; 195; 46; 0; 340; 436; 404; 4095; 321
337; 327; 396; 196; 43; 0; 342; 437; 405; 4095; 321
336; 336; 389; 195; 42; 0; 343; 437; 403; 4095; 323
336; 331; 395; 192; 42; 0; 337; 433; 405; 4095; 324
336; 335; 389; 192; 40; 0; 340; 441; 407; 4095; 320
336; 330; 385; 202; 41; 0; 339; 430; 402; 4095; 323
337; 333; 393; 199; 23; 0; 338; 432; 407; 4095; 323
336; 335; 386; 195; 36; 0; 340; 437; 403; 4095; 329
336; 332; 394; 192; 43; 0; 336; 432; 419; 4095; 309
336; 333; 404; 193; 38; 0; 336; 432; 400; 4095; 323
336; 329; 385; 190; 36; 0; 336; 432; 404; 4095; 321
336; 329; 394; 194; 37; 0; 338; 432; 400; 4095; 320
313; 331; 389; 189; 37; 0; 338; 432; 406; 4095; 320
340; 329; 393; 187; 38; 0; 336; 435; 400; 4095; 325
337; 333; 389; 186; 43; 0; 336; 429; 400; 4095; 323
337; 327; 386; 192; 43; 0; 336; 434; 406; 4095; 323
336; 332; 389; 190; 39; 0; 338; 434; 405; 4095; 322
338; 335; 393; 192; 38; 0; 337; 432; 406; 4095; 325
336; 330; 384; 189; 42; 0; 337; 434; 405; 4095; 321
334; 331; 387; 190; 43; 0; 339; 432; 402; 4095; 320
335; 330; 393; 192; 41; 0; 336; 432; 404; 4095; 321
336; 333; 384; 186; 42; 0; 338; 444; 403; 4095; 326
336; 329; 388; 192; 43; 0; 336; 432; 402; 4095; 320
336; 334; 393; 185; 39; 0; 341; 432; 401; 4095; 336
336; 333; 391; 190; 38; 0; 338; 437; 400; 4095; 319
337; 331; 389; 187; 39; 0; 337; 432; 400; 4095; 316
336; 333; 382; 195; 42; 0; 341; 432; 404; 4095; 320
336; 333; 385; 189; 38; 0; 336; 432; 401; 4095; 320
335; 352; 383; 187; 37; 0; 336; 433; 400; 4095; 318
337; 329; 392; 196; 39; 0; 339; 432; 404; 4095; 320
337; 330; 391; 183; 37; 0; 336; 438; 399; 4095; 317
336; 326; 383; 192; 41; 0; 336; 432; 405; 4095; 320
335; 328; 387; 190; 42; 0; 337; 432; 401; 4095; 317
336; 322; 383; 195; 20; 0; 338; 433; 409; 4095; 314
336; 329; 384; 196; 43; 0; 334; 432; 366; 4095; 360
336; 327; 387; 195; 35; 0; 334; 432; 397; 4095; 315
336; 325; 361; 192; 39; 0; 336; 432; 402; 4095; 317
336; 326; 381; 190; 37; 0; 332; 431; 402; 4095; 310
334; 324; 382; 191; 38; 0; 336; 430; 405; 4095; 316
336; 323; 386; 199; 37; 0; 336; 432; 400; 4095; 306
334; 326; 385; 189; 38; 0; 335; 432; 395; 4095; 311
336; 322; 381; 197; 41; 0; 336; 433; 400; 4095; 313
334; 321; 387; 191; 37; 0; 333; 431; 400; 4095; 316
336; 323; 384; 192; 37; 0; 335; 426; 401; 4095; 306
336; 321; 384; 194; 42; 0; 333; 432; 393; 4095; 307
335; 322; 381; 195; 36; 0; 336; 432; 400; 4095; 308
336; 317; 383; 194; 34; 0; 334; 431; 398; 4095; 308
335; 321; 378; 192; 41; 0; 336; 431; 399; 4095; 314
336; 320; 382; 191; 43; 0; 336; 432; 397; 4095; 304
336; 320; 385; 185; 19; 0; 332; 426; 402; 4095; 312
352; 319; 386; 190; 35; 0; 333; 430; 400; 4095; 283
336; 323; 378; 197; 37; 0; 335; 432; 400; 4095; 318
334; 322; 386; 192; 36; 0; 334; 433; 400; 4095; 307
333; 321; 383; 194; 44; 0; 333; 434; 400; 4095; 307
336; 321; 382; 195; 40; 0; 336; 431; 391; 4095; 311
335; 323; 383; 187; 41; 0; 333; 441; 399; 4095; 311
336; 324; 379; 193; 37; 0; 335; 432; 400; 4095; 314
332; 320; 380; 191; 39; 0; 336; 430; 397; 4095; 309
336; 320; 375; 187; 41; 0; 333; 427; 399; 4095; 310
333; 323; 384; 185; 43; 0; 336; 407; 402; 4095; 309
335; 322; 384; 186; 48; 0; 335; 428; 400; 4095; 316
334; 321; 383; 183; 38; 0; 334; 432; 393; 4095; 305
336; 319; 375; 187; 41; 0; 336; 431; 399; 4095; 311
334; 320; 378; 179; 37; 0; 336; 432; 394; 4095; 318
336; 321; 381; 179; 39; 0; 335; 431; 400; 4095; 315
336; 322; 382; 176; 40; 0; 333; 431; 397; 4095; 308
335; 359; 384; 188; 40; 0; 336; 432; 397; 4095; 318
334; 325; 384; 192; 40; 0; 336; 433; 396; 4095; 316
336; 325; 381; 183; 39; 0; 337; 432; 389; 4095; 313
336; 323; 383; 183; 39; 0; 336; 425; 398; 4095; 315
333; 321; 380; 183; 37; 0; 336; 430; 397; 4095; 315
335; 321; 377; 186; 42; 0; 336; 432; 398; 4095; 313
336; 324; 384; 182; 41; 0; 336; 432; 390; 4095; 310
335; 327; 384; 181; 42; 0; 335; 432; 400; 4095; 315
336; 320; 373; 178; 42; 0; 336; 432; 397; 4095; 316
336; 326; 385; 185; 43; 0; 338; 432; 393; 4095; 311
336; 323; 379; 187; 44; 0; 335; 435; 389; 4095; 311
331; 322; 383; 176; 36; 0; 336; 432; 391; 4095; 317
336; 321; 383; 182; 37; 0; 338; 432; 391; 4095; 319
336; 323; 385; 178; 42; 0; 338; 435; 394; 4095; 320
336; 320; 387; 182; 45; 0; 336; 434; 393; 4095; 311
334; 324; 385; 178; 45; 0; 336; 432; 392; 4095; 318
336; 325; 384; 176; 35; 0; 318; 435; 395; 4095; 318
336; 322; 383; 181; 42; 0; 336; 435; 390; 4095; 314
334; 322; 381; 176; 39; 0; 336; 435; 391; 4095; 317
335; 323; 365; 181; 41; 0; 336; 433; 391; 4095; 318
337; 322; 385; 176; 45; 0; 335; 454; 395; 4095; 318
333; 326; 386; 182; 39; 0; 337; 432; 390; 4095; 309
354; 321; 384; 176; 42; 0; 335; 437; 367; 4095; 321
336; 321; 387; 188; 42; 0; 336; 433; 389; 4095; 311
336; 324; 384; 183; 37; 0; 336; 432; 392; 4095; 313
337; 322; 386; 186; 42; 0; 336; 434; 390; 4095; 318
336; 324; 384; 179; 38; 0; 336; 433; 390; 4095; 313
336; 316; 391; 178; 44; 0; 358; 436; 386; 4095; 318
337; 328; 384; 187; 41; 0; 336; 432; 397; 4095; 310
337; 323; 380; 183; 38; 0; 337; 433; 390; 4095; 320
336; 323; 385; 177; 42; 0; 336; 432; 394; 4095; 315
336; 329; 384; 188; 38; 0; 338; 434; 395; 4095; 316
334; 324; 384; 180; 39; 0; 337; 432; 391; 4095; 306
336; 321; 381; 188; 40; 0; 337; 434; 392; 4095; 304
337; 327; 379; 189; 41; 0; 338; 432; 395; 4095; 315
338; 329; 393; 188; 38; 0; 336; 432; 394; 4095; 358
336; 323; 388; 181; 41; 0; 336; 431; 397; 4095; 310
336; 328; 385; 176; 38; 0; 338; 437; 388; 4095; 305
336; 323; 381; 192; 42; 0; 339; 435; 388; 4095; 314
337; 324; 384; 183; 38; 0; 336; 436; 394; 4095; 315
336; 323; 387; 192; 41; 0; 338; 432; 390; 4095; 304
336; 323; 381; 190; 35; 0; 337; 432; 386; 4095; 313
339; 324; 382; 180; 35; 0; 336; 432; 390; 4095; 306
337; 323; 380; 183; 35; 0; 338; 432; 391; 4095; 307
336; 321; 378; 191; 42; 0; 337; 433; 400; 4095; 309
338; 321; 385; 187; 39; 0; 336; 432; 395; 4095; 307
335; 321; 377; 181; 40; 0; 334; 432; 396; 4095; 306
336; 320; 379; 190; 36; 0; 333; 434; 384; 4095; 304
336; 319; 385; 170; 44; 0; 336; 433; 393; 4095; 304
336; 318; 381; 178; 36; 0; 336; 432; 390; 4095; 302
336; 319; 384; 187; 39; 0; 336; 433; 396; 4095; 307
336; 321; 379; 186; 41; 0; 336; 431; 390; 4095; 304
333; 320; 375; 190; 37; 0; 334; 434; 397; 4095; 305
336; 320; 374; 186; 37; 0; 336; 427; 388; 4095; 309
335; 319; 375; 185; 41; 0; 333; 432; 399; 4095; 302
336; 320; 374; 179; 39; 0; 336; 432; 397; 4095; 301
336; 319; 378; 182; 37; 0; 335; 432; 384; 4095; 304
336; 315; 370; 190; 35; 0; 336; 433; 389; 4095; 303
336; 319; 383; 182; 39; 0; 330; 434; 386; 4095; 299
336; 311; 369; 191; 46; 0; 335; 432; 386; 4095; 304
330; 316; 373; 182; 36; 0; 335; 431; 366; 4095; 261
336; 314; 371; 185; 38; 0; 331; 434; 392; 4095; 299
335; 315; 378; 180; 33; 0; 333; 432; 382; 4095; 301
337; 310; 371; 182; 37; 0; 335; 437; 391; 4095; 297
336; 314; 373; 187; 41; 0; 336; 436; 385; 4095; 301
336; 313; 378; 187; 38; 0; 334; 434; 380; 4095; 304
336; 317; 375; 183; 39; 0; 331; 432; 387; 4095; 301
336; 315; 377; 190; 42; 0; 330; 432; 385; 4095; 297
334; 313; 385; 186; 31; 0; 331; 432; 389; 4095; 304
335; 313; 373; 177; 37; 0; 333; 432; 387; 4095; 304
334; 315; 368; 182; 16; 0; 327; 437; 394; 4095; 299
360; 306; 373; 187; 37; 0; 330; 432; 394; 4095; 298
337; 312; 373; 182; 33; 0; 332; 436; 383; 4095; 298
337; 311; 375; 185; 32; 0; 327; 432; 391; 4095; 302
336; 310; 371; 187; 37; 0; 333; 435; 390; 4095; 298
336; 310; 372; 185; 36; 0; 333; 435; 387; 4095; 304
336; 291; 370; 182; 37; 0; 329; 435; 394; 4095; 301
335; 307; 377; 180; 37; 0; 333; 435; 388; 4095; 300
336; 314; 379; 190; 41; 0; 327; 434; 385; 4095; 302
337; 314; 370; 183; 37; 0; 330; 435; 383; 4095; 306
337; 310; 368; 187; 39; 0; 331; 442; 381; 4095; 304
336; 311; 373; 178; 15; 0; 334; 434; 385; 4095; 304
336; 316; 368; 176; 40; 0; 331; 435; 389; 4095; 304
336; 294; 371; 183; 35; 0; 331; 434; 383; 4095; 304
334; 313; 371; 180; 37; 0; 332; 432; 384; 4095; 302
336; 316; 372; 182; 38; 0; 336; 435; 391; 4095; 309
336; 311; 377; 189; 37; 0; 332; 432; 387; 4095; 303
336; 311; 379; 180; 33; 0; 333; 432; 388; 4095; 304
336; 311; 372; 191; 35; 0; 335; 433; 386; 4095; 307
337; 318; 375; 187; 43; 0; 335; 437; 383; 4095; 304
338; 314; 373; 186; 42; 0; 334; 434; 389; 4095; 308
337; 314; 350; 185; 36; 0; 333; 431; 386; 4095; 304
336; 311; 379; 181; 38; 0; 331; 435; 394; 4095; 307
338; 310; 371; 185; 38; 0; 331; 434; 387; 4095; 298
338; 316; 375; 191; 37; 0; 334; 438; 389; 4095; 303
339; 315; 371; 183; 42; 0; 336; 432; 378; 4095; 306
336; 314; 375; 181; 42; 0; 334; 434; 382; 4095; 305
336; 315; 379; 209; 35; 0; 336; 436; 381; 4095; 310
338; 329; 373; 176; 43; 0; 336; 434; 387; 4095; 304
338; 313; 377; 176; 38; 0; 333; 432; 384; 4095; 307
337; 316; 375; 189; 35; 0; 334; 438; 387; 4095; 309
336; 314; 381; 180; 41; 0; 334; 434; 390; 4095; 304
339; 314; 373; 181; 39; 0; 336; 422; 384; 4095; 304
336; 317; 376; 181; 37; 0; 336; 435; 384; 4095; 304
336; 314; 379; 182; 41; 0; 336; 434; 387; 4095; 310
338; 317; 377; 191; 38; 0; 336; 432; 383; 4095; 277
340; 317; 376; 189; 41; 0; 337; 434; 387; 4095; 305
340; 317; 375; 190; 40; 0; 338; 438; 382; 4095; 303
336; 318; 375; 221; 41; 0; 334; 437; 390; 4095; 304
337; 308; 378; 191; 37; 0; 341; 432; 382; 4095; 309
341; 319; 380; 186; 41; 0; 338; 432; 384; 4095; 304
337; 315; 378; 185; 38; 0; 336; 432; 384; 4095; 309
340; 318; 384; 186; 41; 0; 337; 432; 389; 4095; 302
339; 313; 379; 192; 38; 0; 337; 432; 384; 4095; 304
339; 315; 382; 188; 44; 0; 338; 431; 384; 4095; 303
339; 317; 377; 187; 35; 0; 336; 434; 368; 4095; 304
338; 314; 375; 186; 37; 0; 336; 435; 381; 4095; 304
341; 317; 332; 182; 38; 0; 337; 432; 383; 4095; 303
338; 314; 371; 195; 41; 0; 337; 433; 379; 4095; 305
337; 317; 379; 192; 34; 0; 336; 432; 385; 4095; 307
341; 313; 385; 185; 39; 0; 336; 437; 385; 4095; 303
343; 319; 383; 194; 39; 0; 335; 434; 387; 4095; 299
343; 317; 378; 190; 41; 0; 336; 434; 381; 4095; 304
337; 313; 383; 190; 39; 0; 338; 434; 385; 4095; 303
341; 317; 374; 190; 36; 0; 335; 434; 385; 4095; 304
338; 315; 384; 191; 39; 0; 335; 437; 382; 4095; 313
340; 314; 378; 183; 39; 0; 335; 439; 383; 4095; 303
337; 319; 384; 186; 41; 0; 334; 432; 380; 4095; 307
340; 317; 375; 191; 42; 0; 336; 432; 382; 4095; 305
338; 313; 382; 186; 37; 0; 337; 435; 379; 4095; 307
339; 315; 377; 208; 39; 0; 337; 436; 384; 4095; 302
339; 317; 385; 192; 38; 0; 336; 434; 384; 4095; 304
342; 315; 381; 193; 42; 0; 337; 433; 389; 4095; 305
341; 320; 382; 186; 37; 0; 336; 432; 388; 4095; 303
345; 315; 381; 190; 38; 0; 341; 435; 379; 4095; 302
344; 318; 380; 194; 38; 0; 337; 433; 384; 4095; 306
341; 313; 383; 194; 37; 0; 336; 437; 385; 4095; 305
343; 316; 383; 192; 41; 0; 339; 432; 377; 4095; 304
343; 320; 379; 192; 41; 0; 334; 437; 388; 4095; 308
345; 319; 371; 190; 38; 0; 336; 432; 384; 4095; 306
342; 319; 384; 190; 38; 0; 340; 434; 385; 4095; 311
343; 320; 382; 195; 39; 0; 339; 437; 383; 4095; 306
362; 319; 384; 193; 43; 0; 340; 437; 381; 4095; 265
345; 318; 383; 190; 43; 0; 338; 438; 384; 4095; 308
345; 320; 381; 192; 41; 0; 336; 439; 377; 4095; 311
343; 320; 386; 189; 42; 0; 337; 439; 384; 4095; 308
344; 321; 384; 187; 39; 0; 339; 433; 381; 4095; 305
346; 323; 384; 192; 41; 0; 336; 438; 378; 4095; 307
346; 324; 384; 183; 43; 0; 339; 434; 378; 4095; 315
348; 324; 389; 192; 36; 0; 336; 436; 386; 4095; 308
347; 324; 373; 188; 44; 0; 338; 439; 381; 4095; 308
346; 320; 389; 192; 37; 0; 344; 432; 384; 4095; 305
347; 327; 387; 190; 38; 0; 342; 436; 385; 4095; 307
330; 323; 390; 182; 42; 0; 345; 435; 358; 4095; 290
342; 324; 386; 189; 45; 0; 339; 433; 384; 4095; 309
342; 326; 385; 190; 41; 0; 340; 437; 389; 4095; 306
347; 326; 390; 190; 42; 0; 341; 434; 385; 4095; 320
349; 327; 391; 184; 39; 0; 341; 435; 387; 4095; 314
346; 306; 384; 189; 37; 0; 336; 433; 383; 4095; 315
350; 332; 391; 188; 39; 0; 346; 441; 385; 4095; 309
347; 330; 385; 194; 45; 0; 345; 439; 382; 4095; 313
345; 327; 393; 190; 35; 0; 342; 438; 384; 4095; 320
350; 327; 386; 189; 43; 0; 346; 434; 383; 4095; 314
349; 327; 384; 198; 37; 0; 339; 435; 390; 4095; 314
343; 327; 387; 183; 45; 0; 346; 434; 357; 4095; 283
350; 326; 387; 192; 46; 0; 342; 437; 388; 4095; 314
345; 326; 393; 195; 38; 0; 342; 441; 389; 4095; 318
347; 325; 386; 191; 43; 0; 343; 434; 381; 4095; 312
350; 328; 393; 190; 39; 0; 345; 439; 386; 4095; 313
346; 352; 390; 192; 39; 0; 335; 432; 381; 4095; 315
351; 331; 384; 191; 42; 0; 347; 433; 385; 4095; 315
350; 326; 394; 193; 36; 0; 343; 437; 384; 4095; 315
347; 322; 387; 192; 41; 0; 346; 435; 390; 4095; 309
348; 325; 390; 192; 43; 0; 337; 416; 382; 4095; 309
345; 326; 390; 202; 43; 0; 343; 436; 382; 4095; 315
348; 326; 388; 188; 45; 0; 339; 433; 381; 4095; 312
345; 326; 387; 196; 42; 0; 343; 432; 384; 4095; 314
349; 321; 387; 195; 41; 0; 340; 434; 382; 4095; 310
351; 323; 390; 191; 39; 0; 340; 432; 380; 4095; 317
345; 324; 387; 192; 41; 0; 339; 439; 382; 4095; 305
346; 299; 392; 190; 38; 0; 331; 437; 381; 4095; 319
351; 324; 389; 191; 42; 0; 346; 439; 389; 4095; 310
349; 322; 385; 192; 36; 0; 346; 438; 386; 4095; 314
347; 323; 388; 188; 38; 0; 338; 438; 390; 4095; 311
342; 322; 388; 194; 37; 0; 341; 419; 389; 4095; 313
349; 320; 393; 191; 46; 0; 343; 435; 382; 4095; 305
348; 326; 392; 191; 37; 0; 342; 435; 371; 4095; 311
350; 322; 387; 194; 38; 0; 340; 437; 384; 4095; 304
345; 320; 391; 185; 41; 0; 337; 435; 382; 4095; 311
342; 320; 383; 181; 36; 0; 343; 432; 383; 4095; 304
343; 321; 395; 179; 39; 0; 337; 432; 382; 4095; 308
348; 323; 389; 177; 39; 0; 339; 436; 384; 4095; 306
351; 320; 386; 181; 40; 0; 340; 432; 384; 4095; 304
347; 318; 382; 179; 39; 0; 341; 433; 381; 4095; 304
347; 319; 385; 190; 41; 0; 342; 434; 385; 4095; 302
346; 316; 383; 187; 39; 0; 341; 452; 385; 4095; 304
345; 320; 388; 183; 36; 0; 339; 434; 384; 4095; 308
368; 320; 390; 181; 41; 0; 339; 435; 398; 4095; 305
345; 320; 395; 186; 37; 0; 338; 435; 378; 4095; 301
346; 320; 384; 183; 39; 0; 339; 435; 385; 4095; 307
345; 320; 389; 178; 39; 0; 341; 434; 378; 4095; 304
347; 317; 389; 192; 38; 0; 336; 437; 388; 4095; 304
351; 319; 387; 191; 38; 0; 339; 433; 380; 4095; 304
345; 320; 391; 185; 36; 0; 341; 432; 380; 4095; 304
345; 318; 386; 183; 37; 0; 342; 434; 385; 4095; 302
349; 319; 390; 179; 40; 0; 340; 437; 382; 4095; 305
348; 321; 389; 180; 35; 0; 342; 434; 381; 4095; 299
348; 314; 387; 183; 39; 0; 336; 439; 379; 4095; 302
354; 316; 383; 187; 38; 0; 339; 438; 414; 4095; 300
345; 318; 384; 183; 42; 0; 337; 434; 382; 4095; 304
343; 318; 387; 192; 39; 0; 336; 435; 385; 4095; 300
347; 318; 388; 185; 35; 0; 336; 433; 382; 4095; 304
348; 319; 386; 173; 43; 0; 337; 433; 383; 4095; 304
350; 317; 383; 187; 36; 0; 334; 436; 384; 4095; 307
350; 317; 386; 186; 38; 0; 337; 436; 387; 4095; 304
349; 315; 393; 183; 38; 0; 338; 435; 384; 4095; 305
347; 317; 388; 185; 33; 0; 337; 438; 387; 4095; 306
344; 315; 388; 181; 39; 0; 336; 436; 379; 4095; 299
352; 317; 385; 182; 51; 0; 340; 437; 382; 4095; 304
346; 314; 388; 181; 42; 0; 339; 435; 377; 4095; 318
350; 318; 389; 186; 39; 0; 337; 432; 385; 4095; 305
352; 317; 382; 182; 39; 0; 340; 437; 384; 4095; 304
346; 318; 385; 185; 34; 0; 338; 434; 380; 4095; 304
347; 318; 386; 154; 37; 0; 341; 434; 382; 4095; 304
347; 316; 385; 185; 36; 0; 336; 435; 384; 4095; 307
350; 321; 384; 183; 33; 0; 341; 435; 382; 4095; 310
3