smoke, etoh, odor, co, no2, nh3, voc, h2s, h2, hcho, ch4
326, 276, 331, 139, 31, 0, 345, 338, 372, 4095, 336
327, 274, 335, 139, 32, 0, 367, 340, 375, 4095, 337
325, 262, 328, 144, 32, 0, 368, 336, 373, 4095, 336
325, 278, 329, 144, 29, 0, 366, 341, 374, 4095, 335
327, 277, 335, 141, 34, 0, 365, 336, 374, 4095, 336
327, 277, 331, 144, 37, 0, 367, 336, 371, 4095, 336
329, 275, 327, 143, 34, 0, 368, 339, 373, 4095, 336
327, 277, 327, 144, 32, 0, 367, 339, 377, 4095, 336
329, 278, 329, 145, 34, 0, 368, 335, 374, 4095, 336
323, 279, 336, 148, 35, 0, 368, 339, 374, 4095, 339
331, 283, 336, 144, 37, 0, 368, 336, 375, 4095, 335
327, 283, 336, 150, 31, 0, 368, 336, 368, 4095, 339
329, 284, 331, 144, 34, 0, 368, 336, 374, 4095, 336
330, 287, 331, 144, 25, 0, 371, 343, 368, 4095, 337
330, 279, 337, 150, 35, 0, 370, 341, 373, 4095, 329
331, 285, 336, 146, 31, 0, 371, 337, 374, 4095, 342
334, 288, 336, 144, 34, 0, 370, 336, 372, 4095, 341
332, 282, 336, 153, 34, 0, 370, 341, 374, 4095, 336
335, 289, 340, 149, 36, 0, 371, 336, 372, 4095, 343
333, 289, 336, 149, 37, 0, 372, 341, 375, 4095, 341
335, 283, 336, 146, 33, 0, 372, 338, 376, 4095, 336
336, 289, 338, 144, 37, 0, 370, 343, 374, 4095, 336
335, 286, 350, 148, 34, 0, 371, 338, 377, 4095, 341
335, 284, 338, 149, 32, 0, 373, 339, 374, 4095, 339
333, 286, 336, 146, 34, 0, 373, 343, 368, 4095, 338
336, 319, 338, 144, 33, 0, 377, 341, 368, 4095, 356
336, 295, 344, 148, 39, 0, 371, 345, 371, 4095, 339
336, 295, 341, 150, 37, 0, 372, 337, 370, 4095, 352
336, 289, 400, 152, 37, 0, 373, 342, 371, 4095, 340
336, 289, 339, 146, 37, 0, 372, 341, 375, 4095, 345
336, 295, 339, 164, 32, 0, 376, 347, 371, 4095, 343
338, 295, 346, 146, 38, 0, 377, 339, 386, 4095, 391
336, 294, 346, 154, 33, 0, 379, 343, 369, 4095, 343
339, 301, 342, 150, 39, 0, 378, 343, 374, 4095, 347
337, 294, 343, 150, 37, 0, 378, 343, 374, 4095, 342
339, 298, 347, 151, 35, 0, 377, 347, 378, 4095, 343
341, 297, 342, 153, 34, 0, 376, 345, 376, 4095, 347
341, 301, 349, 149, 37, 0, 379, 341, 370, 4095, 338
336, 297, 353, 157, 37, 0, 377, 343, 368, 4095, 347
342, 299, 351, 159, 35, 0, 374, 339, 375, 4095, 351
343, 298, 354, 161, 41, 0, 379, 346, 375, 4095, 349
342, 299, 354, 159, 42, 0, 382, 347, 375, 4095, 346
344, 298, 354, 153, 37, 0, 378, 345, 375, 4095, 347
346, 304, 351, 164, 39, 0, 384, 345, 379, 4095, 353
343, 302, 357, 159, 42, 0, 384, 344, 375, 4095, 343
347, 304, 359, 155, 34, 0, 384, 346, 375, 4095, 341
347, 304, 359, 156, 41, 0, 383, 342, 377, 4095, 350
343, 302, 353, 167, 37, 0, 384, 346, 377, 4095, 346
347, 354, 363, 159, 38, 0, 381, 344, 380, 4095, 343
348, 303, 354, 155, 36, 0, 383, 346, 376, 4095, 353
349, 304, 359, 166, 44, 0, 384, 350, 372, 4095, 352
347, 304, 342, 162, 39, 0, 382, 345, 374, 4095, 342
349, 304, 356, 159, 42, 0, 384, 359, 378, 4095, 351
349, 304, 353, 133, 38, 0, 384, 350, 373, 4095, 354
350, 304, 355, 159, 40, 0, 384, 346, 363, 4095, 347
351, 304, 361, 164, 38, 0, 387, 350, 374, 4095, 351
352, 307, 360, 170, 43, 0, 386, 350, 381, 4095, 353
351, 305, 356, 164, 41, 0, 385, 346, 378, 4095, 343
353, 306, 362, 161, 40, 0, 387, 347, 382, 4095, 347
353, 307, 363, 144, 44, 0, 385, 350, 377, 4095, 357
350, 305, 365, 168, 41, 0, 384, 347, 374, 4095, 358
336, 313, 366, 161, 41, 0, 387, 351, 379, 4095, 353
353, 308, 358, 173, 41, 0, 383, 349, 378, 4095, 352
353, 308, 367, 172, 42, 0, 386, 351, 375, 4095, 353
352, 311, 362, 165, 39, 0, 390, 351, 382, 4095, 353
353, 304, 354, 171, 40, 0, 389, 350, 376, 4095, 351
355, 309, 362, 175, 43, 0, 389, 350, 382, 4095, 358
362, 310, 358, 165, 44, 0, 390, 349, 378, 4095, 356
355, 314, 368, 163, 37, 0, 387, 347, 372, 4095, 354
357, 310, 361, 174, 41, 0, 385, 344, 371, 4095, 351
356, 317, 367, 171, 44, 0, 391, 352, 375, 4095, 354
356, 313, 368, 166, 43, 0, 389, 348, 378, 4095, 354
353, 310, 367, 166, 39, 0, 390, 352, 372, 4095, 352
359, 317, 368, 171, 45, 0, 394, 347, 378, 4095, 355
361, 314, 367, 169, 42, 0, 393, 351, 371, 4095, 351
358, 314, 368, 176, 41, 0, 393, 349, 374, 4095, 352
361, 320, 368, 176, 37, 0, 394, 350, 382, 4095, 354
361, 301, 368, 176, 43, 0, 391, 351, 367, 4095, 353
360, 317, 368, 167, 45, 0, 390, 347, 382, 4095, 359
362, 314, 368, 178, 40, 0, 391, 350, 379, 4095, 358
362, 320, 365, 174, 45, 0, 395, 347, 379, 4095, 355
360, 315, 372, 176, 43, 0, 391, 354, 374, 4095, 361
364, 317, 370, 176, 45, 0, 393, 352, 378, 4095, 358
361, 330, 373, 176, 45, 0, 395, 352, 374, 4095, 360
365, 322, 368, 176, 39, 0, 396, 353, 377, 4095, 360
363, 319, 377, 174, 42, 0, 395, 349, 373, 4095, 361
365, 321, 373, 176, 41, 0, 397, 352, 381, 4095, 359
365, 325, 379, 180, 47, 0, 395, 352, 381, 4095, 368
365, 318, 375, 192, 51, 0, 397, 354, 375, 4095, 368
363, 321, 373, 176, 45, 0, 395, 353, 380, 4095, 365
368, 324, 378, 176, 47, 0, 396, 351, 380, 4095, 358
362, 320, 374, 181, 44, 0, 398, 353, 378, 4095, 363
368, 324, 381, 179, 41, 0, 398, 352, 384, 4095, 367
368, 322, 381, 185, 39, 0, 398, 333, 384, 4095, 366
367, 329, 379, 185, 42, 0, 400, 354, 385, 4095, 368
367, 327, 384, 176, 39, 0, 397, 353, 363, 4095, 359
395, 329, 374, 182, 39, 0, 397, 353, 379, 4095, 365
367, 330, 382, 179, 44, 0, 399, 353, 384, 4095, 368
365, 329, 383, 180, 43, 0, 399, 349, 384, 4095, 366
368, 327, 380, 176, 39, 0, 399, 350, 378, 4095, 365
366, 336, 384, 182, 39, 0, 400, 352, 375, 4095, 373
368, 332, 384, 182, 39, 0, 400, 356, 382, 4095, 374
366, 331, 385, 176, 45, 0, 400, 354, 378, 4095, 368
368, 330, 387, 182, 47, 0, 400, 355, 384, 4095, 370
369, 334, 384, 178, 47, 0, 399, 348, 385, 4095, 369
367, 326, 385, 179, 45, 0, 399, 353, 384, 4095, 368
370, 339, 384, 181, 45, 0, 398, 350, 385, 4095, 368
370, 335, 389, 178, 47, 0, 401, 351, 388, 4095, 368
371, 333, 391, 189, 48, 0, 400, 352, 388, 4095, 373
369, 334, 349, 185, 47, 0, 400, 354, 387, 4095, 368
369, 336, 384, 183, 43, 0, 402, 393, 387, 4095, 374
368, 337, 390, 187, 43, 0, 401, 356, 389, 4095, 374
369, 336, 391, 183, 45, 0, 401, 350, 384, 4095, 378
368, 339, 395, 186, 47, 0, 400, 351, 390, 4095, 375
372, 338, 396, 186, 47, 0, 401, 355, 391, 4095, 381
370, 336, 393, 190, 47, 0, 400, 348, 382, 4095, 375
372, 338, 391, 185, 48, 0, 400, 352, 390, 4095, 380
371, 342, 396, 160, 51, 0, 401, 353, 387, 4095, 373
368, 336, 394, 185, 45, 0, 403, 353, 390, 4095, 381
390, 343, 396, 185, 42, 0, 401, 349, 381, 4095, 374
371, 340, 396, 181, 41, 0, 401, 352, 385, 4095, 385
369, 341, 396, 179, 48, 0, 404, 349, 385, 4095, 374
373, 341, 396, 182, 41, 0, 400, 351, 391, 4095, 383
373, 337, 397, 186, 48, 0, 400, 352, 392, 4095, 383
371, 336, 399, 182, 47, 0, 400, 354, 389, 4095, 384
374, 343, 401, 178, 47, 0, 402, 351, 390, 4095, 379
370, 339, 400, 181, 48, 0, 402, 353, 390, 4095, 381
373, 339, 400, 177, 46, 0, 402, 354, 392, 4095, 378
375, 345, 400, 180, 42, 0, 400, 352, 385, 4095, 384
375, 346, 400, 183, 42, 0, 400, 354, 388, 4095, 379
373, 343, 404, 185, 45, 0, 405, 356, 385, 4095, 382
378, 342, 400, 177, 45, 0, 402, 351, 391, 4095, 375
375, 345, 400, 183, 45, 0, 402, 354, 385, 4095, 385
371, 340, 400, 188, 43, 0, 404, 336, 389, 4095, 377
380, 345, 401, 161, 48, 0, 405, 349, 387, 4095, 384
371, 335, 406, 189, 48, 0, 401, 355, 391, 4095, 400
380, 350, 405, 180, 47, 0, 406, 352, 391, 4095, 385
377, 349, 403, 183, 47, 0, 403, 352, 385, 4095, 375
375, 348, 379, 183, 47, 0, 405, 355, 391, 4095, 378
373, 348, 404, 186, 48, 0, 406, 352, 393, 4095, 384
378, 343, 410, 183, 22, 0, 403, 353, 392, 4095, 384
374, 351, 402, 178, 46, 0, 406, 354, 406, 4095, 390
403, 348, 400, 178, 39, 0, 401, 351, 396, 4095, 385
380, 348, 402, 176, 46, 0, 404, 353, 391, 4095, 383
373, 345, 405, 183, 45, 0, 405, 355, 394, 4095, 382
379, 350, 410, 178, 48, 0, 407, 354, 388, 4095, 389
379, 349, 406, 176, 20, 0, 405, 355, 391, 4095, 381
381, 341, 411, 177, 49, 0, 407, 352, 387, 4095, 389
374, 354, 406, 177, 49, 0, 403, 354, 394, 4095, 386
378, 351, 411, 179, 42, 0, 403, 356, 388, 4095, 383
381, 352, 410, 175, 48, 0, 409, 356, 386, 4095, 387
377, 348, 406, 182, 48, 0, 409, 350, 385, 4095, 380
378, 352, 410, 178, 48, 7, 409, 354, 385, 4095, 382
381, 353, 415, 179, 46, 0, 406, 356, 384, 4095, 384
376, 350, 411, 176, 42, 0, 405, 358, 396, 4095, 377
381, 354, 415, 179, 46, 0, 406, 351, 394, 4095, 385
380, 353, 410, 181, 48, 0, 405, 355, 393, 4095, 380
380, 353, 410, 178, 47, 0, 407, 352, 396, 4095, 383
382, 322, 409, 185, 47, 0, 414, 354, 384, 4095, 382
378, 349, 410, 187, 48, 0, 407, 357, 386, 4095, 386
382, 352, 413, 182, 46, 0, 403, 354, 392, 4095, 378
381, 354, 432, 189, 49, 0, 406, 353, 393, 4095, 379
381, 350, 415, 185, 42, 0, 408, 353, 394, 4095, 382
383, 351, 421, 166, 48, 0, 406, 357, 389, 4095, 386
381, 351, 416, 187, 48, 0, 407, 356, 384, 4095, 387
380, 352, 421, 187, 48, 0, 405, 356, 393, 4095, 384
383, 353, 419, 187, 47, 0, 409, 356, 393, 4095, 387
381, 354, 432, 182, 47, 0, 410, 352, 390, 4095, 385
378, 354, 415, 185, 48, 0, 411, 353, 397, 4095, 388
379, 354, 417, 178, 45, 0, 410, 358, 389, 4095, 379
381, 358, 417, 188, 45, 0, 406, 358, 407, 4095, 385
379, 357, 415, 179, 48, 0, 410, 355, 388, 4095, 385
383, 357, 416, 191, 47, 0, 405, 353, 390, 4095, 379
382, 357, 418, 189, 48, 0, 406, 360, 397, 4095, 387
385, 357, 420, 184, 45, 0, 407, 355, 386, 4095, 384
380, 353, 417, 179, 16, 0, 407, 355, 391, 4095, 385
384, 356, 416, 187, 48, 0, 410, 355, 389, 4095, 381
384, 358, 415, 185, 45, 0, 406, 356, 394, 4095, 386
383, 354, 419, 180, 45, 0, 409, 355, 394, 4095, 385
384, 353, 420, 183, 45, 0, 409, 356, 394, 4095, 389
385, 357, 426, 182, 44, 0, 411, 355, 393, 4095, 384
385, 358, 421, 186, 25, 0, 412, 358, 394, 4095, 392
387, 365, 421, 186, 45, 0, 414, 355, 397, 4095, 384
384, 362, 425, 178, 47, 0, 415, 356, 395, 4095, 391
382, 363, 423, 187, 48, 0, 409, 352, 395, 4095, 387
385, 357, 419, 185, 43, 0, 410, 357, 395, 4095, 393
384, 363, 420, 176, 46, 0, 409, 358, 393, 4095, 390
384, 327, 423, 188, 48, 0, 414, 354, 390, 4095, 383
383, 359, 427, 184, 48, 0, 411, 357, 395, 4095, 387
386, 365, 418, 186, 46, 0, 414, 356, 393, 4095, 392
384, 366, 418, 185, 48, 0, 411, 352, 397, 4095, 387
384, 360, 431, 187, 48, 0, 411, 353, 391, 4095, 393
386, 365, 430, 193, 43, 0, 411, 357, 391, 4095, 385
384, 351, 429, 185, 47, 0, 415, 355, 391, 4095, 398
383, 361, 429, 176, 48, 0, 415, 350, 385, 4095, 385
388, 362, 423, 177, 48, 0, 409, 354, 395, 4095, 387
382, 367, 429, 186, 47, 0, 410, 354, 396, 4095, 384
388, 362, 430, 180, 44, 0, 411, 355, 397, 4095, 384
387, 361, 429, 178, 48, 0, 412, 354, 390, 4095, 386
384, 362, 429, 178, 47, 0, 411, 354, 398, 4095, 385
370, 362, 430, 181, 47, 0, 411, 357, 390, 4095, 390
384, 364, 427, 191, 47, 0, 411, 354, 395, 4095, 384
386, 364, 428, 188, 45, 0, 410, 359, 397, 4095, 389
385, 363, 423, 181, 47, 0, 405, 358, 391, 4095, 385
384, 363, 426, 179, 48, 0, 410, 358, 388, 4095, 393
385, 362, 425, 188, 44, 0, 414, 355, 393, 4095, 386
387, 364, 430, 187, 46, 0, 410, 358, 391, 4095, 389
387, 366, 430, 188, 48, 0, 409, 357, 389, 4095, 386
387, 364, 427, 185, 43, 0, 406, 352, 395, 4095, 384
386, 365, 430, 189, 44, 0, 414, 357, 388, 4095, 384
384, 368, 419, 188, 48, 0, 410, 353, 389, 4095, 381
387, 368, 432, 179, 48, 0, 411, 355, 396, 4095, 384
386, 362, 425, 191, 48, 0, 411, 353, 394, 4095, 387
388, 366, 383, 183, 46, 0, 406, 355, 390, 4095, 387
386, 367, 426, 188, 45, 0, 413, 351, 387, 4095, 388
383, 363, 421, 185, 45, 0, 407, 349, 396, 4095, 383
385, 336, 429, 190, 48, 0, 418, 354, 391, 4095, 385
384, 368, 432, 186, 47, 0, 412, 352, 394, 4095, 395
386, 365, 429, 187, 48, 0, 411, 354, 388, 4095, 389
387, 363, 419, 192, 48, 0, 409, 352, 397, 4095, 386
388, 362, 427, 193, 46, 0, 409, 351, 390, 4095, 388
384, 367, 423, 215, 48, 0, 410, 356, 395, 4095, 387
388, 346, 430, 188, 48, 0, 411, 353, 429, 4095, 386
387, 363, 432, 190, 46, 0, 413, 356, 397, 4095, 383
387, 364, 427, 192, 46, 0, 413, 354, 391, 4095, 386
387, 365, 425, 192, 48, 0, 413, 354, 394, 4095, 383
387, 367, 434, 191, 48, 0, 410, 355, 395, 4095, 384
390, 365, 432, 194, 32, 0, 410, 352, 393, 4095, 388
390, 363, 436, 192, 48, 0, 414, 357, 390, 4095, 384
385, 368, 432, 202, 48, 0, 413, 352, 395, 4095, 389
389, 368, 432, 195, 47, 0, 411, 352, 396, 4095, 387
385, 363, 427, 198, 46, 0, 410, 352, 393, 4095, 388
387, 367, 433, 194, 48, 0, 413, 354, 396, 4095, 384
385, 370, 432, 195, 47, 0, 413, 354, 391, 4095, 389
385, 368, 432, 202, 48, 0, 409, 358, 401, 4095, 392
397, 368, 432, 198, 48, 0, 413, 354, 394, 4095, 384
389, 368, 434, 203, 48, 0, 413, 355, 400, 4095, 389
390, 368, 431, 192, 45, 0, 414, 355, 397, 4095, 386
385, 365, 432, 192, 46, 0, 414, 354, 398, 4095, 392
387, 368, 432, 198, 44, 0, 412, 351, 396, 4095, 396
390, 365, 434, 192, 49, 0, 413, 353, 397, 4095, 397
388, 367, 432, 194, 49, 0, 414, 351, 400, 4095, 391
390, 368, 437, 195, 46, 0, 410, 355, 399, 4095, 395
390, 367, 438, 201, 47, 0, 414, 355, 397, 4095, 386
389, 368, 435, 192, 48, 0, 413, 354, 394, 4095, 399
387, 385, 435, 198, 48, 0, 400, 354, 400, 4095, 390
385, 369, 433, 197, 48, 0, 413, 354, 395, 4095, 396
386, 368, 437, 195, 47, 0, 411, 358, 397, 4095, 391
389, 368, 403, 191, 48, 0, 408, 357, 397, 4095, 391
387, 368, 433, 196, 48, 0, 413, 355, 400, 4095, 395
387, 368, 435, 202, 43, 0, 413, 351, 400, 4095, 391
385, 357, 434, 195, 47, 0, 411, 354, 397, 4095, 391
385, 368, 432, 195, 48, 0, 413, 353, 400, 4095, 397
386, 367, 432, 195, 48, 0, 410, 358, 399, 4095, 396
387, 368, 423, 200, 48, 0, 415, 354, 400, 4095, 387
387, 371, 438, 201, 48, 0, 412, 357, 394, 4095, 398
391, 368, 437, 176, 47, 0, 407, 353, 394, 4095, 396
387, 378, 437, 201, 45, 0, 410, 356, 401, 4095, 387
387, 368, 436, 200, 48, 0, 411, 353, 400, 4095, 399
387, 367, 432, 205, 48, 0, 410, 356, 400, 4095, 395
388, 368, 437, 207, 48, 0, 410, 358, 399, 4095, 400
387, 370, 435, 200, 48, 0, 416, 359, 399, 4095, 395
389, 369, 437, 202, 46, 0, 409, 353, 395, 4095, 390
385, 371, 434, 197, 48, 0, 413, 353, 389, 4095, 391
388, 368, 439, 203, 47, 0, 411, 357, 398, 4095, 394
386, 371, 439, 206, 48, 0, 412, 353, 400, 4095, 398
387, 372, 443, 202, 47, 0, 413, 351, 400, 4095, 395
390, 371, 440, 205, 48, 0, 414, 356, 398, 4095, 393
386, 370, 447, 205, 42, 0, 416, 355, 400, 4095, 394
387, 369, 434, 198, 46, 0, 407, 358, 398, 4095, 399
399, 368, 435, 203, 48, 0, 416, 353, 403, 4095, 395
390, 368, 437, 197, 48, 0, 410, 355, 400, 4095, 390
389, 369, 439, 202, 45, 0, 409, 353, 397, 4095, 394
388, 370, 443, 197, 48, 0, 410, 361, 391, 4095, 400
388, 373, 438, 199, 48, 0, 431, 359, 402, 4095, 399
387, 371, 443, 193, 47, 0, 409, 359, 400, 4095, 399
386, 371, 437, 201, 48, 0, 413, 358, 400, 4095, 396
386, 371, 432, 201, 48, 0, 412, 358, 400, 4095, 389
387, 374, 445, 194, 48, 0, 413, 353, 400, 4095, 391
385, 370, 433, 196, 48, 0, 413, 353, 397, 4095, 390
385, 374, 449, 188, 47, 0, 401, 357, 400, 4095, 388
390, 373, 439, 193, 48, 0, 411, 358, 400, 4095, 391
389, 373, 438, 196, 48, 0, 411, 354, 401, 4095, 395
386, 369, 459, 192, 48, 0, 414, 354, 400, 4095, 392
390, 368, 435, 188, 48, 0, 414, 352, 393, 4095, 395
390, 369, 442, 211, 48, 0, 415, 356, 401, 4095, 393
390, 370, 439, 193, 48, 0, 409, 355, 410, 4095, 388
389, 370, 446, 194, 48, 0, 411, 355, 394, 4095, 393
390, 368, 439, 192, 47, 0, 412, 355, 395, 4095, 395
390, 368, 412, 198, 48, 0, 414, 352, 399, 4095, 390
391, 371, 439, 191, 47, 0, 415, 352, 397, 4095, 389
390, 370, 448, 197, 48, 0, 412, 354, 393, 4095, 391
385, 370, 443, 197, 48, 0, 409, 353, 388, 4095, 389
389, 371, 443, 198, 49, 0, 413, 353, 399, 4095, 395
387, 370, 438, 201, 46, 0, 409, 353, 400, 4095, 393
388, 369, 432, 198, 48, 0, 409, 351, 400, 4095, 389
390, 369, 436, 197, 48, 0, 412, 352, 401, 4095, 388
391, 374, 448, 199, 43, 0, 413, 353, 397, 4095, 391
387, 370, 443, 198, 48, 0, 411, 352, 385, 4095, 359
371, 374, 443, 192, 48, 0, 415, 355, 396, 4095, 391
390, 371, 445, 203, 48, 0, 414, 357, 401, 4095, 395
389, 368, 439, 205, 48, 0, 409, 353, 400, 4095, 391
391, 368, 443, 193, 46, 0, 413, 354, 403, 4095, 394
390, 368, 441, 196, 48, 0, 406, 353, 400, 4095, 389
389, 370, 441, 194, 48, 0, 412, 353, 405, 4095, 395
383, 373, 442, 195, 48, 0, 411, 353, 401, 4095, 396
387, 378, 441, 206, 48, 0, 410, 358, 400, 4095, 395
387, 371, 447, 204, 47, 0, 408, 350, 401, 4095, 400
386, 371, 443, 204, 43, 0, 414, 351, 400, 4095, 390
389, 373, 446, 193, 48, 0, 402, 357, 400, 4095, 389
389, 375, 442, 203, 45, 0, 409, 354, 405, 4095, 394
394, 371, 439, 198, 48, 0, 407, 352, 400, 4095, 395
388, 374, 447, 203, 45, 0, 407, 351, 403, 4095, 396
392, 373, 449, 202, 47, 0, 410, 355, 401, 4095, 390
389, 375, 441, 207, 45, 0, 413, 358, 400, 4095, 390
389, 379, 448, 206, 45, 0, 417, 357, 400, 4095, 396
391, 377, 446, 208, 48, 0, 414, 356, 399, 4095, 394
391, 371, 446, 204, 48, 0, 414, 350, 401, 4095, 399
392, 375, 445, 199, 47, 0, 410, 356, 401, 4095, 400
389, 377, 446, 205, 48, 0, 411, 335, 400, 4095, 394
391, 372, 440, 243, 47, 0, 413, 355, 400, 4095, 395
390, 430, 450, 204, 48, 0, 415, 354, 386, 4095, 396
390, 375, 448, 201, 44, 0, 410, 351, 400, 4095, 396
391, 370, 446, 204, 48, 0, 411, 354, 403, 4095, 402
392, 370, 447, 203, 48, 0, 409, 351, 404, 4095, 396
391, 374, 448, 207, 49, 0, 413, 381, 400, 4095, 397
389, 377, 447, 208, 46, 0, 407, 352, 402, 4095, 397
390, 343, 445, 205, 48, 0, 416, 357, 446, 4095, 448
391, 374, 447, 208, 48, 0, 414, 354, 403, 4095, 393
389, 374, 443, 205, 46, 0, 414, 351, 399, 4095, 403
393, 379, 443, 203, 47, 0, 411, 352, 404, 4095, 394
391, 372, 447, 202, 48, 0, 413, 356, 399, 4095, 396
392, 379, 443, 208, 65, 0, 409, 352, 403, 4095, 394
389, 373, 451, 208, 48, 0, 415, 352, 405, 4095, 400
385, 378, 442, 207, 45, 0, 410, 353, 401, 4095, 398
387, 373, 450, 208, 48, 0, 413, 354, 402, 4095, 397
388, 375, 447, 208, 48, 0, 411, 353, 406, 4095, 399
388, 374, 449, 208, 47, 0, 405, 385, 401, 4095, 400
387, 373, 447, 208, 51, 0, 412, 352, 409, 4095, 400
391, 379, 450, 202, 47, 0, 411, 356, 399, 4095, 400
369, 374, 447, 199, 47, 0, 407, 355, 400, 4095, 395
387, 372, 447, 201, 46, 0, 411, 352, 402, 4095, 395
389, 374, 448, 204, 46, 0, 409, 357, 405, 4095, 391
387, 381, 446, 205, 48, 0, 410, 356, 405, 4095, 395
387, 381, 447, 199, 48, 0, 430, 357, 403, 4095, 402
390, 377, 450, 206, 48, 0, 407, 359, 400, 4095, 399
398, 379, 448, 202, 47, 0, 411, 354, 406, 4095, 399
387, 378, 448, 207, 48, 0, 414, 357, 404, 4095, 398
391, 374, 443, 204, 49, 0, 411, 358, 405, 4095, 401
389, 377, 448, 199, 47, 0, 411, 355, 404, 4095, 399
390, 377, 449, 199, 46, 0, 421, 355, 405, 4095, 383
390, 378, 451, 194, 48, 0, 411, 354, 401, 4095, 395
389, 379, 453, 207, 50, 0, 413, 353, 403, 4095, 400
390, 380, 449, 201, 48, 0, 412, 352, 407, 4095, 391
390, 377, 450, 207, 48, 0, 410, 350, 406, 4095, 400
390, 383, 451, 202, 48, 0, 411, 355, 408, 4095, 399
390, 409, 453, 208, 48, 0, 410, 353, 400, 4095, 391
390, 379, 451, 205, 48, 0, 409, 351, 405, 4095, 400
393, 382, 448, 204, 48, 0, 413, 353, 406, 4095, 397
391, 377, 445, 208, 48, 0, 413, 352, 401, 4095, 401
389, 373, 448, 208, 45, 0, 414, 353, 404, 4095, 400
390, 377, 448, 203, 47, 0, 411, 350, 407, 4095, 396
390, 374, 455, 208, 48, 0, 412, 354, 406, 4095, 397
394, 379, 453, 208, 48, 0, 414, 354, 409, 4095, 399
389, 379, 453, 208, 48, 0, 414, 352, 403, 4095, 402
389, 379, 452, 207, 48, 0, 414, 358, 403, 4095, 397
393, 379, 451, 206, 48, 0, 411, 353, 407, 4095, 399
391, 378, 450, 223, 47, 0, 409, 357, 400, 4095, 400
393, 369, 449, 211, 47, 0, 410, 355, 414, 4095, 393
391, 379, 448, 208, 47, 0, 411, 353, 406, 4095, 400
390, 377, 457, 209, 47, 0, 414, 355, 400, 4095, 400
389, 375, 458, 208, 48, 0, 411, 352, 406, 4095, 406
393, 375, 449, 208, 47, 0, 413, 327, 405, 4095, 400
390, 384, 454, 211, 55, 0, 409, 352, 409, 4095, 400
393, 379, 451, 209, 48, 0, 413, 353, 398, 4095, 399
420, 383, 454, 207, 48, 0, 416, 355, 406, 4095, 398
391, 377, 457, 211, 47, 0, 415, 354, 402, 4095, 400
389, 382, 455, 214, 47, 0, 412, 349, 407, 4095, 400
391, 377, 459, 215, 48, 0, 414, 346, 406, 4095, 395
393, 379, 454, 217, 80, 0, 413, 351, 409, 4095, 400
386, 378, 448, 217, 48, 0, 407, 347, 410, 4095, 404
384, 377, 455, 214, 47, 0, 413, 351, 403, 4095, 401
389, 383, 454, 215, 48, 0, 413, 354, 405, 4095, 400
394, 383, 448, 208, 46, 0, 414, 356, 405, 4095, 400
393, 379, 453, 213, 48, 0, 411, 354, 407, 4095, 400
394, 380, 449, 215, 48, 0, 414, 354, 410, 4095, 400
393, 383, 450, 213, 48, 0, 414, 355, 405, 4095, 400
410, 380, 458, 221, 47, 0, 413, 351, 407, 4095, 400
393, 379, 455, 215, 48, 0, 411, 351, 403, 4095, 400
396, 384, 459, 219, 48, 0, 416, 354, 407, 4095, 406
393, 381, 452, 214, 48, 0, 412, 354, 406, 4095, 405
391, 371, 454, 217, 48, 0, 418, 353, 403, 4095, 380
392, 379, 460, 222, 47, 0, 414, 349, 406, 4095, 400
392, 382, 452, 215, 50, 0, 414, 352, 405, 4095, 402
389, 380, 432, 208, 49, 0, 412, 350, 409, 4095, 403
392, 381, 449, 211, 49, 0, 415, 354, 407, 4095, 400
389, 386, 458, 205, 47, 0, 414, 353, 410, 4095, 401
391, 403, 457, 217, 50, 0, 414, 353, 407, 4095, 391
389, 382, 457, 218, 48, 0, 416, 350, 403, 4095, 400
393, 384, 454, 215, 48, 0, 413, 351, 415, 4095, 403
392, 384, 461, 213, 49, 0, 417, 352, 405, 4095, 405
391, 385, 459, 221, 49, 0, 413, 367, 412, 4095, 401
393, 380, 457, 199, 46, 0, 414, 355, 411, 4095, 401
392, 387, 456, 221, 48, 0, 417, 354, 406, 4095, 406
391, 384, 461, 222, 48, 0, 413, 349, 413, 4095, 404
394, 381, 455, 217, 48, 0, 414, 352, 412, 4095, 406
396, 384, 471, 214, 48, 0, 416, 353, 414, 4095, 401
394, 384, 460, 222, 48, 0, 416, 356, 410, 4095, 411
395, 385, 457, 217, 47, 0, 413, 351, 413, 4095, 402
393, 386, 457, 219, 48, 0, 417, 352, 414, 4095, 413
395, 381, 459, 222, 46, 0, 416, 355, 416, 4095, 404
396, 384, 461, 220, 48, 0, 411, 355, 416, 4095, 407
395, 384, 459, 223, 48, 0, 415, 352, 409, 4095, 403
394, 384, 464, 221, 48, 0, 414, 353, 407, 4095, 405
391, 383, 464, 224, 49, 0, 416, 352, 411, 4095, 402
393, 388, 461, 224, 48, 0, 416, 353, 414, 4095, 403
379, 386, 457, 221, 48, 0, 417, 352, 414, 4095, 405
396, 387, 463, 224, 48, 0, 416, 354, 409, 4095, 407
393, 385, 461, 215, 48, 0, 417, 354, 416, 4095, 402
396, 384, 458, 217, 48, 0, 417, 354, 416, 4095, 413
397, 381, 461, 215, 48, 0, 441, 348, 411, 4095, 402
396, 382, 455, 222, 48, 0, 418, 352, 417, 4095, 406
397, 384, 459, 221, 48, 0, 416, 352, 415, 4095, 405
395, 388, 455, 224, 47, 0, 417, 353, 416, 4095, 405
394, 386, 462, 218, 48, 0, 415, 355, 414, 4095, 407
397, 386, 464, 223, 48, 0, 416, 349, 406, 4095, 415
395, 386, 462, 221, 48, 0, 413, 356, 414, 4095, 428
398, 387, 460, 225, 47, 0, 418, 352, 413, 4095, 405
397, 385, 460, 219, 48, 0, 416, 353, 410, 4095, 411
396, 384, 464, 223, 49, 0, 416, 352, 413, 4095, 406
394, 383, 465, 222, 48, 0, 416, 352, 411, 4095, 410
395, 386, 464, 220, 48, 0, 416, 353, 416, 4095, 407
395, 388, 461, 222, 48, 0, 411, 355, 409, 4095, 415
397, 388, 461, 220, 48, 0, 417, 354, 416, 4095, 410
395, 389, 462, 218, 48, 0, 419, 355, 415, 4095, 416
396, 386, 432, 213, 48, 0, 416, 355, 416, 4095, 413
399, 387, 467, 215, 49, 0, 418, 357, 415, 4095, 411
397, 385, 470, 213, 45, 0, 411, 351, 416, 4095, 410
399, 354, 466, 211, 49, 0, 417, 355, 414, 4095, 407
400, 387, 464, 218, 48, 0, 416, 356, 414, 4095, 409
395, 389, 464, 215, 48, 0, 415, 355, 415, 4095, 413
397, 388, 435, 212, 48, 0, 416, 353, 413, 4095, 411
399, 389, 464, 215, 49, 0, 417, 337, 417, 4095, 407
399, 385, 464, 208, 54, 0, 416, 359, 410, 4095, 406
397, 386, 464, 211, 48, 0, 416, 356, 413, 4095, 411
398, 391, 464, 210, 48, 0, 416, 355, 409, 4095, 404
396, 394, 457, 209, 48, 0, 418, 355, 413, 4095, 401
399, 386, 461, 208, 47, 0, 416, 355, 415, 4095, 404
398, 386, 463, 213, 48, 0, 416, 349, 415, 4095, 402
394, 389, 465, 209, 46, 0, 417, 353, 406, 4095, 411
395, 386, 466, 212, 48, 0, 417, 356, 410, 4095, 403
383, 385, 464, 209, 47, 0, 413, 353, 406, 4095, 406
400, 388, 463, 208, 49, 0, 417, 355, 407, 4095, 410
400, 384, 464, 209, 48, 0, 418, 354, 414, 4095, 400
400, 389, 464, 210, 49, 0, 417, 347, 416, 4095, 402
397, 390, 466, 208, 50, 0, 412, 353, 406, 4095, 403
400, 386, 464, 205, 46, 0, 415, 351, 416, 4095, 409
401, 385, 465, 209, 49, 0, 416, 354, 407, 4095, 400
397, 387, 465, 211, 49, 0, 415, 349, 407, 4095, 400
400, 391, 464, 211, 48, 0, 414, 354, 413, 4095, 403
400, 387, 464, 206, 48, 0, 415, 358, 413, 4095, 412
398, 387, 464, 212, 45, 0, 416, 353, 407, 4095, 411
399, 384, 464, 211, 47, 0, 415, 355, 416, 4095, 405
400, 390, 463, 207, 50, 0, 417, 353, 412, 4095, 413
399, 383, 464, 210, 46, 0, 418, 355, 411, 4095, 407
400, 386, 463, 208, 48, 0, 418, 351, 417, 4095, 411
398, 386, 465, 209, 51, 0, 417, 349, 416, 4095, 410
400, 384, 464, 210, 48, 0, 418, 354, 416, 4095, 403
400, 391, 464, 210, 48, 0, 419, 355, 409, 4095, 403
400, 387, 464, 211, 48, 0, 415, 352, 407, 4095, 406
399, 382, 490, 208, 46, 0, 413, 353, 415, 4095, 404
395, 385, 464, 208, 47, 0, 418, 352, 413, 4095, 404
397, 385, 464, 205, 48, 0, 416, 353, 409, 4095, 402
400, 394, 470, 207, 48, 0, 421, 349, 410, 4095, 442
398, 386, 464, 199, 48, 0, 416, 356, 411, 4095, 411
398, 385, 470, 203, 48, 0, 417, 353, 410, 4095, 410
397, 385, 449, 207, 48, 0, 415, 357, 405, 4095, 403
400, 385, 464, 199, 48, 0, 415, 352, 406, 4095, 407
400, 389, 469, 176, 48, 0, 413, 349, 407, 4095, 405
399, 369, 465, 205, 48, 0, 417, 353, 426, 4095, 368
400, 391, 472, 205, 49, 0, 416, 354, 410, 4095, 401
400, 385, 461, 197, 45, 0, 415, 353, 411, 4095, 402
400, 385, 459, 208, 48, 0, 415, 355, 416, 4095, 401
397, 384, 464, 206, 47, 0, 418, 385, 414, 4095, 402
400, 384, 465, 218, 47, 0, 415, 348, 408, 4095, 407
399, 391, 463, 208, 48, 0, 417, 352, 410, 4095, 402
399, 384, 463, 207, 48, 0, 417, 352, 410, 4095, 403
398, 385, 462, 185, 40, 0, 416, 352, 415, 4095, 402
397, 384, 464, 207, 50, 0, 413, 354, 414, 4095, 401
399, 384, 464, 207, 48, 0, 411, 347, 413, 4095, 403
399, 384, 465, 203, 48, 0, 416, 353, 415, 4095, 405
399, 385, 464, 205, 48, 0, 411, 353, 407, 4095, 433
393, 389, 468, 201, 48, 0, 413, 352, 409, 4095, 403
399, 384, 463, 206, 48, 0, 414, 353, 417, 4095, 403
397, 384, 464, 210, 47, 0, 416, 353, 415, 4095, 400
398, 388, 466, 209, 48, 0, 414, 350, 410, 4095, 405
397, 385, 464, 211, 33, 0, 416, 349, 413, 4095, 400
394, 384, 463, 208, 49, 0, 415, 354, 437, 4095, 421
382, 385, 465, 212, 49, 0, 417, 347, 414, 4095, 401
400, 389, 464, 208, 46, 0, 416, 353, 407, 4095, 403
398, 386, 467, 206, 47, 0, 415, 351, 409, 4095, 400
398, 386, 466, 209, 45, 0, 415, 352, 409, 4095, 402
399, 386, 466, 209, 47, 0, 438, 348, 407, 4095, 409
398, 389, 465, 208, 48, 0, 413, 350, 416, 4095, 404
395, 385, 464, 211, 48, 0, 412, 350, 410, 4095, 401
398, 386, 466, 215, 46, 0, 411, 353, 416, 4095, 411
398, 386, 464, 208, 49, 0, 412, 352, 413, 4095, 400
396, 383, 465, 215, 48, 0, 414, 350, 407, 4095, 406
398, 389, 467, 215, 48, 0, 415, 352, 411, 4095, 406
396, 385, 464, 208, 47, 0, 414, 350, 411, 4095, 400
401, 386, 464, 209, 48, 0, 411, 347, 412, 4095, 407
396, 384, 464, 213, 48, 0, 410, 353, 416, 4095, 400
397, 385, 466, 209, 48, 0, 415, 353, 411, 4095, 399
393, 384, 469, 216, 48, 0, 417, 353, 409, 4095, 401
395, 385, 465, 209, 48, 0, 414, 354, 410, 4095, 404
397, 386, 465, 220, 48, 0, 415, 350, 415, 4095, 404
398, 387, 468, 221, 48, 0, 415, 348, 411, 4095, 402
395, 386, 457, 217, 43, 0, 409, 350, 411, 4095, 407
397, 389, 466, 219, 48, 0, 411, 352, 414, 4095, 400
397, 387, 464, 214, 48, 0, 413, 350, 414, 4095, 400
397, 379, 463, 215, 48, 0, 414, 354, 463, 4095, 401
395, 385, 464, 212, 48, 0, 411, 354, 416, 4095, 400
400, 387, 470, 220, 47, 0, 415, 354, 417, 4095, 411
397, 388, 466, 221, 48, 0, 414, 353, 417, 4095, 400
397, 382, 466, 222, 48, 0, 415, 349, 416, 4095, 402
396, 383, 464, 213, 49, 0, 410, 351, 415, 4095, 410
395, 393, 464, 223, 48, 0, 441, 352, 416, 4095, 398
396, 390, 464, 219, 49, 0, 412, 354, 413, 4095, 403
395, 384, 465, 220, 48, 0, 416, 353, 411, 4095, 404
396, 390, 417, 221, 47, 0, 412, 350, 417, 4095, 402
398, 386, 465, 223, 47, 0, 417, 349, 418, 4095, 403
398, 390, 469, 222, 48, 0, 413, 350, 420, 4095, 400
395, 386, 464, 223, 48, 0, 414, 353, 411, 4095, 465
397, 388, 466, 215, 48, 0, 413, 354, 416, 4095, 409
397, 394, 466, 221, 48, 0, 407, 355, 421, 4095, 406
399, 389, 464, 218, 49, 0, 416, 350, 421, 4095, 406
398, 385, 470, 224, 48, 0, 413, 351, 412, 4095, 405
395, 390, 463, 225, 43, 0, 416, 354, 416, 4095, 413
398, 386, 469, 226, 48, 0, 417, 354, 418, 4095, 417
399, 389, 466, 223, 49, 0, 412, 355, 421, 4095, 404
396, 386, 464, 221, 47, 0, 416, 350, 416, 4095, 404
400, 389, 467, 221, 47, 0, 415, 353, 416, 4095, 411
400, 387, 466, 217, 48, 0, 412, 351, 413, 4095, 405
398, 388, 463, 217, 43, 0, 414, 353, 417, 4095, 409
399, 385, 469, 223, 48, 0, 416, 347, 415, 4095, 411
378, 389, 470, 225, 48, 0, 412, 352, 413, 4095, 407
399, 390, 469, 227, 48, 0, 416, 354, 416, 4095, 406
399, 389, 464, 217, 48, 0, 415, 351, 417, 4095, 405
397, 391, 465, 218, 48, 0, 413, 350, 413, 4095, 413
395, 395, 471, 218, 52, 0, 408, 352, 417, 4095, 405
400, 394, 466, 220, 50, 0, 416, 353, 414, 4095, 409
400, 391, 466, 223, 48, 0, 410, 351, 419, 4095, 407
399, 394, 438, 224, 48, 0, 412, 354, 419, 4095, 403
400, 389, 466, 219, 47, 0, 417, 347, 421, 4095, 408
397, 390, 464, 228, 48, 0, 410, 353, 419, 4095, 411
400, 378, 464, 225, 48, 0, 411, 354, 417, 4095, 413
400, 393, 466, 224, 48, 0, 415, 351, 418, 4095, 410
395, 393, 475, 218, 48, 0, 416, 354, 413, 4095, 409
400, 391, 471, 226, 48, 0, 415, 350, 417, 4095, 413
396, 387, 464, 225, 49, 0, 414, 351, 421, 4095, 405
398, 391, 466, 210, 48, 0, 413, 354, 425, 4095, 408
400, 389, 468, 225, 50, 0, 417, 351, 421, 4095, 407
400, 390, 468, 219, 48, 0, 416, 353, 419, 4095, 418
398, 398, 472, 218, 48, 0, 410, 349, 414, 4095, 414
400, 390, 466, 218, 49, 0, 415, 354, 414, 4095, 408
399, 393, 471, 219, 48, 0, 417, 353, 419, 4095, 412
400, 391, 465, 214, 47, 0, 416, 343, 419, 4095, 409
399, 388, 469, 209, 48, 0, 410, 352, 413, 4095, 411
397, 394, 474, 218, 48, 0, 416, 353, 419, 4095, 405
400, 391, 469, 219, 48, 0, 413, 352, 418, 4095, 410
400, 391, 470, 220, 48, 0, 416, 356, 419, 4095, 411
400, 391, 465, 214, 49, 0, 415, 351, 420, 4095, 405
398, 391, 468, 217, 30, 0, 415, 350, 416, 4095, 407
400, 392, 470, 213, 46, 0, 415, 351, 421, 4095, 416
400, 394, 473, 218, 48, 0, 413, 352, 421, 4095, 405
398, 391, 465, 215, 49, 0, 416, 351, 414, 4095, 406
400, 397, 473, 209, 42, 0, 417, 350, 420, 4095, 411
397, 389, 471, 217, 48, 0, 416, 355, 422, 4095, 406
400, 387, 466, 220, 49, 0, 416, 351, 416, 4095, 407
398, 393, 469, 217, 48, 0, 416, 352, 421, 4095, 413
400, 389, 469, 211, 44, 0, 416, 345, 417, 4095, 411
403, 390, 469, 220, 49, 0, 415, 354, 417, 4095, 406
400, 390, 466, 209, 49, 0, 413, 351, 413, 4095, 406
400, 391, 477, 222, 48, 0, 419, 353, 415, 4095, 413
400, 394, 473, 218, 50, 0, 403, 352, 417, 4095, 416
400, 393, 477, 216, 48, 0, 415, 350, 423, 4095, 417
400, 395, 470, 219, 48, 0, 416, 352, 416, 4095, 417
400, 390, 496, 221, 49, 0, 417, 347, 422, 4095, 405
400, 391, 473, 212, 49, 0, 419, 353, 416, 4095, 410
400, 395, 479, 231, 53, 0, 416, 352, 425, 4095, 413
400, 389, 477, 217, 48, 0, 400, 353, 421, 4095, 406
400, 395, 476, 219, 50, 0, 416, 352, 418, 4095, 411
400, 393, 473, 219, 48, 0, 417, 354, 418, 4095, 416
400, 389, 482, 214, 49, 0, 415, 352, 419, 4095, 405
400, 389, 474, 222, 49, 0, 414, 354, 418, 4095, 413
400, 387, 469, 226, 58, 0, 412, 352, 421, 4095, 406
400, 395, 470, 221, 48, 0, 417, 351, 419, 4095, 416
400, 394, 474, 225, 47, 0, 414, 353, 417, 4095, 414
402, 394, 476, 222, 48, 0, 415, 353, 414, 4095, 411
400, 400, 475, 222, 48, 0, 416, 357, 411, 4095, 411
400, 393, 468, 219, 49, 0, 414, 353, 415, 4095, 411
401, 395, 469, 219, 53, 0, 419, 353, 421, 4095, 406
401, 391, 471, 224, 46, 0, 421, 352, 398, 4095, 410
402, 396, 474, 218, 48, 0, 415, 351, 421, 4095, 407
400, 394, 475, 220, 48, 0, 416, 353, 423, 4095, 407
400, 390, 474, 222, 50, 0, 416, 351, 416, 4095, 415
400, 389, 477, 224, 48, 0, 419, 354, 419, 4095, 409
400, 389, 474, 215, 48, 0, 429, 350, 419, 4095, 414
400, 391, 478, 218, 49, 0, 416, 354, 421, 4095, 411
402, 391, 470, 223, 50, 0, 414, 355, 412, 4095, 409
401, 394, 476, 217, 50, 0, 419, 353, 414, 4095, 410
401, 389, 472, 218, 47, 0, 419, 355, 420, 4095, 405
400, 389, 471, 219, 48, 0, 417, 353, 419, 4095, 406
400, 405, 470, 219, 47, 0, 418, 352, 411, 4095, 417
400, 388, 471, 209, 48, 0, 416, 355, 410, 4095, 414
400, 389, 472, 217, 48, 0, 416, 353, 418, 4095, 412
400, 388, 487, 217, 48, 0, 415, 352, 421, 4095, 407
402, 389, 482, 209, 48, 0, 416, 351, 418, 4095, 403
402, 387, 467, 222, 48, 0, 418, 355, 416, 4095, 410
401, 394, 475, 218, 48, 0, 390, 351, 419, 4095, 407
400, 394, 471, 213, 49, 0, 414, 355, 417, 4095, 401
402, 391, 471, 209, 48, 0, 413, 350, 411, 4095, 401
402, 393, 491, 216, 48, 0, 415, 349, 415, 4095, 405
400, 394, 468, 214, 48, 0, 419, 338, 417, 4095, 406
402, 390, 470, 241, 48, 0, 415, 350, 417, 4095, 400
400, 382, 474, 208, 49, 0, 416, 354, 421, 4095, 403
400, 387, 475, 209, 44, 0, 417, 352, 413, 4095, 411
403, 394, 467, 202, 48, 0, 414, 352, 417, 4095, 406
400, 389, 468, 208, 48, 0, 416, 352, 410, 4095, 400
400, 390, 468, 210, 49, 0, 418, 350, 411, 4095, 400
402, 391, 477, 209, 48, 0, 417, 352, 410, 4095, 403
400, 390, 467, 208, 48, 0, 416, 351, 420, 4095, 432
375, 389, 475, 203, 48, 0, 413, 352, 413, 4095, 400
398, 391, 475, 204, 46, 0, 414, 354, 412, 4095, 403
401, 391, 470, 209, 48, 0, 415, 351, 407, 4095, 400
400, 386, 467, 208, 49, 0, 415, 352, 414, 4095, 400
398, 385, 475, 208, 47, 0, 414, 354, 409, 4095, 400
399, 387, 466, 207, 49, 0, 416, 353, 417, 4095, 401
400, 387, 470, 208, 46, 0, 413, 350, 416, 4095, 400
400, 389, 467, 203, 48, 0, 414, 351, 416, 4095, 400
400, 389, 467, 207, 48, 0, 416, 351, 410, 4095, 400
400, 386, 476, 203, 48, 0, 415, 354, 414, 4095, 400
399, 384, 472, 205, 55, 0, 415, 350, 410, 4095, 400
400, 385, 471, 207, 48, 0, 410, 351, 414, 4095, 400
400, 387, 471, 199, 48, 0, 414, 347, 407, 4095, 400
400, 386, 483, 203, 48, 0, 409, 352, 414, 4095, 400
400, 388, 469, 196, 45, 0, 414, 353, 414, 4095, 394
400, 391, 470, 202, 48, 0, 416, 349, 407, 4095, 391
400, 427, 467, 198, 44, 0, 415, 353, 384, 4095, 397
399, 382, 467, 193, 45, 0, 415, 355, 413, 4095, 400
399, 384, 468, 204, 47, 0, 414, 349, 406, 4095, 398
400, 385, 469, 196, 48, 0, 417, 351, 411, 4095, 395
400, 384, 475, 197, 48, 0, 414, 347, 414, 4095, 400
399, 386, 477, 204, 47, 0, 416, 353, 407, 4095, 395
400, 389, 466, 202, 48, 0, 413, 353, 454, 4095, 387
399, 379, 474, 204, 48, 0, 414, 354, 415, 4095, 398
400, 387, 469, 201, 48, 0, 414, 351, 412, 4095, 398
400, 388, 473, 199, 47, 0, 414, 353, 411, 4095, 399
400, 384, 469, 199, 48, 0, 413, 351, 413, 4095, 400
400, 384, 470, 201, 55, 0, 416, 352, 411, 4095, 396
400, 385, 467, 202, 48, 0, 415, 354, 416, 4095, 389
377, 388, 464, 202, 46, 0, 416, 347, 409, 4095, 389
400, 379, 471, 203, 49, 0, 413, 353, 410, 4095, 390
400, 381, 464, 195, 48, 0, 414, 353, 415, 4095, 397
395, 381, 466, 201, 48, 0, 411, 346, 411, 4095, 391
400, 384, 470, 198, 48, 0, 416, 352, 411, 4095, 391
400, 379, 464, 195, 48, 0, 409, 352, 404, 4095, 436
397, 382, 466, 195, 45, 0, 411, 352, 411, 4095, 395
400, 383, 464, 197, 45, 0, 414, 349, 409, 4095, 396
400, 383, 464, 197, 48, 0, 409, 351, 411, 4095, 395
399, 381, 465, 190, 48, 0, 414, 355, 410, 4095, 389
399, 384, 462, 198, 48, 0, 411, 347, 403, 4095, 391
400, 385, 464, 198, 48, 0, 413, 350, 413, 4095, 392
397, 377, 464, 205, 48, 0, 413, 347, 403, 4095, 396
400, 381, 483, 195, 48, 0, 412, 350, 416, 4095, 393
398, 383, 464, 205, 48, 0, 411, 351, 409, 4095, 396
400, 381, 463, 197, 44, 0, 411, 349, 413, 4095, 392
398, 359, 464, 197, 46, 0, 416, 352, 410, 4095, 363
395, 382, 464, 197, 48, 0, 409, 355, 407, 4095, 397
391, 383, 465, 195, 48, 0, 411, 352, 416, 4095, 400
395, 379, 463, 200, 47, 0, 411, 346, 410, 4095, 399
394, 384, 465, 204, 48, 0, 409, 351, 405, 4095, 393
397, 377, 464, 171, 59, 0, 405, 351, 407, 4095, 390
398, 362, 466, 199, 48, 0, 411, 350, 414, 4095, 394
396, 386, 464, 196, 47, 0, 411, 350, 412, 4095, 397
395, 383, 464, 193, 48, 0, 411, 343, 414, 4095, 397
397, 383, 464, 203, 48, 0, 411, 350, 412, 4095, 395
396, 382, 464, 200, 47, 0, 406, 350, 403, 4095, 387
395, 387, 469, 195, 48, 0, 411, 355, 413, 4095, 391
393, 372, 460, 199, 48, 0, 411, 350, 411, 4095, 386
394, 379, 466, 204, 48, 0, 410, 351, 406, 4095, 394
395, 382, 465, 199, 51, 0, 407, 349, 405, 4095, 393
399, 384, 464, 204, 48, 0, 410, 353, 410, 4095, 397
397, 382, 464, 199, 48, 0, 405, 352, 411, 4095, 397
397, 382, 464, 204, 45, 0, 412, 351, 406, 4095, 389
395, 381, 467, 201, 48, 0, 409, 350, 410, 4095, 361
395, 380, 464, 206, 48, 0, 407, 351, 410, 4095, 397
398, 378, 461, 207, 48, 0, 409, 347, 407, 4095, 394
394, 380, 467, 205, 48, 0, 406, 347, 405, 4095, 389
397, 381, 464, 196, 49, 0, 408, 351, 407, 4095, 389
394, 385, 463, 205, 49, 0, 411, 349, 410, 4095, 394
395, 384, 464, 205, 48, 0, 409, 349, 413, 4095, 398
391, 382, 464, 202, 48, 0, 409, 348, 410, 4095, 389
394, 384, 426, 203, 47, 0, 409, 349, 410, 4095, 390
397, 379, 465, 207, 45, 0, 409, 348, 406, 4095, 399
391, 382, 469, 208, 45, 0, 407, 346, 406, 4095, 394
394, 366, 460, 202, 48, 0, 437, 349, 406, 4095, 399
395, 384, 462, 202, 48, 0, 410, 350, 409, 4095, 387
394, 380, 463, 203, 48, 0, 409, 347, 407, 4095, 394
394, 383, 474, 203, 48, 0, 406, 343, 406, 4095, 391
393, 383, 453, 205, 46, 0, 400, 347, 407, 4095, 389
394, 379, 459, 228, 48, 0, 404, 343, 410, 4095, 388
391, 361, 463, 207, 47, 0, 405, 346, 384, 4095, 382
389, 378, 461, 204, 48, 0, 405, 339, 405, 4095, 393
394, 377, 459, 206, 48, 0, 407, 345, 409, 4095, 391
392, 384, 458, 201, 48, 0, 407, 345, 409, 4095, 386
394, 374, 459, 206, 48, 0, 401, 345, 404, 4095, 390
391, 380, 458, 205, 74, 0, 407, 345, 406, 4095, 384
391, 382, 461, 206, 48, 0, 405, 346, 400, 4095, 384
378, 379, 461, 205, 48, 0, 403, 347, 407, 4095, 387
386, 381, 464, 203, 48, 0, 403, 341, 405, 4095, 387
389, 374, 464, 199, 48, 0, 404, 350, 407, 4095, 393
389, 379, 463, 203, 46, 0, 405, 345, 407, 4095, 391
390, 375, 460, 197, 45, 0, 403, 347, 404, 4095, 384
391, 381, 458, 203, 46, 0, 406, 343, 403, 4095, 384
397, 383, 461, 202, 48, 0, 408, 347, 406, 4095, 387
390, 379, 459, 205, 48, 0, 401, 348, 406, 4095, 390
391, 381, 457, 199, 48, 0, 404, 342, 405, 4095, 394
389, 381, 460, 204, 48, 0, 400, 341, 406, 4095, 386
387, 384, 460, 206, 47, 0, 400, 343, 401, 4095, 387
389, 377, 460, 208, 48, 0, 405, 346, 407, 4095, 385
389, 379, 464, 208, 48, 0, 403, 343, 402, 4095, 384
392, 378, 461, 202, 48, 0, 404, 350, 400, 4095, 385
389, 378, 456, 207, 47, 0, 406, 330, 400, 4095, 385
393, 379, 461, 211, 48, 0, 402, 339, 407, 4095, 384
390, 384, 464, 197, 47, 0, 405, 349, 389, 4095, 388
388, 383, 462, 202, 48, 0, 404, 347, 400, 4095, 391
389, 382, 458, 206, 47, 0, 403, 349, 407, 4095, 393
390, 374, 435, 205, 47, 0, 402, 347, 405, 4095, 389
393, 385, 464, 208, 48, 0, 405, 322, 400, 4095, 391
393, 382, 459, 251, 48, 0, 401, 343, 406, 4095, 387
390, 379, 459, 207, 45, 0, 403, 346, 407, 4095, 342
394, 379, 454, 199, 44, 0, 402, 346, 404, 4095, 385
388, 384, 462, 201, 47, 0, 403, 347, 404, 4095, 393
393, 378, 459, 202, 49, 0, 405, 348, 404, 4095, 385
391, 381, 459, 198, 48, 0, 407, 346, 403, 4095, 385
387, 380, 455, 193, 49, 0, 401, 343, 406, 4095, 390
390, 381, 461, 202, 43, 0, 405, 347, 405, 4095, 385
386, 377, 464, 199, 48, 0, 405, 347, 403, 4095, 389
389, 379, 457, 198, 47, 0, 406, 347, 409, 4095, 386
391, 377, 459, 195, 48, 0, 403, 342, 401, 4095, 389
388, 383, 461, 193, 45, 0, 404, 347, 400, 4095, 383
391, 384, 451, 202, 45, 0, 405, 347, 401, 4095, 383
392, 381, 462, 195, 43, 0, 405, 347, 400, 4095, 392
388, 386, 455, 197, 47, 0, 403, 346, 403, 4095, 386
393, 375, 448, 203, 48, 0, 402, 350, 405, 4095, 389
388, 381, 464, 196, 48, 0, 401, 356, 400, 4095, 394
389, 381, 461, 199, 44, 0, 403, 351, 406, 4095, 386
390, 379, 459, 208, 48, 0, 401, 339, 409, 4095, 384
390, 383, 460, 198, 48, 0, 403, 346, 402, 4095, 389
390, 384, 455, 205, 48, 0, 402, 349, 400, 4095, 387
391, 379, 461, 202, 48, 0, 405, 346, 405, 4095, 389
391, 373, 455, 197, 48, 0, 401, 323, 402, 4095, 386
391, 379, 462, 196, 42, 0, 404, 348, 404, 4095, 386
387, 368, 464, 194, 48, 0, 405, 350, 417, 4095, 381
390, 375, 464, 199, 48, 0, 405, 345, 407, 4095, 387
386, 379, 459, 194, 48, 0, 405, 347, 400, 4095, 385
388, 381, 458, 202, 47, 0, 401, 350, 400, 4095, 392
390, 384, 462, 201, 42, 0, 403, 347, 400, 4095, 387
389, 372, 462, 204, 60, 7, 404, 341, 406, 4095, 386
392, 371, 456, 203, 45, 0, 402, 346, 400, 4095, 389
389, 374, 459, 204, 48, 0, 404, 345, 406, 4095, 386
390, 373, 460, 201, 45, 0, 402, 346, 404, 4095, 382
389, 378, 462, 203, 48, 0, 402, 343, 407, 4095, 389
391, 378, 458, 196, 55, 0, 400, 343, 406, 4095, 388
391, 379, 464, 205, 46, 0, 404, 348, 401, 4095, 391
385, 379, 458, 195, 47, 0, 403, 343, 404, 4095, 393
391, 382, 457, 205, 46, 0, 400, 345, 407, 4095, 386
385, 379, 452, 201, 47, 0, 400, 347, 407, 4095, 389
384, 381, 458, 201, 46, 0, 402, 372, 403, 4095, 385
385, 374, 456, 206, 48, 0, 401, 344, 400, 4095, 384
387, 353, 456, 201, 46, 0, 400, 346, 402, 4095, 385
384, 377, 459, 204, 45, 0, 402, 346, 405, 4095, 384
387, 377, 455, 202, 47, 0, 400, 348, 402, 4095, 390
385, 373, 453, 201, 48, 0, 401, 342, 400, 4095, 390
388, 378, 462, 203, 43, 0, 400, 338, 403, 4095, 385
386, 374, 450, 208, 48, 0, 402, 340, 405, 4095, 384
387, 378, 459, 208, 49, 0, 400, 345, 400, 4095, 391
385, 377, 458, 207, 48, 0, 402, 342, 406, 4095, 384
387, 375, 457, 205, 48, 0, 400, 347, 400, 4095, 384
385, 375, 461, 205, 48, 0, 403, 343, 406, 4095, 389
385, 377, 459, 208, 48, 0, 400, 330, 406, 4095, 387
386, 380, 458, 176, 47, 0, 401, 342, 406, 4095, 395
387, 380, 459, 202, 46, 0, 401, 343, 393, 4095, 389
391, 379, 457, 203, 46, 0, 401, 347, 409, 4095, 389
384, 377, 455, 208, 48, 0, 401, 338, 407, 4095, 389
384, 373, 459, 208, 48, 0, 400, 336, 404, 4095, 390
386, 378, 454, 208, 49, 0, 402, 343, 400, 4095, 390
384, 369, 455, 207, 20, 0, 401, 341, 403, 4095, 385
385, 378, 461, 208, 48, 0, 400, 345, 403, 4095, 389
384, 379, 457, 209, 45, 0, 400, 341, 409, 4095, 391
386, 378, 448, 208, 47, 0, 403, 341, 409, 4095, 385
387, 381, 452, 208, 48, 0, 400, 343, 409, 4095, 386
388, 381, 456, 207, 48, 0, 400, 339, 403, 4095, 387
387, 374, 460, 208, 45, 0, 400, 339, 405, 4095, 391
386, 375, 454, 214, 48, 0, 403, 345, 405, 4095, 388
385, 381, 459, 210, 44, 0, 400, 341, 400, 4095, 388
388, 378, 473, 214, 44, 0, 400, 342, 400, 4095, 390
385, 381, 460, 208, 48, 0, 400, 324, 406, 4095, 393
385, 379, 462, 208, 46, 0, 400, 347, 405, 4095, 393
388, 375, 454, 209, 48, 0, 400, 341, 418, 4095, 388
387, 384, 457, 213, 47, 0, 403, 340, 406, 4095, 385
386, 379, 455, 210, 45, 0, 400, 342, 406, 4095, 386
384, 382, 459, 206, 47, 0, 401, 341, 400, 4095, 394
386, 381, 455, 213, 47, 0, 400, 345, 407, 4095, 389
387, 374, 453, 208, 64, 0, 400, 341, 407, 4095, 389
383, 381, 457, 211, 43, 0, 399, 340, 403, 4095, 384
371, 381, 453, 208, 48, 0, 400, 338, 401, 4095, 387
387, 375, 453, 207, 47, 0, 402, 341, 408, 4095, 387
388, 379, 458, 208, 46, 0, 400, 343, 404, 4095, 390
388, 384, 451, 208, 49, 0, 399, 341, 405, 4095, 394
384, 379, 453, 208, 48, 0, 379, 345, 403, 4095, 393
385, 376, 451, 209, 49, 0, 401, 345, 405, 4095, 398
386, 384, 459, 206, 50, 0, 400, 346, 410, 4095, 389
386, 379, 459, 206, 47, 0, 400, 341, 406, 4095, 386
384, 381, 452, 208, 48, 0, 400, 347, 400, 4095, 384
385, 380, 455, 208, 47, 0, 402, 342, 400, 4095, 384
384, 426, 457, 209, 48, 0, 400, 345, 408, 4095, 375
384, 384, 464, 208, 46, 0, 401, 347, 405, 4095, 391
384, 381, 458, 208, 46, 0, 400, 341, 405, 4095, 387
388, 379, 458, 212, 47, 0, 402, 345, 401, 4095, 384
385, 383, 458, 212, 46, 0, 400, 347, 410, 4095, 384
384, 384, 461, 186, 48, 0, 400, 342, 405, 4095, 389
389, 379, 460, 210, 48, 0, 403, 339, 411, 4095, 395
387, 380, 455, 208, 48, 0, 401, 337, 402, 4095, 393
386, 379, 461, 215, 44, 0, 400, 345, 407, 4095, 391
384, 381, 455, 210, 48, 0, 400, 342, 405, 4095, 391
384, 378, 458, 215, 48, 0, 400, 342, 404, 4095, 393
387, 381, 456, 213, 48, 0, 400, 342, 409, 4095, 398
384, 381, 458, 208, 47, 0, 401, 341, 410, 4095, 390
386, 382, 455, 208, 48, 0, 402, 344, 403, 4095, 393
391, 384, 455, 212, 47, 0, 400, 338, 405, 4095, 386
387, 381, 457, 208, 48, 0, 403, 341, 406, 4095, 389
387, 384, 457, 214, 49, 0, 400, 350, 408, 4095, 384
387, 386, 455, 213, 46, 0, 403, 342, 404, 4095, 398
386, 381, 459, 211, 44, 0, 400, 343, 406, 4095, 397
384, 381, 451, 215, 48, 0, 400, 339, 407, 4095, 391
386, 385, 463, 218, 43, 0, 400, 340, 401, 4095, 387
387, 382, 459, 215, 44, 0, 402, 359, 400, 4095, 399
389, 379, 453, 215, 48, 0, 400, 347, 407, 4095, 391
393, 380, 458, 215, 46, 0, 397, 342, 410, 4095, 398
388, 381, 458, 215, 48, 0, 400, 343, 401, 4095, 397
388, 384, 455, 210, 48, 0, 401, 342, 405, 4095, 394
386, 384, 458, 208, 48, 0, 400, 347, 407, 4095, 395
387, 386, 462, 210, 48, 0, 400, 341, 402, 4095, 400
390, 383, 463, 208, 49, 0, 402, 342, 405, 4095, 393
390, 384, 459, 214, 49, 0, 403, 342, 453, 4095, 380
385, 383, 464, 211, 48, 0, 405, 345, 403, 4095, 395
389, 387, 459, 210, 47, 0, 402, 347, 403, 4095, 397
385, 385, 458, 214, 45, 0, 402, 341, 402, 4095, 385
388, 382, 463, 208, 48, 0, 402, 343, 406, 4095, 389
391, 384, 461, 214, 47, 0, 401, 346, 400, 4095, 397
384, 380, 463, 211, 48, 0, 401, 346, 406, 4095, 389
385, 385, 458, 214, 48, 0, 403, 345, 407, 4095, 398
386, 385, 462, 215, 48, 0, 402, 343, 403, 4095, 393
390, 386, 459, 208, 48, 0, 401, 345, 409, 4095, 389
389, 384, 457, 209, 48, 0, 402, 339, 406, 4095, 396
389, 383, 461, 211, 48, 0, 411, 347, 407, 4095, 392
391, 386, 464, 214, 48, 0, 400, 343, 403, 4095, 394
391, 384, 461, 211, 48, 0, 404, 342, 406, 4095, 391
388, 384, 433, 215, 45, 0, 401, 348, 407, 4095, 385
387, 385, 463, 212, 48, 0, 401, 347, 406, 4095, 389
386, 384, 463, 214, 48, 0, 402, 347, 405, 4095, 399
390, 389, 458, 208, 47, 0, 404, 347, 441, 4095, 400
385, 386, 457, 212, 48, 0, 400, 346, 406, 4095, 389
390, 382, 462, 212, 48, 0, 407, 345, 406, 4095, 390
387, 386, 460, 209, 48, 0, 403, 341, 406, 4095, 392
389, 384, 463, 208, 46, 0, 400, 347, 403, 4095, 397
389, 386, 460, 205, 43, 0, 400, 348, 400, 4095, 400
391, 384, 459, 212, 48, 0, 403, 343, 397, 4095, 403
411, 385, 453, 215, 48, 0, 401, 345, 400, 4095, 398
390, 386, 454, 208, 48, 0, 401, 346, 407, 4095, 391
387, 383, 452, 208, 48, 0, 403, 342, 406, 4095, 393
389, 385, 458, 211, 48, 0, 403, 343, 404, 4095, 391
389, 384, 458, 208, 48, 0, 400, 347, 401, 4095, 389
390, 389, 459, 211, 48, 0, 400, 342, 407, 4095, 396
405, 390, 463, 208, 45, 0, 405, 346, 406, 4095, 387
391, 384, 462, 210, 48, 0, 401, 342, 400, 4095, 395
384, 385, 462, 211, 47, 0, 402, 347, 403, 4095, 389
386, 384, 462, 208, 45, 0, 404, 342, 402, 4095, 395
391, 368, 459, 211, 46, 0, 406, 341, 406, 4095, 391
390, 384, 462, 211, 48, 0, 401, 345, 402, 4095, 387
387, 385, 464, 211, 48, 0, 402, 343, 400, 4095, 390
390, 385, 449, 208, 48, 0, 402, 348, 407, 4095, 394
389, 388, 463, 213, 48, 0, 404, 343, 400, 4095, 391
387, 387, 461, 215, 48, 0, 404, 341, 404, 4095, 396
391, 374, 464, 208, 49, 0, 402, 347, 375, 4095, 357
390, 385, 462, 209, 48, 0, 403, 342, 401, 4095, 389
390, 381, 453, 210, 48, 0, 405, 345, 400, 4095, 398
385, 387, 459, 208, 47, 0, 400, 346, 402, 4095, 393
391, 386, 466, 208, 45, 0, 400, 361, 400, 4095, 395
391, 384, 461, 208, 48, 0, 405, 346, 400, 4095, 391
391, 386, 457, 208, 47, 0, 400, 348, 403, 4095, 387
394, 387, 464, 209, 46, 0, 401, 346, 402, 4095, 391
391, 384, 464, 214, 48, 0, 405, 341, 400, 4095, 395
389, 386, 459, 211, 48, 0, 400, 342, 400, 4095, 389
390, 382, 463, 208, 43, 0, 403, 343, 401, 4095, 384
388, 389, 461, 215, 48, 0, 404, 341, 401, 4095, 398
391, 383, 463, 212, 47, 0, 401, 345, 402, 4095, 385
385, 393, 460, 217, 48, 0, 402, 341, 405, 4095, 386
387, 385, 433, 217, 48, 0, 401, 345, 405, 4095, 388
389, 385, 459, 221, 48, 0, 407, 348, 400, 4095, 393
391, 384, 461, 195, 48, 0, 400, 348, 401, 4095, 391
391, 378, 464, 215, 48, 0, 406, 345, 405, 4095, 391
385, 388, 463, 218, 45, 0, 401, 343, 402, 4095, 387
393, 394, 467, 218, 46, 0, 401, 345, 402, 4095, 389
393, 388, 463, 220, 49, 0, 400, 345, 400, 4095, 388
389, 386, 464, 222, 48, 0, 401, 343, 405, 4095, 389
390, 393, 465, 223, 62, 0, 406, 347, 402, 4095, 398
391, 389, 463, 222, 48, 0, 407, 344, 402, 4095, 395
390, 390, 462, 220, 49, 0, 403, 343, 400, 4095, 398
387, 394, 458, 223, 48, 0, 401, 338, 402, 4095, 400
393, 390, 461, 214, 46, 0, 401, 340, 402, 4095, 387
390, 391, 454, 218, 48, 0, 403, 338, 404, 4095, 386
393, 390, 466, 217, 47, 0, 405, 346, 403, 4095, 387
390, 386, 462, 218, 48, 0, 404, 343, 407, 4095, 400
391, 389, 464, 214, 50, 0, 406, 339, 406, 4095, 398
390, 389, 480, 218, 45, 0, 403, 339, 403, 4095, 398
392, 389, 464, 221, 48, 0, 403, 345, 407, 4095, 390
387, 394, 464, 234, 45, 0, 406, 343, 405, 4095, 390
391, 390, 462, 214, 48, 0, 403, 342, 403, 4095, 389
395, 386, 464, 221, 48, 0, 403, 345, 400, 4095, 396
393, 387, 464, 221, 48, 0, 406, 341, 404, 4095, 393
388, 390, 463, 224, 51, 0, 406, 348, 400, 4095, 400
391, 388, 461, 221, 48, 0, 403, 341, 404, 4095, 392
388, 391, 464, 208, 48, 0, 405, 343, 402, 4095, 397
391, 390, 463, 220, 46, 0, 403, 345, 400, 4095, 391
385, 393, 462, 219, 48, 0, 406, 342, 402, 4095, 397
392, 392, 464, 219, 48, 0, 403, 345, 401, 4095, 399
393, 389, 464, 218, 48, 0, 401, 346, 400, 4095, 395
389, 391, 463, 220, 48, 0, 403, 342, 406, 4095, 393
387, 389, 463, 221, 46, 0, 381, 343, 403, 4095, 397
395, 394, 465, 211, 48, 0, 406, 340, 400, 4095, 399
389, 389, 464, 223, 48, 0, 404, 347, 405, 4095, 393
394, 389, 473, 214, 48, 0, 406, 338, 405, 4095, 399
391, 393, 464, 219, 49, 0, 406, 330, 401, 4095, 399
393, 391, 464, 216, 48, 0, 406, 342, 400, 4095, 390
391, 391, 462, 211, 46, 0, 403, 342, 401, 4095, 389
391, 394, 464, 219, 48, 0, 406, 338, 400, 4095, 393
394, 392, 464, 215, 48, 0, 403, 345, 400, 4095, 395
393, 389, 464, 219, 47, 0, 405, 343, 403, 4095, 396
391, 392, 465, 219, 48, 0, 405, 341, 403, 4095, 385
394, 393, 464, 218, 30, 0, 404, 347, 406, 4095, 389
389, 395, 466, 219, 45, 0, 402, 339, 400, 4095, 397
383, 396, 464, 215, 48, 0, 404, 341, 400, 4095, 395
396, 388, 462, 216, 48, 0, 404, 339, 405, 4095, 393
389, 394, 465, 218, 46, 0, 402, 339, 401, 4095, 396
390, 390, 464, 217, 43, 0, 401, 343, 404, 4095, 387
388, 391, 461, 218, 46, 0, 404, 342, 401, 4095, 395
393, 390, 464, 221, 48, 0, 403, 340, 403, 4095, 389
394, 392, 464, 221, 47, 0, 401, 341, 408, 4095, 391
390, 399, 481, 215, 47, 0, 403, 341, 402, 4095, 395
389, 393, 464, 214, 48, 0, 405, 344, 404, 4095, 395
390, 394, 461, 192, 48, 0, 409, 346, 400, 4095, 395
391, 393, 463, 213, 45, 0, 409, 345, 368, 4095, 367
391, 389, 464, 213, 48, 0, 405, 342, 406, 4095, 398
390, 390, 462, 208, 48, 0, 402, 338, 406, 4095, 390
390, 391, 470, 209, 47, 0, 405, 343, 400, 4095, 399
392, 391, 464, 213, 44, 0, 400, 356, 404, 4095, 397
394, 390, 466, 210, 83, 0, 404, 341, 407, 4095, 391
395, 397, 464, 208, 47, 0, 404, 342, 400, 4095, 397
387, 394, 463, 211, 48, 0, 406, 337, 406, 4095, 391
389, 390, 464, 207, 47, 0, 403, 343, 405, 4095, 395
394, 391, 464, 210, 48, 0, 405, 344, 404, 4095, 393
394, 389, 462, 211, 44, 0, 402, 341, 400, 4095, 391
393, 391, 467, 210, 46, 0, 410, 342, 405, 4095, 397
388, 387, 467, 208, 48, 0, 406, 339, 400, 4095, 388
394, 390, 464, 211, 47, 0, 403, 338, 401, 4095, 398
393, 387, 462, 210, 49, 0, 407, 343, 404, 4095, 387
394, 392, 462, 212, 47, 0, 403, 337, 403, 4095, 394
393, 394, 464, 208, 48, 0, 404, 345, 401, 4095, 395
393, 438, 462, 208, 48, 0, 408, 347, 375, 4095, 407
390, 391, 461, 213, 48, 0, 403, 338, 401, 4095, 387
390, 393, 468, 214, 41, 0, 402, 345, 400, 4095, 399
394, 389, 464, 213, 48, 0, 405, 346, 400, 4095, 397
393, 390, 470, 208, 45, 0, 405, 343, 400, 4095, 397
391, 391, 464, 218, 48, 0, 410, 347, 403, 4095, 389
391, 386, 464, 215, 48, 0, 405, 341, 400, 4095, 395
400, 391, 464, 214, 45, 0, 403, 342, 400, 4095, 396
394, 391, 463, 213, 49, 0, 404, 347, 400, 4095, 399
391, 391, 470, 218, 48, 0, 407, 340, 402, 4095, 397
394, 390, 466, 214, 48, 0, 406, 346, 403, 4095, 400
394, 385, 463, 210, 45, 0, 432, 342, 403, 4095, 398
386, 394, 464, 220, 48, 0, 402, 340, 400, 4095, 394
391, 394, 467, 215, 48, 0, 406, 340, 405, 4095, 387
393, 389, 445, 219, 48, 0, 405, 338, 402, 4095, 393
389, 393, 465, 214, 45, 0, 405, 379, 400, 4095, 389
389, 393, 464, 214, 46, 0, 403, 339, 400, 4095, 398
389, 377, 464, 213, 48, 0, 407, 347, 403, 4095, 391
388, 391, 471, 211, 48, 0, 406, 343, 400, 4095, 397
394, 393, 469, 211, 48, 0, 409, 338, 402, 4095, 395
393, 389, 467, 208, 48, 0, 403, 343, 400, 4095, 400
390, 395, 461, 214, 47, 0, 402, 342, 400, 4095, 395
393, 389, 464, 209, 27, 0, 404, 345, 400, 4095, 388
391, 393, 464, 210, 48, 0, 405, 346, 406, 4095, 390
388, 386, 464, 208, 48, 0, 408, 342, 400, 4095, 387
389, 386, 465, 210, 48, 0, 409, 338, 400, 4095, 387
392, 395, 466, 208, 47, 0, 405, 339, 400, 4095, 395
388, 390, 464, 208, 48, 0, 403, 336, 401, 4095, 394
390, 409, 463, 208, 48, 0, 400, 337, 400, 4095, 399
390, 390, 463, 206, 48, 0, 404, 343, 402, 4095, 390
385, 389, 463, 206, 47, 0, 400, 343, 403, 4095, 386
389, 393, 466, 204, 47, 0, 403, 342, 401, 4095, 393
391, 390, 463, 199, 45, 0, 402, 345, 400, 4095, 389
389, 390, 459, 201, 48, 0, 401, 341, 400, 4095, 384
390, 385, 463, 204, 43, 0, 401, 343, 393, 4095, 362
387, 388, 464, 202, 43, 0, 402, 338, 401, 4095, 384
389, 390, 463, 203, 48, 0, 403, 338, 400, 4095, 392
390, 384, 459, 197, 48, 0, 403, 340, 403, 4095, 385
387, 385, 460, 194, 48, 0, 403, 337, 397, 4095, 384
387, 391, 466, 200, 46, 0, 402, 340, 398, 4095, 380
386, 389, 465, 203, 48, 0, 401, 340, 400, 4095, 389
390, 390, 461, 193, 48, 0, 405, 339, 400, 4095, 378
387, 387, 455, 199, 47, 0, 400, 336, 400, 4095, 382
387, 386, 461, 204, 46, 0, 400, 365, 397, 4095, 387
388, 387, 464, 195, 48, 0, 401, 338, 400, 4095, 387
390, 423, 461, 199, 25, 0, 400, 339, 394, 4095, 391
389, 385, 465, 202, 46, 0, 402, 339, 400, 4095, 383
391, 388, 463, 198, 47, 0, 404, 341, 402, 4095, 383
390, 384, 474, 205, 48, 0, 400, 339, 400, 4095, 380
386, 385, 461, 206, 48, 0, 403, 342, 403, 4095, 384
385, 388, 461, 197, 17, 0, 401, 342, 400, 4095, 383
391, 383, 459, 208, 49, 0, 403, 341, 388, 4095, 387
394, 387, 462, 205, 47, 0, 403, 338, 399, 4095, 381
385, 387, 465, 202, 48, 0, 402, 341, 400, 4095, 384
387, 385, 464, 203, 45, 0, 404, 337, 399, 4095, 386
387, 385, 464, 207, 45, 0, 400, 341, 400, 4095, 379
388, 386, 464, 206, 48, 0, 403, 341, 398, 4095, 384
389, 390, 463, 203, 48, 0, 403, 338, 398, 4095, 387
386, 384, 460, 202, 48, 0, 401, 341, 400, 4095, 383
387, 382, 432, 201, 48, 0, 400, 343, 399, 4095, 388
387, 390, 466, 205, 48, 0, 403, 339, 400, 4095, 390
387, 382, 464, 227, 45, 0, 403, 338, 400, 4095, 394
387, 388, 462, 204, 48, 0, 401, 341, 400, 4095, 387
386, 384, 461, 208, 48, 0, 404, 341, 400, 4095, 385
388, 387, 459, 206, 48, 0, 402, 339, 395, 4095, 383
390, 385, 458, 208, 48, 0, 405, 343, 400, 4095, 387
387, 384, 462, 208, 48, 0, 401, 353, 397, 4095, 385
386, 390, 464, 202, 48, 0, 402, 337, 398, 4095, 383
386, 386, 460, 208, 48, 0, 401, 347, 406, 4095, 375
398, 386, 462, 208, 44, 0, 402, 338, 401, 4095, 384
384, 385, 459, 199, 47, 0, 402, 343, 400, 4095, 391
386, 387, 464, 205, 48, 0, 400, 339, 397, 4095, 385
389, 387, 462, 204, 48, 0, 402, 339, 399, 4095, 378
387, 376, 464, 195, 47, 0, 401, 339, 398, 4095, 396
388, 394, 459, 201, 48, 0, 402, 341, 395, 4095, 378
387, 384, 458, 194, 43, 0, 400, 343, 400, 4095, 375
387, 386, 460, 198, 48, 0, 400, 337, 400, 4095, 386
384, 385, 464, 205, 43, 0, 400, 345, 400, 4095, 382
385, 384, 461, 194, 48, 0, 403, 339, 400, 4095, 384
386, 399, 464, 197, 46, 0, 400, 342, 377, 4095, 384
384, 386, 464, 204, 46, 0, 401, 339, 400, 4095, 383
385, 381, 464, 201, 46, 0, 400, 341, 400, 4095, 377
386, 384, 458, 204, 45, 0, 402, 340, 398, 4095, 383
384, 384, 455, 198, 47, 0, 401, 337, 400, 4095, 381
386, 384, 457, 203, 20, 0, 401, 342, 400, 4095, 383
386, 385, 461, 203, 43, 0, 400, 342, 393, 4095, 380
386, 385, 453, 206, 46, 0, 401, 340, 395, 4095, 382
384, 389, 451, 203, 45, 0, 400, 341, 398, 4095, 382
383, 384, 462, 207, 46, 0, 400, 339, 391, 4095, 380
384, 381, 455, 203, 48, 0, 401, 340, 398, 4095, 379
386, 375, 458, 202, 46, 0, 404, 341, 397, 4095, 380
385, 386, 459, 206, 48, 0, 399, 337, 400, 4095, 384
385, 383, 461, 205, 48, 0, 400, 342, 397, 4095, 379
386, 382, 462, 202, 48, 0, 400, 342, 400, 4095, 391
387, 383, 457, 198, 46, 0, 401, 336, 400, 4095, 391
387, 389, 455, 201, 48, 0, 400, 337, 400, 4095, 381
383, 385, 453, 199, 47, 0, 400, 338, 357, 4095, 371
384, 385, 462, 207, 47, 0, 400, 341, 400, 4095, 381
386, 387, 460, 203, 46, 0, 400, 339, 400, 4095, 389
384, 382, 457, 205, 43, 0, 400, 338, 397, 4095, 388
384, 387, 462, 205, 48, 0, 400, 342, 400, 4095, 382
386, 385, 464, 200, 47, 0, 400, 345, 387, 4095, 384
384, 386, 464, 198, 47, 0, 400, 339, 399, 4095, 382
386, 389, 456, 205, 48, 0, 401, 340, 400, 4095, 387
384, 383, 427, 201, 48, 0, 400, 342, 400, 4095, 387
384, 388, 457, 204, 48, 0, 401, 372, 400, 4095, 385
386, 384, 462, 193, 48, 0, 400, 342, 400, 4095, 382
384, 408, 455, 201, 48, 0, 398, 338, 395, 4095, 348
384, 387, 461, 198, 48, 0, 400, 338, 390, 4095, 384
384, 385, 462, 197, 48, 0, 400, 340, 395, 4095, 378
386, 389, 453, 201, 47, 0, 402, 342, 399, 4095, 383
386, 386, 464, 197, 48, 0, 400, 329, 400, 4095, 382
386, 386, 463, 196, 45, 0, 401, 344, 400, 4095, 387
384, 387, 455, 198, 48, 0, 400, 336, 393, 4095, 384
386, 384, 464, 195, 45, 0, 400, 340, 393, 4095, 385
384, 388, 459, 199, 46, 0, 400, 341, 399, 4095, 389
384, 388, 461, 204, 46, 0, 400, 341, 397, 4095, 384
384, 386, 455, 205, 47, 0, 400, 342, 397, 4095, 386
381, 384, 455, 196, 48, 0, 400, 337, 398, 4095, 389
385, 389, 457, 201, 48, 0, 400, 338, 400, 4095, 388
386, 387, 458, 203, 48, 0, 400, 340, 399, 4095, 385
384, 389, 432, 200, 46, 0, 400, 341, 397, 4095, 381
384, 388, 457, 203, 48, 0, 400, 342, 397, 4095, 381
384, 389, 455, 199, 48, 0, 400, 343, 395, 4095, 385
384, 384, 455, 200, 48, 0, 401, 341, 388, 4095, 390
386, 389, 454, 204, 48, 0, 400, 339, 399, 4095, 386
385, 387, 457, 204, 48, 0, 400, 343, 394, 4095, 384
384, 389, 464, 208, 47, 0, 400, 339, 395, 4095, 387
385, 385, 459, 208, 48, 0, 400, 337, 395, 4095, 387
386, 390, 460, 203, 50, 0, 400, 339, 395, 4095, 383
384, 384, 459, 205, 48, 0, 400, 341, 400, 4095, 385
383, 395, 464, 201, 45, 0, 400, 337, 399, 4095, 385
385, 384, 458, 208, 48, 0, 399, 342, 400, 4095, 385
387, 386, 462, 205, 48, 0, 397, 336, 398, 4095, 385
385, 388, 451, 208, 48, 0, 400, 339, 399, 4095, 386
386, 350, 457, 208, 48, 0, 430, 341, 399, 4095, 384
384, 390, 458, 208, 48, 0, 400, 340, 398, 4095, 385
384, 389, 458, 208, 48, 0, 400, 337, 399, 4095, 393
385, 387, 457, 206, 48, 0, 400, 338, 391, 4095, 382
385, 386, 455, 208, 43, 0, 400, 341, 398, 4095, 384
386, 388, 464, 208, 23, 0, 400, 337, 395, 4095, 382
384, 390, 458, 203, 48, 0, 400, 339, 399, 4095, 389
387, 386, 461, 207, 47, 0, 400, 343, 399, 4095, 385
387, 391, 461, 201, 48, 0, 400, 346, 395, 4095, 385
384, 390, 461, 203, 48, 0, 400, 340, 395, 4095, 387
387, 389, 462, 208, 48, 0, 400, 352, 394, 4095, 385
385, 389, 460, 208, 49, 0, 397, 338, 389, 4095, 381
386, 387, 464, 206, 48, 0, 399, 340, 399, 4095, 389
379, 389, 458, 205, 48, 0, 400, 340, 399, 4095, 384
384, 388, 464, 202, 48, 0, 400, 343, 400, 4095, 385
386, 389, 457, 208, 47, 0, 400, 342, 400, 4095, 387
386, 389, 460, 208, 48, 0, 401, 338, 396, 4095, 396
384, 368, 464, 203, 48, 0, 405, 339, 398, 4095, 384
386, 390, 451, 206, 47, 0, 400, 338, 394, 4095, 386
387, 390, 463, 206, 46, 0, 400, 336, 400, 4095, 381
389, 388, 442, 207, 45, 0, 400, 337, 391, 4095, 384
384, 390, 464, 208, 48, 0, 400, 334, 400, 4095, 385
388, 391, 463, 193, 46, 0, 399, 339, 399, 4095, 381
386, 385, 462, 203, 43, 0, 400, 338, 400, 4095, 383
389, 391, 464, 207, 48, 0, 400, 341, 395, 4095, 386
388, 390, 458, 202, 48, 0, 401, 341, 396, 4095, 384
383, 387, 459, 205, 48, 0, 401, 339, 398, 4095, 389
386, 387, 458, 207, 48, 0, 400, 340, 400, 4095, 388
385, 389, 463, 205, 67, 0, 401, 340, 399, 4095, 386
384, 388, 462, 208, 48, 0, 400, 337, 400, 4095, 382
385, 387, 461, 207, 48, 0, 400, 342, 393, 4095, 387
384, 390, 462, 202, 46, 0, 400, 342, 400, 4095, 394
385, 390, 461, 206, 48, 0, 400, 339, 398, 4095, 385
384, 391, 464, 205, 48, 0, 400, 339, 399, 4095, 390
388, 370, 459, 201, 47, 0, 380, 338, 395, 4095, 385
384, 386, 464, 208, 46, 0, 400, 337, 397, 4095, 385
383, 388, 455, 206, 48, 0, 401, 339, 397, 4095, 384
386, 390, 431, 207, 48, 0, 403, 336, 394, 4095, 384
385, 390, 464, 206, 48, 0, 400, 337, 400, 4095, 391
385, 389, 465, 169, 52, 0, 400, 341, 400, 4095, 382
388, 388, 463, 199, 47, 0, 400, 336, 414, 4095, 387
384, 390, 462, 206, 48, 0, 402, 339, 393, 4095, 394
385, 386, 462, 198, 47, 0, 400, 342, 400, 4095, 383
387, 386, 461, 196, 48, 0, 398, 338, 399, 4095, 389
387, 393, 465, 199, 48, 0, 400, 341, 398, 4095, 384
385, 387, 464, 199, 48, 0, 400, 340, 399, 4095, 387
387, 386, 464, 199, 48, 0, 400, 342, 397, 4095, 384
377, 389, 459, 195, 45, 0, 399, 339, 399, 4095, 384
386, 386, 460, 201, 48, 0, 400, 341, 399, 4095, 383
384, 389, 454, 201, 48, 0, 400, 320, 396, 4095, 384
383, 386, 464, 198, 48, 0, 401, 340, 395, 4095, 384
384, 396, 461, 199, 46, 0, 402, 346, 389, 4095, 385
385, 387, 460, 202, 48, 0, 400, 345, 400, 4095, 381
386, 388, 459, 201, 48, 0, 400, 337, 399, 4095, 389
384, 386, 462, 205, 45, 0, 399, 336, 399, 4095, 384
390, 386, 464, 203, 45, 0, 402, 310, 397, 4095, 388
387, 384, 464, 192, 47, 0, 401, 341, 395, 4095, 384
387, 385, 459, 199, 48, 0, 400, 338, 396, 4095, 386
387, 389, 465, 202, 47, 0, 400, 339, 395, 4095, 383
389, 395, 458, 203, 48, 0, 402, 340, 398, 4095, 385
385, 382, 454, 208, 44, 0, 400, 336, 398, 4095, 381
386, 385, 464, 208, 48, 0, 400, 336, 398, 4095, 386
385, 387, 462, 208, 48, 0, 400, 338, 397, 4095, 384
385, 386, 469, 208, 48, 0, 402, 342, 399, 4095, 384
387, 389, 464, 208, 47, 0, 401, 342, 400, 4095, 384
385, 391, 464, 210, 45, 0, 400, 340, 400, 4095, 382
384, 384, 464, 208, 48, 0, 399, 336, 400, 4095, 384
386, 390, 461, 203, 48, 0, 402, 341, 396, 4095, 390
387, 385, 462, 207, 44, 0, 400, 336, 396, 4095, 384
387, 385, 462, 208, 48, 0, 400, 340, 399, 4095, 389
385, 387, 464, 208, 48, 0, 400, 339, 397, 4095, 384
385, 388, 455, 208, 48, 0, 401, 340, 400, 4095, 387
386, 390, 459, 207, 47, 0, 401, 320, 391, 4095, 385
389, 391, 466, 208, 48, 0, 399, 338, 400, 4095, 384
385, 368, 464, 198, 48, 0, 400, 342, 400, 4095, 389
386, 388, 462, 196, 48, 0, 403, 336, 397, 4095, 389
384, 387, 465, 194, 48, 0, 401, 338, 400, 4095, 391
384, 388, 462, 194, 48, 0, 398, 339, 400, 4095, 398
385, 389, 464, 196, 48, 0, 402, 342, 393, 4095, 390
385, 390, 462, 202, 55, 0, 403, 339, 395, 4095, 389
386, 387, 461, 199, 48, 0, 402, 341, 393, 4095, 397
385, 390, 459, 192, 48, 0, 400, 343, 399, 4095, 382
388, 386, 459, 197, 45, 0, 401, 340, 397, 4095, 390
390, 387, 458, 204, 48, 0, 400, 343, 400, 4095, 381
385, 388, 467, 198, 48, 0, 402, 339, 400, 4095, 394
387, 347, 459, 203, 48, 0, 370, 337, 400, 4095, 387
385, 384, 464, 205, 46, 0, 400, 337, 399, 4095, 387
387, 394, 461, 208, 48, 0, 400, 341, 395, 4095, 391
387, 386, 464, 202, 48, 0, 400, 339, 399, 4095, 388
384, 387, 465, 199, 48, 0, 400, 352, 396, 4095, 387
387, 390, 458, 207, 48, 0, 401, 336, 400, 4095, 389
387, 387, 463, 208, 49, 0, 400, 336, 400, 4095, 414
387, 390, 459, 209, 48, 0, 401, 342, 400, 4095, 387
386, 389, 462, 210, 45, 0, 402, 339, 400, 4095, 394
389, 390, 464, 210, 48, 0, 400, 340, 399, 4095, 388
385, 390, 464, 213, 48, 0, 400, 342, 391, 4095, 393
386, 384, 467, 211, 43, 0, 400, 339, 401, 4095, 396
386, 387, 463, 210, 48, 0, 400, 339, 400, 4095, 387
396, 394, 466, 213, 47, 0, 399, 339, 400, 4095, 389
389, 386, 464, 213, 47, 0, 400, 343, 402, 4095, 399
384, 387, 464, 214, 48, 0, 400, 339, 400, 4095, 400
389, 390, 463, 211, 48, 0, 400, 337, 402, 4095, 396
387, 403, 462, 209, 48, 0, 400, 339, 405, 4095, 401
387, 389, 464, 218, 48, 0, 400, 339, 402, 4095, 390
385, 385, 469, 208, 49, 0, 400, 339, 401, 4095, 399
389, 394, 469, 211, 48, 0, 402, 337, 402, 4095, 396
389, 394, 464, 214, 49, 0, 400, 336, 402, 4095, 390
386, 389, 464, 215, 48, 0, 400, 341, 407, 4095, 395
389, 361, 467, 215, 48, 0, 402, 340, 454, 4095, 431
391, 391, 464, 215, 48, 0, 402, 341, 405, 4095, 399
387, 393, 464, 224, 48, 0, 403, 338, 404, 4095, 397
385, 389, 466, 217, 48, 0, 402, 339, 403, 4095, 395
385, 391, 469, 221, 48, 0, 400, 341, 401, 4095, 400
387, 391, 464, 215, 36, 0, 401, 338, 409, 4095, 398
387, 387, 464, 221, 48, 0, 400, 342, 409, 4095, 395
398, 388, 467, 225, 47, 0, 400, 341, 410, 4095, 395
389, 390, 471, 225, 48, 0, 400, 342, 403, 4095, 396
388, 389, 467, 222, 48, 0, 400, 341, 400, 4095, 399
386, 391, 463, 224, 48, 0, 401, 338, 410, 4095, 396
389, 389, 464, 220, 48, 0, 403, 341, 410, 4095, 400
388, 391, 464, 219, 48, 0, 400, 343, 415, 4095, 398
388, 391, 467, 223, 48, 0, 401, 339, 411, 4095, 396
385, 387, 443, 218, 48, 0, 402, 337, 411, 4095, 395
389, 388, 465, 219, 48, 0, 402, 337, 409, 4095, 397
387, 392, 464, 199, 48, 0, 400, 339, 402, 4095, 393
390, 394, 471, 220, 49, 0, 403, 340, 403, 4095, 399
388, 394, 464, 228, 47, 0, 402, 341, 411, 4095, 400
389, 391, 465, 225, 46, 0, 400, 339, 411, 4095, 397
390, 390, 471, 226, 47, 0, 402, 341, 411, 4095, 399
384, 386, 467, 222, 48, 0, 401, 373, 406, 4095, 397
389, 386, 464, 224, 64, 0, 402, 341, 413, 4095, 396
388, 393, 467, 222, 48, 0, 402, 339, 406, 4095, 399
410, 389, 466, 222, 48, 0, 404, 343, 414, 4095, 400
389, 387, 464, 222, 48, 0, 401, 338, 409, 4095, 398
387, 385, 471, 222, 46, 0, 404, 339, 407, 4095, 400
388, 385, 464, 221, 48, 0, 400, 338, 407, 4095, 396
389, 385, 464, 224, 48, 0, 397, 339, 411, 4095, 395
387, 389, 467, 219, 50, 0, 402, 340, 413, 4095, 398
389, 385, 473, 221, 48, 0, 400, 339, 414, 4095, 394
389, 385, 465, 219, 49, 0, 400, 339, 409, 4095, 394
385, 385, 464, 224, 48, 0, 405, 335, 413, 4095, 400
386, 384, 467, 222, 49, 0, 403, 338, 405, 4095, 400
389, 384, 463, 225, 48, 0, 400, 339, 400, 4095, 391
387, 383, 468, 226, 48, 0, 401, 338, 405, 4095, 394
386, 384, 466, 221, 47, 0, 400, 342, 407, 4095, 400
386, 384, 467, 228, 48, 0, 402, 341, 407, 4095, 394
384, 387, 469, 223, 47, 0, 400, 339, 411, 4095, 398
388, 391, 466, 215, 51, 0, 401, 342, 413, 4095, 400
388, 387, 470, 222, 45, 0, 401, 341, 405, 4095, 400
414, 385, 466, 219, 49, 0, 402, 341, 412, 4095, 400
387, 385, 471, 223, 48, 0, 402, 338, 414, 4095, 395
386, 387, 465, 224, 48, 0, 400, 341, 413, 4095, 399
389, 386, 470, 225, 48, 0, 400, 338, 402, 4095, 392
387, 384, 463, 227, 49, 3, 400, 338, 411, 4095, 402
388, 391, 465, 224, 48, 0, 400, 336, 409, 4095, 399
388, 390, 467, 223, 48, 0, 400, 337, 409, 4095, 400
387, 387, 466, 221, 48, 0, 400, 339, 411, 4095, 397
387, 387, 465, 220, 48, 0, 400, 341, 405, 4095, 400
388, 391, 464, 218, 48, 0, 401, 339, 411, 4095, 400
387, 391, 469, 226, 48, 0, 405, 341, 405, 4095, 413
385, 394, 465, 219, 48, 0, 403, 337, 405, 4095, 399
385, 391, 464, 220, 47, 0, 400, 339, 405, 4095, 400
389, 389, 464, 222, 45, 0, 399, 338, 408, 4095, 398
390, 384, 467, 227, 48, 0, 403, 353, 407, 4095, 400
386, 392, 471, 245, 57, 0, 401, 341, 405, 4095, 392
388, 389, 470, 221, 48, 0, 401, 343, 382, 4095, 432
385, 394, 469, 223, 47, 0, 401, 340, 411, 4095, 395
390, 394, 469, 221, 48, 0, 402, 338, 410, 4095, 399
389, 387, 467, 223, 48, 0, 402, 337, 406, 4095, 400
389, 387, 468, 222, 48, 0, 402, 340, 411, 4095, 395
388, 386, 471, 224, 39, 0, 402, 336, 412, 4095, 395
387, 387, 465, 219, 48, 0, 401, 341, 405, 4095, 399
391, 389, 468, 221, 47, 0, 400, 339, 406, 4095, 400
390, 394, 469, 223, 48, 0, 401, 340, 402, 4095, 396
385, 395, 464, 227, 47, 0, 376, 341, 410, 4095, 395
387, 393, 463, 225, 48, 0, 400, 339, 409, 4095, 394
387, 437, 462, 220, 48, 0, 403, 342, 411, 4095, 394
385, 386, 468, 222, 48, 0, 403, 338, 407, 4095, 395
386, 388, 464, 226, 49, 0, 402, 336, 403, 4095, 392
388, 384, 439, 220, 48, 0, 400, 343, 411, 4095, 400
388, 391, 464, 219, 49, 0, 402, 350, 410, 4095, 394
388, 386, 464, 221, 47, 0, 400, 341, 400, 4095, 384
385, 359, 473, 225, 48, 0, 402, 341, 418, 4095, 412
390, 391, 464, 225, 48, 0, 400, 341, 406, 4095, 395
391, 389, 469, 221, 47, 0, 401, 338, 409, 4095, 391
387, 388, 484, 231, 48, 0, 400, 340, 404, 4095, 391
391, 389, 464, 219, 45, 0, 401, 364, 402, 4095, 395
387, 398, 464, 221, 48, 0, 400, 342, 410, 4095, 396
388, 389, 465, 221, 49, 0, 401, 336, 405, 4095, 404
374, 393, 465, 223, 47, 0, 401, 336, 407, 4095, 389
389, 390, 468, 221, 48, 0, 401, 336, 402, 4095, 394
386, 387, 465, 217, 49, 0, 402, 338, 406, 4095, 396
389, 387, 469, 224, 48, 0, 400, 338, 407, 4095, 384
386, 389, 467, 224, 48, 0, 400, 342, 406, 4095, 394
387, 393, 464, 223, 48, 0, 403, 341, 408, 4095, 398
382, 389, 462, 225, 48, 0, 400, 342, 402, 4095, 381
385, 389, 464, 229, 48, 0, 401, 341, 407, 4095, 393
389, 389, 464, 221, 48, 0, 402, 315, 409, 4095, 385
390, 393, 467, 228, 48, 0, 400, 337, 406, 4095, 396
387, 407, 464, 218, 48, 0, 382, 339, 401, 4095, 386
385, 386, 465, 230, 48, 0, 403, 336, 407, 4095, 387
389, 389, 464, 225, 48, 0, 400, 336, 401, 4095, 386
385, 387, 463, 222, 47, 0, 402, 336, 405, 4095, 385
388, 387, 463, 230, 48, 0, 400, 347, 403, 4095, 387
388, 389, 463, 226, 47, 0, 401, 338, 400, 4095, 389
386, 357, 463, 231, 48, 0, 404, 339, 413, 4095, 386
390, 389, 465, 232, 48, 0, 402, 340, 411, 4095, 385
388, 388, 465, 222, 48, 0, 401, 337, 401, 4095, 385
387, 389, 464, 228, 43, 0, 402, 336, 407, 4095, 386
390, 386, 462, 224, 48, 0, 402, 325, 400, 4095, 388
389, 387, 464, 221, 38, 0, 401, 341, 407, 4095, 395
386, 385, 464, 227, 49, 0, 400, 341, 401, 4095, 386
395, 385, 462, 226, 48, 0, 400, 336, 408, 4095, 385
390, 390, 464, 227, 48, 0, 403, 339, 407, 4095, 387
390, 386, 466, 223, 48, 0, 401, 342, 407, 4095, 389
389, 382, 464, 225, 48, 0, 402, 337, 409, 4095, 387
389, 389, 464, 231, 46, 0, 413, 339, 402, 4095, 389
387, 391, 464, 223, 49, 0, 403, 339, 410, 4095, 387
387, 386, 463, 230, 48, 0, 401, 340, 407, 4095, 391
386, 386, 471, 230, 48, 0, 406, 338, 407, 4095, 391
388, 386, 464, 226, 48, 0, 401, 338, 410, 4095, 386
390, 389, 469, 235, 46, 0, 401, 338, 407, 4095, 393
388, 442, 464, 230, 47, 0, 394, 339, 402, 4095, 394
388, 393, 467, 228, 47, 0, 402, 337, 410, 4095, 384
388, 387, 470, 224, 45, 0, 403, 339, 401, 4095, 386
389, 394, 467, 226, 48, 0, 401, 339, 405, 4095, 390
390, 389, 464, 225, 46, 0, 404, 339, 402, 4095, 395
385, 390, 465, 275, 50, 0, 403, 337, 407, 4095, 391
389, 389, 470, 222, 48, 0, 398, 342, 404, 4095, 397
385, 388, 466, 2