=~=~=~=~=~=~=~=~=~=~=~= PuTTY log 2024.03.25 11:02:21 =~=~=~=~=~=~=~=~=~=~=~=
smoke, etoh, odor, co, no2, nh3, voc, h2s, h2, hcho, ch4
299; 322; 467; 110; 41; 0; 293; 677; 345; 4095; 273
301; 317; 475; 107; 45; 0; 290; 682; 340; 4095; 272
304; 320; 467; 109; 42; 0; 289; 681; 350; 4095; 272
298; 322; 461; 111; 47; 0; 290; 675; 345; 4095; 270
304; 335; 463; 110; 48; 0; 294; 678; 342; 4095; 272
304; 326; 463; 105; 46; 0; 299; 678; 343; 4095; 273
302; 327; 464; 109; 48; 0; 293; 675; 347; 4095; 272
302; 322; 470; 103; 48; 0; 299; 678; 351; 4095; 277
297; 320; 464; 106; 48; 0; 291; 677; 342; 4095; 270
287; 326; 464; 107; 47; 0; 291; 682; 353; 4095; 278
290; 328; 463; 112; 49; 0; 291; 679; 354; 4095; 283
304; 322; 473; 105; 48; 0; 298; 675; 350; 4095; 273
300; 327; 463; 112; 48; 0; 294; 682; 353; 4095; 279
301; 325; 470; 110; 48; 0; 293; 675; 352; 4095; 275
301; 353; 464; 112; 47; 0; 293; 679; 359; 4095; 277
303; 329; 474; 112; 47; 0; 294; 679; 347; 4095; 272
300; 331; 464; 113; 48; 0; 293; 678; 356; 4095; 272
304; 326; 455; 109; 48; 0; 293; 683; 347; 4095; 277
303; 328; 475; 115; 46; 0; 293; 689; 362; 4095; 281
304; 327; 465; 125; 46; 0; 293; 680; 352; 4095; 273
302; 325; 464; 118; 48; 0; 292; 677; 361; 4095; 242
304; 326; 465; 112; 48; 0; 297; 686; 356; 4095; 272
302; 327; 464; 115; 48; 0; 292; 682; 354; 4095; 275
304; 326; 462; 113; 44; 0; 294; 682; 353; 4095; 272
304; 325; 466; 114; 48; 0; 294; 679; 352; 4095; 274
301; 327; 462; 115; 43; 0; 293; 679; 355; 4095; 283
298; 323; 464; 111; 45; 0; 300; 679; 358; 4095; 278
304; 329; 469; 109; 46; 0; 291; 679; 353; 4095; 282
304; 330; 506; 107; 48; 0; 300; 681; 355; 4095; 279
302; 327; 471; 109; 47; 0; 297; 678; 351; 4095; 285
304; 323; 474; 112; 80; 0; 292; 683; 361; 4095; 279
305; 326; 467; 107; 46; 0; 293; 686; 354; 4095; 277
299; 330; 464; 112; 48; 0; 287; 681; 355; 4095; 276
300; 330; 465; 112; 48; 0; 295; 685; 352; 4095; 278
304; 326; 466; 107; 48; 0; 299; 688; 351; 4095; 273
302; 323; 475; 111; 47; 0; 297; 677; 362; 4095; 276
303; 325; 466; 112; 43; 0; 294; 684; 362; 4095; 282
304; 323; 468; 112; 48; 0; 292; 683; 357; 4095; 272
304; 330; 464; 112; 48; 0; 299; 684; 355; 4095; 279
304; 330; 467; 109; 46; 0; 293; 682; 358; 4095; 285
301; 326; 464; 106; 47; 0; 299; 683; 366; 4095; 277
304; 329; 469; 115; 48; 0; 297; 682; 365; 4095; 275
304; 330; 465; 113; 48; 0; 297; 679; 358; 4095; 275
301; 327; 465; 112; 48; 0; 297; 687; 363; 4095; 287
304; 329; 467; 109; 51; 0; 291; 685; 353; 4095; 273
303; 331; 464; 118; 48; 0; 294; 679; 361; 4095; 278
301; 330; 471; 115; 47; 0; 296; 683; 359; 4095; 274
304; 333; 465; 112; 48; 0; 294; 681; 365; 4095; 279
303; 327; 462; 114; 46; 0; 299; 679; 359; 4095; 285
301; 327; 466; 112; 48; 0; 301; 679; 360; 4095; 276
304; 326; 470; 116; 49; 0; 296; 683; 358; 4095; 276
303; 328; 471; 111; 48; 0; 297; 682; 361; 4095; 284
304; 329; 465; 111; 48; 0; 301; 679; 364; 4095; 279
303; 327; 475; 118; 48; 0; 300; 682; 359; 4095; 275
303; 325; 467; 117; 45; 0; 293; 679; 364; 4095; 274
304; 333; 465; 107; 48; 0; 301; 685; 361; 4095; 283
301; 327; 465; 111; 48; 0; 294; 678; 357; 4095; 280
304; 327; 474; 114; 48; 0; 295; 683; 366; 4095; 285
303; 332; 464; 113; 47; 0; 299; 684; 367; 4095; 282
289; 330; 465; 115; 41; 0; 296; 678; 365; 4095; 282
288; 329; 465; 109; 48; 0; 300; 683; 357; 4095; 273
303; 326; 466; 107; 44; 0; 299; 673; 357; 4095; 275
303; 331; 469; 110; 46; 0; 297; 678; 363; 4095; 274
299; 327; 467; 103; 43; 0; 298; 675; 356; 4095; 273
304; 324; 466; 107; 46; 0; 288; 681; 352; 4095; 273
303; 321; 465; 106; 43; 0; 266; 676; 363; 4095; 273
301; 326; 469; 101; 44; 0; 289; 672; 356; 4095; 273
303; 324; 465; 106; 47; 0; 294; 674; 361; 4095; 270
302; 320; 464; 106; 42; 0; 295; 667; 361; 4095; 269
304; 323; 466; 110; 41; 0; 293; 711; 351; 4095; 269
298; 320; 464; 106; 44; 0; 292; 677; 367; 4095; 240
301; 321; 464; 105; 41; 0; 290; 677; 356; 4095; 270
301; 319; 464; 103; 45; 0; 290; 675; 341; 4095; 272
295; 315; 462; 103; 44; 0; 291; 677; 351; 4095; 272
298; 317; 464; 96; 44; 0; 289; 672; 347; 4095; 268
295; 321; 464; 96; 41; 0; 290; 704; 342; 4095; 266
301; 317; 460; 101; 37; 0; 291; 671; 349; 4095; 269
297; 318; 463; 100; 40; 0; 287; 667; 355; 4095; 269
297; 319; 448; 99; 43; 0; 292; 667; 346; 4095; 269
300; 318; 451; 98; 46; 0; 289; 670; 352; 4095; 271
297; 320; 458; 102; 15; 0; 288; 672; 349; 4095; 272
295; 320; 461; 106; 43; 0; 288; 670; 352; 4095; 270
297; 317; 462; 105; 39; 0; 290; 666; 347; 4095; 270
295; 321; 459; 103; 37; 0; 287; 672; 353; 4095; 273
294; 320; 463; 98; 46; 0; 286; 672; 352; 4095; 267
299; 320; 464; 98; 42; 0; 290; 677; 351; 4095; 270
297; 304; 459; 103; 45; 0; 292; 670; 345; 4095; 262
299; 319; 459; 106; 38; 0; 289; 677; 350; 4095; 272
295; 315; 461; 102; 41; 0; 289; 673; 356; 4095; 272
293; 315; 454; 96; 37; 0; 284; 669; 343; 4095; 266
298; 317; 452; 99; 39; 0; 287; 670; 346; 4095; 275
293; 314; 456; 97; 40; 0; 286; 665; 349; 4095; 272
293; 310; 454; 104; 43; 0; 272; 669; 349; 4095; 267
299; 316; 455; 101; 43; 0; 282; 674; 345; 4095; 262
295; 315; 463; 109; 44; 0; 285; 672; 346; 4095; 262
294; 316; 457; 94; 43; 0; 284; 665; 347; 4095; 262
293; 318; 457; 98; 41; 0; 282; 669; 348; 4095; 272
297; 314; 450; 100; 33; 0; 289; 670; 349; 4095; 270
289; 320; 462; 109; 35; 0; 282; 674; 340; 4095; 271
294; 319; 458; 102; 40; 0; 283; 663; 343; 4095; 270
289; 319; 451; 97; 42; 0; 282; 667; 347; 4095; 272
293; 318; 452; 97; 37; 0; 279; 669; 349; 4095; 274
297; 315; 458; 94; 43; 0; 286; 665; 344; 4095; 272
292; 315; 454; 97; 45; 0; 284; 665; 339; 4095; 272
289; 314; 454; 103; 42; 0; 286; 668; 345; 4095; 275
298; 317; 450; 109; 37; 0; 286; 671; 341; 4095; 272
292; 318; 463; 96; 38; 0; 285; 667; 349; 4095; 271
294; 315; 449; 103; 43; 0; 288; 668; 347; 4095; 272
294; 317; 458; 102; 41; 0; 284; 666; 345; 4095; 272
291; 315; 464; 109; 53; 0; 279; 661; 349; 4095; 270
292; 316; 459; 103; 46; 0; 282; 662; 345; 4095; 273
298; 317; 464; 107; 41; 0; 286; 660; 350; 4095; 268
299; 317; 462; 106; 45; 0; 284; 662; 347; 4095; 272
294; 315; 453; 98; 45; 0; 286; 663; 341; 4095; 272
293; 281; 455; 102; 42; 0; 285; 663; 345; 4095; 269
299; 311; 454; 96; 41; 0; 277; 669; 341; 4095; 268
293; 314; 464; 102; 46; 0; 286; 671; 348; 4095; 263
295; 317; 457; 105; 41; 0; 285; 665; 339; 4095; 272
297; 314; 453; 102; 47; 0; 284; 691; 338; 4095; 263
291; 320; 462; 99; 37; 0; 285; 666; 341; 4095; 269
298; 315; 457; 101; 43; 0; 282; 662; 346; 4095; 270
303; 319; 454; 103; 47; 0; 285; 663; 341; 4095; 268
290; 315; 453; 102; 45; 0; 283; 667; 346; 4095; 272
295; 312; 454; 97; 42; 0; 284; 670; 346; 4095; 272
293; 316; 462; 109; 43; 0; 286; 665; 342; 4095; 267
293; 318; 457; 104; 44; 0; 285; 666; 346; 4095; 263
297; 317; 452; 96; 35; 0; 282; 666; 349; 4095; 270
291; 319; 451; 100; 43; 0; 283; 667; 334; 4095; 272
291; 313; 464; 98; 43; 0; 286; 669; 344; 4095; 265
298; 318; 457; 107; 42; 0; 279; 664; 340; 4095; 260
294; 316; 448; 90; 39; 0; 283; 661; 338; 4095; 269
294; 312; 451; 101; 39; 0; 278; 670; 349; 4095; 265
293; 316; 453; 92; 40; 0; 284; 669; 337; 4095; 263
296; 311; 451; 94; 37; 0; 282; 670; 337; 4095; 271
293; 313; 458; 103; 45; 0; 285; 671; 346; 4095; 271
292; 312; 456; 100; 41; 0; 279; 667; 345; 4095; 266
292; 310; 452; 106; 51; 21; 285; 665; 339; 4095; 269
294; 309; 457; 97; 16; 0; 278; 671; 343; 4095; 268
294; 316; 449; 99; 41; 0; 286; 666; 344; 4095; 271
294; 319; 453; 97; 44; 0; 283; 670; 336; 4095; 262
295; 317; 448; 96; 39; 0; 283; 667; 346; 4095; 271
293; 314; 454; 106; 42; 0; 285; 672; 347; 4095; 272
294; 316; 446; 95; 41; 0; 288; 670; 349; 4095; 272
293; 330; 461; 96; 38; 0; 294; 671; 340; 4095; 270
295; 318; 459; 100; 43; 0; 288; 671; 339; 4095; 268
290; 317; 459; 102; 43; 0; 284; 671; 347; 4095; 270
293; 316; 448; 101; 46; 0; 285; 668; 338; 4095; 265
294; 318; 454; 103; 42; 0; 283; 677; 338; 4095; 268
277; 317; 464; 105; 45; 0; 287; 668; 359; 4095; 262
302; 316; 451; 96; 47; 0; 284; 669; 359; 4095; 272
298; 318; 451; 102; 39; 0; 289; 669; 343; 4095; 269
295; 313; 462; 103; 44; 0; 284; 662; 345; 4095; 267
297; 315; 449; 99; 41; 0; 282; 667; 341; 4095; 272
298; 318; 451; 94; 42; 0; 285; 669; 342; 4095; 261
294; 316; 453; 105; 45; 0; 284; 669; 339; 4095; 269
299; 313; 458; 99; 41; 0; 279; 661; 346; 4095; 272
293; 317; 432; 105; 39; 0; 286; 666; 341; 4095; 271
291; 315; 457; 102; 41; 0; 283; 669; 347; 4095; 266
295; 315; 453; 101; 38; 0; 283; 664; 338; 4095; 272
295; 309; 459; 112; 39; 0; 285; 663; 340; 4095; 318
293; 315; 458; 93; 43; 0; 281; 666; 340; 4095; 272
297; 318; 452; 102; 42; 0; 286; 671; 336; 4095; 268
295; 314; 451; 99; 45; 0; 278; 661; 347; 4095; 273
294; 313; 453; 101; 42; 0; 288; 669; 336; 4095; 270
295; 313; 452; 101; 39; 0; 279; 667; 337; 4095; 267
293; 318; 454; 106; 42; 0; 285; 668; 341; 4095; 272
297; 315; 458; 99; 46; 0; 287; 667; 339; 4095; 268
293; 315; 458; 101; 45; 0; 287; 666; 336; 4095; 269
298; 320; 451; 105; 48; 0; 291; 669; 338; 4095; 267
292; 317; 454; 99; 41; 0; 284; 662; 336; 4095; 269
295; 317; 449; 105; 46; 0; 285; 669; 342; 4095; 265
297; 320; 451; 96; 48; 0; 288; 668; 339; 4095; 270
294; 321; 454; 101; 45; 0; 282; 666; 341; 4095; 269
298; 317; 463; 94; 45; 0; 287; 663; 343; 4095; 267
294; 318; 451; 101; 43; 0; 286; 679; 336; 4095; 269
296; 317; 456; 102; 43; 0; 289; 653; 341; 4095; 262
293; 320; 453; 99; 44; 0; 289; 670; 339; 4095; 272
295; 320; 457; 101; 47; 0; 285; 666; 342; 4095; 271
298; 320; 448; 101; 46; 0; 283; 663; 336; 4095; 272
298; 320; 454; 105; 46; 0; 288; 661; 342; 4095; 263
297; 320; 453; 74; 41; 0; 287; 668; 342; 4095; 272
293; 318; 457; 99; 41; 0; 284; 666; 337; 4095; 271
297; 320; 457; 106; 47; 0; 289; 663; 336; 4095; 267
297; 319; 453; 106; 42; 0; 287; 663; 342; 4095; 264
297; 315; 454; 98; 46; 0; 282; 662; 340; 4095; 272
294; 318; 466; 97; 47; 0; 285; 665; 344; 4095; 272
299; 317; 455; 97; 48; 0; 286; 662; 339; 4095; 270
294; 317; 450; 108; 36; 0; 284; 663; 343; 4095; 243
297; 318; 451; 97; 43; 0; 281; 668; 315; 4095; 267
295; 316; 459; 101; 45; 0; 286; 663; 342; 4095; 269
295; 319; 450; 101; 46; 0; 287; 657; 346; 4095; 267
296; 320; 462; 108; 44; 0; 288; 663; 343; 4095; 268
296; 320; 453; 105; 47; 0; 287; 660; 347; 4095; 269
295; 311; 454; 107; 46; 0; 283; 665; 347; 4095; 269
297; 318; 448; 103; 47; 0; 282; 663; 345; 4095; 267
298; 321; 450; 107; 45; 0; 282; 664; 339; 4095; 272
300; 319; 452; 111; 46; 0; 287; 663; 341; 4095; 272
298; 315; 455; 104; 39; 0; 289; 659; 340; 4095; 272
299; 319; 455; 103; 42; 0; 286; 665; 343; 4095; 272
297; 314; 450; 98; 45; 0; 282; 665; 315; 4095; 227
293; 319; 449; 100; 41; 0; 284; 660; 336; 4095; 269
293; 317; 459; 107; 47; 0; 286; 658; 338; 4095; 274
302; 317; 448; 107; 41; 0; 281; 662; 341; 4095; 272
299; 317; 452; 100; 43; 0; 281; 660; 339; 4095; 273
294; 320; 451; 107; 48; 0; 282; 657; 348; 4095; 272
295; 316; 455; 101; 42; 0; 286; 663; 343; 4095; 267
299; 317; 455; 97; 48; 0; 288; 657; 341; 4095; 273
297; 323; 443; 107; 44; 0; 283; 659; 347; 4095; 271
297; 318; 459; 99; 53; 0; 284; 658; 345; 4095; 273
279; 315; 449; 101; 45; 0; 287; 665; 345; 4095; 239
293; 320; 451; 107; 45; 0; 288; 657; 348; 4095; 269
295; 322; 446; 105; 47; 0; 285; 663; 349; 4095; 271
290; 320; 454; 105; 44; 0; 287; 658; 341; 4095; 267
299; 323; 452; 108; 46; 0; 287; 658; 343; 4095; 272
295; 324; 450; 109; 48; 0; 283; 662; 347; 4095; 267
297; 321; 452; 108; 47; 0; 286; 660; 337; 4095; 267
295; 323; 453; 103; 42; 0; 288; 661; 345; 4095; 269
298; 322; 455; 102; 48; 0; 291; 662; 342; 4095; 267
296; 321; 453; 103; 43; 0; 288; 661; 345; 4095; 272
296; 323; 459; 101; 46; 0; 286; 663; 350; 4095; 272
295; 306; 453; 103; 48; 0; 286; 658; 339; 4095; 271
291; 325; 450; 105; 48; 0; 287; 657; 350; 4095; 270
298; 322; 455; 103; 46; 0; 284; 656; 348; 4095; 267
295; 319; 450; 97; 48; 0; 283; 665; 349; 4095; 269
298; 323; 452; 101; 46; 0; 285; 661; 345; 4095; 267
299; 320; 456; 101; 45; 0; 288; 660; 350; 4095; 272
298; 320; 451; 103; 41; 0; 288; 659; 339; 4095; 269
301; 320; 449; 99; 48; 0; 285; 666; 347; 4095; 267
299; 321; 458; 107; 45; 0; 288; 663; 342; 4095; 263
300; 321; 448; 107; 44; 0; 288; 658; 338; 4095; 276
297; 324; 450; 61; 45; 0; 281; 658; 341; 4095; 274
298; 320; 453; 106; 45; 0; 278; 657; 343; 4095; 269
295; 320; 449; 108; 44; 0; 286; 661; 346; 4095; 268
296; 321; 448; 109; 47; 0; 287; 657; 341; 4095; 272
300; 324; 448; 99; 48; 0; 286; 660; 343; 4095; 272
297; 324; 464; 110; 48; 0; 285; 656; 347; 4095; 270
299; 322; 451; 94; 41; 0; 287; 665; 339; 4095; 274
297; 321; 453; 112; 48; 0; 288; 661; 361; 4095; 249
301; 325; 453; 102; 46; 0; 288; 658; 340; 4095; 240
299; 320; 448; 102; 44; 0; 289; 658; 343; 4095; 272
302; 323; 447; 101; 48; 0; 285; 662; 349; 4095; 269
303; 320; 457; 95; 47; 0; 289; 656; 339; 4095; 270
298; 355; 452; 103; 48; 0; 292; 658; 346; 4095; 265
295; 322; 458; 100; 45; 0; 287; 662; 342; 4095; 273
297; 323; 453; 97; 41; 0; 290; 659; 348; 4095; 270
297; 326; 452; 103; 44; 0; 285; 658; 341; 4095; 272
297; 322; 454; 99; 48; 0; 284; 660; 338; 4095; 271
300; 324; 453; 108; 45; 0; 283; 662; 336; 4095; 270
289; 323; 455; 102; 45; 0; 290; 661; 347; 4095; 272
304; 320; 458; 105; 38; 0; 288; 661; 342; 4095; 272
299; 320; 449; 103; 47; 0; 287; 660; 337; 4095; 269
303; 322; 457; 96; 45; 0; 282; 656; 347; 4095; 267
298; 319; 448; 97; 39; 0; 286; 658; 349; 4095; 265
298; 319; 455; 97; 47; 0; 285; 657; 339; 4095; 272
294; 323; 447; 100; 46; 0; 288; 656; 345; 4095; 268
300; 320; 447; 102; 45; 0; 288; 654; 346; 4095; 272
297; 323; 452; 103; 46; 0; 286; 656; 338; 4095; 264
294; 321; 454; 99; 41; 0; 282; 655; 343; 4095; 272
297; 322; 452; 102; 45; 0; 286; 651; 339; 4095; 272
296; 320; 447; 103; 43; 0; 283; 655; 343; 4095; 259
294; 322; 449; 105; 44; 0; 272; 656; 350; 4095; 263
293; 321; 455; 107; 38; 0; 283; 656; 346; 4095; 271
295; 324; 449; 100; 45; 0; 284; 658; 345; 4095; 263
299; 321; 446; 110; 44; 0; 284; 656; 346; 4095; 270
290; 320; 448; 107; 43; 0; 282; 673; 336; 4095; 263
294; 320; 447; 106; 41; 0; 288; 653; 336; 4095; 271
294; 323; 448; 99; 46; 0; 286; 656; 339; 4095; 268
291; 320; 431; 107; 46; 0; 284; 657; 345; 4095; 269
291; 320; 449; 97; 45; 0; 283; 654; 349; 4095; 272
293; 318; 449; 142; 46; 0; 282; 653; 344; 4095; 272
293; 304; 447; 101; 41; 0; 286; 654; 344; 4095; 267
292; 325; 449; 102; 43; 0; 286; 656; 338; 4095; 266
295; 322; 449; 108; 45; 0; 288; 655; 343; 4095; 266
297; 320; 447; 105; 45; 0; 287; 658; 349; 4095; 268
291; 317; 445; 103; 42; 0; 286; 656; 342; 4095; 272
289; 321; 448; 100; 55; 16; 287; 659; 346; 4095; 273
296; 317; 446; 101; 46; 0; 285; 657; 366; 4095; 273
297; 321; 450; 109; 37; 0; 287; 656; 320; 4095; 272
293; 320; 448; 108; 41; 0; 282; 653; 345; 4095; 272
289; 320; 450; 99; 47; 0; 285; 657; 349; 4095; 274
293; 318; 448; 99; 39; 0; 285; 659; 342; 4095; 269
294; 320; 449; 109; 44; 0; 288; 656; 345; 4095; 272
293; 288; 445; 105; 39; 0; 283; 656; 338; 4095; 272
298; 319; 447; 106; 41; 0; 288; 658; 343; 4095; 272
293; 320; 452; 103; 39; 0; 285; 655; 339; 4095; 273
297; 319; 446; 105; 44; 0; 279; 656; 347; 4095; 272
291; 320; 448; 98; 43; 0; 286; 638; 347; 4095; 272
295; 316; 448; 99; 46; 0; 282; 655; 318; 4095; 274
293; 320; 449; 103; 39; 0; 288; 655; 347; 4095; 272
290; 317; 447; 105; 45; 0; 282; 656; 340; 4095; 273
293; 321; 445; 106; 41; 0; 283; 655; 347; 4095; 273
290; 320; 444; 111; 46; 0; 283; 653; 346; 4095; 270
291; 321; 450; 97; 39; 0; 284; 654; 347; 4095; 272
294; 322; 441; 103; 42; 0; 281; 649; 343; 4095; 271
290; 320; 444; 101; 46; 0; 277; 656; 345; 4095; 263
294; 322; 454; 98; 45; 0; 281; 656; 346; 4095; 272
293; 320; 496; 109; 47; 0; 282; 653; 351; 4095; 271
292; 320; 451; 112; 39; 0; 287; 656; 350; 4095; 269
290; 323; 450; 105; 38; 0; 286; 655; 345; 4095; 270
289; 326; 448; 108; 42; 0; 285; 656; 352; 4095; 272
291; 325; 449; 107; 45; 0; 285; 653; 351; 4095; 266
293; 321; 447; 107; 43; 0; 284; 656; 350; 4095; 269
292; 321; 453; 106; 46; 0; 283; 651; 352; 4095; 272
297; 320; 448; 101; 48; 0; 283; 650; 352; 4095; 269
291; 326; 442; 107; 20; 0; 282; 653; 354; 4095; 270
293; 327; 451; 107; 48; 0; 284; 656; 350; 4095; 277
290; 320; 448; 112; 43; 0; 285; 656; 351; 4095; 270
294; 323; 448; 107; 45; 0; 288; 656; 346; 4095; 272
295; 324; 453; 108; 47; 0; 287; 654; 348; 4095; 277
290; 325; 451; 108; 45; 0; 287; 656; 345; 4095; 272
290; 306; 453; 103; 41; 0; 283; 653; 352; 4095; 272
292; 330; 456; 106; 48; 0; 290; 656; 343; 4095; 270
293; 327; 455; 99; 48; 0; 288; 651; 352; 4095; 279
295; 327; 446; 108; 42; 0; 288; 655; 350; 4095; 274
297; 326; 449; 102; 47; 0; 286; 653; 346; 4095; 271
295; 326; 453; 110; 48; 0; 290; 655; 345; 4095; 281
290; 329; 449; 110; 48; 0; 288; 651; 357; 4095; 262
295; 324; 450; 101; 47; 0; 287; 646; 342; 4095; 272
294; 325; 448; 101; 45; 0; 290; 655; 348; 4095; 272
295; 327; 449; 107; 46; 0; 283; 649; 347; 4095; 272
295; 325; 450; 68; 43; 0; 288; 651; 343; 4095; 272
298; 325; 451; 100; 46; 0; 288; 651; 347; 4095; 272
292; 322; 449; 99; 41; 0; 282; 647; 342; 4095; 275
291; 321; 454; 106; 43; 0; 285; 649; 342; 4095; 272
299; 323; 448; 104; 43; 0; 283; 649; 342; 4095; 272
297; 321; 448; 101; 40; 0; 280; 655; 346; 4095; 272
291; 321; 451; 97; 16; 0; 281; 655; 342; 4095; 274
295; 321; 449; 105; 45; 0; 283; 654; 348; 4095; 275
295; 320; 451; 99; 46; 0; 282; 649; 338; 4095; 267
292; 321; 451; 94; 45; 0; 285; 654; 343; 4095; 272
294; 321; 448; 98; 46; 0; 287; 653; 346; 4095; 272
291; 323; 449; 92; 45; 0; 284; 653; 343; 4095; 268
292; 333; 447; 99; 41; 0; 286; 645; 347; 4095; 269
292; 320; 448; 96; 42; 0; 286; 648; 346; 4095; 271
297; 322; 450; 100; 39; 0; 283; 650; 346; 4095; 272
293; 320; 446; 104; 41; 0; 286; 640; 343; 4095; 265
294; 318; 451; 99; 46; 0; 284; 656; 351; 4095; 272
294; 320; 448; 100; 40; 0; 287; 647; 343; 4095; 265
292; 320; 448; 98; 42; 0; 281; 645; 343; 4095; 270
291; 313; 445; 100; 36; 0; 277; 646; 348; 4095; 267
290; 321; 447; 97; 41; 0; 279; 647; 346; 4095; 261
290; 318; 443; 94; 37; 0; 282; 647; 336; 4095; 266
290; 315; 446; 98; 41; 0; 281; 645; 346; 4095; 267
289; 311; 440; 96; 36; 0; 279; 642; 347; 4095; 265
288; 315; 447; 96; 40; 0; 282; 642; 346; 4095; 263
289; 318; 442; 100; 42; 0; 276; 640; 337; 4095; 258
291; 313; 432; 98; 42; 0; 277; 650; 336; 4095; 269
290; 311; 439; 90; 47; 0; 272; 643; 342; 4095; 256
291; 314; 436; 102; 47; 0; 275; 641; 342; 4095; 272
286; 315; 443; 98; 39; 0; 279; 645; 336; 4095; 263
286; 318; 436; 93; 40; 0; 274; 643; 338; 4095; 261
289; 311; 439; 90; 38; 0; 275; 649; 341; 4095; 270
286; 314; 443; 94; 42; 0; 277; 646; 338; 4095; 263
288; 349; 446; 102; 41; 0; 275; 645; 338; 4095; 263
287; 316; 438; 102; 43; 0; 305; 646; 337; 4095; 270
289; 313; 439; 90; 41; 0; 274; 645; 343; 4095; 265
288; 317; 435; 99; 44; 0; 278; 641; 342; 4095; 268
287; 316; 441; 93; 39; 0; 278; 645; 340; 4095; 269
285; 318; 434; 90; 45; 0; 279; 646; 338; 4095; 266
283; 318; 441; 108; 40; 0; 275; 644; 342; 4095; 263
288; 315; 435; 100; 42; 0; 281; 641; 352; 4095; 272
288; 316; 438; 97; 47; 0; 274; 640; 346; 4095; 265
289; 316; 446; 98; 44; 0; 277; 645; 346; 4095; 262
289; 314; 444; 102; 42; 0; 275; 646; 336; 4095; 261
288; 318; 443; 99; 44; 0; 278; 638; 337; 4095; 268
288; 318; 443; 97; 45; 0; 281; 643; 345; 4095; 272
290; 317; 441; 102; 39; 0; 275; 642; 343; 4095; 266
287; 316; 439; 100; 45; 0; 279; 639; 338; 4095; 272
290; 319; 441; 105; 46; 0; 279; 645; 342; 4095; 267
290; 317; 441; 91; 37; 0; 283; 641; 346; 4095; 267
287; 317; 447; 73; 41; 0; 277; 645; 336; 4095; 311
289; 318; 444; 102; 45; 0; 280; 640; 340; 4095; 262
288; 320; 440; 109; 43; 0; 278; 641; 337; 4095; 263
292; 318; 445; 96; 41; 0; 279; 640; 336; 4095; 263
292; 321; 435; 95; 45; 0; 281; 640; 336; 4095; 272
289; 321; 447; 96; 44; 0; 284; 637; 341; 4095; 269
288; 320; 445; 97; 37; 0; 282; 649; 339; 4095; 271
290; 317; 446; 102; 43; 0; 282; 645; 346; 4095; 268
285; 320; 445; 99; 47; 0; 281; 643; 341; 4095; 267
290; 321; 443; 99; 46; 0; 285; 646; 342; 4095; 269
291; 318; 445; 98; 44; 0; 282; 645; 341; 4095; 272
285; 304; 438; 102; 44; 0; 288; 646; 336; 4095; 272
291; 311; 447; 96; 46; 0; 287; 647; 341; 4095; 271
291; 319; 447; 97; 45; 0; 282; 649; 338; 4095; 271
288; 323; 445; 99; 47; 0; 281; 649; 342; 4095; 272
292; 320; 451; 101; 37; 0; 277; 655; 339; 4095; 265
288; 322; 447; 103; 45; 0; 284; 649; 351; 4095; 263
289; 318; 443; 96; 45; 0; 281; 643; 339; 4095; 262
310; 317; 449; 103; 42; 0; 286; 641; 344; 4095; 264
290; 319; 443; 102; 42; 0; 279; 643; 339; 4095; 269
288; 321; 446; 95; 38; 0; 283; 642; 346; 4095; 264
291; 321; 450; 106; 47; 0; 285; 641; 339; 4095; 269
293; 317; 443; 99; 43; 0; 279; 643; 343; 4095; 261
294; 323; 443; 99; 44; 0; 288; 644; 342; 4095; 270
292; 325; 444; 101; 39; 0; 283; 645; 339; 4095; 261
293; 319; 446; 99; 45; 0; 283; 641; 345; 4095; 269
291; 322; 445; 103; 39; 0; 284; 618; 348; 4095; 272
293; 321; 443; 102; 32; 0; 285; 644; 342; 4095; 267
287; 320; 443; 106; 39; 0; 284; 643; 342; 4095; 263
290; 321; 441; 104; 46; 0; 283; 646; 348; 4095; 241
290; 327; 447; 107; 48; 0; 287; 637; 349; 4095; 270
292; 324; 449; 112; 45; 0; 289; 641; 348; 4095; 273
293; 326; 448; 112; 46; 0; 283; 639; 349; 4095; 272
292; 330; 451; 107; 45; 0; 297; 644; 353; 4095; 273
293; 325; 449; 109; 43; 0; 286; 644; 350; 4095; 270
295; 322; 441; 112; 47; 0; 284; 643; 354; 4095; 274
290; 322; 442; 107; 47; 0; 286; 641; 349; 4095; 274
295; 327; 446; 110; 48; 0; 285; 639; 342; 4095; 276
292; 325; 446; 119; 76; 0; 290; 640; 349; 4095; 279
287; 323; 446; 107; 46; 0; 288; 641; 354; 4095; 275
273; 327; 445; 112; 42; 0; 287; 645; 347; 4095; 271
295; 324; 446; 112; 45; 0; 290; 646; 355; 4095; 272
293; 324; 445; 112; 46; 0; 286; 641; 351; 4095; 274
294; 323; 442; 111; 39; 0; 282; 640; 349; 4095; 280
294; 320; 446; 102; 47; 0; 282; 641; 355; 4095; 270
293; 321; 448; 111; 47; 0; 283; 640; 348; 4095; 274
291; 322; 449; 107; 45; 0; 285; 643; 355; 4095; 273
293; 323; 449; 107; 44; 0; 283; 643; 352; 4095; 272
291; 323; 446; 107; 39; 0; 282; 643; 349; 4095; 270
292; 325; 448; 107; 53; 0; 282; 641; 348; 4095; 272
298; 323; 439; 108; 15; 0; 286; 642; 342; 4095; 279
294; 325; 446; 100; 45; 0; 282; 642; 351; 4095; 261
297; 325; 444; 107; 48; 0; 283; 641; 351; 4095; 272
294; 320; 445; 99; 42; 0; 283; 640; 350; 4095; 272
295; 323; 439; 108; 39; 0; 281; 638; 350; 4095; 272
289; 323; 451; 110; 41; 0; 286; 645; 355; 4095; 272
291; 324; 439; 106; 42; 0; 288; 640; 352; 4095; 268
294; 321; 447; 109; 48; 0; 283; 641; 352; 4095; 277
296; 323; 447; 107; 45; 0; 286; 637; 353; 4095; 281
293; 325; 441; 99; 44; 0; 286; 639; 349; 4095; 272
294; 321; 442; 105; 22; 0; 281; 641; 345; 4095; 272
301; 319; 445; 110; 46; 0; 289; 635; 354; 4095; 275
291; 325; 447; 109; 43; 0; 285; 631; 354; 4095; 272
298; 321; 445; 106; 46; 0; 284; 635; 347; 4095; 269
298; 324; 444; 97; 48; 0; 282; 641; 348; 4095; 266
295; 326; 442; 103; 44; 0; 284; 642; 355; 4095; 272
293; 321; 442; 94; 46; 0; 285; 643; 350; 4095; 274
293; 319; 450; 103; 42; 0; 284; 640; 354; 4095; 272
298; 324; 435; 108; 48; 0; 283; 639; 347; 4095; 267
299; 320; 455; 102; 41; 0; 287; 642; 359; 4095; 270
297; 321; 436; 96; 39; 0; 285; 640; 348; 4095; 272
295; 322; 447; 91; 44; 0; 289; 640; 347; 4095; 267
294; 319; 449; 105; 45; 0; 286; 639; 341; 4095; 287
291; 320; 449; 92; 42; 0; 279; 636; 351; 4095; 272
293; 320; 445; 100; 43; 0; 283; 644; 344; 4095; 260
290; 318; 445; 98; 42; 0; 282; 635; 344; 4095; 269
297; 320; 447; 92; 39; 0; 280; 635; 352; 4095; 268
290; 317; 445; 98; 43; 0; 283; 667; 341; 4095; 269
290; 320; 443; 101; 38; 0; 277; 639; 339; 4095; 271
293; 317; 438; 91; 41; 0; 282; 642; 347; 4095; 255
288; 317; 436; 94; 41; 0; 277; 640; 337; 4095; 267
290; 315; 447; 93; 42; 0; 279; 631; 344; 4095; 263
290; 311; 439; 96; 39; 0; 274; 640; 351; 4095; 261
288; 314; 447; 102; 37; 0; 283; 632; 340; 4095; 262
289; 316; 432; 92; 40; 0; 278; 629; 348; 4095; 265
288; 313; 435; 101; 37; 0; 273; 638; 341; 4095; 265
289; 311; 438; 95; 39; 0; 282; 635; 345; 4095; 272
287; 317; 438; 100; 43; 0; 278; 634; 344; 4095; 266
288; 314; 435; 99; 41; 0; 275; 635; 341; 4095; 265
293; 319; 439; 103; 38; 18; 278; 635; 340; 4095; 266
286; 315; 438; 101; 37; 0; 274; 634; 346; 4095; 265
289; 320; 450; 98; 41; 0; 275; 638; 343; 4095; 263
289; 317; 443; 98; 37; 0; 277; 636; 346; 4095; 270
285; 317; 439; 113; 41; 0; 275; 631; 342; 4095; 267
289; 318; 432; 99; 37; 0; 263; 635; 347; 4095; 267
287; 313; 433; 99; 39; 0; 275; 635; 345; 4095; 270
288; 319; 438; 99; 43; 0; 278; 639; 349; 4095; 269
289; 316; 439; 105; 38; 0; 279; 631; 350; 4095; 265
291; 317; 438; 110; 38; 0; 279; 628; 349; 4095; 272
287; 313; 441; 101; 42; 0; 276; 630; 348; 4095; 267
285; 315; 443; 101; 41; 0; 277; 638; 380; 4095; 272
285; 311; 443; 105; 41; 0; 278; 639; 320; 4095; 272
291; 315; 442; 105; 44; 0; 274; 638; 350; 4095; 271
289; 320; 438; 97; 47; 0; 277; 640; 351; 4095; 271
291; 312; 435; 107; 39; 0; 275; 637; 339; 4095; 272
292; 320; 439; 97; 40; 0; 279; 634; 339; 4095; 271
289; 299; 438; 98; 41; 0; 282; 631; 342; 4095; 272
294; 317; 439; 102; 44; 0; 277; 637; 355; 4095; 269
293; 320; 443; 106; 48; 0; 278; 640; 341; 4095; 271
288; 318; 437; 100; 40; 0; 279; 637; 349; 4095; 273
289; 318; 439; 109; 38; 0; 278; 641; 347; 4095; 266
291; 314; 443; 108; 10; 0; 274; 640; 348; 4095; 272
294; 314; 435; 102; 46; 0; 279; 636; 343; 4095; 267
289; 320; 437; 106; 45; 0; 275; 634; 352; 4095; 265
291; 317; 432; 102; 43; 0; 279; 640; 350; 4095; 271
290; 314; 435; 109; 45; 0; 277; 639; 355; 4095; 267
290; 315; 432; 111; 40; 0; 257; 635; 352; 4095; 272
293; 316; 432; 103; 42; 0; 282; 639; 344; 4095; 274
293; 317; 445; 101; 43; 0; 281; 636; 348; 4095; 267
290; 320; 442; 109; 38; 0; 279; 638; 350; 4095; 267
293; 318; 433; 106; 41; 0; 277; 618; 348; 4095; 271
292; 318; 443; 99; 42; 0; 277; 637; 348; 4095; 272
293; 315; 443; 101; 43; 0; 274; 635; 352; 4095; 257
291; 318; 440; 110; 39; 0; 277; 631; 357; 4095; 279
293; 315; 439; 112; 39; 0; 282; 637; 345; 4095; 272
292; 320; 438; 99; 44; 0; 282; 631; 342; 4095; 270
295; 317; 440; 101; 43; 0; 274; 638; 347; 4095; 270
293; 313; 444; 106; 45; 0; 279; 638; 353; 4095; 273
290; 314; 442; 102; 41; 0; 282; 636; 357; 4095; 271
295; 316; 438; 106; 42; 0; 277; 637; 346; 4095; 267
294; 317; 432; 101; 41; 0; 279; 640; 347; 4095; 272
293; 308; 436; 105; 42; 0; 275; 635; 352; 4095; 268
288; 315; 436; 101; 16; 0; 275; 631; 346; 4095; 275
270; 311; 435; 85; 43; 0; 272; 634; 350; 4095; 270
291; 314; 436; 96; 45; 0; 277; 636; 352; 4095; 272
287; 309; 438; 107; 39; 0; 273; 630; 347; 4095; 272
291; 309; 437; 105; 43; 0; 273; 635; 354; 4095; 270
289; 308; 432; 98; 38; 0; 279; 631; 353; 4095; 271
286; 309; 432; 97; 37; 0; 273; 634; 346; 4095; 259
286; 310; 432; 93; 43; 0; 272; 628; 350; 4095; 265
290; 311; 438; 97; 44; 0; 275; 636; 342; 4095; 272
285; 311; 443; 103; 42; 0; 276; 629; 354; 4095; 265
288; 309; 411; 102; 36; 0; 274; 631; 349; 4095; 275
290; 311; 433; 107; 45; 0; 272; 635; 355; 4095; 271
290; 311; 432; 99; 41; 0; 274; 634; 350; 4095; 274
288; 315; 438; 102; 43; 0; 272; 638; 348; 4095; 272
287; 314; 433; 98; 42; 0; 273; 631; 347; 4095; 272
290; 313; 441; 103; 41; 0; 275; 637; 349; 4095; 277
291; 315; 432; 103; 48; 0; 278; 638; 345; 4095; 270
289; 313; 433; 107; 39; 0; 275; 630; 350; 4095; 268
289; 320; 441; 98; 46; 0; 277; 635; 345; 4095; 265
283; 316; 435; 105; 43; 0; 273; 633; 343; 4095; 265
290; 314; 441; 105; 42; 0; 277; 630; 354; 4095; 269
289; 312; 438; 99; 39; 0; 279; 634; 347; 4095; 272
292; 315; 433; 138; 42; 0; 281; 635; 345; 4095; 272
290; 310; 432; 101; 44; 0; 279; 630; 343; 4095; 267
293; 311; 435; 108; 43; 0; 276; 631; 342; 4095; 270
288; 317; 432; 99; 43; 0; 278; 637; 347; 4095; 274
288; 318; 438; 106; 46; 0; 272; 627; 349; 4095; 276
292; 314; 443; 107; 43; 0; 272; 636; 355; 4095; 270
293; 311; 432; 98; 42; 0; 280; 631; 342; 4095; 269
293; 318; 436; 103; 39; 0; 272; 629; 349; 4095; 267
289; 313; 435; 103; 39; 0; 278; 631; 349; 4095; 269
292; 309; 433; 96; 43; 0; 273; 631; 342; 4095; 272
290; 311; 432; 99; 42; 0; 275; 633; 349; 4095; 266
289; 311; 432; 110; 33; 0; 277; 631; 350; 4095; 272
291; 314; 432; 107; 38; 0; 274; 631; 346; 4095; 268
293; 295; 434; 97; 40; 0; 306; 630; 352; 4095; 272
291; 311; 433; 107; 45; 0; 272; 639; 345; 4095; 274
291; 313; 434; 102; 42; 0; 276; 629; 345; 4095; 266
290; 309; 432; 98; 42; 0; 273; 631; 343; 4095; 272
291; 311; 437; 96; 35; 0; 273; 628; 353; 4095; 272
291; 315; 432; 103; 37; 0; 273; 627; 342; 4095; 270
289; 311; 439; 99; 43; 0; 274; 630; 340; 4095; 292
289; 310; 436; 101; 36; 0; 275; 628; 346; 4095; 272
288; 314; 432; 109; 37; 0; 275; 630; 346; 4095; 272
291; 311; 442; 75; 37; 0; 272; 634; 346; 4095; 263
290; 298; 436; 109; 43; 0; 272; 633; 343; 4095; 266
293; 309; 428; 98; 43; 0; 273; 634; 345; 4095; 274
290; 315; 431; 103; 39; 0; 274; 631; 352; 4095; 272
287; 315; 437; 109; 42; 0; 274; 627; 349; 4095; 269
290; 315; 433; 106; 40; 0; 273; 626; 351; 4095; 272
291; 311; 433; 110; 16; 0; 279; 631; 347; 4095; 272
294; 315; 437; 112; 45; 0; 273; 627; 342; 4095; 314
290; 311; 432; 110; 40; 0; 277; 631; 346; 4095; 271
289; 314; 442; 103; 39; 0; 278; 627; 352; 4095; 274
290; 313; 432; 101; 47; 0; 277; 626; 349; 4095; 270
291; 321; 431; 107; 38; 0; 275; 624; 346; 4095; 274
288; 322; 437; 99; 42; 0; 304; 625; 343; 4095; 275
290; 317; 443; 101; 45; 0; 274; 629; 349; 4095; 275
289; 319; 432; 102; 43; 0; 276; 626; 353; 4095; 272
290; 313; 432; 101; 42; 0; 276; 624; 352; 4095; 263
289; 318; 442; 102; 46; 0; 281; 622; 349; 4095; 266
289; 317; 434; 80; 42; 0; 279; 626; 345; 4095; 266
289; 318; 439; 95; 45; 0; 273; 629; 353; 4095; 260
287; 317; 433; 107; 44; 0; 274; 628; 350; 4095; 272
288; 318; 438; 99; 46; 0; 278; 624; 345; 4095; 272
289; 318; 430; 103; 45; 0; 273; 626; 347; 4095; 271
290; 317; 438; 101; 47; 0; 275; 625; 343; 4095; 272
288; 318; 432; 93; 43; 0; 273; 621; 351; 4095; 267
287; 313; 435; 99; 46; 0; 273; 626; 346; 4095; 272
286; 314; 433; 95; 43; 0; 277; 629; 340; 4095; 265
290; 315; 432; 96; 42; 0; 277; 624; 345; 4095; 267
291; 313; 419; 96; 37; 0; 273; 624; 353; 4095; 266
289; 315; 432; 103; 45; 0; 274; 624; 346; 4095; 262
290; 315; 432; 103; 41; 0; 275; 624; 342; 4095; 265
289; 314; 436; 108; 43; 0; 276; 624; 340; 4095; 268
288; 315; 437; 97; 43; 0; 277; 623; 350; 4095; 271
288; 316; 436; 103; 42; 0; 274; 624; 345; 4095; 266
288; 310; 432; 105; 47; 0; 276; 630; 348; 4095; 271
290; 289; 432; 111; 43; 0; 298; 624; 352; 4095; 268
290; 315; 430; 106; 41; 0; 275; 627; 342; 4095; 279
293; 317; 441; 97; 46; 0; 278; 624; 350; 4095; 273
292; 315; 435; 105; 45; 0; 275; 625; 350; 4095; 272
288; 311; 430; 101; 48; 0; 278; 612; 345; 4095; 267
291; 318; 433; 107; 47; 0; 275; 623; 346; 4095; 262
303; 313; 432; 108; 46; 0; 279; 624; 330; 4095; 257
269; 316; 433; 106; 46; 0; 281; 627; 329; 4095; 269
294; 311; 432; 100; 41; 0; 274; 624; 353; 4095; 272
289; 317; 439; 97; 48; 0; 282; 625; 352; 4095; 272
291; 319; 438; 105; 48; 0; 275; 623; 353; 4095; 272
289; 319; 439; 112; 48; 0; 277; 627; 349; 4095; 262
291; 319; 435; 110; 48; 0; 284; 624; 350; 4095; 272
292; 316; 433; 105; 44; 0; 281; 622; 352; 4095; 273
291; 316; 418; 110; 48; 0; 282; 627; 352; 4095; 257
293; 317; 405; 109; 44; 0; 279; 624; 356; 4095; 285
293; 313; 433; 105; 43; 0; 283; 624; 355; 4095; 270
290; 316; 445; 99; 43; 0; 278; 625; 354; 4095; 258
294; 318; 437; 112; 44; 0; 284; 627; 353; 4095; 268
293; 315; 432; 112; 48; 0; 281; 625; 353; 4095; 272
293; 315; 443; 102; 47; 0; 284; 624; 349; 4095; 279
291; 324; 432; 101; 46; 0; 278; 625; 351; 4095; 272
289; 308; 435; 105; 50; 0; 261; 627; 350; 4095; 265
290; 318; 442; 101; 43; 0; 279; 623; 351; 4095; 272
293; 321; 437; 97; 44; 0; 278; 621; 353; 4095; 256
290; 322; 432; 102; 48; 0; 282; 624; 350; 4095; 272
294; 325; 438; 110; 49; 0; 288; 605; 353; 4095; 270
293; 320; 433; 112; 43; 0; 285; 627; 345; 4095; 267
292; 324; 432; 97; 48; 0; 277; 627; 354; 4095; 329
295; 342; 438; 110; 45; 0; 276; 626; 352; 4095; 272
294; 323; 426; 112; 48; 0; 288; 625; 350; 4095; 266
295; 321; 433; 107; 48; 0; 283; 626; 355; 4095; 272
294; 321; 432; 112; 48; 0; 285; 626; 352; 4095; 272
298; 322; 442; 110; 49; 0; 284; 624; 355; 4095; 265
293; 334; 433; 104; 48; 0; 287; 629; 351; 4095; 271
290; 323; 433; 107; 51; 0; 287; 626; 354; 4095; 272
297; 326; 438; 112; 48; 0; 284; 627; 347; 4095; 282
291; 326; 429; 109; 49; 0; 289; 624; 351; 4095; 273
290; 325; 427; 106; 16; 0; 284; 625; 357; 4095; 269
294; 320; 432; 99; 49; 0; 289; 626; 350; 4095; 321
294; 325; 435; 112; 45; 0; 286; 624; 349; 4095; 271
292; 325; 437; 112; 49; 0; 287; 624; 354; 4095; 271
297; 326; 435; 106; 45; 0; 285; 624; 353; 4095; 283
294; 325; 436; 112; 46; 0; 285; 624; 348; 4095; 274
294; 320; 438; 106; 43; 0; 283; 627; 352; 4095; 272
294; 320; 432; 100; 48; 0; 283; 625; 348; 4095; 270
294; 321; 448; 105; 43; 0; 285; 624; 359; 4095; 272
293; 323; 432; 109; 46; 0; 288; 627; 351; 4095; 266
292; 320; 432; 103; 43; 0; 283; 626; 353; 4095; 267
294; 322; 430; 103; 48; 0; 286; 628; 346; 4095; 283
299; 321; 434; 107; 48; 0; 286; 631; 349; 4095; 277
289; 309; 433; 99; 48; 0; 305; 624; 355; 4095; 272
298; 321; 431; 96; 48; 0; 282; 623; 356; 4095; 269
293; 321; 435; 96; 45; 0; 284; 624; 350; 4095; 272
291; 321; 432; 101; 45; 0; 285; 625; 355; 4095; 270
293; 319; 435; 110; 41; 0; 271; 627; 354; 4095; 270
293; 321; 439; 105; 47; 0; 283; 629; 354; 4095; 272
295; 319; 426; 96; 46; 0; 285; 624; 349; 4095; 273
289; 320; 410; 100; 45; 0; 284; 632; 350; 4095; 272
294; 321; 384; 109; 44; 0; 282; 624; 351; 4095; 269
290; 318; 439; 108; 43; 0; 285; 623; 347; 4095; 269
289; 319; 437; 101; 48; 0; 278; 625; 351; 4095; 272
293; 320; 432; 98; 45; 0; 287; 624; 348; 4095; 267
294; 322; 431; 109; 44; 0; 281; 624; 347; 4095; 271
295; 317; 432; 108; 39; 0; 282; 624; 351; 4095; 270
294; 321; 438; 109; 43; 0; 278; 623; 357; 4095; 273
293; 316; 435; 109; 48; 0; 279; 619; 358; 4095; 271
290; 320; 435; 112; 44; 0; 276; 625; 354; 4095; 267
298; 318; 432; 111; 48; 0; 277; 623; 353; 4095; 276
294; 318; 448; 103; 48; 0; 281; 624; 351; 4095; 269
292; 320; 434; 107; 44; 0; 279; 624; 352; 4095; 273
290; 320; 436; 112; 47; 0; 283; 626; 358; 4095; 271
320; 320; 432; 112; 48; 0; 279; 624; 360; 4095; 272
295; 301; 430; 113; 48; 0; 282; 626; 350; 4095; 273
290; 318; 434; 108; 45; 0; 284; 625; 356; 4095; 273
291; 319; 427; 101; 46; 0; 279; 626; 354; 4095; 272
295; 320; 435; 109; 43; 0; 282; 624; 358; 4095; 272
291; 317; 436; 112; 48; 0; 279; 624; 362; 4095; 271
298; 322; 432; 112; 46; 0; 285; 626; 353; 4095; 272
295; 320; 431; 102; 48; 0; 281; 624; 354; 4095; 277
293; 317; 453; 111; 45; 0; 283; 621; 352; 4095; 272
295; 321; 482; 105; 48; 0; 282; 624; 356; 4095; 272
296; 320; 436; 112; 48; 0; 282; 624; 357; 4095; 272
293; 320; 433; 113; 48; 0; 279; 625; 353; 4095; 273
294; 323; 434; 105; 46; 0; 261; 625; 365; 4095; 283
295; 318; 432; 110; 48; 0; 277; 625; 357; 4095; 273
293; 321; 433; 112; 46; 0; 284; 624; 359; 4095; 272
297; 319; 432; 110; 44; 0; 283; 626; 354; 4095; 279
294; 321; 437; 112; 45; 0; 284; 618; 354; 4095; 275
292; 318; 432; 106; 48; 0; 287; 625; 354; 4095; 278
291; 323; 432; 109; 48; 0; 282; 624; 336; 4095; 324
295; 320; 432; 107; 45; 0; 285; 623; 362; 4095; 277
299; 319; 467; 111; 46; 0; 281; 625; 352; 4095; 274
293; 325; 438; 105; 48; 0; 282; 625; 364; 4095; 274
291; 324; 435; 112; 42; 0; 285; 625; 363; 4095; 276
293; 323; 432; 108; 48; 0; 280; 622; 366; 4095; 275
294; 322; 432; 106; 46; 0; 284; 626; 365; 4095; 272
291; 320; 435; 105; 48; 0; 285; 627; 363; 4095; 273
293; 323; 435; 109; 46; 0; 281; 630; 355; 4095; 274
293; 320; 440; 112; 47; 0; 278; 623; 366; 4095; 262
299; 321; 434; 112; 48; 0; 277; 625; 362; 4095; 275
294; 320; 437; 109; 49; 0; 280; 625; 363; 4095; 270
292; 324; 433; 112; 48; 0; 283; 624; 355; 4095; 272
299; 320; 390; 114; 50; 0; 279; 623; 358; 4095; 284
299; 320; 442; 102; 43; 0; 282; 623; 359; 4095; 272
299; 323; 443; 115; 48; 0; 281; 629; 357; 4095; 273
291; 322; 435; 106; 46; 0; 282; 624; 359; 4095; 282
299; 325; 438; 109; 48; 0; 284; 624; 362; 4095; 282
300; 326; 442; 108; 48; 0; 288; 627; 359; 4095; 277
292; 323; 437; 112; 48; 0; 283; 629; 359; 4095; 283
300; 323; 439; 114; 47; 0; 287; 624; 362; 4095; 278
294; 321; 445; 112; 49; 0; 288; 627; 369; 4095; 285
299; 320; 434; 112; 45; 0; 286; 626; 357; 4095; 256
300; 325; 446; 117; 48; 0; 286; 625; 368; 4095; 277
295; 325; 445; 117; 48; 0; 286; 629; 370; 4095; 275
298; 329; 446; 112; 23; 0; 285; 628; 368; 4095; 283
294; 320; 435; 115; 49; 0; 291; 625; 368; 4095; 285
298; 320; 445; 115; 47; 0; 283; 625; 368; 4095; 277
297; 322; 434; 112; 48; 0; 283; 629; 369; 4095; 277
294; 326; 437; 113; 48; 0; 289; 625; 364; 4095; 274
298; 320; 436; 109; 49; 0; 290; 624; 363; 4095; 277
294; 321; 438; 105; 48; 0; 317; 628; 365; 4095; 283
294; 317; 432; 111; 46; 0; 285; 624; 365; 4095; 277
297; 320; 438; 110; 48; 0; 288; 629; 368; 4095; 273
294; 319; 442; 103; 42; 0; 288; 622; 367; 4095; 272
301; 318; 418; 101; 44; 0; 284; 625; 358; 4095; 272
293; 320; 435; 97; 48; 0; 279; 624; 361; 4095; 272
298; 317; 438; 101; 47; 0; 285; 619; 369; 4095; 283
295; 317; 437; 99; 44; 0; 258; 623; 358; 4095; 272
300; 320; 435; 102; 39; 0; 282; 619; 363; 4095; 272
298; 320; 432; 101; 40; 0; 285; 624; 358; 4095; 272
294; 316; 433; 98; 41; 0; 285; 619; 359; 4095; 272
294; 315; 435; 98; 45; 0; 283; 610; 355; 4095; 270
292; 313; 435; 106; 42; 0; 281; 623; 353; 4095; 272
289; 313; 436; 100; 44; 0; 282; 624; 355; 4095; 272
294; 311; 437; 106; 38; 0; 275; 624; 356; 4095; 272
289; 316; 433; 99; 47; 0; 279; 621; 357; 4095; 272
289; 316; 432; 94; 42; 0; 279; 622; 352; 4095; 277
294; 314; 432; 97; 42; 0; 279; 623; 350; 4095; 271
288; 314; 432; 98; 45; 0; 271; 625; 355; 4095; 277
288; 315; 430; 109; 46; 0; 275; 618; 354; 4095; 272
289; 315; 437; 97; 43; 0; 283; 624; 351; 4095; 275
290; 307; 432; 97; 46; 0; 279; 620; 354; 4095; 271
291; 308; 433; 106; 48; 0; 275; 623; 354; 4095; 265
288; 313; 433; 103; 42; 3; 276; 621; 354; 4095; 267
289; 313; 433; 100; 47; 0; 276; 621; 354; 4095; 272
289; 314; 431; 103; 42; 0; 274; 623; 353; 4095; 267
292; 313; 432; 99; 47; 0; 273; 618; 354; 4095; 270
287; 309; 430; 106; 42; 0; 278; 618; 354; 4095; 272
290; 313; 432; 106; 46; 0; 276; 622; 355; 4095; 240
288; 311; 436; 109; 43; 0; 275; 619; 355; 4095; 273
291; 317; 432; 101; 43; 0; 275; 619; 353; 4095; 275
291; 316; 429; 99; 45; 0; 274; 622; 353; 4095; 272
289; 316; 433; 105; 42; 0; 275; 616; 345; 4095; 278
288; 317; 432; 98; 43; 0; 276; 611; 353; 4095; 271
288; 311; 428; 101; 44; 0; 275; 621; 349; 4095; 274
289; 315; 430; 96; 44; 0; 277; 621; 355; 4095; 273
290; 313; 449; 102; 46; 0; 273; 622; 355; 4095; 272
290; 314; 429; 100; 45; 0; 283; 599; 358; 4095; 272
287; 310; 430; 90; 43; 0; 276; 619; 348; 4095; 271
286; 315; 434; 129; 42; 0; 276; 618; 347; 4095; 270
291; 315; 432; 99; 45; 0; 275; 621; 349; 4095; 269
291; 310; 432; 95; 42; 0; 276; 620; 355; 4095; 275
289; 309; 432; 102; 43; 0; 277; 620; 352; 4095; 272
289; 312; 432; 101; 40; 0; 275; 618; 355; 4095; 272
293; 309; 431; 100; 43; 0; 277; 615; 346; 4095; 267
286; 308; 433; 106; 36; 0; 277; 615; 353; 4095; 269
290; 306; 425; 99; 39; 0; 272; 619; 347; 4095; 272
288; 309; 432; 99; 39; 0; 277; 616; 351; 4095; 273
290; 313; 431; 99; 40; 0; 275; 617; 352; 4095; 270
291; 312; 426; 107; 44; 0; 276; 612; 355; 4095; 269
289; 310; 427; 105; 39; 0; 253; 617; 346; 4095; 270
288; 309; 433; 105; 42; 0; 272; 612; 345; 4095; 270
288; 307; 423; 102; 39; 0; 272; 614; 350; 4095; 267
287; 311; 422; 98; 43; 0; 272; 615; 351; 4095; 269
286; 310; 429; 106; 41; 0; 272; 613; 355; 4095; 270
287; 305; 427; 107; 39; 0; 262; 623; 343; 4095; 266
290; 309; 431; 107; 39; 0; 273; 612; 353; 4095; 275
287; 306; 430; 106; 42; 0; 272; 617; 343; 4095; 270
285; 307; 426; 98; 42; 0; 272; 617; 345; 4095; 276
286; 309; 423; 102; 43; 0; 272; 615; 349; 4095; 271
282; 311; 429; 132; 44; 0; 272; 618; 342; 4095; 275
281; 307; 424; 129; 45; 0; 272; 614; 340; 4095; 272
279; 310; 425; 98; 44; 0; 273; 614; 345; 4095; 273
284; 308; 423; 98; 45; 0; 275; 609; 351; 4095; 271
286; 311; 425; 109; 38; 0; 272; 614; 349; 4095; 271
283; 312; 423; 102; 43; 0; 273; 615; 350; 4095; 272
285; 313; 432; 99; 43; 0; 261; 611; 345; 4095; 272
278; 315; 425; 109; 42; 0; 273; 617; 351; 4095; 273
284; 310; 430; 102; 48; 0; 275; 610; 351; 4095; 270
285; 314; 432; 104; 48; 0; 272; 609; 346; 4095; 271
285; 310; 429; 100; 40; 0; 273; 611; 354; 4095; 272
285; 311; 432; 112; 43; 0; 274; 608; 346; 4095; 274
304; 315; 428; 106; 44; 0; 272; 613; 341; 4095; 272
278; 319; 426; 97; 43; 0; 272; 610; 342; 4095; 251
278; 317; 423; 100; 48; 0; 273; 611; 354; 4095; 274
282; 314; 427; 96; 47; 0; 273; 610; 341; 4095; 270
277; 318; 422; 97; 42; 0; 272; 611; 351; 4095; 272
279; 311; 423; 97; 46; 0; 286; 610; 343; 4095; 267
283; 319; 424; 101; 45; 0; 272; 608; 336; 4095; 272
286; 319; 428; 110; 45; 0; 276; 618; 349; 4095; 273
281; 316; 425; 106; 45; 0; 274; 614; 350; 4095; 274
282; 318; 453; 108; 48; 0; 272; 609; 353; 4095; 278
283; 319; 431; 103; 45; 0; 276; 609; 345; 4095; 272
277; 320; 431; 64; 47; 0; 273; 608; 353; 4095; 276
281; 317; 432; 107; 42; 0; 279; 609; 347; 4095; 272
283; 314; 432; 107; 47; 0; 273; 607; 350; 4095; 272
278; 320; 427; 112; 47; 0; 279; 615; 355; 4095; 274
286; 320; 427; 111; 48; 0; 275; 613; 355; 4095; 273
285; 319; 429; 110; 48; 0; 277; 613; 355; 4095; 272
281; 314; 426; 100; 48; 0; 273; 615; 353; 4095; 275
287; 314; 425; 101; 41; 0; 276; 621; 355; 4095; 278
283; 317; 426; 97; 45; 0; 279; 615; 357; 4095; 272
281; 319; 426; 101; 48; 0; 274; 615; 355; 4095; 277
285; 314; 431; 105; 45; 0; 277; 613; 350; 4095; 272
258; 313; 431; 109; 48; 0; 279; 610; 382; 4095; 282
282; 308; 423; 99; 45; 0; 278; 612; 354; 4095; 272
287; 316; 429; 109; 48; 0; 279; 612; 355; 4095; 275
283; 315; 432; 110; 48; 0; 273; 611; 353; 4095; 270
286; 319; 429; 104; 43; 0; 275; 611; 357; 4095; 272
289; 317; 432; 110; 54; 0; 276; 615; 357; 4095; 272
288; 315; 432; 112; 46; 0; 273; 610; 361; 4095; 272
285; 317; 432; 114; 48; 0; 277; 614; 354; 4095; 277
283; 317; 470; 125; 48; 0; 274; 609; 370; 4095; 270
289; 320; 429; 119; 45; 0; 279; 612; 367; 4095; 275
286; 317; 428; 115; 36; 0; 275; 615; 371; 4095; 273
282; 320; 431; 121; 48; 0; 278; 609; 369; 4095; 272
287; 318; 432; 113; 46; 0; 279; 610; 368; 4095; 281
288; 320; 432; 115; 48; 0; 279; 614; 368; 4095; 277
287; 320; 426; 110; 48; 0; 281; 610; 368; 4095; 283
287; 317; 432; 112; 48; 0; 281; 609; 373; 4095; 272
281; 320; 429; 112; 45; 0; 276; 613; 367; 4095; 278
289; 317; 430; 106; 43; 0; 278; 612; 362; 4095; 279
288; 315; 429; 100; 44; 0; 276; 617; 362; 4095; 283
287; 311; 425; 111; 46; 0; 277; 611; 359; 4095; 272
282; 313; 432; 107; 39; 0; 277; 613; 369; 4095; 277
287; 309; 425; 106; 43; 0; 273; 611; 363; 4095; 274
290; 307; 425; 99; 45; 0; 275; 610; 368; 4095; 269
286; 310; 427; 96; 45; 0; 276; 609; 358; 4095; 269
287; 310; 427; 105; 41; 0; 278; 608; 368; 4095; 275
282; 310; 422; 102; 42; 0; 275; 608; 357; 4095; 270
287; 311; 425; 98; 46; 0; 273; 604; 362; 4095; 272
287; 307; 423; 99; 43; 0; 273; 608; 363; 4095; 275
282; 307; 432; 110; 41; 0; 277; 610; 362; 4095; 270
283; 310; 425; 98; 45; 0; 277; 607; 354; 4095; 272
285; 306; 430; 101; 40; 0; 280; 611; 364; 4095; 272
283; 307; 432; 96; 38; 0; 277; 606; 363; 4095; 276
286; 310; 422; 102; 38; 0; 274; 609; 359; 4095; 273
287; 306; 431; 107; 29; 0; 272; 606; 363; 4095; 286
307; 311; 425; 105; 38; 0; 276; 609; 357; 4095; 273
287; 305; 421; 95; 38; 0; 275; 608; 357; 4095; 272
282; 309; 418; 93; 39; 0; 272; 607; 363; 4095; 273
282; 306; 424; 98; 37; 0; 272; 611; 362; 4095; 269
282; 306; 427; 99; 38; 0; 297; 604; 360; 4095; 267
281; 309; 423; 102; 39; 0; 273; 605; 357; 4095; 271
284; 305; 422; 100; 38; 0; 273; 602; 358; 4095; 269
283; 305; 430; 97; 42; 0; 272; 607; 348; 4095; 270
281; 308; 423; 101; 43; 0; 273; 641; 354; 4095; 274
285; 305; 420; 75; 20; 0; 272; 603; 359; 4095; 267
281; 304; 433; 109; 44; 0; 272; 604; 358; 4095; 267
307; 304; 419; 107; 45; 0; 272; 605; 350; 4095; 272
279; 308; 421; 103; 44; 0; 272; 607; 362; 4095; 272
277; 304; 422; 99; 41; 0; 274; 609; 359; 4095; 270
282; 304; 422; 99; 44; 0; 272; 599; 352; 4095; 267
281; 330; 419; 94; 42; 0; 263; 601; 357; 4095; 266
278; 306; 418; 90; 43; 0; 269; 608; 358; 4095; 267
278; 303; 413; 99; 37; 0; 272; 602; 356; 4095; 262
279; 304; 419; 99; 42; 0; 272; 603; 348; 4095; 272
282; 305; 422; 92; 38; 0; 272; 601; 352; 4095; 265
275; 303; 420; 98; 38; 0; 272; 607; 346; 4095; 260
282; 304; 421; 101; 43; 0; 271; 605; 337; 4095; 272
279; 305; 420; 97; 42; 0; 266; 609; 355; 4095; 267
279; 304; 421; 100; 38; 0; 272; 606; 355; 4095; 272
282; 303; 427; 97; 38; 0; 272; 601; 343; 4095; 271
281; 304; 425; 98; 42; 0; 271; 598; 347; 4095; 265
276; 305; 427; 96; 45; 0; 243; 607; 352; 4095; 272
275; 304; 425; 95; 46; 0; 269; 599; 351; 4095; 273
282; 307; 421; 101; 43; 0; 272; 601; 346; 4095; 271
281; 304; 422; 93; 37; 0; 269; 605; 355; 4095; 272
278; 307; 419; 102; 40; 0; 272; 605; 352; 4095; 270
276; 305; 417; 97; 35; 22; 271; 606; 349; 4095; 266
275; 306; 423; 106; 38; 0; 272; 604; 366; 4095; 263
260; 304; 419; 99; 37; 0; 270; 602; 352; 4095; 274
280; 304; 417; 100; 36; 0; 272; 597; 345; 4095; 269
275; 309; 417; 104; 43; 0; 268; 603; 346; 4095; 271
278; 307; 426; 97; 43; 0; 272; 602; 343; 4095; 272
277; 290; 419; 96; 43; 0; 272; 605; 347; 4095; 274
274; 307; 422; 98; 43; 0; 271; 598; 352; 4095; 270
282; 310; 418; 103; 42; 0; 268; 606; 353; 4095; 272
276; 307; 412; 102; 45; 0; 273; 602; 354; 4095; 270
279; 304; 421; 100; 42; 0; 271; 596; 352; 4095; 266
273; 308; 421; 104; 46; 0; 270; 610; 342; 4095; 270
275; 307; 426; 103; 76; 0; 272; 603; 357; 4095; 304
274; 311; 422; 101; 44; 0; 269; 597; 353; 4095; 267
272; 313; 421; 92; 41; 0; 272; 598; 350; 4095; 272
273; 308; 419; 108; 43; 0; 270; 596; 349; 4095; 274
276; 309; 416; 106; 47; 0; 268; 597; 348; 4095; 268
273; 319; 418; 107; 45; 0; 269; 599; 349; 4095; 270
276; 311; 425; 103; 46; 0; 272; 599; 353; 4095; 271
274; 315; 421; 107; 48; 0; 272; 601; 353; 4095; 272
272; 311; 429; 102; 47; 0; 272; 598; 350; 4095; 268
272; 310; 423; 97; 43; 0; 268; 595; 347; 4095; 272
272; 309; 419; 97; 43; 0; 267; 595; 346; 4095; 270
281; 314; 411; 109; 45; 0; 267; 599; 349; 4095; 270
273; 313; 414; 101; 43; 0; 266; 595; 350; 4095; 272
272; 307; 416; 101; 45; 0; 268; 599; 345; 4095; 267
275; 307; 422; 103; 44; 0; 269; 593; 348; 4095; 270
274; 307; 423; 99; 45; 0; 267; 599; 349; 4095; 269
272; 307; 416; 93; 37; 0; 266; 598; 353; 4095; 271
275; 311; 420; 101; 39; 0; 267; 597; 353; 4095; 270
272; 309; 414; 105; 44; 0; 270; 598; 347; 4095; 274
272; 311; 413; 96; 39; 0; 267; 603; 350; 4095; 275
271; 315; 422; 98; 45; 0; 269; 593; 354; 4095; 273
273; 311; 417; 106; 44; 0; 265; 592; 343; 4095; 267
273; 309; 412; 101; 27; 0; 270; 592; 332; 4095; 256
272; 306; 420; 93; 45; 0; 266; 599; 358; 4095; 269
272; 310; 425; 101; 39; 0; 267; 595; 344; 4095; 270
272; 311; 417; 105; 41; 0; 272; 592; 350; 4095; 272
272; 314; 416; 93; 43; 0; 267; 594; 354; 4095; 268
272; 304; 416; 102; 47; 0; 271; 598; 350; 4095; 272
272; 313; 417; 92; 44; 0; 266; 593; 345; 4095; 267
273; 313; 421; 103; 43; 0; 269; 593; 353; 4095; 272
273; 311; 480; 95; 45; 0; 272; 599; 347; 4095; 270
272; 313; 421; 100; 38; 0; 269; 593; 339; 4095; 275
272; 310; 415; 103; 41; 0; 269; 595; 343; 4095; 270
272; 309; 422; 93; 42; 0; 268; 597; 364; 4095; 294
265; 307; 418; 102; 42; 0; 269; 598; 354; 4095; 271
273; 309; 416; 98; 42; 0; 267; 599; 353; 4095; 267
272; 305; 426; 98; 39; 0; 270; 597; 353; 4095; 272
274; 305; 425; 101; 43; 0; 268; 600; 347; 4095; 266
275; 305; 417; 99; 43; 0; 263; 598; 347; 4095; 270
273; 305; 415; 95; 41; 0; 270; 592; 347; 4095; 270
274; 309; 425; 98; 37; 0; 270; 598; 350; 4095; 267
275; 306; 414; 95; 43; 0; 270; 595; 346; 4095; 264
272; 309; 421; 92; 46; 0; 272; 595; 342; 4095; 270
272; 308; 418; 97; 17; 0; 272; 592; 343; 4095; 269
299; 313; 423; 98; 47; 0; 266; 603; 352; 4095; 279
277; 309; 421; 97; 38; 0; 267; 599; 339; 4095; 266
272; 309; 417; 99; 46; 0; 272; 596; 341; 4095; 270
272; 307; 425; 98; 44; 0; 269; 603; 344; 4095; 265
273; 309; 419; 97; 38; 0; 268; 599; 341; 4095; 270
272; 309; 417; 96; 41; 0; 268; 593; 342; 4095; 272
273; 311; 417; 92; 45; 0; 272; 594; 336; 4095; 272
273; 314; 416; 92; 45; 0; 271; 599; 342; 4095; 262
272; 312; 417; 92; 45; 0; 272; 594; 345; 4095; 266
272; 310; 407; 97; 47; 0; 268; 594; 340; 4095; 269
272; 307; 422; 87; 44; 0; 269; 594; 345; 4095; 266
272; 309; 423; 97; 45; 0; 266; 594; 336; 4095; 267
271; 308; 420; 95; 46; 0; 272; 597; 336; 4095; 272
272; 306; 414; 98; 39; 0; 272; 592; 341; 4095; 267
272; 306; 414; 91; 43; 0; 271; 595; 341; 4095; 272
269; 309; 410; 97; 43; 0; 272; 593; 349; 4095; 269
270; 310; 416; 94; 42; 0; 269; 592; 344; 4095; 262
271; 305; 412; 94; 43; 0; 266; 596; 345; 4095; 272
272; 306; 411; 96; 47; 0; 267; 593; 350; 4095; 265
268; 304; 410; 93; 45; 0; 269; 594; 336; 4095; 263
269; 304; 411; 96; 35; 0; 269; 595; 343; 4095; 262
271; 304; 413; 91; 45; 0; 266; 593; 343; 4095; 262
272; 304; 413; 103; 41; 0; 269; 595; 339; 4095; 256
272; 304; 415; 97; 42; 0; 262; 599; 347; 4095; 268
269; 304; 412; 99; 37; 0; 269; 595; 339; 4095; 267
272; 304; 407; 94; 40; 0; 266; 593; 336; 4095; 263
270; 304; 413; 101; 39; 0; 265; 593; 347; 4095; 266
269; 303; 405; 100; 39; 0; 265; 595; 343; 4095; 268
271; 304; 411; 94; 42; 0; 266; 592; 337; 4095; 259
267; 301; 407; 98; 43; 0; 265; 593; 343; 4095; 262
270; 295; 411; 91; 33; 0; 265; 592; 342; 4095; 266
267; 301; 404; 90; 41; 0; 269; 592; 339; 4095; 269
270; 299; 410; 67; 41; 0; 263; 594; 345; 4095; 260
267; 290; 408; 95; 38; 0; 263; 591; 337; 4095; 258
267; 274; 417; 87; 39; 0; 267; 593; 336; 4095; 262
269; 297; 401; 90; 39; 0; 266; 597; 346; 4095; 272
269; 301; 409; 87; 42; 0; 265; 591; 345; 4095; 266
267; 299; 407; 94; 37; 0; 265; 589; 338; 4095; 269
266; 298; 402; 92; 41; 0; 265; 596; 347; 4095; 260
266; 298; 402; 91; 34; 0; 257; 593; 325; 4095; 264
269; 298; 404; 94; 39; 0; 266; 593; 345; 4095; 259
267; 296; 402; 93; 35; 0; 263; 592; 342; 4095; 266
271; 294; 407; 92; 37; 0; 259; 591; 336; 4095; 259
267; 299; 404; 135; 38; 0; 260; 589; 342; 4095; 263
268; 297; 410; 90; 43; 0; 265; 588; 338; 4095; 263
271; 295; 402; 101; 41; 0; 246; 590; 336; 4095; 265
267; 294; 407; 89; 39; 0; 262; 592; 349; 4095; 265
270; 293; 411; 96; 35; 0; 260; 589; 341; 4095; 260
264; 299; 410; 100; 38; 0; 259; 591; 338; 4095; 259
272; 296; 405; 98; 35; 0; 261; 588; 336; 4095; 262
266; 299; 405; 128; 16; 0; 258; 583; 337; 4095; 267
268; 301; 401; 96; 37; 0; 261; 587; 330; 4095; 268
267; 294; 403; 87; 34; 0; 260; 590; 345; 4095; 261
268; 301; 400; 87; 43; 0; 262; 591; 336; 4095; 265
269; 294; 401; 97; 33; 0; 261; 596; 335; 4095; 261
269; 295; 409; 97; 40; 0; 262; 587; 336; 4095; 259
266; 299; 400; 91; 39; 0; 258; 592; 338; 4095; 262
266; 299; 403; 87; 41; 0; 262; 589; 343; 4095; 243
268; 295; 410; 94; 42; 0; 261; 590; 336; 4095; 267
267; 298; 403; 93; 42; 0; 258; 583; 342; 4095; 265
262; 302; 407; 90; 70; 0; 256; 590; 336; 4095; 260
267; 299; 407; 97; 74; 0; 256; 589; 341; 4095; 270
263; 297; 409; 92; 42; 0; 267; 589; 318; 4095; 235
268; 297; 400; 100; 45; 0; 260; 592; 337; 4095; 267
266; 295; 401; 96; 42; 0; 261; 591; 337; 4095; 259
266; 300; 409; 87; 37; 0; 260; 587; 337; 4095; 260
266; 298; 398; 90; 45; 0; 262; 591; 338; 4095; 256
268; 302; 400; 96; 39; 0; 258; 587; 343; 4095; 268
266; 301; 403; 96; 42; 0; 262; 591; 339; 4095; 257
261; 297; 403; 93; 41; 0; 257; 585; 342; 4095; 263
269; 300; 401; 96; 38; 0; 259; 595; 341; 4095; 257
265; 298; 403; 93; 41; 0; 263; 582; 342; 4095; 266
240; 298; 401; 91; 41; 0; 255; 591; 337; 4095; 262
267; 283; 400; 93; 35; 0; 267; 591; 341; 4095; 259
267; 301; 410; 92; 33; 0; 260; 592; 339; 4095; 258
268; 293; 401; 93; 37; 0; 259; 589; 343; 4095; 261
272; 295; 408; 87; 37; 0; 258; 586; 341; 4095; 259
266; 297; 400; 96; 35; 0; 259; 586; 336; 4095; 267
262; 294; 400; 96; 36; 0; 255; 591; 338; 4095; 254
256; 298; 400; 89; 37; 0; 256; 589; 330; 4095; 308
263; 294; 370; 91; 39; 0; 260; 591; 341; 4095; 257
265; 295; 405; 95; 41; 0; 255; 590; 337; 4095; 266
266; 293; 409; 86; 40; 0; 255; 589; 329; 4095; 259
268; 297; 400; 87; 35; 0; 254; 583; 339; 4095; 268
265; 293; 401; 93; 41; 0; 256; 585; 344; 4095; 253
265; 292; 402; 95; 38; 0; 256; 589; 336; 4095; 259
266; 290; 401; 99; 36; 0; 261; 581; 337; 4095; 258
263; 297; 407; 91; 33; 0; 252; 586; 339; 4095; 266
268; 293; 400; 87; 27; 0; 256; 588; 338; 4095; 259
267; 288; 400; 99; 37; 0; 256; 587; 345; 4095; 268
262; 294; 400; 90; 37; 0; 253; 592; 340; 4095; 257
263; 297; 402; 93; 37; 0; 254; 580; 342; 4095; 263
270; 288; 401; 96; 34; 0; 258; 590; 343; 4095; 261
270; 291; 405; 91; 41; 0; 258; 583; 339; 4095; 264
268; 298; 400; 90; 37; 0; 229; 587; 336; 4095; 267
265; 262; 407; 91; 39; 0; 256; 587; 336; 4095; 260
271; 294; 403; 94; 42; 0; 256; 590; 340; 4095; 259
271; 288; 400; 86; 42; 0; 256; 590; 339; 4095; 262
268; 291; 401; 97; 39; 0; 257; 577; 338; 4095; 266
269; 294; 402; 102; 37; 0; 257; 587; 344; 4095; 261
272; 295; 405; 66; 30; 0; 256; 592; 343; 4095; 267
267; 294; 400; 91; 41; 0; 256; 587; 337; 4095; 259
267; 293; 399; 98; 35; 0; 257; 592; 334; 4095; 261
272; 289; 401; 101; 38; 0; 257; 589; 343; 4095; 257
271; 290; 400; 98; 36; 0; 258; 589; 338; 4095; 259
272; 313; 405; 99; 37; 0; 289; 583; 345; 4095; 260
271; 293; 404; 102; 43; 0; 256; 587; 340; 4095; 261
268; 292; 401; 98; 40; 0; 260; 591; 345; 4095; 259
271; 295; 400; 97; 35; 0; 256; 589; 336; 4095; 263
272; 289; 357; 95; 37; 0; 256; 587; 343; 4095; 263
271; 293; 407; 78; 41; 0; 255; 590; 337; 4095; 259
268; 289; 400; 91; 35; 0; 257; 587; 343; 4095; 266
271; 292; 399; 90; 37; 0; 259; 589; 339; 4095; 254
273; 289; 404; 93; 35; 0; 261; 585; 339; 4095; 253
269; 288; 406; 99; 41; 0; 256; 592; 345; 4095; 260
271; 292; 400; 94; 42; 0; 257; 586; 341; 4095; 263
272; 293; 400; 101; 38; 0; 255; 586; 337; 4095; 263
271; 291; 400; 96; 45; 0; 256; 586; 337; 4095; 263
271; 292; 400; 99; 37; 0; 259; 587; 339; 4095; 258
270; 293; 401; 103; 41; 0; 262; 581; 344; 4095; 265
272; 295; 400; 95; 37; 0; 259; 590; 342; 4095; 262
271; 291; 399; 105; 38; 0; 259; 581; 343; 4095; 262
270; 297; 403; 95; 46; 0; 263; 587; 348; 4095; 269
272; 288; 403; 94; 42; 0; 259; 587; 345; 4095; 262
271; 295; 410; 98; 39; 0; 258; 591; 337; 4095; 255
274; 298; 405; 96; 44; 0; 261; 584; 347; 4095; 272
269; 293; 400; 96; 43; 0; 260; 586; 350; 4095; 261
272; 298; 400; 106; 32; 0; 261; 587; 342; 4095; 261
270; 294; 404; 103; 43; 0; 261; 585; 351; 4095; 271
270; 293; 400; 103; 38; 0; 258; 582; 350; 4095; 267
269; 297; 432; 102; 41; 0; 260; 591; 350; 4095; 263
271; 297; 401; 99; 42; 0; 263; 582; 343; 4095; 271
272; 302; 402; 131; 40; 0; 263; 582; 343; 4095; 261
271; 289; 403; 103; 45; 0; 263; 590; 347; 4095; 257
272; 273; 404; 102; 38; 0; 258; 588; 340; 4095; 262
272; 299; 400; 100; 44; 0; 266; 586; 347; 4095; 266
269; 294; 400; 102; 35; 0; 266; 590; 350; 4095; 262
272; 290; 400; 96; 42; 0; 264; 578; 342; 4095; 256
272; 290; 400; 91; 44; 0; 262; 586; 351; 4095; 265
267; 294; 402; 94; 44; 0; 263; 587; 337; 4095; 256
270; 294; 400; 90; 43; 0; 263; 587; 350; 4095; 233
270; 293; 400; 101; 42; 0; 260; 586; 351; 4095; 259
271; 290; 402; 103; 39; 0; 259; 587; 351; 4095; 257
272; 295; 398; 101; 38; 0; 258; 583; 350; 4095; 261
271; 296; 400; 96; 33; 0; 270; 579; 350; 4095; 260
269; 279; 400; 93; 42; 0; 251; 585; 347; 4095; 264
270; 293; 400; 98; 38; 0; 259; 587; 342; 4095; 262
270; 288; 402; 102; 41; 0; 258; 586; 342; 4095; 263
270; 289; 400; 98; 38; 0; 261; 577; 348; 4095; 257
271; 290; 400; 80; 48; 0; 260; 588; 339; 4095; 261
247; 290; 400; 98; 36; 0; 259; 583; 319; 4095; 262
279; 289; 399; 103; 41; 0; 256; 585; 348; 4095; 259
269; 290; 406; 94; 36; 0; 260; 587; 348; 4095; 267
270; 289; 398; 93; 36; 0; 257; 582; 345; 4095; 261
272; 292; 401; 98; 42; 0; 259; 581; 346; 4095; 265
271; 289; 400; 99; 35; 0; 260; 586; 346; 4095; 269
272; 288; 400; 87; 36; 0; 240; 577; 342; 4095; 265
269; 286; 397; 96; 38; 0; 261; 583; 341; 4095; 257
271; 289; 400; 96; 32; 0; 257; 579; 345; 4095; 270
270; 286; 400; 98; 39; 0; 256; 585; 337; 4095; 257
267; 286; 400; 92; 60; 0; 255; 583; 338; 4095; 261
270; 284; 398; 64; 37; 0; 256; 589; 342; 4095; 298
270; 285; 395; 96; 33; 0; 258; 579; 342; 4095; 265
272; 287; 397; 96; 36; 0; 254; 587; 343; 4095; 261
270; 288; 400; 97; 36; 0; 254; 583; 343; 4095; 258
269; 285; 389; 91; 38; 0; 260; 583; 339; 4095; 261
271; 282; 394; 96; 38; 0; 256; 585; 337; 4095; 259
270; 282; 390; 96; 33; 13; 257; 582; 343; 4095; 269
265; 285; 397; 91; 36; 0; 255; 579; 329; 4095; 261
266; 287; 409; 92; 41; 0; 256; 583; 346; 4095; 261
268; 287; 395; 98; 44; 0; 258; 582; 347; 4095; 259
267; 288; 400; 97; 36; 0; 257; 582; 343; 4095; 256
263; 289; 397; 93; 45; 0; 256; 583; 342; 4095; 267
266; 283; 400; 101; 37; 0; 258; 582; 343; 4095; 262
262; 287; 400; 96; 33; 0; 253; 579; 343; 4095; 261
262; 289; 393; 99; 38; 0; 256; 579; 343; 4095; 258
263; 282; 400; 99; 35; 0; 251; 578; 338; 4095; 257
265; 283; 388; 96; 37; 0; 254; 578; 342; 4095; 256
242; 284; 394; 96; 38; 0; 256; 576; 339; 4095; 261
266; 288; 397; 92; 33; 0; 251; 580; 341; 4095; 269
260; 283; 395; 98; 37; 0; 257; 577; 346; 4095; 263
262; 288; 394; 99; 34; 0; 257; 581; 349; 4095; 265
265; 288; 400; 133; 39; 0; 255; 580; 336; 4095; 259
262; 307; 385; 95; 35; 0; 253; 579; 348; 4095; 270
259; 289; 391; 97; 39; 0; 255; 582; 345; 4095; 257
260; 285; 394; 90; 37; 0; 254; 577; 339; 4095; 259
267; 281; 390; 96; 33; 0; 255; 581; 340; 4095; 251
262; 285; 397; 92; 34; 0; 254; 581; 342; 4095; 266
266; 291; 393; 96; 35; 0; 256; 579; 347; 4095; 267
263; 286; 395; 71; 34; 0; 256; 581; 343; 4095; 258
266; 286; 389; 96; 38; 0; 256; 579; 339; 4095; 262
263; 288; 400; 93; 41; 0; 257; 581; 342; 4095; 262
262; 290; 393; 89; 37; 0; 256; 578; 344; 4095; 256
263; 286; 400; 100; 38; 0; 256; 592; 349; 4095; 257
264; 291; 394; 91; 35; 0; 254; 583; 346; 4095; 261
263; 288; 394; 98; 37; 0; 254; 581; 346; 4095; 262
261; 286; 387; 92; 35; 0; 256; 582; 347; 4095; 257
262; 288; 392; 95; 34; 0; 256; 579; 347; 4095; 266
259; 291; 397; 90; 39; 0; 256; 579; 346; 4095; 259
267; 292; 393; 82; 41; 0; 257; 579; 345; 4095; 257
265; 291; 397; 95; 42; 0; 256; 578; 337; 4095; 265
266; 289; 396; 97; 37; 0; 259; 582; 338; 4095; 268
263; 286; 400; 97; 38; 0; 256; 582; 347; 4095; 260
266; 291; 396; 99; 38; 0; 255; 580; 341; 4095; 258
263; 289; 400; 90; 38; 0; 257; 577; 341; 4095; 270
267; 291; 395; 90; 35; 0; 252; 576; 347; 4095; 259
263; 287; 394; 94; 38; 0; 252; 579; 341; 4095; 269
263; 289; 399; 98; 39; 0; 253; 581; 340; 4095; 267
265; 289; 390; 96; 36; 0; 257; 582; 343; 4095; 261
267; 286; 400; 99; 35; 0; 254; 579; 342; 4095; 259
262; 287; 391; 98; 37; 0; 253; 580; 345; 4095; 257
264; 287; 394; 101; 39; 0; 253; 579; 341; 4095; 262
266; 283; 391; 90; 39; 0; 257; 585; 346; 4095; 271
270; 288; 394; 89; 37; 0; 258; 581; 349; 4095; 262
263; 287; 391; 95; 39; 0; 253; 577; 345; 4095; 267
266; 289; 389; 95; 33; 0; 252; 608; 336; 4095; 256
263; 284; 399; 95; 33; 0; 257; 597; 346; 4095; 259
265; 285; 396; 87; 38; 0; 255; 581; 341; 4095; 241
263; 283; 394; 94; 38; 0; 249; 577; 336; 4095; 265
269; 287; 394; 93; 33; 0; 253; 576; 337; 4095; 261
267; 283; 400; 95; 34; 0; 249; 578; 344; 4095; 262
266; 281; 400; 86; 37; 0; 252; 576; 341; 4095; 260
263; 284; 389; 97; 41; 0; 255; 581; 341; 4095; 257
269; 281; 388; 96; 35; 0; 257; 578; 339; 4095; 261
269; 283; 386; 96; 37; 0; 256; 573; 340; 4095; 262
263; 282; 390; 95; 40; 0; 249; 577; 337; 4095; 258
266; 278; 387; 87; 32; 0; 253; 576; 343; 4095; 263
267; 278; 390; 96; 33; 0; 255; 579; 339; 4095; 256
262; 284; 390; 89; 32; 0; 252; 576; 342; 4095; 258
267; 278; 394; 94; 32; 0; 258; 579; 337; 4095; 256
270; 286; 395; 92; 34; 0; 250; 577; 345; 4095; 257
266; 284; 392; 96; 34; 0; 250; 574; 338; 4095; 255
261; 277; 390; 95; 35; 0; 254; 576; 336; 4095; 257
266; 281; 396; 84; 35; 0; 254; 575; 345; 4095; 264
263; 281; 389; 83; 35; 20; 246; 574; 333; 4095; 262
259; 283; 394; 97; 39; 0; 253; 580; 336; 4095; 256
263; 284; 391; 94; 38; 0; 255; 578; 336; 4095; 261
270; 279; 383; 91; 35; 0; 251; 575; 336; 4095; 259
269; 283; 397; 106; 33; 0; 250; 574; 346; 4095; 263
261; 258; 387; 90; 36; 0; 251; 575; 342; 4095; 262
265; 283; 395; 85; 38; 0; 243; 575; 341; 4095; 260
268; 277; 396; 94; 33; 0; 253; 576; 336; 4095; 258
264; 279; 391; 87; 33; 0; 254; 576; 336; 4095; 259
259; 283; 393; 91; 32; 0; 256; 555; 340; 4095; 256
269; 281; 387; 83; 51; 0; 252; 573; 339; 4095; 258
260; 285; 394; 91; 36; 0; 249; 574; 368; 4095; 258
261; 283; 389; 92; 33; 0; 253; 573; 325; 4095; 256
266; 283; 387; 94; 36; 0; 250; 577; 336; 4095; 256
265; 281; 391; 93; 32; 0; 253; 579; 333; 4095; 261
270; 278; 395; 93; 37; 0; 253; 572; 335; 4095; 265
262; 280; 398; 91; 39; 0; 254; 571; 337; 4095; 262
266; 283; 398; 87; 38; 0; 253; 576; 340; 4095; 256
266; 282; 391; 86; 35; 0; 254; 578; 340; 4095; 236
269; 287; 398; 92; 35; 0; 247; 577; 337; 4095; 271
268; 287; 391; 95; 37; 0; 254; 577; 343; 4095; 256
265; 283; 397; 93; 32; 0; 250; 578; 336; 4095; 259
267; 288; 387; 84; 39; 0; 253; 578; 339; 4095; 265
263; 290; 387; 93; 34; 0; 251; 580; 334; 4095; 257
266; 287; 393; 93; 42; 0; 253; 576; 341; 4095; 265
259; 288; 387; 94; 34; 0; 254; 576; 338; 4095; 257
265; 287; 395; 89; 39; 0; 247; 571; 342; 4095; 269
265; 285; 393; 93; 41; 18; 253; 573; 336; 4095; 260
266; 287; 400; 87; 44; 0; 249; 574; 336; 4095; 256
259; 286; 393; 98; 36; 0; 251; 576; 337; 4095; 268
261; 287; 398; 92; 35; 0; 253; 576; 336; 4095; 258
261; 290; 394; 95; 37; 0; 255; 576; 336; 4095; 256
265; 288; 389; 91; 38; 0; 256; 574; 338; 4095; 265
265; 286; 395; 88; 37; 0; 256; 575; 336; 4095; 260
266; 289; 394; 93; 33; 0; 235; 576; 339; 4095; 257
262; 286; 395; 89; 36; 0; 257; 576; 335; 4095; 258
265; 290; 389; 95; 36; 0; 253; 576; 339; 4095; 261
262; 290; 386; 90; 37; 0; 252; 570; 336; 4095; 265
262; 289; 394; 97; 48; 0; 253; 573; 339; 4095; 263
267; 288; 389; 97; 31; 0; 254; 576; 334; 4095; 272
263; 285; 395; 86; 38; 0; 253; 576; 340; 4095; 258
265; 289; 396; 91; 38; 0; 256; 576; 337; 4095; 260
261; 287; 393; 88; 39; 0; 257; 576; 336; 4095; 257
266; 286; 386; 86; 35; 0; 257; 576; 331; 4095; 263
262; 298; 388; 93; 38; 0; 251; 572; 336; 4095; 259
264; 291; 400; 91; 42; 0; 251; 575; 331; 4095; 258
267; 288; 387; 83; 36; 0; 256; 576; 336; 4095; 262
265; 285; 397; 91; 39; 0; 253; 570; 336; 4095; 259
262; 289; 400; 94; 42; 0; 252; 576; 335; 4095; 257
261; 288; 395; 81; 42; 0; 253; 576; 336; 4095; 256
258; 289; 395; 87; 43; 0; 256; 574; 339; 4095; 246
263; 289; 386; 89; 42; 0; 252; 576; 336; 4095; 271
260; 279; 398; 87; 41; 0; 253; 576; 336; 4095; 256
262; 282; 400; 85; 40; 0; 256; 574; 336; 4095; 258
260; 289; 387; 94; 34; 0; 247; 578; 334; 4095; 257
259; 289; 387; 85; 36; 0; 252; 570; 338; 4095; 263
261; 285; 391; 90; 32; 0; 256; 574; 333; 4095; 265
261; 286; 397; 89; 33; 0; 253; 571; 339; 4095; 260
261; 285; 389; 89; 33; 0; 256; 573; 336; 4095; 252
257; 285; 389; 87; 35; 0; 252; 566; 336; 4095; 253
258; 283; 387; 125; 32; 0; 250; 576; 336; 4095; 257
258; 256; 390; 96; 34; 0; 252; 571; 336; 4095; 256
259; 278; 390; 99; 34; 0; 250; 573; 332; 4095; 253
263; 288; 393; 94; 30; 0; 256; 565; 337; 4095; 260
260; 287; 389; 82; 39; 0; 249; 571; 336; 4095; 269
263; 283; 393; 98; 36; 0; 256; 576; 340; 4095; 265
256; 282; 389; 89; 36; 0; 251; 563; 330; 4095; 256
255; 287; 398; 88; 36; 0; 256; 570; 330; 4095; 255
261; 285; 384; 86; 37; 0; 252; 571; 353; 4095; 222
258; 287; 400; 93; 37; 0; 253; 570; 338; 4095; 270
262; 283; 390; 97; 35; 0; 247; 576; 334; 4095; 266
256; 284; 391; 94; 33; 0; 249; 573; 342; 4095; 258
257; 279; 393; 96; 39; 0; 249; 565; 336; 4095; 258
255; 283; 390; 97; 37; 0; 252; 568; 338; 4095; 263
257; 286; 398; 89; 33; 0; 256; 571; 331; 4095; 256
260; 284; 391; 82; 33; 0; 250; 567; 339; 4095; 257
258; 282; 367; 91; 38; 0; 251; 573; 339; 4095; 258
262; 279; 390; 91; 42; 0; 249; 575; 336; 4095; 259
261; 279; 396; 135; 34; 0; 251; 571; 337; 4095; 260
256; 272; 388; 85; 35; 0; 252; 574; 338; 4095; 256
261; 285; 397; 97; 32; 0; 251; 572; 335; 4095; 262
261; 284; 389; 92; 33; 0; 250; 570; 338; 4095; 252
259; 282; 394; 91; 30; 0; 246; 574; 338; 4095; 259
259; 275; 390; 84; 34; 0; 247; 575; 333; 4095; 253
257; 280; 387; 91; 34; 0; 246; 567; 333; 4095; 259
256; 277; 383; 95; 33; 0; 250; 574; 339; 4095; 256
257; 278; 384; 91; 33; 0; 247; 567; 333; 4095; 257
257; 281; 391; 87; 32; 0; 245; 572; 337; 4095; 256
256; 278; 386; 87; 27; 0; 250; 569; 336; 4095; 257
256; 282; 386; 93; 32; 0; 251; 571; 336; 4095; 256
254; 291; 386; 95; 31; 0; 251; 576; 338; 4095; 255
254; 279; 387; 95; 31; 0; 246; 576; 337; 4095; 257
256; 278; 382; 94; 32; 0; 245; 570; 334; 4095; 258
257; 273; 386; 95; 37; 0; 252; 560; 338; 4095; 257
256; 277; 387; 88; 35; 0; 249; 549; 336; 4095; 256
247; 279; 390; 81; 29; 0; 251; 565; 335; 4095; 254
253; 278; 385; 80; 28; 0; 253; 570; 333; 4095; 261
257; 275; 387; 91; 30; 0; 245; 570; 333; 4095; 254
257; 275; 379; 81; 31; 0; 245; 566; 337; 4095; 254
2