=~=~=~=~=~=~=~=~=~=~=~= PuTTY log 2024.03.25 12:23:55 =~=~=~=~=~=~=~=~=~=~=~=
smoke, etoh, odor, co, no2, nh3, voc, h2s, h2, hcho, ch4
716; 938; 586; 241; 278; 0; 815; 686; 469; 4095; 400
720; 941; 591; 253; 283; 0; 818; 691; 475; 4095; 395
723; 945; 599; 260; 288; 0; 826; 689; 475; 4095; 398
729; 953; 602; 256; 291; 0; 833; 703; 471; 4095; 395
736; 951; 600; 262; 293; 0; 839; 706; 475; 4095; 399
741; 962; 602; 262; 297; 0; 845; 713; 479; 4095; 390
746; 966; 582; 259; 299; 0; 848; 718; 475; 4095; 397
752; 975; 614; 272; 299; 0; 850; 719; 474; 4095; 400
753; 976; 612; 272; 303; 0; 855; 726; 481; 4095; 398
759; 985; 625; 272; 304; 0; 844; 727; 484; 4095; 401
761; 983; 624; 279; 304; 0; 867; 732; 479; 4095; 400
768; 992; 627; 278; 307; 0; 870; 743; 479; 4095; 401
770; 997; 635; 283; 309; 0; 875; 745; 483; 4095; 398
777; 1006; 640; 288; 307; 0; 879; 751; 484; 4095; 400
782; 1006; 639; 270; 305; 0; 880; 755; 486; 4095; 400
784; 1008; 642; 288; 306; 0; 883; 756; 482; 4095; 406
784; 1014; 640; 295; 313; 0; 887; 762; 487; 4095; 401
794; 1017; 652; 297; 317; 0; 893; 763; 487; 4095; 400
794; 1029; 653; 301; 314; 0; 894; 768; 485; 4095; 404
797; 1028; 656; 293; 311; 0; 896; 773; 487; 4095; 407
801; 1033; 657; 299; 318; 0; 905; 778; 491; 4095; 406
805; 1036; 657; 301; 318; 0; 903; 784; 493; 4095; 406
803; 1043; 670; 304; 319; 0; 909; 783; 490; 4095; 405
810; 1042; 666; 304; 318; 0; 913; 787; 495; 4095; 432
811; 1048; 674; 303; 315; 0; 914; 791; 493; 4095; 406
814; 1054; 673; 304; 321; 0; 917; 798; 496; 4095; 409
816; 1057; 674; 304; 316; 0; 919; 801; 495; 4095; 401
816; 1056; 685; 304; 329; 0; 923; 813; 495; 4095; 402
817; 1062; 683; 304; 320; 0; 930; 811; 544; 4095; 421
817; 1062; 679; 311; 320; 0; 930; 813; 474; 4095; 411
822; 1071; 685; 311; 319; 0; 935; 812; 496; 4095; 402
822; 1066; 682; 305; 321; 0; 935; 816; 495; 4095; 403
818; 1071; 681; 305; 319; 0; 933; 821; 499; 4095; 406
828; 1073; 688; 313; 322; 0; 943; 822; 501; 4095; 406
829; 1079; 691; 313; 320; 0; 944; 831; 497; 4095; 406
827; 1077; 691; 311; 322; 0; 977; 832; 496; 4095; 403
830; 1081; 689; 310; 320; 0; 944; 835; 496; 4095; 411
832; 1083; 699; 317; 322; 0; 944; 833; 503; 4095; 409
832; 1089; 703; 313; 321; 0; 953; 835; 504; 4095; 407
832; 1088; 697; 318; 327; 0; 950; 843; 501; 4095; 410
834; 1095; 699; 317; 325; 0; 953; 839; 503; 4095; 459
834; 1099; 703; 319; 326; 0; 961; 848; 502; 4095; 411
835; 1099; 703; 314; 325; 0; 960; 848; 507; 4095; 406
842; 1103; 700; 320; 330; 0; 962; 848; 503; 4095; 409
842; 1102; 704; 317; 328; 0; 966; 886; 506; 4095; 409
842; 1106; 719; 291; 329; 0; 969; 857; 504; 4095; 410
846; 1104; 714; 320; 331; 0; 982; 855; 503; 4095; 400
846; 1147; 716; 319; 334; 0; 974; 864; 507; 4095; 407
848; 1113; 719; 323; 335; 0; 976; 869; 510; 4095; 411
849; 1118; 720; 318; 329; 0; 976; 865; 519; 4095; 416
858; 1118; 721; 305; 335; 0; 981; 870; 521; 4095; 417
861; 1122; 725; 309; 335; 0; 989; 880; 506; 4095; 418
861; 1126; 731; 305; 336; 0; 993; 880; 507; 4095; 417
865; 1130; 735; 304; 332; 0; 996; 885; 517; 4095; 414
870; 1131; 735; 305; 336; 0; 999; 892; 519; 4095; 419
877; 1130; 740; 302; 333; 0; 1002; 890; 510; 4095; 416
878; 1136; 733; 304; 335; 0; 1005; 897; 522; 4095; 417
881; 1136; 743; 302; 336; 0; 1008; 899; 520; 4095; 417
886; 1140; 747; 303; 336; 0; 999; 904; 511; 4095; 419
887; 1139; 747; 303; 336; 0; 1006; 905; 522; 4095; 419
892; 1146; 752; 304; 336; 0; 1019; 912; 519; 4095; 417
895; 1151; 750; 304; 339; 0; 1018; 915; 520; 4095; 417
895; 1152; 750; 309; 337; 0; 1023; 919; 511; 4095; 422
896; 1149; 754; 305; 338; 0; 1031; 918; 526; 4095; 417
899; 1155; 756; 315; 339; 0; 1029; 925; 522; 4095; 421
900; 1159; 763; 316; 341; 0; 1035; 927; 523; 4095; 423
905; 1159; 768; 315; 337; 0; 1036; 925; 521; 4095; 416
908; 1165; 766; 318; 342; 0; 1040; 927; 522; 4095; 421
912; 1166; 772; 311; 341; 0; 1040; 934; 521; 4095; 420
912; 1166; 765; 315; 341; 0; 1040; 938; 523; 4095; 417
913; 1168; 771; 314; 347; 0; 1072; 944; 519; 4095; 422
914; 1169; 781; 315; 347; 0; 1041; 943; 521; 4095; 422
919; 1168; 784; 320; 342; 0; 1045; 945; 524; 4095; 421
921; 1169; 778; 310; 348; 0; 1045; 950; 519; 4095; 415
927; 1175; 782; 317; 345; 0; 1049; 955; 509; 4095; 422
927; 1171; 784; 320; 346; 0; 1049; 959; 522; 4095; 416
929; 1170; 783; 314; 343; 0; 1051; 959; 518; 4095; 419
933; 1178; 791; 315; 347; 0; 1057; 959; 528; 4095; 420
927; 1181; 797; 318; 343; 0; 1052; 967; 521; 4095; 426
939; 1179; 748; 320; 348; 0; 1056; 966; 524; 4095; 418
935; 1183; 800; 320; 342; 0; 1057; 972; 528; 4095; 418
939; 1182; 802; 320; 341; 0; 1057; 975; 526; 4095; 417
943; 1185; 795; 321; 347; 0; 1064; 976; 528; 4095; 422
939; 1181; 806; 325; 342; 0; 1058; 979; 528; 4095; 417
945; 1186; 806; 326; 346; 0; 1062; 976; 528; 4095; 419
944; 1187; 805; 333; 343; 0; 1065; 979; 528; 4095; 425
944; 1183; 806; 327; 339; 0; 1066; 986; 528; 4095; 423
950; 1186; 811; 330; 346; 0; 1068; 984; 529; 4095; 419
951; 1179; 806; 332; 343; 0; 1063; 993; 537; 4095; 431
956; 1190; 814; 334; 339; 0; 1070; 997; 536; 4095; 429
959; 1189; 819; 330; 339; 0; 1069; 991; 540; 4095; 426
958; 1190; 821; 334; 342; 0; 1072; 999; 535; 4095; 425
959; 1196; 819; 326; 339; 0; 1072; 996; 542; 4095; 428
961; 1197; 820; 333; 342; 0; 1074; 1002; 538; 4095; 432
960; 1213; 819; 326; 337; 0; 1072; 1001; 531; 4095; 432
966; 1199; 831; 327; 340; 0; 1076; 1008; 532; 4095; 432
969; 1197; 829; 336; 338; 0; 1075; 1008; 539; 4095; 430
967; 1200; 827; 336; 342; 0; 1074; 1013; 535; 4095; 432
970; 1199; 846; 336; 337; 0; 1081; 1014; 535; 4095; 429
972; 1201; 834; 331; 339; 0; 1084; 1013; 545; 4095; 432
971; 1200; 838; 333; 343; 0; 1084; 1020; 540; 4095; 432
977; 1191; 836; 336; 339; 0; 1085; 1021; 544; 4095; 432
976; 1200; 844; 331; 339; 0; 1085; 1023; 543; 4095; 432
976; 1201; 838; 336; 337; 0; 1088; 1030; 545; 4095; 432
978; 1207; 896; 336; 342; 0; 1089; 1031; 542; 4095; 433
976; 1207; 846; 336; 342; 0; 1088; 1038; 541; 4095; 433
981; 1213; 846; 336; 343; 0; 1088; 1039; 538; 4095; 432
981; 1242; 851; 332; 341; 0; 1111; 1040; 542; 4095; 433
983; 1206; 848; 335; 337; 0; 1097; 1042; 542; 4095; 436
987; 1211; 851; 336; 343; 0; 1097; 1040; 538; 4095; 435
987; 1213; 841; 334; 343; 0; 1097; 1046; 540; 4095; 437
988; 1213; 857; 332; 346; 0; 1098; 1047; 539; 4095; 433
991; 1213; 851; 327; 343; 0; 1104; 1056; 496; 4095; 434
994; 1191; 859; 329; 342; 0; 1106; 1054; 543; 4095; 435
993; 1216; 858; 336; 342; 0; 1104; 1057; 542; 4095; 434
991; 1217; 862; 336; 341; 0; 1079; 1061; 541; 4095; 432
997; 1220; 866; 338; 341; 0; 1106; 1065; 537; 4095; 432
994; 1221; 865; 336; 343; 6; 1109; 1065; 538; 4095; 441
1031; 1223; 868; 337; 346; 0; 1109; 1071; 541; 4095; 403
999; 1219; 874; 336; 345; 0; 1109; 1070; 541; 4095; 435
1003; 1223; 869; 336; 341; 0; 1109; 1072; 538; 4095; 434
999; 1226; 869; 332; 346; 0; 1115; 1074; 535; 4095; 439
1005; 1227; 875; 338; 344; 0; 1115; 1073; 543; 4095; 443
1007; 1229; 879; 335; 345; 0; 1118; 1087; 542; 4095; 439
1008; 1226; 878; 336; 341; 0; 1119; 1083; 547; 4095; 481
1008; 1229; 885; 337; 343; 0; 1122; 1083; 507; 4095; 481
1007; 1230; 876; 334; 347; 0; 1125; 1085; 543; 4095; 442
1008; 1230; 881; 336; 341; 0; 1123; 1083; 539; 4095; 436
1010; 1231; 885; 336; 349; 0; 1125; 1093; 537; 4095; 444
1013; 1232; 887; 337; 341; 0; 1124; 1104; 537; 4095; 434
1008; 1232; 890; 327; 341; 0; 1131; 1098; 539; 4095; 434
1010; 1234; 891; 332; 341; 0; 1134; 1094; 530; 4095; 437
1018; 1234; 896; 331; 345; 0; 1129; 1100; 533; 4095; 439
1019; 1233; 895; 331; 343; 0; 1131; 1099; 533; 4095; 432
1022; 1235; 898; 328; 344; 0; 1135; 1104; 537; 4095; 439
1030; 1234; 899; 329; 346; 0; 1135; 1105; 539; 4095; 446
1031; 1239; 891; 326; 340; 0; 1136; 1104; 537; 4095; 442
1034; 1238; 897; 333; 341; 0; 1135; 1107; 529; 4095; 445
1036; 1241; 903; 333; 341; 0; 1137; 1114; 534; 4095; 445
1034; 1233; 899; 331; 341; 0; 1136; 1117; 533; 4095; 434
1031; 1238; 905; 331; 342; 0; 1138; 1113; 533; 4095; 439
1039; 1239; 899; 330; 345; 0; 1139; 1119; 533; 4095; 439
1040; 1239; 911; 333; 345; 0; 1142; 1120; 533; 4095; 437
1041; 1237; 909; 325; 341; 0; 1142; 1123; 530; 4095; 439
1042; 1239; 874; 331; 344; 0; 1141; 1131; 530; 4095; 443
1040; 1242; 912; 331; 338; 0; 1147; 1138; 533; 4095; 442
1045; 1239; 915; 319; 342; 0; 1150; 1135; 531; 4095; 439
1046; 1243; 913; 335; 339; 0; 1145; 1135; 530; 4095; 443
1048; 1243; 915; 331; 346; 0; 1152; 1136; 528; 4095; 444
1044; 1246; 917; 336; 341; 0; 1153; 1137; 530; 4095; 441
1047; 1247; 921; 336; 346; 0; 1155; 1139; 528; 4095; 439
1047; 1251; 918; 336; 344; 0; 1155; 1168; 529; 4095; 441
1046; 1250; 918; 333; 346; 0; 1159; 1137; 528; 4095; 444
1045; 1251; 917; 340; 347; 0; 1163; 1143; 530; 4095; 448
1051; 1250; 922; 336; 347; 0; 1162; 1146; 531; 4095; 443
1046; 1253; 929; 334; 353; 0; 1167; 1154; 530; 4095; 446
1046; 1254; 929; 331; 352; 0; 1166; 1149; 528; 4095; 439
1046; 1253; 930; 336; 348; 0; 1166; 1156; 531; 4095; 444
1043; 1258; 930; 336; 362; 0; 1169; 1157; 528; 4095; 446
1045; 1257; 933; 334; 354; 0; 1168; 1158; 527; 4095; 443
1043; 1255; 934; 335; 347; 0; 1168; 1159; 523; 4095; 442
1046; 1259; 934; 331; 351; 0; 1172; 1162; 528; 4095; 445
1047; 1262; 931; 333; 353; 0; 1175; 1168; 525; 4095; 443
1046; 1261; 939; 333; 348; 0; 1173; 1163; 522; 4095; 437
1047; 1261; 940; 333; 352; 0; 1177; 1168; 528; 4095; 445
1045; 1264; 944; 335; 353; 0; 1181; 1169; 528; 4095; 448
1047; 1264; 944; 333; 354; 0; 1182; 1168; 525; 4095; 447
1045; 1265; 944; 333; 353; 0; 1183; 1168; 523; 4095; 446
1043; 1264; 942; 335; 352; 0; 1180; 1169; 528; 4095; 445
1047; 1267; 947; 336; 358; 0; 1186; 1173; 525; 4095; 446
1047; 1303; 944; 336; 358; 0; 1186; 1176; 524; 4095; 443
1054; 1267; 945; 336; 357; 0; 1190; 1178; 523; 4095; 447
1054; 1273; 948; 338; 357; 0; 1194; 1180; 528; 4095; 446
1056; 1271; 946; 338; 364; 0; 1195; 1185; 527; 4095; 443
1056; 1275; 947; 335; 366; 0; 1197; 1223; 528; 4095; 445
1056; 1269; 954; 336; 362; 0; 1197; 1187; 528; 4095; 447
1057; 1277; 950; 341; 361; 0; 1197; 1191; 527; 4095; 442
1057; 1273; 949; 338; 362; 0; 1201; 1196; 523; 4095; 439
1058; 1274; 950; 336; 366; 0; 1202; 1197; 528; 4095; 441
1056; 1277; 959; 341; 368; 0; 1200; 1196; 527; 4095; 445
1059; 1275; 957; 343; 367; 0; 1205; 1200; 528; 4095; 448
1056; 1277; 957; 339; 368; 0; 1205; 1197; 526; 4095; 447
1078; 1271; 961; 344; 363; 0; 1206; 1201; 528; 4095; 449
1046; 1279; 957; 340; 365; 0; 1207; 1202; 526; 4095; 444
1058; 1275; 955; 341; 368; 0; 1207; 1202; 519; 4095; 445
1057; 1281; 958; 337; 367; 0; 1211; 1206; 527; 4095; 448
1056; 1277; 962; 347; 368; 0; 1211; 1207; 528; 4095; 443
1056; 1279; 959; 339; 367; 0; 1214; 1213; 522; 4095; 443
1056; 1282; 961; 347; 368; 0; 1215; 1210; 518; 4095; 448
1054; 1283; 965; 347; 368; 0; 1212; 1205; 525; 4095; 454
1050; 1280; 1002; 337; 368; 0; 1215; 1207; 524; 4095; 448
1050; 1280; 960; 343; 368; 0; 1216; 1211; 528; 4095; 442
1052; 1277; 964; 346; 369; 0; 1214; 1214; 522; 4095; 446
1053; 1281; 962; 343; 368; 0; 1218; 1213; 523; 4095; 414
1052; 1277; 1022; 341; 368; 0; 1218; 1214; 524; 4095; 446
1050; 1285; 965; 339; 368; 0; 1219; 1218; 526; 4095; 445
1054; 1283; 930; 343; 369; 0; 1217; 1215; 525; 4095; 446
1057; 1285; 975; 341; 369; 0; 1221; 1216; 525; 4095; 447
1055; 1285; 970; 345; 370; 0; 1221; 1219; 522; 4095; 447
1056; 1285; 975; 324; 371; 0; 1226; 1222; 526; 4095; 448
1057; 1294; 971; 343; 368; 0; 1223; 1217; 522; 4095; 448
1055; 1286; 973; 345; 369; 0; 1225; 1219; 521; 4095; 443
1059; 1285; 976; 350; 375; 0; 1223; 1223; 523; 4095; 445
1061; 1285; 973; 346; 368; 0; 1226; 1218; 524; 4095; 449
1062; 1284; 976; 347; 351; 0; 1227; 1225; 523; 4095; 443
1061; 1286; 970; 345; 375; 0; 1229; 1227; 524; 4095; 448
1061; 1289; 976; 351; 369; 0; 1230; 1225; 519; 4095; 466
1066; 1287; 976; 343; 374; 0; 1224; 1231; 521; 4095; 443
1067; 1285; 973; 349; 373; 0; 1232; 1230; 523; 4095; 446
1070; 1287; 976; 343; 374; 0; 1232; 1232; 518; 4095; 447
1070; 1292; 981; 347; 369; 0; 1232; 1232; 525; 4095; 447
1071; 1292; 979; 350; 370; 0; 1231; 1233; 526; 4095; 450
1072; 1287; 983; 345; 369; 0; 1232; 1233; 525; 4095; 445
1072; 1291; 981; 350; 374; 0; 1230; 1232; 511; 4095; 447
1072; 1293; 982; 350; 374; 0; 1232; 1233; 525; 4095; 444
1073; 1290; 979; 349; 370; 0; 1235; 1234; 517; 4095; 449
1075; 1291; 981; 355; 374; 0; 1234; 1236; 523; 4095; 449
1073; 1284; 983; 350; 370; 0; 1234; 1245; 522; 4095; 439
1073; 1291; 990; 352; 375; 0; 1234; 1241; 522; 4095; 449
1075; 1293; 986; 352; 373; 0; 1235; 1242; 524; 4095; 452
1081; 1293; 989; 351; 374; 0; 1234; 1248; 519; 4095; 448
1075; 1296; 976; 352; 368; 0; 1234; 1246; 525; 4095; 448
1102; 1296; 986; 352; 374; 0; 1241; 1247; 522; 4095; 442
1104; 1293; 991; 350; 375; 0; 1239; 1250; 523; 4095; 439
1078; 1295; 979; 353; 371; 0; 1239; 1247; 517; 4095; 446
1077; 1294; 986; 348; 377; 0; 1239; 1248; 521; 4095; 448
1077; 1294; 988; 350; 370; 0; 1241; 1253; 519; 4095; 446
1078; 1295; 987; 353; 375; 0; 1218; 1251; 519; 4095; 448
1075; 1296; 989; 346; 373; 0; 1242; 1250; 522; 4095; 450
1074; 1295; 985; 347; 368; 0; 1243; 1254; 521; 4095; 446
1072; 1296; 993; 353; 373; 0; 1245; 1251; 522; 4095; 449
1072; 1294; 990; 348; 373; 0; 1244; 1237; 518; 4095; 448
1070; 1296; 991; 352; 365; 0; 1245; 1249; 510; 4095; 442
1072; 1296; 991; 368; 368; 0; 1242; 1254; 529; 4095; 501
1072; 1297; 990; 355; 374; 0; 1245; 1252; 517; 4095; 448
1072; 1298; 998; 355; 374; 0; 1249; 1249; 519; 4095; 449
1065; 1298; 992; 353; 379; 0; 1245; 1249; 518; 4095; 449
1067; 1300; 992; 352; 375; 0; 1244; 1258; 510; 4095; 448
1066; 1299; 993; 357; 378; 0; 1243; 1281; 518; 4095; 451
1086; 1301; 992; 350; 374; 0; 1246; 1255; 518; 4095; 443
1069; 1301; 994; 354; 380; 0; 1247; 1254; 517; 4095; 437
1065; 1302; 1005; 359; 377; 0; 1251; 1253; 518; 4095; 450
1065; 1301; 995; 353; 378; 0; 1245; 1255; 517; 4095; 451
1065; 1301; 995; 349; 377; 0; 1246; 1259; 517; 4095; 448
1066; 1331; 1005; 350; 378; 0; 1249; 1257; 507; 4095; 448
1071; 1305; 997; 356; 377; 0; 1248; 1259; 509; 4095; 450
1071; 1301; 998; 352; 377; 0; 1249; 1264; 507; 4095; 445
1069; 1303; 996; 355; 375; 0; 1251; 1258; 511; 4095; 448
1070; 1303; 997; 350; 382; 0; 1253; 1264; 511; 4095; 448
1072; 1302; 1005; 351; 381; 0; 1253; 1264; 510; 4095; 448
1057; 1302; 1003; 349; 377; 0; 1255; 1264; 496; 4095; 401
1072; 1303; 1006; 350; 377; 0; 1255; 1265; 518; 4095; 452
1072; 1302; 1002; 359; 377; 0; 1251; 1264; 522; 4095; 447
1077; 1301; 1008; 358; 381; 0; 1259; 1264; 509; 4095; 448
1072; 1303; 1006; 355; 379; 0; 1258; 1266; 511; 4095; 447
1073; 1303; 999; 355; 375; 0; 1264; 1270; 518; 4095; 452
1075; 1303; 1007; 361; 377; 0; 1261; 1264; 509; 4095; 449
1075; 1306; 1008; 359; 378; 0; 1258; 1271; 509; 4095; 448
1076; 1310; 1011; 365; 377; 0; 1261; 1271; 510; 4095; 454
1077; 1309; 1007; 361; 375; 0; 1259; 1271; 506; 4095; 450
1077; 1303; 1008; 367; 375; 0; 1263; 1278; 517; 4095; 449
1080; 1303; 1013; 357; 375; 0; 1264; 1278; 511; 4095; 446
1082; 1306; 1009; 362; 381; 0; 1290; 1274; 507; 4095; 446
1083; 1309; 1015; 363; 380; 0; 1264; 1279; 511; 4095; 453
1082; 1306; 1009; 362; 382; 0; 1263; 1281; 523; 4095; 446
1086; 1308; 1011; 359; 379; 0; 1264; 1277; 519; 4095; 455
1088; 1302; 1014; 365; 375; 0; 1264; 1280; 518; 4095; 451
1089; 1303; 1014; 364; 382; 0; 1264; 1284; 555; 4095; 445
1088; 1303; 1011; 360; 377; 0; 1264; 1280; 519; 4095; 444
1091; 1307; 1015; 359; 378; 0; 1263; 1284; 518; 4095; 451
1090; 1306; 1013; 359; 377; 0; 1265; 1287; 527; 4095; 451
1095; 1302; 1018; 362; 381; 0; 1265; 1285; 510; 4095; 453
1093; 1268; 1019; 351; 375; 0; 1265; 1290; 509; 4095; 446
1095; 1305; 1022; 354; 381; 0; 1267; 1290; 510; 4095; 449
1101; 1302; 1019; 359; 380; 0; 1266; 1293; 521; 4095; 449
1101; 1300; 1011; 363; 373; 0; 1265; 1296; 519; 4095; 451
1100; 1298; 1030; 359; 375; 0; 1267; 1290; 522; 4095; 443
1104; 1302; 1018; 353; 371; 0; 1265; 1295; 519; 4095; 451
1104; 1303; 1033; 321; 377; 0; 1266; 1295; 523; 4095; 442
1104; 1297; 1021; 357; 378; 0; 1271; 1298; 511; 4095; 450
1104; 1303; 1033; 362; 378; 0; 1270; 1297; 527; 4095; 447
1110; 1299; 1031; 358; 376; 0; 1268; 1299; 523; 4095; 449
1111; 1298; 1023; 366; 375; 0; 1273; 1299; 523; 4095; 448
1111; 1299; 1031; 364; 376; 0; 1273; 1297; 523; 4095; 447
1111; 1299; 1031; 366; 358; 0; 1277; 1297; 521; 4095; 450
1114; 1300; 1033; 357; 375; 0; 1271; 1299; 522; 4095; 448
1114; 1297; 1030; 362; 375; 0; 1271; 1305; 522; 4095; 459
1119; 1297; 1040; 363; 377; 0; 1278; 1303; 520; 4095; 447
1113; 1297; 1035; 359; 373; 0; 1274; 1307; 523; 4095; 450
1119; 1299; 1039; 362; 373; 0; 1267; 1306; 511; 4095; 448
1119; 1298; 1033; 363; 378; 0; 1277; 1309; 511; 4095; 446
1118; 1297; 1035; 367; 375; 0; 1275; 1312; 523; 4095; 451
1120; 1297; 1034; 368; 372; 0; 1277; 1309; 527; 4095; 450
1124; 1302; 1035; 368; 374; 0; 1279; 1307; 519; 4095; 449
1123; 1299; 1040; 372; 375; 0; 1278; 1315; 525; 4095; 448
1121; 1300; 1040; 368; 373; 0; 1281; 1313; 524; 4095; 447
1125; 1303; 1037; 368; 371; 0; 1280; 1315; 527; 4095; 450
1125; 1303; 1055; 371; 375; 0; 1280; 1312; 511; 4095; 451
1126; 1302; 1040; 371; 374; 0; 1280; 1317; 526; 4095; 445
1124; 1305; 1040; 368; 379; 0; 1280; 1318; 526; 4095; 451
1127; 1303; 1046; 368; 372; 0; 1281; 1322; 523; 4095; 453
1126; 1306; 1039; 370; 372; 0; 1283; 1318; 526; 4095; 449
1126; 1302; 1045; 370; 379; 0; 1281; 1318; 509; 4095; 448
1127; 1299; 1039; 367; 371; 0; 1282; 1323; 528; 4095; 447
1131; 1303; 1046; 367; 375; 0; 1280; 1319; 521; 4095; 453
1133; 1302; 1050; 375; 368; 0; 1282; 1325; 522; 4095; 453
1150; 1301; 1040; 368; 375; 0; 1285; 1322; 522; 4095; 447
1135; 1301; 1047; 372; 378; 0; 1285; 1326; 521; 4095; 446
1136; 1303; 1042; 362; 371; 0; 1281; 1323; 526; 4095; 448
1137; 1296; 1045; 364; 374; 0; 1287; 1327; 528; 4095; 451
1137; 1299; 1045; 365; 370; 0; 1283; 1328; 525; 4095; 448
1140; 1297; 1053; 359; 369; 0; 1280; 1331; 522; 4095; 400
1149; 1296; 1048; 357; 370; 0; 1286; 1333; 519; 4095; 448
1153; 1296; 1046; 348; 369; 0; 1287; 1334; 525; 4095; 448
1154; 1296; 1046; 350; 371; 0; 1287; 1337; 524; 4095; 446
1154; 1296; 1046; 345; 367; 0; 1287; 1335; 522; 4095; 447
1158; 1297; 1051; 343; 368; 0; 1286; 1332; 521; 4095; 447
1159; 1296; 1045; 335; 367; 0; 1284; 1337; 525; 4095; 446
1159; 1296; 1046; 335; 368; 0; 1286; 1334; 525; 4095; 458
1159; 1296; 1044; 326; 358; 0; 1282; 1336; 519; 4095; 437
1157; 1296; 1040; 323; 359; 0; 1280; 1335; 521; 4095; 432
1156; 1289; 1045; 319; 364; 0; 1278; 1335; 518; 4095; 438
1154; 1289; 1039; 315; 359; 0; 1286; 1335; 510; 4095; 434
1152; 1283; 1039; 310; 353; 0; 1278; 1333; 517; 4095; 431
1150; 1282; 1035; 304; 353; 0; 1278; 1333; 511; 4095; 433
1149; 1279; 1040; 304; 352; 0; 1270; 1330; 510; 4095; 433
1145; 1271; 1029; 301; 347; 0; 1269; 1328; 502; 4095; 429
1143; 1269; 1021; 272; 331; 0; 1264; 1325; 505; 4095; 430
1141; 1264; 1033; 310; 341; 0; 1264; 1328; 470; 4095; 431
1139; 1264; 1021; 310; 345; 0; 1263; 1325; 510; 4095; 427
1139; 1264; 1014; 315; 341; 0; 1257; 1318; 511; 4095; 423
1140; 1261; 1030; 313; 341; 0; 1258; 1325; 510; 4095; 431
1142; 1261; 1017; 312; 336; 0; 1255; 1321; 518; 4095; 422
1142; 1257; 1021; 318; 335; 0; 1254; 1319; 509; 4095; 430
1147; 1261; 1034; 315; 336; 0; 1258; 1328; 510; 4095; 432
1150; 1260; 1023; 318; 336; 0; 1257; 1324; 510; 4095; 423
1151; 1259; 1031; 315; 335; 0; 1253; 1324; 502; 4095; 432
1150; 1258; 1019; 310; 334; 0; 1255; 1325; 506; 4095; 432
1152; 1260; 1022; 316; 336; 0; 1254; 1328; 506; 4095; 429
1153; 1264; 1029; 320; 336; 0; 1273; 1328; 509; 4095; 433
1153; 1274; 1023; 318; 337; 0; 1263; 1323; 506; 4095; 434
1155; 1291; 1030; 311; 336; 0; 1237; 1328; 509; 4095; 431
1157; 1263; 1022; 317; 336; 0; 1257; 1326; 505; 4095; 425
1153; 1261; 1033; 317; 336; 0; 1251; 1325; 505; 4095; 429
1159; 1264; 1034; 311; 336; 0; 1248; 1328; 507; 4095; 430
1158; 1264; 1037; 321; 334; 0; 1249; 1313; 506; 4095; 431
1153; 1264; 1023; 320; 336; 0; 1248; 1315; 507; 4095; 430
1159; 1264; 1023; 322; 335; 0; 1247; 1318; 506; 4095; 427
1154; 1264; 1022; 320; 334; 0; 1248; 1318; 508; 4095; 429
1159; 1264; 1015; 323; 336; 0; 1247; 1314; 504; 4095; 418
1154; 1264; 1017; 324; 334; 0; 1243; 1314; 509; 4095; 430
1156; 1264; 1021; 327; 334; 0; 1241; 1313; 507; 4095; 426
1158; 1263; 1011; 332; 334; 0; 1241; 1314; 507; 4095; 427
1157; 1261; 1023; 331; 329; 0; 1239; 1314; 501; 4095; 429
1158; 1263; 1017; 330; 331; 0; 1238; 1313; 501; 4095; 427
1155; 1261; 1018; 322; 333; 0; 1239; 1311; 501; 4095; 429
1158; 1264; 1014; 323; 322; 0; 1237; 1311; 507; 4095; 421
1163; 1263; 1017; 321; 331; 0; 1236; 1306; 502; 4095; 419
1153; 1264; 1010; 315; 327; 0; 1237; 1305; 497; 4095; 432
1151; 1262; 1010; 316; 329; 0; 1232; 1310; 502; 4095; 430
1155; 1262; 1014; 317; 327; 0; 1232; 1310; 502; 4095; 427
1149; 1270; 1012; 325; 326; 0; 1232; 1310; 501; 4095; 426
1147; 1263; 1010; 321; 326; 0; 1236; 1306; 502; 4095; 428
1150; 1263; 1009; 326; 326; 0; 1235; 1309; 500; 4095; 417
1146; 1264; 1018; 331; 327; 0; 1232; 1310; 502; 4095; 424
1136; 1264; 1015; 325; 326; 0; 1233; 1312; 506; 4095; 421
1136; 1261; 1015; 322; 326; 0; 1233; 1311; 497; 4095; 418
1126; 1264; 1009; 332; 323; 0; 1234; 1305; 499; 4095; 420
1123; 1264; 1014; 334; 326; 0; 1232; 1306; 493; 4095; 418
1122; 1264; 1014; 336; 329; 0; 1233; 1297; 496; 4095; 421
1121; 1264; 1010; 325; 330; 0; 1230; 1295; 496; 4095; 426
1116; 1264; 1008; 319; 331; 0; 1234; 1296; 493; 4095; 423
1109; 1264; 1013; 323; 329; 0; 1234; 1294; 491; 4095; 423
1108; 1265; 1008; 317; 331; 0; 1227; 1293; 496; 4095; 421
1104; 1264; 1008; 322; 325; 0; 1231; 1288; 493; 4095; 418
1103; 1264; 999; 315; 325; 0; 1228; 1287; 496; 4095; 426
1102; 1266; 985; 319; 329; 0; 1229; 1290; 482; 4095; 423
1097; 1264; 1004; 304; 321; 0; 1231; 1286; 489; 4095; 427
1089; 1265; 1006; 307; 327; 0; 1226; 1284; 495; 4095; 422
1093; 1265; 1007; 304; 321; 0; 1223; 1283; 479; 4095; 419
1087; 1266; 1000; 301; 322; 0; 1225; 1281; 478; 4095; 418
1086; 1264; 999; 294; 326; 0; 1218; 1274; 478; 4095; 418
1086; 1264; 1005; 291; 323; 0; 1217; 1279; 477; 4095; 423
1084; 1264; 1001; 291; 320; 0; 1217; 1273; 479; 4095; 422
1083; 1266; 1003; 294; 321; 0; 1214; 1271; 481; 4095; 418
1089; 1264; 997; 286; 322; 0; 1213; 1270; 480; 4095; 418
1083; 1267; 999; 286; 319; 0; 1215; 1275; 482; 4095; 416
1077; 1264; 998; 293; 315; 0; 1215; 1271; 477; 4095; 419
1082; 1265; 993; 291; 321; 0; 1215; 1264; 478; 4095; 418
1078; 1265; 999; 295; 318; 0; 1213; 1269; 479; 4095; 423
1077; 1267; 1001; 290; 321; 0; 1209; 1266; 481; 4095; 422
1081; 1264; 1001; 292; 318; 0; 1214; 1271; 478; 4095; 418
1083; 1266; 997; 290; 318; 0; 1214; 1273; 473; 4095; 421
1087; 1265; 995; 285; 317; 0; 1217; 1271; 477; 4095; 417
1088; 1267; 994; 287; 318; 0; 1215; 1281; 477; 4095; 421
1085; 1264; 995; 283; 318; 0; 1216; 1271; 475; 4095; 462
1092; 1265; 999; 291; 322; 0; 1216; 1273; 478; 4095; 423
1093; 1265; 1004; 295; 323; 0; 1219; 1280; 476; 4095; 420
1091; 1265; 998; 301; 323; 0; 1218; 1282; 478; 4095; 419
1093; 1264; 997; 297; 324; 0; 1227; 1278; 479; 4095; 415
1101; 1264; 1002; 297; 320; 0; 1221; 1282; 475; 4095; 422
1104; 1264; 1001; 306; 325; 0; 1222; 1283; 473; 4095; 416
1106; 1264; 1007; 302; 327; 0; 1227; 1283; 482; 4095; 422
1109; 1264; 1001; 306; 327; 0; 1227; 1291; 481; 4095; 421
1111; 1264; 1006; 308; 322; 0; 1227; 1277; 480; 4095; 422
1117; 1264; 1005; 286; 301; 0; 1231; 1289; 482; 4095; 417
1119; 1262; 1005; 309; 324; 0; 1232; 1294; 487; 4095; 398
1123; 1262; 1005; 317; 323; 0; 1231; 1295; 485; 4095; 431
1127; 1259; 1006; 309; 326; 0; 1232; 1291; 483; 4095; 411
1129; 1258; 1008; 320; 325; 0; 1233; 1297; 486; 4095; 427
1133; 1263; 1006; 315; 326; 0; 1235; 1297; 481; 4095; 417
1131; 1254; 1004; 314; 326; 0; 1221; 1297; 486; 4095; 418
1133; 1255; 1011; 321; 325; 6; 1233; 1301; 489; 4095; 422
1135; 1257; 1009; 312; 322; 0; 1234; 1299; 485; 4095; 419
1136; 1261; 1008; 313; 322; 0; 1237; 1302; 477; 4095; 419
1136; 1253; 1010; 316; 322; 0; 1235; 1305; 486; 4095; 410
1135; 1254; 1004; 317; 321; 0; 1232; 1307; 485; 4095; 415
1138; 1254; 1008; 318; 322; 0; 1235; 1303; 484; 4095; 416
1136; 1258; 1011; 318; 323; 0; 1268; 1301; 484; 4095; 409
1134; 1250; 1009; 319; 321; 0; 1233; 1300; 485; 4095; 427
1129; 1250; 1011; 318; 320; 0; 1234; 1297; 482; 4095; 417
1133; 1249; 1010; 310; 321; 0; 1235; 1306; 483; 4095; 418
1125; 1246; 1008; 310; 317; 0; 1232; 1299; 478; 4095; 417
1131; 1247; 1013; 307; 324; 0; 1236; 1304; 485; 4095; 422
1127; 1245; 1005; 306; 318; 0; 1237; 1301; 483; 4095; 416
1125; 1247; 1008; 304; 319; 0; 1233; 1306; 483; 4095; 411
1125; 1246; 1008; 303; 319; 0; 1237; 1305; 481; 4095; 417
1126; 1250; 1008; 295; 319; 0; 1232; 1303; 481; 4095; 415
1126; 1246; 1015; 275; 320; 0; 1236; 1308; 471; 4095; 412
1130; 1237; 1009; 291; 311; 0; 1232; 1299; 483; 4095; 403
1131; 1241; 1009; 293; 315; 0; 1232; 1300; 484; 4095; 415
1135; 1242; 1013; 299; 317; 0; 1232; 1299; 478; 4095; 417
1134; 1238; 1009; 294; 315; 0; 1232; 1301; 484; 4095; 416
1135; 1241; 1008; 302; 310; 0; 1232; 1307; 482; 4095; 409
1133; 1241; 1008; 301; 317; 0; 1232; 1298; 479; 4095; 413
1134; 1235; 1004; 304; 317; 0; 1232; 1301; 482; 4095; 417
1136; 1239; 1011; 302; 314; 0; 1232; 1297; 484; 4095; 414
1138; 1241; 1009; 304; 314; 0; 1232; 1302; 486; 4095; 417
1136; 1238; 1015; 313; 310; 0; 1229; 1309; 477; 4095; 409
1136; 1237; 1009; 305; 314; 0; 1234; 1309; 483; 4095; 415
1136; 1210; 1008; 309; 309; 0; 1232; 1305; 481; 4095; 415
1136; 1239; 1006; 316; 316; 0; 1232; 1309; 479; 4095; 411
1137; 1238; 1014; 315; 314; 0; 1232; 1309; 485; 4095; 417
1137; 1238; 1050; 309; 313; 0; 1233; 1304; 483; 4095; 413
1136; 1240; 1007; 309; 309; 0; 1232; 1312; 483; 4095; 418
1136; 1239; 1008; 320; 314; 0; 1235; 1314; 487; 4095; 413
1136; 1239; 1014; 314; 317; 0; 1234; 1310; 494; 4095; 468
1137; 1239; 1009; 321; 315; 0; 1235; 1311; 488; 4095; 416
1138; 1243; 1009; 320; 311; 0; 1236; 1313; 489; 4095; 417
1137; 1239; 1013; 321; 317; 0; 1239; 1316; 485; 4095; 417
1136; 1255; 1015; 322; 321; 0; 1233; 1313; 491; 4095; 410
1136; 1246; 1009; 319; 314; 0; 1243; 1310; 489; 4095; 416
1138; 1239; 1008; 325; 319; 0; 1239; 1315; 483; 4095; 411
1136; 1247; 985; 322; 311; 0; 1239; 1314; 487; 4095; 413
1143; 1241; 1009; 327; 320; 0; 1238; 1328; 485; 4095; 413
1139; 1241; 1012; 320; 294; 0; 1244; 1303; 491; 4095; 415
1139; 1242; 1007; 327; 306; 0; 1239; 1320; 510; 4095; 411
1141; 1245; 1015; 324; 320; 0; 1245; 1319; 485; 4095; 411
1141; 1241; 1014; 331; 318; 0; 1243; 1319; 494; 4095; 416
1143; 1243; 1008; 328; 320; 0; 1245; 1319; 487; 4095; 413
1145; 1239; 1013; 335; 319; 0; 1239; 1317; 493; 4095; 416
1140; 1243; 1011; 330; 321; 0; 1246; 1327; 495; 4095; 417
1143; 1246; 1017; 331; 322; 0; 1245; 1319; 490; 4095; 413
1147; 1239; 1008; 335; 319; 0; 1249; 1319; 487; 4095; 411
1146; 1242; 1010; 334; 318; 0; 1246; 1325; 491; 4095; 414
1147; 1242; 1009; 336; 320; 0; 1246; 1324; 490; 4095; 414
1146; 1242; 1011; 336; 321; 0; 1249; 1328; 492; 4095; 415
1146; 1243; 1014; 335; 318; 0; 1247; 1326; 492; 4095; 412
1146; 1235; 1009; 342; 320; 0; 1250; 1328; 492; 4095; 416
1143; 1238; 1037; 336; 318; 0; 1250; 1327; 496; 4095; 413
1141; 1238; 1010; 340; 320; 0; 1247; 1324; 491; 4095; 412
1137; 1238; 1008; 346; 321; 0; 1252; 1327; 489; 4095; 413
1136; 1243; 1009; 343; 320; 0; 1249; 1325; 487; 4095; 410
1133; 1240; 1003; 339; 323; 0; 1248; 1326; 491; 4095; 415
1127; 1242; 1008; 343; 324; 0; 1248; 1315; 490; 4095; 415
1122; 1236; 975; 349; 324; 0; 1249; 1317; 491; 4095; 410
1117; 1235; 995; 343; 321; 0; 1248; 1311; 489; 4095; 415
1115; 1235; 993; 318; 326; 0; 1249; 1309; 491; 4095; 409
1105; 1237; 994; 349; 324; 0; 1274; 1310; 492; 4095; 413
1106; 1237; 998; 349; 327; 0; 1246; 1302; 493; 4095; 394
1104; 1234; 992; 346; 321; 0; 1244; 1296; 495; 4095; 411
1098; 1233; 993; 343; 322; 0; 1243; 1295; 493; 4095; 415
1091; 1238; 993; 352; 323; 0; 1241; 1294; 489; 4095; 412
1089; 1234; 981; 350; 321; 0; 1242; 1291; 491; 4095; 406
1110; 1237; 980; 352; 320; 0; 1240; 1286; 494; 4095; 406
1086; 1236; 976; 350; 323; 0; 1237; 1283; 493; 4095; 415
1079; 1235; 976; 352; 320; 0; 1239; 1284; 492; 4095; 408
1077; 1232; 976; 350; 323; 0; 1236; 1279; 487; 4095; 407
1077; 1235; 974; 358; 320; 0; 1232; 1278; 496; 4095; 409
1073; 1234; 969; 351; 321; 0; 1233; 1278; 492; 4095; 413
1072; 1213; 976; 346; 321; 0; 1235; 1280; 496; 4095; 406
1072; 1233; 973; 352; 320; 0; 1234; 1280; 493; 4095; 409
1073; 1233; 976; 351; 320; 0; 1233; 1278; 492; 4095; 409
1071; 1232; 975; 342; 320; 0; 1232; 1276; 494; 4095; 404
1070; 1234; 973; 350; 326; 0; 1233; 1284; 494; 4095; 412
1072; 1232; 971; 350; 319; 0; 1233; 1282; 496; 4095; 403
1075; 1232; 970; 352; 317; 0; 1235; 1279; 492; 4095; 400
1067; 1232; 969; 352; 319; 0; 1234; 1281; 491; 4095; 410
1072; 1232; 976; 352; 322; 0; 1237; 1283; 494; 4095; 407
1073; 1232; 976; 348; 315; 0; 1235; 1280; 490; 4095; 405
1071; 1230; 976; 352; 318; 0; 1237; 1284; 496; 4095; 401
1073; 1231; 976; 351; 308; 0; 1235; 1284; 496; 4095; 414
1072; 1231; 975; 353; 320; 0; 1237; 1280; 496; 4095; 412
1072; 1231; 969; 349; 314; 0; 1237; 1283; 493; 4095; 410
1072; 1231; 976; 347; 315; 0; 1235; 1281; 493; 4095; 400
1077; 1232; 974; 354; 315; 0; 1238; 1315; 491; 4095; 407
1075; 1227; 974; 352; 320; 0; 1242; 1283; 495; 4095; 410
1079; 1229; 976; 355; 317; 0; 1237; 1282; 497; 4095; 404
1082; 1229; 974; 353; 321; 0; 1243; 1287; 498; 4095; 406
1075; 1223; 975; 354; 322; 0; 1239; 1285; 497; 4095; 406
1081; 1228; 975; 349; 314; 0; 1238; 1285; 495; 4095; 403
1082; 1226; 974; 355; 313; 0; 1237; 1286; 496; 4095; 409
1083; 1223; 976; 352; 320; 0; 1235; 1286; 496; 4095; 405
1085; 1227; 974; 341; 316; 0; 1246; 1294; 496; 4095; 413
1088; 1222; 978; 346; 319; 0; 1241; 1295; 492; 4095; 405
1088; 1221; 976; 339; 317; 0; 1239; 1294; 487; 4095; 407
1089; 1225; 976; 336; 327; 0; 1240; 1291; 495; 4095; 405
1095; 1221; 975; 339; 316; 0; 1239; 1294; 479; 4095; 439
1088; 1222; 980; 336; 317; 0; 1239; 1297; 496; 4095; 403
1097; 1222; 976; 336; 321; 0; 1242; 1291; 491; 4095; 407
1103; 1221; 982; 336; 317; 0; 1244; 1296; 496; 4095; 404
1101; 1219; 980; 337; 318; 0; 1238; 1297; 495; 4095; 405
1103; 1220; 979; 336; 315; 0; 1268; 1298; 494; 4095; 410
1104; 1222; 983; 329; 320; 0; 1243; 1296; 496; 4095; 409
1106; 1221; 985; 330; 318; 0; 1244; 1297; 493; 4095; 417
1105; 1216; 982; 329; 314; 0; 1243; 1296; 490; 4095; 408
1107; 1223; 985; 323; 309; 0; 1247; 1311; 496; 4095; 405
1110; 1218; 978; 324; 313; 0; 1243; 1297; 487; 4095; 411
1111; 1222; 985; 325; 311; 0; 1244; 1307; 463; 4095; 416
1111; 1218; 987; 329; 317; 0; 1247; 1307; 496; 4095; 407
1119; 1221; 994; 326; 317; 0; 1243; 1301; 491; 4095; 413
1111; 1219; 986; 324; 315; 0; 1247; 1301; 491; 4095; 410
1118; 1218; 990; 323; 315; 0; 1247; 1309; 494; 4095; 410
1114; 1216; 991; 332; 316; 0; 1248; 1297; 496; 4095; 413
1114; 1222; 989; 326; 314; 0; 1250; 1306; 494; 4095; 420
1113; 1219; 989; 334; 314; 0; 1250; 1306; 502; 4095; 409
1109; 1223; 955; 336; 313; 0; 1247; 1303; 492; 4095; 415
1105; 1226; 955; 336; 317; 0; 1252; 1300; 496; 4095; 414
1104; 1224; 996; 368; 318; 0; 1250; 1298; 492; 4095; 414
1105; 1225; 999; 337; 318; 0; 1251; 1300; 491; 4095; 409
1103; 1222; 993; 333; 317; 0; 1250; 1298; 493; 4095; 415
1099; 1225; 997; 336; 318; 0; 1252; 1300; 491; 4095; 419
1097; 1221; 993; 336; 320; 0; 1252; 1297; 490; 4095; 413
1093; 1225; 997; 336; 314; 0; 1252; 1296; 489; 4095; 416
1094; 1223; 989; 336; 320; 0; 1252; 1296; 487; 4095; 418
1089; 1229; 995; 338; 322; 0; 1251; 1296; 490; 4095; 415
1088; 1227; 996; 336; 323; 0; 1250; 1296; 490; 4095; 417
1085; 1229; 994; 336; 317; 0; 1252; 1296; 487; 4095; 420
1083; 1227; 993; 336; 319; 0; 1253; 1271; 487; 4095; 417
1081; 1231; 995; 317; 319; 0; 1254; 1294; 490; 4095; 421
1079; 1232; 998; 343; 322; 0; 1251; 1296; 496; 4095; 417
1074; 1210; 989; 344; 323; 0; 1231; 1295; 496; 4095; 419
1073; 1232; 990; 341; 323; 0; 1254; 1292; 493; 4095; 416
1073; 1233; 989; 341; 322; 0; 1250; 1291; 496; 4095; 418
1069; 1232; 991; 344; 323; 0; 1251; 1283; 493; 4095; 418
1069; 1231; 987; 346; 323; 0; 1253; 1287; 493; 4095; 418
1070; 1233; 995; 346; 321; 0; 1255; 1283; 532; 4095; 422
1056; 1233; 987; 347; 326; 0; 1255; 1281; 496; 4095; 416
1063; 1233; 991; 345; 327; 0; 1251; 1281; 494; 4095; 416
1067; 1232; 985; 343; 323; 0; 1255; 1291; 491; 4095; 417
1068; 1232; 991; 343; 322; 0; 1257; 1292; 496; 4095; 419
1070; 1222; 988; 346; 324; 0; 1253; 1286; 501; 4095; 412
1068; 1233; 990; 343; 321; 0; 1253; 1290; 495; 4095; 410
1072; 1234; 991; 346; 325; 0; 1260; 1286; 493; 4095; 416
1073; 1233; 987; 347; 323; 0; 1254; 1292; 493; 4095; 419
1073; 1235; 987; 350; 320; 0; 1259; 1295; 496; 4095; 415
1077; 1232; 991; 342; 323; 0; 1257; 1296; 493; 4095; 418
1085; 1232; 985; 351; 358; 0; 1259; 1299; 496; 4095; 417
1085; 1231; 992; 353; 323; 0; 1255; 1296; 494; 4095; 415
1089; 1232; 991; 355; 325; 0; 1255; 1296; 496; 4095; 419
1091; 1231; 987; 352; 327; 0; 1255; 1296; 496; 4095; 413
1099; 1228; 987; 353; 321; 0; 1262; 1296; 496; 4095; 417
1099; 1229; 986; 354; 320; 0; 1257; 1299; 496; 4095; 410
1104; 1228; 992; 356; 320; 0; 1259; 1305; 502; 4095; 411
1104; 1227; 993; 347; 321; 0; 1255; 1301; 497; 4095; 412
1107; 1222; 994; 355; 319; 0; 1257; 1306; 496; 4095; 413
1108; 1223; 987; 352; 322; 0; 1258; 1297; 497; 4095; 405
1109; 1222; 987; 348; 318; 0; 1253; 1301; 495; 4095; 407
1111; 1216; 989; 350; 318; 0; 1258; 1302; 496; 4095; 410
1113; 1219; 990; 353; 320; 0; 1253; 1307; 496; 4095; 405
1114; 1216; 994; 353; 319; 0; 1255; 1307; 496; 4095; 409
1111; 1216; 989; 353; 319; 0; 1251; 1309; 495; 4095; 407
1117; 1210; 999; 353; 315; 0; 1257; 1309; 496; 4095; 411
1119; 1215; 993; 353; 320; 0; 1259; 1315; 494; 4095; 406
1121; 1216; 993; 357; 319; 0; 1261; 1314; 497; 4095; 407
1124; 1210; 1002; 349; 321; 0; 1261; 1314; 501; 4095; 419
1123; 1215; 999; 350; 318; 0; 1261; 1315; 496; 4095; 419
1125; 1211; 1003; 361; 318; 0; 1259; 1312; 496; 4095; 411
1127; 1211; 1006; 358; 314; 5; 1260; 1315; 499; 4095; 417
1122; 1215; 1006; 353; 320; 0; 1261; 1314; 499; 4095; 418
1119; 1213; 1000; 361; 315; 0; 1262; 1319; 500; 4095; 417
1123; 1211; 1066; 357; 320; 0; 1264; 1318; 497; 4095; 411
1124; 1213; 1003; 359; 318; 0; 1263; 1317; 497; 4095; 420
1130; 1213; 1002; 358; 315; 0; 1263; 1323; 499; 4095; 418
1129; 1247; 1008; 357; 317; 0; 1264; 1319; 497; 4095; 467
1131; 1218; 1002; 363; 318; 0; 1263; 1322; 500; 4095; 414
1130; 1212; 1008; 362; 313; 0; 1263; 1317; 500; 4095; 423
1135; 1213; 1008; 368; 317; 0; 1264; 1324; 499; 4095; 416
1133; 1217; 1008; 365; 321; 0; 1265; 1323; 501; 4095; 418
1136; 1217; 1008; 365; 321; 0; 1264; 1327; 499; 4095; 418
1122; 1213; 1008; 364; 319; 0; 1267; 1326; 504; 4095; 415
1153; 1211; 1008; 362; 315; 0; 1266; 1328; 502; 4095; 413
1134; 1212; 1010; 366; 317; 0; 1265; 1327; 496; 4095; 417
1137; 1210; 1008; 368; 320; 0; 1265; 1328; 499; 4095; 416
1136; 1211; 1008; 367; 320; 0; 1265; 1328; 499; 4095; 413
1136; 1211; 1008; 368; 320; 0; 1265; 1328; 500; 4095; 417
1142; 1205; 1010; 368; 320; 0; 1269; 1334; 503; 4095; 412
1138; 1211; 1013; 364; 321; 0; 1267; 1329; 502; 4095; 418
1141; 1206; 1008; 364; 318; 0; 1266; 1331; 506; 4095; 415
1146; 1205; 1004; 365; 315; 0; 1266; 1330; 503; 4095; 415
1148; 1206; 1011; 359; 345; 0; 1265; 1333; 497; 4095; 410
1149; 1204; 1005; 363; 315; 0; 1266; 1328; 497; 4095; 409
1153; 1204; 1006; 367; 319; 0; 1265; 1336; 502; 4095; 409
1152; 1200; 1006; 365; 310; 0; 1266; 1333; 506; 4095; 407
1155; 1200; 1007; 368; 317; 0; 1266; 1338; 509; 4095; 411
1155; 1201; 1011; 360; 311; 0; 1265; 1334; 501; 4095; 412
1157; 1200; 1010; 362; 315; 0; 1266; 1337; 506; 4095; 411
1157; 1205; 1008; 361; 311; 0; 1250; 1330; 499; 4095; 411
1162; 1201; 1011; 358; 315; 0; 1264; 1337; 498; 4095; 414
1161; 1200; 1006; 361; 311; 0; 1264; 1337; 498; 4095; 415
1161; 1200; 1007; 362; 311; 0; 1263; 1335; 507; 4095; 409
1165; 1197; 1008; 358; 314; 0; 1264; 1341; 505; 4095; 406
1163; 1199; 1010; 367; 311; 0; 1264; 1337; 499; 4095; 403
1162; 1200; 1007; 363; 309; 0; 1264; 1339; 496; 4095; 401
1157; 1200; 1007; 367; 313; 0; 1264; 1331; 502; 4095; 409
1157; 1200; 1008; 368; 315; 0; 1264; 1334; 498; 4095; 409
1150; 1200; 1008; 367; 314; 0; 1264; 1337; 505; 4095; 417
1150; 1199; 1009; 370; 317; 0; 1265; 1335; 503; 4095; 415
1147; 1182; 1006; 368; 319; 0; 1266; 1332; 496; 4095; 413
1142; 1206; 1008; 369; 320; 0; 1267; 1330; 497; 4095; 417
1137; 1206; 1013; 372; 318; 0; 1268; 1332; 505; 4095; 418
1136; 1205; 1008; 370; 318; 0; 1270; 1324; 505; 4095; 415
1125; 1209; 1006; 367; 305; 0; 1269; 1324; 497; 4095; 413
1128; 1210; 1010; 373; 314; 0; 1267; 1322; 504; 4095; 422
1118; 1210; 1005; 369; 320; 0; 1265; 1319; 501; 4095; 379
1117; 1211; 999; 373; 321; 0; 1267; 1322; 504; 4095; 417
1113; 1211; 999; 374; 324; 0; 1269; 1322; 496; 4095; 421
1109; 1218; 1001; 371; 321; 0; 1266; 1317; 502; 4095; 415
1107; 1210; 998; 378; 322; 0; 1263; 1313; 501; 4095; 414
1104; 1217; 1003; 379; 321; 0; 1265; 1319; 503; 4095; 407
1103; 1219; 993; 374; 323; 0; 1269; 1310; 498; 4095; 410
1104; 1218; 997; 372; 319; 0; 1266; 1317; 497; 4095; 414
1102; 1222; 998; 372; 323; 0; 1269; 1314; 499; 4095; 416
1102; 1220; 997; 368; 321; 0; 1267; 1324; 502; 4095; 415
1124; 1225; 1001; 380; 325; 0; 1267; 1317; 498; 4095; 415
1100; 1223; 998; 373; 323; 0; 1266; 1310; 504; 4095; 414
1098; 1222; 1002; 368; 320; 0; 1264; 1317; 499; 4095; 416
1097; 1223; 995; 368; 325; 0; 1266; 1313; 502; 4095; 417
1100; 1223; 990; 368; 322; 0; 1267; 1315; 499; 4095; 414
1099; 1223; 998; 373; 323; 0; 1267; 1318; 496; 4095; 413
1099; 1221; 1005; 368; 324; 0; 1264; 1312; 502; 4095; 421
1101; 1223; 1001; 370; 324; 0; 1267; 1314; 496; 4095; 413
1099; 1219; 1022; 373; 321; 0; 1271; 1312; 503; 4095; 421
1094; 1223; 995; 371; 321; 0; 1266; 1287; 497; 4095; 413
1098; 1223; 997; 355; 352; 0; 1268; 1303; 501; 4095; 415
1101; 1228; 998; 361; 319; 0; 1266; 1311; 531; 4095; 416
1102; 1223; 999; 369; 320; 0; 1264; 1311; 500; 4095; 412
1100; 1228; 998; 374; 322; 0; 1269; 1314; 504; 4095; 417
1098; 1224; 1001; 373; 318; 0; 1265; 1311; 503; 4095; 413
1095; 1226; 997; 371; 323; 0; 1266; 1312; 506; 4095; 416
1098; 1225; 995; 371; 321; 0; 1269; 1307; 501; 4095; 419
1093; 1228; 1002; 374; 320; 0; 1266; 1307; 498; 4095; 420
1098; 1230; 1001; 371; 321; 0; 1270; 1310; 496; 4095; 420
1100; 1226; 992; 377; 320; 0; 1270; 1313; 497; 4095; 418
1094; 1226; 1001; 374; 320; 0; 1268; 1316; 508; 4095; 413
1094; 1223; 1005; 368; 319; 0; 1265; 1312; 506; 4095; 418
1101; 1227; 997; 372; 322; 0; 1268; 1317; 493; 4095; 463
1101; 1225; 1002; 373; 320; 0; 1264; 1315; 500; 4095; 417
1101; 1223; 996; 371; 321; 0; 1266; 1313; 506; 4095; 416
1098; 1227; 1007; 374; 321; 0; 1264; 1313; 496; 4095; 418
1103; 1220; 1003; 371; 318; 0; 1268; 1314; 497; 4095; 412
1104; 1222; 1004; 373; 320; 0; 1265; 1317; 496; 4095; 418
1105; 1222; 991; 368; 318; 0; 1266; 1317; 505; 4095; 416
1105; 1223; 1001; 369; 315; 0; 1266; 1321; 502; 4095; 415
1104; 1224; 998; 371; 321; 0; 1265; 1322; 503; 4095; 413
1108; 1226; 1002; 368; 321; 0; 1266; 1320; 501; 4095; 415
1110; 1219; 1001; 368; 320; 0; 1266; 1320; 505; 4095; 417
1111; 1221; 999; 371; 319; 0; 1264; 1314; 499; 4095; 416
1115; 1223; 1002; 372; 320; 0; 1271; 1323; 502; 4095; 406
1114; 1223; 1003; 369; 314; 0; 1269; 1321; 496; 4095; 411
1116; 1225; 995; 369; 315; 0; 1264; 1319; 499; 4095; 416
1115; 1220; 995; 368; 319; 0; 1267; 1322; 502; 4095; 413
1119; 1225; 1003; 374; 319; 0; 1265; 1317; 503; 4095; 412
1117; 1223; 999; 369; 311; 0; 1264; 1320; 505; 4095; 415
1106; 1223; 995; 372; 320; 0; 1267; 1321; 499; 4095; 415
1119; 1218; 1008; 378; 317; 0; 1264; 1319; 502; 4095; 417
1119; 1219; 1003; 373; 314; 0; 1266; 1318; 502; 4095; 417
1123; 1219; 998; 375; 319; 0; 1269; 1321; 502; 4095; 418
1121; 1213; 1000; 374; 321; 0; 1267; 1322; 501; 4095; 413
1122; 1215; 999; 378; 320; 0; 1265; 1325; 507; 4095; 419
1126; 1217; 1006; 377; 318; 0; 1267; 1327; 507; 4095; 416
1121; 1218; 1005; 378; 310; 0; 1265; 1322; 501; 4095; 414
1125; 1218; 1003; 373; 314; 0; 1267; 1322; 499; 4095; 417
1127; 1218; 1003; 377; 320; 0; 1266; 1327; 502; 4095; 418
1127; 1218; 1003; 371; 318; 0; 1269; 1328; 506; 4095; 413
1130; 1218; 1005; 371; 316; 0; 1267; 1329; 497; 4095; 417
1131; 1215; 1009; 378; 319; 0; 1267; 1328; 502; 4095; 417
1133; 1217; 998; 379; 315; 0; 1267; 1301; 502; 4095; 415
1133; 1217; 1007; 375; 315; 0; 1271; 1328; 506; 4095; 417
1134; 1215; 1007; 417; 311; 0; 1267; 1323; 485; 4095; 427
1132; 1216; 1006; 375; 318; 0; 1269; 1328; 499; 4095; 418
1136; 1216; 1005; 379; 318; 0; 1265; 1328; 507; 4095; 415
1137; 1215; 1004; 381; 315; 0; 1266; 1329; 505; 4095; 411
1139; 1216; 1008; 381; 314; 0; 1273; 1328; 507; 4095; 412
1136; 1213; 1007; 381; 317; 0; 1274; 1328; 510; 4095; 413
1136; 1213; 1006; 382; 317; 0; 1267; 1328; 523; 4095; 417
1136; 1211; 1006; 383; 316; 0; 1267; 1331; 496; 4095; 414
1138; 1211; 1010; 382; 314; 0; 1270; 1331; 507; 4095; 411
1139; 1214; 1007; 382; 318; 0; 1274; 1328; 518; 4095; 417
1139; 1209; 1008; 386; 315; 0; 1271; 1330; 509; 4095; 416
1138; 1214; 1002; 381; 314; 0; 1265; 1328; 519; 4095; 412
1137; 1203; 1007; 381; 316; 0; 1271; 1330; 507; 4095; 416
1141; 1206; 1008; 384; 315; 0; 1270; 1331; 517; 4095; 420
1139; 1214; 1007; 384; 314; 0; 1270; 1328; 508; 4095; 415
1139; 1206; 1008; 387; 319; 0; 1271; 1330; 509; 4095; 422
1140; 1207; 1010; 384; 318; 0; 1270; 1335; 510; 4095; 417
1140; 1209; 1008; 384; 304; 0; 1275; 1332; 518; 4095; 419
1141; 1210; 1008; 381; 317; 0; 1274; 1334; 523; 4095; 416
1138; 1207; 1009; 384; 315; 0; 1277; 1331; 517; 4095; 417
1142; 1210; 1062; 385; 317; 0; 1274; 1329; 521; 4095; 422
1141; 1209; 1011; 379; 318; 0; 1275; 1336; 523; 4095; 421
1118; 1206; 1008; 368; 311; 0; 1279; 1333; 511; 4095; 418
1137; 1206; 1008; 391; 316; 0; 1277; 1329; 530; 4095; 459
1141; 1211; 1010; 384; 320; 0; 1278; 1337; 524; 4095; 420
1139; 1207; 1009; 387; 316; 0; 1279; 1335; 522; 4095; 423
1139; 1205; 1015; 388; 315; 0; 1280; 1337; 525; 4095; 423
1140; 1205; 1013; 384; 318; 0; 1278; 1322; 525; 4095; 423
1138; 1207; 1008; 391; 318; 0; 1277; 1331; 523; 4095; 417
1139; 1207; 1010; 394; 317; 0; 1277; 1337; 523; 4095; 425
1136; 1213; 1008; 387; 319; 0; 1275; 1336; 525; 4095; 419
1137; 1206; 1008; 385; 318; 0; 1276; 1333; 525; 4095; 421
1136; 1207; 1009; 368; 319; 0; 1280; 1330; 517; 4095; 421
1151; 1207; 1011; 375; 320; 0; 1279; 1331; 524; 4095; 424
1135; 1206; 1009; 380; 323; 0; 1281; 1334; 523; 4095; 429
1133; 1210; 1008; 385; 317; 0; 1281; 1335; 526; 4095; 422
1133; 1215; 1013; 390; 318; 0; 1282; 1334; 525; 4095; 428
1130; 1209; 1009; 384; 319; 0; 1282; 1328; 511; 4095; 419
1129; 1207; 1018; 386; 320; 0; 1264; 1327; 517; 4095; 425
1122; 1209; 1009; 386; 317; 0; 1280; 1329; 511; 4095; 430
1125; 1216; 1013; 385; 323; 0; 1281; 1328; 521; 4095; 418
1124; 1216; 1019; 385; 319; 0; 1281; 1328; 509; 4095; 422
1118; 1215; 1019; 378; 319; 0; 1280; 1345; 509; 4095; 430
1115; 1215; 1013; 377; 295; 0; 1279; 1328; 510; 4095; 427
1116; 1216; 1014; 384; 319; 0; 1277; 1327; 483; 4095; 427
1117; 1217; 1015; 374; 322; 0; 1280; 1328; 523; 4095; 478
1115; 1215; 1009; 381; 319; 0; 1282; 1328; 506; 4095; 425
1121; 1214; 1016; 382; 323; 0; 1281; 1327; 518; 4095; 431
1120; 1214; 1011; 380; 319; 0; 1282; 1327; 519; 4095; 423
1120; 1213; 1019; 379; 320; 0; 1281; 1328; 511; 4095; 428
1118; 1208; 1008; 381; 317; 0; 1279; 1323; 509; 4095; 427
1117; 1213; 1015; 374; 319; 0; 1277; 1328; 518; 4095; 430
1120; 1210; 1013; 375; 320; 0; 1277; 1325; 506; 4095; 422
1121; 1212; 1002; 373; 320; 0; 1279; 1325; 511; 4095; 418
1119; 1212; 1013; 379; 318; 0; 1278; 1325; 521; 4095; 425
1115; 1213; 1010; 400; 304; 0; 1277; 1327; 518; 4095; 419
1109; 1211; 1008; 379; 317; 0; 1278; 1328; 509; 4095; 423
1124; 1213; 1008; 379; 316; 0; 1277; 1327; 507; 4095; 423
1129; 1209; 1014; 377; 313; 0; 1274; 1329; 507; 4095; 422
1129; 1213; 1013; 373; 320; 0; 1275; 1329; 519; 4095; 416
1129; 1211; 1014; 379; 317; 0; 1291; 1327; 519; 4095; 427
1130; 1210; 1008; 368; 314; 0; 1270; 1329; 511; 4095; 420
1132; 1211; 1017; 375; 314; 0; 1277; 1331; 507; 4095; 423
1136; 1213; 1010; 372; 311; 0; 1274; 1331; 518; 4095; 427
1131; 1209; 1013; 369; 317; 0; 1275; 1329; 517; 4095; 426
1136; 1211; 1016; 379; 316; 0; 1275; 1334; 521; 4095; 422
1139; 1215; 1017; 372; 316; 0; 1280; 1337; 523; 4095; 410
1138; 1211; 1021; 381; 318; 0; 1280; 1337; 518; 4095; 425
1139; 1209; 1018; 381; 317; 0; 1278; 1331; 511; 4095; 427
1140; 1206; 1015; 383; 314; 0; 1280; 1335; 510; 4095; 430
1143; 1212; 1023; 383; 313; 0; 1279; 1335; 517; 4095; 428
1143; 1207; 1022; 373; 316; 0; 1277; 1335; 519; 4095; 425
1141; 1217; 1022; 373; 317; 0; 1282; 1337; 517; 4095; 424
1142; 1210; 1018; 382; 314; 0; 1279; 1334; 519; 4095; 427
1140; 1209; 1021; 384; 312; 0; 1278; 1339; 526; 4095; 429
1143; 1206; 1012; 378; 317; 0; 1281; 1335; 519; 4095; 419
1147; 1209; 1021; 384; 322; 4; 1276; 1334; 525; 4095; 425
1145; 1209; 1015; 386; 315; 0; 1277; 1333; 520; 4095; 428
1139; 1209; 1021; 385; 310; 0; 1278; 1341; 522; 4095; 423
1148; 1213; 1014; 352; 314; 0; 1281; 1334; 522; 4095; 430
1143; 1207; 1029; 383; 316; 0; 1281; 1343; 523; 4095; 427
1142; 1205; 1018; 382; 315; 0; 1281; 1339; 526; 4095; 430
1143; 1200; 1030; 384; 321; 0; 1281; 1337; 528; 4095; 467
1143; 1207; 1018; 384; 316; 0; 1276; 1331; 525; 4095; 423
1141; 1206; 1022; 385; 316; 0; 1278; 1330; 519; 4095; 425
1142; 1207; 1023; 385; 318; 0; 1279; 1337; 519; 4095; 426
1139; 1207; 1017; 381; 319; 0; 1278; 1331; 521; 4095; 427
1139; 1208; 1023; 387; 311; 0; 1274; 1334; 525; 4095; 431
1142; 1210; 1020; 383; 310; 11; 1278; 1331; 519; 4095; 429
1141; 1209; 1028; 385; 311; 0; 1280; 1334; 528; 4095; 428
1139; 1209; 993; 385; 317; 0; 1278; 1330; 523; 4095; 429
1146; 1209; 1021; 386; 316; 0; 1278; 1334; 521; 4095; 431
1141; 1207; 1033; 387; 342; 0; 1279; 1338; 526; 4095; 425
1142; 1207; 1022; 375; 318; 0; 1281; 1337; 527; 4095; 432
1139; 1211; 1033; 385; 315; 0; 1283; 1338; 528; 4095; 427
1147; 1207; 1030; 387; 315; 0; 1281; 1334; 523; 4095; 430
1143; 1203; 1023; 390; 315; 0; 1281; 1337; 525; 4095; 430
1145; 1209; 1021; 390; 313; 0; 1282; 1335; 524; 4095; 431
1141; 1206; 1031; 395; 313; 0; 1281; 1311; 524; 4095; 428
1140; 1205; 1019; 387; 311; 0; 1280; 1335; 527; 4095; 432
1139; 1210; 1036; 384; 315; 0; 1283; 1339; 529; 4095; 429
1145; 1207; 1030; 387; 317; 0; 1280; 1339; 528; 4095; 425
1147; 1209; 1027; 384; 314; 0; 1280; 1341; 528; 4095; 430
1145; 1213; 1029; 385; 317; 0; 1283; 1342; 528; 4095; 432
1147; 1210; 1019; 432; 319; 0; 1282; 1339; 523; 4095; 427
1147; 1213; 1037; 389; 320; 0; 1278; 1339; 528; 4095; 432
1145; 1209; 1021; 384; 317; 0; 1281; 1339; 528; 4095; 429
1145; 1209; 1029; 390; 311; 0; 1281; 1338; 525; 4095; 433
1147; 1209; 1022; 395; 314; 0; 1280; 1339; 522; 4095; 432
1147; 1207; 1022; 389; 313; 0; 1282; 1340; 528; 4095; 429
1145; 1206; 1029; 389; 319; 0; 1283; 1338; 528; 4095; 428
1149; 1207; 1030; 389; 319; 0; 1281; 1341; 522; 4095; 431
1147; 1209; 1083; 393; 316; 0; 1283; 1339; 528; 4095; 430
1146; 1214; 1017; 389; 319; 0; 1283; 1342; 528; 4095; 432
1147; 1211; 1038; 395; 319; 0; 1281; 1345; 524; 4095; 431
1142; 1210; 1030; 384; 319; 0; 1285; 1341; 528; 4095; 430
1150; 1213; 1029; 392; 320; 0; 1275; 1344; 529; 4095; 432
1139; 1211; 1036; 391; 318; 0; 1281; 1335; 528; 4095; 432
1146; 1209; 1033; 393; 319; 0; 1286; 1337; 526; 4095; 432
1143; 1210; 1035; 391; 315; 0; 1283; 1343; 526; 4095; 428
1136; 1208; 1037; 399; 315; 0; 1264; 1343; 528; 4095; 434
1139; 1216; 1037; 393; 320; 0; 1281; 1338; 527; 4095; 432
1138; 1211; 1029; 390; 318; 0; 1284; 1335; 530; 4095; 427
1136; 1211; 1033; 394; 319; 0; 1287; 1341; 528; 4095; 429
1133; 1215; 1002; 393; 319; 0; 1280; 1334; 528; 4095; 432
1136; 1209; 1023; 393; 316; 0; 1285; 1373; 523; 4095; 435
1140; 1214; 1035; 390; 317; 0; 1286; 1334; 528; 4095; 429
1115; 1216; 1035; 396; 320; 0; 1285; 1339; 538; 4095; 433
1130; 1217; 1033; 394; 320; 0; 1285; 1339; 527; 4095; 432
1124; 1213; 1030; 399; 318; 0; 1282; 1333; 529; 4095; 432
1122; 1216; 1029; 394; 321; 0; 1286; 1335; 527; 4095; 430
1120; 1215; 1033; 402; 318; 0; 1287; 1334; 524; 4095; 432
1117; 1211; 1031; 400; 321; 0; 1285; 1328; 526; 4095; 432
1120; 1214; 1030; 393; 318; 0; 1286; 1328; 525; 4095; 432
1118; 1215; 1029; 395; 320; 0; 1287; 1328; 528; 4095; 433
1114; 1211; 1015; 398; 316; 0; 1286; 1328; 528; 4095; 432
1115; 1210; 1018; 363; 321; 0; 1281; 1330; 524; 4095; 432
1115; 1215; 1028; 398; 320; 0; 1285; 1330; 528; 4095; 432
1111; 1213; 1020; 398; 316; 0; 1284; 1327; 528; 4095; 432
1114; 1213; 1023; 400; 310; 0; 1283; 1329; 528; 4095; 432
1116; 1216; 1023; 402; 317; 0; 1288; 1328; 525; 4095; 429
1109; 1211; 1021; 382; 315; 0; 1287; 1328; 527; 4095; 431
1089; 1210; 1015; 399; 318; 0; 1285; 1328; 528; 4095; 430
1111; 1188; 1019; 400; 315; 0; 1282; 1328; 528; 4095; 431
1110; 1209; 1018; 400; 317; 0; 1284; 1329; 529; 4095; 434
1107; 1211; 1021; 400; 318; 0; 1282; 1328; 529; 4095; 430
1111; 1207; 1019; 400; 320; 0; 1285; 1327; 528; 4095; 432
1115; 1214; 1021; 402; 320; 0; 1280; 1334; 524; 4095; 427
1111; 1214; 1017; 406; 315; 0; 1281; 1330; 528; 4095; 431
1108; 1207; 1023; 404; 320; 0; 1286; 1328; 528; 4095; 432
1110; 1214; 1061; 405; 315; 0; 1283; 1329; 531; 4095; 432
1107; 1212; 1021; 400; 318; 0; 1283; 1328; 528; 4095; 431
1106; 1213; 1021; 407; 315; 0; 1280; 1328; 529; 4095; 427
1111; 1211; 1015; 437; 336; 0; 1282; 1327; 530; 4095; 432
1107; 1207; 1015; 403; 318; 0; 1283; 1328; 527; 4095; 482
1106; 1207; 1014; 407; 318; 0; 1278; 1318; 529; 4095; 434
1105; 1209; 1013; 407; 311; 0; 1281; 1324; 528; 4095; 432
1104; 1211; 1011; 402; 314; 0; 1280; 1322; 529; 4095; 431
1102; 1211; 1008; 403; 319; 0; 1277; 1313; 529; 4095; 430
1104; 1187; 1013; 407; 319; 0; 1278; 1318; 531; 4095; 433
1098; 1209; 1014; 405; 317; 0; 1282; 1314; 530; 4095; 432
1097; 1211; 1013; 417; 319; 0; 1280; 1314; 530; 4095; 432
1094; 1207; 1006; 417; 316; 0; 1279; 1313; 530; 4095; 429
1089; 1202; 1008; 409; 319; 0; 1280; 1310; 532; 4095; 433
1084; 1203; 1003; 415; 316; 0; 1275; 1307; 535; 4095; 433
1083; 1205; 995; 415; 314; 0; 1277; 1310; 533; 4095; 432
1081; 1202; 1003; 414; 315; 0; 1275; 1301; 530; 4095; 432
1078; 1206; 994; 411; 315; 0; 1278; 1302; 539; 4095; 432
1077; 1209; 995; 411; 310; 0; 1274; 1296; 539; 4095; 431
1072; 1205; 1002; 408; 314; 0; 1273; 1299; 535; 4095; 432
1072; 1206; 993; 416; 317; 0; 1273; 1301; 535; 4095; 423
1069; 1202; 994; 410; 316; 0; 1271; 1301; 534; 4095; 432
1072; 1202; 995; 412; 318; 0; 1270; 1297; 498; 4095; 433
1069; 1200; 993; 411; 315; 0; 1269; 1302; 534; 4095; 426
1072; 1201; 987; 402; 310; 0; 1274; 1294; 541; 4095; 429
1072; 1202; 994; 413; 307; 0; 1270; 1299; 541; 4095; 423
1073; 1200; 994; 410; 314; 0; 1271; 1295; 509; 4095; 409
1072; 1200; 988; 414; 311; 0; 1267; 1296; 531; 4095; 431
1073; 1201; 988; 407; 311; 0; 1269; 1305; 532; 4095; 431
1076; 1201; 997; 410; 308; 0; 1268; 1299; 531; 4095; 431
1074; 1201; 995; 423; 310; 0; 1270; 1302; 557; 4095; 418
1077; 1202; 999; 404; 315; 0; 1270; 1305; 535; 4095; 428
1078; 1200; 994; 406; 313; 0; 1271; 1299; 532; 4095; 428
1078; 1200; 993; 413; 310; 0; 1270; 1303; 533; 4095; 422
1079; 1200; 990; 410; 310; 0; 1271; 1305; 530; 4095; 429
1084; 1200; 992; 410; 314; 0; 1270; 1303; 532; 4095; 432
1086; 1202; 998; 409; 309; 0; 1268; 1306; 534; 4095; 431
1088; 1199; 996; 407; 311; 0; 1268; 1303; 538; 4095; 426
1088; 1200; 960; 410; 310; 0; 1269; 1298; 529; 4095; 420
1088; 1200; 976; 405; 307; 0; 1273; 1315; 535; 4095; 432
1093; 1197; 998; 406; 326; 0; 1270; 1291; 537; 4095; 420
1096; 1195; 1001; 381; 317; 0; 1271; 1310; 535; 4095; 461
1098; 1197; 999; 407; 311; 0; 1264; 1313; 534; 4095; 427
1095; 1194; 994; 403; 312; 0; 1270; 1307; 535; 4095; 429
1099; 1190; 993; 400; 307; 0; 1269; 1311; 532; 4095; 426
1104; 1195; 998; 403; 306; 0; 1267; 1313; 535; 4095; 417
1101; 1200; 995; 406; 307; 0; 1264; 1308; 535; 4095; 426
1106; 1194; 995; 400; 306; 0; 1295; 1309; 529; 4095; 419
1107; 1192; 999; 406; 305; 0; 1269; 1313; 538; 4095; 423
1107; 1188; 997; 403; 306; 0; 1269; 1310; 533; 4095; 419
1113; 1190; 998; 405; 306; 0; 1268; 1313; 534; 4095; 423
1114; 1187; 991; 403; 304; 0; 1264; 1316; 530; 4095; 422
1112; 1185; 998; 401; 306; 0; 1265; 1319; 536; 4095; 419
1111; 1183; 998; 400; 305; 0; 1265; 1308; 529; 4095; 425
1121; 1185; 1066; 406; 304; 0; 1268; 1312; 528; 4095; 420
1121; 1180; 996; 401; 306; 0; 1264; 1286; 530; 4095; 422
1121; 1181; 997; 416; 304; 0; 1266; 1315; 534; 4095; 426
1123; 1182; 1001; 439; 300; 0; 1264; 1315; 527; 4095; 435
1125; 1180; 1002; 401; 304; 0; 1264; 1317; 497; 4095; 414
1125; 1181; 995; 401; 304; 0; 1266; 1319; 528; 4095; 418
1122; 1179; 997; 411; 304; 0; 1267; 1317; 528; 4095; 414
1124; 1174; 1004; 404; 304; 0; 1291; 1317; 533; 4095; 421
1122; 1157; 995; 409; 304; 0; 1265; 1313; 529; 4095; 416
1121; 1173; 998; 410; 304; 0; 1266; 1319; 533; 4095; 417
1123; 1177; 1002; 407; 299; 0; 1264; 1314; 530; 4095; 424
1122; 1172; 998; 407; 304; 0; 1265; 1315; 528; 4095; 426
1120; 1175; 1006; 403; 304; 0; 1268; 1318; 528; 4095; 417
1123; 1171; 997; 402; 304; 0; 1268; 1321; 529; 4095; 419
1121; 1174; 1006; 411; 300; 0; 1266; 1315; 528; 4095; 432
1122; 1174; 1002; 404; 304; 0; 1267; 1314; 525; 4095; 415
1124; 1174; 1003; 399; 304; 0; 1266; 1314; 528; 4095; 425
1121; 1174; 1003; 402; 306; 0; 1268; 1319; 528; 4095; 417
1121; 1175; 998; 400; 301; 0; 1269; 1316; 525; 4095; 423
1121; 1174; 1005; 402; 304; 0; 1296; 1319; 524; 4095; 419
1126; 1176; 1008; 400; 303; 0; 1267; 1321; 525; 4095; 411
1125; 1177; 1007; 400; 304; 0; 1268; 1317; 528; 4095; 425
1126; 1177; 1001; 400; 302; 0; 1270; 1319; 523; 4095; 420
1127; 1175; 1004; 398; 304; 0; 1274; 1321; 528; 4095; 418
1129; 1175; 1003; 400; 303; 0; 1271; 1323; 528; 4095; 425
1125; 1178; 1007; 400; 304; 0; 1273; 1323; 528; 4095; 420
1122; 1177; 1001; 396; 304; 0; 1270; 1318; 517; 4095; 419
1131; 1178; 1004; 398; 303; 0; 1274; 1315; 526; 4095; 420
1127; 1174; 1001; 396; 304; 0; 1274; 1322; 528; 4095; 427
1130; 1171; 1008; 395; 305; 0; 1273; 1323; 525; 4095; 419
1153; 1173; 1004; 393; 304; 0; 1264; 1325; 511; 4095; 413
1134; 1176; 1004; 385; 302; 0; 1270; 1330; 526; 4095; 420
1127; 1179; 1003; 389; 304; 0; 1274; 1322; 520; 4095; 426
1131; 1177; 1005; 390; 304; 0; 1274; 1327; 524; 4095; 419
1130; 1176; 1005; 389; 303; 0; 1273; 1318; 520; 4095; 421
1133; 1184; 1007; 387; 304; 0; 1270; 1324; 521; 4095; 416
1127; 1174; 1008; 385; 304; 0; 1275; 1321; 522; 4095; 415
1129; 1179; 1007; 388; 304; 0; 1271; 1325; 522; 4095; 422
1130; 1178; 1013; 385; 304; 0; 1271; 1323; 519; 4095; 418
1129; 1179; 1008; 391; 304; 0; 1270; 1326; 523; 4095; 425
1129; 1173; 1015; 385; 305; 0; 1271; 1328; 518; 4095; 416
1134; 1175; 1005; 389; 303; 0; 1270; 1325; 527; 4095; 418
1135; 1181; 1004; 387; 304; 0; 1276; 1328; 497; 4095; 421
1136; 1178; 1008; 385; 302; 0; 1275; 1321; 519; 4095; 423
1133; 1175; 1009; 386; 303; 0; 1271; 1328; 518; 4095; 420
1136; 1178; 1009; 399; 301; 0; 1270; 1328; 521; 4095; 421
1135; 1181; 1010; 363; 303; 0; 1274; 1327; 518; 4095; 424
1136; 1182; 1009; 385; 302; 0; 1275; 1326; 522; 4095; 418
1135; 1183; 1011; 387; 301; 0; 1272; 1327; 517; 4095; 416
1137; 1178; 1009; 392; 304; 0; 1270; 1328; 523; 4095; 422
1136; 1182; 1011; 388; 304; 0; 1270; 1323; 521; 4095; 417
1135; 1177; 1007; 387; 301; 0; 1270; 1324; 523; 4095; 418
1137; 1179; 1007; 393; 306; 0; 1275; 1324; 519; 4095; 417
1136; 1177; 1008; 389; 304; 0; 1267; 1328; 520; 4095; 423
1136; 1178; 1008; 386; 304; 0; 1275; 1325; 519; 4095; 417
1139; 1178; 1008; 388; 302; 0; 1268; 1329; 523; 4095; 419
1138; 1182; 1009; 394; 304; 0; 1266; 1342; 524; 4095; 419
1139; 1181; 1008; 391; 301; 0; 1273; 1328; 527; 4095; 417
1143; 1182; 1009; 398; 304; 0; 1276; 1328; 485; 4095; 423
1141; 1179; 1015; 387; 303; 0; 1269; 1325; 518; 4095; 421
1142; 1181; 1011; 394; 304; 0; 1269; 1322; 511; 4095; 418
1146; 1181; 1012; 391; 298; 0; 1271; 1322; 511; 4095; 416
1141; 1178; 1014; 386; 304; 0; 1271; 1327; 517; 4095; 417
1143; 1174; 1011; 388; 303; 0; 1274; 1325; 520; 4095; 417
1147; 1181; 1012; 395; 302; 0; 1273; 1325; 510; 4095; 412
1147; 1182; 1013; 391; 304; 0; 1273; 1323; 523; 4095; 425
1139; 1182; 1011; 390; 302; 0; 1269; 1328; 518; 4095; 426
1145; 1180; 1019; 391; 300; 0; 1249; 1327; 524; 4095; 420
1141; 1181; 1009; 397; 304; 0; 1273; 1328; 519; 4095; 426
1143; 1179; 1014; 400; 304; 0; 1269; 1323; 519; 4095; 425
1142; 1178; 1014; 396; 298; 0; 1276; 1328; 522; 4095; 426
1145; 1177; 1011; 400; 301; 0; 1272; 1328; 527; 4095; 417
1140; 1177; 1013; 381; 303; 0; 1274; 1329; 522; 4095; 418
1139; 1182; 1018; 399; 304; 0; 1277; 1327; 519; 4095; 453
1146; 1183; 1011; 400; 304; 0; 1274; 1332; 526; 4095; 457
1143; 1181; 1017; 403; 304; 0; 1278; 1329; 519; 4095; 425
1141; 1180; 1020; 402; 304; 0; 1275; 1324; 517; 4095; 428
1142; 1183; 1015; 403; 305; 0; 1277; 1328; 518; 4095; 419
1138; 1179; 1014; 400; 304; 0; 1270; 1330; 521; 4095; 418
1141; 1184; 1013; 403; 305; 0; 1275; 1329; 525; 4095; 425
1137; 1185; 1022; 400; 304; 0; 1275; 1329; 516; 4095; 419
1139; 1179; 1019; 404; 302; 0; 1278; 1328; 528; 4095; 425
1136; 1179; 1008; 403; 302; 0; 1278; 1326; 517; 4095; 422
1141; 1182; 1013; 400; 307; 0; 1277; 1328; 520; 4095; 421
1137; 1179; 1019; 403; 304; 0; 1279; 1331; 519; 4095; 425
1140; 1181; 1022; 407; 304; 0; 1277; 1326; 528; 4095; 422
1141; 1185; 1023; 401; 305; 0; 1280; 1329; 526; 4095; 427
1142; 1183; 1018; 395; 305; 0; 1273; 1328; 525; 4095; 421
1141; 1181; 1020; 400; 302; 0; 1274; 1330; 525; 4095; 423
1127; 1182; 1013; 363; 305; 0; 1277; 1329; 525; 4095; 418
1142; 1182; 1021; 398; 304; 0; 1283; 1330; 523; 4095; 426
1146; 1182; 1019; 401; 306; 0; 1278; 1331; 524; 4095; 417
1148; 1182; 1017; 400; 303; 0; 1271; 1330; 523; 4095; 420
1149; 1182; 1019; 400; 304; 0; 1279; 1331; 526; 4095; 417
1150; 1186; 1018; 403; 304; 0; 1274; 1328; 523; 4095; 425
1153; 1178; 1017; 403; 304; 0; 1274; 1330; 526; 4095; 418
1153; 1174; 1015; 401; 299; 0; 1273; 1329; 526; 4095; 414
1155; 1173; 1013; 400; 298; 0; 1271; 1334; 522; 4095; 419
1157; 1173; 1014; 401; 300; 0; 1271; 1331; 526; 4095; 412
1157; 1173; 1009; 373; 270; 0; 1266; 1323; 511; 4095; 414
1158; 1168; 1008; 389; 321; 0; 1270; 1328; 527; 4095; 413
1155; 1168; 1013; 401; 295; 0; 1264; 1327; 522; 4095; 409
1158; 1166; 1010; 400; 295; 0; 1267; 1327; 518; 4095; 413
1163; 1167; 1008; 398; 294; 0; 1267; 1330; 523; 4095; 409
1162; 1167; 1008; 399; 299; 0; 1264; 1329; 519; 4095; 410
1163; 1166; 1006; 398; 294; 0; 1264; 1322; 511; 4095; 407
1162; 1166; 1002; 397; 298; 0; 1258; 1325; 525; 4095; 403
1164; 1161; 997; 391; 291; 0; 1258; 1326; 515; 4095; 407
1162; 1159; 1006; 400; 291; 0; 1261; 1322; 523; 4095; 402
1161; 1154; 990; 400; 290; 0; 1257; 1327; 525; 4095; 400
1163; 1155; 1003; 394; 286; 0; 1258; 1319; 524; 4095; 401
1163; 1150; 993; 395; 292; 0; 1253; 1323; 510; 4095; 400
1159; 1151; 992; 389; 292; 0; 1251; 1323; 519; 4095; 401
1165; 1152; 1009; 382; 287; 0; 1253; 1323; 511; 4095; 403
1162; 1151; 1027; 380; 288; 0; 1250; 1321; 521; 4095; 400
1167; 1145; 997; 388; 288; 0; 1249; 1301; 507; 4095; 404
1164; 1147; 991; 383; 285; 0; 1249; 1322; 518; 4095; 400
1165; 1146; 993; 378; 291; 0; 1249; 1314; 519; 4095; 398
1165; 1147; 996; 379; 287; 0; 1248; 1315; 511; 4095; 400
1163; 1146; 987; 375; 288; 0; 1246; 1324; 519; 4095; 403
1168; 1142; 999; 382; 283; 0; 1250; 1315; 521; 4095; 400
1168; 1143; 997; 385; 285; 0; 1217; 1319; 518; 4095; 400
1168; 1145; 990; 380; 288; 0; 1248; 1316; 503; 4095; 403
1168; 1140; 998; 384; 288; 0; 1247; 1321; 507; 4095; 401
1168; 1143; 991; 390; 288; 0; 1247; 1325; 509; 4095; 401
1167; 1144; 996; 386; 286; 0; 1249; 1325; 518; 4095; 400
1168; 1145; 997; 390; 287; 0; 1248; 1325; 510; 4095; 404
1168; 1143; 998; 385; 289; 0; 1253; 1325; 511; 4095; 400
1173; 1145; 1002; 393; 287; 0; 1254; 1322; 505; 4095; 401
1168; 1141; 1003; 391; 292; 0; 1253; 1326; 510; 4095; 410
1167; 1147; 994; 394; 289; 0; 1255; 1325; 518; 4095; 406
1164; 1146; 996; 390; 285; 0; 1258; 1325; 517; 4095; 402
1164; 1143; 1006; 400; 289; 0; 1255; 1328; 517; 4095; 411
1162; 1188; 1002; 395; 291; 0; 1257; 1326; 517; 4095; 403
1165; 1150; 1007; 400; 291; 0; 1261; 1328; 511; 4095; 407
1163; 1147; 1007; 390; 295; 0; 1264; 1324; 511; 4095; 410
1163; 1154; 1008; 399; 291; 0; 1264; 1328; 511; 4095; 406
1161; 1150; 1008; 395; 279; 0; 1264; 1325; 502; 4095; 412
1157; 1153; 1006; 400; 299; 0; 1264; 1325; 503; 4095; 410
1156; 1155; 1008; 398; 298; 0; 1263; 1328; 511; 4095; 403
1152; 1153; 1011; 399; 303; 0; 1265; 1325; 508; 4095; 411
1152; 1157; 1009; 391; 299; 0; 1265; 1323; 508; 4095; 404
1150; 1159; 1013; 391; 301; 0; 1267; 1324; 505; 4095; 411
1135; 1164; 1010; 385; 304; 0; 1270; 1326; 501; 4095; 411
1146; 1162; 1008; 375; 304; 0; 1270; 1322; 534; 4095; 407
1140; 1164; 1009; 377; 304; 0; 1269; 1318; 499; 4095; 411
1143; 1168; 1015; 363; 303; 0; 1271; 1321; 496; 4095; 414
1142; 1167; 1013; 363; 302; 0; 1267; 1323; 496; 4095; 411
1143; 1169; 1014; 367; 302; 0; 1271; 1328; 495; 4095; 422
1139; 1169; 1011; 364; 302; 0; 1273; 1319; 496; 4095; 411
1143; 1172; 1012; 358; 300; 0; 1271; 1323; 495; 4095; 417
1146; 1171; 1017; 362; 303; 0; 1271; 1326; 493; 4095; 418
1147; 1173; 1013; 359; 299; 0; 1271; 1328; 496; 4095; 411
1146; 1173; 1013; 359; 300; 0; 1274; 1321; 496; 4095; 416
1147; 1173; 1018; 354; 301; 0; 1271; 1323; 491; 4095; 401
1148; 1172; 1021; 360; 304; 0; 1269; 1326; 491; 4095; 407
1149; 1173; 1018; 357; 304; 0; 1273; 1326; 491; 4095; 411
1152; 1174; 1022; 357; 303; 0; 1268; 1322; 496; 4095; 419
1152; 1175; 1018; 365; 302; 0; 1267; 1326; 496; 4095; 414
1152; 1174; 1019; 363; 300; 0; 1269; 1327; 496; 4095; 415
1150; 1163; 1014; 368; 304; 0; 1296; 1325; 493; 4095; 417
1151; 1173; 1020; 368; 299; 0; 1269; 1323; 496; 4095; 413
1157; 1173; 1018; 369; 299; 0; 1270; 1323; 494; 4095; 414
1153; 1171; 1015; 368; 298; 0; 1266; 1311; 496; 4095; 416
1157; 1172; 1011; 366; 303; 0; 1267; 1324; 491; 4095; 414
1155; 1177; 1021; 369; 298; 10; 1273; 1328; 496; 4095; 416
1158; 1175; 1023; 368; 299; 0; 1269; 1327; 498; 4095; 407
1159; 1172; 1013; 371; 293; 0; 1267; 1325; 498; 4095; 416
1162; 1169; 1022; 368; 301; 0; 1270; 1325; 499; 4095; 416
1158; 1174; 1015; 379; 293; 0; 1268; 1323; 491; 4095; 407
1158; 1174; 1018; 371; 301; 0; 1264; 1329; 496; 4095; 414
1161; 1168; 1016; 368; 296; 0; 1266; 1330; 496; 4095; 400
1165; 1169; 1019; 371; 295; 0; 1268; 1330; 494; 4095; 414
1166; 1172; 1015; 375; 295; 0; 1264; 1328; 498; 4095; 413
1167; 1169; 1015; 378; 294; 0; 1264; 1329; 497; 4095; 405
1168; 1168; 1009; 380; 295; 0; 1264; 1329; 497; 4095; 407
1166; 1168; 1008; 379; 295; 0; 1264; 1328; 497; 4095; 402
1168; 1169; 1013; 378; 295; 0; 1264; 1330; 496; 4095; 407
1168; 1168; 1017; 377; 291; 0; 1264; 1329; 500; 4095; 411
1168; 1162; 1015; 373; 298; 0; 1264; 1325; 498; 4095; 407
1168; 1167; 1008; 379; 295; 0; 1264; 1328; 502; 4095; 402
1168; 1167; 1009; 384; 292; 0; 1264; 1324; 498; 4095; 409
1177; 1159; 1013; 379; 294; 0; 1264; 1325; 499; 4095; 404
1171; 1164; 1013; 370; 290; 0; 1264; 1328; 496; 4095; 410
1173; 1161; 1012; 368; 289; 0; 1264; 1327; 497; 4095; 407
1173; 1167; 1009; 368; 294; 0; 1264; 1328; 494; 4095; 407
1173; 1163; 1015; 368; 288; 0; 1265; 1331; 496; 4095; 405
1171; 1163; 1008; 368; 292; 0; 1264; 1328; 496; 4095; 403
1168; 1159; 1014; 365; 289; 0; 1264; 1326; 496; 4095; 409
1170; 1154; 1009; 363; 291; 0; 1262; 1327; 490; 4095; 403
1171; 1161; 1008; 363; 291; 0; 1264; 1329; 496; 4095; 401
1174; 1159; 1010; 368; 282; 0; 1262; 1314; 496; 4095; 402
1169; 1157; 1008; 363; 293; 0; 1259; 1326; 499; 4095; 410
1175; 1158; 1014; 363; 289; 0; 1264; 1328; 496; 4095; 403
1174; 1158; 1011; 368; 291; 0; 1259; 1328; 496; 4095; 406
1169; 1158; 1014; 367; 288; 0; 1259; 1327; 492; 4095; 403
1173; 1159; 1010; 369; 289; 0; 1263; 1324; 496; 4095; 402
1195; 1154; 1014; 368; 287; 0; 1258; 1325; 497; 4095; 400
1175; 1159; 1019; 371; 285; 0; 1259; 1323; 494; 4095; 403
1175; 1151; 1010; 374; 286; 0; 1259; 1319; 495; 4095; 397
1178; 1154; 1009; 373; 287; 0; 1254; 1325; 493; 4095; 410
1175; 1154; 1011; 375; 284; 0; 1258; 1322; 496; 4095; 398
1179; 1153; 1010; 373; 287; 0; 1264; 1326; 496; 4095; 405
1177; 1153; 1007; 372; 281; 0; 1261; 1328; 496; 4095; 403
1177; 1154; 1008; 377; 282; 0; 1258; 1323; 499; 4095; 406
1181; 1152; 976; 378; 286; 0; 1257; 1321; 496; 4095; 403
1179; 1152; 1033; 371; 282; 0; 1258; 1328; 498; 4095; 402
1177; 1150; 1009; 380; 283; 0; 1254; 1325; 500; 4095; 401
1179; 1153; 1010; 419; 310; 0; 1251; 1318; 509; 4095; 402
1163; 1149; 1009; 375; 282; 0; 1253; 1328; 502; 4095; 402
1178; 1149; 1013; 381; 283; 0; 1251; 1328; 496; 4095; 400
1179; 1147; 1009; 383; 283; 0; 1251; 1322; 496; 4095; 404
1181; 1147; 1006; 384; 282; 0; 1253; 1328; 500; 4095; 404
1181; 1147; 1003; 378; 281; 0; 1253; 1321; 503; 4095; 400
1179; 1129; 1006; 382; 283; 0; 1253; 1317; 497; 4095; 400
1181; 1147; 1002; 381; 284; 0; 1251; 1319; 499; 4095; 405
1179; 1141; 1007; 385; 286; 0; 1249; 1326; 496; 4095; 401
1179; 1139; 1005; 384; 278; 0; 1250; 1318; 499; 4095; 400
1179; 1146; 1002; 386; 279; 12; 1251; 1323; 496; 4095; 402
1180; 1142; 1003; 385; 281; 0; 1250; 1324; 501; 4095; 399
1182; 1138; 1008; 386; 279; 0; 1249; 1320; 498; 4095; 400
1178; 1141; 973; 388; 277; 0; 1249; 1323; 496; 4095; 399
1178; 1137; 1002; 385; 282; 0; 1249; 1322; 501; 4095; 400
1178; 1141; 1008; 382; 281; 0; 1249; 1323; 503; 4095; 398
1177; 1141; 1000; 394; 279; 0; 1241; 1326; 500; 4095; 368
1181; 1137; 1007; 387; 282; 0; 1247; 1325; 497; 4095; 447
1178; 1138; 1009; 392; 283; 0; 1250; 1325; 501; 4095; 397
1179; 1134; 1003; 389; 279; 0; 1250; 1323; 499; 4095; 401
1177; 1136; 1009; 391; 279; 0; 1250; 1323; 499; 4095; 400
1179; 1136; 998; 389; 280; 0; 1245; 1318; 500; 4095; 403
1177; 1133; 1000; 393; 276; 0; 1247; 1322; 501; 4095; 393
1179; 1131; 999; 384; 279; 0; 1243; 1317; 505; 4095; 400
1179; 1135; 993; 389; 277; 0; 1243; 1314; 498; 4095; 396
1181; 1134; 993; 386; 275; 0; 1247; 1315; 509; 4095; 400
1179; 1131; 993; 387; 278; 0; 1243; 1316; 498; 4095; 400
1172; 1131; 1001; 384; 273; 0; 1243; 1318; 507; 4095; 391
1188; 1132; 997; 391; 276; 0; 1243; 1312; 500; 4095; 395
1183; 1130; 989; 394; 273; 0; 1239; 1315; 505; 4095; 397
1179; 1129; 995; 393; 277; 0; 1243; 1319; 507; 4095; 391
1175; 1126; 994; 386; 273; 0; 1235; 1311; 496; 4095; 394
1178; 1123; 989; 385; 275; 0; 1250; 1315; 497; 4095; 393
1177; 1127; 994; 385; 273; 0; 1241; 1317; 499; 4095; 400
1182; 1127; 992; 387; 276; 0; 1241; 1313; 501; 4095; 398
1182; 1121; 990; 388; 278; 0; 1239; 1314; 500; 4095; 394
1175; 1120; 990; 391; 274; 0; 1238; 1311; 501; 4095; 398
1181; 1126; 991; 387; 275; 0; 1240; 1325; 498; 4095; 391
1181; 1123; 993; 386; 274; 0; 1243; 1313; 496; 4095; 393
1201; 1119; 993; 388; 278; 0; 1245; 1317; 500; 4095; 397
1182; 1125; 993; 389; 279; 0; 1242; 1315; 496; 4095; 400
1181; 1125; 998; 386; 277; 0; 1243; 1316; 501; 4095; 396
1177; 1120; 999; 381; 276; 0; 1246; 1313; 497; 4095; 399
1180; 1129; 994; 387; 277; 0; 1243; 1312; 502; 4095; 394
1179; 1123; 992; 387; 279; 0; 1272; 1317; 498; 4095; 392
1184; 1122; 995; 387; 279; 0; 1247; 1315; 496; 4095; 397
1181; 1125; 1003; 391; 283; 0; 1250; 1323; 499; 4095; 397
1174; 1125; 997; 388; 282; 0; 1246; 1323; 496; 4095; 400
1177; 1119; 1002; 394; 277; 0; 1248; 1316; 506; 4095; 400
1174; 1125; 1001; 389; 277; 0; 1248; 1319; 500; 4095; 395
1177; 1126; 998; 388; 282; 0; 1252; 1322; 504; 4095; 393
1182; 1125; 1003; 393; 278; 0; 1249; 1318; 499; 4095; 400
1179; 1129; 998; 391; 279; 0; 1250; 1312; 499; 4095; 390
1174; 1127; 997; 394; 282; 0; 1251; 1326; 497; 4095; 401
1174; 1125; 1003; 394; 275; 0; 1250; 1325; 501; 4095; 448
1181; 1129; 1001; 394; 279; 0; 1252; 1324; 495; 4095; 379
1182; 1131; 1005; 393; 283; 0; 1249; 1323; 507; 4095; 400
1177; 1125; 997; 386; 278; 0; 1253; 1313; 500; 4095; 399
1175; 1127; 997; 385; 280; 0; 1252; 1319; 500; 4095; 400
1180; 1164; 1002; 389; 279; 0; 1249; 1319; 505; 4095; 400
1175; 1126; 1003; 386; 281; 0; 1254; 1317; 506; 4095; 402
1179; 1131; 997; 386; 279; 0; 1253; 1318; 499; 4095; 406
1178; 1129; 1007; 396; 281; 0; 1254; 1321; 510; 4095; 399
1183; 1132; 986; 390; 279; 0; 1250; 1319; 498; 4095; 401
1179; 1131; 1002; 388; 279; 0; 1255; 1325; 505; 4095; 400
1185; 1135; 1007; 387; 282; 0; 1251; 1319; 496; 4095; 397
1168; 1135; 1002; 391; 285; 0; 1250; 1325; 506; 4095; 403
1179; 1134; 1006; 389; 285; 0; 1255; 1319; 508; 4095; 406
1174; 1136; 1008; 394; 285; 0; 1254; 1323; 503; 4095; 405
1179; 1136; 1008; 395; 283; 0; 1251; 1327; 507; 4095; 400
1179; 1136; 1008; 388; 275; 0; 1252; 1323; 503; 4095; 413
1179; 1134; 1008; 394; 279; 0; 1254; 1323; 499; 4095; 400
1182; 1136; 1010; 393; 283; 0; 1255; 1322; 502; 4095; 405
1175; 1136; 1009; 398; 282; 0; 1254; 1326; 506; 4095; 400
1178; 1137; 1006; 389; 283; 0; 1256; 1350; 507; 4095; 410
1179; 1135; 1008; 400; 286; 0; 1258; 1328; 509; 4095; 407
1179; 1135; 1007; 395; 288; 0; 1258; 1323; 498; 4095; 404
1181; 1138; 1008; 398; 284; 0; 1259; 1319; 502; 4095; 400
1178; 1139; 996; 398; 285; 0; 1261; 1322; 502; 4095; 402
1183; 1137; 970; 398; 287; 0; 1259; 1321; 507; 4095; 401
1180; 1136; 1009; 394; 273; 10; 1258; 1322; 506; 4095; 414
1184; 1139; 1011; 393; 268; 0; 1257; 1321; 503; 4095; 409
1178; 1142; 1010; 400; 279; 0; 1257; 1319; 501; 4095; 406
1180; 1139; 1008; 394; 281; 0; 1259; 1321; 503; 4095; 406
1178; 1137; 1008; 395; 282; 0; 1255; 1318; 502; 4095; 406
1178; 1136; 1011; 399; 287; 0; 1259; 1324; 510; 4095; 400
1179; 1127; 1008; 400; 288; 0; 1264; 1323; 507; 4095; 403
1179; 1137; 1011; 395; 286; 0; 1257; 1325; 506; 4095; 404
1183; 1139; 1007; 402; 285; 0; 1260; 1319; 509; 4095; 405
1179; 1137; 1006; 400; 282; 0; 1257; 1321; 503; 4095; 405
1177; 1136; 1009; 400; 281; 0; 1259; 1316; 507; 4095; 403
1179; 1139; 1010; 400; 287; 0; 1258; 1326; 506; 4095; 401
1178; 1143; 1007; 401; 287; 0; 1262; 1326; 507; 4095; 407
1182; 1138; 1011; 400; 288; 0; 1262; 1321; 506; 4095; 411
1177; 1141; 1008; 405; 285; 0; 1263; 1325; 519; 4095; 411
1177; 1143; 1008; 401; 287; 0; 1263; 1324; 521; 4095; 412
1174; 1141; 1008; 366; 287; 0; 1264; 1325; 511; 4095; 404
1171; 1141; 1011; 409; 286; 0; 1264; 1323; 518; 4095; 410
1179; 1143; 1009; 403; 286; 0; 1264; 1326; 508; 4095; 403
1177; 1145; 1019; 402; 288; 0; 1264; 1323; 522; 4095; 409
1175; 1145; 1013; 401; 294; 0; 1261; 1326; 522; 4095; 414
1175; 1145; 1009; 405; 283; 0; 1261; 1319; 506; 4095; 415
1177; 1143; 1011; 407; 286; 0; 1262; 1324; 511; 4095; 412
1175; 1148; 1013; 401; 288; 0; 1263; 1327; 510; 4095; 402
1174; 1147; 1017; 410; 284; 0; 1261; 1327; 522; 4095; 415
1172; 1149; 992; 403; 287; 0; 1265; 1328; 519; 4095; 409
1172; 1148; 1010; 411; 288; 0; 1264; 1325; 510; 4095; 406
1173; 1142; 1014; 409; 287; 0; 1264; 1299; 522; 4095; 415
1182; 1150; 1014; 406; 286; 0; 1264; 1325; 523; 4095; 405
1167; 1150; 1010; 411; 291; 0; 1263; 1325; 490; 4095; 464
1177; 1151; 1015; 405; 287; 0; 1264; 1321; 519; 4095; 409
1175; 1152; 1013; 402; 284; 0; 1264; 1322; 511; 4095; 413
1179; 1147; 1008; 409; 289; 0; 1264; 1319; 522; 4095; 414
1175; 1151; 1017; 412; 290; 0; 1264; 1322; 523; 4095; 405
1173; 1153; 1010; 415; 288; 0; 1262; 1327; 521; 4095; 414
1177; 1146; 1015; 415; 282; 0; 1262; 1319; 518; 4095; 405
1174; 1150; 1011; 404; 281; 0; 1262; 1321; 517; 4095; 414
1174; 1149; 1011; 411; 285; 0; 1264; 1310; 519; 4095; 409
1