=~=~=~=~=~=~=~=~=~=~=~= PuTTY log 2024.03.25 14:23:39 =~=~=~=~=~=~=~=~=~=~=~=
smoke, etoh, odor, co, no2, nh3, voc, h2s, h2, hcho, ch4
656; 1162; 620; 257; 435; 0; 963; 801; 496; 4095; 433
669; 1175; 605; 260; 448; 0; 976; 818; 496; 4095; 439
688; 1185; 661; 256; 453; 0; 983; 806; 496; 4095; 446
706; 1199; 688; 257; 461; 0; 993; 863; 496; 4095; 447
725; 1205; 720; 270; 462; 0; 991; 886; 500; 4095; 445
748; 1232; 749; 271; 466; 0; 1019; 919; 499; 4095; 450
774; 1245; 773; 269; 474; 0; 1038; 953; 496; 4095; 458
799; 1259; 806; 273; 479; 0; 1057; 983; 503; 4095; 463
823; 1264; 822; 272; 485; 0; 1071; 1014; 509; 4095; 463
847; 1280; 859; 273; 491; 0; 1083; 1047; 518; 4095; 468
871; 1292; 877; 247; 494; 0; 1104; 1091; 504; 4095; 470
900; 1342; 903; 278; 503; 0; 1124; 1123; 517; 4095; 473
924; 1315; 923; 295; 518; 0; 1144; 1157; 510; 4095; 483
951; 1328; 943; 287; 527; 0; 1157; 1191; 522; 4095; 490
974; 1335; 961; 288; 529; 0; 1179; 1219; 509; 4095; 487
998; 1349; 981; 283; 538; 0; 1198; 1260; 511; 4095; 485
1022; 1363; 1007; 293; 551; 0; 1207; 1287; 528; 4095; 496
1051; 1373; 1008; 296; 555; 0; 1229; 1311; 525; 4095; 493
1075; 1381; 1040; 301; 566; 0; 1241; 1343; 527; 4095; 499
1095; 1395; 1054; 295; 571; 0; 1258; 1365; 525; 4095; 498
1115; 1399; 1063; 301; 577; 0; 1271; 1392; 520; 4095; 496
1136; 1408; 1085; 304; 587; 0; 1277; 1419; 526; 4095; 503
1151; 1415; 1099; 303; 583; 0; 1283; 1439; 528; 4095; 502
1168; 1421; 1114; 303; 587; 0; 1297; 1457; 526; 4095; 506
1183; 1433; 1118; 309; 595; 0; 1301; 1475; 528; 4095; 500
1198; 1437; 1136; 307; 602; 0; 1308; 1493; 531; 4095; 520
1219; 1450; 1152; 310; 607; 0; 1322; 1519; 533; 4095; 518
1221; 1446; 1153; 317; 605; 0; 1327; 1535; 538; 4095; 519
1233; 1443; 1168; 315; 614; 0; 1337; 1558; 537; 4095; 521
1246; 1440; 1169; 318; 622; 0; 1343; 1571; 531; 4095; 511
1262; 1437; 1183; 326; 626; 0; 1351; 1589; 549; 4095; 522
1269; 1433; 1200; 326; 624; 0; 1360; 1600; 543; 4095; 527
1290; 1419; 1204; 336; 590; 0; 1367; 1623; 551; 4095; 525
1282; 1392; 1221; 336; 608; 0; 1377; 1642; 578; 4095; 528
1316; 1389; 1230; 336; 620; 0; 1383; 1662; 554; 4095; 528
1330; 1393; 1247; 334; 634; 0; 1397; 1680; 556; 4095; 533
1343; 1419; 1218; 336; 651; 0; 1410; 1695; 559; 4095; 535
1353; 1446; 1263; 336; 667; 0; 1422; 1714; 560; 4095; 529
1360; 1473; 1280; 336; 678; 0; 1434; 1730; 556; 4095; 542
1370; 1495; 1291; 336; 699; 0; 1446; 1754; 557; 4095; 544
1375; 1520; 1303; 336; 710; 0; 1456; 1767; 557; 4095; 509
1387; 1552; 1313; 331; 720; 0; 1468; 1787; 558; 4095; 544
1391; 1566; 1328; 333; 726; 0; 1485; 1803; 557; 4095; 549
1395; 1579; 1328; 338; 739; 0; 1488; 1814; 556; 4095; 559
1407; 1584; 1337; 336; 745; 0; 1495; 1831; 560; 4095; 559
1410; 1595; 1341; 336; 749; 0; 1509; 1840; 551; 4095; 567
1418; 1600; 1347; 337; 743; 0; 1514; 1853; 556; 4095; 560
1423; 1609; 1355; 345; 752; 0; 1521; 1860; 562; 4095; 560
1424; 1616; 1358; 339; 752; 0; 1527; 1875; 561; 4095; 556
1427; 1620; 1360; 345; 756; 0; 1534; 1887; 560; 4095; 563
1432; 1621; 1360; 343; 757; 0; 1535; 1883; 561; 4095; 566
1439; 1618; 1370; 347; 763; 0; 1543; 1904; 567; 4095; 565
1443; 1622; 1371; 357; 770; 0; 1551; 1907; 565; 4095; 560
1445; 1620; 1376; 363; 789; 0; 1552; 1919; 563; 4095; 571
1455; 1625; 1370; 368; 774; 0; 1556; 1934; 577; 4095; 560
1454; 1625; 1386; 382; 775; 0; 1563; 1936; 578; 4095; 571
1456; 1629; 1380; 387; 783; 0; 1562; 1942; 588; 4095; 566
1459; 1625; 1397; 384; 782; 0; 1568; 1955; 587; 4095; 565
1461; 1632; 1385; 393; 782; 0; 1571; 1959; 590; 4095; 561
1469; 1631; 1392; 401; 784; 0; 1571; 1968; 588; 4095; 565
1471; 1616; 1386; 406; 796; 0; 1575; 1974; 591; 4095; 567
1474; 1600; 1392; 415; 735; 0; 1575; 1982; 595; 4095; 560
1477; 1573; 1393; 429; 704; 0; 1574; 1983; 598; 4095; 568
1484; 1551; 1392; 430; 671; 0; 1575; 1994; 601; 4095; 560
1485; 1526; 1391; 436; 652; 0; 1575; 1997; 607; 4095; 560
1489; 1510; 1392; 435; 643; 0; 1582; 1999; 615; 4095; 562
1493; 1499; 1399; 443; 647; 0; 1579; 2003; 609; 4095; 560
1497; 1495; 1393; 444; 656; 0; 1575; 2015; 615; 4095; 560
1474; 1494; 1403; 455; 667; 0; 1579; 2013; 594; 4095; 592
1506; 1489; 1395; 454; 667; 0; 1575; 2018; 628; 4095; 555
1511; 1488; 1395; 466; 671; 0; 1584; 2023; 626; 4095; 560
1517; 1488; 1403; 477; 682; 0; 1578; 2032; 624; 4095; 560
1519; 1490; 1397; 477; 688; 0; 1577; 2032; 631; 4095; 561
1519; 1489; 1403; 479; 698; 0; 1580; 2043; 633; 4095; 559
1520; 1490; 1398; 490; 704; 0; 1579; 2038; 637; 4095; 560
1527; 1489; 1401; 498; 714; 0; 1581; 2045; 623; 4095; 554
1523; 1489; 1395; 490; 720; 0; 1572; 2058; 644; 4095; 547
1529; 1492; 1394; 495; 723; 0; 1574; 2057; 644; 4095; 545
1526; 1488; 1394; 502; 725; 0; 1569; 2063; 643; 4095; 549
1532; 1488; 1392; 496; 727; 0; 1566; 2063; 643; 4095; 547
1530; 1488; 1385; 502; 729; 0; 1562; 2057; 641; 4095; 541
1525; 1485; 1369; 506; 725; 0; 1554; 2055; 647; 4095; 539
1520; 1487; 1365; 509; 727; 0; 1556; 2055; 649; 4095; 530
1525; 1481; 1356; 510; 723; 0; 1555; 2057; 650; 4095; 532
1520; 1473; 1355; 499; 720; 0; 1549; 2046; 647; 4095; 524
1519; 1471; 1347; 499; 711; 0; 1545; 2047; 650; 4095; 524
1515; 1461; 1329; 511; 708; 0; 1529; 2044; 651; 4095; 521
1508; 1459; 1328; 505; 704; 0; 1525; 2042; 653; 4095; 509
1507; 1424; 1319; 509; 697; 0; 1518; 2039; 654; 4095; 511
1503; 1443; 1302; 507; 694; 0; 1518; 2038; 653; 4095; 499
1495; 1443; 1295; 507; 693; 0; 1510; 2029; 653; 4095; 508
1494; 1439; 1289; 517; 691; 0; 1503; 2030; 654; 4095; 499
1490; 1438; 1287; 508; 688; 0; 1505; 2030; 654; 4095; 496
1489; 1437; 1277; 518; 694; 0; 1502; 2027; 654; 4095; 496
1488; 1431; 1270; 529; 694; 0; 1499; 2032; 649; 4095; 496
1488; 1421; 1264; 502; 691; 0; 1494; 2022; 656; 4095; 492
1482; 1428; 1265; 507; 691; 0; 1491; 2017; 649; 4095; 495
1482; 1425; 1252; 517; 692; 0; 1497; 2019; 655; 4095; 495
1474; 1420; 1258; 511; 687; 0; 1488; 2010; 656; 4095; 486
1472; 1407; 1243; 505; 677; 0; 1490; 2013; 650; 4095; 486
1463; 1390; 1234; 498; 659; 0; 1488; 2009; 653; 4095; 491
1463; 1362; 1230; 499; 670; 0; 1479; 2009; 647; 4095; 478
1450; 1344; 1219; 499; 656; 0; 1475; 2000; 649; 4095; 448
1456; 1333; 1214; 502; 656; 0; 1472; 1993; 652; 4095; 479
1455; 1329; 1214; 506; 652; 0; 1463; 1993; 655; 4095; 486
1450; 1331; 1211; 509; 650; 0; 1457; 1997; 656; 4095; 481
1445; 1330; 1210; 517; 650; 0; 1456; 1992; 647; 4095; 474
1443; 1331; 1207; 519; 651; 0; 1450; 1991; 646; 4095; 472
1440; 1371; 1210; 528; 649; 0; 1450; 1986; 651; 4095; 475
1434; 1337; 1211; 527; 650; 0; 1446; 1984; 647; 4095; 474
1436; 1347; 1205; 525; 656; 0; 1441; 1987; 651; 4095; 477
1429; 1354; 1210; 527; 662; 0; 1445; 1997; 651; 4095; 466
1427; 1372; 1205; 528; 666; 0; 1454; 1991; 646; 4095; 475
1427; 1381; 1210; 528; 679; 0; 1456; 2001; 646; 4095; 477
1426; 1395; 1215; 530; 682; 0; 1456; 1999; 653; 4095; 473
1424; 1411; 1220; 528; 695; 0; 1461; 2000; 638; 4095; 476
1424; 1427; 1223; 533; 701; 0; 1472; 2004; 649; 4095; 485
1425; 1445; 1231; 527; 703; 0; 1475; 2004; 643; 4095; 486
1424; 1457; 1195; 534; 714; 0; 1487; 2021; 645; 4095; 490
1429; 1481; 1233; 525; 719; 0; 1493; 2019; 642; 4095; 491
1426; 1490; 1248; 528; 722; 0; 1501; 2028; 647; 4095; 494
1429; 1507; 1258; 532; 720; 0; 1505; 2030; 636; 4095; 493
1414; 1520; 1264; 536; 745; 0; 1518; 2032; 653; 4095; 503
1430; 1541; 1266; 528; 752; 0; 1521; 2039; 645; 4095; 506
1433; 1557; 1277; 528; 759; 0; 1532; 2045; 642; 4095; 519
1434; 1571; 1301; 530; 765; 0; 1535; 2058; 646; 4095; 525
1438; 1584; 1287; 533; 770; 0; 1550; 2059; 639; 4095; 519
1437; 1587; 1298; 506; 771; 0; 1553; 2063; 640; 4095; 524
1441; 1625; 1302; 531; 779; 0; 1564; 2069; 645; 4095; 522
1440; 1598; 1306; 546; 784; 0; 1571; 2067; 646; 4095; 531
1441; 1601; 1314; 538; 784; 0; 1573; 2074; 639; 4095; 529
1441; 1615; 1313; 544; 787; 0; 1574; 2080; 645; 4095; 526
1443; 1617; 1327; 544; 795; 0; 1583; 2083; 646; 4095; 533
1445; 1618; 1325; 545; 799; 0; 1581; 2084; 642; 4095; 527
1441; 1617; 1327; 551; 799; 0; 1584; 2090; 643; 4095; 528
1443; 1618; 1328; 550; 803; 0; 1586; 2089; 612; 4095; 498
1446; 1622; 1331; 554; 801; 0; 1583; 2096; 645; 4095; 530
1445; 1622; 1337; 560; 803; 0; 1585; 2089; 643; 4095; 530
1443; 1622; 1328; 560; 801; 0; 1583; 2093; 639; 4095; 531
1443; 1623; 1335; 563; 801; 0; 1585; 2095; 649; 4095; 528
1443; 1623; 1328; 579; 807; 0; 1583; 2089; 646; 4095; 529
1440; 1611; 1328; 565; 805; 0; 1571; 2083; 643; 4095; 525
1443; 1619; 1331; 570; 803; 0; 1581; 2092; 649; 4095; 528
1439; 1618; 1329; 569; 803; 0; 1579; 2091; 647; 4095; 531
1443; 1623; 1325; 565; 805; 0; 1578; 2091; 645; 4095; 535
1437; 1622; 1326; 569; 805; 0; 1575; 2094; 649; 4095; 533
1433; 1630; 1325; 574; 801; 0; 1579; 2085; 642; 4095; 528
1434; 1633; 1323; 576; 801; 0; 1579; 2091; 646; 4095; 532
1436; 1632; 1323; 576; 803; 0; 1570; 2084; 647; 4095; 530
1437; 1634; 1328; 576; 806; 0; 1575; 2086; 645; 4095; 528
1437; 1637; 1322; 585; 802; 0; 1575; 2086; 646; 4095; 533
1430; 1634; 1327; 581; 806; 0; 1575; 2082; 645; 4095; 531
1431; 1641; 1319; 587; 804; 0; 1572; 2061; 647; 4095; 531
1427; 1642; 1322; 589; 774; 0; 1567; 2085; 646; 4095; 531
1427; 1648; 1326; 587; 805; 0; 1571; 2085; 647; 4095; 529
1426; 1651; 1321; 586; 816; 0; 1569; 2086; 646; 4095; 529
1433; 1663; 1327; 573; 814; 0; 1580; 2091; 646; 4095; 538
1435; 1668; 1319; 576; 816; 0; 1577; 2085; 644; 4095; 534
1429; 1679; 1330; 581; 816; 0; 1581; 2093; 644; 4095; 532
1431; 1683; 1331; 576; 817; 0; 1585; 2096; 647; 4095; 530
1435; 1682; 1330; 578; 796; 0; 1589; 2094; 649; 4095; 533
1441; 1692; 1332; 579; 817; 0; 1593; 2096; 647; 4095; 539
1436; 1696; 1340; 580; 817; 0; 1604; 2101; 653; 4095; 548
1441; 1695; 1342; 581; 817; 0; 1605; 2102; 642; 4095; 546
1439; 1694; 1344; 582; 815; 0; 1612; 2111; 644; 4095; 543
1444; 1688; 1349; 582; 806; 0; 1613; 2113; 652; 4095; 545
1446; 1679; 1362; 585; 798; 0; 1619; 2123; 646; 4095; 548
1453; 1660; 1367; 571; 791; 0; 1622; 2127; 635; 4095; 562
1455; 1629; 1375; 574; 783; 0; 1624; 2128; 652; 4095; 548
1459; 1600; 1384; 588; 749; 0; 1634; 2137; 658; 4095; 559
1463; 1563; 1386; 592; 705; 0; 1637; 2143; 649; 4095; 553
1465; 1525; 1386; 592; 678; 0; 1641; 2144; 656; 4095; 553
1464; 1494; 1394; 595; 659; 0; 1639; 2149; 647; 4095; 550
1472; 1470; 1393; 596; 656; 0; 1653; 2143; 656; 4095; 554
1475; 1453; 1406; 596; 656; 0; 1644; 2145; 659; 4095; 546
1473; 1425; 1403; 592; 662; 0; 1639; 2145; 664; 4095; 551
1477; 1407; 1388; 591; 677; 0; 1639; 2147; 664; 4095; 553
1473; 1387; 1386; 591; 683; 0; 1645; 2145; 663; 4095; 547
1473; 1374; 1377; 592; 666; 0; 1641; 2162; 666; 4095; 547
1474; 1360; 1367; 596; 656; 0; 1628; 2142; 667; 4095; 541
1471; 1345; 1370; 596; 643; 0; 1633; 2144; 673; 4095; 576
1472; 1330; 1360; 592; 654; 0; 1623; 2136; 665; 4095; 542
1466; 1328; 1355; 588; 657; 0; 1617; 2134; 666; 4095; 539
1466; 1340; 1347; 589; 678; 0; 1616; 2131; 673; 4095; 532
1461; 1350; 1346; 581; 693; 0; 1613; 2133; 663; 4095; 535
1461; 1359; 1328; 581; 707; 0; 1611; 2128; 667; 4095; 528
1455; 1404; 1328; 589; 720; 0; 1608; 2130; 662; 4095; 528
1457; 1375; 1325; 589; 723; 0; 1606; 2128; 662; 4095; 520
1456; 1390; 1316; 594; 738; 0; 1609; 2125; 662; 4095; 523
1456; 1399; 1322; 593; 751; 0; 1603; 2122; 667; 4095; 517
1455; 1417; 1315; 593; 764; 0; 1605; 2128; 668; 4095; 509
1456; 1439; 1311; 597; 768; 0; 1606; 2128; 673; 4095; 522
1458; 1457; 1310; 605; 762; 0; 1613; 2128; 666; 4095; 506
1459; 1474; 1318; 604; 784; 0; 1618; 2130; 666; 4095; 521
1467; 1488; 1322; 612; 800; 0; 1623; 2141; 671; 4095; 521
1471; 1509; 1312; 623; 806; 0; 1631; 2154; 673; 4095; 522
1471; 1529; 1323; 625; 815; 0; 1638; 2156; 671; 4095; 518
1477; 1552; 1328; 624; 826; 0; 1648; 2160; 671; 4095; 528
1483; 1573; 1328; 637; 821; 0; 1650; 2165; 670; 4095; 528
1473; 1585; 1345; 627; 835; 0; 1654; 2175; 688; 4095; 527
1488; 1597; 1346; 638; 846; 0; 1666; 2179; 678; 4095; 533
1500; 1603; 1351; 639; 848; 0; 1664; 2179; 674; 4095; 531
1505; 1616; 1359; 638; 853; 0; 1677; 2189; 686; 4095; 539
1507; 1622; 1364; 640; 859; 0; 1676; 2187; 681; 4095; 541
1513; 1626; 1377; 643; 848; 0; 1683; 2194; 679; 4095; 535
1520; 1622; 1389; 643; 864; 0; 1690; 2196; 686; 4095; 523
1523; 1629; 1382; 646; 860; 0; 1691; 2204; 672; 4095; 535
1530; 1637; 1394; 641; 864; 0; 1695; 2207; 681; 4095; 542
1535; 1638; 1374; 642; 864; 0; 1701; 2208; 688; 4095; 548
1543; 1642; 1401; 647; 864; 0; 1703; 2247; 685; 4095; 547
1552; 1646; 1411; 641; 862; 0; 1707; 2216; 682; 4095; 546
1552; 1616; 1415; 655; 857; 0; 1709; 2224; 687; 4095; 549
1559; 1621; 1424; 648; 853; 0; 1711; 2227; 686; 4095; 544
1562; 1610; 1425; 656; 851; 0; 1712; 2231; 682; 4095; 553
1561; 1602; 1425; 656; 854; 0; 1712; 2230; 688; 4095; 554
1566; 1601; 1429; 656; 854; 0; 1709; 2236; 685; 4095; 544
1567; 1600; 1437; 665; 853; 0; 1711; 2235; 687; 4095; 539
1558; 1595; 1424; 665; 849; 0; 1703; 2234; 686; 4095; 538
1561; 1597; 1431; 666; 847; 0; 1696; 2235; 690; 4095; 530
1565; 1595; 1428; 666; 845; 0; 1696; 2225; 688; 4095; 530
1561; 1598; 1431; 667; 837; 0; 1683; 2224; 686; 4095; 532
1562; 1591; 1426; 671; 833; 0; 1683; 2226; 688; 4095; 531
1557; 1586; 1424; 679; 828; 0; 1677; 2229; 692; 4095; 532
1559; 1585; 1424; 667; 820; 0; 1671; 2224; 691; 4095; 539
1552; 1571; 1411; 677; 815; 0; 1662; 2219; 686; 4095; 581
1553; 1578; 1408; 678; 811; 0; 1657; 2212; 689; 4095; 526
1553; 1577; 1408; 677; 805; 0; 1648; 2210; 688; 4095; 527
1552; 1571; 1410; 672; 807; 0; 1648; 2210; 681; 4095; 519
1549; 1573; 1399; 667; 801; 0; 1646; 2202; 679; 4095; 518
1551; 1578; 1392; 688; 800; 0; 1635; 2203; 681; 4095; 511
1548; 1603; 1398; 677; 796; 0; 1634; 2203; 685; 4095; 579
1545; 1579; 1389; 669; 803; 0; 1635; 2199; 687; 4095; 523
1548; 1584; 1389; 671; 800; 0; 1639; 2202; 686; 4095; 511
1547; 1584; 1389; 667; 809; 0; 1641; 2199; 685; 4095; 522
1543; 1589; 1383; 666; 807; 0; 1646; 2202; 683; 4095; 527
1550; 1594; 1387; 666; 813; 0; 1648; 2205; 683; 4095; 511
1547; 1631; 1391; 663; 816; 0; 1648; 2211; 689; 4095; 527
1547; 1601; 1385; 659; 819; 0; 1657; 2205; 685; 4095; 520
1551; 1611; 1392; 656; 826; 0; 1666; 2215; 685; 4095; 530
1552; 1613; 1399; 645; 826; 0; 1668; 2213; 685; 4095; 529
1554; 1622; 1405; 649; 829; 0; 1680; 2218; 683; 4095; 528
1553; 1624; 1392; 640; 832; 0; 1681; 2223; 682; 4095; 529
1555; 1629; 1405; 626; 845; 0; 1693; 2224; 669; 4095; 529
1555; 1644; 1402; 627; 855; 0; 1695; 2231; 678; 4095; 535
1557; 1652; 1409; 624; 860; 0; 1706; 2233; 678; 4095; 535
1561; 1666; 1413; 611; 867; 0; 1712; 2246; 679; 4095; 539
1565; 1677; 1405; 617; 869; 0; 1716; 2241; 675; 4095; 539
1561; 1687; 1413; 614; 878; 0; 1725; 2246; 671; 4095; 533
1566; 1693; 1415; 608; 857; 0; 1727; 2244; 678; 4095; 549
1565; 1702; 1423; 608; 889; 0; 1733; 2251; 669; 4095; 547
1566; 1710; 1423; 599; 898; 0; 1739; 2250; 673; 4095; 544
1563; 1713; 1411; 601; 896; 0; 1742; 2249; 670; 4095; 553
1564; 1724; 1424; 592; 905; 0; 1744; 2255; 670; 4095; 545
1562; 1734; 1417; 592; 909; 0; 1749; 2233; 669; 4095; 544
1557; 1744; 1424; 592; 912; 0; 1749; 2249; 673; 4095; 549
1559; 1751; 1418; 587; 909; 0; 1763; 2253; 669; 4095; 547
1557; 1753; 1422; 577; 910; 0; 1744; 2249; 665; 4095; 551
1552; 1764; 1427; 582; 903; 0; 1763; 2256; 661; 4095; 557
1552; 1774; 1424; 577; 906; 0; 1763; 2256; 661; 4095; 559
1552; 1767; 1425; 571; 911; 0; 1760; 2256; 663; 4095; 557
1551; 1776; 1427; 566; 910; 0; 1767; 2253; 662; 4095; 560
1547; 1771; 1434; 571; 900; 0; 1767; 2253; 665; 4095; 560
1546; 1747; 1436; 563; 873; 0; 1767; 2255; 670; 4095; 558
1545; 1698; 1443; 562; 847; 0; 1764; 2254; 665; 4095; 567
1545; 1661; 1451; 570; 830; 0; 1764; 2253; 672; 4095; 570
1531; 1627; 1456; 560; 838; 0; 1764; 2220; 669; 4095; 565
1531; 1616; 1449; 561; 842; 0; 1755; 2254; 670; 4095; 562
1525; 1622; 1447; 560; 858; 0; 1757; 2246; 661; 4095; 564
1523; 1634; 1440; 560; 863; 0; 1749; 2241; 674; 4095; 559
1523; 1649; 1437; 566; 869; 0; 1744; 2239; 665; 4095; 557
1520; 1663; 1397; 563; 873; 0; 1744; 2233; 666; 4095; 560
1511; 1659; 1422; 566; 869; 0; 1728; 2227; 667; 4095; 554
1506; 1667; 1412; 574; 870; 0; 1723; 2222; 665; 4095; 555
1498; 1633; 1409; 565; 873; 0; 1715; 2214; 660; 4095; 546
1493; 1679; 1408; 575; 878; 0; 1712; 2209; 667; 4095; 554
1488; 1683; 1405; 583; 871; 0; 1711; 2211; 661; 4095; 545
1483; 1686; 1395; 585; 876; 0; 1709; 2205; 671; 4095; 545
1473; 1694; 1399; 588; 875; 0; 1703; 2196; 665; 4095; 546
1472; 1709; 1406; 591; 880; 0; 1701; 2194; 665; 4095; 545
1467; 1713; 1395; 587; 883; 0; 1703; 2192; 659; 4095; 554
1463; 1723; 1402; 592; 887; 0; 1697; 2192; 660; 4095; 547
1462; 1731; 1401; 595; 890; 0; 1696; 2192; 667; 4095; 559
1461; 1739; 1406; 602; 895; 0; 1702; 2192; 658; 4095; 558
1458; 1744; 1404; 592; 894; 0; 1708; 2191; 657; 4095; 560
1460; 1744; 1407; 604; 899; 0; 1711; 2192; 659; 4095; 550
1462; 1751; 1409; 606; 901; 0; 1713; 2194; 656; 4095; 560
1461; 1751; 1417; 608; 898; 0; 1718; 2202; 670; 4095; 560
1460; 1756; 1424; 610; 907; 0; 1719; 2203; 658; 4095; 563
1460; 1757; 1424; 608; 906; 0; 1726; 2195; 657; 4095; 560
1462; 1756; 1430; 618; 911; 0; 1729; 2204; 657; 4095; 562
1468; 1754; 1440; 611; 909; 0; 1738; 2213; 657; 4095; 569
1471; 1758; 1435; 623; 915; 0; 1737; 2210; 661; 4095; 560
1474; 1750; 1447; 656; 911; 0; 1744; 2218; 651; 4095; 570
1475; 1748; 1445; 624; 908; 0; 1744; 2222; 655; 4095; 562
1482; 1744; 1449; 628; 910; 0; 1744; 2224; 657; 4095; 569
1487; 1744; 1449; 630; 912; 0; 1750; 2227; 660; 4095; 566
1488; 1738; 1456; 631; 912; 0; 1753; 2240; 657; 4095; 560
1490; 1741; 1447; 641; 911; 0; 1751; 2227; 662; 4095; 567
1514; 1733; 1453; 635; 911; 0; 1759; 2238; 656; 4095; 593
1498; 1739; 1451; 638; 908; 0; 1761; 2235; 666; 4095; 563
1503; 1734; 1457; 637; 910; 0; 1765; 2246; 663; 4095; 566
1503; 1729; 1457; 636; 912; 0; 1765; 2242; 667; 4095; 560
1506; 1734; 1464; 642; 914; 0; 1770; 2253; 656; 4095; 560
1511; 1731; 1463; 627; 934; 0; 1767; 2253; 665; 4095; 563
1500; 1727; 1466; 635; 912; 0; 1781; 2247; 667; 4095; 571
1520; 1728; 1477; 630; 912; 0; 1776; 2253; 667; 4095; 571
1527; 1728; 1469; 640; 912; 0; 1776; 2256; 659; 4095; 565
1525; 1733; 1475; 640; 913; 0; 1778; 2257; 659; 4095; 573
1527; 1727; 1480; 637; 912; 0; 1783; 2258; 663; 4095; 573
1535; 1729; 1485; 640; 923; 0; 1789; 2270; 670; 4095; 572
1535; 1728; 1485; 643; 912; 0; 1790; 2272; 660; 4095; 576
1551; 1733; 1499; 642; 912; 0; 1793; 2277; 661; 4095; 574
1553; 1728; 1497; 639; 911; 0; 1791; 2277; 666; 4095; 576
1558; 1734; 1535; 649; 911; 0; 1798; 2281; 658; 4095; 575
1561; 1732; 1507; 656; 913; 0; 1798; 2288; 668; 4095; 579
1570; 1726; 1520; 654; 950; 0; 1796; 2289; 670; 4095; 576
1568; 1729; 1520; 656; 912; 0; 1790; 2293; 659; 4095; 581
1575; 1726; 1520; 657; 912; 0; 1803; 2298; 671; 4095; 577
1579; 1728; 1520; 656; 915; 0; 1809; 2298; 674; 4095; 576
1584; 1731; 1509; 663; 918; 0; 1808; 2301; 666; 4095; 574
1584; 1733; 1526; 658; 919; 0; 1809; 2299; 677; 4095; 583
1587; 1733; 1545; 670; 915; 0; 1809; 2301; 673; 4095; 579
1595; 1739; 1548; 659; 917; 0; 1808; 2309; 669; 4095; 579
1599; 1741; 1551; 663; 922; 0; 1813; 2309; 677; 4095; 578
1601; 1737; 1552; 673; 922; 0; 1822; 2310; 672; 4095; 585
1601; 1739; 1558; 666; 921; 0; 1815; 2316; 673; 4095; 585
1610; 1737; 1563; 673; 927; 0; 1821; 2320; 674; 4095; 581
1616; 1735; 1564; 656; 924; 0; 1825; 2320; 682; 4095; 589
1616; 1724; 1569; 668; 924; 0; 1803; 2326; 681; 4095; 587
1618; 1728; 1568; 669; 921; 0; 1829; 2331; 679; 4095; 587
1617; 1725; 1574; 663; 926; 0; 1830; 2327; 673; 4095; 582
1621; 1724; 1589; 671; 925; 0; 1835; 2333; 677; 4095; 577
1621; 1722; 1574; 675; 924; 0; 1826; 2325; 676; 4095; 578
1619; 1715; 1569; 669; 928; 0; 1830; 2331; 679; 4095; 581
1619; 1715; 1580; 671; 930; 0; 1825; 2330; 679; 4095; 597
1616; 1714; 1574; 672; 933; 0; 1825; 2329; 678; 4095; 578
1621; 1713; 1574; 673; 933; 0; 1825; 2331; 677; 4095; 580
1620; 1713; 1550; 682; 930; 0; 1825; 2327; 675; 4095; 576
1622; 1713; 1573; 681; 934; 0; 1826; 2325; 673; 4095; 580
1618; 1705; 1567; 677; 926; 0; 1819; 2323; 677; 4095; 577
1621; 1705; 1572; 688; 926; 0; 1825; 2322; 687; 4095; 566
1621; 1698; 1571; 681; 924; 0; 1819; 2323; 679; 4095; 576
1623; 1695; 1571; 688; 912; 0; 1819; 2323; 685; 4095; 573
1621; 1683; 1566; 688; 908; 0; 1822; 2331; 678; 4095; 575
1621; 1665; 1559; 688; 898; 0; 1820; 2325; 687; 4095; 569
1619; 1651; 1563; 683; 893; 0; 1817; 2329; 688; 4095; 570
1623; 1641; 1565; 687; 893; 0; 1809; 2325; 678; 4095; 576
1621; 1646; 1561; 688; 895; 0; 1810; 2327; 688; 4095; 576
1619; 1649; 1563; 688; 889; 0; 1811; 2326; 688; 4095; 576
1618; 1661; 1616; 681; 892; 0; 1811; 2325; 683; 4095; 576
1616; 1667; 1558; 677; 890; 0; 1810; 2359; 688; 4095; 574
1616; 1681; 1566; 647; 893; 0; 1808; 2319; 687; 4095; 572
1616; 1731; 1553; 669; 899; 0; 1843; 2320; 678; 4095; 584
1613; 1711; 1554; 657; 908; 0; 1809; 2321; 687; 4095; 577
1610; 1718; 1555; 659; 910; 0; 1811; 2320; 680; 4095; 575
1605; 1724; 1551; 656; 912; 0; 1808; 2323; 678; 4095; 579
1599; 1725; 1548; 658; 915; 0; 1809; 2317; 677; 4095; 574
1599; 1729; 1546; 659; 911; 0; 1806; 2315; 678; 4095; 570
1591; 1731; 1535; 663; 912; 0; 1823; 2313; 681; 4095; 571
1591; 1733; 1531; 656; 916; 0; 1807; 2307; 681; 4095; 575
1585; 1733; 1529; 656; 912; 0; 1806; 2309; 677; 4095; 572
1584; 1735; 1506; 656; 912; 0; 1806; 2304; 678; 4095; 571
1579; 1729; 1520; 647; 911; 0; 1801; 2333; 679; 4095; 566
1579; 1733; 1519; 646; 902; 0; 1794; 2302; 686; 4095; 566
1573; 1732; 1520; 638; 901; 0; 1781; 2299; 677; 4095; 567
1574; 1726; 1515; 636; 912; 0; 1792; 2294; 682; 4095; 562
1568; 1725; 1519; 629; 899; 0; 1792; 2295; 673; 4095; 563
1570; 1721; 1520; 626; 898; 0; 1789; 2294; 675; 4095; 573
1572; 1715; 1523; 635; 891; 0; 1786; 2294; 671; 4095; 563
1571; 1710; 1523; 625; 887; 0; 1785; 2299; 673; 4095; 566
1570; 1704; 1533; 627; 892; 0; 1779; 2293; 663; 4095; 527
1574; 1697; 1531; 621; 887; 0; 1778; 2291; 669; 4095; 557
1571; 1690; 1533; 611; 881; 0; 1777; 2298; 670; 4095; 560
1571; 1687; 1529; 612; 880; 0; 1773; 2291; 662; 4095; 558
1578; 1681; 1530; 599; 880; 0; 1776; 2287; 670; 4095; 561
1579; 1680; 1535; 592; 880; 0; 1773; 2291; 663; 4095; 559
1594; 1680; 1534; 595; 882; 0; 1774; 2291; 709; 4095; 559
1584; 1681; 1534; 592; 879; 0; 1771; 2294; 664; 4095; 555
1582; 1679; 1544; 587; 871; 0; 1773; 2299; 663; 4095; 558
1582; 1678; 1546; 582; 870; 0; 1770; 2295; 663; 4095; 562
1583; 1666; 1549; 575; 859; 0; 1767; 2320; 656; 4095; 555
1584; 1648; 1548; 557; 857; 0; 1765; 2289; 656; 4095; 560
1606; 1618; 1552; 591; 849; 0; 1763; 2294; 656; 4095; 555
1584; 1604; 1547; 591; 856; 0; 1759; 2293; 659; 4095; 554
1584; 1602; 1543; 592; 857; 0; 1760; 2291; 661; 4095; 558
1584; 1606; 1549; 598; 862; 0; 1763; 2288; 661; 4095; 559
1583; 1616; 1549; 597; 864; 0; 1763; 2288; 656; 4095; 560
1583; 1619; 1535; 604; 880; 0; 1761; 2287; 656; 4095; 547
1580; 1630; 1533; 608; 871; 0; 1759; 2288; 659; 4095; 565
1579; 1638; 1531; 611; 875; 0; 1763; 2285; 661; 4095; 548
1575; 1645; 1518; 624; 879; 0; 1762; 2285; 661; 4095; 552
1573; 1648; 1507; 629; 880; 0; 1757; 2279; 656; 4095; 560
1568; 1649; 1504; 630; 880; 0; 1757; 2273; 659; 4095; 551
1558; 1652; 1494; 634; 882; 0; 1751; 2263; 662; 4095; 553
1561; 1655; 1488; 640; 880; 0; 1753; 2269; 655; 4095; 599
1552; 1655; 1477; 646; 884; 0; 1745; 2263; 665; 4095; 554
1545; 1655; 1483; 641; 882; 0; 1744; 2251; 667; 4095; 550
1535; 1652; 1466; 647; 883; 0; 1744; 2248; 662; 4095; 546
1525; 1655; 1474; 656; 881; 0; 1744; 2246; 658; 4095; 550
1520; 1655; 1468; 655; 855; 0; 1744; 2244; 658; 4095; 545
1514; 1651; 1467; 654; 885; 0; 1744; 2241; 670; 4095; 554
1510; 1656; 1463; 662; 887; 0; 1744; 2236; 657; 4095; 542
1506; 1652; 1466; 667; 886; 0; 1744; 2230; 667; 4095; 547
1499; 1651; 1457; 661; 891; 0; 1742; 2235; 661; 4095; 541
1496; 1648; 1458; 670; 889; 0; 1744; 2237; 663; 4095; 556
1500; 1648; 1468; 671; 889; 6; 1749; 2237; 656; 4095; 553
1504; 1647; 1469; 672; 889; 0; 1750; 2238; 658; 4095; 546
1502; 1646; 1467; 670; 891; 0; 1754; 2242; 663; 4095; 549
1501; 1644; 1466; 668; 885; 0; 1750; 2242; 655; 4095; 541
1504; 1642; 1471; 673; 886; 0; 1759; 2250; 663; 4095; 547
1507; 1645; 1483; 667; 887; 0; 1760; 2240; 661; 4095; 547
1510; 1640; 1478; 672; 881; 0; 1758; 2249; 660; 4095; 554
1510; 1647; 1481; 675; 882; 0; 1761; 2255; 664; 4095; 547
1518; 1639; 1483; 672; 881; 0; 1766; 2253; 662; 4095; 549
1519; 1642; 1486; 678; 886; 0; 1771; 2256; 666; 4095; 550
1520; 1639; 1488; 681; 886; 0; 1765; 2261; 667; 4095; 552
1525; 1643; 1491; 675; 886; 0; 1775; 2266; 666; 4095; 548
1525; 1648; 1499; 678; 893; 0; 1776; 2265; 666; 4095; 547
1531; 1659; 1501; 679; 891; 0; 1777; 2273; 667; 4095; 558
1535; 1664; 1505; 675; 897; 0; 1777; 2271; 674; 4095; 530
1548; 1675; 1515; 679; 901; 0; 1791; 2283; 671; 4095; 560
1553; 1687; 1518; 678; 907; 0; 1797; 2287; 665; 4095; 561
1555; 1695; 1522; 669; 905; 0; 1798; 2287; 671; 4095; 560
1561; 1714; 1522; 667; 911; 5; 1806; 2288; 666; 4095; 574
1561; 1710; 1534; 658; 913; 0; 1806; 2291; 662; 4095; 565
1569; 1716; 1534; 666; 919; 0; 1808; 2290; 669; 4095; 567
1567; 1725; 1491; 661; 917; 0; 1814; 2301; 669; 4095; 571
1571; 1730; 1552; 653; 919; 0; 1815; 2298; 671; 4095; 576
1575; 1731; 1561; 651; 915; 0; 1817; 2299; 667; 4095; 580
1579; 1725; 1564; 647; 925; 0; 1821; 2303; 667; 4095; 567
1583; 1734; 1570; 652; 924; 0; 1821; 2306; 662; 4095; 587
1584; 1740; 1562; 655; 931; 0; 1822; 2307; 665; 4095; 579
1586; 1730; 1618; 658; 929; 0; 1831; 2309; 661; 4095; 576
1587; 1735; 1570; 655; 927; 0; 1830; 2309; 665; 4095; 576
1590; 1737; 1575; 663; 931; 0; 1836; 2311; 659; 4095; 579
1590; 1733; 1582; 662; 935; 0; 1839; 2309; 669; 4095; 577
1593; 1736; 1575; 657; 933; 0; 1835; 2309; 675; 4095; 589
1599; 1742; 1582; 657; 940; 0; 1840; 2314; 663; 4095; 583
1590; 1744; 1587; 665; 944; 0; 1840; 2315; 663; 4095; 579
1597; 1749; 1586; 669; 944; 0; 1840; 2316; 671; 4095; 591
1597; 1757; 1584; 645; 943; 0; 1842; 2318; 665; 4095; 585
1591; 1762; 1583; 671; 946; 0; 1845; 2316; 698; 4095; 581
1595; 1766; 1590; 671; 947; 0; 1841; 2311; 663; 4095; 592
1597; 1767; 1583; 671; 949; 0; 1846; 2317; 667; 4095; 593
1591; 1771; 1591; 674; 950; 0; 1842; 2318; 666; 4095; 586
1598; 1776; 1592; 678; 953; 0; 1847; 2320; 665; 4095; 589
1594; 1779; 1586; 674; 950; 0; 1849; 2315; 661; 4095; 591
1587; 1779; 1587; 667; 949; 0; 1845; 2319; 662; 4095; 585
1596; 1785; 1597; 666; 948; 0; 1844; 2319; 670; 4095; 592
1599; 1786; 1594; 654; 948; 0; 1843; 2319; 669; 4095; 592
1598; 1789; 1588; 651; 947; 0; 1847; 2315; 665; 4095; 592
1591; 1789; 1590; 649; 947; 0; 1850; 2309; 664; 4095; 587
1591; 1791; 1590; 643; 933; 0; 1844; 2318; 665; 4095; 591
1598; 1791; 1590; 654; 946; 0; 1847; 2318; 659; 4095; 599
1591; 1790; 1584; 646; 950; 0; 1842; 2320; 667; 4095; 585
1594; 1791; 1583; 643; 951; 0; 1847; 2320; 670; 4095; 587
1595; 1783; 1573; 651; 948; 0; 1842; 2316; 664; 4095; 579
1593; 1783; 1569; 651; 945; 0; 1840; 2313; 662; 4095; 579
1590; 1776; 1572; 653; 945; 0; 1835; 2311; 671; 4095; 575
1594; 1776; 1569; 649; 946; 0; 1838; 2314; 673; 4095; 578
1589; 1767; 1552; 657; 944; 0; 1829; 2309; 661; 4095; 575
1584; 1760; 1553; 657; 938; 0; 1827; 2307; 665; 4095; 573
1586; 1754; 1549; 670; 937; 0; 1823; 2305; 665; 4095; 565
1581; 1743; 1534; 672; 933; 0; 1818; 2331; 666; 4095; 567
1579; 1726; 1535; 674; 924; 6; 1808; 2294; 670; 4095; 562
1575; 1719; 1524; 678; 919; 0; 1806; 2290; 646; 4095; 559
1573; 1703; 1526; 685; 911; 0; 1795; 2288; 675; 4095; 553
1570; 1690; 1520; 690; 912; 0; 1791; 2285; 674; 4095; 559
1566; 1679; 1520; 703; 903; 0; 1791; 2288; 667; 4095; 558
1566; 1676; 1515; 705; 897; 0; 1785; 2284; 671; 4095; 554
1569; 1665; 1520; 707; 895; 0; 1790; 2284; 671; 4095; 560
1562; 1663; 1526; 708; 887; 0; 1787; 2282; 657; 4095; 551
1563; 1663; 1531; 715; 881; 0; 1781; 2288; 666; 4095; 559
1567; 1664; 1535; 713; 874; 0; 1793; 2288; 668; 4095; 566
1567; 1668; 1558; 715; 868; 0; 1792; 2291; 667; 4095; 559
1567; 1672; 1568; 720; 863; 0; 1795; 2294; 672; 4095; 571
1573; 1676; 1568; 713; 858; 0; 1793; 2294; 669; 4095; 571
1569; 1682; 1582; 718; 855; 0; 1792; 2294; 672; 4095; 573
1555; 1683; 1584; 706; 848; 0; 1791; 2299; 666; 4095; 576
1577; 1678; 1560; 705; 839; 0; 1786; 2298; 665; 4095; 573
1583; 1654; 1611; 705; 825; 0; 1777; 2298; 665; 4095; 578
1589; 1633; 1613; 747; 821; 0; 1776; 2300; 667; 4095; 581
1593; 1611; 1616; 697; 815; 0; 1765; 2299; 662; 4095; 571
1599; 1594; 1619; 699; 809; 0; 1763; 2301; 666; 4095; 572
1606; 1584; 1622; 688; 803; 0; 1749; 2303; 659; 4095; 573
1614; 1576; 1616; 687; 800; 0; 1746; 2300; 667; 4095; 561
1615; 1565; 1627; 676; 791; 0; 1744; 2304; 656; 4095; 557
1617; 1559; 1623; 668; 791; 0; 1737; 2302; 656; 4095; 551
1623; 1555; 1618; 666; 785; 0; 1739; 2306; 653; 4095; 549
1627; 1559; 1619; 657; 785; 0; 1738; 2305; 658; 4095; 547
1627; 1559; 1616; 661; 788; 0; 1739; 2309; 653; 4095; 557
1631; 1561; 1621; 656; 790; 0; 1735; 2305; 651; 4095; 557
1634; 1563; 1618; 650; 789; 0; 1741; 2310; 655; 4095; 558
1632; 1562; 1616; 690; 800; 0; 1744; 2307; 650; 4095; 559
1633; 1565; 1620; 656; 787; 0; 1741; 2305; 682; 4095; 557
1635; 1565; 1617; 649; 794; 0; 1743; 2309; 653; 4095; 554
1632; 1558; 1616; 651; 787; 0; 1740; 2308; 654; 4095; 546
1631; 1562; 1615; 649; 788; 0; 1741; 2305; 650; 4095; 547
1630; 1563; 1613; 651; 783; 0; 1737; 2317; 648; 4095; 553
1630; 1559; 1603; 645; 763; 0; 1730; 2304; 647; 4095; 546
1619; 1557; 1601; 654; 777; 0; 1733; 2299; 622; 4095; 549
1629; 1552; 1600; 643; 782; 0; 1730; 2301; 649; 4095; 543
1629; 1550; 1598; 647; 771; 0; 1728; 2303; 653; 4095; 535
1630; 1549; 1597; 653; 770; 0; 1725; 2301; 646; 4095; 537
1628; 1535; 1583; 656; 765; 0; 1715; 2298; 650; 4095; 539
1627; 1526; 1582; 655; 768; 0; 1717; 2299; 647; 4095; 535
1631; 1519; 1578; 655; 763; 0; 1717; 2294; 650; 4095; 577
1621; 1513; 1565; 653; 757; 0; 1715; 2291; 647; 4095; 530
1622; 1495; 1562; 657; 763; 0; 1712; 2292; 655; 4095; 531
1620; 1486; 1553; 656; 746; 0; 1710; 2290; 649; 4095; 521
1619; 1482; 1535; 655; 746; 0; 1702; 2287; 654; 4095; 509
1616; 1463; 1535; 656; 741; 0; 1697; 2288; 650; 4095; 505
1617; 1459; 1525; 658; 739; 0; 1699; 2288; 655; 4095; 509
1615; 1451; 1521; 663; 729; 0; 1692; 2287; 656; 4095; 509
1616; 1446; 1518; 657; 726; 0; 1686; 2287; 656; 4095; 502
1616; 1441; 1518; 661; 725; 0; 1680; 2285; 656; 4095; 496
1615; 1439; 1510; 656; 720; 0; 1680; 2282; 649; 4095; 497
1614; 1443; 1511; 655; 720; 0; 1670; 2283; 655; 4095; 499
1614; 1435; 1505; 654; 721; 0; 1670; 2277; 656; 4095; 491
1614; 1430; 1509; 646; 718; 0; 1667; 2274; 657; 4095; 496
1610; 1424; 1553; 648; 703; 0; 1659; 2277; 654; 4095; 494
1615; 1411; 1502; 649; 692; 0; 1654; 2276; 658; 4095; 496
1615; 1402; 1494; 656; 683; 0; 1655; 2272; 656; 4095; 496
1615; 1392; 1492; 649; 675; 0; 1649; 2274; 656; 4095; 496
1614; 1391; 1497; 649; 677; 0; 1649; 2269; 656; 4095; 496
1614; 1390; 1497; 646; 676; 0; 1648; 2271; 655; 4095; 496
1614; 1385; 1505; 636; 687; 0; 1645; 2269; 653; 4095; 485
1610; 1387; 1482; 634; 690; 0; 1645; 2235; 655; 4095; 492
1613; 1386; 1473; 631; 706; 0; 1649; 2263; 652; 4095; 495
1600; 1392; 1471; 642; 718; 0; 1648; 2256; 654; 4095; 487
1605; 1404; 1468; 634; 726; 0; 1650; 2262; 655; 4095; 485
1604; 1411; 1465; 641; 739; 0; 1656; 2256; 653; 4095; 479
1600; 1424; 1460; 641; 754; 0; 1666; 2256; 655; 4095; 485
1595; 1433; 1456; 643; 767; 0; 1674; 2254; 654; 4095; 493
1589; 1453; 1450; 635; 775; 0; 1678; 2252; 656; 4095; 489
1584; 1473; 1456; 636; 789; 0; 1703; 2252; 650; 4095; 496
1578; 1487; 1456; 636; 796; 0; 1687; 2247; 650; 4095; 496
1573; 1510; 1458; 624; 802; 0; 1699; 2246; 652; 4095; 496
1571; 1523; 1461; 624; 802; 0; 1703; 2250; 640; 4095; 506
1570; 1535; 1456; 624; 811; 0; 1711; 2247; 646; 4095; 510
1562; 1555; 1455; 624; 817; 0; 1714; 2246; 649; 4095; 502
1535; 1569; 1456; 625; 828; 0; 1719; 2249; 649; 4095; 503
1561; 1583; 1457; 624; 838; 0; 1719; 2240; 651; 4095; 509
1554; 1585; 1443; 623; 841; 0; 1722; 2246; 649; 4095; 519
1552; 1594; 1441; 625; 848; 0; 1725; 2237; 652; 4095; 519
1552; 1600; 1447; 623; 849; 0; 1728; 2245; 643; 4095; 523
1547; 1610; 1433; 637; 860; 0; 1731; 2242; 646; 4095; 519
1548; 1618; 1431; 627; 833; 0; 1735; 2234; 645; 4095; 525
1535; 1631; 1439; 636; 877; 0; 1735; 2231; 647; 4095; 518
1532; 1636; 1424; 646; 880; 0; 1739; 2234; 653; 4095; 528
1531; 1647; 1426; 651; 880; 0; 1739; 2229; 642; 4095; 526
1525; 1659; 1427; 646; 891; 0; 1739; 2233; 653; 4095; 526
1520; 1680; 1425; 653; 894; 0; 1743; 2224; 649; 4095; 509
1519; 1682; 1430; 653; 893; 0; 1749; 2230; 652; 4095; 538
1520; 1690; 1434; 662; 905; 0; 1750; 2227; 647; 4095; 535
1520; 1700; 1478; 652; 911; 0; 1760; 2234; 653; 4095; 539
1520; 1706; 1451; 651; 913; 0; 1765; 2234; 643; 4095; 545
1521; 1717; 1457; 656; 913; 0; 1769; 2238; 647; 4095; 547
1523; 1725; 1472; 640; 913; 0; 1755; 2238; 651; 4095; 545
1525; 1735; 1483; 637; 914; 0; 1783; 2249; 651; 4095; 552
1534; 1745; 1490; 640; 912; 0; 1783; 2256; 641; 4095; 559
1550; 1753; 1488; 629; 916; 0; 1795; 2258; 649; 4095; 565
1556; 1751; 1520; 636; 912; 0; 1802; 2269; 643; 4095; 571
1559; 1755; 1535; 610; 913; 0; 1808; 2271; 643; 4095; 569
1566; 1757; 1551; 629; 912; 0; 1808; 2278; 631; 4095; 579
1575; 1755; 1555; 624; 910; 0; 1813; 2287; 646; 4095; 576
1584; 1758; 1571; 624; 909; 0; 1817; 2287; 637; 4095; 576
1590; 1751; 1579; 624; 911; 0; 1815; 2289; 639; 4095; 576
1598; 1754; 1584; 624; 911; 0; 1823; 2319; 643; 4095; 576
1605; 1747; 1586; 631; 873; 0; 1825; 2303; 654; 4095; 576
1596; 1744; 1589; 635; 907; 0; 1834; 2299; 688; 4095; 585
1615; 1744; 1600; 642; 903; 0; 1831; 2301; 652; 4095; 580
1620; 1739; 1606; 645; 907; 0; 1837; 2306; 653; 4095; 581
1622; 1740; 1602; 649; 903; 0; 1834; 2308; 653; 4095; 581
1629; 1734; 1607; 647; 902; 0; 1834; 2311; 656; 4095; 586
1632; 1733; 1602; 656; 915; 0; 1838; 2309; 653; 4095; 579
1652; 1731; 1601; 656; 905; 0; 1839; 2311; 652; 4095; 633
1634; 1731; 1606; 669; 901; 0; 1840; 2318; 654; 4095; 591
1635; 1729; 1613; 662; 902; 0; 1839; 2314; 656; 4095; 582
1638; 1730; 1614; 666; 905; 0; 1839; 2313; 656; 4095; 587
1641; 1733; 1616; 672; 905; 0; 1840; 2313; 657; 4095; 579
1639; 1730; 1611; 677; 907; 0; 1840; 2319; 654; 4095; 576
1626; 1732; 1608; 677; 909; 0; 1839; 2319; 665; 4095; 582
1642; 1737; 1615; 678; 909; 0; 1844; 2322; 670; 4095; 576
1643; 1731; 1611; 688; 913; 0; 1843; 2325; 663; 4095; 587
1648; 1737; 1607; 688; 917; 0; 1843; 2320; 663; 4095; 578
1647; 1734; 1613; 681; 911; 0; 1840; 2322; 661; 4095; 580
1648; 1738; 1609; 691; 911; 0; 1840; 2323; 662; 4095; 583
1645; 1735; 1606; 689; 913; 0; 1839; 2323; 670; 4095; 587
1648; 1731; 1607; 697; 915; 0; 1840; 2325; 667; 4095; 578
1648; 1734; 1584; 704; 914; 0; 1840; 2327; 674; 4095; 588
1650; 1735; 1606; 693; 914; 0; 1840; 2323; 674; 4095; 582
1651; 1742; 1609; 659; 913; 0; 1840; 2323; 667; 4095; 578
1648; 1739; 1603; 695; 912; 0; 1821; 2322; 667; 4095; 575
1649; 1741; 1606; 693; 912; 0; 1840; 2325; 672; 4095; 574
1655; 1747; 1614; 690; 907; 0; 1840; 2324; 670; 4095; 582
1657; 1747; 1618; 686; 908; 0; 1840; 2330; 672; 4095; 583
1660; 1748; 1616; 686; 909; 0; 1840; 2321; 671; 4095; 581
1662; 1753; 1619; 685; 905; 0; 1838; 2327; 667; 4095; 579
1660; 1750; 1622; 679; 903; 0; 1821; 2330; 671; 4095; 589
1661; 1744; 1622; 672; 905; 0; 1839; 2322; 665; 4095; 579
1661; 1743; 1627; 677; 911; 0; 1840; 2326; 669; 4095; 576
1662; 1742; 1616; 684; 907; 0; 1835; 2324; 672; 4095; 581
1663; 1734; 1617; 688; 906; 0; 1839; 2358; 672; 4095; 583
1659; 1727; 1618; 707; 934; 0; 1835; 2325; 670; 4095; 581
1648; 1721; 1619; 685; 909; 0; 1831; 2327; 652; 4095; 587
1663; 1717; 1616; 691; 910; 0; 1834; 2333; 672; 4095; 577
1660; 1714; 1613; 688; 907; 0; 1833; 2325; 669; 4095; 578
1659; 1712; 1616; 695; 910; 0; 1833; 2325; 663; 4095; 578
1658; 1712; 1609; 699; 910; 0; 1829; 2323; 672; 4095; 575
1657; 1705; 1609; 698; 912; 0; 1829; 2322; 674; 4095; 567
1672; 1702; 1602; 701; 912; 0; 1825; 2318; 666; 4095; 562
1648; 1701; 1600; 699; 905; 0; 1825; 2320; 672; 4095; 572
1643; 1700; 1591; 702; 905; 0; 1818; 2315; 672; 4095; 570
1645; 1703; 1599; 709; 909; 0; 1823; 2311; 670; 4095; 567
1648; 1706; 1587; 707; 911; 0; 1821; 2320; 667; 4095; 566
1646; 1703; 1591; 711; 909; 0; 1821; 2318; 677; 4095; 562
1645; 1707; 1589; 710; 906; 0; 1818; 2312; 676; 4095; 560
1648; 1709; 1594; 712; 910; 0; 1822; 2316; 677; 4095; 560
1647; 1709; 1593; 711; 907; 0; 1821; 2314; 676; 4095; 566
1647; 1709; 1585; 713; 914; 0; 1820; 2315; 673; 4095; 574
1643; 1701; 1578; 725; 903; 0; 1817; 2318; 679; 4095; 565
1643; 1698; 1577; 721; 902; 0; 1818; 2313; 676; 4095; 560
1643; 1693; 1574; 721; 909; 0; 1817; 2319; 679; 4095; 557
1644; 1685; 1573; 720; 902; 0; 1811; 2310; 675; 4095; 559
1646; 1686; 1595; 727; 901; 0; 1814; 2310; 677; 4095; 556
1639; 1683; 1572; 727; 905; 0; 1813; 2320; 684; 4095; 560
1639; 1684; 1583; 733; 906; 0; 1810; 2311; 679; 4095; 559
1635; 1677; 1568; 733; 901; 0; 1842; 2315; 678; 4095; 561
1639; 1677; 1570; 733; 899; 0; 1812; 2307; 683; 4095; 559
1635; 1664; 1573; 741; 896; 0; 1810; 2308; 688; 4095; 559
1635; 1664; 1565; 736; 894; 0; 1808; 2304; 686; 4095; 559
1634; 1649; 1571; 748; 886; 0; 1808; 2301; 681; 4095; 545
1634; 1645; 1574; 749; 885; 0; 1807; 2305; 678; 4095; 550
1635; 1632; 1584; 747; 883; 0; 1805; 2309; 683; 4095; 550
1632; 1626; 1581; 752; 879; 0; 1805; 2314; 683; 4095; 553
1637; 1616; 1578; 751; 876; 0; 1799; 2307; 681; 4095; 547
1634; 1601; 1577; 752; 859; 0; 1791; 2304; 683; 4095; 548
1632; 1591; 1579; 754; 848; 0; 1778; 2307; 688; 4095; 534
1638; 1585; 1579; 754; 834; 0; 1779; 2307; 687; 4095; 534
1626; 1579; 1580; 752; 826; 0; 1769; 2304; 691; 4095; 531
1643; 1571; 1571; 760; 815; 0; 1759; 2304; 689; 4095; 528
1648; 1565; 1572; 758; 810; 0; 1754; 2307; 688; 4095; 528
1647; 1554; 1570; 759; 804; 0; 1741; 2292; 688; 4095; 528
1647; 1552; 1553; 757; 791; 0; 1729; 2295; 687; 4095; 523
1648; 1543; 1557; 755; 785; 0; 1725; 2295; 681; 4095; 523
1648; 1543; 1555; 752; 785; 0; 1717; 2289; 682; 4095; 517
1649; 1533; 1552; 752; 782; 0; 1713; 2289; 691; 4095; 523
1649; 1523; 1551; 743; 773; 0; 1706; 2282; 678; 4095; 511
1651; 1525; 1549; 737; 772; 0; 1697; 2288; 678; 4095; 521
1655; 1530; 1547; 700; 771; 0; 1694; 2288; 682; 4095; 522
1649; 1531; 1548; 726; 767; 0; 1697; 2288; 688; 4095; 522
1650; 1520; 1551; 710; 766; 0; 1693; 2281; 677; 4095; 521
1652; 1519; 1551; 711; 765; 0; 1693; 2286; 675; 4095; 525
1649; 1519; 1551; 707; 765; 0; 1690; 2285; 675; 4095; 528
1650; 1518; 1550; 705; 757; 0; 1692; 2288; 679; 4095; 518
1648; 1518; 1552; 706; 760; 0; 1685; 2276; 677; 4095; 528
1646; 1520; 1552; 707; 757; 0; 1687; 2273; 667; 4095; 559
1647; 1514; 1551; 697; 767; 0; 1689; 2277; 682; 4095; 511
1648; 1519; 1545; 703; 774; 0; 1696; 2281; 681; 4095; 507
1642; 1519; 1535; 701; 781; 0; 1698; 2275; 668; 4095; 519
1634; 1520; 1520; 705; 785; 0; 1707; 2277; 670; 4095; 510
1639; 1521; 1523; 703; 789; 11; 1707; 2274; 667; 4095; 511
1630; 1526; 1517; 701; 798; 0; 1710; 2269; 673; 4095; 510
1626; 1520; 1511; 710; 806; 0; 1711; 2269; 682; 4095; 547
1620; 1520; 1493; 711; 805; 0; 1717; 2267; 670; 4095; 509
1616; 1530; 1491; 716; 810; 0; 1716; 2263; 673; 4095; 505
1611; 1531; 1488; 716; 813; 0; 1717; 2258; 680; 4095; 509
1600; 1535; 1477; 718; 816; 0; 1723; 2256; 677; 4095; 509
1599; 1547; 1474; 720; 821; 0; 1725; 2256; 671; 4095; 522
1596; 1548; 1470; 717; 822; 0; 1726; 2256; 681; 4095; 509
1587; 1552; 1470; 725; 822; 0; 1728; 2253; 674; 4095; 502
1587; 1558; 1466; 720; 823; 0; 1730; 2255; 679; 4095; 502
1584; 1553; 1469; 723; 821; 0; 1729; 2256; 672; 4095; 507
1585; 1552; 1466; 722; 825; 0; 1762; 2253; 681; 4095; 518
1583; 1555; 1470; 729; 829; 0; 1740; 2251; 679; 4095; 503
1584; 1556; 1459; 726; 831; 0; 1740; 2249; 674; 4095; 506
1581; 1553; 1485; 720; 831; 0; 1743; 2249; 683; 4095; 518
1577; 1559; 1467; 731; 833; 0; 1739; 2250; 676; 4095; 507
1578; 1555; 1453; 725; 818; 0; 1739; 2245; 683; 4095; 506
1557; 1581; 1456; 733; 833; 0; 1742; 2241; 678; 4095; 508
1574; 1559; 1456; 730; 835; 0; 1744; 2250; 683; 4095; 506
1570; 1567; 1447; 736; 838; 0; 1744; 2245; 683; 4095; 501
1574; 1565; 1447; 727; 841; 0; 1744; 2242; 674; 4095; 511
1570; 1569; 1453; 731; 843; 0; 1742; 2249; 688; 4095; 509
1571; 1571; 1450; 726; 839; 0; 1744; 2238; 682; 4095; 511
1569; 1575; 1453; 734; 844; 0; 1744; 2241; 677; 4095; 507
1571; 1583; 1455; 733; 845; 0; 1748; 2242; 682; 4095; 518
1569; 1581; 1448; 739; 848; 0; 1745; 2236; 679; 4095; 522
1565; 1583; 1445; 731; 845; 0; 1744; 2236; 674; 4095; 509
1562; 1586; 1445; 737; 844; 0; 1744; 2237; 682; 4095; 518
1567; 1584; 1458; 745; 848; 0; 1744; 2241; 683; 4095; 511
1566; 1585; 1453; 738; 847; 0; 1744; 2239; 675; 4095; 520
1565; 1587; 1442; 739; 850; 0; 1744; 2241; 683; 4095; 521
1563; 1589; 1425; 744; 849; 0; 1744; 2235; 688; 4095; 510
1563; 1585; 1455; 739; 846; 0; 1746; 2238; 683; 4095; 518
1562; 1586; 1451; 742; 847; 0; 1741; 2230; 678; 4095; 522
1566; 1589; 1450; 749; 848; 0; 1744; 2231; 680; 4095; 509
1563; 1591; 1451; 741; 847; 0; 1743; 2235; 686; 4095; 521
1562; 1595; 1441; 725; 839; 0; 1742; 2233; 679; 4095; 508
1565; 1593; 1440; 734; 844; 0; 1738; 2230; 682; 4095; 521
1567; 1600; 1446; 721; 845; 0; 1741; 2235; 683; 4095; 523
1569; 1600; 1442; 697; 838; 0; 1741; 2237; 677; 4095; 517
1554; 1609; 1449; 719; 848; 0; 1741; 2240; 680; 4095; 521
1571; 1611; 1456; 709; 841; 0; 1742; 2239; 682; 4095; 523
1578; 1613; 1455; 708; 848; 0; 1744; 2240; 679; 4095; 519
1582; 1616; 1455; 707; 844; 0; 1742; 2243; 682; 4095; 518
1582; 1614; 1461; 709; 832; 0; 1744; 2241; 674; 4095; 522
1584; 1607; 1457; 720; 815; 0; 1745; 2245; 672; 4095; 526
1591; 1591; 1461; 709; 787; 0; 1744; 2249; 700; 4095; 518
1588; 1565; 1467; 721; 769; 0; 1749; 2242; 678; 4095; 528
1590; 1553; 1472; 715; 767; 0; 1744; 2246; 682; 4095; 525
1595; 1548; 1474; 721; 765; 0; 1744; 2246; 683; 4095; 528
1599; 1535; 1477; 719; 754; 0; 1741; 2249; 688; 4095; 528
1601; 1531; 1475; 720; 751; 0; 1699; 2256; 675; 4095; 535
1603; 1531; 1475; 720; 737; 0; 1719; 2253; 683; 4095; 528
1601; 1535; 1486; 715; 737; 0; 1711; 2255; 679; 4095; 529
1601; 1549; 1444; 711; 730; 0; 1699; 2254; 673; 4095; 526
1603; 1553; 1493; 710; 727; 0; 1695; 2235; 670; 4095; 534
1605; 1555; 1494; 701; 726; 0; 1690; 2249; 671; 4095; 528
1611; 1565; 1495; 702; 738; 0; 1690; 2246; 701; 4095; 544
1609; 1568; 1501; 702; 745; 0; 1694; 2251; 666; 4095; 535
1609; 1574; 1488; 699; 753; 0; 1698; 2251; 677; 4095; 532
1606; 1584; 1488; 705; 766; 0; 1702; 2246; 665; 4095; 531
1600; 1583; 1485; 705; 779; 0; 1704; 2243; 671; 4095; 534
1600; 1586; 1488; 704; 801; 0; 1712; 2243; 671; 4095; 529
1600; 1584; 1488; 699; 794; 0; 1713; 2239; 671; 4095; 530
1599; 1587; 1482; 704; 802; 0; 1722; 2246; 666; 4095; 535
1596; 1597; 1474; 694; 803; 0; 1725; 2244; 669; 4095; 531
1590; 1587; 1482; 688; 807; 0; 1723; 2239; 663; 4095; 525
1587; 1587; 1473; 691; 804; 0; 1728; 2235; 667; 4095; 527
1587; 1589; 1479; 693; 813; 0; 1729; 2239; 662; 4095; 528
1587; 1586; 1474; 695; 807; 0; 1728; 2229; 662; 4095; 529
1583; 1584; 1469; 688; 806; 0; 1723; 2229; 661; 4095; 517
1585; 1583; 1470; 688; 811; 0; 1726; 2235; 661; 4095; 528
1584; 1579; 1472; 697; 813; 0; 1728; 2234; 669; 4095; 522
1584; 1578; 1461; 697; 815; 0; 1725; 2234; 662; 4095; 518
1584; 1570; 1462; 703; 813; 0; 1744; 2234; 656; 4095; 510
1583; 1568; 1458; 705; 808; 0; 1728; 2227; 660; 4095; 511
1581; 1556; 1458; 705; 812; 0; 1722; 2228; 662; 4095; 511
1575; 1553; 1443; 711; 812; 0; 1717; 2224; 664; 4095; 506
1575; 1552; 1446; 708; 809; 0; 1714; 2214; 666; 4095; 508
1572; 1550; 1447; 710; 810; 0; 1715; 2221; 667; 4095; 507
1568; 1552; 1443; 709; 810; 0; 1712; 2224; 707; 4095; 511
1568; 1547; 1440; 717; 809; 0; 1711; 2219; 669; 4095; 505
1566; 1552; 1440; 707; 807; 0; 1710; 2219; 668; 4095; 503
1565; 1549; 1439; 720; 813; 0; 1709; 2223; 669; 4095; 508
1564; 1552; 1441; 707; 814; 0; 1712; 2215; 661; 4095; 506
1564; 1556; 1438; 713; 810; 0; 1713; 2214; 663; 4095; 518
1568; 1558; 1445; 710; 809; 0; 1711; 2223; 675; 4095; 500
1564; 1559; 1443; 711; 805; 0; 1705; 2217; 658; 4095; 502
1572; 1566; 1446; 705; 801; 0; 1712; 2224; 666; 4095; 504
1574; 1567; 1451; 707; 794; 0; 1711; 2224; 666; 4095; 507
1573; 1557; 1447; 714; 791; 0; 1707; 2224; 666; 4095; 501
1574; 1529; 1446; 715; 789; 0; 1707; 2224; 666; 4095; 503
1573; 1545; 1451; 719; 784; 0; 1701; 2226; 669; 4095; 511
1575; 1533; 1450; 705; 775; 0; 1701; 2224; 672; 4095; 503
1579; 1529; 1445; 715; 778; 0; 1704; 2227; 674; 4095; 508
1579; 1525; 1446; 720; 778; 0; 1701; 2221; 671; 4095; 501
1577; 1521; 1450; 705; 779; 0; 1702; 2224; 669; 4095; 507
1579; 1517; 1448; 720; 782; 0; 1705; 2224; 671; 4095; 509
1575; 1520; 1455; 714; 789; 0; 1709; 2225; 670; 4095; 511
1579; 1526; 1455; 717; 784; 0; 1709; 2224; 667; 4095; 511
1577; 1529; 1452; 715; 796; 0; 1712; 2227; 668; 4095; 509
1574; 1525; 1451; 720; 802; 0; 1712; 2202; 663; 4095; 499
1574; 1521; 1453; 717; 833; 0; 1713; 2223; 672; 4095; 508
1574; 1520; 1442; 717; 799; 0; 1712; 2219; 669; 4095; 506
1569; 1520; 1449; 723; 801; 0; 1712; 2217; 661; 4095; 499
1569; 1518; 1449; 720; 795; 0; 1712; 2219; 661; 4095; 505
1572; 1520; 1450; 717; 800; 0; 1712; 2219; 663; 4095; 509
1569; 1520; 1450; 720; 797; 0; 1711; 2221; 667; 4095; 497
1569; 1520; 1455; 715; 791; 0; 1709; 2223; 667; 4095; 505
1573; 1520; 1442; 711; 789; 0; 1702; 2218; 662; 4095; 501
1572; 1521; 1443; 715; 789; 0; 1699; 2215; 671; 4095; 496
1575; 1523; 1443; 711; 786; 0; 1696; 2211; 666; 4095; 495
1581; 1522; 1445; 713; 782; 0; 1693; 2220; 659; 4095; 507
1581; 1522; 1446; 711; 781; 0; 1682; 2218; 665; 4095; 502
1583; 1521; 1441; 713; 771; 0; 1683; 2221; 658; 4095; 509
1583; 1520; 1437; 714; 774; 0; 1683; 2219; 677; 4095; 496
1586; 1518; 1449; 713; 763; 0; 1681; 2224; 670; 4095; 494
1584; 1514; 1445; 716; 757; 0; 1680; 2223; 670; 4095; 498
1590; 1510; 1449; 715; 754; 0; 1678; 2214; 665; 4095; 496
1592; 1505; 1447; 714; 742; 0; 1670; 2222; 665; 4095; 496
1589; 1495; 1442; 705; 751; 0; 1674; 2223; 695; 4095; 498
1595; 1491; 1451; 714; 745; 0; 1669; 2223; 666; 4095; 496
1595; 1487; 1451; 707; 736; 0; 1671; 2218; 670; 4095; 490
1597; 1486; 1443; 705; 732; 0; 1668; 2226; 663; 4095; 496
1594; 1478; 1454; 707; 721; 0; 1668; 2224; 659; 4095; 497
1593; 1466; 1456; 697; 711; 0; 1658; 2223; 659; 4095; 496
1599; 1453; 1456; 699; 688; 0; 1662; 2224; 657; 4095; 497
1600; 1423; 1456; 693; 658; 0; 1654; 2224; 660; 4095; 501
1600; 1392; 1467; 688; 640; 0; 1641; 2224; 659; 4095; 498
1605; 1367; 1469; 690; 630; 0; 1635; 2224; 656; 4095; 496
1611; 1351; 1467; 656; 624; 0; 1621; 2222; 662; 4095; 485
1611; 1317; 1460; 690; 624; 0; 1611; 2215; 655; 4095; 534
1614; 1331; 1450; 688; 614; 0; 1595; 2207; 656; 4095; 486
1615; 1328; 1439; 677; 614; 0; 1582; 2194; 653; 4095; 485
1611; 1327; 1418; 670; 617; 0; 1569; 2190; 655; 4095; 471
1607; 1328; 1424; 680; 620; 0; 1563; 2151; 655; 4095; 467
1601; 1334; 1419; 669; 613; 0; 1562; 2181; 650; 4095; 477
1595; 1349; 1403; 662; 643; 0; 1567; 2178; 675; 4095; 471
1600; 1360; 1415; 671; 652; 0; 1575; 2186; 655; 4095; 480
1598; 1375; 1405; 663; 659; 0; 1584; 2182; 651; 4095; 482
1595; 1392; 1418; 667; 673; 0; 1591; 2189; 651; 4095; 495
1596; 1408; 1422; 665; 684; 0; 1603; 2193; 649; 4095; 493
1597; 1422; 1420; 659; 694; 0; 1616; 2197; 650; 4095; 499
1599; 1431; 1425; 661; 709; 0; 1633; 2195; 641; 4095; 493
1589; 1441; 1431; 665; 719; 0; 1647; 2197; 647; 4095; 502
1586; 1452; 1424; 662; 730; 0; 1652; 2202; 646; 4095; 507
1593; 1463; 1441; 663; 733; 0; 1661; 2204; 649; 4095; 510
1589; 1469; 1434; 674; 742; 0; 1671; 2203; 647; 4095; 506
1590; 1456; 1440; 675; 751; 0; 1680; 2207; 647; 4095; 503
1587; 1486; 1434; 676; 757; 0; 1684; 2211; 647; 4095; 519
1585; 1487; 1431; 674; 758; 0; 1693; 2209; 654; 4095; 505
1584; 1489; 1417; 671; 765; 0; 1693; 2210; 650; 4095; 506
1584; 1500; 1445; 677; 763; 0; 1696; 2194; 653; 4095; 519
1584; 1502; 1441; 676; 766; 0; 1703; 2214; 655; 4095; 501
1585; 1503; 1446; 673; 771; 0; 1703; 2218; 673; 4095; 551
1581; 1515; 1441; 674; 775; 0; 1708; 2219; 656; 4095; 509
1581; 1513; 1447; 683; 781; 0; 1708; 2215; 647; 4095; 510
1584; 1520; 1439; 679; 785; 0; 1712; 2214; 656; 4095; 504
1584; 1527; 1441; 685; 787; 0; 1712; 2218; 656; 4095; 510
1582; 1532; 1452; 683; 789; 0; 1714; 2214; 656; 4095; 519
1584; 1535; 1446; 686; 798; 0; 1723; 2222; 656; 4095; 525
1584; 1553; 1446; 684; 802; 0; 1717; 2218; 655; 4095; 527
1581; 1562; 1453; 690; 801; 0; 1728; 2215; 656; 4095; 527
1583; 1566; 1445; 688; 812; 0; 1730; 2215; 654; 4095; 522
1582; 1569; 1453; 688; 815; 0; 1730; 2214; 654; 4095; 519
1583; 1543; 1450; 693; 821; 0; 1759; 2218; 659; 4095; 523
1578; 1568; 1455; 691; 825; 0; 1733; 2219; 661; 4095; 522
1573; 1569; 1457; 690; 829; 0; 1737; 2224; 658; 4095; 523
1577; 1571; 1444; 695; 831; 0; 1738; 2215; 656; 4095; 526
1582; 1572; 1453; 697; 835; 0; 1737; 2219; 656; 4095; 517
1580; 1575; 1457; 710; 828; 0; 1739; 2222; 656; 4095; 522
1568; 1578; 1455; 705; 834; 0; 1743; 2218; 631; 4095; 528
1582; 1584; 1449; 704; 838; 0; 1739; 2219; 663; 4095; 511
1578; 1584; 1449; 700; 834; 0; 1742; 2224; 663; 4095; 524
1584; 1589; 1442; 702; 832; 0; 1739; 2222; 656; 4095; 526
1582; 1591; 1456; 703; 835; 0; 1744; 2218; 660; 4095; 507
1585; 1598; 1453; 699; 833; 0; 1740; 2217; 658; 4095; 522
1584; 1598; 1441; 699; 831; 0; 1744; 2224; 662; 4095; 523
1584; 1600; 1435; 701; 831; 0; 1741; 2221; 667; 4095; 519
1585; 1601; 1429; 711; 833; 0; 1738; 2222; 662; 4095; 518
1584; 1602; 1429; 703; 833; 0; 1741; 2219; 661; 4095; 523
1583; 1607; 1435; 709; 835; 0; 1741; 2218; 666; 4095; 511
1584; 1611; 1427; 709; 833; 0; 1737; 2217; 669; 4095; 519
1583; 1616; 1437; 710; 830; 0; 1743; 2214; 666; 4095; 525
1584; 1617; 1435; 713; 839; 0; 1743; 2214; 666; 4095; 528
1581; 1625; 1431; 711; 844; 0; 1739; 2215; 665; 4095; 527
1578; 1629; 1434; 716; 847; 0; 1743; 2208; 666; 4095; 528
1579; 1636; 1441; 709; 871; 0; 1744; 2221; 662; 4095; 526
1577; 1643; 1440; 712; 848; 0; 1745; 2221; 671; 4095; 528
1584; 1647; 1437; 710; 849; 0; 1747; 2216; 663; 4095; 530
1579; 1648; 1443; 714; 848; 0; 1747; 2212; 669; 4095; 528
1581; 1647; 1441; 707; 848; 0; 1753; 2214; 667; 4095; 523
1581; 1648; 1443; 713; 855; 0; 1750; 2214; 666; 4095; 528
1583; 1648; 1450; 702; 848; 0; 1754; 2218; 669; 4095; 528
1580; 1648; 1443; 702; 849; 0; 1754; 2223; 635; 4095; 528
1583; 1649; 1451; 705; 853; 0; 1758; 2223; 659; 4095; 529
1584; 1647; 1439; 714; 857; 0; 1755; 2221; 661; 4095; 526
1584; 1648; 1457; 708; 846; 0; 1754; 2220; 666; 4095; 530
1583; 1645; 1459; 715; 845; 0; 1757; 2223; 657; 4095; 527
1584; 1669; 1453; 717; 846; 0; 1745; 2224; 667; 4095; 526
1579; 1633; 1451; 720; 848; 0; 1751; 2214; 656; 4095; 529
1584; 1633; 1449; 717; 843; 0; 1749; 2223; 670; 4095; 528
1578; 1631; 1453; 721; 845; 0; 1744; 2217; 665; 4095; 522
1573; 1626; 1453; 717; 841; 0; 1746; 2250; 668; 4095; 524
1577; 1625; 1441; 720; 849; 0; 1742; 2213; 662; 4095; 525
1579; 1626; 1440; 719; 839; 0; 1744; 2213; 661; 4095; 464
1574; 1627; 1446; 720; 842; 0; 1740; 2207; 661; 4095; 520
1565; 1625; 1431; 720; 843; 0; 1737; 2207; 666; 4095; 527
1567; 1634; 1436; 720; 843; 0; 1738; 2215; 659; 4095; 522
1566; 1631; 1442; 715; 846; 0; 1742; 2207; 669; 4095; 525
1567; 1642; 1435; 718; 836; 0; 1741; 2222; 662; 4095; 527
1569; 1648; 1440; 718; 841; 0; 1744; 2209; 660; 4095; 527
1567; 1648; 1441; 715; 845; 0; 1744; 2211; 672; 4095; 527
1568; 1647; 1441; 715; 838; 0; 1744; 2208; 664; 4095; 527
1569; 1649; 1441; 705; 838; 0; 1745; 2208; 666; 4095; 528
1573; 1648; 1445; 711; 841; 0; 1745; 2211; 677; 4095; 530
1571; 1629; 1450; 715; 839; 0; 1748; 2218; 662; 4095; 547
1578; 1647; 1455; 716; 838; 0; 1750; 2211; 671; 4095; 529
1569; 1641; 1453; 720; 834; 0; 1747; 2217; 669; 4095; 530
1575; 1635; 1458; 718; 831; 0; 1751; 2215; 670; 4095; 530
1574; 1633; 1462; 717; 830; 0; 1753; 2221; 672; 4095; 533
1577; 1630; 1463; 719; 813; 0; 1749; 2217; 671; 4095; 537
1597; 1630; 1466; 720; 833; 0; 1749; 2217; 662; 4095; 534
1577; 1619; 1458; 717; 836; 0; 1757; 2222; 667; 4095; 530
1578; 1616; 1465; 718; 837; 0; 1754; 2215; 660; 4095; 528
1578; 1611; 1464; 720; 839; 0; 1755; 2219; 669; 4095; 533
1574; 1603; 1465; 711; 835; 0; 1758; 2223; 666; 4095; 530
1573; 1588; 1472; 721; 842; 0; 1751; 2217; 669; 4095; 529
1573; 1586; 1471; 723; 836; 0; 1755; 2219; 666; 4095; 533
1573; 1580; 1472; 725; 844; 0; 1758; 2214; 659; 4095; 533
1568; 1574; 1482; 721; 841; 0; 1755; 2221; 663; 4095; 529
1571; 1571; 1468; 729; 842; 0; 1754; 2219; 670; 4095; 531
1567; 1574; 1469; 723; 839; 0; 1757; 2218; 667; 4095; 527
1561; 1564; 1470; 725; 836; 0; 1753; 2222; 671; 4095; 531
1564; 1566; 1466; 726; 837; 0; 1754; 2217; 667; 4095; 523
1563; 1563; 1465; 730; 835; 0; 1757; 2219; 668; 4095; 526
1565; 1562; 1478; 729; 835; 0; 1749; 2220; 667; 4095; 530
1563; 1558; 1472; 729; 833; 0; 1752; 2213; 673; 4095; 521
1559; 1557; 1472; 725; 832; 9; 1749; 2213; 667; 4095; 528
1569; 1564; 1466; 738; 832; 0; 1754; 2221; 672; 4095; 526
1565; 1561; 1465; 727; 833; 0; 1751; 2218; 665; 4095; 528
1565; 1563; 1472; 732; 832; 0; 1746; 2215; 673; 4095; 519
1567; 1565; 1466; 738; 829; 0; 1751; 2222; 669; 4095; 525
1563; 1565; 1472; 736; 830; 0; 1745; 2211; 666; 4095; 522
1567; 1571; 1463; 731; 825; 0; 1729; 2221; 675; 4095; 511
1565; 1575; 1457; 733; 833; 0; 1749; 2219; 662; 4095; 528
1566; 1584; 1469; 729; 830; 0; 1744; 2218; 666; 4095; 529
1567; 1585; 1456; 728; 831; 0; 1747; 2217; 675; 4095; 526
1567; 1599; 1469; 724; 835; 0; 1749; 2219; 671; 4095; 527
1570; 1606; 1467; 709; 835; 0; 1755; 2219; 669; 4095; 530
1571; 1613; 1474; 722; 834; 0; 1751; 2223; 659; 4095; 519
1571; 1613; 1471; 725; 831; 0; 1755; 2220; 676; 4095; 533
1576; 1617; 1466; 720; 833; 0; 1755; 2223; 674; 4095; 528
1571; 1616; 1477; 721; 833; 0; 1759; 2220; 672; 4095; 538
1575; 1618; 1475; 721; 832; 0; 1759; 2217; 673; 4095; 528
1571; 1619; 1476; 721; 833; 0; 1762; 2224; 672; 4095; 533
1575; 1617; 1476; 720; 831; 0; 1759; 2222; 673; 4095; 534
1575; 1619; 1481; 723; 834; 0; 1762; 2224; 679; 4095; 537
1577; 1616; 1482; 726; 837; 0; 1761; 2223; 671; 4095; 533
1575; 1615; 1482; 734; 835; 0; 1761; 2224; 669; 4095; 534
1573; 1615; 1472; 733; 830; 0; 1761; 2223; 667; 4095; 530
1578; 1632; 1488; 725; 835; 0; 1764; 2221; 672; 4095; 527
1573; 1614; 1482; 726; 834; 0; 1758; 2223; 666; 4095; 538
1574; 1615; 1487; 720; 832; 0; 1763; 2223; 672; 4095; 534
1572; 1616; 1495; 720; 833; 0; 1758; 2224; 672; 4095; 533
1573; 1619; 1488; 715; 833; 0; 1762; 2212; 670; 4095; 533
1575; 1623; 1486; 687; 843; 0; 1762; 2224; 666; 4095; 535
1574; 1615; 1488; 711; 837; 0; 1764; 2226; 708; 4095; 535
1574; 1629; 1488; 713; 839; 0; 1767; 2224; 674; 4095; 538
1579; 1629; 1484; 715; 845; 0; 1767; 2224; 667; 4095; 537
1578; 1634; 1485; 717; 839; 0; 1769; 2221; 671; 4095; 539
1583; 1626; 1487; 720; 839; 0; 1765; 2224; 665; 4095; 537
1575; 1630; 1488; 720; 855; 0; 1766; 2224; 668; 4095; 534
1575; 1629; 1487; 720; 839; 0; 1767; 2222; 670; 4095; 540
1576; 1627; 1482; 723; 842; 0; 1764; 2221; 673; 4095; 535
1574; 1627; 1488; 726; 836; 0; 1761; 2224; 671; 4095; 539
1574; 1626; 1483; 721; 834; 0; 1768; 2221; 663; 4095; 534
1575; 1622; 1474; 720; 837; 0; 1765; 2224; 674; 4095; 538
1572; 1625; 1475; 713; 832; 0; 1763; 2222; 672; 4095; 530
1578; 1627; 1488; 713; 835; 0; 1770; 2223; 663; 4095; 535
1578; 1629; 1479; 701; 830; 0; 1764; 2224; 658; 4095; 580
1580; 1633; 1478; 703; 829; 0; 1765; 2224; 661; 4095; 535
1581; 1635; 1488; 698; 829; 0; 1765; 2222; 669; 4095; 534
1579; 1635; 1488; 705; 829; 0; 1767; 2227; 669; 4095; 538
1584; 1635; 1489; 699; 832; 0; 1781; 2227; 661; 4095; 540
1584; 1633; 1491; 705; 832; 0; 1769; 2230; 669; 4095; 544
1584; 1634; 1488; 697; 835; 0; 1769; 2226; 663; 4095; 541
1586; 1632; 1479; 706; 838; 0; 1770; 2227; 670; 4095; 543
1583; 1631; 1487; 707; 837; 0; 1771; 2226; 663; 4095; 534
1584; 1630; 1488; 718; 838; 0; 1771; 2229; 663; 4095; 535
1567; 1627; 1472; 717; 849; 0; 1771; 2226; 660; 4095; 538
1581; 1622; 1472; 720; 850; 0; 1773; 2224; 663; 4095; 530
1576; 1617; 1470; 720; 851; 0; 1770; 2224; 673; 4095; 534
1571; 1613; 1469; 723; 853; 0; 1767; 2219; 673; 4095; 530
1567; 1619; 1457; 724; 855; 0; 1766; 2219; 674; 4095; 528
1567; 1615; 1456; 724; 861; 0; 1771; 2214; 677; 4095; 530
1563; 1619; 1456; 726; 861; 0; 1771; 2218; 672; 4095; 527
1561; 1629; 1465; 721; 865; 0; 1774; 2217; 672; 4095; 528
1563; 1627; 1461; 722; 863; 0; 1776; 2221; 672; 4095; 536
1559; 1635; 1456; 722; 862; 0; 1776; 2221; 672; 4095; 537
1559; 1639; 1465; 714; 866; 0; 1779; 2219; 676; 4095; 538
1560; 1646; 1466; 724; 859; 0; 1789; 2217; 673; 4095; 542
1559; 1648; 1466; 730; 864; 0; 1783; 2224; 671; 4095; 544
1566; 1653; 1476; 720; 865; 0; 1790; 2226; 674; 4095; 544
1567; 1651; 1490; 729; 869; 0; 1789; 2224; 673; 4095; 544
1565; 1649; 1487; 730; 870; 0; 1789; 2224; 674; 4095; 546
1567; 1648; 1484; 723; 867; 0; 1793; 2224; 675; 4095; 549
1566; 1648; 1488; 741; 874; 0; 1793; 2224; 647; 4095; 545
1566; 1648; 1488; 732; 870; 0; 1795; 2223; 679; 4095; 546
1567; 1645; 1488; 733; 871; 0; 1797; 2223; 675; 4095; 550
1573; 1645; 1493; 727; 864; 0; 1799; 2224; 673; 4095; 545
1575; 1646; 1497; 733; 876; 0; 1802; 2230; 671; 4095; 543
1572; 1644; 1503; 736; 863; 0; 1803; 2233; 678; 4095; 541
1578; 1648; 1505; 727; 863; 0; 1801; 2236; 672; 4095; 549
1583; 1650; 1503; 722; 862; 0; 1802; 2237; 673; 4095; 557
1584; 1651; 1505; 727; 858; 0; 1800; 2241; 671; 4095; 553
1589; 1652; 1516; 729; 861; 0; 1807; 2239; 671; 4095; 549
1589; 1655; 1523; 724; 854; 0; 1805; 2241; 672; 4095; 545
1591; 1661; 1520; 730; 850; 0; 1799; 2245; 669; 4095; 549
1595; 1651; 1522; 722; 852; 0; 1801; 2247; 677; 4095; 558
1596; 1654; 1526; 733; 855; 0; 1806; 2246; 671; 4095; 558
1599; 1648; 1526; 728; 859; 0; 1807; 2241; 674; 4095; 554
1597; 1645; 1533; 737; 862; 0; 1805; 2253; 672; 4095; 556
1600; 1641; 1532; 757; 896; 0; 1801; 2247; 677; 4095; 557
1583; 1628; 1535; 736; 860; 0; 1801; 2241; 687; 4095; 560
1597; 1626; 1530; 742; 863; 0; 1806; 2244; 676; 4095; 548
1594; 1616; 1531; 745; 858; 0; 1806; 2251; 671; 4095; 541
1600; 1616; 1535; 732; 850; 0; 1803; 2247; 672; 4095; 535
1599; 1616; 1531; 735; 854; 0; 1798; 2250; 678; 4095; 544
1599; 1613; 1531; 737; 848; 6; 1797; 2256; 675; 4095; 535
1619; 1616; 1526; 738; 848; 0; 1792; 2250; 678; 4095; 539
1611; 1616; 1523; 729; 845; 0; 1794; 2255; 675; 4095; 529
1612; 1616; 1514; 739; 844; 0; 1789; 2251; 676; 4095; 528
1613; 1619; 1521; 739; 845; 0; 1781; 2252; 677; 4095; 531
1616; 1623; 1526; 737; 847; 0; 1783; 2255; 677; 4095; 533
1619; 1638; 1522; 736; 845; 0; 1767; 2251; 681; 4095; 532
1626; 1637; 1520; 728; 848; 0; 1785; 2251; 678; 4095; 532
1627; 1639; 1514; 730; 848; 0; 1788; 2257; 683; 4095; 541
1629; 1644; 1518; 729; 848; 0; 1790; 2253; 686; 4095; 539
1627; 1646; 1519; 726; 849; 0; 1791; 2224; 675; 4095; 541
1629; 1643; 1520; 733; 843; 0; 1797; 2256; 686; 4095; 546
1629; 1642; 1527; 721; 848; 0; 1791; 2253; 675; 4095; 550
1630; 1647; 1524; 720; 845; 0; 1798; 2257; 682; 4095; 547
1629; 1644; 1525; 721; 839; 0; 1804; 2256; 686; 4095; 546
1631; 1636; 1545; 721; 837; 0; 1805; 2259; 677; 4095; 546
1629; 1623; 1550; 719; 811; 0; 1799; 2256; 677; 4095; 551
1636; 1610; 1557; 736; 774; 0; 1797; 2261; 678; 4095; 549
1634; 1584; 1566; 722; 752; 0; 1792; 2269; 709; 4095; 558
1637; 1558; 1571; 720; 734; 0; 1787; 2261; 677; 4095; 551
1637; 1543; 1574; 722; 727; 0; 1770; 2262; 679; 4095; 547
1647; 1523; 1579; 719; 722; 0; 1749; 2256; 683; 4095; 538
1648; 1506; 1573; 717; 709; 0; 1726; 2253; 676; 4095; 543
1650; 1493; 1568; 719; 702; 1; 1712; 2242; 686; 4095; 539
1651; 1488; 1559; 715; 693; 0; 1687; 2238; 674; 4095; 534
1650; 1477; 1563; 705; 688; 0; 1680; 2237; 674; 4095; 531
1648; 1469; 1551; 695; 674; 0; 1675; 2235; 673; 4095; 530
1648; 1456; 1550; 694; 656; 0; 1669; 2229; 673; 4095; 527
1649; 1445; 1549; 693; 655; 0; 1673; 2228; 671; 4095; 535
1647; 1424; 1548; 687; 658; 0; 1675; 2229; 671; 4095; 528
1638; 1447; 1531; 687; 659; 0; 1678; 2224; 671; 4095; 529
1638; 1456; 1533; 681; 658; 0; 1680; 2230; 669; 4095; 535
1627; 1457; 1520; 679; 656; 0; 1678; 2224; 663; 4095; 535
1618; 1466; 1519; 670; 656; 0; 1675; 2229; 661; 4095; 530
1615; 1478; 1510; 674; 653; 0; 1677; 2224; 661; 4095; 532
1627; 1483; 1503; 669; 654; 0; 1670; 2218; 656; 4095; 538
1603; 1489; 1503; 669; 653; 0; 1666; 2224; 657; 4095; 542
1598; 1489; 1506; 657; 655; 0; 1663; 2222; 657; 4095; 533
1599; 1490; 1493; 659; 653; 0; 1664; 2215; 656; 4095; 535
1597; 1489; 1493; 658; 659; 0; 1661; 2217; 654; 4095; 530
1590; 1488; 1498; 656; 663; 0; 1663; 2211; 656; 4095; 540
1575; 1491; 1490; 656; 669; 0; 1663; 2215; 655; 4095; 541
1588; 1495; 1488; 658; 685; 0; 1667; 2207; 654; 4095; 532
1583; 1498; 1458; 656; 690; 0; 1677; 2207; 653; 4095; 535
1584; 1504; 1488; 656; 704; 0; 1675; 2204; 651; 4095; 541
1584; 1507; 1479; 671; 719; 0; 1682; 2201; 653; 4095; 528
1575; 1519; 1482; 656; 727; 0; 1683; 2201; 654; 4095; 533
1573; 1521; 1479; 658; 743; 0; 1691; 2206; 647; 4095; 533
1572; 1527; 1487; 655; 752; 0; 1700; 2199; 644; 4095; 538
1567; 1532; 1474; 655; 759; 0; 1698; 2198; 647; 4095; 531
1574; 1535; 1473; 657; 769; 0; 1707; 2202; 649; 4095; 538
1569; 1535; 1466; 661; 803; 0; 1712; 2199; 650; 4095; 530
1567; 1549; 1461; 669; 778; 0; 1711; 2196; 637; 4095; 554
1570; 1535; 1463; 667; 779; 0; 1715; 2198; 652; 4095; 529
1571; 1548; 1465; 668; 777; 0; 1712; 2195; 652; 4095; 529
1571; 1547; 1471; 664; 781; 0; 1716; 2197; 655; 4095; 527
1569; 1548; 1463; 667; 777; 0; 1715; 2196; 654; 4095; 528
1572; 1543; 1463; 667; 777; 0; 1716; 2202; 653; 4095; 522
1575; 1547; 1468; 673; 781; 0; 1719; 2202; 653; 4095; 525
1573; 1543; 1458; 674; 775; 0; 1721; 2193; 656; 4095; 528
1577; 1543; 1458; 674; 782; 0; 1719; 2199; 651; 4095; 523
1574; 1543; 1458; 675; 777; 0; 1719; 2202; 646; 4095; 526
1574; 1543; 1456; 655; 781; 0; 1721; 2194; 646; 4095; 522
1575; 1545; 1458; 682; 785; 0; 1715; 2197; 656; 4095; 522
1571; 1544; 1456; 682; 784; 0; 1713; 2200; 655; 4095; 528
1577; 1551; 1452; 682; 784; 0; 1722; 2196; 651; 4095; 528
1574; 1550; 1449; 687; 791; 0; 1717; 2194; 656; 4095; 522
1573; 1552; 1454; 679; 789; 0; 1723; 2190; 656; 4095; 518
1579; 1550; 1457; 682; 779; 0; 1723; 2198; 652; 4095; 519
1573; 1549; 1466; 681; 795; 0; 1727; 2196; 653; 4095; 511
1575; 1547; 1467; 686; 789; 0; 1727; 2202; 656; 4095; 511
1578; 1554; 1469; 688; 786; 0; 1728; 2206; 656; 4095; 527
1581; 1568; 1475; 689; 782; 0; 1735; 2206; 650; 4095; 528
1583; 1584; 1482; 691; 779; 0; 1738; 2205; 657; 4095; 531
1586; 1591; 1495; 683; 775; 0; 1734; 2214; 656; 4095; 535
1587; 1600; 1502; 687; 769; 0; 1731; 2214; 658; 4095; 535
1590; 1606; 1501; 685; 769; 0; 1724; 2209; 656; 4095; 549
1597; 1603; 1546; 685; 768; 0; 1726; 2214; 655; 4095; 538
1595; 1606; 1523; 678; 768; 0; 1717; 2212; 653; 4095; 549
1598; 1603; 1525; 682; 768; 0; 1719; 2213; 653; 4095; 547
1603; 1605; 1521; 679; 767; 0; 1711; 2209; 648; 4095; 546
1605; 1600; 1528; 671; 758; 0; 1712; 2210; 652; 4095; 549
1605; 1591; 1531; 677; 762; 0; 1711; 2206; 643; 4095; 545
1606; 1587; 1535; 673; 762; 0; 1711; 2206; 647; 4095; 543
1606; 1582; 1535; 673; 753; 0; 1711; 2213; 645; 4095; 538
1605; 1574; 1527; 678; 766; 0; 1708; 2209; 645; 4095; 534
1590; 1562; 1522; 670; 752; 0; 1702; 2205; 656; 4095; 554
1615; 1559; 1521; 672; 752; 0; 1707; 2211; 643; 4095; 534
1610; 1552; 1515; 673; 752; 0; 1699; 2204; 647; 4095; 533
1607; 1546; 1522; 674; 748; 0; 1695; 2210; 640; 4095; 529
1610; 1535; 1516; 665; 752; 0; 1695; 2211; 642; 4095; 527
1609; 1529; 1505; 669; 731; 0; 1694; 2206; 640; 4095; 531
1613; 1526; 1494; 674; 749; 0; 1690; 2204; 641; 4095; 521
1607; 1521; 1493; 683; 749; 0; 1683; 2207; 642; 4095; 524
1609; 1520; 1535; 675; 739; 0; 1683; 2201; 640; 4095; 517
1606; 1519; 1488; 673; 737; 0; 1680; 2198; 642; 4095; 511
1602; 1514; 1486; 681; 737; 0; 1677; 2194; 652; 4095; 500
1602; 1510; 1473; 673; 735; 0; 1651; 2197; 641; 4095; 511
1605; 1503; 1456; 678; 738; 0; 1673; 2192; 644; 4095; 507
1602; 1501; 1469; 678; 734; 0; 1671; 2192; 641; 4095; 496
1603; 1491; 1462; 675; 727; 0; 1669; 2192; 649; 4095; 500
1605; 1488; 1467; 682; 734; 0; 1669; 2199; 653; 4095; 496
1601; 1478; 1456; 688; 720; 0; 1665; 2191; 651; 4095; 495
1598; 1473; 1458; 683; 733; 0; 1659; 2191; 645; 4095; 498
1600; 1470; 1453; 679; 735; 0; 1665; 2189; 656; 4095; 500
1595; 1459; 1455; 685; 737; 0; 1662; 2187; 649; 4095; 496
1590; 1456; 1440; 685; 737; 0; 1665; 2187; 650; 4095; 496
1591; 1457; 1440; 688; 742; 0; 1666; 2187; 655; 4095; 494
1587; 1451; 1438; 691; 749; 0; 1667; 2180; 656; 4095; 494
1584; 1456; 1426; 694; 754; 0; 1662; 2185; 655; 4095; 489
1584; 1456; 1424; 689; 764; 0; 1666; 2176; 653; 4095; 491
1576; 1457; 1419; 698; 766; 0; 1667; 2174; 656; 4095; 489
1573; 1454; 1423; 702; 769; 0; 1669; 2178; 651; 4095; 490
1573; 1453; 1411; 688; 768; 0; 1665; 2166; 654; 4095; 482
1567; 1426; 1403; 702; 774; 0; 1669; 2169; 656; 4095; 485
1563; 1443; 1401; 704; 770; 0; 1672; 2165; 658; 4095; 480
1559; 1449; 1401; 709; 769; 0; 1668; 2165; 651; 4095; 484
1557; 1447; 1402; 713; 775; 0; 1678; 2174; 658; 4095; 487
1561; 1445; 1404; 711; 780; 0; 1676; 2157; 656; 4095; 475
1562; 1451; 1398; 706; 774; 0; 1679; 2170; 666; 4095; 483
1562; 1452; 1408; 704; 773; 0; 1680; 2171; 656; 4095; 482
1559; 1458; 1412; 707; 771; 0; 1680; 2171; 662; 4095; 489
1564; 1470; 1412; 706; 779; 0; 1689; 2177; 662; 4095; 496
1567; 1475; 1418; 698; 778; 0; 1695; 2185; 658; 4095; 494
1572; 1481; 1427; 694; 781; 0; 1692; 2185; 655; 4095; 501
1571; 1485; 1430; 691; 785; 0; 1699; 2187; 655; 4095; 498
1577; 1491; 1443; 695; 784; 0; 1705; 2192; 656; 4095; 502
1583; 1497; 1442; 693; 786; 0; 1710; 2192; 655; 4095; 499
1584; 1505; 1472; 693; 789; 0; 1712; 2197; 661; 4095; 496
1584; 1510; 1456; 693; 791; 0; 1713; 2196; 660; 4095; 506
1589; 1514; 1456; 690; 795; 0; 1715; 2199; 656; 4095; 499
1588; 1519; 1456; 703; 801; 0; 1729; 2202; 656; 4095; 500
1591; 1521; 1456; 703; 798; 0; 1726; 2199; 662; 4095; 495
1594; 1521; 1455; 711; 806; 0; 1727; 2201; 659; 4095; 502
1600; 1527; 1456; 713; 805; 0; 1728; 2206; 657; 4095; 499
1600; 1525; 1456; 712; 806; 0; 1724; 2210; 663; 4095; 506
1601; 1522; 1456; 717; 793; 0; 1727; 2208; 659; 4095; 503
1599; 1525; 1446; 718; 801; 0; 1729; 2203; 658; 4095; 495
1601; 1523; 1450; 720; 803; 0; 1729; 2203; 662; 4095; 522
1600; 1523; 1451; 720; 801; 0; 1730; 2203; 669; 4095; 496
1600; 1521; 1441; 723; 810; 0; 1733; 2206; 667; 4095; 503
1597; 1522; 1437; 722; 806; 0; 1735; 2203; 663; 4095; 500
1599; 1523; 1442; 727; 802; 5; 1732; 2201; 675; 4095; 499
1600; 1529; 1450; 727; 810; 0; 1735; 2205; 669; 4095; 521
1601; 1530; 1445; 721; 809; 0; 1736; 2206; 674; 4095; 506
1600; 1545; 1437; 723; 807; 0; 1735; 2215; 662; 4095; 510
1611; 1551; 1456; 729; 814; 0; 1743; 2211; 677; 4095; 506
1605; 1552; 1462; 754; 807; 0; 1743; 2211; 669; 4095; 518
1615; 1584; 1466; 721; 806; 0; 1744; 2221; 677; 4095; 477
1619; 1559; 1472; 719; 815; 0; 1744; 2215; 674; 4095; 511
1623; 1557; 1482; 721; 813; 0; 1745; 2224; 668; 4095; 508
1627; 1556; 1488; 717; 807; 0; 1744; 2224; 672; 4095; 511
1631; 1553; 1490; 720; 811; 0; 1744; 2224; 678; 4095; 528
1633; 1553; 1493; 717; 807; 0; 1744; 2224; 676; 4095; 518
1638; 1553; 1491; 721; 805; 0; 1746; 2226; 656; 4095; 470
1640; 1552; 1495; 722; 805; 0; 1751; 2224; 675; 4095; 526
1641; 1546; 1504; 716; 803; 0; 1747; 2224; 672; 4095; 528
1643; 1551; 1502; 729; 807; 0; 1753; 2226; 675; 4095; 523
1643; 1552; 1498; 719; 810; 0; 1754; 2229; 669; 4095; 519
1642; 1552; 1494; 726; 811; 0; 1762; 2230; 677; 4095; 525
1643; 1552; 1491; 722; 815; 0; 1755; 2225; 671; 4095; 522
1647; 1554; 1499; 730; 816; 0; 1761; 2226; 677; 4095; 525
1643; 1553; 1466; 731; 817; 0; 1765; 2230; 679; 4095; 526
1642; 1555; 1494; 735; 816; 0; 1766; 2224; 678; 4095; 530
1639; 1563; 1493; 726; 816; 0; 1762; 2230; 674; 4095; 528
1638; 1567; 1483; 733; 816; 0; 1764; 2224; 687; 4095; 471
1633; 1567; 1488; 735; 816; 0; 1767; 2225; 678; 4095; 526
1633; 1565; 1488; 727; 822; 0; 1769; 2224; 679; 4095; 525
1635; 1577; 1491; 736; 833; 0; 1769; 2224; 683; 4095; 528
1632; 1584; 1491; 738; 834; 0; 1769; 2234; 679; 4095; 524
1633; 1585; 1485; 743; 853; 0; 1771; 2223; 685; 4095; 527
1609; 1593; 1488; 739; 845; 0; 1775; 2219; 674; 4095; 533
1623; 1601; 1485; 740; 848; 0; 1776; 2222; 683; 4095; 543
1625; 1601; 1486; 749; 851; 0; 1777; 2221; 684; 4095; 531
1623; 1609; 1487; 749; 857; 0; 1776; 2224; 677; 4095; 531
1617; 1610; 1482; 751; 861; 0; 1778; 2222; 683; 4095; 528
1619; 1604; 1484; 749; 859; 0; 1746; 2219; 681; 4095; 528
1616; 1611; 1485; 755; 863; 0; 1776; 2221; 686; 4095; 528
1615; 1603; 1484; 756; 854; 0; 1777; 2217; 679; 4095; 528
1614; 1606; 1450; 752; 855; 0; 1776; 2221; 686; 4095; 525
1613; 1604; 1477; 752; 852; 0; 1774; 2224; 682; 4095; 518
1611; 1600; 1477; 726; 893; 0; 1776; 2220; 679; 4095; 528
1614; 1601; 1473; 762; 853; 0; 1774; 2219; 682; 4095; 571
1611; 1595; 1467; 757; 848; 0; 1772; 2215; 688; 4095; 527
1610; 1591; 1462; 765; 848; 0; 1773; 2219; 688; 4095; 527
1611; 1585; 1459; 767; 842; 0; 1763; 2223; 690; 4095; 511
1607; 1581; 1453; 765; 837; 0; 1759; 2209; 691; 4095; 511
1605; 1573; 1453; 769; 816; 0; 1755; 2209; 688; 4095; 501
1600; 1565; 1446; 767; 833; 0; 1749; 2201; 696; 4095; 505
1597; 1568; 1441; 774; 832; 0; 1744; 2202; 682; 4095; 502
1597; 1562; 1438; 773; 833; 0; 1742; 2202; 688; 4095; 506
1591; 1561; 1433; 768; 827; 0; 1740; 2198; 688; 4095; 506
1590; 1566; 1427; 780; 835; 0; 1735; 2197; 692; 4095; 506
1595; 1571; 1424; 769; 833; 0; 1740; 2197; 691; 4095; 504
1589; 1569; 1425; 775; 829; 0; 1741; 2196; 688; 4095; 507
1597; 1570; 1422; 768; 831; 0; 1739; 2192; 688; 4095; 505
1591; 1578; 1422; 769; 832; 0; 1735; 2194; 689; 4095; 503
1594; 1584; 1424; 769; 839; 0; 1744; 2193; 688; 4095; 503
1594; 1586; 1422; 763; 841; 0; 1744; 2199; 688; 4095; 496
1595; 1585; 1423; 765; 839; 0; 1745; 2197; 671; 4095; 506
1591; 1597; 1424; 769; 841; 0; 1749; 2201; 688; 4095; 511
1593; 1600; 1426; 767; 842; 0; 1751; 2196; 691; 4095; 522
1595; 1599; 1424; 769; 848; 0; 1754; 2193; 691; 4095; 518
1590; 1603; 1424; 771; 847; 0; 1754; 2192; 688; 4095; 508
1591; 1614; 1430; 769; 880; 0; 1753; 2197; 697; 4095; 523
1587; 1616; 1424; 771; 858; 0; 1755; 2197; 688; 4095; 521
1591; 1618; 1434; 773; 855; 0; 1766; 2203; 683; 4095; 526
1585; 1623; 1434; 769; 859; 0; 1767; 2197; 688; 4095; 523
1590; 1632; 1434; 771; 866; 0; 1765; 2199; 688; 4095; 526
1589; 1637; 1439; 773; 862; 0; 1775; 2197; 689; 4095; 526
1591; 1650; 1444; 765; 862; 0; 1764; 2204; 690; 4095; 570
1587; 1648; 1447; 771; 859; 0; 1776; 2205; 688; 4095; 528
1594; 1649; 1455; 773; 861; 0; 1777; 2209; 686; 4095; 533
1