=~=~=~=~=~=~=~=~=~=~=~= PuTTY log 2024.03.25 11:14:05 =~=~=~=~=~=~=~=~=~=~=~=
smoke, etoh, odor, co, no2, nh3, voc, h2s, h2, hcho, ch4
653; 831; 559; 195; 333; 0; 703; 794; 385; 4095; 353
679; 867; 575; 195; 356; 0; 737; 803; 381; 4095; 354
703; 897; 592; 198; 368; 0; 767; 798; 383; 4095; 365
731; 922; 606; 204; 373; 0; 795; 835; 389; 4095; 367
753; 958; 623; 205; 381; 0; 816; 845; 383; 4095; 361
783; 967; 637; 208; 390; 0; 848; 857; 382; 4095; 366
799; 983; 641; 213; 395; 0; 873; 870; 384; 4095; 365
819; 1005; 657; 217; 400; 0; 895; 881; 388; 4095; 367
843; 1018; 669; 215; 406; 0; 913; 895; 386; 4095; 371
861; 1046; 683; 215; 415; 0; 935; 899; 395; 4095; 372
876; 1067; 693; 222; 430; 0; 961; 915; 393; 4095; 379
895; 1088; 707; 217; 427; 0; 976; 921; 406; 4095; 382
912; 1107; 720; 225; 433; 0; 998; 931; 394; 4095; 382
923; 1127; 720; 227; 445; 0; 1010; 944; 400; 4095; 399
939; 1149; 732; 235; 449; 0; 1040; 947; 400; 4095; 385
953; 1167; 745; 231; 448; 0; 1059; 955; 402; 4095; 400
967; 1184; 759; 233; 464; 0; 1074; 967; 402; 4095; 394
982; 1205; 765; 238; 465; 0; 1093; 976; 400; 4095; 393
992; 1215; 768; 242; 467; 0; 1106; 981; 407; 4095; 402
1003; 1232; 817; 231; 479; 0; 1123; 992; 406; 4095; 398
1015; 1244; 784; 237; 454; 0; 1136; 998; 405; 4095; 406
1022; 1258; 795; 265; 473; 0; 1155; 1006; 410; 4095; 412
1040; 1266; 791; 236; 490; 0; 1168; 1010; 410; 4095; 414
1046; 1276; 816; 240; 491; 0; 1177; 1014; 407; 4095; 411
1057; 1287; 816; 243; 493; 0; 1194; 1029; 414; 4095; 415
1062; 1297; 832; 242; 495; 0; 1201; 1034; 412; 4095; 405
1069; 1297; 832; 255; 493; 0; 1241; 1039; 410; 4095; 405
1077; 1303; 831; 249; 495; 0; 1225; 1051; 408; 4095; 417
1088; 1303; 848; 247; 496; 0; 1232; 1050; 416; 4095; 411
1088; 1312; 851; 254; 497; 0; 1245; 1061; 413; 4095; 417
1097; 1316; 868; 254; 496; 0; 1255; 1045; 416; 4095; 418
1104; 1313; 867; 260; 496; 0; 1263; 1072; 419; 4095; 426
1107; 1317; 879; 259; 491; 0; 1272; 1083; 414; 4095; 404
1117; 1315; 883; 256; 491; 0; 1269; 1083; 413; 4095; 416
1127; 1317; 895; 263; 491; 0; 1286; 1091; 420; 4095; 421
1134; 1308; 901; 265; 482; 0; 1287; 1102; 422; 4095; 414
1137; 1300; 897; 262; 481; 0; 1287; 1104; 426; 4095; 420
1142; 1296; 907; 263; 471; 0; 1292; 1113; 424; 4095; 414
1150; 1289; 912; 263; 469; 0; 1285; 1121; 432; 4095; 414
1158; 1280; 926; 270; 464; 0; 1292; 1123; 413; 4095; 410
1168; 1266; 916; 268; 453; 0; 1286; 1123; 416; 4095; 414
1173; 1255; 929; 262; 449; 0; 1282; 1132; 426; 4095; 404
1182; 1241; 926; 257; 445; 0; 1280; 1135; 425; 4095; 402
1189; 1232; 921; 265; 443; 0; 1283; 1140; 421; 4095; 402
1199; 1223; 926; 264; 438; 0; 1281; 1150; 425; 4095; 407
1200; 1213; 921; 270; 435; 0; 1281; 1145; 427; 4095; 396
1209; 1209; 935; 262; 436; 0; 1274; 1151; 428; 4095; 393
1213; 1207; 935; 272; 442; 0; 1282; 1150; 421; 4095; 400
1215; 1205; 913; 266; 435; 0; 1278; 1151; 426; 4095; 400
1227; 1207; 914; 273; 447; 0; 1296; 1160; 427; 4095; 398
1217; 1203; 912; 267; 445; 0; 1282; 1154; 429; 4095; 396
1221; 1209; 914; 275; 449; 0; 1287; 1155; 422; 4095; 400
1223; 1215; 910; 279; 452; 0; 1290; 1162; 431; 4095; 400
1223; 1216; 912; 274; 451; 0; 1290; 1158; 425; 4095; 400
1225; 1222; 912; 283; 469; 0; 1287; 1164; 429; 4095; 400
1227; 1221; 914; 277; 457; 0; 1296; 1164; 429; 4095; 400
1229; 1229; 915; 274; 457; 0; 1296; 1166; 422; 4095; 400
1229; 1232; 912; 281; 458; 0; 1303; 1171; 425; 4095; 402
1229; 1236; 918; 283; 463; 0; 1307; 1173; 426; 4095; 407
1231; 1241; 925; 285; 466; 0; 1314; 1183; 426; 4095; 413
1231; 1245; 930; 278; 468; 0; 1321; 1182; 428; 4095; 405
1228; 1246; 939; 285; 470; 0; 1328; 1186; 423; 4095; 406
1231; 1253; 942; 274; 469; 0; 1329; 1194; 432; 4095; 409
1232; 1258; 939; 283; 476; 0; 1335; 1190; 432; 4095; 414
1232; 1261; 943; 284; 479; 0; 1345; 1198; 432; 4095; 418
1233; 1265; 947; 283; 478; 0; 1347; 1199; 432; 4095; 417
1235; 1265; 947; 291; 483; 0; 1360; 1205; 432; 4095; 419
1234; 1276; 954; 285; 485; 0; 1360; 1205; 427; 4095; 423
1241; 1279; 944; 295; 492; 0; 1367; 1211; 432; 4095; 416
1238; 1284; 958; 294; 495; 0; 1365; 1213; 432; 4095; 420
1239; 1285; 950; 295; 496; 0; 1373; 1205; 432; 4095; 425
1239; 1289; 958; 308; 496; 0; 1380; 1211; 432; 4095; 419
1241; 1289; 957; 304; 501; 0; 1383; 1216; 433; 4095; 422
1244; 1287; 957; 307; 501; 0; 1389; 1216; 430; 4095; 417
1239; 1287; 962; 308; 502; 0; 1387; 1219; 432; 4095; 418
1245; 1285; 1006; 317; 497; 0; 1392; 1222; 437; 4095; 421
1247; 1284; 957; 310; 498; 0; 1391; 1217; 432; 4095; 416
1247; 1285; 967; 287; 491; 0; 1391; 1222; 431; 4095; 431
1248; 1286; 961; 313; 494; 0; 1392; 1229; 439; 4095; 418
1250; 1285; 968; 315; 495; 0; 1395; 1227; 432; 4095; 425
1255; 1283; 958; 314; 496; 0; 1394; 1230; 437; 4095; 414
1250; 1289; 976; 318; 487; 0; 1393; 1233; 434; 4095; 416
1257; 1294; 971; 323; 486; 0; 1397; 1232; 433; 4095; 427
1261; 1295; 976; 304; 466; 0; 1398; 1237; 436; 4095; 429
1264; 1296; 973; 327; 491; 0; 1398; 1239; 439; 4095; 421
1264; 1296; 973; 326; 486; 0; 1403; 1237; 441; 4095; 422
1270; 1296; 975; 325; 487; 0; 1407; 1245; 433; 4095; 423
1266; 1302; 975; 326; 493; 0; 1405; 1247; 432; 4095; 422
1274; 1273; 970; 325; 489; 0; 1413; 1254; 438; 4095; 422
1271; 1315; 976; 322; 487; 0; 1407; 1250; 435; 4095; 425
1280; 1321; 976; 320; 492; 0; 1418; 1253; 438; 4095; 431
1276; 1323; 971; 322; 495; 0; 1411; 1250; 440; 4095; 430
1279; 1327; 976; 322; 496; 0; 1415; 1259; 441; 4095; 422
1279; 1330; 983; 326; 497; 0; 1420; 1258; 432; 4095; 427
1303; 1339; 976; 319; 496; 0; 1420; 1264; 437; 4095; 422
1280; 1338; 981; 323; 496; 0; 1424; 1263; 442; 4095; 421
1282; 1345; 980; 320; 501; 0; 1424; 1264; 439; 4095; 431
1282; 1355; 981; 320; 496; 0; 1424; 1264; 434; 4095; 426
1283; 1359; 981; 326; 498; 0; 1425; 1266; 432; 4095; 427
1287; 1360; 982; 323; 503; 0; 1431; 1269; 435; 4095; 430
1291; 1360; 978; 331; 502; 0; 1433; 1270; 443; 4095; 430
1287; 1360; 993; 333; 499; 0; 1434; 1266; 438; 4095; 430
1294; 1367; 987; 334; 506; 0; 1435; 1266; 445; 4095; 423
1293; 1371; 989; 338; 506; 0; 1435; 1272; 441; 4095; 432
1291; 1367; 991; 311; 511; 0; 1439; 1278; 442; 4095; 426
1296; 1371; 991; 336; 510; 0; 1439; 1274; 443; 4095; 451
1296; 1375; 991; 333; 521; 0; 1440; 1277; 439; 4095; 432
1299; 1373; 986; 336; 507; 0; 1439; 1281; 446; 4095; 424
1296; 1372; 990; 336; 503; 0; 1441; 1279; 448; 4095; 434
1299; 1370; 974; 338; 504; 0; 1439; 1311; 442; 4095; 426
1299; 1374; 992; 336; 496; 0; 1441; 1319; 443; 4095; 426
1298; 1369; 991; 336; 471; 0; 1446; 1289; 442; 4095; 434
1300; 1373; 998; 334; 503; 0; 1442; 1287; 462; 4095; 399
1305; 1371; 995; 333; 500; 0; 1446; 1290; 440; 4095; 433
1305; 1364; 997; 341; 497; 0; 1445; 1287; 448; 4095; 434
1306; 1363; 1003; 339; 501; 0; 1444; 1292; 443; 4095; 432
1305; 1341; 1002; 340; 501; 0; 1451; 1297; 443; 4095; 426
1312; 1361; 1003; 337; 498; 0; 1449; 1296; 445; 4095; 433
1315; 1360; 1008; 336; 496; 0; 1451; 1297; 446; 4095; 432
1315; 1360; 1008; 345; 496; 0; 1456; 1297; 443; 4095; 435
1317; 1359; 1015; 336; 496; 0; 1456; 1303; 444; 4095; 432
1319; 1357; 1014; 343; 495; 0; 1456; 1306; 446; 4095; 429
1319; 1354; 1023; 346; 494; 0; 1456; 1313; 445; 4095; 432
1323; 1347; 1023; 338; 486; 0; 1458; 1311; 449; 4095; 407
1326; 1345; 1019; 341; 489; 0; 1459; 1313; 448; 4095; 432
1328; 1343; 1018; 347; 489; 0; 1457; 1311; 447; 4095; 427
1328; 1345; 1035; 349; 485; 0; 1457; 1317; 449; 4095; 429
1328; 1345; 1022; 339; 489; 0; 1459; 1317; 448; 4095; 430
1328; 1345; 1029; 346; 492; 0; 1462; 1325; 448; 4095; 432
1322; 1349; 1035; 336; 491; 0; 1461; 1319; 448; 4095; 430
1329; 1349; 988; 330; 491; 0; 1466; 1322; 451; 4095; 427
1339; 1350; 1033; 327; 495; 0; 1467; 1328; 442; 4095; 445
1331; 1353; 1037; 336; 493; 0; 1463; 1325; 446; 4095; 427
1333; 1354; 1033; 336; 492; 0; 1463; 1328; 449; 4095; 419
1337; 1370; 1040; 336; 493; 0; 1470; 1328; 449; 4095; 433
1331; 1362; 1035; 336; 495; 0; 1473; 1333; 451; 4095; 433
1342; 1362; 1020; 339; 489; 0; 1471; 1335; 448; 4095; 432
1337; 1361; 1020; 340; 496; 0; 1472; 1330; 442; 4095; 432
1337; 1362; 1040; 336; 491; 0; 1472; 1357; 450; 4095; 438
1339; 1362; 1035; 342; 496; 0; 1473; 1334; 441; 4095; 422
1339; 1362; 1038; 340; 495; 0; 1472; 1338; 447; 4095; 491
1339; 1365; 1037; 348; 493; 0; 1472; 1338; 450; 4095; 435
1341; 1367; 1032; 342; 490; 0; 1475; 1342; 453; 4095; 439
1335; 1369; 1034; 349; 494; 0; 1473; 1341; 448; 4095; 432
1338; 1362; 1035; 352; 494; 0; 1472; 1340; 448; 4095; 433
1342; 1370; 1040; 351; 495; 0; 1473; 1334; 451; 4095; 432
1339; 1374; 1038; 352; 491; 0; 1472; 1339; 450; 4095; 435
1334; 1374; 1035; 358; 492; 0; 1472; 1337; 458; 4095; 436
1335; 1374; 1040; 356; 495; 0; 1472; 1340; 449; 4095; 438
1333; 1378; 1037; 355; 493; 0; 1473; 1341; 450; 4095; 442
1323; 1383; 1040; 364; 498; 0; 1478; 1340; 459; 4095; 433
1329; 1392; 1035; 363; 496; 0; 1477; 1340; 454; 4095; 434
1333; 1383; 1022; 368; 496; 0; 1475; 1341; 459; 4095; 439
1328; 1390; 1035; 359; 497; 0; 1473; 1341; 457; 4095; 442
1329; 1387; 1035; 361; 495; 0; 1475; 1335; 455; 4095; 436
1328; 1387; 1028; 367; 496; 0; 1476; 1338; 459; 4095; 437
1328; 1390; 1037; 363; 496; 0; 1474; 1342; 461; 4095; 439
1316; 1392; 1034; 359; 496; 0; 1475; 1339; 455; 4095; 445
1328; 1392; 1032; 358; 496; 0; 1477; 1341; 453; 4095; 445
1328; 1393; 1033; 362; 496; 0; 1477; 1344; 456; 4095; 439
1328; 1398; 1039; 353; 494; 0; 1474; 1339; 454; 4095; 439
1328; 1398; 1040; 367; 491; 0; 1478; 1347; 459; 4095; 443
1328; 1392; 1039; 362; 494; 0; 1476; 1347; 459; 4095; 441
1327; 1392; 1037; 364; 491; 0; 1478; 1350; 460; 4095; 445
1329; 1389; 1045; 362; 485; 0; 1477; 1351; 454; 4095; 443
1333; 1389; 1041; 357; 482; 0; 1476; 1353; 459; 4095; 445
1335; 1377; 1045; 359; 469; 0; 1478; 1341; 461; 4095; 443
1333; 1373; 1051; 363; 465; 0; 1474; 1358; 459; 4095; 420
1341; 1360; 1056; 368; 454; 0; 1475; 1356; 459; 4095; 443
1340; 1349; 1054; 374; 450; 0; 1475; 1360; 463; 4095; 443
1344; 1340; 1055; 368; 446; 0; 1473; 1359; 462; 4095; 434
1343; 1333; 1051; 368; 448; 0; 1473; 1358; 461; 4095; 442
1344; 1313; 1066; 367; 442; 0; 1472; 1360; 453; 4095; 437
1346; 1328; 1061; 368; 443; 0; 1473; 1362; 459; 4095; 435
1345; 1328; 1059; 367; 440; 0; 1470; 1366; 456; 4095; 447
1346; 1329; 1064; 367; 437; 0; 1466; 1363; 458; 4095; 434
1339; 1331; 1062; 368; 435; 0; 1465; 1367; 463; 4095; 439
1342; 1328; 1063; 356; 423; 0; 1457; 1360; 458; 4095; 435
1335; 1335; 1067; 368; 432; 0; 1455; 1361; 459; 4095; 436
1335; 1338; 1072; 363; 430; 0; 1447; 1358; 460; 4095; 439
1337; 1344; 1067; 354; 428; 0; 1445; 1360; 461; 4095; 442
1329; 1351; 1066; 354; 427; 0; 1444; 1360; 459; 4095; 442
1331; 1347; 1067; 357; 426; 0; 1441; 1360; 459; 4095; 446
1328; 1354; 1066; 357; 427; 0; 1437; 1361; 462; 4095; 442
1328; 1351; 1067; 358; 429; 0; 1440; 1360; 460; 4095; 435
1325; 1353; 1061; 358; 430; 0; 1441; 1359; 460; 4095; 446
1322; 1360; 1067; 350; 431; 0; 1438; 1358; 450; 4095; 441
1325; 1358; 1067; 358; 427; 0; 1440; 1359; 459; 4095; 435
1325; 1359; 1066; 360; 430; 0; 1442; 1356; 450; 4095; 439
1320; 1352; 1063; 354; 431; 0; 1439; 1355; 443; 4095; 436
1322; 1352; 1062; 356; 432; 0; 1450; 1356; 455; 4095; 443
1323; 1357; 1072; 358; 432; 0; 1445; 1359; 455; 4095; 435
1325; 1353; 1071; 355; 432; 0; 1447; 1366; 453; 4095; 439
1323; 1351; 1069; 365; 431; 0; 1451; 1360; 458; 4095; 444
1322; 1344; 1065; 355; 431; 0; 1450; 1371; 453; 4095; 432
1324; 1343; 1061; 363; 432; 0; 1444; 1366; 455; 4095; 442
1328; 1335; 1070; 366; 431; 0; 1447; 1360; 454; 4095; 435
1328; 1329; 1066; 361; 426; 0; 1446; 1361; 462; 4095; 432
1328; 1324; 1070; 362; 433; 0; 1443; 1362; 455; 4095; 432
1328; 1318; 1067; 370; 429; 0; 1450; 1367; 459; 4095; 432
1331; 1309; 1062; 363; 435; 0; 1446; 1361; 457; 4095; 427
1330; 1307; 1067; 369; 430; 0; 1450; 1365; 454; 4095; 427
1328; 1303; 1056; 370; 430; 0; 1443; 1367; 455; 4095; 432
1328; 1296; 1072; 369; 431; 0; 1442; 1360; 459; 4095; 430
1331; 1295; 1060; 369; 432; 0; 1452; 1369; 455; 4095; 429
1329; 1295; 1058; 368; 432; 0; 1444; 1364; 457; 4095; 419
1333; 1286; 1054; 372; 432; 0; 1442; 1363; 453; 4095; 428
1331; 1283; 1055; 368; 432; 0; 1445; 1363; 452; 4095; 423
1328; 1287; 1051; 378; 434; 0; 1441; 1361; 461; 4095; 425
1335; 1280; 1050; 373; 433; 0; 1446; 1363; 463; 4095; 425
1332; 1279; 1049; 376; 433; 0; 1441; 1360; 463; 4095; 427
1334; 1278; 1047; 371; 430; 0; 1440; 1367; 462; 4095; 429
1334; 1280; 1057; 374; 432; 0; 1450; 1363; 458; 4095; 420
1337; 1280; 1054; 371; 434; 0; 1441; 1360; 463; 4095; 426
1338; 1280; 1058; 381; 431; 0; 1450; 1369; 464; 4095; 430
1340; 1279; 1053; 378; 432; 0; 1449; 1355; 458; 4095; 424
1341; 1280; 1058; 385; 433; 0; 1440; 1365; 458; 4095; 426
1338; 1282; 1047; 382; 434; 0; 1448; 1367; 427; 4095; 398
1339; 1281; 1050; 384; 433; 0; 1446; 1365; 465; 4095; 422
1341; 1274; 1047; 379; 434; 0; 1447; 1369; 459; 4095; 431
1338; 1277; 1044; 385; 433; 0; 1445; 1365; 464; 4095; 422
1343; 1273; 1053; 390; 433; 0; 1445; 1371; 461; 4095; 429
1346; 1264; 1055; 396; 434; 0; 1449; 1374; 465; 4095; 422
1348; 1265; 1048; 390; 463; 0; 1440; 1370; 464; 4095; 421
1345; 1262; 1051; 398; 433; 0; 1444; 1363; 464; 4095; 422
1346; 1252; 1040; 394; 432; 0; 1437; 1365; 462; 4095; 416
1348; 1243; 1046; 394; 424; 0; 1435; 1367; 464; 4095; 418
1345; 1239; 1044; 400; 421; 0; 1431; 1369; 464; 4095; 421
1345; 1228; 1037; 400; 421; 0; 1426; 1361; 465; 4095; 415
1346; 1227; 1039; 400; 407; 0; 1424; 1366; 471; 4095; 417
1353; 1217; 1037; 398; 410; 0; 1413; 1365; 464; 4095; 405
1350; 1207; 1033; 397; 411; 0; 1413; 1366; 463; 4095; 405
1351; 1203; 1062; 397; 411; 0; 1407; 1360; 471; 4095; 407
1347; 1200; 1030; 391; 402; 0; 1405; 1367; 461; 4095; 404
1349; 1194; 1029; 395; 411; 0; 1399; 1365; 467; 4095; 401
1355; 1187; 1030; 391; 400; 0; 1397; 1363; 469; 4095; 403
1354; 1185; 1036; 396; 400; 0; 1397; 1360; 465; 4095; 407
1359; 1179; 1022; 385; 387; 0; 1393; 1363; 465; 4095; 407
1359; 1174; 1031; 391; 388; 0; 1389; 1360; 464; 4095; 403
1358; 1168; 1039; 385; 394; 0; 1391; 1362; 464; 4095; 412
1358; 1173; 1037; 384; 394; 0; 1382; 1364; 464; 4095; 401
1363; 1173; 1039; 379; 386; 0; 1383; 1358; 464; 4095; 401
1364; 1174; 1039; 371; 386; 0; 1385; 1360; 466; 4095; 415
1360; 1170; 1042; 382; 387; 0; 1382; 1366; 467; 4095; 401
1367; 1171; 1047; 381; 385; 0; 1380; 1360; 464; 4095; 406
1360; 1169; 1040; 378; 383; 0; 1383; 1370; 457; 4095; 400
1392; 1171; 1045; 381; 383; 0; 1383; 1365; 462; 4095; 406
1369; 1170; 1049; 376; 384; 0; 1382; 1362; 464; 4095; 409
1373; 1170; 1047; 382; 386; 0; 1385; 1373; 459; 4095; 407
1369; 1168; 1052; 378; 385; 0; 1386; 1374; 461; 4095; 407
1376; 1172; 1048; 381; 385; 0; 1419; 1371; 466; 4095; 405
1375; 1169; 1049; 381; 385; 0; 1387; 1376; 470; 4095; 410
1372; 1168; 1045; 385; 389; 0; 1391; 1373; 465; 4095; 405
1373; 1171; 1010; 384; 384; 0; 1392; 1369; 459; 4095; 406
1375; 1171; 1050; 387; 388; 0; 1388; 1376; 464; 4095; 403
1375; 1169; 1050; 377; 383; 0; 1389; 1365; 464; 4095; 401
1375; 1172; 1049; 366; 385; 0; 1387; 1374; 464; 4095; 410
1376; 1180; 1047; 388; 384; 0; 1387; 1370; 458; 4095; 406
1376; 1172; 1045; 380; 384; 0; 1386; 1364; 465; 4095; 405
1377; 1175; 1056; 379; 385; 0; 1392; 1373; 467; 4095; 405
1376; 1174; 1054; 385; 386; 0; 1390; 1365; 464; 4095; 410
1378; 1173; 1058; 384; 384; 0; 1389; 1362; 462; 4095; 410
1377; 1178; 1056; 383; 386; 0; 1391; 1372; 467; 4095; 406
1380; 1180; 1063; 388; 385; 0; 1391; 1367; 463; 4095; 427
1375; 1186; 1067; 385; 383; 0; 1392; 1371; 462; 4095; 419
1379; 1191; 1067; 384; 388; 0; 1392; 1378; 467; 4095; 419
1380; 1194; 1071; 379; 391; 0; 1395; 1374; 458; 4095; 425
1379; 1200; 1072; 375; 388; 0; 1399; 1379; 464; 4095; 423
1383; 1210; 1072; 386; 395; 0; 1392; 1381; 460; 4095; 423
1384; 1201; 1071; 379; 400; 0; 1402; 1378; 465; 4095; 426
1381; 1206; 1078; 384; 393; 0; 1409; 1378; 465; 4095; 427
1381; 1209; 1072; 380; 400; 0; 1410; 1377; 464; 4095; 419
1408; 1215; 1078; 383; 401; 0; 1415; 1387; 466; 4095; 423
1383; 1221; 1079; 384; 403; 0; 1415; 1390; 464; 4095; 428
1387; 1225; 1079; 389; 402; 0; 1417; 1390; 464; 4095; 419
1389; 1229; 1086; 386; 403; 0; 1424; 1390; 465; 4095; 427
1390; 1232; 1084; 386; 401; 0; 1424; 1398; 467; 4095; 427
1390; 1232; 1088; 387; 401; 0; 1424; 1392; 469; 4095; 430
1387; 1240; 1088; 388; 411; 0; 1427; 1386; 464; 4095; 488
1387; 1242; 1087; 384; 409; 0; 1429; 1391; 464; 4095; 429
1387; 1238; 1091; 389; 413; 0; 1427; 1392; 462; 4095; 432
1387; 1247; 1086; 384; 413; 0; 1429; 1392; 467; 4095; 432
1390; 1249; 1087; 386; 407; 0; 1437; 1392; 466; 4095; 433
1390; 1246; 1090; 385; 403; 0; 1428; 1393; 464; 4095; 432
1389; 1259; 1093; 386; 405; 0; 1437; 1393; 465; 4095; 429
1389; 1259; 1090; 395; 416; 0; 1431; 1395; 464; 4095; 434
1386; 1263; 1089; 391; 413; 0; 1440; 1399; 467; 4095; 436
1387; 1266; 1090; 395; 417; 0; 1439; 1395; 464; 4095; 435
1383; 1264; 1094; 401; 417; 0; 1443; 1395; 470; 4095; 432
1390; 1299; 1090; 394; 414; 0; 1438; 1397; 470; 4095; 431
1390; 1258; 1090; 399; 414; 0; 1445; 1396; 465; 4095; 432
1390; 1279; 1091; 399; 414; 0; 1447; 1395; 470; 4095; 434
1392; 1279; 1104; 398; 417; 0; 1446; 1395; 475; 4095; 435
1391; 1279; 1090; 393; 417; 0; 1447; 1401; 471; 4095; 432
1389; 1286; 1094; 400; 399; 0; 1447; 1396; 465; 4095; 432
1387; 1283; 1103; 402; 432; 0; 1450; 1396; 462; 4095; 433
1412; 1291; 1088; 400; 423; 0; 1451; 1397; 471; 4095; 437
1391; 1289; 1093; 400; 424; 0; 1451; 1406; 471; 4095; 433
1391; 1294; 1104; 403; 426; 0; 1455; 1399; 469; 4095; 437
1386; 1295; 1100; 401; 428; 0; 1456; 1397; 473; 4095; 437
1390; 1295; 1093; 410; 428; 0; 1456; 1398; 470; 4095; 439
1390; 1297; 1098; 405; 430; 0; 1443; 1405; 469; 4095; 443
1390; 1298; 1104; 402; 432; 0; 1457; 1402; 470; 4095; 446
1389; 1301; 1147; 407; 432; 0; 1458; 1397; 475; 4095; 443
1385; 1299; 1101; 404; 431; 0; 1462; 1407; 478; 4095; 438
1382; 1305; 1102; 405; 452; 0; 1459; 1405; 468; 4095; 445
1383; 1307; 1104; 416; 444; 0; 1458; 1403; 445; 4095; 446
1387; 1301; 1103; 401; 430; 0; 1467; 1405; 487; 4095; 432
1391; 1302; 1101; 400; 433; 0; 1460; 1411; 474; 4095; 448
1388; 1308; 1104; 413; 431; 0; 1458; 1408; 477; 4095; 439
1391; 1303; 1103; 405; 429; 0; 1458; 1409; 479; 4095; 443
1385; 1310; 1104; 414; 431; 0; 1457; 1407; 476; 4095; 432
1390; 1306; 1099; 412; 428; 0; 1463; 1411; 476; 4095; 444
1387; 1303; 1098; 411; 425; 0; 1457; 1405; 475; 4095; 445
1391; 1306; 1101; 400; 429; 0; 1466; 1408; 480; 4095; 443
1389; 1307; 1069; 402; 426; 0; 1465; 1424; 471; 4095; 443
1392; 1305; 1095; 402; 429; 0; 1460; 1408; 475; 4095; 447
1391; 1310; 1106; 407; 431; 0; 1457; 1413; 471; 4095; 445
1389; 1311; 1104; 401; 427; 0; 1462; 1412; 474; 4095; 439
1388; 1308; 1100; 403; 429; 0; 1461; 1411; 471; 4095; 438
1390; 1312; 1103; 406; 431; 0; 1462; 1407; 477; 4095; 445
1392; 1311; 1104; 411; 427; 0; 1462; 1411; 471; 4095; 435
1390; 1311; 1104; 403; 429; 0; 1465; 1413; 470; 4095; 442
1390; 1313; 1104; 413; 429; 0; 1462; 1410; 475; 4095; 438
1392; 1312; 1104; 415; 429; 0; 1467; 1411; 481; 4095; 447
1388; 1312; 1104; 410; 423; 0; 1467; 1407; 483; 4095; 437
1392; 1309; 1134; 416; 424; 0; 1461; 1387; 474; 4095; 441
1392; 1314; 1106; 397; 407; 0; 1466; 1412; 478; 4095; 446
1389; 1313; 1106; 421; 427; 0; 1460; 1417; 459; 4095; 430
1392; 1316; 1111; 418; 429; 0; 1465; 1414; 507; 4095; 432
1392; 1319; 1105; 413; 432; 0; 1465; 1415; 477; 4095; 439
1392; 1315; 1105; 420; 426; 0; 1467; 1413; 483; 4095; 443
1390; 1317; 1111; 415; 428; 0; 1463; 1411; 485; 4095; 448
1392; 1315; 1116; 419; 426; 0; 1464; 1408; 483; 4095; 445
1392; 1321; 1118; 423; 425; 0; 1466; 1414; 480; 4095; 450
1392; 1316; 1115; 416; 429; 0; 1469; 1412; 477; 4095; 449
1390; 1323; 1110; 417; 432; 0; 1467; 1421; 480; 4095; 448
1391; 1322; 1115; 421; 429; 0; 1463; 1416; 482; 4095; 448
1392; 1327; 1114; 419; 426; 0; 1472; 1423; 480; 4095; 447
1397; 1328; 1117; 426; 428; 0; 1473; 1419; 484; 4095; 447
1392; 1328; 1111; 422; 431; 0; 1472; 1419; 484; 4095; 450
1397; 1328; 1115; 424; 423; 0; 1472; 1420; 485; 4095; 460
1392; 1327; 1117; 417; 428; 0; 1469; 1422; 489; 4095; 453
1394; 1328; 1113; 419; 429; 0; 1469; 1424; 489; 4095; 449
1391; 1328; 1119; 426; 432; 0; 1461; 1424; 485; 4095; 451
1392; 1329; 1114; 429; 425; 0; 1471; 1422; 482; 4095; 448
1392; 1333; 1120; 426; 428; 0; 1475; 1423; 492; 4095; 459
1395; 1328; 1111; 430; 432; 0; 1478; 1421; 482; 4095; 457
1393; 1328; 1121; 426; 432; 0; 1475; 1431; 482; 4095; 449
1393; 1331; 1122; 461; 432; 0; 1473; 1424; 485; 4095; 458
1403; 1334; 1113; 414; 431; 0; 1479; 1422; 482; 4095; 450
1389; 1341; 1126; 424; 432; 0; 1475; 1422; 489; 4095; 459
1389; 1339; 1117; 423; 434; 0; 1480; 1422; 486; 4095; 454
1392; 1337; 1117; 422; 430; 0; 1477; 1424; 487; 4095; 451
1392; 1335; 1118; 416; 432; 0; 1485; 1424; 483; 4095; 453
1389; 1333; 1119; 421; 435; 0; 1479; 1424; 489; 4095; 454
1391; 1340; 1117; 421; 439; 0; 1487; 1425; 493; 4095; 459
1390; 1335; 1121; 431; 433; 0; 1483; 1423; 490; 4095; 449
1392; 1331; 1127; 424; 432; 0; 1485; 1425; 495; 4095; 451
1389; 1330; 1119; 427; 433; 0; 1483; 1424; 495; 4095; 455
1388; 1328; 1125; 429; 423; 0; 1488; 1421; 486; 4095; 451
1403; 1325; 1127; 432; 428; 0; 1488; 1425; 496; 4095; 458
1391; 1328; 1133; 431; 437; 0; 1488; 1425; 491; 4095; 456
1389; 1326; 1130; 432; 433; 0; 1488; 1433; 489; 4095; 461
1388; 1324; 1134; 432; 432; 0; 1487; 1424; 493; 4095; 462
1382; 1324; 1135; 426; 432; 0; 1488; 1425; 496; 4095; 459
1382; 1321; 1129; 431; 433; 0; 1501; 1425; 497; 4095; 461
1387; 1323; 1131; 421; 432; 0; 1490; 1426; 496; 4095; 463
1382; 1324; 1138; 427; 429; 0; 1489; 1430; 494; 4095; 456
1379; 1323; 1136; 432; 432; 0; 1489; 1434; 491; 4095; 463
1381; 1323; 1138; 429; 432; 0; 1489; 1438; 496; 4095; 455
1378; 1320; 1129; 432; 433; 0; 1488; 1403; 488; 4095; 459
1379; 1320; 1127; 433; 433; 0; 1491; 1427; 494; 4095; 468
1376; 1321; 1127; 432; 434; 0; 1490; 1425; 496; 4095; 495
1374; 1318; 1126; 427; 432; 0; 1491; 1425; 497; 4095; 464
1374; 1326; 1136; 432; 431; 0; 1493; 1424; 497; 4095; 464
1375; 1327; 1132; 427; 432; 0; 1493; 1425; 490; 4095; 462
1373; 1309; 1134; 423; 434; 0; 1490; 1426; 487; 4095; 460
1375; 1325; 1130; 421; 432; 0; 1495; 1428; 494; 4095; 463
1369; 1323; 1133; 425; 430; 0; 1493; 1424; 495; 4095; 464
1373; 1326; 1133; 431; 431; 0; 1493; 1426; 495; 4095; 464
1373; 1319; 1137; 416; 422; 0; 1488; 1424; 496; 4095; 463
1371; 1306; 1133; 426; 421; 0; 1488; 1456; 490; 4095; 464
1379; 1301; 1139; 426; 397; 0; 1489; 1435; 496; 4095; 455
1361; 1299; 1137; 428; 419; 0; 1488; 1429; 497; 4095; 459
1382; 1296; 1139; 421; 416; 0; 1486; 1427; 496; 4095; 458
1385; 1294; 1133; 422; 410; 0; 1482; 1431; 496; 4095; 453
1386; 1291; 1127; 416; 406; 0; 1474; 1424; 491; 4095; 448
1386; 1287; 1134; 418; 404; 0; 1479; 1430; 490; 4095; 453
1387; 1285; 1118; 416; 405; 0; 1473; 1429; 495; 4095; 448
1387; 1290; 1117; 411; 407; 0; 1471; 1424; 496; 4095; 459
1382; 1291; 1120; 407; 407; 0; 1473; 1425; 492; 4095; 450
1381; 1296; 1109; 406; 410; 0; 1471; 1424; 486; 4095; 448
1377; 1293; 1107; 413; 401; 0; 1472; 1423; 485; 4095; 454
1379; 1297; 1109; 407; 412; 0; 1468; 1424; 486; 4095; 453
1369; 1301; 1104; 410; 414; 0; 1472; 1411; 485; 4095; 405
1373; 1308; 1104; 400; 414; 0; 1471; 1412; 490; 4095; 458
1365; 1306; 1109; 406; 407; 0; 1471; 1411; 483; 4095; 452
1365; 1309; 1104; 405; 411; 0; 1472; 1419; 491; 4095; 455
1366; 1315; 1105; 407; 417; 0; 1472; 1415; 487; 4095; 449
1366; 1313; 1104; 407; 408; 0; 1475; 1413; 491; 4095; 450
1365; 1311; 1103; 413; 413; 0; 1474; 1411; 491; 4095; 455
1361; 1313; 1100; 416; 416; 0; 1478; 1408; 489; 4095; 455
1363; 1313; 1100; 407; 417; 0; 1474; 1418; 489; 4095; 448
1360; 1317; 1102; 412; 405; 20; 1475; 1415; 493; 4095; 448
1353; 1311; 1103; 438; 420; 0; 1474; 1415; 485; 4095; 448
1355; 1309; 1097; 416; 418; 0; 1477; 1412; 493; 4095; 448
1359; 1306; 1098; 414; 411; 0; 1472; 1409; 487; 4095; 446
1360; 1307; 1104; 416; 416; 0; 1471; 1408; 486; 4095; 448
1359; 1303; 1097; 416; 412; 0; 1473; 1407; 492; 4095; 449
1357; 1299; 1104; 415; 414; 0; 1471; 1415; 478; 4095; 450
1360; 1296; 1100; 419; 409; 0; 1472; 1413; 490; 4095; 448
1357; 1294; 1104; 422; 402; 0; 1466; 1410; 481; 4095; 445
1360; 1287; 1099; 423; 402; 0; 1465; 1411; 488; 4095; 444
1358; 1283; 1104; 421; 402; 0; 1461; 1403; 483; 4095; 445
1360; 1280; 1104; 417; 400; 0; 1465; 1412; 492; 4095; 447
1360; 1274; 1104; 418; 403; 0; 1457; 1419; 494; 4095; 441
1360; 1273; 1107; 426; 400; 0; 1459; 1415; 485; 4095; 448
1364; 1266; 1115; 419; 401; 0; 1457; 1413; 491; 4095; 447
1364; 1268; 1118; 425; 395; 0; 1456; 1408; 490; 4095; 443
1366; 1264; 1117; 422; 395; 0; 1454; 1416; 478; 4095; 446
1369; 1267; 1114; 415; 399; 0; 1456; 1415; 482; 4095; 448
1373; 1265; 1115; 421; 398; 0; 1454; 1417; 490; 4095; 445
1372; 1265; 1121; 417; 397; 0; 1452; 1414; 486; 4095; 447
1370; 1269; 1123; 414; 396; 0; 1455; 1414; 484; 4095; 446
1374; 1267; 1117; 413; 393; 0; 1456; 1418; 486; 4095; 454
1374; 1269; 1129; 417; 395; 0; 1456; 1421; 486; 4095; 446
1374; 1269; 1126; 439; 381; 0; 1457; 1421; 484; 4095; 450
1375; 1277; 1133; 419; 400; 0; 1459; 1422; 485; 4095; 451
1376; 1274; 1122; 420; 400; 0; 1456; 1424; 479; 4095; 453
1378; 1277; 1127; 421; 395; 0; 1459; 1422; 485; 4095; 454
1376; 1283; 1129; 420; 397; 0; 1462; 1424; 486; 4095; 449
1377; 1264; 1126; 418; 397; 0; 1456; 1423; 483; 4095; 462
1375; 1270; 1129; 422; 402; 0; 1472; 1424; 485; 4095; 453
1376; 1284; 1126; 423; 405; 0; 1466; 1426; 491; 4095; 462
1371; 1282; 1126; 423; 403; 0; 1469; 1419; 483; 4095; 457
1377; 1287; 1131; 426; 402; 0; 1468; 1423; 490; 4095; 451
1373; 1283; 1133; 420; 400; 0; 1470; 1418; 480; 4095; 461
1375; 1285; 1134; 419; 395; 0; 1468; 1424; 489; 4095; 460
1374; 1283; 1131; 425; 400; 0; 1467; 1424; 485; 4095; 457
1375; 1277; 1137; 422; 400; 0; 1469; 1423; 493; 4095; 454
1373; 1280; 1133; 422; 400; 0; 1465; 1424; 486; 4095; 448
1375; 1279; 1131; 425; 399; 0; 1471; 1427; 485; 4095; 457
1374; 1275; 1133; 427; 398; 0; 1465; 1423; 486; 4095; 454
1371; 1279; 1136; 432; 398; 0; 1469; 1421; 494; 4095; 453
1370; 1274; 1129; 429; 399; 0; 1462; 1423; 484; 4095; 453
1376; 1276; 1138; 425; 398; 0; 1469; 1423; 484; 4095; 450
1372; 1274; 1136; 423; 397; 0; 1462; 1423; 493; 4095; 453
1371; 1277; 1130; 432; 400; 0; 1463; 1415; 483; 4095; 459
1370; 1274; 1123; 430; 399; 0; 1462; 1419; 485; 4095; 454
1367; 1277; 1132; 430; 397; 0; 1469; 1424; 492; 4095; 461
1371; 1274; 1127; 432; 395; 0; 1467; 1422; 491; 4095; 459
1367; 1277; 1131; 431; 400; 0; 1468; 1406; 496; 4095; 453
1371; 1276; 1125; 431; 400; 0; 1463; 1422; 496; 4095; 454
1370; 1273; 1119; 474; 398; 0; 1463; 1421; 493; 4095; 453
1371; 1261; 1123; 432; 405; 0; 1471; 1424; 493; 4095; 449
1367; 1275; 1118; 426; 400; 0; 1472; 1424; 496; 4095; 448
1369; 1266; 1115; 430; 399; 0; 1468; 1420; 495; 4095; 459
1365; 1267; 1117; 427; 400; 0; 1469; 1414; 487; 4095; 453
1363; 1267; 1113; 429; 400; 0; 1467; 1421; 496; 4095; 449
1369; 1270; 1113; 425; 396; 0; 1467; 1420; 489; 4095; 449
1362; 1266; 1114; 423; 400; 0; 1467; 1418; 496; 4095; 448
1364; 1267; 1100; 428; 401; 0; 1467; 1415; 493; 4095; 454
1362; 1266; 1109; 427; 400; 0; 1463; 1419; 496; 4095; 445
1361; 1267; 1109; 432; 375; 0; 1467; 1422; 494; 4095; 449
1362; 1267; 1109; 430; 399; 0; 1465; 1424; 492; 4095; 448
1363; 1271; 1115; 430; 400; 0; 1460; 1423; 494; 4095; 443
1362; 1267; 1113; 425; 399; 0; 1463; 1424; 493; 4095; 444
1361; 1273; 1111; 423; 398; 0; 1461; 1421; 496; 4095; 454
1361; 1269; 1113; 422; 397; 0; 1459; 1414; 491; 4095; 442
1364; 1271; 1111; 421; 393; 0; 1463; 1422; 493; 4095; 450
1367; 1278; 1105; 424; 393; 0; 1459; 1421; 491; 4095; 455
1366; 1275; 1111; 411; 397; 0; 1461; 1415; 487; 4095; 451
1362; 1281; 1119; 413; 391; 0; 1456; 1423; 489; 4095; 448
1364; 1280; 1117; 407; 389; 0; 1457; 1424; 487; 4095; 451
1370; 1275; 1116; 390; 387; 0; 1458; 1424; 491; 4095; 448
1370; 1278; 1119; 411; 389; 0; 1456; 1421; 495; 4095; 448
1377; 1281; 1117; 412; 393; 0; 1456; 1424; 501; 4095; 446
1373; 1277; 1125; 415; 396; 0; 1456; 1418; 490; 4095; 447
1370; 1277; 1115; 421; 391; 0; 1457; 1422; 481; 4095; 448
1373; 1278; 1122; 420; 387; 0; 1456; 1414; 481; 4095; 445
1372; 1271; 1118; 415; 391; 0; 1456; 1419; 495; 4095; 448
1373; 1273; 1104; 414; 397; 0; 1457; 1419; 485; 4095; 442
1367; 1267; 1110; 411; 389; 0; 1456; 1413; 492; 4095; 442
1368; 1268; 1099; 417; 387; 0; 1456; 1414; 490; 4095; 432
1365; 1267; 1114; 412; 393; 0; 1447; 1411; 495; 4095; 433
1365; 1264; 1095; 422; 418; 0; 1447; 1405; 491; 4095; 433
1364; 1258; 1104; 423; 363; 0; 1440; 1405; 491; 4095; 400
1360; 1257; 1094; 416; 381; 0; 1442; 1405; 485; 4095; 434
1360; 1246; 1089; 413; 369; 0; 1437; 1405; 491; 4095; 432
1363; 1242; 1088; 417; 372; 0; 1433; 1405; 491; 4095; 422
1361; 1231; 1087; 421; 371; 0; 1427; 1399; 480; 4095; 425
1361; 1235; 1088; 416; 368; 0; 1462; 1403; 487; 4095; 426
1360; 1242; 1086; 418; 363; 0; 1407; 1396; 489; 4095; 421
1362; 1218; 1079; 411; 366; 0; 1423; 1392; 479; 4095; 422
1359; 1216; 1079; 419; 368; 0; 1423; 1393; 487; 4095; 425
1361; 1212; 1078; 407; 361; 0; 1424; 1398; 486; 4095; 422
1363; 1207; 1085; 405; 367; 0; 1423; 1377; 486; 4095; 423
1360; 1206; 1082; 409; 363; 0; 1422; 1398; 489; 4095; 422
1357; 1210; 1088; 417; 367; 0; 1421; 1398; 482; 4095; 430
1362; 1202; 1086; 403; 362; 0; 1423; 1395; 483; 4095; 431
1363; 1203; 1087; 416; 367; 0; 1424; 1399; 481; 4095; 429
1365; 1205; 1086; 405; 366; 0; 1423; 1397; 480; 4095; 427
1367; 1214; 1094; 416; 366; 0; 1425; 1392; 482; 4095; 429
1371; 1215; 1094; 418; 371; 0; 1424; 1392; 480; 4095; 431
1365; 1217; 1087; 415; 378; 0; 1431; 1398; 487; 4095; 434
1363; 1214; 1093; 415; 368; 0; 1435; 1403; 481; 4095; 432
1369; 1217; 1090; 419; 368; 0; 1434; 1402; 487; 4095; 433
1367; 1218; 1095; 416; 397; 0; 1435; 1397; 477; 4095; 422
1365; 1218; 1099; 415; 368; 0; 1440; 1403; 480; 4095; 432
1369; 1222; 1101; 422; 368; 0; 1437; 1404; 497; 4095; 442
1362; 1221; 1100; 420; 373; 0; 1441; 1403; 482; 4095; 432
1367; 1223; 1099; 425; 375; 0; 1442; 1403; 481; 4095; 433
1360; 1223; 1105; 426; 371; 0; 1440; 1403; 479; 4095; 432
1361; 1214; 1104; 413; 378; 0; 1456; 1399; 479; 4095; 426
1362; 1227; 1099; 425; 374; 0; 1441; 1407; 491; 4095; 437
1367; 1227; 1100; 417; 368; 0; 1441; 1408; 483; 4095; 432
1365; 1226; 1104; 414; 370; 0; 1441; 1405; 480; 4095; 438
1362; 1223; 1099; 418; 374; 0; 1440; 1410; 486; 4095; 437
1362; 1230; 1104; 414; 371; 0; 1441; 1407; 485; 4095; 439
1361; 1229; 1105; 411; 372; 0; 1437; 1402; 483; 4095; 434
1365; 1230; 1105; 412; 373; 0; 1441; 1410; 485; 4095; 437
1362; 1229; 1118; 406; 372; 0; 1443; 1409; 477; 4095; 436
1360; 1229; 1073; 409; 374; 0; 1446; 1407; 486; 4095; 432
1360; 1229; 1103; 417; 371; 0; 1441; 1408; 481; 4095; 441
1360; 1232; 1105; 432; 368; 0; 1445; 1404; 501; 4095; 389
1363; 1232; 1109; 413; 377; 0; 1450; 1406; 489; 4095; 435
1361; 1229; 1107; 425; 374; 0; 1443; 1406; 482; 4095; 439
1360; 1228; 1109; 417; 371; 0; 1449; 1405; 487; 4095; 436
1357; 1222; 1114; 418; 368; 0; 1445; 1409; 483; 4095; 433
1359; 1232; 1111; 419; 368; 0; 1444; 1450; 479; 4095; 436
1359; 1223; 1107; 417; 371; 0; 1442; 1406; 477; 4095; 432
1360; 1227; 1107; 411; 367; 0; 1445; 1403; 475; 4095; 433
1358; 1219; 1111; 412; 368; 0; 1441; 1403; 479; 4095; 432
1359; 1221; 1110; 401; 368; 0; 1438; 1408; 477; 4095; 431
1360; 1214; 1107; 401; 350; 0; 1436; 1403; 474; 4095; 431
1360; 1218; 1107; 397; 370; 0; 1435; 1403; 467; 4095; 432
1355; 1219; 1110; 400; 365; 0; 1430; 1406; 478; 4095; 430
1360; 1214; 1119; 397; 366; 0; 1430; 1398; 475; 4095; 433
1360; 1209; 1104; 400; 359; 0; 1435; 1408; 469; 4095; 431
1360; 1211; 1111; 407; 370; 0; 1434; 1402; 471; 4095; 432
1360; 1209; 1109; 399; 368; 0; 1430; 1403; 469; 4095; 430
1360; 1207; 1105; 406; 366; 0; 1429; 1410; 474; 4095; 432
1359; 1205; 1116; 409; 368; 0; 1427; 1402; 479; 4095; 430
1360; 1205; 1106; 404; 366; 0; 1427; 1406; 482; 4095; 431
1361; 1203; 1143; 402; 368; 0; 1429; 1405; 477; 4095; 433
1362; 1206; 1104; 411; 351; 0; 1428; 1402; 473; 4095; 425
1360; 1201; 1104; 409; 350; 0; 1425; 1408; 475; 4095; 423
1359; 1204; 1102; 410; 363; 0; 1424; 1408; 478; 4095; 431
1360; 1202; 1102; 399; 363; 0; 1422; 1403; 480; 4095; 427
1360; 1200; 1104; 399; 356; 0; 1424; 1397; 470; 4095; 429
1360; 1200; 1098; 395; 355; 0; 1424; 1401; 473; 4095; 433
1359; 1234; 1103; 384; 363; 0; 1423; 1398; 475; 4095; 431
1361; 1200; 1102; 385; 364; 0; 1426; 1397; 475; 4095; 426
1360; 1201; 1097; 382; 364; 0; 1424; 1394; 474; 4095; 421
1357; 1200; 1104; 389; 358; 0; 1424; 1393; 466; 4095; 429
1360; 1199; 1104; 380; 365; 0; 1423; 1401; 467; 4095; 427
1360; 1201; 1106; 383; 364; 0; 1424; 1402; 469; 4095; 429
1360; 1202; 1101; 384; 358; 0; 1424; 1399; 464; 4095; 428
1359; 1200; 1106; 378; 362; 0; 1425; 1398; 467; 4095; 428
1358; 1202; 1104; 382; 357; 0; 1426; 1398; 469; 4095; 432
1356; 1200; 1102; 381; 363; 0; 1424; 1398; 467; 4095; 429
1353; 1201; 1104; 381; 367; 0; 1425; 1399; 467; 4095; 429
1358; 1201; 1100; 383; 359; 0; 1443; 1397; 464; 4095; 423
1359; 1203; 1105; 382; 361; 0; 1414; 1398; 465; 4095; 427
1359; 1201; 1101; 380; 364; 0; 1426; 1401; 467; 4095; 432
1351; 1200; 1104; 384; 359; 0; 1425; 1402; 466; 4095; 425
1358; 1200; 1104; 384; 365; 0; 1427; 1383; 465; 4095; 420
1355; 1201; 1104; 389; 363; 0; 1424; 1399; 465; 4095; 430
1360; 1200; 1102; 397; 365; 0; 1424; 1397; 463; 4095; 430
1355; 1201; 1103; 394; 357; 0; 1424; 1399; 453; 4095; 396
1347; 1207; 1104; 399; 357; 0; 1424; 1393; 473; 4095; 423
1351; 1201; 1099; 396; 365; 0; 1422; 1395; 466; 4095; 423
1353; 1201; 1092; 398; 363; 0; 1422; 1402; 464; 4095; 421
1349; 1200; 1093; 400; 358; 0; 1424; 1397; 464; 4095; 419
1350; 1175; 1088; 395; 357; 0; 1423; 1397; 464; 4095; 426
1349; 1197; 1089; 400; 363; 0; 1424; 1392; 467; 4095; 424
1349; 1195; 1138; 400; 359; 0; 1423; 1395; 467; 4095; 419
1347; 1190; 1085; 405; 357; 0; 1419; 1392; 473; 4095; 416
1348; 1187; 1088; 406; 361; 0; 1420; 1395; 471; 4095; 423
1344; 1186; 1085; 411; 365; 0; 1417; 1393; 464; 4095; 421
1348; 1187; 1088; 411; 361; 0; 1419; 1393; 471; 4095; 418
1347; 1179; 1083; 405; 356; 0; 1415; 1394; 475; 4095; 417
1345; 1178; 1086; 405; 354; 0; 1413; 1390; 466; 4095; 421
1345; 1171; 1087; 413; 349; 0; 1414; 1387; 469; 4095; 410
1343; 1171; 1079; 414; 349; 0; 1413; 1391; 474; 4095; 385
1344; 1168; 1091; 404; 352; 0; 1405; 1392; 467; 4095; 420
1345; 1167; 1083; 402; 345; 0; 1408; 1387; 469; 4095; 413
1345; 1164; 1078; 411; 342; 0; 1408; 1392; 475; 4095; 414
1344; 1164; 1081; 405; 347; 0; 1405; 1392; 476; 4095; 419
1344; 1165; 1073; 413; 345; 0; 1399; 1387; 468; 4095; 418
1345; 1161; 1078; 413; 341; 0; 1399; 1388; 467; 4095; 409
1344; 1157; 1074; 413; 341; 0; 1399; 1392; 471; 4095; 423
1342; 1153; 1072; 410; 337; 0; 1396; 1385; 476; 4095; 411
1342; 1154; 1069; 410; 342; 0; 1395; 1387; 479; 4095; 415
1351; 1154; 1072; 448; 337; 0; 1401; 1392; 475; 4095; 417
1349; 1141; 1073; 409; 342; 0; 1398; 1387; 467; 4095; 418
1347; 1160; 1072; 414; 341; 0; 1395; 1391; 478; 4095; 411
1347; 1149; 1073; 409; 339; 0; 1397; 1392; 469; 4095; 412
1347; 1150; 1070; 414; 339; 0; 1397; 1383; 475; 4095; 415
1349; 1149; 1073; 416; 339; 0; 1393; 1383; 477; 4095; 410
1351; 1147; 1072; 407; 339; 0; 1388; 1386; 473; 4095; 414
1355; 1143; 1072; 415; 338; 0; 1391; 1387; 479; 4095; 405
1354; 1150; 1072; 415; 337; 0; 1391; 1385; 469; 4095; 410
1350; 1145; 1074; 406; 336; 0; 1392; 1390; 471; 4095; 404
1353; 1141; 1069; 405; 336; 0; 1387; 1415; 470; 4095; 402
1351; 1146; 1069; 415; 336; 0; 1389; 1388; 471; 4095; 406
1351; 1148; 1069; 409; 337; 0; 1389; 1386; 455; 4095; 410
1350; 1141; 1060; 405; 338; 0; 1379; 1386; 475; 4095; 409
1348; 1141; 1069; 403; 335; 0; 1387; 1385; 467; 4095; 407
1357; 1140; 1071; 407; 339; 0; 1390; 1381; 473; 4095; 406
1350; 1142; 1072; 406; 341; 0; 1391; 1381; 471; 4095; 415
1350; 1146; 1069; 400; 341; 0; 1377; 1386; 465; 4095; 411
1349; 1151; 1069; 403; 340; 0; 1391; 1376; 471; 4095; 409
1351; 1150; 1065; 403; 342; 0; 1392; 1378; 465; 4095; 416
1349; 1149; 1065; 400; 344; 0; 1385; 1382; 468; 4095; 405
1349; 1157; 1072; 395; 336; 0; 1390; 1382; 469; 4095; 411
1350; 1162; 1078; 400; 339; 0; 1390; 1382; 468; 4095; 421
1351; 1160; 1073; 398; 342; 0; 1393; 1379; 500; 4095; 464
1341; 1167; 1079; 400; 339; 0; 1391; 1378; 464; 4095; 420
1347; 1168; 1072; 396; 346; 0; 1393; 1379; 464; 4095; 413
1350; 1170; 1077; 399; 342; 0; 1395; 1387; 468; 4095; 417
1356; 1171; 1078; 393; 342; 0; 1395; 1389; 468; 4095; 419
1358; 1182; 1088; 399; 340; 0; 1397; 1383; 464; 4095; 419
1360; 1184; 1094; 384; 342; 0; 1402; 1383; 469; 4095; 421
1355; 1191; 1088; 382; 339; 0; 1404; 1387; 467; 4095; 430
1359; 1191; 1089; 378; 341; 0; 1396; 1386; 464; 4095; 420
1359; 1196; 1101; 385; 340; 0; 1398; 1386; 464; 4095; 432
1361; 1199; 1089; 380; 337; 0; 1401; 1419; 464; 4095; 421
1341; 1200; 1087; 369; 346; 0; 1406; 1392; 464; 4095; 413
1361; 1200; 1091; 383; 342; 0; 1404; 1392; 457; 4095; 472
1359; 1201; 1097; 382; 342; 0; 1406; 1392; 462; 4095; 416
1360; 1200; 1093; 382; 345; 0; 1405; 1392; 467; 4095; 415
1363; 1201; 1099; 373; 339; 0; 1405; 1385; 464; 4095; 422
1363; 1185; 1102; 378; 341; 0; 1409; 1392; 466; 4095; 418
1360; 1206; 1097; 382; 338; 0; 1407; 1390; 464; 4095; 426
1360; 1210; 1098; 381; 343; 0; 1407; 1392; 466; 4095; 415
1361; 1213; 1091; 381; 349; 0; 1410; 1391; 466; 4095; 419
1362; 1212; 1087; 369; 346; 0; 1412; 1390; 464; 4095; 417
1363; 1210; 1093; 362; 346; 0; 1413; 1386; 464; 4095; 421
1363; 1213; 1097; 371; 368; 0; 1415; 1393; 455; 4095; 419
1363; 1210; 1090; 354; 350; 0; 1418; 1392; 454; 4095; 428
1360; 1215; 1095; 353; 353; 0; 1419; 1392; 458; 4095; 421
1359; 1213; 1102; 361; 358; 0; 1423; 1386; 458; 4095; 418
1361; 1217; 1097; 349; 355; 0; 1425; 1391; 449; 4095; 429
1360; 1215; 1094; 350; 359; 0; 1425; 1395; 448; 4095; 432
1360; 1222; 1099; 341; 359; 0; 1426; 1393; 451; 4095; 430
1358; 1222; 1094; 347; 358; 0; 1424; 1386; 450; 4095; 426
1357; 1217; 1103; 343; 356; 0; 1427; 1392; 449; 4095; 420
1357; 1220; 1104; 346; 357; 0; 1425; 1393; 449; 4095; 422
1355; 1220; 1104; 345; 355; 0; 1431; 1392; 446; 4095; 427
1353; 1216; 1097; 336; 355; 0; 1427; 1388; 439; 4095; 420
1360; 1211; 1104; 336; 360; 0; 1430; 1379; 449; 4095; 420
1353; 1209; 1104; 345; 355; 0; 1429; 1386; 441; 4095; 428
1347; 1211; 1098; 336; 355; 0; 1427; 1388; 450; 4095; 423
1351; 1210; 1102; 312; 350; 0; 1427; 1383; 447; 4095; 420
1350; 1207; 1099; 309; 352; 0; 1425; 1385; 448; 4095; 426
1347; 1201; 1104; 342; 349; 0; 1422; 1390; 446; 4095; 417
1349; 1202; 1101; 342; 349; 0; 1422; 1386; 446; 4095; 427
1351; 1206; 1102; 347; 348; 0; 1422; 1391; 447; 4095; 430
1349; 1202; 1098; 341; 343; 0; 1414; 1386; 443; 4095; 418
1348; 1199; 1103; 351; 343; 0; 1414; 1387; 445; 4095; 427
1355; 1200; 1104; 351; 342; 0; 1409; 1389; 444; 4095; 414
1351; 1200; 1097; 342; 339; 0; 1407; 1379; 443; 4095; 417
1346; 1200; 1104; 349; 341; 0; 1410; 1388; 450; 4095; 419
1349; 1196; 1103; 348; 338; 0; 1404; 1380; 445; 4095; 420
1350; 1192; 1099; 388; 340; 0; 1403; 1382; 451; 4095; 419
1354; 1193; 1099; 345; 336; 0; 1405; 1377; 485; 4095; 422
1354; 1217; 1093; 351; 336; 0; 1398; 1382; 446; 4095; 464
1353; 1197; 1093; 337; 333; 0; 1394; 1384; 448; 4095; 413
1354; 1194; 1092; 342; 334; 0; 1398; 1380; 444; 4095; 417
1351; 1188; 1098; 347; 334; 0; 1392; 1373; 454; 4095; 416
1346; 1190; 1095; 345; 334; 0; 1393; 1376; 450; 4095; 415
1351; 1191; 1094; 343; 333; 0; 1392; 1369; 448; 4095; 419
1350; 1195; 1092; 344; 330; 0; 1391; 1375; 443; 4095; 417
1350; 1188; 1094; 349; 335; 0; 1392; 1373; 448; 4095; 407
1351; 1193; 1095; 348; 332; 0; 1392; 1369; 445; 4095; 414
1352; 1189; 1091; 338; 329; 0; 1383; 1374; 449; 4095; 415
1351; 1190; 1091; 346; 329; 0; 1391; 1375; 448; 4095; 410
1351; 1197; 1090; 352; 331; 0; 1392; 1368; 451; 4095; 408
1351; 1195; 1094; 351; 336; 0; 1391; 1375; 448; 4095; 412
1348; 1193; 1091; 351; 333; 0; 1395; 1377; 450; 4095; 416
1348; 1200; 1090; 358; 334; 0; 1394; 1377; 447; 4095; 419
1346; 1197; 1089; 356; 336; 0; 1425; 1375; 446; 4095; 410
1341; 1197; 1085; 359; 317; 14; 1394; 1377; 447; 4095; 407
1345; 1197; 1091; 355; 336; 0; 1399; 1372; 451; 4095; 406
1343; 1200; 1089; 364; 338; 0; 1395; 1373; 449; 4095; 414
1342; 1195; 1094; 353; 336; 0; 1399; 1377; 446; 4095; 419
1347; 1200; 1078; 355; 336; 0; 1399; 1341; 453; 4095; 410
1353; 1199; 1086; 357; 336; 0; 1397; 1370; 431; 4095; 385
1344; 1200; 1079; 362; 335; 0; 1401; 1374; 453; 4095; 394
1343; 1200; 1087; 361; 336; 0; 1396; 1369; 445; 4095; 412
1343; 1204; 1082; 354; 336; 0; 1400; 1372; 448; 4095; 408
1345; 1200; 1083; 353; 336; 0; 1401; 1377; 454; 4095; 414
1345; 1201; 1085; 351; 333; 0; 1399; 1366; 451; 4095; 419
1343; 1207; 1086; 357; 335; 0; 1399; 1371; 448; 4095; 422
1345; 1202; 1080; 359; 337; 0; 1403; 1373; 453; 4095; 415
1345; 1213; 1088; 359; 336; 0; 1403; 1370; 448; 4095; 415
1344; 1206; 1089; 355; 333; 0; 1399; 1357; 448; 4095; 413
1347; 1211; 1089; 367; 303; 0; 1398; 1367; 448; 4095; 417
1346; 1207; 1088; 336; 329; 0; 1401; 1371; 459; 4095; 419
1343; 1213; 1087; 357; 333; 0; 1398; 1374; 455; 4095; 436
1346; 1215; 1088; 367; 331; 0; 1399; 1366; 454; 4095; 414
1343; 1214; 1078; 368; 336; 0; 1405; 1363; 449; 4095; 413
1344; 1210; 1076; 370; 336; 0; 1402; 1369; 452; 4095; 418
1346; 1210; 1088; 369; 336; 0; 1398; 1365; 449; 4095; 418
1344; 1214; 1074; 375; 335; 0; 1405; 1366; 449; 4095; 417
1344; 1211; 1077; 368; 336; 0; 1399; 1367; 452; 4095; 417
1345; 1210; 1083; 374; 336; 0; 1401; 1369; 461; 4095; 409
1345; 1211; 1078; 379; 338; 0; 1403; 1338; 461; 4095; 412
1346; 1212; 1078; 378; 336; 0; 1406; 1374; 458; 4095; 412
1362; 1207; 1073; 371; 336; 0; 1403; 1366; 456; 4095; 412
1342; 1205; 1071; 368; 332; 0; 1398; 1365; 461; 4095; 464
1338; 1209; 1076; 370; 336; 0; 1408; 1370; 459; 4095; 414
1343; 1209; 1072; 366; 337; 0; 1403; 1363; 452; 4095; 416
1339; 1205; 1071; 365; 339; 0; 1402; 1367; 458; 4095; 411
1341; 1204; 1081; 365; 336; 0; 1407; 1366; 461; 4095; 416
1338; 1207; 1071; 372; 336; 0; 1408; 1371; 455; 4095; 414
1338; 1201; 1073; 370; 336; 0; 1403; 1364; 455; 4095; 421
1334; 1200; 1057; 368; 338; 0; 1402; 1363; 461; 4095; 413
1334; 1201; 1087; 375; 336; 0; 1403; 1363; 458; 4095; 417
1338; 1200; 1074; 369; 338; 0; 1401; 1362; 457; 4095; 409
1338; 1200; 1063; 372; 340; 0; 1406; 1370; 458; 4095; 400
1332; 1201; 1063; 371; 335; 0; 1395; 1367; 459; 4095; 421
1335; 1199; 1072; 382; 338; 0; 1407; 1367; 455; 4095; 412
1329; 1195; 1069; 381; 338; 0; 1406; 1360; 461; 4095; 415
1330; 1194; 1062; 375; 337; 0; 1403; 1363; 459; 4095; 407
1329; 1194; 1066; 383; 337; 0; 1401; 1361; 460; 4095; 405
1330; 1190; 1065; 368; 347; 0; 1406; 1366; 461; 4095; 407
1330; 1187; 1062; 382; 334; 0; 1398; 1358; 449; 4095; 411
1329; 1184; 1056; 383; 336; 0; 1398; 1361; 462; 4095; 413
1328; 1184; 1055; 386; 335; 0; 1401; 1357; 464; 4095; 411
1330; 1179; 1058; 384; 336; 0; 1399; 1360; 455; 4095; 409
1327; 1179; 1054; 388; 335; 0; 1395; 1359; 459; 4095; 413
1326; 1172; 1055; 395; 333; 0; 1392; 1360; 464; 4095; 413
1328; 1178; 1057; 383; 336; 0; 1392; 1357; 464; 4095; 403
1328; 1175; 1055; 385; 336; 0; 1393; 1360; 460; 4095; 409
1325; 1168; 1052; 383; 327; 0; 1390; 1356; 458; 4095; 415
1323; 1168; 1056; 394; 335; 0; 1395; 1360; 464; 4095; 404
1327; 1170; 1057; 384; 327; 0; 1392; 1358; 458; 4095; 407
1326; 1168; 1049; 387; 327; 0; 1387; 1356; 464; 4095; 405
1327; 1168; 1008; 394; 333; 0; 1392; 1360; 463; 4095; 400
1328; 1165; 1055; 398; 327; 0; 1389; 1360; 459; 4095; 399
1327; 1163; 1045; 399; 306; 0; 1389; 1357; 454; 4095; 407
1324; 1161; 1056; 398; 336; 0; 1385; 1354; 464; 4095; 419
1328; 1159; 1044; 400; 326; 0; 1381; 1357; 454; 4095; 375
1329; 1157; 1055; 393; 331; 0; 1383; 1360; 464; 4095; 400
1327; 1156; 1041; 390; 325; 0; 1378; 1353; 464; 4095; 401
1328; 1155; 1045; 391; 323; 0; 1377; 1354; 459; 4095; 400
1327; 1163; 1041; 397; 320; 0; 1375; 1354; 453; 4095; 398
1327; 1154; 1041; 394; 323; 0; 1373; 1349; 462; 4095; 401
1329; 1156; 1039; 389; 320; 0; 1368; 1349; 464; 4095; 398
1328; 1150; 1031; 386; 320; 0; 1371; 1346; 459; 4095; 399
1329; 1155; 1038; 391; 319; 0; 1371; 1350; 458; 4095; 400
1328; 1153; 1040; 390; 318; 0; 1365; 1354; 463; 4095; 404
1328; 1153; 1040; 393; 320; 0; 1364; 1354; 461; 4095; 400
1328; 1150; 1039; 384; 318; 0; 1365; 1347; 464; 4095; 367
1328; 1151; 1041; 386; 319; 0; 1367; 1350; 461; 4095; 400
1328; 1152; 1038; 395; 317; 0; 1366; 1344; 463; 4095; 405
1327; 1157; 1037; 393; 317; 0; 1372; 1353; 459; 4095; 397
1327; 1153; 1034; 385; 324; 0; 1370; 1348; 464; 4095; 399
1327; 1157; 1040; 395; 322; 0; 1371; 1346; 464; 4095; 400
1323; 1157; 1040; 397; 324; 0; 1366; 1345; 455; 4095; 396
1327; 1163; 1042; 386; 326; 0; 1377; 1350; 464; 4095; 403
1326; 1162; 1090; 386; 327; 0; 1373; 1313; 464; 4095; 403
1328; 1159; 1040; 396; 323; 0; 1380; 1350; 464; 4095; 401
1323; 1161; 1039; 390; 327; 0; 1376; 1349; 448; 4095; 406
1327; 1168; 1040; 397; 331; 0; 1382; 1344; 441; 4095; 400
1319; 1161; 1039; 387; 331; 0; 1380; 1344; 462; 4095; 405
1325; 1168; 1040; 400; 325; 0; 1383; 1351; 460; 4095; 404
1322; 1165; 1043; 400; 330; 0; 1384; 1345; 463; 4095; 405
1319; 1168; 1043; 400; 327; 0; 1381; 1349; 461; 4095; 401
1319; 1168; 1039; 400; 331; 0; 1389; 1354; 458; 4095; 400
1323; 1167; 1042; 401; 327; 0; 1391; 1351; 457; 4095; 402
1321; 1171; 1043; 400; 327; 0; 1391; 1349; 463; 4095; 405
1318; 1168; 1041; 400; 323; 0; 1391; 1350; 461; 4095; 409
1323; 1163; 1040; 397; 327; 0; 1391; 1354; 463; 4095; 402
1323; 1168; 1040; 402; 326; 0; 1389; 1344; 464; 4095; 416
1313; 1167; 1040; 401; 329; 0; 1388; 1345; 464; 4095; 415
1318; 1168; 1046; 398; 325; 0; 1391; 1350; 454; 4095; 402
1318; 1167; 1043; 394; 333; 0; 1392; 1347; 464; 4095; 409
1324; 1181; 1041; 388; 321; 0; 1390; 1350; 461; 4095; 405
1323; 1178; 1047; 378; 325; 0; 1392; 1344; 464; 4095; 411
1322; 1181; 1051; 375; 329; 0; 1381; 1349; 465; 4095; 405
1328; 1179; 1051; 384; 320; 0; 1387; 1349; 461; 4095; 402
1328; 1180; 1060; 377; 321; 0; 1379; 1349; 460; 4095; 410
1328; 1174; 1062; 383; 320; 0; 1380; 1349; 467; 4095; 403
1328; 1166; 1051; 375; 313; 0; 1371; 1364; 462; 4095; 407
1330; 1162; 1054; 374; 317; 0; 1374; 1349; 462; 4095; 379
1309; 1158; 1059; 378; 313; 0; 1377; 1353; 461; 4095; 405
1333; 1166; 1050; 377; 315; 0; 1376; 1344; 464; 4095; 405
1331; 1163; 1054; 368; 320; 0; 1377; 1348; 460; 4095; 400
1334; 1167; 1050; 366; 318; 0; 1378; 1349; 459; 4095; 406
1330; 1145; 1043; 372; 320; 0; 1381; 1357; 459; 4095; 406
1333; 1181; 1040; 367; 319; 0; 1383; 1350; 464; 4095; 403
1334; 1188; 1043; 371; 330; 0; 1383; 1345; 458; 4095; 401
1331; 1190; 1034; 368; 322; 0; 1385; 1346; 463; 4095; 405
1327; 1197; 1037; 375; 332; 0; 1386; 1342; 457; 4095; 404
1326; 1207; 1031; 374; 357; 0; 1387; 1335; 464; 4095; 408
1318; 1214; 1032; 368; 336; 0; 1382; 1334; 463; 4095; 410
1317; 1215; 1030; 368; 334; 0; 1387; 1337; 459; 4095; 404
1314; 1227; 1028; 378; 332; 0; 1390; 1334; 464; 4095; 415
1307; 1231; 1034; 378; 335; 0; 1392; 1331; 455; 4095; 414
1302; 1232; 1018; 373; 332; 0; 1392; 1328; 454; 4095; 405
1298; 1233; 1018; 378; 335; 0; 1395; 1327; 461; 4095; 409
1296; 1235; 1018; 375; 332; 0; 1391; 1335; 461; 4095; 417
1295; 1242; 1019; 379; 336; 0; 1392; 1329; 465; 4095; 419
1292; 1236; 1011; 384; 335; 0; 1392; 1328; 463; 4095; 415
1291; 1238; 1072; 382; 336; 0; 1393; 1335; 462; 4095; 410
1289; 1236; 1014; 385; 329; 0; 1396; 1328; 459; 4095; 410
1287; 1241; 1017; 386; 310; 0; 1397; 1326; 454; 4095; 409
1283; 1235; 1020; 394; 335; 0; 1397; 1328; 444; 4095; 393
1290; 1233; 1013; 390; 338; 0; 1397; 1329; 464; 4095; 409
1283; 1233; 1017; 383; 336; 0; 1397; 1324; 458; 4095; 417
1286; 1233; 1015; 389; 335; 0; 1397; 1329; 458; 4095; 410
1283; 1235; 1018; 387; 333; 0; 1421; 1328; 464; 4095; 411
1282; 1232; 1008; 378; 336; 0; 1397; 1328; 457; 4095; 412
1289; 1233; 1015; 379; 332; 0; 1402; 1326; 463; 4095; 417
1290; 1236; 1022; 382; 336; 0; 1397; 1328; 463; 4095; 416
1286; 1232; 1014; 383; 336; 0; 1404; 1325; 462; 4095; 415
1288; 1233; 1022; 390; 327; 0; 1401; 1334; 459; 4095; 413
1283; 1235; 1020; 385; 332; 0; 1401; 1328; 448; 4095; 422
1294; 1233; 1030; 384; 331; 0; 1404; 1326; 461; 4095; 413
1292; 1232; 1030; 382; 333; 0; 1408; 1333; 462; 4095; 416
1295; 1231; 1021; 379; 331; 0; 1402; 1331; 458; 4095; 415
1293; 1232; 1034; 380; 333; 0; 1401; 1329; 459; 4095; 416
1294; 1231; 1030; 378; 336; 0; 1411; 1333; 455; 4095; 411
1297; 1232; 1035; 373; 336; 0; 1406; 1334; 463; 4095; 414
1296; 1232; 1039; 373; 327; 0; 1405; 1328; 461; 4095; 412
1299; 1230; 1038; 373; 335; 0; 1403; 1334; 459; 4095; 415
1301; 1229; 1041; 379; 330; 0; 1406; 1331; 463; 4095; 410
1303; 1219; 1034; 381; 303; 0; 1399; 1332; 459; 4095; 414
1305; 1222; 1040; 377; 334; 0; 1397; 1336; 479; 4095; 450
1301; 1219; 1035; 374; 327; 0; 1405; 1330; 462; 4095; 416
1306; 1216; 1035; 368; 325; 0; 1397; 1337; 460; 4095; 407
1309; 1214; 1030; 368; 323; 0; 1395; 1334; 459; 4095; 413
1307; 1207; 1038; 368; 325; 0; 1392; 1335; 453; 4095; 409
1310; 1206; 1038; 367; 325; 0; 1392; 1340; 458; 4095; 405
1309; 1210; 1040; 372; 327; 0; 1391; 1341; 458; 4095; 413
1312; 1207; 1039; 372; 323; 0; 1391; 1339; 459; 4095; 402
1314; 1200; 1040; 368; 327; 0; 1392; 1337; 464; 4095; 410
1315; 1200; 1039; 378; 321; 0; 1390; 1337; 463; 4095; 410
1312; 1200; 1037; 368; 291; 0; 1390; 1344; 459; 4095; 401
1307; 1199; 1040; 378; 318; 0; 1391; 1340; 455; 4095; 401
1314; 1194; 1043; 373; 319; 0; 1391; 1339; 465; 4095; 410
1313; 1194; 1040; 384; 324; 0; 1390; 1337; 459; 4095; 410
1315; 1199; 1031; 377; 330; 0; 1391; 1333; 464; 4095; 407
1313; 1194; 1040; 371; 323; 0; 1387; 1337; 458; 4095; 400
1317; 1191; 1038; 382; 320; 0; 1392; 1339; 459; 4095; 415
1317; 1191; 1040; 375; 319; 0; 1386; 1334; 462; 4095; 410
1321; 1185; 1037; 387; 320; 0; 1385; 1339; 463; 4095; 403
1321; 1193; 1090; 382; 315; 0; 1386; 1338; 459; 4095; 402
1315; 1191; 1040; 380; 322; 0; 1383; 1338; 458; 4095; 405
1319; 1194; 1036; 386; 322; 0; 1387; 1339; 459; 4095; 403
1317; 1189; 1039; 381; 313; 0; 1383; 1338; 464; 4095; 436
1316; 1194; 1034; 386; 311; 0; 1386; 1335; 457; 4095; 400
1324; 1186; 1043; 391; 314; 0; 1383; 1341; 456; 4095; 400
1322; 1189; 1035; 385; 313; 0; 1382; 1343; 466; 4095; 407
1319; 1178; 1042; 384; 317; 0; 1378; 1343; 461; 4095; 407
1323; 1182; 1045; 377; 311; 0; 1383; 1343; 464; 4095; 404
1323; 1181; 1036; 374; 319; 0; 1379; 1336; 464; 4095; 407
1325; 1178; 1043; 368; 314; 0; 1387; 1338; 462; 4095; 400
1326; 1180; 1039; 368; 313; 0; 1376; 1339; 461; 4095; 402
1326; 1173; 1101; 369; 311; 0; 1379; 1337; 461; 4095; 404
1325; 1178; 1041; 368; 312; 0; 1383; 1338; 455; 4095; 401
1325; 1172; 1045; 355; 316; 0; 1378; 1339; 463; 4095; 409
1328; 1170; 1043; 368; 311; 0; 1383; 1341; 458; 4095; 418
1327; 1175; 1040; 356; 307; 0; 1377; 1339; 463; 4095; 401
1327; 1173; 1042; 365; 310; 0; 1380; 1332; 453; 4095; 402
1328; 1175; 1054; 362; 306; 0; 1379; 1341; 465; 4095; 411
1329; 1175; 1043; 368; 313; 0; 1386; 1342; 458; 4095; 400
1328; 1175; 1041; 368; 318; 0; 1385; 1342; 464; 4095; 401
1328; 1179; 1046; 368; 309; 0; 1387; 1339; 455; 4095; 405
1326; 1175; 1042; 371; 317; 0; 1387; 1333; 463; 4095; 401
1328; 1174; 1042; 376; 314; 0; 1381; 1333; 462; 4095; 400
1327; 1176; 1040; 375; 315; 0; 1386; 1337; 461; 4095; 400
1328; 1171; 1041; 406; 315; 0; 1381; 1338; 462; 4095; 401
1326; 1177; 1022; 385; 320; 0; 1387; 1332; 493; 4095; 401
1321; 1171; 1034; 384; 313; 0; 1380; 1334; 458; 4095; 406
1321; 1169; 1021; 378; 310; 0; 1380; 1328; 457; 4095; 400
1323; 1168; 1040; 377; 310; 0; 1380; 1328; 464; 4095; 414
1319; 1171; 1012; 374; 311; 0; 1377; 1330; 463; 4095; 405
1316; 1168; 1021; 379; 314; 0; 1375; 1333; 464; 4095; 398
1323; 1170; 1018; 375; 311; 0; 1377; 1328; 462; 4095; 397
1319; 1169; 1044; 386; 315; 0; 1381; 1333; 466; 4095; 394
1317; 1167; 1015; 384; 309; 0; 1376; 1328; 464; 4095; 397
1316; 1168; 1010; 407; 304; 0; 1375; 1328; 463; 4095; 400
1318; 1167; 1010; 377; 308; 0; 1376; 1331; 464; 4095; 396
1313; 1168; 1015; 379; 313; 0; 1373; 1328; 464; 4095; 400
1315; 1168; 1010; 374; 313; 0; 1374; 1335; 464; 4095; 406
1315; 1167; 1013; 373; 317; 0; 1375; 1329; 464; 4095; 398
1313; 1168; 1018; 375; 315; 0; 1375; 1328; 459; 4095; 412
1313; 1171; 1019; 383; 317; 0; 1374; 1331; 455; 4095; 403
1309; 1171; 1009; 380; 315; 0; 1378; 1328; 461; 4095; 397
1311; 1175; 1013; 383; 322; 0; 1383; 1329; 464; 4095; 416
1309; 1173; 1037; 383; 318; 0; 1384; 1333; 464; 4095; 407
1310; 1184; 1037; 377; 326; 0; 1389; 1332; 462; 4095; 415
1306; 1183; 1027; 382; 322; 0; 1381; 1329; 458; 4095; 402
1302; 1183; 1018; 378; 326; 0; 1389; 1328; 422; 4095; 401
1307; 1183; 1028; 383; 322; 0; 1388; 1329; 462; 4095; 414
1308; 1185; 1022; 374; 324; 0; 1386; 1329; 460; 4095; 405
1305; 1185; 1021; 381; 320; 0; 1391; 1328; 460; 4095; 409
1301; 1184; 1019; 384; 320; 0; 1388; 1330; 464; 4095; 411
1303; 1181; 1011; 388; 320; 0; 1391; 1298; 464; 4095; 414
1303; 1179; 1027; 386; 315; 0; 1392; 1328; 464; 4095; 403
1301; 1178; 1019; 390; 319; 0; 1383; 1329; 464; 4095; 416
1299; 1175; 1033; 389; 310; 0; 1386; 1330; 463; 4095; 413
1306; 1170; 1014; 388; 316; 0; 1383; 1330; 464; 4095; 405
1303; 1168; 1029; 365; 309; 0; 1379; 1328; 462; 4095; 402
1299; 1168; 1015; 389; 306; 0; 1372; 1328; 461; 4095; 391
1303; 1163; 1023; 400; 304; 0; 1369; 1330; 462; 4095; 403
1305; 1155; 1023; 391; 306; 0; 1365; 1328; 462; 4095; 414
1303; 1152; 1019; 398; 302; 0; 1361; 1330; 464; 4095; 407
1301; 1151; 1019; 390; 303; 0; 1360; 1322; 459; 4095; 400
1305; 1141; 1031; 384; 295; 0; 1359; 1324; 461; 4095; 397
1307; 1137; 1021; 384; 303; 16; 1358; 1328; 464; 4095; 405
1310; 1136; 1030; 384; 293; 0; 1350; 1323; 463; 4095; 411
1310; 1134; 1019; 382; 295; 0; 1347; 1327; 461; 4095; 400
1309; 1131; 1022; 379; 294; 0; 1351; 1307; 465; 4095; 406
1306; 1130; 1018; 382; 295; 0; 1346; 1324; 461; 4095; 403
1311; 1131; 1022; 407; 295; 0; 1343; 1325; 455; 4095; 391
1307; 1121; 1029; 371; 288; 0; 1347; 1321; 457; 4095; 400
1313; 1123; 1034; 373; 289; 0; 1342; 1322; 461; 4095; 401
1311; 1124; 1021; 370; 290; 0; 1341; 1319; 463; 4095; 401
1313; 1121; 1034; 369; 285; 0; 1341; 1325; 466; 4095; 400
1314; 1120; 1029; 363; 290; 0; 1334; 1299; 455; 4095; 400
1309; 1122; 1023; 363; 284; 0; 1331; 1319; 457; 4095; 397
1313; 1120; 1032; 362; 287; 0; 1334; 1322; 459; 4095; 400
1311; 1121; 1037; 362; 287; 0; 1328; 1318; 461; 4095; 400
1314; 1119; 1040; 362; 288; 0; 1331; 1317; 460; 4095; 400
1312; 1120; 1028; 370; 287; 0; 1333; 1325; 453; 4095; 398
1315; 1118; 1033; 400; 291; 0; 1332; 1317; 453; 4095; 406
1313; 1121; 1037; 364; 289; 0; 1335; 1321; 452; 4095; 400
1313; 1119; 1036; 368; 291; 0; 1337; 1323; 453; 4095; 400
1312; 1123; 1037; 365; 293; 0; 1337; 1326; 461; 4095; 406
1311; 1123; 1033; 369; 292; 0; 1334; 1319; 455; 4095; 398
1312; 1123; 1040; 365; 290; 0; 1343; 1317; 460; 4095; 401
1312; 1129; 1028; 369; 294; 0; 1344; 1317; 451; 4095; 401
1311; 1125; 1037; 368; 303; 0; 1341; 1315; 457; 4095; 410
1306; 1134; 1032; 370; 298; 0; 1344; 1314; 464; 4095; 407
1312; 1124; 1019; 373; 300; 0; 1346; 1350; 454; 4095; 406
1309; 1131; 1034; 371; 298; 0; 1345; 1317; 459; 4095; 402
1310; 1133; 1029; 374; 298; 0; 1343; 1322; 464; 4095; 405
1303; 1127; 1031; 368; 293; 0; 1333; 1317; 451; 4095; 405
1305; 1133; 1029; 372; 297; 0; 1344; 1322; 456; 4095; 400
1308; 1128; 1015; 371; 300; 0; 1341; 1315; 454; 4095; 404
1309; 1133; 1037; 381; 296; 0; 1342; 1345; 455; 4095; 399
1310; 1130; 1018; 381; 294; 0; 1345; 1318; 455; 4095; 405
1305; 1134; 1031; 373; 297; 0; 1344; 1318; 464; 4095; 400
1307; 1133; 1023; 372; 304; 0; 1345; 1317; 457; 4095; 406
1301; 1136; 1083; 368; 296; 0; 1344; 1322; 458; 4095; 401
1303; 1133; 1021; 372; 301; 0; 1347; 1313; 461; 4095; 400
1306; 1134; 1019; 368; 303; 0; 1349; 1323; 461; 4095; 400
1302; 1136; 1039; 368; 303; 0; 1358; 1323; 455; 4095; 406
1301; 1136; 1034; 368; 304; 0; 1358; 1323; 451; 4095; 400
1301; 1137; 1038; 365; 301; 0; 1360; 1322; 464; 4095; 410
1297; 1137; 1040; 368; 304; 0; 1360; 1321; 454; 4095; 409
1303; 1149; 1040; 368; 304; 0; 1362; 1324; 461; 4095; 405
1301; 1150; 1038; 366; 307; 0; 1360; 1321; 449; 4095; 410
1301; 1152; 1035; 365; 304; 0; 1370; 1319; 459; 4095; 406
1296; 1152; 1038; 369; 304; 0; 1370; 1323; 454; 4095; 406
1296; 1151; 1042; 368; 299; 0; 1363; 1313; 458; 4095; 408
1297; 1151; 1042; 373; 304; 0; 1365; 1313; 459; 4095; 415
1299; 1150; 1044; 358; 303; 0; 1367; 1318; 450; 4095; 411
1297; 1167; 1040; 368; 301; 0; 1362; 1317; 455; 4095; 413
1296; 1158; 1041; 370; 300; 0; 1366; 1314; 452; 4095; 410
1299; 1157; 1049; 363; 301; 0; 1361; 1318; 460; 4095; 411
1297; 1159; 1040; 368; 301; 0; 1363; 1322; 454; 4095; 413
1297; 1163; 1040; 366; 304; 0; 1362; 1316; 457; 4095; 411
1305; 1165; 1043; 368; 298; 0; 1365; 1318; 448; 4095; 407
1297; 1168; 1040; 369; 299; 0; 1359; 1319; 458; 4095; 406
1312; 1166; 1041; 370; 297; 0; 1360; 1316; 454; 4095; 411
1307; 1168; 1008; 368; 295; 0; 1358; 1319; 452; 4095; 411
1306; 1163; 1040; 371; 291; 0; 1359; 1326; 453; 4095; 401
1306; 1168; 1035; 339; 293; 0; 1355; 1312; 460; 4095; 405
1306; 1167; 1035; 373; 290; 0; 1350; 1315; 497; 4095; 433
1310; 1141; 1034; 367; 289; 0; 1347; 1315; 453; 4095; 400
1311; 1161; 1035; 369; 286; 0; 1346; 1309; 462; 4095; 400
1306; 1155; 1034; 368; 288; 0; 1342; 1314; 454; 4095; 401
1307; 1151; 1021; 366; 285; 0; 1341; 1307; 459; 4095; 405
1303; 1146; 1018; 357; 284; 0; 1338; 1310; 458; 4095; 397
1306; 1143; 1021; 367; 311; 16; 1331; 1302; 451; 4095; 394
1305; 1143; 1019; 363; 275; 0; 1328; 1311; 454; 4095; 400
1307; 1136; 1015; 368; 275; 0; 1324; 1309; 454; 4095; 389
1305; 1135; 1007; 361; 274; 0; 1317; 1305; 458; 4095; 393
1301; 1127; 1013; 368; 274; 0; 1317; 1305; 459; 4095; 386
1300; 1097; 1008; 373; 272; 0; 1315; 1306; 461; 4095; 386
1298; 1110; 1007; 373; 272; 0; 1317; 1299; 462; 4095; 385
1299; 1109; 997; 373; 271; 0; 1307; 1296; 461; 4095; 384
1296; 1104; 992; 368; 273; 0; 1310; 1296; 460; 4095; 386
1293; 1099; 992; 371; 273; 0; 1303; 1295; 464; 4095; 382
1293; 1094; 982; 368; 272; 0; 1307; 1293; 459; 4095; 383
1284; 1087; 977; 381; 273; 0; 1303; 1290; 455; 4095; 386
1287; 1086; 978; 377; 272; 0; 1299; 1290; 460; 4095; 380
1286; 1077; 967; 368; 271; 0; 1296; 1283; 459; 4095; 373
1280; 1074; 977; 376; 272; 0; 1296; 1282; 455; 4095; 379
1277; 1072; 972; 373; 274; 0; 1296; 1279; 455; 4095; 380
1274; 1071; 976; 371; 273; 0; 1295; 1283; 461; 4095; 334
1273; 1073; 966; 368; 272; 0; 1295; 1281; 454; 4095; 381
1276; 1063; 972; 374; 273; 0; 1296; 1277; 458; 4095; 379
1271; 1066; 961; 370; 275; 0; 1295; 1279; 455; 4095; 383
1269; 1065; 966; 371; 277; 0; 1294; 1278; 452; 4095; 382
1271; 1066; 962; 374; 282; 0; 1296; 1262; 459; 4095; 386
1270; 1067; 969; 371; 276; 0; 1296; 1280; 458; 4095; 387
1266; 1070; 961; 375; 277; 0; 1299; 1278; 460; 4095; 380
1267; 1069; 966; 365; 282; 0; 1303; 1289; 454; 4095; 387
1269; 1073; 971; 374; 280; 0; 1307; 1279; 451; 4095; 385
1266; 1072; 974; 416; 282; 0; 1312; 1281; 458; 4095; 385
1265; 1071; 977; 379; 281; 0; 1307; 1287; 455; 4095; 398
1267; 1057; 985; 377; 287; 0; 1315; 1280; 457; 4095; 391
1266; 1075; 989; 385; 285; 0; 1322; 1284; 457; 4095; 392
1267; 1083; 981; 375; 283; 0; 1320; 1282; 449; 4095; 400
1269; 1084; 983; 384; 288; 0; 1322; 1282; 452; 4095; 400
1269; 1083; 989; 384; 287; 0; 1328; 1287; 458; 4095; 389
1264; 1088; 994; 378; 286; 0; 1328; 1290; 459; 4095; 396
1270; 1086; 989; 371; 277; 0; 1327; 1285; 455; 4095; 398
1267; 1089; 999; 379; 282; 0; 1329; 1295; 461; 4095; 399
1270; 1091; 997; 381; 285; 0; 1330; 1287; 452; 4095; 400
1269; 1097; 994; 379; 288; 0; 1328; 1287; 455; 4095; 397
1273; 1099; 1005; 378; 284; 0; 1335; 1296; 449; 4095; 390
1273; 1098; 1006; 369; 285; 0; 1339; 1296; 455; 4095; 360
1274; 1101; 1008; 374; 285; 0; 1338; 1287; 451; 4095; 401
1273; 1101; 1008; 377; 290; 0; 1339; 1296; 457; 4095; 399
1277; 1104; 1008; 377; 288; 0; 1339; 1296; 458; 4095; 402
1273; 1103; 1008; 377; 280; 0; 1344; 1295; 461; 4095; 400
1275; 1104; 1014; 377; 288; 0; 1338; 1296; 460; 4095; 403
1278; 1099; 1012; 375; 286; 0; 1344; 1295; 453; 4095; 382
1275; 1102; 1017; 374; 279; 0; 1339; 1296; 457; 4095; 395
1282; 1100; 1019; 375; 285; 0; 1338; 1294; 457; 4095; 398
1283; 1095; 1023; 380; 283; 0; 1331; 1301; 458; 4095; 387
1281; 1093; 1012; 373; 272; 0; 1330; 1296; 454; 4095; 398
1286; 1086; 1013; 378; 277; 0; 1330; 1297; 459; 4095; 391
1287; 1088; 1019; 369; 278; 0; 1327; 1296; 455; 4095; 393
1293; 1088; 1015; 378; 270; 0; 1326; 1296; 453; 4095; 398
1293; 1078; 1014; 370; 272; 0; 1324; 1295; 449; 4095; 389
1294; 1083; 1013; 371; 277; 0; 1325; 1296; 459; 4095; 390
1297; 1078; 1014; 377; 275; 0; 1317; 1297; 458; 4095; 398
1298; 1077; 1017; 369; 269; 0; 1322; 1296; 461; 4095; 393
1298; 1078; 1023; 368; 276; 0; 1316; 1298; 450; 4095; 390
1297; 1076; 1022; 366; 272; 0; 1319; 1296; 458; 4095; 391
1301; 1072; 1033; 369; 271; 0; 1319; 1300; 459; 4095; 395
1299; 1073; 1019; 369; 270; 0; 1301; 1301; 455; 4095; 398
1300; 1063; 1017; 368; 273; 0; 1319; 1299; 453; 4095; 401
1301; 1079; 1023; 367; 272; 0; 1318; 1301; 455; 4095; 396
1306; 1080; 1033; 366; 272; 0; 1321; 1298; 454; 4095; 396
1312; 1079; 1029; 361; 271; 0; 1315; 1302; 459; 4095; 398
1310; 1076; 1031; 366; 272; 0; 1314; 1309; 450; 4095; 395
1311; 1078; 1028; 358; 266; 0; 1313; 1301; 450; 4095; 389
1312; 1075; 1030; 357; 268; 0; 1310; 1300; 453; 4095; 386
1314; 1077; 1030; 368; 263; 0; 1303; 1302; 449; 4095; 386
1315; 1072; 1015; 355; 258; 0; 1300; 1301; 449; 4095; 395
1321; 1071; 1013; 361; 262; 0; 1296; 1296; 458; 4095; 386
1323; 1038; 1019; 337; 258; 0; 1293; 1296; 450; 4095; 377
1327; 1068; 1013; 362; 261; 0; 1293; 1297; 462; 4095; 381
1319; 1065; 1005; 358; 250; 0; 1292; 1296; 451; 4095; 378
1325; 1063; 1011; 350; 261; 0; 1287; 1296; 456; 4095; 385
1322; 1065; 1003; 351; 258; 0; 1287; 1287; 453; 4095; 380
1321; 1060; 1000; 362; 265; 0; 1292; 1295; 449; 4095; 382
1322; 1065; 990; 355; 270; 0; 1289; 1295; 443; 4095; 378
1315; 1070; 989; 353; 263; 0; 1293; 1287; 465; 4095; 388
1313; 1069; 983; 359; 268; 0; 1296; 1285; 450; 4095; 375
1312; 1072; 975; 363; 271; 0; 1296; 1282; 459; 4095; 379
1309; 1072; 978; 349; 270; 0; 1293; 1286; 458; 4095; 384
1301; 1071; 977; 367; 275; 0; 1294; 1283; 447; 4095; 349
1294; 1072; 967; 364; 273; 0; 1295; 1278; 457; 4095; 374
1294; 1078; 966; 368; 272; 0; 1295; 1270; 451; 4095; 382
1294; 1075; 966; 368; 277; 0; 1296; 1271; 452; 4095; 376
1280; 1074; 962; 373; 278; 0; 1295; 1265; 453; 4095; 383
1284; 1074; 957; 370; 275; 0; 1289; 1258; 453; 4095; 375
1273; 1077; 955; 380; 272; 0; 1291; 1267; 455; 4095; 375
1275; 1083; 951; 374; 273; 0; 1294; 1266; 463; 4095; 363
1274; 1079; 938; 375; 277; 0; 1291; 1270; 455; 4095; 384
1275; 1078; 957; 384; 277; 0; 1286; 1264; 455; 4095; 377
1268; 1075; 950; 371; 274; 0; 1289; 1264; 458; 4095; 374
1275; 1076; 945; 377; 275; 0; 1286; 1265; 454; 4095; 375
1269; 1072; 949; 380; 277; 0; 1291; 1264; 463; 4095; 373
1274; 1079; 947; 380; 275; 0; 1292; 1264; 457; 4095; 374
1275; 1077; 947; 373; 277; 0; 1291; 1264; 462; 4095; 381
1276; 1076; 949; 376; 277; 0; 1293; 1259; 457; 4095; 378
1273; 1079; 959; 382; 272; 0; 1293; 1265; 454; 4095; 371
1271; 1083; 956; 373; 283; 0; 1294; 1271; 451; 4095; 379
1278; 1079; 960; 370; 279; 0; 1296; 1269; 461; 4095; 390
1275; 1078; 967; 368; 279; 0; 1296; 1264; 457; 4095; 382
1278; 1090; 967; 368; 287; 0; 1302; 1266; 460; 4095; 383
1279; 1089; 976; 416; 282; 0; 1307; 1271; 450; 4095; 384
1281; 1129; 974; 370; 287; 0; 1307; 1277; 457; 4095; 339
1282; 1081; 976; 371; 290; 0; 1315; 1277; 456; 4095; 391
1280; 1101; 987; 381; 286; 0; 1317; 1275; 463; 4095; 391
1284; 1108; 978; 378; 281; 0; 1318; 1271; 462; 4095; 391
1284; 1105; 992; 368; 285; 0; 1326; 1287; 455; 4095; 400
1286; 1108; 998; 373; 285; 0; 1327; 1274; 461; 4095; 392
1291; 1115; 994; 378; 287; 0; 1326; 1285; 457; 4095; 397
1290; 1109; 1005; 371; 289; 0; 1328; 1286; 455; 4095; 399
1295; 1115; 970; 368; 288; 0; 1328; 1285; 455; 4095; 397
1296; 1117; 1005; 371; 285; 0; 1329; 1292; 451; 4095; 395
1299; 1122; 1009; 368; 289; 0; 1328; 1294; 462; 4095; 399
1300; 1122; 1015; 377; 283; 0; 1329; 1291; 455; 4095; 398
1303; 1127; 1023; 368; 288; 0; 1333; 1294; 450; 4095; 398
1303; 1127; 1017; 368; 287; 0; 1341; 1294; 455; 4095; 400
1299; 1128; 1019; 361; 282; 0; 1338; 1296; 451; 4095; 405
1301; 1133; 1020; 365; 285; 0; 1342; 1296; 457; 4095; 400
1303; 1131; 1039; 364; 289; 6; 1349; 1295; 454; 4095; 403
1306; 1134; 1035; 359; 293; 0; 1347; 1296; 458; 4095; 409
1303; 1134; 1039; 368; 289; 0; 1354; 1296; 455; 4095; 405
1306; 1136; 1039; 368; 294; 0; 1351; 1297; 460; 4095; 400
1309; 1135; 1041; 365; 296; 0; 1360; 1296; 454; 4095; 409
1308; 1136; 1043; 369; 302; 0; 1360; 1303; 460; 4095; 409
1309; 1122; 1050; 368; 296; 0; 1361; 1302; 485; 4095; 464
1310; 1154; 1047; 365; 293; 0; 1360; 1306; 458; 4095; 408
1310; 1141; 1045; 368; 291; 0; 1363; 1309; 450; 4095; 411
1311; 1143; 1054; 371; 293; 0; 1364; 1303; 458; 4095; 418
1311; 1143; 1055; 369; 292; 0; 1364; 1304; 451; 4095; 407
1310; 1141; 1059; 368; 295; 0; 1366; 1303; 459; 4095; 405
1311; 1139; 1067; 369; 299; 0; 1373; 1312; 463; 4095; 409
1318; 1139; 1061; 378; 292; 0; 1367; 1309; 459; 4095; 407
1312; 1143; 1109; 378; 292; 0; 1371; 1312; 456; 4095; 409
1316; 1139; 1066; 375; 288; 0; 1370; 1310; 459; 4095; 414
1318; 1141; 1063; 368; 293; 0; 1366; 1310; 456; 4095; 411
1316; 1135; 1062; 379; 289; 0; 1353; 1309; 455; 4095; 410
1326; 1139; 1066; 375; 287; 0; 1364; 1303; 459; 4095; 403
1325; 1139; 1067; 368; 283; 0; 1360; 1317; 454; 4095; 399
1323; 1141; 1067; 368; 288; 0; 1360; 1307; 453; 4095; 400
1327; 1136; 1063; 368; 288; 0; 1361; 1314; 457; 4095; 416
1325; 1132; 1056; 368; 288; 0; 1358; 1306; 457; 4095; 401
1327; 1136; 1057; 378; 292; 0; 1360; 1309; 451; 4095; 403
1328; 1133; 1062; 373; 294; 0; 1360; 1312; 453; 4095; 402
1327; 1131; 1057; 371; 289; 0; 1360; 1310; 462; 4095; 401
1327; 1133; 1056; 373; 289; 0; 1360; 1278; 452; 4095; 404
1325; 1130; 1061; 368; 293; 0; 1360; 1312; 458; 4095; 391
1327; 1122; 1055; 368; 288; 0; 1358; 1306; 459; 4095; 430
1325; 1127; 1053; 366; 285; 0; 1351; 1309; 455; 4095; 400
1321; 1126; 1046; 368; 288; 0; 1356; 1303; 448; 4095; 398
1319; 1126; 1043; 368; 290; 0; 1350; 1305; 459; 4095; 398
1316; 1125; 1043; 368; 289; 0; 1352; 1307; 455; 4095; 395
1322; 1123; 1040; 370; 295; 0; 1346; 1306; 456; 4095; 399
1312; 1125; 1040; 374; 290; 0; 1351; 1300; 450; 4095; 400
1313; 1120; 1040; 374; 286; 0; 1345; 1297; 455; 4095; 397
1318; 1122; 1053; 368; 288; 0; 1343; 1296; 457; 4095; 395
1313; 1125; 1030; 375; 289; 0; 1339; 1295; 462; 4095; 400
1315; 1122; 1029; 386; 279; 0; 1341; 1294; 459; 4095; 394
1311; 1126; 1029; 415; 288; 0; 1340; 1294; 461; 4095; 399
1314; 1125; 1036; 372; 285; 0; 1335; 1291; 463; 4095; 396
1311; 1126; 1021; 369; 283; 0; 1339; 1293; 453; 4095; 397
1314; 1126; 1031; 368; 287; 0; 1337; 1295; 459; 4095; 388
1311; 1127; 1034; 368; 279; 0; 1334; 1296; 453; 4095; 398
1311; 1131; 1033; 369; 279; 0; 1338; 1296; 454; 4095; 400
1314; 1131; 1034; 369; 278; 0; 1334; 1296; 450; 4095; 398
1315; 1135; 1031; 369; 281; 0; 1338; 1296; 457; 4095; 393
1316; 1136; 1031; 365; 286; 0; 1341; 1296; 458; 4095; 396
1313; 1133; 1035; 370; 279; 0; 1341; 1296; 449; 4095; 391
1317; 1136; 1030; 368; 282; 0; 1337; 1299; 458; 4095; 400
1313; 1135; 1033; 368; 283; 0; 1329; 1306; 453; 4095; 390
1313; 1136; 1040; 368; 277; 0; 1363; 1301; 455; 4095; 393
1313; 1135; 1037; 365; 278; 0; 1338; 1297; 454; 4095; 397
1319; 1136; 1035; 365; 282; 0; 1340; 1296; 455; 4095; 391
1319; 1136; 1034; 365; 285; 0; 1344; 1299; 457; 4095; 394
1319; 1136; 1034; 359; 299; 0; 1341; 1303; 455; 4095; 397
1319; 1136; 1035; 366; 283; 0; 1343; 1302; 453; 4095; 399
1323; 1135; 1033; 358; 286; 0; 1349; 1297; 452; 4095; 389
1319; 1136; 1030; 362; 287; 0; 1349; 1300; 449; 4095; 393
1319; 1136; 1035; 352; 289; 0; 1347; 1296; 453; 4095; 393
1318; 1134; 1022; 356; 289; 0; 1353; 1297; 451; 4095; 399
1319; 1136; 1031; 354; 288; 0; 1353; 1303; 451; 4095; 389
1321; 1136; 1034; 362; 290; 0; 1358; 1303; 452; 4095; 442
1315; 1136; 1029; 359; 295; 0; 1354; 1296; 451; 4095; 393
1318; 1126; 1018; 369; 287; 0; 1359; 1298; 451; 4095; 397
1317; 1123; 1032; 370; 292; 0; 1353; 1296; 450; 4095; 386
1318; 1120; 1015; 368; 272; 0; 1357; 1296; 454; 4095; 395
1311; 1119; 1021; 373; 279; 7; 1357; 1299; 453; 4095; 393
1315; 1116; 1019; 374; 280; 0; 1350; 1299; 450; 4095; 357
1312; 1110; 1017; 375; 285; 0; 1355; 1301; 456; 4095; 391
1314; 1104; 1015; 375; 287; 0; 1350; 1296; 453; 4095; 387
1310; 1105; 1008; 368; 286; 0; 1344; 1296; 451; 4095; 384
1309; 1103; 1011; 368; 275; 0; 1346; 1295; 454; 4095; 384
1310; 1102; 1013; 363; 277; 0; 1343; 1296; 448; 4095; 385
1311; 1104; 1010; 368; 278; 0; 1344; 1299; 449; 4095; 391
1305; 1101; 1011; 371; 283; 0; 1341; 1289; 450; 4095; 387
1309; 1099; 1009; 368; 278; 0; 1337; 1296; 457; 4095; 384
1310; 1099; 1017; 371; 283; 0; 1341; 1294; 450; 4095; 389
1296; 1099; 1018; 375; 275; 0; 1341; 1296; 457; 4095; 393
1301; 1098; 1021; 373; 280; 0; 1340; 1295; 453; 4095; 387
1312; 1095; 1022; 382; 279; 0; 1343; 1298; 450; 4095; 390
1311; 1094; 1029; 375; 279; 0; 1343; 1299; 453; 4095; 387
1310; 1090; 1021; 400; 275; 0; 1340; 1294; 456; 4095; 390
1308; 1088; 1021; 383; 272; 0; 1344; 1297; 457; 4095; 375
1307; 1089; 1012; 376; 277; 0; 1343; 1297; 450; 4095; 381
1313; 1089; 1014; 370; 282; 0; 1341; 1293; 457; 4095; 381
1312; 1090; 1017; 368; 277; 0; 1339; 1296; 446; 4095; 390
1311; 1093; 1057; 362; 278; 0; 1344; 1312; 453; 4095; 388
1313; 1095; 1022; 362; 283; 0; 1350; 1297; 454; 4095; 389
1311; 1091; 1022; 357; 277; 0; 1349; 1298; 441; 4095; 384
1311; 1095; 1023; 346; 287; 0; 1354; 1297; 447; 4095; 391
1310; 1097; 1023; 350; 288; 0; 1359; 1299; 443; 4095; 390
1311; 1101; 1037; 352; 290; 0; 1359; 1297; 447; 4095; 398
1311; 1101; 1038; 354; 291; 0; 1358; 1298; 446; 4095; 399
1303; 1104; 1030; 354; 292; 0; 1361; 1299; 453; 4095; 389
1303; 1108; 1029; 357; 289; 0; 1364; 1300; 448; 4095; 398
1307; 1111; 1037; 356; 294; 0; 1363; 1296; 444; 4095; 400
1309; 1117; 1040; 347; 286; 0; 1362; 1301; 437; 4095; 400
1305; 1121; 1037; 355; 292; 0; 1364; 1299; 448; 4095; 400
1308; 1127; 1043; 349; 292; 0; 1370; 1307; 446; 4095; 403
1314; 1132; 1046; 353; 293; 0; 1374; 1300; 447; 4095; 401
1306; 1136; 1048; 351; 290; 0; 1375; 1309; 440; 4095; 403
1309; 1142; 1050; 351; 288; 0; 1375; 1307; 442; 4095; 406
1303; 1147; 1052; 349; 298; 0; 1379; 1306; 443; 4095; 403
1308; 1153; 1054; 350; 294; 0; 1377; 1306; 438; 4095; 409
1297; 1153; 1055; 353; 293; 0; 1377; 1303; 442; 4095; 406
1306; 1157; 1057; 354; 297; 0; 1377; 1302; 448; 4095; 417
1302; 1161; 1057; 356; 301; 0; 1381; 1307; 448; 4095; 405
1302; 1164; 1054; 348; 299; 0; 1383; 1301; 448; 4095; 403
1299; 1168; 1052; 358; 298; 0; 1381; 1327; 446; 4095; 411
1303; 1168; 1054; 353; 335; 0; 1389; 1306; 445; 4095; 405
1299; 1165; 1052; 340; 298; 0; 1381; 1306; 434; 4095; 375
1297; 1168; 1049; 351; 302; 0; 1383; 1306; 441; 4095; 435
1302; 1168; 1049; 352; 298; 0; 1385; 1306; 444; 4095; 409
1301; 1167; 1050; 341; 300; 0; 1383; 1306; 435; 4095; 405
1297; 1168; 1054; 357; 298; 0; 1381; 1307; 445; 4095; 405
1297; 1169; 1054; 350; 300; 0; 1383; 1309; 439; 4095; 410
1298; 1147; 1056; 351; 300; 0; 1379; 1306; 448; 4095; 413
1296; 1174; 1054; 350; 304; 0; 1381; 1306; 443; 4095; 405
1296; 1168; 1052; 349; 303; 0; 1377; 1299; 443; 4095; 403
1296; 1173; 1055; 350; 298; 0; 1379; 1303; 437; 4095; 405
1299; 1172; 1052; 351; 300; 0; 1379; 1303; 446; 4095; 406
1323; 1171; 1057; 351; 294; 0; 1381; 1301; 439; 4095; 401
1300; 1178; 1054; 351; 304; 0; 1381; 1307; 453; 4095; 412
1299; 1172; 1046; 359; 299; 0; 1381; 1303; 448; 4095; 414
1296; 1180; 1050; 363; 291; 0; 1376; 1307; 448; 4095; 410
1297; 1175; 1057; 359; 294; 0; 1382; 1303; 439; 4095; 407
1297; 1181; 1055; 367; 302; 0; 1409; 1307; 437; 4095; 409
1303; 1182; 1063; 370; 297; 0; 1376; 1306; 442; 4095; 403
1300; 1181; 1055; 368; 297; 0; 1379; 1307; 450; 4095; 414
1303; 1173; 1054; 368; 290; 0; 1377; 1299; 453; 4095; 403
1302; 1171; 1060; 379; 293; 0; 1377; 1309; 446; 4095; 408
1307; 1168; 1050; 368; 289; 0; 1374; 1311; 446; 4095; 403
1298; 1166; 1054; 385; 289; 0; 1370; 1303; 454; 4095; 407
1309; 1168; 1057; 384; 299; 0; 1373; 1305; 452; 4095; 383
1310; 1161; 1048; 382; 291; 0; 1374; 1303; 451; 4095; 404
1309; 1161; 1054; 384; 300; 0; 1374; 1307; 461; 4095; 400
1307; 1153; 1050; 382; 294; 0; 1366; 1296; 454; 4095; 400
1310; 1179; 1042; 381; 288; 0; 1369; 1303; 452; 4095; 407
1311; 1142; 1051; 381; 282; 0; 1366; 1302; 452; 4095; 406
1