=~=~=~=~=~=~=~=~=~=~=~= PuTTY log 2024.03.25 12:54:34 =~=~=~=~=~=~=~=~=~=~=~=
smoke, etoh, odor, co, no2, nh3, voc, h2s, h2, hcho, ch4
423; 456; 589; 603; 53; 0; 480; 470; 455; 4095; 543
428; 459; 593; 605; 54; 0; 481; 473; 458; 4095; 546
427; 458; 593; 611; 57; 0; 481; 468; 455; 4095; 543
429; 464; 597; 624; 61; 0; 485; 480; 457; 4095; 544
431; 464; 607; 630; 57; 0; 483; 480; 496; 4095; 551
432; 467; 610; 641; 59; 0; 493; 482; 455; 4095; 549
436; 465; 613; 650; 59; 0; 491; 479; 464; 4095; 563
434; 467; 598; 655; 60; 0; 495; 483; 464; 4095; 553
437; 475; 621; 656; 63; 0; 496; 480; 464; 4095; 560
438; 479; 630; 671; 64; 0; 491; 479; 464; 4095; 562
442; 481; 632; 675; 64; 0; 499; 485; 464; 4095; 571
435; 483; 636; 670; 59; 0; 497; 480; 464; 4095; 570
446; 464; 651; 686; 64; 0; 507; 483; 469; 4095; 578
445; 487; 655; 683; 61; 0; 499; 484; 473; 4095; 581
449; 492; 656; 685; 64; 0; 509; 484; 464; 4095; 577
451; 496; 662; 688; 64; 0; 506; 486; 469; 4095; 587
450; 494; 668; 694; 65; 0; 510; 485; 473; 4095; 588
454; 491; 673; 703; 66; 0; 519; 486; 469; 4095; 587
455; 497; 681; 702; 65; 0; 516; 485; 465; 4095; 589
458; 496; 679; 705; 64; 0; 522; 487; 469; 4095; 579
458; 497; 688; 698; 64; 0; 511; 493; 471; 4095; 580
462; 504; 691; 709; 64; 0; 521; 491; 475; 4095; 583
463; 501; 695; 705; 68; 0; 519; 490; 471; 4095; 590
463; 506; 707; 709; 64; 0; 528; 491; 475; 4095; 591
472; 511; 707; 715; 65; 0; 519; 489; 472; 4095; 589
466; 507; 705; 711; 67; 0; 526; 494; 479; 4095; 591
464; 511; 714; 716; 65; 0; 528; 495; 476; 4095; 590
469; 507; 721; 717; 64; 0; 528; 488; 477; 4095; 592
467; 522; 721; 711; 64; 0; 531; 491; 468; 4095; 585
469; 517; 720; 714; 70; 0; 533; 495; 478; 4095; 593
473; 502; 727; 720; 66; 0; 563; 495; 480; 4095; 592
471; 524; 735; 726; 64; 0; 532; 492; 455; 4095; 587
471; 522; 741; 725; 64; 0; 535; 496; 485; 4095; 590
475; 524; 734; 728; 70; 0; 537; 495; 483; 4095; 588
475; 527; 749; 732; 69; 0; 535; 498; 484; 4095; 593
480; 529; 745; 733; 71; 0; 537; 464; 484; 4095; 592
482; 528; 748; 736; 96; 0; 542; 496; 485; 4095; 592
480; 528; 763; 731; 71; 0; 537; 496; 482; 4095; 592
486; 529; 753; 726; 69; 0; 545; 496; 493; 4095; 592
483; 534; 755; 722; 71; 0; 544; 498; 487; 4095; 596
489; 533; 773; 717; 67; 0; 544; 496; 490; 4095; 602
490; 537; 762; 719; 74; 0; 548; 496; 486; 4095; 602
489; 533; 771; 719; 72; 0; 547; 496; 484; 4095; 605
486; 542; 783; 717; 71; 0; 549; 501; 481; 4095; 601
484; 543; 789; 715; 68; 0; 549; 497; 492; 4095; 615
496; 542; 784; 707; 66; 0; 552; 496; 483; 4095; 608
492; 539; 795; 705; 66; 0; 551; 498; 486; 4095; 599
495; 534; 785; 714; 69; 0; 556; 499; 490; 4095; 597
497; 531; 789; 695; 67; 0; 550; 493; 491; 4095; 592
498; 529; 800; 657; 65; 0; 551; 506; 484; 4095; 589
497; 525; 797; 688; 65; 0; 557; 505; 489; 4095; 580
497; 526; 809; 685; 65; 0; 553; 502; 486; 4095; 577
499; 521; 806; 678; 66; 0; 549; 503; 487; 4095; 561
501; 521; 819; 675; 64; 0; 549; 500; 483; 4095; 566
500; 522; 799; 667; 65; 0; 544; 502; 480; 4095; 569
503; 526; 807; 656; 66; 0; 546; 503; 482; 4095; 579
505; 528; 805; 655; 65; 0; 549; 501; 479; 4095; 567
495; 528; 806; 645; 66; 0; 555; 501; 484; 4095; 570
505; 528; 815; 635; 69; 0; 558; 501; 480; 4095; 585
506; 530; 821; 649; 68; 0; 553; 503; 474; 4095; 579
505; 535; 816; 650; 66; 0; 551; 505; 477; 4095; 581
508; 532; 822; 653; 70; 0; 559; 507; 477; 4095; 588
505; 533; 816; 658; 64; 0; 559; 509; 483; 4095; 588
499; 537; 835; 667; 68; 0; 560; 509; 494; 4095; 570
511; 541; 825; 673; 71; 0; 556; 505; 478; 4095; 592
508; 544; 835; 688; 69; 0; 559; 510; 485; 4095; 590
511; 543; 826; 693; 69; 0; 559; 504; 482; 4095; 596
511; 543; 832; 697; 73; 0; 560; 509; 485; 4095; 587
511; 539; 839; 703; 69; 0; 562; 509; 483; 4095; 597
523; 542; 837; 703; 70; 0; 561; 507; 493; 4095; 596
519; 534; 848; 707; 69; 0; 560; 518; 487; 4095; 588
519; 529; 841; 709; 66; 0; 560; 510; 485; 4095; 578
519; 528; 850; 702; 64; 0; 560; 511; 483; 4095; 585
521; 528; 835; 703; 67; 0; 560; 517; 479; 4095; 576
519; 523; 848; 695; 64; 0; 559; 507; 490; 4095; 567
518; 523; 848; 688; 64; 0; 549; 518; 481; 4095; 566
519; 522; 848; 688; 64; 0; 551; 506; 485; 4095; 560
521; 511; 849; 687; 65; 0; 552; 507; 484; 4095; 565
518; 505; 834; 687; 61; 0; 557; 508; 486; 4095; 558
522; 502; 846; 693; 64; 0; 554; 507; 481; 4095; 561
511; 496; 837; 707; 62; 0; 554; 507; 490; 4095; 557
522; 496; 849; 710; 50; 0; 555; 519; 487; 4095; 559
523; 492; 848; 719; 64; 0; 539; 509; 486; 4095; 558
523; 489; 846; 721; 62; 0; 560; 511; 489; 4095; 551
522; 489; 848; 735; 61; 0; 559; 511; 485; 4095; 553
526; 490; 857; 726; 64; 0; 560; 511; 487; 4095; 542
526; 487; 858; 735; 63; 0; 559; 499; 483; 4095; 555
526; 493; 864; 733; 64; 0; 557; 511; 487; 4095; 545
524; 491; 851; 726; 62; 0; 558; 509; 495; 4095; 551
522; 498; 857; 729; 64; 0; 558; 518; 490; 4095; 558
528; 497; 854; 739; 64; 0; 560; 511; 485; 4095; 560
527; 498; 807; 735; 64; 0; 559; 509; 486; 4095; 556
528; 507; 863; 735; 65; 0; 561; 521; 486; 4095; 560
526; 509; 860; 733; 64; 0; 560; 521; 485; 4095; 573
525; 511; 865; 724; 66; 0; 564; 521; 486; 4095; 569
528; 511; 865; 721; 64; 0; 564; 521; 482; 4095; 575
527; 519; 858; 709; 63; 0; 562; 519; 490; 4095; 579
527; 517; 874; 710; 68; 0; 561; 524; 485; 4095; 580
528; 523; 859; 710; 65; 0; 561; 517; 478; 4095; 578
528; 519; 867; 714; 65; 0; 561; 511; 483; 4095; 572
529; 517; 878; 719; 65; 0; 561; 525; 489; 4095; 578
528; 522; 875; 726; 66; 0; 560; 522; 485; 4095; 590
528; 525; 866; 725; 64; 0; 562; 519; 483; 4095; 576
529; 524; 874; 729; 70; 0; 564; 524; 482; 4095; 575
528; 519; 880; 724; 68; 0; 564; 526; 480; 4095; 590
530; 526; 884; 731; 66; 0; 562; 551; 487; 4095; 586
531; 526; 879; 726; 67; 0; 560; 518; 488; 4095; 588
549; 526; 880; 719; 64; 0; 560; 524; 490; 4095; 582
529; 521; 880; 704; 66; 0; 560; 526; 477; 4095; 577
528; 511; 887; 704; 67; 0; 562; 522; 481; 4095; 587
530; 509; 885; 690; 64; 0; 562; 527; 483; 4095; 576
528; 511; 890; 688; 65; 0; 562; 527; 476; 4095; 565
528; 509; 890; 658; 62; 0; 560; 519; 483; 4095; 561
529; 519; 885; 671; 60; 0; 560; 526; 482; 4095; 561
535; 519; 880; 658; 64; 0; 559; 522; 477; 4095; 561
529; 511; 889; 667; 61; 0; 560; 523; 474; 4095; 571
530; 520; 883; 670; 64; 0; 560; 523; 478; 4095; 571
528; 517; 883; 679; 65; 0; 560; 526; 476; 4095; 567
533; 515; 886; 678; 67; 0; 560; 525; 474; 4095; 566
530; 557; 882; 698; 64; 0; 592; 525; 479; 4095; 577
528; 519; 896; 698; 64; 0; 560; 523; 484; 4095; 578
531; 523; 886; 710; 65; 0; 560; 527; 478; 4095; 574
528; 517; 845; 703; 58; 0; 560; 523; 478; 4095; 577
532; 508; 895; 701; 63; 0; 557; 524; 477; 4095; 576
529; 511; 894; 700; 58; 0; 561; 526; 481; 4095; 570
532; 503; 893; 699; 64; 0; 538; 524; 475; 4095; 576
542; 518; 895; 693; 61; 0; 557; 526; 454; 4095; 576
530; 522; 890; 677; 64; 0; 559; 523; 475; 4095; 572
532; 526; 895; 678; 62; 0; 557; 518; 480; 4095; 573
529; 527; 883; 683; 58; 0; 557; 525; 480; 4095; 575
529; 528; 886; 677; 64; 0; 560; 524; 475; 4095; 581
528; 528; 896; 679; 64; 0; 560; 527; 477; 4095; 574
531; 528; 895; 679; 64; 0; 560; 528; 474; 4095; 583
530; 534; 895; 674; 67; 0; 559; 527; 480; 4095; 579
530; 533; 897; 681; 64; 0; 560; 524; 474; 4095; 575
529; 533; 904; 692; 64; 0; 561; 528; 481; 4095; 587
528; 536; 898; 689; 71; 0; 564; 528; 470; 4095; 586
529; 539; 896; 691; 46; 0; 560; 528; 479; 4095; 587
511; 538; 898; 688; 65; 0; 562; 528; 496; 4095; 567
533; 543; 905; 691; 66; 0; 565; 523; 476; 4095; 587
530; 542; 897; 681; 64; 0; 560; 522; 477; 4095; 590
531; 542; 899; 677; 64; 0; 560; 526; 477; 4095; 594
529; 542; 901; 671; 63; 0; 562; 526; 479; 4095; 578
530; 541; 903; 669; 99; 0; 561; 528; 482; 4095; 582
533; 539; 906; 667; 65; 0; 565; 528; 482; 4095; 579
533; 532; 909; 672; 64; 0; 561; 528; 479; 4095; 572
533; 529; 907; 667; 63; 0; 560; 527; 478; 4095; 579
538; 526; 911; 672; 62; 0; 560; 527; 485; 4095; 567
534; 526; 909; 671; 58; 0; 558; 528; 481; 4095; 570
533; 524; 902; 674; 69; 0; 560; 528; 479; 4095; 560
534; 522; 912; 671; 60; 0; 557; 527; 477; 4095; 540
534; 528; 913; 670; 65; 0; 559; 525; 476; 4095; 558
535; 528; 907; 667; 63; 0; 553; 527; 475; 4095; 560
533; 528; 912; 666; 63; 0; 557; 527; 486; 4095; 561
534; 531; 901; 670; 65; 0; 553; 520; 479; 4095; 566
528; 535; 907; 676; 65; 4; 560; 526; 477; 4095; 560
517; 538; 912; 681; 64; 0; 557; 528; 487; 4095; 624
528; 541; 912; 688; 64; 0; 560; 528; 476; 4095; 582
529; 537; 903; 693; 64; 0; 560; 528; 479; 4095; 579
530; 538; 907; 702; 67; 0; 560; 528; 480; 4095; 582
534; 530; 914; 701; 65; 0; 560; 528; 476; 4095; 577
530; 529; 915; 706; 48; 0; 562; 528; 477; 4095; 575
537; 527; 912; 704; 64; 0; 562; 530; 483; 4095; 570
530; 526; 912; 707; 63; 0; 563; 528; 486; 4095; 571
533; 521; 922; 710; 63; 0; 560; 528; 490; 4095; 560
531; 517; 913; 711; 66; 0; 560; 530; 475; 4095; 570
534; 511; 914; 717; 64; 0; 565; 530; 485; 4095; 570
533; 510; 921; 710; 57; 0; 560; 531; 480; 4095; 561
524; 505; 919; 717; 65; 0; 560; 527; 482; 4095; 546
537; 509; 916; 713; 61; 0; 557; 529; 480; 4095; 561
535; 503; 918; 709; 63; 0; 551; 528; 480; 4095; 565
535; 505; 914; 706; 61; 0; 550; 528; 481; 4095; 559
532; 503; 915; 699; 62; 0; 555; 518; 481; 4095; 561
531; 500; 919; 695; 64; 0; 556; 526; 478; 4095; 562
534; 503; 916; 693; 64; 0; 559; 528; 481; 4095; 546
531; 480; 912; 687; 64; 0; 569; 528; 480; 4095; 558
527; 496; 915; 687; 64; 0; 554; 525; 472; 4095; 551
528; 494; 918; 682; 62; 0; 551; 529; 480; 4095; 560
529; 494; 909; 682; 64; 0; 550; 553; 475; 4095; 560
528; 499; 922; 679; 71; 0; 559; 528; 480; 4095; 562
528; 498; 914; 671; 60; 0; 555; 529; 464; 4095; 571
530; 498; 915; 662; 61; 0; 557; 528; 470; 4095; 561
530; 498; 916; 665; 61; 0; 557; 528; 473; 4095; 561
528; 501; 914; 657; 64; 0; 555; 529; 476; 4095; 570
528; 502; 915; 658; 59; 0; 557; 538; 475; 4095; 566
528; 499; 912; 653; 61; 0; 553; 529; 475; 4095; 564
530; 496; 919; 654; 64; 0; 552; 528; 519; 4095; 535
528; 523; 913; 647; 62; 0; 541; 528; 464; 4095; 565
528; 503; 912; 643; 60; 0; 556; 529; 475; 4095; 575
529; 509; 912; 653; 63; 0; 558; 529; 470; 4095; 562
528; 516; 915; 647; 64; 0; 554; 528; 467; 4095; 573
528; 519; 913; 656; 64; 0; 559; 531; 469; 4095; 576
531; 523; 916; 659; 64; 0; 557; 528; 470; 4095; 582
529; 528; 917; 656; 64; 0; 562; 528; 472; 4095; 579
532; 527; 931; 665; 67; 0; 560; 528; 465; 4095; 589
533; 528; 926; 677; 64; 0; 560; 528; 477; 4095; 589
532; 528; 918; 670; 64; 0; 560; 529; 478; 4095; 589
532; 532; 932; 680; 66; 0; 562; 533; 474; 4095; 598
534; 538; 931; 681; 67; 0; 562; 528; 489; 4095; 587
535; 538; 937; 675; 64; 0; 560; 533; 468; 4095; 587
536; 531; 930; 669; 64; 0; 561; 529; 477; 4095; 602
535; 531; 938; 668; 65; 0; 566; 531; 477; 4095; 599
534; 528; 941; 671; 64; 0; 562; 529; 470; 4095; 593
539; 528; 937; 669; 62; 0; 561; 530; 479; 4095; 589
533; 527; 939; 661; 62; 0; 560; 528; 474; 4095; 586
533; 526; 928; 658; 61; 0; 563; 532; 472; 4095; 578
534; 528; 927; 658; 63; 0; 563; 530; 474; 4095; 589
539; 528; 929; 666; 64; 0; 560; 528; 473; 4095; 581
533; 528; 934; 673; 65; 10; 563; 535; 469; 4095; 587
539; 528; 926; 684; 69; 0; 563; 531; 475; 4095; 584
539; 530; 935; 688; 64; 0; 565; 531; 471; 4095; 576
538; 537; 937; 695; 66; 0; 564; 528; 471; 4095; 585
537; 532; 933; 690; 64; 0; 567; 529; 473; 4095; 587
538; 528; 939; 699; 66; 0; 563; 533; 480; 4095; 587
534; 526; 929; 709; 59; 0; 565; 530; 477; 4095; 576
539; 559; 941; 701; 62; 0; 561; 532; 480; 4095; 578
535; 528; 934; 693; 64; 0; 564; 534; 471; 4095; 571
537; 530; 929; 688; 60; 0; 560; 533; 478; 4095; 578
536; 533; 976; 688; 64; 0; 560; 532; 479; 4095; 586
535; 533; 941; 678; 63; 0; 560; 528; 469; 4095; 581
535; 530; 944; 705; 65; 0; 561; 533; 471; 4095; 577
540; 531; 938; 662; 63; 0; 560; 529; 473; 4095; 574
535; 529; 944; 654; 64; 0; 560; 531; 469; 4095; 575
533; 532; 942; 638; 62; 0; 557; 528; 467; 4095; 574
537; 528; 939; 630; 64; 0; 554; 532; 464; 4095; 568
537; 528; 928; 629; 59; 0; 556; 521; 465; 4095; 560
534; 528; 939; 637; 62; 0; 555; 528; 465; 4095; 567
534; 524; 944; 642; 62; 0; 555; 529; 433; 4095; 567
535; 518; 934; 642; 58; 0; 551; 531; 464; 4095; 561
534; 517; 930; 640; 60; 0; 556; 528; 466; 4095; 559
535; 517; 944; 643; 59; 0; 556; 538; 471; 4095; 558
532; 517; 939; 628; 58; 0; 559; 532; 464; 4095; 550
536; 499; 944; 624; 59; 0; 548; 533; 466; 4095; 550
535; 496; 935; 618; 59; 0; 557; 537; 445; 4095; 575
533; 496; 937; 617; 59; 0; 555; 533; 464; 4095; 537
537; 494; 931; 609; 57; 0; 558; 531; 461; 4095; 534
534; 486; 932; 597; 54; 0; 556; 531; 458; 4095; 541
531; 488; 925; 592; 50; 0; 557; 534; 466; 4095; 535
536; 487; 929; 592; 52; 0; 549; 533; 464; 4095; 525
528; 486; 938; 602; 57; 0; 553; 530; 453; 4095; 489
536; 483; 928; 611; 51; 0; 554; 529; 461; 4095; 534
528; 478; 919; 612; 54; 0; 550; 529; 458; 4095; 529
529; 478; 919; 618; 53; 0; 548; 529; 464; 4095; 528
530; 477; 926; 598; 52; 0; 548; 528; 469; 4095; 505
530; 463; 919; 624; 52; 0; 578; 533; 461; 4095; 520
528; 479; 923; 627; 55; 0; 540; 528; 461; 4095; 523
528; 477; 927; 623; 54; 0; 545; 528; 466; 4095; 528
528; 481; 891; 626; 49; 0; 545; 532; 460; 4095; 511
531; 483; 913; 628; 53; 0; 539; 528; 465; 4095; 511
528; 485; 914; 623; 51; 0; 542; 529; 462; 4095; 528
530; 478; 912; 627; 57; 0; 542; 528; 468; 4095; 525
531; 496; 913; 624; 58; 0; 542; 529; 464; 4095; 537
528; 496; 912; 619; 58; 0; 541; 531; 464; 4095; 538
526; 496; 915; 619; 58; 0; 544; 526; 464; 4095; 540
528; 497; 919; 619; 59; 0; 547; 528; 461; 4095; 547
524; 496; 918; 615; 92; 0; 544; 533; 462; 4095; 553
526; 496; 925; 611; 53; 0; 543; 528; 445; 4095; 549
528; 496; 930; 618; 62; 0; 549; 528; 459; 4095; 551
528; 496; 928; 624; 58; 0; 546; 531; 465; 4095; 557
529; 496; 925; 636; 57; 0; 545; 529; 464; 4095; 555
528; 496; 927; 635; 55; 0; 548; 531; 464; 4095; 554
528; 493; 920; 651; 59; 0; 545; 528; 464; 4095; 553
528; 491; 921; 651; 58; 0; 546; 530; 469; 4095; 547
529; 493; 926; 643; 58; 0; 545; 528; 464; 4095; 544
528; 486; 925; 630; 53; 0; 545; 537; 465; 4095; 533
530; 481; 930; 638; 53; 0; 542; 530; 464; 4095; 530
530; 484; 926; 627; 50; 0; 546; 530; 462; 4095; 532
529; 464; 923; 629; 56; 0; 544; 533; 464; 4095; 542
528; 476; 926; 631; 51; 0; 541; 531; 462; 4095; 511
525; 475; 918; 624; 50; 0; 544; 533; 467; 4095; 521
528; 479; 915; 630; 58; 0; 544; 531; 464; 4095; 523
528; 475; 912; 639; 50; 0; 542; 521; 467; 4095; 527
528; 468; 912; 654; 58; 0; 544; 530; 461; 4095; 518
528; 466; 913; 650; 48; 0; 541; 529; 462; 4095; 519
528; 470; 912; 656; 54; 0; 545; 532; 465; 4095; 525
527; 463; 913; 659; 49; 0; 542; 530; 464; 4095; 518
528; 459; 923; 667; 50; 0; 536; 532; 469; 4095; 525
528; 464; 921; 671; 53; 0; 538; 508; 466; 4095; 515
529; 462; 915; 678; 49; 0; 540; 528; 466; 4095; 503
533; 464; 917; 674; 49; 0; 537; 530; 469; 4095; 496
528; 466; 915; 671; 50; 0; 542; 533; 466; 4095; 496
528; 469; 916; 670; 49; 0; 533; 528; 464; 4095; 503
528; 469; 917; 659; 55; 0; 539; 528; 462; 4095; 511
529; 470; 912; 657; 54; 0; 535; 529; 468; 4095; 523
528; 475; 912; 658; 53; 0; 536; 531; 464; 4095; 522
526; 473; 915; 658; 57; 0; 543; 533; 457; 4095; 486
502; 478; 914; 666; 59; 0; 541; 528; 465; 4095; 535
525; 474; 912; 668; 58; 0; 545; 534; 464; 4095; 538
519; 474; 916; 665; 61; 0; 545; 533; 464; 4095; 534
525; 477; 923; 678; 61; 0; 543; 535; 464; 4095; 530
526; 463; 921; 682; 62; 0; 543; 533; 464; 4095; 533
528; 485; 922; 687; 61; 0; 548; 530; 464; 4095; 545
528; 486; 912; 693; 63; 0; 555; 530; 463; 4095; 545
527; 492; 914; 691; 58; 0; 551; 533; 459; 4095; 560
527; 494; 929; 699; 60; 0; 551; 519; 462; 4095; 559
525; 494; 921; 697; 90; 0; 558; 530; 468; 4095; 560
531; 496; 930; 697; 64; 0; 551; 532; 443; 4095; 597
528; 497; 931; 705; 64; 0; 555; 531; 463; 4095; 560
528; 501; 929; 709; 64; 0; 554; 535; 467; 4095; 563
531; 503; 931; 709; 62; 0; 556; 539; 466; 4095; 560
529; 508; 938; 697; 64; 0; 559; 539; 473; 4095; 570
531; 509; 933; 705; 64; 0; 560; 538; 466; 4095; 562
528; 510; 934; 701; 63; 0; 557; 534; 454; 4095; 554
497; 517; 935; 694; 61; 0; 560; 534; 464; 4095; 566
530; 511; 929; 698; 64; 0; 559; 531; 467; 4095; 567
529; 519; 938; 694; 64; 0; 560; 535; 469; 4095; 574
529; 518; 930; 699; 66; 0; 560; 534; 465; 4095; 576
529; 509; 926; 691; 65; 0; 569; 537; 464; 4095; 565
533; 521; 942; 693; 65; 0; 560; 531; 466; 4095; 569
533; 511; 941; 693; 65; 0; 560; 533; 473; 4095; 560
531; 508; 915; 689; 64; 0; 560; 535; 467; 4095; 560
531; 509; 941; 688; 63; 0; 558; 517; 464; 4095; 560
531; 511; 933; 670; 64; 0; 557; 538; 462; 4095; 560
530; 502; 935; 699; 63; 0; 557; 531; 470; 4095; 558
534; 509; 944; 709; 66; 0; 560; 531; 465; 4095; 558
533; 503; 938; 711; 64; 0; 559; 536; 465; 4095; 549
530; 499; 943; 711; 61; 0; 558; 531; 466; 4095; 543
532; 501; 938; 717; 64; 0; 560; 517; 467; 4095; 544
535; 500; 934; 724; 77; 3; 560; 536; 471; 4095; 534
532; 496; 934; 726; 63; 0; 559; 535; 472; 4095; 539
535; 500; 928; 731; 63; 0; 558; 539; 465; 4095; 531
534; 497; 926; 730; 62; 0; 559; 534; 473; 4095; 535
534; 496; 941; 735; 64; 0; 558; 538; 468; 4095; 531
533; 497; 933; 735; 64; 0; 558; 538; 466; 4095; 533
532; 528; 931; 734; 63; 0; 543; 540; 471; 4095; 528
535; 496; 925; 731; 64; 0; 560; 538; 467; 4095; 528
533; 496; 933; 735; 66; 0; 560; 535; 465; 4095; 531
533; 491; 934; 733; 64; 0; 560; 538; 475; 4095; 528
532; 495; 930; 735; 63; 0; 560; 534; 478; 4095; 526
538; 495; 924; 767; 59; 0; 557; 535; 468; 4095; 528
534; 498; 923; 745; 64; 0; 558; 539; 469; 4095; 534
533; 495; 930; 729; 64; 0; 554; 538; 478; 4095; 528
539; 496; 935; 730; 64; 0; 557; 538; 471; 4095; 529
533; 494; 929; 721; 59; 0; 558; 534; 470; 4095; 531
533; 494; 939; 720; 61; 0; 553; 536; 465; 4095; 530
534; 495; 934; 718; 64; 0; 558; 534; 466; 4095; 530
534; 494; 931; 707; 64; 0; 556; 537; 472; 4095; 534
538; 492; 940; 699; 64; 0; 559; 531; 466; 4095; 543
534; 495; 934; 701; 62; 0; 555; 535; 467; 4095; 543
533; 489; 939; 701; 62; 0; 555; 533; 465; 4095; 554
535; 490; 927; 699; 61; 0; 557; 539; 465; 4095; 539
529; 485; 934; 693; 62; 0; 549; 542; 464; 4095; 529
534; 487; 943; 688; 60; 0; 548; 540; 467; 4095; 530
534; 491; 934; 694; 59; 0; 551; 541; 470; 4095; 533
530; 489; 930; 691; 61; 0; 550; 537; 464; 4095; 535
535; 487; 932; 691; 64; 0; 549; 542; 468; 4095; 528
534; 486; 937; 688; 58; 0; 551; 539; 468; 4095; 531
538; 485; 936; 694; 65; 0; 548; 539; 464; 4095; 528
533; 490; 934; 693; 62; 0; 551; 538; 467; 4095; 531
531; 490; 932; 702; 64; 0; 549; 536; 465; 4095; 531
532; 495; 927; 706; 64; 0; 550; 531; 465; 4095; 533
532; 496; 938; 709; 64; 0; 555; 539; 465; 4095; 535
530; 496; 944; 715; 68; 0; 557; 539; 467; 4095; 545
535; 496; 939; 714; 66; 0; 554; 537; 465; 4095; 549
531; 501; 939; 714; 64; 0; 557; 537; 470; 4095; 551
531; 507; 885; 708; 65; 0; 553; 542; 470; 4095; 560
538; 501; 937; 720; 64; 0; 561; 533; 471; 4095; 559
537; 503; 940; 735; 69; 0; 560; 546; 468; 4095; 560
539; 489; 944; 723; 67; 0; 561; 542; 466; 4095; 561
539; 507; 949; 727; 64; 0; 561; 537; 469; 4095; 561
540; 506; 945; 725; 66; 0; 560; 534; 469; 4095; 571
541; 502; 949; 720; 64; 0; 560; 540; 465; 4095; 567
541; 510; 955; 733; 65; 0; 562; 523; 469; 4095; 574
543; 506; 944; 724; 78; 0; 562; 542; 471; 4095; 571
544; 508; 944; 735; 66; 0; 560; 543; 463; 4095; 576
546; 509; 951; 736; 64; 0; 560; 545; 471; 4095; 571
545; 506; 953; 729; 67; 0; 565; 542; 470; 4095; 563
543; 507; 954; 730; 64; 0; 563; 542; 479; 4095; 563
545; 509; 955; 721; 68; 0; 561; 541; 468; 4095; 563
544; 496; 955; 733; 66; 0; 560; 542; 469; 4095; 557
545; 503; 951; 733; 64; 0; 567; 542; 470; 4095; 567
545; 501; 949; 726; 64; 0; 562; 545; 474; 4095; 561
542; 497; 928; 731; 58; 0; 560; 545; 472; 4095; 555
545; 496; 951; 735; 64; 0; 561; 541; 471; 4095; 554
548; 496; 946; 736; 61; 0; 561; 544; 473; 4095; 548
539; 494; 960; 722; 63; 0; 560; 544; 451; 4095; 551
547; 492; 956; 723; 64; 0; 560; 539; 474; 4095; 549
546; 491; 962; 714; 61; 0; 560; 542; 468; 4095; 549
543; 493; 958; 711; 61; 0; 560; 541; 469; 4095; 533
542; 492; 954; 706; 61; 0; 560; 539; 464; 4095; 543
546; 500; 955; 701; 64; 0; 560; 535; 466; 4095; 546
544; 504; 957; 693; 63; 0; 560; 535; 467; 4095; 549
542; 500; 945; 702; 60; 0; 557; 539; 466; 4095; 558
539; 509; 947; 696; 64; 0; 560; 538; 466; 4095; 564
541; 509; 950; 692; 64; 0; 558; 535; 466; 4095; 575
541; 521; 945; 704; 65; 0; 560; 537; 464; 4095; 567
535; 526; 958; 697; 64; 0; 560; 539; 464; 4095; 566
537; 521; 960; 695; 69; 0; 560; 535; 468; 4095; 574
540; 528; 958; 695; 65; 0; 563; 534; 466; 4095; 587
538; 528; 949; 704; 64; 0; 565; 537; 473; 4095; 576
535; 531; 961; 694; 70; 0; 562; 537; 464; 4095; 586
534; 530; 953; 704; 68; 0; 561; 541; 466; 4095; 578
539; 534; 961; 702; 70; 0; 567; 541; 444; 4095; 587
535; 531; 963; 696; 65; 0; 568; 538; 466; 4095; 594
542; 538; 917; 688; 68; 0; 571; 540; 467; 4095; 592
539; 540; 963; 688; 67; 0; 571; 540; 466; 4095; 592
538; 543; 961; 718; 66; 0; 572; 544; 472; 4095; 595
544; 510; 973; 685; 69; 0; 569; 543; 467; 4095; 592
538; 538; 965; 674; 66; 0; 570; 541; 474; 4095; 589
543; 539; 972; 673; 67; 0; 574; 539; 466; 4095; 589
543; 542; 971; 666; 70; 0; 573; 544; 467; 4095; 589
543; 539; 973; 678; 67; 0; 572; 560; 464; 4095; 593
542; 538; 974; 682; 69; 0; 576; 544; 464; 4095; 587
540; 542; 974; 678; 65; 0; 572; 538; 469; 4095; 581
548; 532; 976; 674; 67; 0; 571; 544; 467; 4095; 580
551; 531; 974; 678; 66; 0; 573; 547; 474; 4095; 576
551; 528; 974; 681; 67; 0; 573; 539; 470; 4095; 567
545; 528; 965; 687; 64; 0; 566; 544; 471; 4095; 573
548; 517; 967; 691; 64; 0; 567; 540; 464; 4095; 567
543; 528; 975; 701; 64; 0; 569; 542; 470; 4095; 567
551; 525; 974; 708; 64; 0; 573; 539; 465; 4095; 567
546; 523; 970; 702; 64; 0; 569; 539; 470; 4095; 560
547; 523; 976; 699; 65; 0; 571; 538; 467; 4095; 560
545; 523; 962; 699; 59; 0; 573; 544; 470; 4095; 560
548; 522; 967; 697; 65; 0; 567; 540; 465; 4095; 528
551; 517; 963; 713; 65; 0; 571; 543; 475; 4095; 550
548; 518; 965; 702; 64; 0; 567; 546; 474; 4095; 548
545; 524; 954; 701; 64; 0; 565; 546; 467; 4095; 543
543; 525; 962; 710; 67; 0; 567; 545; 468; 4095; 545
543; 530; 960; 704; 67; 0; 550; 546; 474; 4095; 555
544; 521; 951; 705; 65; 0; 567; 544; 464; 4095; 548
544; 524; 957; 710; 64; 0; 570; 546; 476; 4095; 553
547; 525; 969; 709; 64; 0; 575; 545; 474; 4095; 555
541; 527; 961; 718; 69; 0; 573; 541; 476; 4095; 554
543; 526; 960; 711; 77; 0; 572; 540; 467; 4095; 547
544; 526; 958; 712; 64; 0; 571; 544; 477; 4095; 567
539; 524; 972; 711; 67; 0; 573; 545; 465; 4095; 561
543; 528; 965; 717; 65; 0; 576; 545; 479; 4095; 562
544; 528; 962; 721; 68; 0; 576; 549; 478; 4095; 561
545; 527; 954; 722; 64; 0; 576; 546; 469; 4095; 575
544; 507; 966; 720; 67; 0; 577; 544; 469; 4095; 561
544; 528; 971; 722; 68; 0; 576; 544; 475; 4095; 563
548; 528; 965; 719; 67; 0; 575; 547; 470; 4095; 575
545; 525; 951; 725; 65; 0; 574; 546; 470; 4095; 571
545; 523; 976; 723; 67; 0; 576; 525; 475; 4095; 566
545; 523; 966; 715; 66; 0; 575; 546; 467; 4095; 560
543; 522; 976; 726; 65; 0; 574; 544; 481; 4095; 571
553; 527; 972; 730; 64; 0; 576; 546; 471; 4095; 557
549; 523; 965; 725; 64; 0; 573; 546; 469; 4095; 554
548; 519; 967; 731; 66; 0; 572; 543; 473; 4095; 554
550; 521; 971; 733; 64; 0; 573; 545; 468; 4095; 561
545; 517; 974; 731; 69; 0; 571; 542; 476; 4095; 556
549; 525; 974; 726; 65; 0; 574; 544; 475; 4095; 560
554; 519; 960; 726; 69; 0; 571; 544; 475; 4095; 551
550; 521; 929; 722; 67; 0; 570; 545; 477; 4095; 550
550; 521; 961; 720; 69; 0; 572; 540; 474; 4095; 547
550; 511; 960; 717; 83; 0; 571; 543; 477; 4095; 550
530; 521; 966; 722; 66; 0; 567; 545; 456; 4095; 560
546; 525; 959; 715; 67; 0; 569; 546; 471; 4095; 546
547; 525; 969; 718; 64; 0; 567; 542; 475; 4095; 540
547; 524; 959; 714; 65; 0; 567; 547; 469; 4095; 542
546; 525; 958; 720; 68; 0; 566; 547; 474; 4095; 547
543; 525; 960; 718; 67; 0; 566; 546; 470; 4095; 549
543; 523; 954; 714; 66; 0; 565; 544; 474; 4095; 545
543; 528; 951; 710; 66; 0; 566; 545; 465; 4095; 547
543; 528; 958; 715; 68; 0; 566; 542; 475; 4095; 563
544; 530; 960; 714; 67; 0; 563; 546; 469; 4095; 560
542; 528; 963; 715; 65; 0; 562; 547; 469; 4095; 559
528; 528; 970; 714; 67; 0; 565; 545; 464; 4095; 558
547; 531; 969; 711; 65; 0; 565; 544; 469; 4095; 565
542; 528; 959; 699; 67; 0; 563; 547; 474; 4095; 563
545; 533; 967; 702; 64; 0; 563; 545; 478; 4095; 560
543; 528; 964; 702; 66; 0; 562; 547; 477; 4095; 566
543; 528; 963; 705; 66; 0; 567; 545; 478; 4095; 570
545; 530; 965; 703; 71; 0; 569; 547; 476; 4095; 565
544; 535; 965; 705; 68; 0; 571; 545; 470; 4095; 573
545; 531; 976; 707; 67; 0; 566; 546; 475; 4095; 570
544; 530; 971; 707; 69; 0; 570; 542; 469; 4095; 573
546; 532; 974; 701; 68; 0; 566; 541; 477; 4095; 561
544; 531; 974; 709; 69; 0; 560; 547; 471; 4095; 569
541; 532; 976; 701; 69; 0; 564; 549; 474; 4095; 559
545; 531; 955; 706; 67; 0; 571; 542; 473; 4095; 566
546; 535; 963; 706; 65; 0; 563; 546; 465; 4095; 567
544; 535; 970; 705; 67; 0; 568; 555; 475; 4095; 567
544; 533; 976; 712; 67; 0; 568; 545; 471; 4095; 566
547; 535; 970; 711; 68; 0; 571; 545; 476; 4095; 567
549; 539; 962; 720; 71; 0; 570; 545; 469; 4095; 583
546; 544; 966; 718; 69; 0; 571; 549; 471; 4095; 578
544; 550; 976; 721; 67; 0; 573; 546; 464; 4095; 573
545; 549; 973; 729; 75; 0; 571; 543; 474; 4095; 586
566; 547; 967; 720; 74; 0; 564; 547; 470; 4095; 592
546; 545; 971; 715; 68; 0; 575; 545; 473; 4095; 581
549; 549; 973; 720; 73; 0; 576; 547; 471; 4095; 592
545; 551; 976; 711; 69; 0; 577; 555; 476; 4095; 578
544; 550; 976; 714; 69; 0; 573; 542; 469; 4095; 585
549; 555; 981; 718; 68; 3; 573; 549; 471; 4095; 575
551; 549; 977; 713; 71; 0; 576; 549; 464; 4095; 580
549; 547; 972; 714; 69; 0; 575; 551; 471; 4095; 575
550; 550; 938; 713; 69; 0; 576; 549; 466; 4095; 577
548; 550; 977; 719; 70; 0; 576; 547; 466; 4095; 577
549; 549; 976; 720; 66; 0; 576; 549; 477; 4095; 574
537; 543; 979; 719; 67; 0; 576; 547; 471; 4095; 563
551; 542; 974; 706; 66; 0; 574; 546; 477; 4095; 560
549; 544; 976; 715; 67; 0; 573; 551; 471; 4095; 567
550; 544; 976; 715; 70; 0; 571; 550; 475; 4095; 560
549; 541; 976; 714; 66; 0; 570; 547; 468; 4095; 564
547; 535; 976; 705; 68; 0; 573; 546; 471; 4095; 569
549; 544; 974; 714; 69; 0; 573; 551; 468; 4095; 570
546; 543; 969; 712; 66; 0; 573; 550; 476; 4095; 563
552; 543; 954; 707; 69; 0; 571; 546; 478; 4095; 576
547; 544; 979; 704; 67; 0; 573; 548; 472; 4095; 574
550; 544; 976; 703; 69; 0; 575; 549; 479; 4095; 571
529; 545; 974; 702; 70; 0; 576; 549; 466; 4095; 582
550; 544; 987; 699; 73; 0; 573; 550; 477; 4095; 591
549; 542; 990; 694; 71; 0; 574; 551; 474; 4095; 589
551; 546; 977; 695; 69; 0; 571; 554; 474; 4095; 576
550; 547; 981; 691; 64; 0; 573; 547; 474; 4095; 575
548; 543; 975; 699; 70; 0; 572; 549; 474; 4095; 575
550; 543; 978; 688; 65; 0; 572; 547; 466; 4095; 560
550; 545; 990; 677; 66; 0; 572; 547; 466; 4095; 563
552; 539; 978; 678; 67; 0; 573; 549; 475; 4095; 567
554; 541; 989; 678; 69; 0; 568; 554; 474; 4095; 569
554; 538; 981; 677; 63; 0; 569; 549; 471; 4095; 561
553; 545; 977; 680; 67; 0; 564; 546; 468; 4095; 563
556; 539; 977; 677; 65; 0; 565; 547; 474; 4095; 555
555; 537; 978; 678; 69; 0; 567; 554; 469; 4095; 563
555; 533; 984; 679; 65; 0; 562; 547; 474; 4095; 556
550; 531; 982; 681; 65; 0; 560; 549; 478; 4095; 552
554; 529; 975; 681; 64; 0; 561; 550; 469; 4095; 557
551; 528; 976; 683; 67; 0; 560; 547; 478; 4095; 547
554; 528; 975; 678; 64; 0; 560; 546; 470; 4095; 544
550; 528; 961; 685; 65; 0; 560; 549; 470; 4095; 558
549; 528; 973; 677; 68; 0; 559; 545; 470; 4095; 560
549; 528; 975; 664; 66; 0; 559; 545; 466; 4095; 544
541; 523; 979; 675; 64; 0; 556; 545; 470; 4095; 585
548; 524; 976; 683; 66; 0; 559; 544; 471; 4095; 556
549; 524; 976; 683; 64; 0; 557; 547; 467; 4095; 551
551; 521; 982; 686; 61; 0; 556; 547; 478; 4095; 554
547; 518; 976; 688; 65; 0; 553; 546; 473; 4095; 542
550; 523; 971; 689; 64; 0; 556; 544; 465; 4095; 551
549; 526; 978; 686; 66; 0; 560; 548; 473; 4095; 539
550; 518; 976; 688; 65; 0; 560; 553; 475; 4095; 539
551; 521; 979; 699; 70; 0; 558; 551; 474; 4095; 532
548; 511; 971; 699; 65; 0; 557; 545; 464; 4095; 545
553; 523; 977; 693; 95; 0; 559; 546; 470; 4095; 533
550; 521; 972; 691; 64; 0; 560; 551; 461; 4095; 563
552; 521; 979; 692; 69; 0; 556; 553; 466; 4095; 551
551; 524; 977; 703; 64; 0; 560; 549; 469; 4095; 547
547; 528; 975; 699; 67; 0; 560; 551; 475; 4095; 554
552; 528; 973; 705; 67; 0; 560; 548; 473; 4095; 553
546; 567; 976; 705; 70; 0; 592; 554; 471; 4095; 562
553; 528; 979; 710; 71; 0; 560; 550; 471; 4095; 559
554; 528; 976; 720; 70; 0; 561; 553; 477; 4095; 560
555; 528; 971; 726; 70; 0; 567; 553; 473; 4095; 571
553; 530; 976; 726; 69; 0; 563; 554; 471; 4095; 571
550; 528; 974; 735; 64; 0; 563; 557; 478; 4095; 560
550; 530; 976; 731; 72; 0; 571; 556; 473; 4095; 545
555; 529; 976; 740; 72; 0; 567; 548; 483; 4095; 573
553; 527; 976; 739; 71; 0; 571; 550; 481; 4095; 577
553; 528; 983; 741; 68; 0; 571; 556; 483; 4095; 567
558; 528; 979; 739; 67; 0; 573; 554; 474; 4095; 567
558; 489; 988; 742; 72; 0; 557; 558; 482; 4095; 560
555; 528; 989; 739; 68; 0; 575; 553; 483; 4095; 567
559; 528; 991; 746; 69; 0; 570; 555; 480; 4095; 560
555; 524; 986; 739; 73; 0; 566; 558; 481; 4095; 560
557; 521; 985; 742; 69; 0; 572; 556; 476; 4095; 554
560; 526; 977; 739; 39; 0; 570; 553; 477; 4095; 550
577; 522; 979; 740; 73; 0; 563; 557; 469; 4095; 545
557; 522; 980; 739; 67; 0; 565; 554; 490; 4095; 544
557; 523; 982; 743; 69; 0; 564; 555; 475; 4095; 539
555; 520; 969; 735; 65; 0; 560; 542; 471; 4095; 541
554; 518; 977; 709; 64; 0; 560; 551; 475; 4095; 537
554; 508; 975; 740; 64; 0; 560; 550; 482; 4095; 528
550; 507; 976; 736; 64; 0; 560; 554; 473; 4095; 529
555; 503; 976; 737; 62; 0; 560; 547; 478; 4095; 528
554; 496; 947; 723; 62; 0; 556; 545; 484; 4095; 522
554; 496; 976; 724; 61; 0; 557; 549; 481; 4095; 509
554; 491; 969; 721; 59; 2; 551; 550; 470; 4095; 496
551; 487; 966; 721; 58; 0; 549; 550; 480; 4095; 525
547; 487; 958; 709; 54; 0; 546; 544; 477; 4095; 486
547; 482; 1005; 711; 58; 0; 544; 542; 479; 4095; 478
541; 481; 953; 707; 56; 0; 541; 542; 481; 4095; 467
535; 485; 948; 707; 62; 0; 535; 542; 478; 4095; 473
560; 481; 947; 706; 64; 0; 539; 539; 475; 4095; 470
528; 485; 938; 702; 61; 0; 530; 540; 465; 4095; 477
525; 491; 923; 695; 61; 0; 529; 542; 471; 4095; 481
528; 495; 933; 694; 58; 0; 528; 541; 476; 4095; 493
522; 496; 923; 687; 57; 0; 528; 538; 475; 4095; 499
521; 498; 933; 687; 61; 0; 535; 534; 465; 4095; 500
521; 500; 927; 685; 59; 0; 530; 541; 473; 4095; 511
509; 502; 940; 678; 59; 0; 528; 543; 475; 4095; 526
509; 507; 903; 676; 59; 0; 534; 543; 475; 4095; 527
517; 504; 928; 676; 60; 0; 531; 531; 474; 4095; 530
511; 501; 937; 686; 73; 0; 533; 545; 470; 4095; 537
522; 504; 941; 674; 61; 0; 535; 544; 478; 4095; 545
523; 501; 944; 679; 64; 0; 539; 548; 467; 4095; 543
523; 509; 945; 679; 64; 0; 540; 543; 475; 4095; 533
525; 499; 939; 676; 62; 0; 540; 544; 472; 4095; 541
525; 498; 944; 678; 64; 0; 543; 545; 467; 4095; 547
525; 545; 947; 687; 59; 0; 543; 544; 477; 4095; 541
528; 502; 948; 678; 62; 0; 537; 543; 478; 4095; 533
528; 498; 947; 685; 56; 0; 540; 546; 478; 4095; 544
528; 498; 945; 695; 63; 0; 534; 541; 475; 4095; 533
530; 496; 944; 691; 64; 0; 531; 546; 474; 4095; 531
528; 496; 944; 690; 60; 0; 534; 544; 479; 4095; 523
530; 496; 947; 705; 64; 0; 534; 545; 474; 4095; 511
528; 491; 944; 703; 64; 0; 538; 541; 472; 4095; 528
528; 493; 951; 688; 61; 0; 531; 544; 481; 4095; 528
528; 492; 948; 701; 58; 0; 538; 545; 477; 4095; 537
528; 494; 943; 683; 59; 0; 534; 544; 479; 4095; 528
528; 496; 958; 698; 61; 0; 543; 544; 471; 4095; 528
528; 493; 955; 691; 64; 0; 535; 542; 470; 4095; 522
531; 487; 944; 685; 64; 0; 533; 541; 466; 4095; 523
528; 490; 939; 687; 61; 0; 535; 543; 469; 4095; 509
533; 491; 944; 692; 61; 0; 535; 548; 470; 4095; 526
528; 491; 946; 689; 64; 0; 541; 543; 467; 4095; 524
528; 496; 945; 688; 62; 0; 539; 544; 458; 4095; 522
531; 490; 948; 684; 65; 0; 543; 543; 481; 4095; 545
528; 493; 974; 689; 62; 0; 540; 546; 478; 4095; 535
529; 491; 944; 689; 64; 0; 541; 542; 470; 4095; 533
528; 491; 951; 702; 66; 0; 547; 546; 472; 4095; 539
529; 497; 950; 702; 64; 0; 546; 542; 469; 4095; 543
528; 497; 960; 702; 67; 0; 549; 543; 464; 4095; 545
532; 500; 955; 709; 68; 0; 550; 548; 474; 4095; 549
533; 501; 954; 703; 65; 0; 551; 547; 473; 4095; 552
534; 500; 958; 697; 64; 0; 551; 545; 466; 4095; 560
531; 502; 954; 694; 67; 0; 555; 547; 475; 4095; 551
535; 500; 950; 689; 64; 0; 558; 547; 470; 4095; 557
534; 503; 958; 687; 65; 0; 556; 548; 473; 4095; 561
539; 507; 964; 686; 64; 0; 559; 545; 468; 4095; 560
539; 507; 962; 683; 65; 0; 559; 547; 475; 4095; 570
534; 517; 966; 666; 64; 0; 560; 551; 467; 4095; 563
563; 511; 966; 688; 65; 0; 560; 544; 464; 4095; 562
539; 508; 971; 691; 67; 0; 560; 546; 474; 4095; 574
543; 517; 970; 688; 71; 0; 561; 546; 476; 4095; 563
541; 510; 976; 688; 64; 0; 562; 548; 473; 4095; 571
544; 510; 967; 675; 67; 0; 562; 546; 465; 4095; 567
540; 554; 977; 661; 67; 0; 583; 546; 473; 4095; 575
544; 521; 976; 650; 69; 0; 562; 545; 464; 4095; 575
543; 519; 981; 637; 66; 0; 560; 543; 463; 4095; 571
543; 519; 973; 622; 64; 0; 565; 550; 461; 4095; 562
546; 517; 975; 609; 69; 0; 567; 543; 461; 4095; 562
546; 523; 978; 602; 78; 0; 561; 551; 462; 4095; 566
533; 517; 976; 592; 66; 0; 560; 547; 454; 4095; 569
545; 511; 976; 586; 66; 0; 563; 549; 463; 4095; 567
547; 521; 979; 575; 64; 0; 567; 547; 462; 4095; 566
549; 518; 979; 562; 65; 0; 564; 550; 458; 4095; 563
547; 519; 976; 564; 65; 0; 566; 550; 453; 4095; 570
553; 507; 982; 545; 69; 0; 567; 544; 461; 4095; 565
549; 519; 979; 541; 64; 0; 569; 551; 451; 4095; 576
549; 511; 986; 529; 65; 0; 569; 548; 458; 4095; 572
551; 518; 990; 523; 66; 0; 566; 553; 455; 4095; 566
547; 509; 980; 521; 65; 0; 564; 551; 450; 4095; 560
550; 506; 990; 509; 82; 0; 564; 549; 452; 4095; 560
555; 507; 987; 496; 63; 0; 563; 545; 432; 4095; 570
550; 500; 981; 487; 64; 0; 569; 551; 449; 4095; 560
554; 496; 978; 486; 63; 0; 571; 545; 446; 4095; 559
556; 496; 986; 483; 64; 0; 566; 549; 444; 4095; 554
553; 496; 977; 467; 64; 0; 567; 550; 439; 4095; 557
549; 496; 986; 471; 64; 0; 569; 548; 443; 4095; 491
554; 493; 977; 466; 64; 0; 567; 555; 438; 4095; 554
550; 493; 982; 462; 62; 0; 566; 547; 437; 4095; 554
547; 492; 983; 459; 64; 0; 562; 550; 434; 4095; 542
553; 494; 981; 464; 64; 0; 565; 559; 444; 4095; 544
554; 490; 979; 453; 65; 0; 565; 548; 439; 4095; 545
551; 490; 990; 457; 64; 0; 562; 546; 435; 4095; 546
553; 488; 978; 448; 62; 0; 562; 553; 435; 4095; 534
545; 485; 973; 459; 62; 0; 565; 553; 434; 4095; 537
548; 485; 978; 461; 64; 0; 561; 543; 437; 4095; 539
546; 475; 978; 464; 53; 0; 561; 548; 438; 4095; 531
538; 478; 986; 464; 54; 0; 559; 549; 477; 4095; 506
550; 477; 979; 465; 58; 0; 557; 550; 444; 4095; 511
549; 471; 981; 465; 57; 0; 550; 546; 448; 4095; 509
549; 473; 974; 476; 55; 0; 549; 547; 443; 4095; 496
544; 465; 965; 466; 56; 0; 546; 549; 445; 4095; 496
542; 464; 963; 462; 51; 0; 553; 547; 443; 4095; 490
535; 461; 961; 460; 54; 0; 541; 544; 438; 4095; 487
538; 462; 951; 462; 50; 0; 540; 544; 441; 4095; 495
532; 463; 960; 446; 56; 0; 537; 544; 432; 4095; 487
528; 458; 953; 449; 51; 0; 541; 530; 438; 4095; 489
528; 455; 954; 450; 66; 0; 540; 544; 444; 4095; 486
527; 452; 955; 451; 52; 0; 534; 540; 432; 4095; 479
528; 453; 955; 459; 52; 0; 535; 543; 444; 4095; 480
526; 448; 943; 464; 54; 0; 530; 541; 445; 4095; 475
528; 453; 956; 468; 52; 0; 531; 542; 439; 4095; 471
524; 448; 944; 449; 49; 0; 528; 542; 437; 4095; 465
522; 437; 944; 476; 51; 0; 555; 541; 437; 4095; 462
520; 448; 930; 486; 51; 0; 527; 535; 439; 4095; 465
518; 450; 929; 495; 51; 0; 526; 541; 438; 4095; 465
519; 453; 937; 494; 52; 0; 522; 537; 439; 4095; 464
509; 445; 928; 505; 51; 0; 521; 535; 439; 4095; 463
506; 448; 927; 519; 53; 0; 521; 531; 441; 4095; 471
506; 451; 918; 525; 51; 0; 523; 534; 446; 4095; 464
503; 451; 923; 539; 53; 0; 523; 533; 439; 4095; 474
501; 451; 918; 551; 54; 0; 524; 539; 445; 4095; 477
498; 457; 915; 561; 55; 0; 527; 534; 448; 4095; 468
502; 452; 928; 572; 54; 0; 522; 534; 436; 4095; 464
486; 451; 926; 579; 52; 0; 528; 539; 416; 4095; 475
497; 453; 919; 592; 55; 0; 528; 530; 448; 4095; 479
500; 457; 922; 604; 58; 0; 528; 535; 447; 4095; 489
499; 460; 925; 610; 55; 0; 528; 535; 445; 4095; 493
502; 455; 923; 608; 55; 0; 528; 535; 449; 4095; 496
501; 464; 924; 615; 59; 0; 523; 540; 447; 4095; 492
505; 455; 929; 621; 60; 0; 533; 539; 447; 4095; 490
505; 464; 923; 619; 60; 0; 533; 535; 453; 4095; 493
502; 464; 931; 625; 60; 0; 534; 537; 448; 4095; 498
508; 465; 925; 629; 59; 0; 533; 525; 449; 4095; 496
507; 467; 919; 638; 37; 0; 538; 535; 452; 4095; 507
510; 474; 928; 639; 64; 0; 542; 538; 451; 4095; 522
511; 473; 925; 641; 61; 0; 538; 541; 476; 4095; 481
518; 473; 976; 650; 63; 0; 541; 539; 453; 4095; 511
517; 479; 932; 656; 64; 0; 540; 542; 448; 4095; 519
511; 479; 943; 658; 63; 0; 539; 537; 449; 4095; 528
522; 477; 930; 657; 60; 0; 545; 543; 450; 4095; 527
522; 469; 943; 656; 58; 0; 542; 545; 453; 4095; 517
519; 470; 939; 666; 63; 0; 542; 539; 457; 4095; 522
521; 465; 929; 656; 60; 0; 541; 544; 451; 4095; 507
522; 465; 934; 666; 62; 0; 544; 541; 455; 4095; 502
522; 461; 927; 663; 60; 0; 541; 545; 453; 4095; 489
522; 461; 925; 662; 57; 0; 544; 539; 460; 4095; 483
518; 459; 924; 665; 58; 0; 536; 534; 453; 4095; 470
517; 458; 942; 658; 54; 0; 539; 538; 457; 4095; 475
509; 454; 913; 660; 54; 0; 534; 545; 457; 4095; 476
509; 458; 908; 657; 61; 0; 535; 535; 451; 4095; 471
525; 457; 911; 662; 53; 0; 528; 531; 462; 4095; 511
502; 453; 911; 661; 57; 0; 528; 535; 453; 4095; 463
502; 454; 912; 666; 57; 0; 529; 531; 458; 4095; 455
502; 451; 902; 665; 60; 0; 528; 535; 451; 4095; 467
501; 451; 906; 668; 58; 0; 527; 536; 455; 4095; 454
501; 446; 902; 669; 57; 0; 528; 539; 453; 4095; 458
501; 446; 903; 676; 53; 0; 529; 540; 453; 4095; 452
496; 445; 910; 675; 55; 0; 528; 535; 457; 4095; 454
499; 448; 896; 674; 51; 0; 526; 531; 457; 4095; 452
498; 447; 896; 666; 54; 0; 519; 542; 459; 4095; 447
499; 450; 890; 661; 48; 0; 521; 531; 453; 4095; 442
499; 445; 898; 667; 58; 0; 522; 533; 467; 4095; 451
495; 452; 880; 667; 51; 0; 518; 531; 455; 4095; 449
493; 454; 891; 667; 53; 0; 507; 532; 455; 4095; 453
494; 450; 883; 662; 53; 0; 511; 534; 451; 4095; 446
493; 453; 881; 656; 57; 0; 506; 535; 449; 4095; 458
490; 451; 883; 657; 57; 0; 518; 531; 450; 4095; 461
489; 461; 889; 655; 53; 0; 511; 534; 453; 4095; 463
489; 459; 887; 656; 55; 0; 518; 531; 452; 4095; 468
491; 464; 887; 647; 59; 0; 511; 533; 451; 4095; 478
493; 464; 887; 643; 55; 0; 521; 536; 459; 4095; 480
487; 483; 893; 639; 55; 0; 509; 539; 453; 4095; 496
492; 465; 894; 642; 57; 0; 527; 535; 454; 4095; 490
491; 470; 900; 637; 58; 0; 528; 535; 448; 4095; 491
495; 474; 911; 636; 64; 0; 528; 537; 451; 4095; 499
496; 471; 893; 634; 55; 0; 528; 521; 451; 4095; 499
494; 479; 896; 638; 45; 0; 534; 534; 453; 4095; 496
496; 477; 897; 639; 64; 0; 529; 539; 449; 4095; 490
497; 480; 902; 627; 64; 0; 528; 534; 445; 4095; 507
497; 484; 906; 627; 64; 0; 533; 535; 453; 4095; 518
499; 489; 905; 617; 62; 0; 537; 537; 455; 4095; 511
503; 477; 898; 666; 62; 0; 539; 541; 451; 4095; 511
503; 481; 912; 621; 58; 0; 535; 541; 451; 4095; 526
505; 485; 919; 626; 64; 0; 542; 539; 450; 4095; 528
503; 484; 916; 632; 59; 0; 539; 537; 450; 4095; 510
503; 482; 915; 634; 62; 0; 539; 539; 449; 4095; 522
507; 484; 913; 641; 64; 0; 538; 550; 457; 4095; 518
508; 479; 916; 635; 62; 0; 541; 540; 451; 4095; 511
511; 479; 926; 643; 64; 0; 540; 539; 449; 4095; 510
511; 471; 912; 650; 63; 0; 542; 539; 454; 4095; 507
518; 465; 938; 650; 54; 0; 539; 538; 451; 4095; 503
517; 468; 912; 659; 58; 0; 540; 534; 450; 4095; 492
523; 464; 923; 671; 54; 0; 537; 539; 458; 4095; 491
519; 459; 912; 656; 53; 0; 535; 539; 451; 4095; 503
518; 462; 912; 655; 54; 0; 532; 539; 454; 4095; 476
511; 453; 906; 661; 57; 0; 529; 539; 448; 4095; 462
508; 456; 909; 655; 54; 0; 528; 533; 451; 4095; 470
508; 451; 897; 654; 58; 0; 528; 530; 453; 4095; 453
503; 432; 897; 647; 52; 0; 517; 537; 454; 4095; 448
502; 447; 894; 647; 48; 0; 517; 530; 451; 4095; 450
499; 443; 890; 650; 53; 0; 511; 534; 454; 4095; 438
498; 443; 892; 647; 51; 0; 509; 531; 457; 4095; 442
497; 446; 884; 646; 48; 0; 511; 510; 448; 4095; 439
495; 437; 879; 645; 44; 0; 509; 529; 451; 4095; 435
493; 438; 880; 645; 50; 0; 502; 528; 448; 4095; 423
494; 442; 874; 639; 48; 0; 501; 526; 449; 4095; 432
491; 437; 876; 641; 51; 0; 498; 529; 458; 4095; 430
492; 437; 874; 640; 50; 0; 500; 528; 448; 4095; 426
493; 434; 860; 609; 49; 0; 499; 529; 454; 4095; 429
492; 442; 870; 639; 48; 0; 506; 527; 457; 4095; 434
487; 437; 869; 640; 56; 0; 501; 530; 449; 4095; 432
491; 439; 865; 636; 54; 0; 497; 528; 451; 4095; 435
490; 437; 868; 638; 51; 0; 496; 537; 455; 4095; 442
488; 437; 869; 637; 48; 0; 498; 533; 449; 4095; 432
495; 433; 871; 635; 48; 0; 496; 529; 454; 4095; 435
491; 432; 865; 635; 52; 0; 495; 528; 455; 4095; 425
496; 432; 869; 631; 50; 0; 495; 532; 455; 4095; 428
495; 434; 864; 626; 53; 0; 496; 534; 454; 4095; 434
493; 436; 865; 624; 51; 0; 496; 538; 457; 4095; 443
495; 436; 865; 649; 47; 0; 496; 528; 455; 4095; 433
493; 439; 859; 624; 52; 0; 496; 533; 431; 4095; 435
494; 440; 868; 624; 57; 0; 495; 531; 452; 4095; 451
496; 442; 861; 624; 51; 0; 496; 529; 459; 4095; 453
495; 445; 858; 630; 55; 0; 497; 530; 462; 4095; 451
496; 441; 861; 630; 55; 0; 496; 534; 455; 4095; 464
496; 445; 870; 634; 58; 0; 499; 533; 453; 4095; 461
496; 446; 865; 634; 56; 0; 501; 531; 454; 4095; 465
500; 443; 875; 642; 54; 0; 506; 529; 461; 4095; 464
500; 442; 874; 654; 56; 0; 507; 532; 457; 4095; 463
499; 439; 861; 655; 57; 0; 504; 529; 455; 4095; 464
496; 443; 880; 656; 49; 4; 509; 533; 464; 4095; 469
505; 435; 878; 656; 53; 0; 506; 537; 449; 4095; 466
503; 438; 871; 658; 52; 0; 503; 530; 459; 4095; 466
502; 434; 878; 649; 51; 0; 502; 530; 448; 4095; 459
503; 439; 881; 639; 50; 0; 505; 531; 451; 4095; 454
505; 439; 880; 649; 48; 0; 498; 536; 457; 4095; 465
501; 437; 880; 634; 54; 0; 501; 533; 457; 4095; 461
506; 438; 873; 633; 53; 0; 501; 529; 453; 4095; 467
503; 443; 879; 624; 49; 0; 499; 538; 454; 4095; 471
503; 443; 879; 630; 54; 0; 496; 530; 450; 4095; 465
498; 446; 880; 625; 48; 0; 497; 529; 459; 4095; 475
505; 451; 869; 626; 51; 0; 498; 529; 451; 4095; 472
498; 448; 880; 628; 51; 0; 496; 531; 456; 4095; 465
503; 454; 880; 638; 51; 0; 502; 528; 457; 4095; 465
500; 453; 923; 640; 54; 0; 496; 532; 454; 4095; 485
500; 449; 883; 637; 54; 0; 502; 533; 447; 4095; 480
497; 453; 885; 656; 37; 0; 502; 531; 458; 4095; 487
505; 451; 880; 656; 53; 0; 503; 533; 455; 4095; 528
503; 455; 882; 650; 55; 0; 506; 528; 461; 4095; 481
497; 453; 887; 656; 56; 0; 509; 534; 454; 4095; 493
500; 456; 887; 662; 53; 0; 503; 531; 453; 4095; 482
502; 454; 882; 667; 60; 0; 509; 533; 448; 4095; 485
501; 461; 889; 671; 55; 0; 525; 534; 457; 4095; 478
508; 451; 893; 670; 58; 0; 507; 538; 463; 4095; 481
504; 459; 886; 677; 62; 0; 517; 531; 454; 4095; 485
507; 451; 890; 688; 58; 0; 519; 531; 462; 4095; 478
506; 451; 883; 688; 52; 0; 521; 535; 457; 4095; 483
509; 449; 884; 689; 48; 0; 521; 541; 464; 4095; 484
510; 449; 890; 691; 61; 0; 522; 538; 490; 4095; 496
510; 448; 891; 695; 61; 0; 527; 533; 462; 4095; 479
511; 451; 893; 688; 63; 0; 522; 535; 458; 4095; 480
510; 451; 891; 690; 62; 0; 526; 535; 463; 4095; 475
509; 449; 897; 679; 58; 0; 524; 539; 462; 4095; 485
511; 448; 896; 702; 60; 0; 525; 535; 463; 4095; 480
520; 454; 898; 701; 59; 0; 525; 538; 465; 4095; 482
517; 451; 898; 699; 58; 0; 525; 539; 462; 4095; 481
517; 455; 898; 706; 57; 0; 528; 535; 461; 4095; 479
511; 453; 893; 709; 61; 0; 528; 539; 464; 4095; 469
510; 453; 899; 709; 64; 0; 530; 540; 464; 4095; 481
520; 457; 890; 715; 60; 0; 528; 535; 461; 4095; 483
523; 457; 902; 720; 64; 0; 528; 535; 464; 4095; 487
524; 458; 896; 720; 57; 0; 530; 540; 462; 4095; 467
519; 457; 891; 719; 63; 0; 528; 538; 462; 4095; 479
520; 459; 899; 717; 66; 0; 531; 538; 464; 4095; 487
528; 461; 908; 718; 60; 0; 537; 534; 462; 4095; 459
523; 462; 903; 713; 64; 0; 560; 541; 463; 4095; 483
525; 464; 910; 718; 62; 0; 533; 539; 463; 4095; 490
524; 464; 901; 720; 61; 0; 535; 541; 466; 4095; 484
528; 463; 888; 723; 59; 0; 536; 540; 464; 4095; 487
528; 429; 907; 720; 64; 0; 550; 539; 462; 4095; 493
526; 464; 910; 725; 64; 0; 533; 541; 464; 4095; 490
526; 462; 912; 713; 64; 0; 539; 539; 464; 4095; 489
528; 463; 902; 720; 64; 0; 539; 539; 464; 4095; 496
528; 463; 910; 720; 64; 0; 539; 505; 458; 4095; 493
530; 464; 897; 720; 75; 0; 535; 535; 461; 4095; 495
511; 469; 917; 721; 63; 0; 541; 543; 464; 4095; 509
528; 469; 909; 718; 64; 0; 543; 543; 463; 4095; 496
530; 471; 915; 720; 64; 0; 546; 544; 464; 4095; 505
528; 470; 912; 724; 63; 0; 544; 546; 464; 4095; 506
531; 473; 919; 734; 64; 0; 544; 546; 467; 4095; 499
533; 470; 912; 733; 64; 0; 547; 545; 467; 4095; 522
533; 470; 915; 737; 66; 0; 548; 545; 465; 4095; 519
530; 473; 921; 733; 64; 0; 548; 539; 464; 4095; 508
534; 470; 922; 741; 65; 0; 548; 546; 466; 4095; 527
533; 474; 927; 745; 64; 0; 556; 542; 461; 4095; 511
534; 470; 928; 745; 63; 0; 553; 541; 466; 4095; 511
535; 476; 928; 738; 64; 0; 556; 543; 464; 4095; 483
537; 473; 926; 722; 64; 0; 553; 539; 464; 4095; 519
533; 479; 925; 720; 69; 0; 554; 541; 463; 4095; 507
534; 480; 927; 714; 69; 0; 551; 545; 464; 4095; 509
535; 481; 925; 719; 68; 0; 555; 543; 464; 4095; 503
531; 478; 926; 715; 65; 0; 554; 545; 464; 4095; 510
538; 480; 925; 709; 68; 0; 557; 538; 464; 4095; 503
538; 481; 927; 719; 71; 0; 559; 541; 466; 4095; 511
534; 485; 923; 710; 67; 0; 560; 544; 464; 4095; 524
534; 485; 934; 723; 66; 0; 560; 543; 467; 4095; 503
536; 482; 921; 720; 71; 0; 560; 545; 464; 4095; 516
535; 482; 927; 717; 71; 0; 560; 541; 464; 4095; 517
535; 483; 931; 720; 72; 0; 560; 541; 464; 4095; 521
534; 484; 926; 717; 71; 0; 562; 545; 464; 4095; 510
533; 490; 931; 709; 72; 0; 561; 546; 464; 4095; 528
533; 490; 935; 704; 90; 0; 561; 546; 464; 4095; 522
526; 491; 928; 701; 67; 0; 562; 546; 464; 4095; 511
534; 492; 944; 707; 71; 0; 561; 545; 464; 4095; 529
538; 492; 943; 702; 75; 0; 563; 544; 464; 4095; 530
535; 491; 935; 695; 70; 0; 562; 543; 466; 4095; 528
538; 493; 934; 693; 67; 0; 563; 548; 464; 4095; 521
535; 537; 939; 698; 70; 0; 562; 543; 463; 4095; 531
539; 496; 939; 694; 66; 0; 561; 545; 464; 4095; 528
538; 495; 944; 688; 70; 0; 562; 547; 463; 4095; 530
541; 494; 940; 690; 67; 0; 565; 545; 465; 4095; 531
538; 489; 936; 689; 67; 0; 565; 531; 464; 4095; 511
541; 482; 941; 688; 49; 0; 561; 544; 464; 4095; 507
541; 477; 941; 688; 61; 0; 561; 549; 462; 4095; 509
538; 480; 941; 671; 64; 0; 560; 545; 464; 4095; 509
542; 470; 944; 673; 64; 0; 560; 545; 464; 4095; 494
539; 467; 929; 670; 59; 0; 556; 545; 464; 4095; 482
543; 470; 926; 672; 64; 0; 557; 541; 464; 4095; 479
539; 466; 917; 669; 62; 0; 556; 540; 464; 4095; 473
537; 464; 919; 673; 64; 0; 547; 545; 455; 4095; 469
539; 466; 913; 667; 59; 0; 549; 543; 457; 4095; 466
541; 464; 919; 663; 61; 0; 545; 543; 464; 4095; 464
539; 464; 911; 667; 62; 0; 545; 560; 465; 4095; 459
539; 464; 916; 666; 55; 0; 541; 542; 461; 4095; 451
533; 462; 903; 662; 63; 0; 541; 538; 479; 4095; 494
537; 462; 903; 669; 62; 0; 539; 541; 464; 4095; 455
533; 463; 933; 669; 64; 0; 538; 538; 458; 4095; 449
530; 464; 906; 675; 59; 0; 534; 534; 460; 4095; 458
528; 462; 903; 665; 64; 0; 533; 539; 459; 4095; 464
529; 458; 900; 666; 63; 0; 534; 543; 461; 4095; 463
528; 461; 911; 667; 58; 0; 538; 537; 461; 4095; 453
528; 464; 899; 667; 59; 0; 537; 543; 457; 4095; 462
528; 463; 901; 672; 63; 0; 535; 544; 465; 4095; 464
528; 464; 911; 671; 63; 0; 535; 541; 461; 4095; 458
528; 453; 906; 671; 59; 0; 539; 544; 464; 4095; 467
528; 463; 913; 675; 60; 0; 534; 545; 457; 4095; 475
531; 464; 909; 672; 64; 0; 535; 545; 464; 4095; 478
530; 464; 901; 681; 61; 0; 542; 541; 464; 4095; 470
528; 464; 905; 681; 63; 0; 540; 541; 455; 4095; 486
529; 465; 912; 675; 64; 0; 539; 546; 459; 4095; 481
535; 465; 912; 687; 64; 0; 538; 543; 464; 4095; 463
532; 467; 911; 686; 64; 0; 540; 542; 464; 4095; 487
531; 471; 912; 684; 64; 0; 544; 543; 461; 4095; 496
531; 470; 915; 682; 64; 0; 545; 546; 464; 4095; 498
531; 475; 919; 673; 64; 0; 545; 545; 463; 4095; 500
533; 486; 922; 675; 64; 0; 527; 542; 464; 4095; 510
537; 479; 918; 674; 64; 0; 551; 546; 464; 4095; 518
531; 481; 916; 682; 64; 0; 547; 544; 459; 4095; 525
540; 482; 917; 683; 65; 0; 547; 547; 462; 4095; 522
538; 480; 923; 688; 64; 0; 555; 547; 466; 4095; 529
538; 477; 925; 688; 66; 0; 551; 544; 463; 4095; 524
534; 476; 920; 691; 64; 0; 553; 546; 464; 4095; 519
540; 469; 931; 702; 64; 0; 557; 548; 466; 4095; 521
541; 467; 928; 690; 64; 0; 554; 548; 469; 4095; 522
541; 469; 940; 699; 61; 0; 554; 546; 467; 4095; 503
543; 464; 931; 734; 62; 0; 546; 546; 466; 4095; 498
544; 464; 925; 698; 61; 0; 554; 545; 468; 4095; 499
541; 464; 917; 688; 62; 0; 543; 544; 464; 4095; 495
540; 462; 927; 691; 63; 0; 547; 542; 465; 4095; 474
543; 461; 926; 688; 58; 0; 541; 545; 462; 4095; 476
543; 457; 919; 689; 63; 0; 543; 546; 465; 4095; 473
538; 458; 923; 691; 63; 0; 541; 540; 464; 4095; 469
528; 460; 917; 704; 63; 0; 539; 541; 465; 4095; 485
537; 456; 918; 702; 64; 0; 543; 540; 464; 4095; 465
541; 458; 912; 705; 62; 0; 541; 541; 464; 4095; 474
542; 459; 919; 710; 62; 0; 541; 569; 466; 4095; 474
539; 457; 918; 710; 58; 0; 540; 541; 466; 4095; 468
541; 458; 915; 703; 62; 0; 543; 542; 457; 4095; 479
535; 462; 926; 715; 62; 0; 543; 541; 467; 4095; 481
539; 460; 919; 711; 63; 0; 545; 544; 465; 4095; 479
539; 459; 916; 718; 62; 0; 541; 545; 464; 4095; 477
535; 459; 918; 720; 64; 0; 544; 545; 464; 4095; 479
533; 449; 912; 714; 61; 0; 542; 545; 464; 4095; 495
540; 455; 912; 720; 64; 0; 545; 539; 467; 4095; 492
538; 456; 923; 722; 64; 0; 542; 544; 464; 4095; 492
535; 454; 921; 720; 62; 0; 543; 545; 464; 4095; 483
535; 453; 914; 720; 60; 0; 543; 547; 464; 4095; 491
540; 453; 925; 720; 63; 0; 535; 544; 465; 4095; 474
544; 453; 917; 724; 61; 0; 539; 549; 461; 4095; 483
538; 451; 919; 718; 62; 0; 539; 541; 464; 4095; 481
534; 452; 923; 709; 59; 0; 538; 541; 464; 4095; 480
535; 451; 916; 715; 55; 0; 535; 545; 464; 4095; 485
539; 455; 912; 699; 63; 0; 534; 542; 465; 4095; 487
536; 452; 913; 718; 61; 0; 550; 546; 460; 4095; 480
539; 454; 917; 708; 63; 0; 531; 547; 461; 4095; 478
534; 450; 912; 704; 59; 0; 529; 545; 466; 4095; 473
538; 447; 886; 704; 57; 0; 529; 538; 472; 4095; 481
534; 444; 925; 696; 56; 0; 529; 534; 464; 4095; 483
538; 445; 919; 679; 55; 0; 528; 546; 466; 4095; 467
538; 441; 917; 674; 53; 0; 526; 544; 464; 4095; 464
538; 433; 912; 657; 51; 0; 519; 543; 455; 4095; 479
533; 437; 887; 647; 52; 0; 518; 539; 461; 4095; 467
535; 435; 912; 631; 50; 0; 517; 534; 461; 4095; 460
531; 439; 918; 633; 50; 0; 505; 538; 461; 4095; 462
530; 432; 914; 622; 50; 0; 508; 541; 454; 4095; 463
528; 432; 912; 606; 49; 0; 503; 531; 457; 4095; 455
527; 433; 907; 602; 47; 0; 503; 533; 446; 4095; 457
521; 434; 899; 592; 49; 0; 501; 533; 450; 4095; 451
518; 432; 901; 589; 48; 0; 499; 531; 448; 4095; 456
511; 435; 905; 581; 53; 0; 497; 533; 451; 4095; 438
507; 433; 896; 567; 49; 0; 496; 531; 450; 4095; 459
503; 441; 896; 560; 49; 0; 496; 531; 445; 4095; 443
497; 441; 882; 554; 49; 0; 495; 529; 442; 4095; 448
501; 445; 896; 544; 48; 0; 495; 534; 448; 4095; 445
496; 440; 887; 547; 25; 0; 493; 531; 441; 4095; 437
496; 444; 883; 531; 48; 0; 495; 530; 434; 4095; 445
495; 447; 880; 510; 51; 0; 491; 530; 437; 4095; 447
496; 445; 879; 501; 48; 0; 494; 531; 435; 4095; 450
492; 447; 892; 499; 49; 0; 491; 529; 434; 4095; 444
491; 441; 881; 496; 50; 0; 487; 528; 434; 4095; 452
493; 423; 880; 499; 55; 0; 486; 532; 439; 4095; 450
495; 443; 884; 497; 49; 0; 491; 530; 437; 4095; 464
493; 434; 882; 499; 51; 0; 493; 531; 439; 4095; 447
494; 432; 878; 523; 51; 0; 494; 528; 437; 4095; 447
494; 435; 883; 518; 49; 0; 496; 511; 435; 4095; 432
495; 432; 889; 524; 49; 0; 495; 530; 436; 4095; 435
492; 434; 880; 528; 50; 0; 495; 534; 436; 4095; 470
496; 429; 886; 527; 48; 0; 494; 528; 436; 4095; 432
497; 431; 879; 530; 48; 0; 487; 533; 443; 4095; 432
496; 431; 880; 528; 48; 0; 484; 530; 434; 4095; 416
496; 425; 877; 559; 48; 0; 489; 528; 445; 4095; 419
496; 429; 876; 526; 48; 0; 476; 528; 432; 4095; 425
494; 428; 861; 522; 48; 0; 486; 528; 435; 4095; 421
493; 427; 878; 523; 48; 0; 487; 527; 443; 4095; 413
495; 426; 871; 528; 48; 0; 482; 529; 442; 4095; 417
493; 430; 863; 527; 48; 0; 487; 528; 443; 4095; 416
496; 423; 863; 529; 48; 0; 486; 529; 446; 4095; 415
493; 425; 865; 537; 48; 0; 485; 529; 439; 4095; 416
493; 425; 863; 542; 48; 0; 485; 528; 437; 4095; 425
491; 426; 861; 535; 48; 0; 487; 531; 432; 4095; 419
491; 427; 851; 533; 48; 0; 492; 528; 440; 4095; 426
491; 427; 865; 518; 82; 0; 489; 528; 437; 4095; 421
477; 432; 865; 524; 50; 0; 487; 528; 435; 4095; 432
491; 430; 859; 517; 49; 0; 492; 529; 432; 4095; 441
492; 432; 851; 511; 51; 0; 496; 530; 440; 4095; 445
490; 433; 855; 510; 52; 0; 493; 532; 439; 4095; 444
493; 435; 858; 509; 51; 0; 496; 534; 433; 4095; 449
495; 423; 859; 506; 54; 0; 502; 531; 437; 4095; 449
491; 432; 874; 511; 52; 0; 500; 528; 432; 4095; 446
496; 431; 871; 525; 50; 0; 499; 528; 439; 4095; 458
496; 432; 864; 527; 50; 0; 497; 528; 435; 4095; 442
492; 428; 858; 532; 52; 0; 500; 561; 441; 4095; 438
495; 430; 860; 538; 47; 0; 505; 533; 443; 4095; 444
495; 432; 871; 545; 50; 0; 500; 530; 444; 4095; 448
496; 431; 867; 541; 57; 0; 503; 530; 435; 4095; 448
496; 432; 875; 545; 53; 0; 503; 528; 438; 4095; 445
497; 432; 872; 553; 52; 0; 506; 528; 440; 4095; 446
497; 431; 867; 556; 55; 0; 509; 533; 439; 4095; 442
499; 407; 874; 554; 53; 0; 489; 533; 441; 4095; 445
501; 432; 870; 556; 51; 0; 505; 534; 437; 4095; 436
503; 423; 873; 557; 52; 0; 507; 532; 442; 4095; 431
503; 425; 871; 559; 52; 0; 506; 531; 441; 4095; 438
503; 421; 816; 560; 48; 0; 503; 532; 442; 4095; 431
506; 420; 869; 563; 50; 0; 502; 530; 448; 4095; 411
499; 418; 865; 563; 48; 0; 502; 533; 438; 4095; 419
498; 418; 851; 564; 48; 0; 496; 528; 448; 4095; 417
499; 416; 862; 562; 50; 0; 495; 529; 440; 4095; 428
496; 423; 848; 560; 48; 0; 491; 528; 435; 4095; 429
495; 421; 854; 582; 48; 0; 495; 528; 438; 4095; 425
493; 417; 848; 553; 52; 0; 494; 528; 442; 4095; 430
496; 429; 854; 542; 55; 0; 495; 529; 443; 4095; 418
496; 426; 847; 543; 48; 0; 496; 528; 427; 4095; 438
490; 420; 848; 544; 50; 0; 491; 528; 436; 4095; 432
487; 422; 845; 546; 51; 0; 496; 528; 432; 4095; 443
491; 421; 861; 550; 50; 0; 496; 531; 432; 4095; 443
491; 430; 850; 560; 54; 0; 496; 528; 438; 4095; 448
493; 432; 848; 566; 55; 0; 499; 528; 436; 4095; 457
487; 431; 845; 570; 48; 0; 497; 530; 445; 4095; 454
488; 432; 861; 576; 53; 0; 499; 528; 441; 4095; 466
490; 432; 865; 579; 52; 0; 503; 528; 444; 4095; 464
485; 432; 856; 589; 53; 0; 501; 527; 435; 4095; 439
486; 433; 849; 591; 54; 0; 503; 528; 444; 4095; 464
490; 432; 860; 592; 57; 0; 506; 528; 441; 4095; 466
486; 436; 851; 592; 55; 0; 506; 528; 446; 4095; 464
485; 432; 853; 598; 54; 0; 507; 531; 440; 4095; 465
486; 433; 853; 612; 59; 0; 507; 528; 443; 4095; 465
485; 434; 860; 619; 58; 0; 509; 530; 439; 4095; 457
486; 441; 860; 615; 58; 0; 511; 529; 445; 4095; 467
487; 437; 853; 610; 59; 0; 517; 534; 443; 4095; 470
487; 448; 863; 603; 60; 0; 518; 531; 443; 4095; 477
480; 445; 854; 592; 46; 0; 517; 528; 441; 4095; 478
491; 449; 859; 604; 60; 0; 510; 530; 439; 4095; 465
483; 446; 868; 603; 60; 0; 523; 530; 446; 4095; 481
485; 454; 865; 607; 61; 0; 525; 531; 442; 4095; 493
485; 451; 867; 599; 58; 0; 519; 530; 446; 4095; 480
486; 452; 873; 591; 57; 0; 528; 531; 435; 4095; 485
488; 450; 869; 580; 59; 0; 527; 534; 440; 4095; 494
489; 455; 880; 567; 61; 0; 528; 529; 446; 4095; 489
487; 458; 885; 560; 62; 0; 527; 532; 432; 4095; 480
486; 462; 864; 554; 62; 0; 527; 529; 433; 4095; 492
485; 458; 880; 543; 62; 0; 528; 532; 431; 4095; 481
493; 459; 879; 528; 64; 0; 528; 529; 430; 4095; 483
496; 464; 880; 522; 61; 0; 530; 533; 431; 4095; 477
493; 461; 883; 507; 61; 0; 531; 534; 432; 4095; 482
493; 463; 893; 496; 63; 0; 530; 535; 432; 4095; 491
496; 466; 886; 491; 59; 0; 529; 531; 431; 4095; 496
495; 462; 890; 476; 59; 0; 530; 533; 427; 4095; 487
494; 469; 889; 478; 59; 0; 529; 530; 429; 4095; 494
497; 468; 885; 470; 61; 0; 534; 533; 426; 4095; 496
497; 472; 889; 465; 64; 0; 531; 530; 419; 4095; 498
499; 471; 899; 470; 63; 0; 537; 534; 427; 4095; 499
496; 476; 894; 470; 62; 0; 533; 532; 427; 4095; 502
498; 478; 902; 464; 61; 0; 533; 531; 427; 4095; 492
491; 476; 894; 476; 62; 0; 534; 533; 426; 4095; 502
498; 476; 898; 474; 63; 0; 531; 533; 430; 4095; 496
502; 471; 906; 494; 64; 0; 538; 532; 432; 4095; 491
501; 467; 897; 497; 64; 0; 539; 539; 425; 4095; 493
505; 467; 895; 506; 62; 0; 531; 538; 429; 4095; 481
506; 469; 906; 526; 63; 0; 532; 535; 433; 4095; 491
503; 466; 894; 535; 47; 0; 534; 533; 459; 4095; 466
505; 466; 895; 550; 61; 0; 539; 538; 436; 4095; 475
507; 464; 901; 560; 64; 0; 538; 537; 435; 4095; 472
506; 462; 906; 570; 62; 0; 538; 534; 435; 4095; 481
507; 465; 898; 582; 64; 0; 534; 539; 433; 4095; 485
537; 464; 898; 583; 64; 0; 541; 537; 414; 4095; 461
508; 463; 901; 595; 62; 0; 539; 537; 441; 4095; 479
510; 461; 892; 603; 59; 0; 536; 531; 435; 4095; 461
510; 463; 903; 607; 62; 0; 535; 537; 439; 4095; 464
507; 458; 898; 609; 62; 0; 534; 535; 433; 4095; 463
510; 459; 897; 617; 63; 0; 531; 533; 445; 4095; 459
508; 458; 890; 619; 59; 0; 529; 538; 434; 4095; 463
507; 464; 892; 614; 61; 0; 533; 532; 438; 4095; 451
506; 460; 898; 624; 59; 0; 530; 533; 442; 4095; 460
510; 453; 895; 612; 61; 0; 532; 532; 447; 4095; 453
507; 449; 891; 603; 61; 0; 527; 530; 439; 4095; 447
483; 450; 891; 614; 57; 0; 527; 533; 478; 4095; 430
507; 445; 884; 614; 54; 0; 527; 532; 442; 4095; 447
507; 446; 878; 610; 53; 0; 522; 532; 435; 4095; 429
501; 437; 880; 610; 50; 0; 519; 528; 444; 4095; 426
501; 436; 881; 610; 53; 0; 510; 529; 446; 4095; 429
496; 437; 874; 605; 55; 0; 509; 531; 437; 4095; 422
496; 435; 873; 596; 50; 0; 505; 528; 445; 4095; 431
496; 435; 874; 604; 53; 0; 505; 525; 441; 4095; 420
493; 437; 866; 592; 48; 0; 498; 528; 442; 4095; 423
493; 437; 875; 594; 50; 0; 502; 527; 437; 4095; 427
491; 436; 863; 580; 48; 0; 499; 528; 438; 4095; 430
496; 432; 865; 596; 53; 0; 499; 529; 443; 4095; 421
491; 432; 863; 593; 52; 0; 502; 530; 438; 4095; 432
490; 433; 850; 587; 53; 0; 499; 525; 433; 4095; 425
491; 432; 863; 590; 54; 0; 501; 528; 438; 4095; 434
491; 434; 862; 582; 54; 0; 499; 530; 436; 4095; 423
489; 432; 854; 582; 51; 0; 503; 528; 436; 4095; 421
487; 433; 853; 591; 55; 0; 499; 528; 432; 4095; 437
489; 434; 861; 592; 51; 0; 505; 528; 442; 4095; 432
486; 432; 822; 590; 51; 0; 503; 531; 445; 4095; 427
491; 433; 854; 594; 48; 0; 502; 527; 442; 4095; 425
494; 429; 853; 591; 51; 0; 497; 530; 435; 4095; 428
477; 430; 858; 602; 59; 0; 510; 529; 436; 4095; 434
491; 432; 857; 603; 54; 0; 503; 529; 446; 4095; 432
496; 433; 853; 606; 55; 0; 508; 532; 445; 4095; 423
492; 432; 863; 612; 55; 0; 506; 530; 446; 4095; 432
496; 435; 865; 609; 57; 0; 503; 530; 441; 4095; 433
496; 436; 855; 624; 59; 0; 496; 529; 443; 4095; 427
497; 436; 869; 625; 51; 0; 509; 530; 443; 4095; 435
496; 433; 855; 632; 54; 0; 518; 533; 443; 4095; 432
497; 436; 845; 630; 58; 0; 518; 531; 439; 4095; 436
497; 439; 867; 643; 55; 0; 522; 529; 449; 4095; 454
499; 437; 864; 642; 59; 0; 518; 537; 443; 4095; 443
528; 439; 867; 651; 58; 0; 522; 531; 443; 4095; 458
501; 437; 867; 656; 53; 0; 526; 531; 447; 4095; 455
503; 442; 863; 651; 61; 0; 522; 535; 443; 4095; 448
505; 441; 864; 656; 61; 0; 526; 533; 442; 4095; 455
506; 448; 879; 656; 58; 0; 528; 537; 441; 4095; 465
502; 448; 870; 659; 54; 0; 528; 533; 448; 4095; 464
509; 448; 880; 671; 59; 0; 529; 532; 449; 4095; 463
507; 446; 875; 670; 64; 0; 528; 539; 451; 4095; 467
507; 450; 839; 672; 59; 0; 530; 538; 451; 4095; 476
503; 454; 882; 680; 61; 0; 530; 535; 449; 4095; 470
510; 450; 884; 683; 60; 0; 530; 533; 446; 4095; 464
486; 458; 884; 683; 66; 0; 533; 541; 454; 4095; 481
519; 461; 882; 688; 64; 0; 533; 539; 450; 4095; 487
519; 456; 885; 694; 65; 0; 534; 538; 455; 4095; 483
519; 461; 892; 700; 65; 0; 539; 534; 449; 4095; 485
523; 463; 895; 702; 64; 0; 537; 537; 446; 4095; 496
517; 464; 896; 704; 65; 0; 541; 539; 452; 4095; 496
523; 466; 895; 701; 64; 0; 543; 534; 452; 4095; 493
523; 470; 898; 707; 66; 0; 546; 533; 447; 4095; 503
526; 468; 909; 713; 67; 0; 546; 538; 452; 4095; 499
524; 473; 903; 720; 65; 0; 549; 544; 448; 4095; 496
525; 474; 899; 688; 66; 0; 546; 541; 455; 4095; 503
527; 477; 903; 720; 67; 0; 548; 538; 458; 4095; 498
528; 471; 901; 716; 70; 0; 551; 542; 453; 4095; 502
527; 479; 907; 715; 64; 0; 550; 545; 459; 4095; 498
528; 477; 912; 719; 67; 0; 553; 539; 459; 4095; 503
528; 479; 915; 723; 66; 0; 555; 542; 458; 4095; 522
530; 478; 910; 721; 66; 0; 550; 538; 457; 4095; 507
528; 479; 915; 717; 69; 0; 554; 543; 456; 4095; 521
528; 477; 914; 720; 65; 0; 558; 543; 458; 4095; 506
531; 482; 921; 720; 71; 0; 557; 543; 458; 4095; 503
531; 479; 912; 732; 71; 0; 558; 538; 453; 4095; 507
531; 480; 912; 731; 66; 0; 557; 542; 456; 4095; 522
529; 482; 922; 725; 65; 0; 557; 539; 461; 4095; 519
528; 485; 917; 726; 68; 0; 560; 544; 453; 4095; 518
529; 482; 918; 732; 65; 0; 560; 543; 452; 4095; 528
534; 487; 926; 726; 70; 0; 559; 546; 458; 4095; 528
531; 486; 925; 739; 68; 0; 560; 538; 461; 4095; 509
531; 486; 928; 735; 66; 3; 559; 543; 460; 4095; 527
533; 485; 927; 745; 70; 0; 560; 544; 457; 4095; 511
531; 486; 935; 741; 68; 0; 560; 544; 458; 4095; 523
535; 483; 944; 738; 69; 0; 560; 545; 461; 4095; 527
533; 490; 923; 740; 67; 0; 558; 540; 457; 4095; 511
533; 488; 923; 741; 71; 0; 560; 547; 458; 4095; 505
520; 490; 940; 745; 70; 0; 560; 546; 464; 4095; 474
535; 485; 929; 741; 71; 0; 561; 543; 455; 4095; 522
537; 486; 938; 743; 67; 0; 560; 545; 454; 4095; 511
534; 487; 924; 749; 66; 0; 562; 543; 453; 4095; 526
535; 487; 938; 745; 69; 0; 560; 548; 464; 4095; 500
541; 486; 933; 750; 69; 0; 568; 537; 460; 4095; 503
535; 483; 927; 752; 70; 0; 559; 544; 460; 4095; 510
537; 485; 934; 755; 69; 0; 562; 541; 457; 4095; 501
539; 488; 990; 753; 66; 0; 561; 545; 464; 4095; 497
537; 487; 931; 753; 66; 0; 560; 549; 457; 4095; 501
538; 485; 929; 766; 67; 0; 560; 541; 461; 4095; 505
538; 483; 935; 764; 64; 0; 560; 549; 464; 4095; 461
535; 449; 938; 767; 69; 0; 561; 541; 464; 4095; 496
533; 484; 928; 761; 67; 0; 556; 547; 466; 4095; 496
538; 487; 926; 756; 73; 0; 560; 545; 464; 4095; 493
538; 482; 934; 754; 69; 0; 560; 544; 459; 4095; 496
539; 486; 936; 752; 70; 0; 560; 548; 461; 4095; 499
535; 491; 942; 757; 71; 0; 562; 541; 464; 4095; 497
535; 487; 931; 753; 75; 0; 560; 548; 463; 4095; 511
533; 490; 897; 752; 69; 0; 560; 543; 464; 4095; 502
538; 493; 942; 752; 73; 0; 565; 546; 459; 4095; 503
538; 496; 941; 750; 71; 0; 562; 542; 458; 4095; 519
537; 496; 937; 742; 69; 0; 566; 544; 464; 4095; 523
539; 499; 930; 752; 75; 0; 565; 544; 462; 4095; 517
535; 499; 932; 753; 73; 0; 570; 545; 462; 4095; 532
538; 505; 937; 752; 75; 0; 572; 544; 464; 4095; 523
539; 501; 938; 759; 72; 0; 570; 544; 467; 4095; 528
535; 497; 942; 753; 74; 0; 571; 548; 467; 4095; 526
537; 497; 944; 758; 70; 0; 572; 546; 454; 4095; 525
539; 501; 939; 756; 73; 0; 573; 546; 465; 4095; 525
534; 497; 897; 757; 70; 0; 569; 547; 463; 4095; 532
542; 499; 941; 753; 73; 0; 574; 554; 468; 4095; 506
537; 498; 944; 754; 74; 0; 573; 555; 465; 4095; 510
534; 491; 944; 752; 69; 0; 567; 547; 463; 4095; 521
541; 495; 931; 752; 70; 0; 569; 550; 464; 4095; 511
543; 490; 943; 743; 68; 0; 566; 551; 463; 4095; 504
541; 482; 948; 745; 64; 0; 562; 545; 464; 4095; 508
539; 480; 940; 737; 59; 0; 561; 546; 469; 4095; 495
544; 478; 945; 734; 64; 0; 560; 545; 464; 4095; 498
543; 471; 944; 727; 59; 0; 559; 543; 474; 4095; 497
541; 477; 941; 723; 62; 0; 551; 544; 463; 4095; 485
535; 469; 976; 720; 60; 0; 544; 544; 465; 4095; 480
533; 466; 929; 718; 63; 0; 545; 542; 461; 4095; 464
531; 466; 928; 704; 60; 0; 542; 542; 457; 4095; 470
531; 439; 926; 705; 62; 0; 523; 543; 454; 4095; 464
529; 458; 924; 688; 59; 0; 532; 539; 462; 4095; 462
534; 458; 917; 688; 61; 0; 528; 539; 462; 4095; 457
530; 454; 922; 685; 59; 0; 528; 539; 455; 4095; 448
528; 451; 912; 687; 61; 0; 528; 541; 464; 4095; 445
527; 451; 910; 678; 58; 0; 522; 538; 456; 4095; 432
527; 451; 905; 675; 59; 0; 520; 535; 430; 4095; 443
527; 451; 909; 663; 60; 0; 524; 535; 461; 4095; 437
525; 458; 902; 663; 60; 0; 523; 537; 454; 4095; 442
525; 451; 910; 666; 61; 0; 525; 537; 451; 4095; 450
519; 452; 906; 657; 62; 0; 523; 541; 463; 4095; 447
523; 453; 909; 667; 59; 0; 521; 539; 453; 4095; 464
527; 451; 898; 674; 60; 0; 523; 537; 458; 4095; 459
526; 452; 906; 672; 61; 0; 528; 541; 453; 4095; 464
528; 449; 898; 667; 58; 0; 524; 541; 457; 4095; 459
528; 447; 903; 671; 53; 0; 528; 533; 462; 4095; 454
5