459, 431, 650, 441, 71, 0, 511, 465, 465, 4095, 480
461, 432, 651, 442, 80, 0, 518, 464, 464, 4095, 490
461, 432, 656, 437, 79, 0, 510, 464, 464, 4095, 495
464, 432, 661, 439, 77, 0, 522, 464, 466, 4095, 501
464, 438, 672, 445, 75, 0, 518, 466, 466, 4095, 501
464, 439, 675, 447, 80, 0, 523, 465, 464, 4095, 499
464, 442, 679, 449, 59, 8, 522, 465, 466, 4095, 503
468, 439, 688, 450, 81, 0, 527, 469, 465, 4095, 518
465, 442, 689, 449, 77, 0, 528, 464, 467, 4095, 519
468, 447, 698, 457, 80, 0, 528, 469, 467, 4095, 520
469, 445, 702, 453, 81, 0, 528, 495, 470, 4095, 519
468, 449, 707, 464, 61, 0, 528, 466, 471, 4095, 522
469, 448, 707, 465, 80, 0, 527, 472, 460, 4095, 506
475, 451, 707, 475, 81, 0, 529, 477, 465, 4095, 525
475, 453, 719, 471, 78, 0, 528, 474, 466, 4095, 528
475, 453, 719, 480, 80, 0, 537, 459, 467, 4095, 528
477, 457, 723, 479, 81, 0, 535, 470, 468, 4095, 528
480, 451, 721, 487, 82, 0, 538, 475, 450, 4095, 534
476, 463, 732, 488, 82, 0, 539, 471, 469, 4095, 535
481, 459, 737, 487, 80, 0, 541, 468, 469, 4095, 537
482, 464, 751, 487, 82, 0, 541, 474, 465, 4095, 546
481, 464, 752, 494, 80, 0, 543, 472, 473, 4095, 543
484, 464, 751, 496, 83, 0, 528, 479, 471, 4095, 546
485, 467, 757, 495, 83, 0, 543, 475, 474, 4095, 546
486, 465, 765, 494, 85, 0, 545, 473, 467, 4095, 553
487, 474, 769, 496, 80, 0, 547, 475, 474, 4095, 555
490, 470, 775, 501, 81, 0, 544, 475, 472, 4095, 549
486, 472, 770, 509, 86, 0, 548, 470, 471, 4095, 559
486, 471, 782, 525, 85, 0, 551, 473, 475, 4095, 557
490, 469, 782, 528, 80, 0, 545, 475, 474, 4095, 557
490, 473, 783, 531, 82, 0, 554, 473, 479, 4095, 555
493, 475, 796, 544, 85, 0, 551, 492, 473, 4095, 560
494, 475, 794, 549, 82, 0, 555, 470, 477, 4095, 553
493, 476, 801, 551, 86, 0, 550, 473, 473, 4095, 537
486, 480, 810, 559, 85, 0, 555, 475, 475, 4095, 559
490, 475, 799, 567, 85, 0, 556, 475, 473, 4095, 560
493, 477, 815, 573, 86, 0, 554, 477, 481, 4095, 559
495, 480, 817, 577, 82, 0, 560, 477, 483, 4095, 564
496, 469, 816, 577, 87, 0, 567, 475, 483, 4095, 560
497, 481, 829, 577, 86, 0, 559, 479, 478, 4095, 561
497, 481, 822, 583, 84, 0, 560, 475, 482, 4095, 555
496, 481, 833, 586, 80, 0, 560, 479, 483, 4095, 563
499, 478, 834, 577, 83, 0, 561, 478, 485, 4095, 560
498, 479, 829, 576, 82, 0, 560, 478, 486, 4095, 560
499, 482, 841, 573, 86, 0, 562, 478, 486, 4095, 564
498, 480, 843, 565, 85, 0, 560, 474, 484, 4095, 569
501, 481, 842, 567, 81, 0, 560, 475, 483, 4095, 567
503, 483, 848, 566, 86, 0, 564, 479, 480, 4095, 569
499, 483, 848, 570, 112, 0, 562, 477, 488, 4095, 560
501, 482, 850, 563, 86, 0, 563, 477, 491, 4095, 564
496, 478, 853, 565, 87, 0, 562, 475, 488, 4095, 569
504, 484, 859, 563, 86, 0, 563, 479, 487, 4095, 565
506, 486, 865, 570, 86, 0, 564, 475, 491, 4095, 564
505, 487, 858, 567, 81, 0, 563, 477, 486, 4095, 565
506, 541, 861, 572, 85, 0, 566, 478, 487, 4095, 595
502, 485, 865, 575, 84, 0, 565, 474, 485, 4095, 569
506, 480, 863, 574, 84, 0, 567, 479, 494, 4095, 566
503, 484, 868, 567, 84, 0, 564, 479, 491, 4095, 562
506, 486, 864, 565, 86, 0, 563, 477, 487, 4095, 572
503, 479, 873, 573, 80, 0, 565, 470, 491, 4095, 562
502, 490, 870, 567, 89, 0, 560, 475, 483, 4095, 560
507, 481, 869, 567, 85, 0, 562, 467, 487, 4095, 558
507, 482, 896, 575, 85, 0, 565, 477, 489, 4095, 560
501, 480, 878, 576, 80, 0, 562, 470, 490, 4095, 561
503, 483, 875, 579, 83, 0, 564, 471, 484, 4095, 557
506, 483, 875, 577, 85, 0, 564, 474, 478, 4095, 561
508, 493, 877, 583, 84, 0, 561, 473, 491, 4095, 557
505, 485, 880, 585, 82, 0, 569, 475, 487, 4095, 560
506, 486, 878, 583, 83, 0, 567, 475, 485, 4095, 551
506, 481, 870, 599, 80, 0, 568, 481, 490, 4095, 556
503, 486, 880, 586, 89, 0, 561, 474, 491, 4095, 553
511, 485, 879, 582, 82, 0, 565, 467, 490, 4095, 554
507, 485, 880, 591, 88, 0, 569, 474, 485, 4095, 560
509, 482, 887, 593, 80, 0, 565, 476, 483, 4095, 560
510, 489, 883, 593, 82, 0, 564, 479, 486, 4095, 562
506, 551, 891, 592, 86, 0, 570, 481, 491, 4095, 554
509, 486, 885, 597, 86, 0, 570, 470, 489, 4095, 559
502, 486, 890, 599, 86, 0, 568, 477, 489, 4095, 557
505, 486, 887, 608, 85, 0, 571, 478, 496, 4095, 560
507, 492, 889, 606, 87, 0, 573, 477, 495, 4095, 561
501, 490, 894, 611, 87, 0, 563, 478, 496, 4095, 559
505, 492, 891, 612, 81, 0, 571, 474, 495, 4095, 558
509, 489, 893, 603, 86, 0, 573, 479, 494, 4095, 560
510, 496, 917, 605, 82, 0, 573, 470, 491, 4095, 561
510, 492, 906, 619, 85, 0, 569, 483, 491, 4095, 570
510, 487, 895, 615, 93, 0, 570, 478, 491, 4095, 560
509, 491, 908, 613, 85, 0, 573, 473, 487, 4095, 560
517, 493, 902, 617, 88, 0, 573, 475, 491, 4095, 558
516, 495, 902, 622, 87, 0, 571, 480, 494, 4095, 560
518, 495, 907, 620, 84, 0, 571, 476, 493, 4095, 560
511, 493, 905, 634, 84, 0, 573, 469, 489, 4095, 560
518, 497, 908, 624, 87, 0, 571, 477, 490, 4095, 560
510, 498, 911, 624, 91, 0, 573, 480, 485, 4095, 561
517, 496, 907, 628, 89, 0, 575, 475, 493, 4095, 570
518, 496, 911, 625, 87, 0, 573, 472, 486, 4095, 564
516, 495, 912, 626, 89, 0, 574, 474, 493, 4095, 564
520, 494, 911, 630, 85, 0, 560, 476, 490, 4095, 567
521, 495, 917, 631, 81, 0, 573, 475, 494, 4095, 562
521, 496, 913, 630, 90, 0, 576, 474, 496, 4095, 560
511, 496, 914, 629, 83, 0, 571, 471, 490, 4095, 563
523, 499, 915, 637, 87, 0, 575, 475, 490, 4095, 567
520, 496, 919, 629, 86, 0, 569, 473, 495, 4095, 560
517, 496, 917, 627, 89, 0, 573, 477, 487, 4095, 569
518, 497, 915, 635, 87, 0, 575, 470, 486, 4095, 563
523, 497, 918, 633, 92, 0, 573, 474, 494, 4095, 559
519, 496, 923, 635, 89, 0, 573, 477, 489, 4095, 564
525, 497, 918, 636, 90, 0, 571, 478, 487, 4095, 562
519, 498, 918, 637, 83, 0, 570, 471, 507, 4095, 562
525, 498, 918, 637, 89, 0, 571, 478, 484, 4095, 568
522, 501, 917, 637, 91, 0, 574, 476, 491, 4095, 563
525, 498, 922, 636, 89, 0, 573, 475, 491, 4095, 573
523, 501, 929, 634, 87, 0, 576, 473, 485, 4095, 570
524, 499, 927, 633, 87, 0, 576, 470, 483, 4095, 570
523, 502, 933, 638, 90, 0, 576, 471, 482, 4095, 567
524, 499, 938, 634, 86, 0, 576, 477, 486, 4095, 567
523, 501, 933, 627, 89, 0, 575, 479, 489, 4095, 570
522, 502, 935, 627, 87, 0, 572, 477, 482, 4095, 566
526, 503, 935, 630, 86, 0, 585, 472, 490, 4095, 565
525, 502, 933, 631, 85, 0, 575, 473, 486, 4095, 576
519, 501, 935, 627, 90, 0, 571, 471, 487, 4095, 566
521, 500, 914, 639, 89, 0, 575, 474, 481, 4095, 569
525, 502, 929, 627, 86, 0, 571, 465, 486, 4095, 569
523, 503, 939, 626, 86, 0, 574, 471, 487, 4095, 572
526, 507, 933, 635, 91, 0, 574, 477, 496, 4095, 581
518, 502, 944, 637, 89, 0, 576, 470, 486, 4095, 569
521, 499, 944, 638, 89, 0, 573, 478, 480, 4095, 571
525, 500, 939, 638, 86, 0, 573, 478, 482, 4095, 571
525, 506, 941, 652, 89, 0, 575, 473, 483, 4095, 576
523, 507, 943, 642, 90, 0, 569, 477, 485, 4095, 560
501, 504, 944, 646, 87, 0, 573, 473, 484, 4095, 573
528, 503, 942, 646, 90, 0, 572, 473, 488, 4095, 575
526, 501, 944, 650, 84, 0, 575, 479, 481, 4095, 564
526, 505, 943, 656, 83, 0, 570, 477, 483, 4095, 567
528, 497, 947, 650, 90, 0, 571, 474, 475, 4095, 528
528, 499, 944, 646, 87, 0, 573, 475, 487, 4095, 573
526, 498, 944, 654, 84, 0, 576, 476, 483, 4095, 575
527, 498, 944, 645, 89, 0, 576, 477, 486, 4095, 567
528, 496, 949, 656, 89, 0, 576, 480, 482, 4095, 571
528, 496, 948, 655, 90, 0, 566, 477, 483, 4095, 577
525, 495, 955, 653, 85, 0, 571, 477, 482, 4095, 566
528, 496, 950, 655, 87, 0, 574, 475, 484, 4095, 565
528, 496, 958, 653, 86, 0, 574, 471, 485, 4095, 566
528, 497, 960, 659, 86, 0, 574, 477, 493, 4095, 573
529, 494, 959, 657, 80, 0, 571, 481, 482, 4095, 565
529, 491, 957, 656, 86, 0, 570, 473, 490, 4095, 566
527, 493, 951, 657, 84, 0, 573, 477, 487, 4095, 560
529, 490, 957, 662, 85, 0, 569, 475, 489, 4095, 565
530, 493, 966, 658, 84, 0, 569, 471, 486, 4095, 561
528, 487, 961, 676, 82, 0, 571, 476, 486, 4095, 570
530, 487, 958, 661, 85, 0, 573, 474, 483, 4095, 562
560, 490, 967, 665, 82, 0, 573, 475, 490, 4095, 566
528, 483, 961, 669, 84, 0, 571, 475, 482, 4095, 561
528, 479, 960, 660, 80, 0, 574, 471, 492, 4095, 561
534, 485, 959, 652, 87, 0, 573, 475, 485, 4095, 563
531, 449, 962, 668, 85, 0, 576, 480, 477, 4095, 581
530, 480, 969, 665, 85, 0, 574, 474, 487, 4095, 563
530, 480, 960, 660, 80, 0, 575, 471, 487, 4095, 568
534, 478, 969, 669, 80, 0, 575, 479, 489, 4095, 559
531, 483, 966, 669, 83, 0, 570, 477, 485, 4095, 560
530, 475, 964, 673, 84, 0, 573, 474, 486, 4095, 562
533, 478, 962, 673, 83, 0, 574, 475, 494, 4095, 562
533, 481, 973, 672, 80, 0, 576, 478, 493, 4095, 561
533, 477, 973, 676, 84, 0, 575, 477, 486, 4095, 562
533, 473, 970, 675, 80, 0, 575, 469, 491, 4095, 552
533, 468, 970, 674, 64, 7, 574, 479, 487, 4095, 560
533, 469, 971, 680, 80, 0, 576, 473, 489, 4095, 554
534, 470, 969, 681, 83, 0, 573, 476, 492, 4095, 555
534, 471, 918, 673, 80, 0, 571, 471, 494, 4095, 550
537, 466, 971, 678, 80, 0, 573, 475, 495, 4095, 540
537, 464, 969, 674, 80, 0, 571, 472, 490, 4095, 538
537, 464, 976, 665, 80, 0, 573, 474, 462, 4095, 542
560, 465, 968, 658, 80, 0, 573, 471, 495, 4095, 535
535, 464, 966, 650, 79, 0, 567, 473, 494, 4095, 539
540, 464, 970, 641, 80, 0, 573, 470, 489, 4095, 539
543, 464, 971, 624, 81, 0, 571, 471, 493, 4095, 531
540, 464, 965, 628, 80, 0, 567, 476, 484, 4095, 521
538, 464, 974, 624, 81, 0, 570, 472, 491, 4095, 543
543, 465, 966, 621, 80, 0, 574, 473, 491, 4095, 542
544, 463, 965, 619, 80, 0, 570, 477, 487, 4095, 539
544, 467, 971, 610, 80, 0, 570, 474, 489, 4095, 541
543, 469, 965, 609, 80, 0, 566, 478, 483, 4095, 543
546, 469, 969, 606, 80, 0, 570, 470, 483, 4095, 543
542, 464, 966, 604, 79, 0, 571, 475, 485, 4095, 543
545, 469, 969, 599, 80, 0, 571, 474, 491, 4095, 545
544, 468, 972, 605, 80, 0, 571, 478, 486, 4095, 547
545, 465, 976, 593, 82, 0, 575, 471, 482, 4095, 551
547, 468, 974, 603, 82, 0, 572, 475, 486, 4095, 555
550, 467, 977, 603, 80, 0, 571, 472, 488, 4095, 560
545, 466, 974, 602, 81, 0, 574, 476, 481, 4095, 560
546, 464, 978, 608, 80, 0, 574, 471, 485, 4095, 560
545, 464, 983, 627, 48, 2, 572, 473, 484, 4095, 555
550, 465, 983, 611, 80, 0, 576, 478, 459, 4095, 547
554, 464, 978, 618, 80, 0, 573, 471, 486, 4095, 557
546, 463, 991, 624, 80, 0, 573, 471, 487, 4095, 560
547, 464, 978, 624, 80, 0, 576, 475, 489, 4095, 560
548, 463, 989, 634, 80, 0, 574, 475, 491, 4095, 558
550, 423, 978, 631, 80, 0, 577, 475, 486, 4095, 550
549, 461, 992, 637, 80, 0, 575, 474, 487, 4095, 549
549, 453, 985, 640, 80, 0, 576, 475, 481, 4095, 543
548, 462, 979, 645, 80, 0, 575, 475, 489, 4095, 544
551, 460, 987, 641, 83, 0, 571, 470, 494, 4095, 542
551, 426, 990, 643, 80, 0, 577, 478, 489, 4095, 542
549, 452, 990, 645, 80, 0, 576, 472, 485, 4095, 549
549, 459, 982, 656, 81, 0, 575, 474, 482, 4095, 550
547, 459, 986, 656, 80, 0, 574, 474, 490, 4095, 549
550, 453, 994, 656, 78, 0, 576, 474, 487, 4095, 557
549, 457, 994, 657, 80, 0, 577, 475, 489, 4095, 555
551, 459, 998, 655, 81, 0, 576, 477, 494, 4095, 559
554, 459, 993, 655, 81, 0, 576, 467, 490, 4095, 559
551, 462, 981, 659, 82, 0, 576, 473, 490, 4095, 567
557, 461, 1007, 666, 82, 0, 576, 462, 492, 4095, 570
558, 460, 1005, 667, 74, 0, 578, 472, 493, 4095, 574
553, 461, 1007, 669, 87, 0, 577, 470, 491, 4095, 574
556, 459, 1008, 666, 80, 0, 580, 478, 492, 4095, 587
553, 463, 1011, 673, 83, 0, 580, 479, 494, 4095, 582
557, 466, 1008, 681, 81, 0, 583, 474, 493, 4095, 589
558, 464, 1019, 659, 82, 0, 580, 477, 490, 4095, 590
558, 448, 1014, 675, 81, 0, 581, 479, 492, 4095, 586
558, 464, 1016, 686, 84, 0, 585, 475, 496, 4095, 593
560, 464, 1019, 689, 83, 0, 585, 479, 496, 4095, 595
560, 466, 1017, 691, 81, 0, 583, 473, 496, 4095, 592
560, 464, 1023, 689, 87, 0, 585, 476, 497, 4095, 591
558, 464, 1035, 689, 85, 0, 587, 480, 496, 4095, 592
560, 465, 1031, 693, 80, 0, 583, 478, 491, 4095, 598
560, 464, 1037, 693, 80, 0, 588, 482, 496, 4095, 591
561, 467, 1038, 699, 84, 0, 588, 478, 498, 4095, 593
560, 465, 1039, 695, 80, 0, 585, 479, 496, 4095, 598
561, 467, 1040, 693, 82, 0, 586, 480, 499, 4095, 597
562, 464, 1041, 695, 88, 0, 589, 482, 498, 4095, 598
564, 467, 1040, 697, 82, 0, 589, 479, 497, 4095, 608
567, 467, 1052, 689, 82, 0, 589, 481, 496, 4095, 608
567, 471, 1056, 697, 83, 0, 590, 496, 499, 4095, 618
565, 467, 1046, 692, 123, 0, 592, 485, 499, 4095, 614
567, 467, 1059, 695, 88, 0, 592, 482, 499, 4095, 671
560, 471, 1047, 694, 86, 0, 593, 480, 496, 4095, 626
570, 474, 1066, 698, 84, 0, 592, 484, 498, 4095, 624
564, 474, 1053, 703, 87, 0, 591, 483, 501, 4095, 624
566, 475, 1059, 699, 85, 0, 593, 481, 499, 4095, 626
571, 446, 1056, 702, 87, 0, 594, 487, 498, 4095, 592
566, 477, 1071, 701, 85, 0, 592, 479, 498, 4095, 638
569, 482, 1069, 699, 83, 0, 593, 485, 501, 4095, 643
570, 475, 1072, 704, 83, 0, 597, 478, 496, 4095, 650
567, 481, 1069, 706, 90, 0, 597, 479, 498, 4095, 642
571, 528, 1073, 710, 88, 0, 596, 482, 495, 4095, 663
575, 486, 1075, 710, 88, 0, 593, 485, 505, 4095, 651
570, 486, 1079, 719, 86, 0, 597, 485, 503, 4095, 649
573, 486, 1073, 717, 84, 0, 596, 481, 502, 4095, 651
574, 486, 1078, 713, 87, 0, 596, 481, 501, 4095, 657
575, 490, 1075, 718, 85, 0, 579, 483, 505, 4095, 656
572, 491, 1078, 721, 86, 0, 597, 481, 503, 4095, 663
570, 486, 1078, 723, 84, 0, 595, 480, 506, 4095, 657
571, 482, 1083, 729, 85, 0, 595, 482, 506, 4095, 656
575, 485, 1078, 735, 87, 0, 601, 482, 505, 4095, 657
570, 483, 1086, 723, 78, 0, 597, 482, 518, 4095, 656
576, 486, 1087, 742, 89, 0, 602, 483, 525, 4095, 659
572, 487, 1090, 742, 87, 0, 601, 480, 517, 4095, 658
576, 491, 1089, 737, 86, 0, 597, 481, 511, 4095, 657
577, 486, 1085, 739, 82, 0, 601, 483, 518, 4095, 656
576, 485, 1090, 731, 85, 0, 598, 479, 509, 4095, 658
576, 491, 1088, 741, 85, 0, 597, 478, 496, 4095, 635
576, 483, 1093, 736, 87, 0, 601, 476, 522, 4095, 657
578, 484, 1096, 743, 82, 0, 602, 485, 511, 4095, 656
576, 483, 1095, 742, 86, 0, 598, 475, 518, 4095, 661
577, 486, 1096, 743, 87, 0, 596, 481, 523, 4095, 658
576, 487, 1095, 736, 85, 0, 597, 482, 511, 4095, 653
579, 488, 1099, 740, 81, 0, 597, 483, 518, 4095, 656
580, 479, 1101, 737, 82, 0, 599, 481, 521, 4095, 656
577, 481, 1102, 738, 81, 0, 601, 479, 523, 4095, 653
579, 485, 1099, 735, 84, 0, 593, 480, 527, 4095, 656
580, 483, 1107, 734, 86, 0, 598, 482, 522, 4095, 656
579, 479, 1105, 735, 82, 0, 596, 478, 527, 4095, 652
582, 479, 1105, 741, 80, 0, 595, 482, 522, 4095, 656
581, 476, 1070, 737, 80, 0, 594, 483, 525, 4095, 643
583, 471, 1103, 739, 80, 0, 595, 491, 523, 4095, 643
581, 479, 1106, 736, 64, 0, 596, 485, 528, 4095, 649
583, 471, 1104, 740, 81, 0, 599, 485, 519, 4095, 631
570, 479, 1106, 739, 82, 0, 594, 481, 525, 4095, 645
584, 473, 1104, 743, 84, 0, 596, 481, 526, 4095, 643
585, 469, 1110, 743, 80, 0, 593, 481, 521, 4095, 629
586, 471, 1104, 741, 80, 0, 595, 482, 528, 4095, 638
585, 470, 1105, 747, 80, 0, 594, 485, 505, 4095, 661
583, 472, 1104, 737, 81, 0, 595, 481, 526, 4095, 640
583, 465, 1111, 748, 81, 0, 597, 485, 526, 4095, 633
585, 467, 1106, 746, 82, 0, 595, 486, 528, 4095, 634
587, 465, 1111, 743, 80, 0, 598, 484, 528, 4095, 643
589, 463, 1115, 750, 84, 0, 601, 482, 526, 4095, 656
589, 473, 1114, 752, 79, 0, 599, 484, 528, 4095, 641
585, 467, 1110, 752, 82, 0, 597, 480, 527, 4095, 641
587, 465, 1117, 750, 80, 0, 600, 482, 523, 4095, 639
583, 469, 1114, 753, 81, 0, 601, 482, 527, 4095, 647
590, 470, 1113, 751, 80, 0, 595, 484, 526, 4095, 652
589, 471, 1123, 751, 85, 0, 596, 479, 521, 4095, 650
589, 470, 1120, 753, 83, 0, 603, 484, 525, 4095, 651
591, 476, 1114, 752, 85, 0, 602, 481, 528, 4095, 656
588, 475, 1129, 750, 85, 0, 601, 484, 528, 4095, 658
586, 471, 1120, 746, 78, 0, 603, 482, 525, 4095, 660
587, 477, 1127, 747, 82, 0, 608, 483, 523, 4095, 669
589, 474, 1123, 743, 86, 0, 609, 486, 525, 4095, 675
587, 479, 1127, 741, 84, 0, 607, 483, 521, 4095, 687
592, 482, 1127, 742, 86, 0, 606, 487, 525, 4095, 673
592, 483, 1124, 737, 87, 0, 606, 482, 527, 4095, 685
586, 491, 1129, 743, 87, 0, 609, 485, 499, 4095, 688
591, 489, 1134, 735, 90, 0, 610, 486, 525, 4095, 696
591, 489, 1135, 741, 87, 0, 613, 485, 523, 4095, 693
589, 493, 1137, 745, 90, 0, 611, 483, 519, 4095, 695
591, 493, 1133, 731, 94, 0, 609, 486, 510, 4095, 706
591, 560, 1137, 736, 91, 0, 611, 487, 521, 4095, 720
587, 497, 1136, 739, 93, 0, 614, 485, 519, 4095, 701
588, 497, 1141, 743, 90, 0, 613, 484, 527, 4095, 704
592, 501, 1136, 741, 91, 0, 612, 488, 519, 4095, 710
587, 500, 1138, 741, 95, 0, 615, 486, 519, 4095, 705
589, 497, 1141, 743, 94, 0, 617, 485, 519, 4095, 714
590, 500, 1138, 740, 96, 0, 618, 482, 519, 4095, 705
591, 505, 1137, 747, 89, 0, 614, 483, 523, 4095, 717
591, 505, 1147, 751, 94, 0, 615, 486, 522, 4095, 709
590, 509, 1143, 746, 93, 0, 618, 473, 526, 4095, 706
591, 502, 1142, 754, 110, 0, 621, 486, 519, 4095, 714
592, 511, 1149, 758, 92, 0, 616, 487, 528, 4095, 705
592, 510, 1146, 757, 91, 0, 619, 487, 525, 4095, 711
591, 518, 1149, 759, 95, 0, 618, 487, 525, 4095, 713
592, 522, 1143, 762, 94, 0, 617, 496, 526, 4095, 713
591, 523, 1147, 761, 92, 0, 622, 482, 522, 4095, 720
592, 526, 1155, 750, 94, 0, 621, 484, 502, 4095, 715
586, 523, 1152, 752, 94, 0, 617, 490, 522, 4095, 711
592, 523, 1145, 755, 93, 0, 621, 485, 528, 4095, 719
591, 528, 1150, 763, 90, 0, 622, 487, 525, 4095, 714
591, 526, 1152, 768, 91, 0, 615, 486, 528, 4095, 717
592, 539, 1154, 767, 97, 0, 623, 482, 526, 4095, 735
592, 529, 1152, 771, 93, 0, 622, 485, 524, 4095, 720
590, 525, 1154, 774, 90, 0, 621, 481, 525, 4095, 718
592, 528, 1157, 781, 91, 0, 617, 487, 527, 4095, 714
592, 527, 1158, 782, 93, 0, 617, 484, 523, 4095, 717
590, 528, 1153, 786, 90, 0, 621, 481, 528, 4095, 707
592, 527, 1156, 784, 93, 0, 622, 479, 528, 4095, 719
592, 528, 1153, 792, 91, 0, 621, 481, 522, 4095, 712
592, 526, 1158, 793, 96, 0, 621, 484, 528, 4095, 710
593, 527, 1152, 793, 90, 0, 619, 496, 528, 4095, 709
592, 527, 1154, 789, 97, 0, 617, 482, 528, 4095, 706
592, 522, 1152, 795, 93, 0, 622, 485, 528, 4095, 707
592, 528, 1156, 797, 89, 0, 620, 486, 525, 4095, 709
592, 526, 1157, 800, 96, 0, 622, 481, 528, 4095, 710
593, 526, 1150, 804, 93, 0, 621, 485, 525, 4095, 703
592, 524, 1157, 815, 89, 0, 614, 481, 529, 4095, 702
592, 522, 1155, 801, 93, 0, 620, 488, 528, 4095, 702
599, 511, 1151, 803, 91, 0, 618, 487, 530, 4095, 706
592, 519, 1155, 813, 91, 0, 622, 485, 531, 4095, 698
592, 522, 1155, 811, 90, 0, 617, 485, 531, 4095, 707
591, 521, 1162, 825, 91, 0, 619, 484, 534, 4095, 706
591, 495, 1154, 805, 86, 0, 617, 480, 550, 4095, 670
592, 518, 1163, 811, 92, 0, 621, 486, 530, 4095, 701
594, 509, 1168, 810, 90, 0, 622, 484, 533, 4095, 703
595, 509, 1163, 810, 92, 0, 622, 480, 534, 4095, 707
592, 521, 1150, 810, 89, 0, 620, 480, 530, 4095, 705
592, 511, 1163, 806, 92, 0, 632, 482, 535, 4095, 702
594, 521, 1162, 813, 92, 0, 618, 486, 533, 4095, 704
593, 518, 1158, 811, 89, 0, 616, 482, 533, 4095, 704
594, 519, 1163, 816, 91, 0, 619, 486, 531, 4095, 706
593, 517, 1163, 811, 94, 0, 621, 483, 535, 4095, 704
593, 510, 1162, 813, 96, 0, 653, 486, 540, 4095, 707
593, 509, 1165, 815, 89, 0, 621, 481, 539, 4095, 708
596, 510, 1165, 811, 87, 0, 623, 486, 535, 4095, 709
597, 522, 1134, 809, 89, 0, 622, 487, 541, 4095, 709
597, 511, 1168, 819, 94, 0, 621, 484, 542, 4095, 712
594, 518, 1166, 812, 90, 0, 621, 486, 532, 4095, 718
592, 520, 1166, 820, 95, 0, 624, 490, 544, 4095, 717
595, 511, 1168, 816, 89, 0, 624, 481, 535, 4095, 720
599, 511, 1113, 818, 89, 0, 623, 486, 546, 4095, 717
597, 523, 1164, 813, 95, 0, 620, 468, 543, 4095, 715
592, 511, 1168, 792, 99, 0, 619, 487, 538, 4095, 714
595, 526, 1165, 813, 90, 0, 620, 482, 542, 4095, 720
597, 522, 1170, 804, 96, 0, 624, 480, 542, 4095, 720
599, 519, 1170, 797, 93, 0, 622, 486, 545, 4095, 691
598, 521, 1174, 785, 92, 0, 624, 485, 542, 4095, 718
599, 522, 1167, 783, 87, 0, 622, 489, 531, 4095, 720
596, 511, 1169, 757, 91, 0, 620, 485, 531, 4095, 723
598, 525, 1170, 753, 89, 0, 622, 486, 538, 4095, 720
597, 522, 1171, 736, 88, 0, 621, 487, 535, 4095, 720
601, 525, 1171, 736, 83, 0, 621, 490, 538, 4095, 717
594, 517, 1179, 729, 91, 0, 617, 486, 531, 4095, 702
596, 480, 1171, 720, 91, 0, 623, 485, 533, 4095, 701
602, 507, 1167, 720, 88, 0, 615, 485, 537, 4095, 677
602, 508, 1169, 718, 87, 0, 614, 488, 535, 4095, 676
602, 507, 1172, 717, 83, 0, 613, 483, 530, 4095, 661
601, 502, 1168, 705, 85, 0, 608, 482, 531, 4095, 656
599, 498, 1160, 707, 80, 0, 610, 484, 528, 4095, 653
594, 496, 1165, 702, 80, 0, 609, 484, 531, 4095, 649
599, 498, 1161, 702, 80, 0, 605, 480, 529, 4095, 635
602, 494, 1146, 699, 80, 0, 603, 480, 529, 4095, 628
599, 496, 1155, 687, 80, 0, 596, 487, 528, 4095, 626
603, 493, 1152, 686, 71, 0, 597, 487, 528, 4095, 614
599, 490, 1150, 676, 80, 0, 596, 484, 528, 4095, 606
605, 484, 1142, 674, 80, 0, 593, 480, 528, 4095, 598
598, 485, 1146, 666, 80, 0, 592, 478, 527, 4095, 592
597, 482, 1138, 659, 80, 0, 589, 447, 526, 4095, 587
597, 485, 1131, 672, 79, 0, 590, 478, 523, 4095, 576
597, 480, 1130, 666, 80, 0, 589, 476, 528, 4095, 573
613, 479, 1126, 673, 80, 0, 586, 478, 525, 4095, 570
596, 481, 1119, 671, 75, 0, 578, 474, 521, 4095, 562
593, 477, 1118, 671, 78, 0, 578, 474, 528, 4095, 557
592, 478, 1114, 670, 80, 0, 579, 477, 522, 4095, 560
592, 469, 1106, 668, 75, 0, 576, 475, 495, 4095, 528
593, 469, 1105, 670, 77, 0, 576, 470, 526, 4095, 563
592, 474, 1102, 669, 78, 0, 574, 475, 523, 4095, 557
590, 469, 1104, 662, 75, 0, 576, 476, 523, 4095, 560
590, 470, 1104, 662, 77, 0, 575, 471, 523, 4095, 558
589, 473, 1104, 665, 74, 0, 582, 471, 519, 4095, 544
589, 465, 1096, 665, 73, 0, 572, 469, 518, 4095, 549
587, 466, 1099, 675, 75, 0, 570, 477, 517, 4095, 542
586, 464, 1098, 677, 71, 0, 567, 471, 518, 4095, 540
586, 461, 1094, 679, 77, 0, 562, 477, 523, 4095, 531
585, 463, 1088, 686, 73, 0, 577, 475, 510, 4095, 528
583, 461, 1081, 686, 75, 0, 563, 470, 511, 4095, 531
586, 462, 1085, 686, 71, 0, 561, 468, 507, 4095, 531
583, 458, 1073, 687, 73, 0, 559, 466, 509, 4095, 530
585, 461, 1075, 682, 70, 0, 560, 482, 522, 4095, 534
585, 454, 1081, 684, 111, 0, 562, 467, 510, 4095, 534
586, 453, 1073, 684, 75, 0, 561, 470, 517, 4095, 539
577, 450, 1081, 685, 77, 0, 561, 473, 510, 4095, 543
586, 457, 1075, 688, 71, 0, 561, 470, 508, 4095, 553
585, 458, 1083, 688, 71, 0, 562, 471, 511, 4095, 555
586, 455, 1078, 688, 80, 0, 566, 469, 507, 4095, 560
585, 458, 1088, 690, 71, 0, 560, 470, 504, 4095, 582
573, 459, 1089, 690, 75, 0, 563, 469, 508, 4095, 569
585, 454, 1092, 693, 79, 0, 570, 472, 503, 4095, 573
583, 462, 1091, 695, 79, 0, 569, 473, 506, 4095, 579
587, 461, 1090, 694, 71, 0, 565, 477, 503, 4095, 583
586, 432, 1093, 705, 78, 0, 571, 478, 526, 4095, 596
586, 463, 1101, 704, 76, 0, 570, 474, 507, 4095, 608
586, 458, 1098, 699, 80, 0, 575, 474, 510, 4095, 601
586, 461, 1102, 704, 80, 0, 573, 473, 510, 4095, 608
588, 465, 1106, 708, 80, 0, 576, 478, 503, 4095, 615
590, 469, 1104, 707, 75, 0, 595, 478, 508, 4095, 624
589, 465, 1108, 713, 80, 0, 580, 477, 506, 4095, 638
585, 470, 1115, 717, 77, 0, 578, 473, 508, 4095, 641
588, 474, 1116, 719, 80, 0, 581, 470, 508, 4095, 637
590, 472, 1117, 715, 82, 0, 585, 476, 503, 4095, 644
588, 471, 1119, 715, 83, 0, 586, 474, 497, 4095, 653
586, 476, 1117, 716, 81, 0, 590, 474, 499, 4095, 656
590, 478, 1121, 709, 83, 0, 589, 475, 498, 4095, 656
589, 479, 1111, 707, 81, 0, 590, 474, 496, 4095, 671
589, 483, 1123, 710, 84, 0, 590, 469, 503, 4095, 659
592, 484, 1129, 705, 87, 0, 594, 474, 506, 4095, 673
590, 483, 1134, 706, 85, 0, 592, 474, 500, 4095, 670
592, 491, 1131, 710, 84, 0, 595, 473, 501, 4095, 679
592, 489, 1136, 709, 80, 0, 594, 470, 496, 4095, 681
590, 493, 1129, 710, 80, 0, 597, 477, 503, 4095, 688
590, 496, 1136, 691, 85, 0, 597, 474, 496, 4095, 691
592, 495, 1136, 709, 85, 0, 601, 475, 503, 4095, 688
609, 495, 1136, 720, 85, 0, 603, 473, 503, 4095, 688
592, 500, 1141, 723, 82, 0, 595, 474, 505, 4095, 691
592, 497, 1137, 723, 86, 0, 599, 474, 506, 4095, 694
591, 498, 1143, 723, 83, 0, 605, 474, 508, 4095, 694
592, 500, 1138, 734, 82, 0, 598, 476, 506, 4095, 699
591, 497, 1147, 734, 84, 0, 605, 475, 503, 4095, 697
591, 505, 1142, 740, 85, 0, 599, 470, 506, 4095, 704
592, 508, 1144, 748, 85, 0, 605, 475, 506, 4095, 701
592, 507, 1150, 752, 84, 0, 603, 477, 509, 4095, 704
592, 517, 1147, 752, 85, 0, 602, 474, 508, 4095, 742
592, 506, 1141, 763, 89, 0, 603, 475, 510, 4095, 701
592, 507, 1150, 769, 87, 0, 605, 472, 511, 4095, 699
592, 505, 1147, 771, 86, 0, 601, 475, 510, 4095, 701
591, 505, 1149, 781, 87, 0, 602, 474, 507, 4095, 699
593, 506, 1149, 785, 90, 0, 607, 477, 510, 4095, 697
596, 502, 1147, 789, 90, 0, 601, 474, 511, 4095, 695
591, 503, 1152, 791, 89, 0, 603, 478, 518, 4095, 698
592, 505, 1153, 794, 87, 0, 605, 480, 508, 4095, 688
593, 507, 1154, 793, 87, 0, 608, 479, 523, 4095, 686
592, 501, 1152, 796, 107, 0, 608, 474, 518, 4095, 687
592, 507, 1149, 794, 87, 0, 608, 475, 522, 4095, 682
593, 503, 1155, 801, 83, 0, 608, 474, 521, 4095, 685
595, 497, 1153, 798, 83, 0, 606, 469, 511, 4095, 679
593, 497, 1155, 798, 83, 0, 605, 461, 519, 4095, 681
592, 499, 1155, 829, 86, 0, 609, 477, 511, 4095, 683
591, 497, 1154, 800, 81, 0, 605, 478, 496, 4095, 687
582, 496, 1153, 799, 83, 0, 607, 472, 521, 4095, 688
593, 499, 1151, 805, 85, 0, 605, 473, 519, 4095, 682
592, 496, 1152, 801, 82, 0, 608, 474, 526, 4095, 684
592, 496, 1155, 803, 87, 0, 601, 479, 521, 4095, 687
592, 510, 1159, 802, 83, 0, 606, 478, 501, 4095, 645
594, 496, 1156, 799, 80, 0, 608, 478, 526, 4095, 685
595, 496, 1159, 806, 82, 0, 605, 475, 526, 4095, 683
592, 496, 1159, 808, 84, 0, 603, 471, 519, 4095, 686
595, 497, 1165, 802, 85, 0, 606, 479, 522, 4095, 683
594, 453, 1157, 798, 82, 0, 608, 475, 510, 4095, 693
597, 496, 1165, 797, 85, 0, 606, 475, 523, 4095, 688
593, 496, 1155, 797, 80, 0, 607, 480, 522, 4095, 688
599, 497, 1163, 802, 85, 0, 602, 478, 523, 4095, 694
594, 496, 1159, 807, 81, 0, 609, 477, 525, 4095, 700
596, 497, 1163, 802, 91, 0, 599, 479, 525, 4095, 697
597, 494, 1155, 800, 86, 0, 607, 476, 523, 4095, 702
597, 497, 1166, 802, 86, 0, 611, 476, 524, 4095, 699
598, 498, 1202, 806, 85, 0, 608, 473, 528, 4095, 695
597, 498, 1168, 804, 83, 0, 606, 474, 526, 4095, 701
599, 501, 1168, 800, 91, 0, 610, 481, 522, 4095, 701
597, 496, 1168, 801, 89, 0, 610, 472, 525, 4095, 707
594, 502, 1168, 802, 84, 0, 612, 479, 518, 4095, 707
597, 502, 1221, 800, 88, 0, 610, 479, 527, 4095, 711
596, 503, 1168, 804, 84, 0, 612, 474, 526, 4095, 706
597, 503, 1171, 786, 81, 0, 613, 477, 519, 4095, 717
595, 497, 1172, 803, 87, 0, 614, 477, 528, 4095, 721
595, 503, 1174, 800, 86, 0, 613, 476, 526, 4095, 725
599, 506, 1170, 800, 87, 0, 612, 479, 528, 4095, 721
599, 511, 1174, 795, 88, 0, 613, 481, 519, 4095, 726
599, 516, 1177, 801, 91, 0, 613, 474, 528, 4095, 725
598, 518, 1178, 800, 94, 0, 613, 481, 487, 4095, 737
617, 521, 1181, 798, 87, 0, 613, 477, 528, 4095, 729
602, 518, 1178, 803, 89, 0, 615, 478, 521, 4095, 738
602, 519, 1186, 807, 91, 0, 621, 477, 526, 4095, 742
599, 511, 1183, 809, 93, 0, 619, 477, 527, 4095, 741
603, 571, 1190, 809, 91, 0, 622, 479, 575, 4095, 706
599, 523, 1183, 810, 93, 0, 622, 478, 526, 4095, 751
604, 523, 1183, 811, 91, 0, 620, 478, 526, 4095, 738
604, 525, 1185, 815, 91, 0, 623, 479, 527, 4095, 745
603, 528, 1191, 815, 95, 0, 624, 477, 528, 4095, 743
600, 511, 1187, 815, 92, 0, 619, 478, 523, 4095, 742
602, 529, 1187, 813, 95, 0, 622, 480, 528, 4095, 752
603, 529, 1189, 816, 90, 0, 624, 478, 525, 4095, 750
601, 529, 1185, 816, 95, 0, 624, 476, 528, 4095, 751
601, 531, 1183, 818, 89, 0, 625, 477, 527, 4095, 751
601, 535, 1191, 818, 95, 0, 625, 478, 523, 4095, 752
602, 530, 1187, 816, 95, 0, 623, 478, 523, 4095, 759
603, 533, 1189, 819, 90, 0, 624, 479, 524, 4095, 752
605, 534, 1195, 815, 96, 0, 626, 479, 523, 4095, 752
602, 543, 1191, 819, 94, 0, 625, 487, 526, 4095, 753
599, 541, 1189, 818, 82, 0, 624, 481, 528, 4095, 753
603, 538, 1187, 819, 96, 0, 624, 478, 523, 4095, 754
603, 545, 1186, 819, 97, 0, 625, 480, 523, 4095, 752
603, 546, 1177, 825, 95, 0, 627, 479, 521, 4095, 753
603, 543, 1200, 827, 96, 0, 625, 480, 521, 4095, 755
607, 549, 1199, 819, 114, 0, 624, 478, 527, 4095, 755
598, 545, 1191, 823, 94, 0, 625, 478, 524, 4095, 758
602, 544, 1195, 829, 98, 0, 625, 471, 525, 4095, 753
602, 545, 1186, 831, 95, 0, 627, 479, 527, 4095, 766
602, 550, 1192, 831, 94, 0, 631, 510, 523, 4095, 766
599, 548, 1194, 834, 94, 0, 627, 475, 528, 4095, 763
603, 547, 1195, 835, 96, 0, 627, 480, 548, 4095, 822
587, 558, 1193, 831, 96, 0, 630, 479, 528, 4095, 757
603, 554, 1200, 830, 94, 0, 631, 480, 527, 4095, 763
605, 554, 1199, 829, 97, 0, 630, 480, 528, 4095, 768
600, 550, 1200, 846, 96, 0, 626, 477, 522, 4095, 757
605, 567, 1191, 826, 92, 0, 628, 477, 510, 4095, 783
601, 554, 1195, 825, 96, 0, 629, 478, 525, 4095, 766
603, 555, 1198, 831, 94, 0, 625, 477, 525, 4095, 762
599, 557, 1192, 830, 94, 0, 630, 478, 521, 4095, 764
600, 560, 1197, 839, 96, 0, 627, 479, 527, 4095, 763
601, 589, 1200, 828, 98, 0, 629, 477, 528, 4095, 732
603, 560, 1195, 832, 97, 0, 629, 475, 528, 4095, 768
606, 558, 1198, 832, 97, 0, 630, 479, 528, 4095, 762
606, 558, 1195, 837, 100, 0, 627, 475, 522, 4095, 766
604, 560, 1194, 839, 97, 0, 629, 477, 522, 4095, 769
602, 561, 1199, 837, 101, 0, 624, 474, 523, 4095, 771
601, 562, 1200, 831, 94, 0, 630, 480, 527, 4095, 765
603, 563, 1200, 838, 101, 0, 631, 475, 522, 4095, 769
602, 560, 1198, 833, 96, 0, 627, 476, 521, 4095, 768
606, 560, 1200, 835, 99, 0, 634, 479, 523, 4095, 763
603, 560, 1199, 841, 98, 0, 629, 477, 522, 4095, 761
606, 561, 1200, 839, 98, 0, 633, 473, 523, 4095, 768
605, 565, 1199, 838, 97, 0, 627, 474, 528, 4095, 765
606, 566, 1199, 832, 96, 0, 634, 475, 527, 4095, 766
603, 567, 1197, 834, 94, 0, 631, 479, 528, 4095, 771
602, 565, 1199, 828, 127, 0, 631, 481, 526, 4095, 769
603, 563, 1199, 833, 100, 0, 631, 476, 526, 4095, 773
602, 570, 1207, 828, 96, 0, 634, 474, 523, 4095, 778
606, 570, 1227, 826, 98, 0, 633, 477, 527, 4095, 781
603, 566, 1195, 827, 94, 0, 635, 465, 526, 4095, 774
603, 570, 1200, 823, 105, 0, 634, 478, 522, 4095, 773
607, 573, 1200, 832, 98, 0, 631, 480, 526, 4095, 778
605, 563, 1204, 832, 98, 0, 633, 480, 527, 4095, 784
604, 570, 1200, 831, 100, 0, 634, 481, 528, 4095, 773
605, 571, 1199, 835, 97, 0, 635, 464, 522, 4095, 779
601, 570, 1202, 812, 99, 0, 634, 480, 528, 4095, 782
606, 567, 1200, 842, 95, 0, 638, 475, 560, 4095, 791
606, 573, 1200, 840, 95, 0, 637, 474, 528, 4095, 774
608, 577, 1198, 839, 100, 0, 635, 478, 528, 4095, 784
608, 571, 1200, 839, 98, 0, 635, 475, 527, 4095, 782
606, 570, 1203, 807, 97, 0, 636, 479, 528, 4095, 786
606, 575, 1199, 846, 100, 0, 633, 477, 496, 4095, 801
607, 577, 1212, 845, 102, 0, 637, 476, 526, 4095, 783
606, 578, 1206, 848, 99, 0, 636, 477, 528, 4095, 775
602, 575, 1202, 850, 99, 0, 635, 475, 528, 4095, 785
605, 575, 1205, 848, 98, 0, 634, 475, 523, 4095, 784
608, 577, 1204, 848, 95, 0, 637, 475, 529, 4095, 784
605, 577, 1209, 848, 98, 0, 640, 477, 529, 4095, 785
608, 577, 1204, 850, 99, 0, 637, 476, 528, 4095, 783
607, 576, 1200, 851, 98, 0, 637, 480, 524, 4095, 784
603, 574, 1205, 848, 98, 0, 637, 481, 528, 4095, 781
603, 585, 1206, 850, 102, 0, 618, 479, 528, 4095, 782
607, 573, 1211, 848, 97, 0, 637, 477, 530, 4095, 786
606, 576, 1203, 849, 98, 0, 640, 479, 528, 4095, 780
608, 577, 1213, 855, 101, 0, 638, 475, 528, 4095, 778
603, 583, 1211, 849, 99, 0, 638, 480, 528, 4095, 784
605, 581, 1207, 851, 95, 0, 662, 475, 527, 4095, 786
607, 580, 1207, 851, 100, 0, 640, 477, 528, 4095, 787
606, 579, 1207, 854, 95, 0, 639, 479, 529, 4095, 788
608, 581, 1175, 848, 98, 0, 639, 477, 528, 4095, 781
605, 578, 1205, 848, 102, 0, 637, 476, 528, 4095, 784
606, 579, 1215, 854, 101, 0, 670, 474, 528, 4095, 789
608, 582, 1212, 848, 102, 0, 642, 475, 527, 4095, 787
606, 576, 1211, 848, 102, 0, 640, 473, 530, 4095, 781
608, 580, 1170, 848, 97, 0, 642, 470, 528, 4095, 788
608, 578, 1206, 851, 96, 0, 641, 484, 528, 4095, 787
605, 579, 1211, 851, 109, 0, 639, 477, 528, 4095, 786
610, 579, 1214, 847, 101, 0, 642, 477, 522, 4095, 791
608, 581, 1207, 850, 102, 0, 642, 472, 529, 4095, 787
607, 579, 1213, 853, 103, 0, 641, 474, 528, 4095, 787
608, 581, 1216, 853, 100, 0, 642, 478, 530, 4095, 791
609, 578, 1213, 855, 87, 8, 640, 477, 529, 4095, 785
603, 578, 1211, 859, 96, 0, 641, 473, 534, 4095, 784
607, 579, 1212, 863, 103, 0, 639, 475, 529, 4095, 788
608, 576, 1277, 865, 99, 0, 639, 476, 528, 4095, 784
609, 576, 1217, 873, 96, 0, 640, 470, 529, 4095, 786
607, 576, 1213, 870, 97, 0, 643, 480, 528, 4095, 784
610, 573, 1217, 875, 97, 0, 640, 480, 551, 4095, 787
607, 572, 1213, 869, 97, 0, 639, 474, 533, 4095, 787
611, 576, 1213, 873, 100, 0, 641, 479, 529, 4095, 788
610, 575, 1216, 875, 99, 0, 642, 477, 528, 4095, 787
613, 577, 1218, 859, 98, 0, 642, 483, 528, 4095, 787
611, 576, 1217, 871, 98, 0, 642, 481, 535, 4095, 786
612, 572, 1223, 867, 94, 0, 641, 475, 530, 4095, 787
609, 574, 1218, 865, 98, 0, 641, 481, 532, 4095, 790
610, 574, 1221, 870, 100, 0, 641, 480, 530, 4095, 797
611, 576, 1219, 875, 97, 0, 639, 480, 528, 4095, 789
612, 550, 1227, 862, 97, 0, 642, 479, 509, 4095, 814
613, 578, 1222, 859, 96, 0, 644, 480, 534, 4095, 795
611, 577, 1221, 864, 102, 0, 644, 478, 528, 4095, 798
611, 578, 1230, 860, 101, 0, 641, 479, 534, 4095, 802
609, 576, 1229, 855, 97, 0, 645, 479, 535, 4095, 800
611, 587, 1232, 865, 100, 0, 672, 479, 537, 4095, 802
614, 576, 1231, 859, 102, 0, 643, 482, 531, 4095, 802
615, 580, 1230, 853, 101, 0, 641, 481, 529, 4095, 810
612, 576, 1233, 851, 97, 0, 646, 477, 538, 4095, 809
618, 576, 1232, 850, 103, 0, 646, 482, 528, 4095, 815
616, 550, 1235, 848, 100, 0, 643, 481, 529, 4095, 806
612, 582, 1230, 848, 99, 0, 651, 478, 530, 4095, 810
614, 582, 1236, 847, 98, 0, 648, 477, 531, 4095, 815
617, 586, 1232, 849, 101, 0, 649, 480, 532, 4095, 816
615, 578, 1232, 851, 103, 0, 647, 479, 532, 4095, 810
613, 583, 1232, 847, 98, 0, 622, 476, 530, 4095, 814
614, 585, 1232, 857, 102, 0, 647, 478, 537, 4095, 816
613, 586, 1235, 858, 103, 0, 651, 480, 530, 4095, 816
617, 582, 1232, 861, 101, 0, 649, 476, 535, 4095, 816
619, 583, 1232, 863, 98, 0, 652, 478, 535, 4095, 825
619, 583, 1238, 865, 103, 0, 650, 481, 537, 4095, 819
618, 586, 1241, 866, 103, 0, 651, 479, 530, 4095, 818
619, 585, 1242, 870, 99, 0, 652, 479, 531, 4095, 816
618, 591, 1238, 870, 105, 0, 651, 485, 531, 4095, 813
618, 585, 1241, 868, 99, 0, 651, 480, 529, 4095, 820
619, 587, 1237, 871, 112, 0, 651, 479, 538, 4095, 815
621, 582, 1234, 874, 98, 0, 651, 483, 535, 4095, 815
620, 586, 1235, 874, 102, 0, 650, 479, 533, 4095, 818
621, 592, 1200, 869, 99, 0, 649, 480, 535, 4095, 822
621, 586, 1239, 866, 103, 0, 654, 492, 540, 4095, 823
617, 585, 1242, 886, 96, 0, 653, 478, 538, 4095, 811
620, 590, 1238, 880, 100, 0, 654, 478, 539, 4095, 817
623, 585, 1239, 881, 103, 0, 655, 479, 535, 4095, 817
619, 590, 1241, 882, 102, 0, 650, 474, 539, 4095, 816
623, 587, 1239, 881, 103, 0, 652, 481, 542, 4095, 820
620, 590, 1247, 853, 86, 2, 649, 478, 539, 4095, 820
622, 588, 1237, 889, 100, 0, 654, 482, 545, 4095, 815
623, 588, 1239, 886, 101, 0, 653, 481, 531, 4095, 827
620, 591, 1244, 878, 102, 0, 653, 481, 532, 4095, 824
623, 590, 1250, 884, 99, 0, 651, 483, 541, 4095, 816
621, 590, 1246, 918, 98, 0, 653, 483, 533, 4095, 816
622, 602, 1247, 881, 105, 0, 683, 477, 528, 4095, 817
612, 591, 1248, 884, 103, 0, 656, 482, 531, 4095, 817
622, 592, 1241, 883, 103, 0, 653, 476, 541, 4095, 816
622, 589, 1243, 887, 105, 0, 655, 480, 535, 4095, 817
624, 589, 1248, 862, 101, 0, 654, 479, 536, 4095, 819
622, 591, 1251, 887, 97, 0, 649, 478, 531, 4095, 791
623, 589, 1247, 891, 102, 0, 655, 480, 539, 4095, 815
622, 592, 1246, 885, 103, 0, 654, 478, 539, 4095, 816
622, 592, 1241, 881, 103, 0, 653, 482, 543, 4095, 817
623, 590, 1253, 886, 102, 0, 654, 478, 541, 4095, 822
624, 586, 1247, 885, 106, 0, 651, 476, 543, 4095, 836
620, 591, 1242, 889, 102, 0, 654, 478, 544, 4095, 821
620, 593, 1247, 896, 101, 0, 655, 477, 535, 4095, 817
620, 592, 1250, 894, 103, 0, 656, 474, 539, 4095, 816
624, 591, 1245, 896, 106, 0, 653, 477, 546, 4095, 825
624, 609, 1252, 901, 103, 0, 651, 479, 548, 4095, 817
622, 590, 1249, 912, 107, 0, 657, 480, 547, 4095, 819
624, 592, 1249, 906, 106, 0, 656, 483, 544, 4095, 821
624, 592, 1254, 914, 107, 0, 655, 480, 543, 4095, 816
624, 590, 1247, 910, 100, 0, 655, 478, 547, 4095, 813
624, 583, 1246, 917, 105, 0, 651, 481, 550, 4095, 814
622, 583, 1239, 916, 103, 0, 653, 478, 551, 4095, 812
624, 587, 1249, 914, 97, 0, 653, 478, 553, 4095, 815
624, 583, 1254, 917, 101, 0, 654, 474, 547, 4095, 804
624, 576, 1241, 912, 100, 0, 654, 476, 551, 4095, 807
624, 580, 1244, 911, 101, 0, 655, 481, 550, 4095, 805
623, 579, 1245, 903, 102, 0, 654, 477, 547, 4095, 802
622, 574, 1250, 896, 103, 0, 651, 484, 549, 4095, 807
621, 576, 1235, 891, 99, 0, 655, 479, 544, 4095, 807
624, 575, 1253, 883, 100, 0, 650, 482, 546, 4095, 807
624, 580, 1246, 880, 100, 0, 653, 483, 547, 4095, 807
623, 580, 1245, 881, 97, 0, 651, 481, 554, 4095, 816
607, 576, 1252, 881, 101, 0, 651, 479, 549, 4095, 810
623, 578, 1229, 880, 96, 0, 654, 479, 546, 4095, 816
624, 581, 1249, 882, 101, 0, 651, 471, 554, 4095, 810
624, 576, 1253, 886, 80, 0, 654, 475, 549, 4095, 810
624, 578, 1251, 887, 96, 0, 651, 476, 549, 4095, 814
624, 576, 1249, 886, 99, 0, 654, 480, 548, 4095, 816
624, 576, 1263, 891, 100, 0, 654, 477, 549, 4095, 814
625, 577, 1261, 893, 96, 0, 651, 464, 550, 4095, 816
624, 577, 1253, 894, 101, 0, 656, 481, 546, 4095, 814
624, 576, 1250, 890, 101, 0, 655, 483, 563, 4095, 815
633, 576, 1254, 894, 101, 0, 655, 479, 543, 4095, 816
624, 581, 1246, 894, 101, 0, 656, 481, 549, 4095, 815
624, 579, 1258, 893, 99, 0, 654, 462, 547, 4095, 816
624, 583, 1250, 896, 101, 0, 654, 481, 546, 4095, 813
624, 582, 1248, 897, 102, 0, 656, 479, 544, 4095, 789
629, 582, 1249, 897, 100, 0, 656, 479, 549, 4095, 817
624, 587, 1248, 895, 103, 0, 656, 476, 551, 4095, 818
624, 587, 1246, 892, 103, 0, 656, 475, 546, 4095, 817
624, 586, 1247, 879, 106, 0, 656, 479, 541, 4095, 816
624, 615, 1250, 900, 98, 0, 656, 482, 550, 4095, 785
624, 587, 1253, 891, 103, 0, 654, 481, 548, 4095, 816
625, 589, 1257, 894, 102, 0, 657, 482, 546, 4095, 816
624, 587, 1253, 891, 106, 0, 656, 480, 545, 4095, 817
624, 586, 1257, 891, 102, 0, 656, 478, 539, 4095, 822
624, 588, 1253, 885, 103, 0, 656, 480, 539, 4095, 807
624, 592, 1253, 887, 103, 0, 656, 480, 545, 4095, 825
624, 588, 1253, 885, 99, 0, 656, 477, 543, 4095, 830
623, 589, 1251, 886, 102, 0, 656, 481, 544, 4095, 827
624, 585, 1253, 882, 102, 0, 658, 482, 542, 4095, 821
624, 547, 1249, 883, 99, 0, 653, 485, 538, 4095, 827
624, 592, 1258, 880, 103, 0, 656, 483, 545, 4095, 828
624, 592, 1254, 881, 106, 0, 657, 485, 539, 4095, 832
623, 591, 1257, 880, 106, 0, 656, 487, 541, 4095, 821
624, 594, 1253, 879, 103, 0, 656, 481, 534, 4095, 830
621, 575, 1254, 881, 104, 0, 662, 481, 533, 4095, 823
624, 593, 1251, 880, 105, 0, 657, 484, 541, 4095, 832
623, 592, 1251, 880, 103, 0, 658, 482, 541, 4095, 829
624, 592, 1250, 878, 106, 0, 657, 481, 535, 4095, 829
622, 593, 1254, 878, 105, 0, 656, 482, 540, 4095, 829
624, 598, 1253, 877, 105, 0, 655, 482, 542, 4095, 832
624, 592, 1257, 866, 102, 0, 656, 484, 533, 4095, 829
624, 595, 1258, 869, 103, 0, 656, 478, 534, 4095, 829
624, 592, 1249, 877, 103, 0, 656, 477, 535, 4095, 823
624, 599, 1249, 868, 104, 0, 656, 481, 534, 4095, 830
621, 596, 1246, 873, 115, 0, 657, 479, 543, 4095, 821
622, 601, 1249, 867, 105, 0, 657, 478, 537, 4095, 832
621, 603, 1260, 859, 102, 0, 656, 480, 530, 4095, 830
624, 597, 1274, 857, 102, 0, 658, 481, 535, 4095, 831
624, 597, 1254, 846, 102, 0, 657, 480, 537, 4095, 835
624, 597, 1250, 832, 102, 0, 656, 479, 536, 4095, 831
624, 604, 1261, 817, 96, 0, 656, 481, 529, 4095, 835
624, 601, 1251, 818, 106, 0, 656, 482, 529, 4095, 833
622, 604, 1254, 810, 101, 0, 656, 480, 535, 4095, 832
624, 601, 1259, 807, 103, 0, 657, 478, 528, 4095, 839
623, 605, 1250, 801, 96, 0, 658, 482, 530, 4095, 839
622, 603, 1259, 806, 97, 0, 656, 482, 533, 4095, 837
619, 599, 1258, 803, 101, 0, 656, 476, 534, 4095, 841
623, 598, 1255, 789, 102, 0, 656, 482, 532, 4095, 835
624, 606, 1263, 791, 104, 0, 656, 476, 532, 4095, 839
623, 607, 1257, 783, 75, 0, 656, 482, 530, 4095, 842
624, 603, 1257, 778, 99, 0, 656, 481, 518, 4095, 838
624, 603, 1262, 784, 97, 0, 656, 474, 529, 4095, 846
624, 599, 1258, 781, 99, 0, 656, 481, 528, 4095, 837
623, 602, 1264, 771, 101, 0, 656, 481, 528, 4095, 843
624, 599, 1261, 775, 96, 0, 654, 479, 528, 4095, 835
624, 598, 1263, 755, 99, 0, 657, 480, 539, 4095, 845
611, 595, 1264, 747, 97, 0, 655, 481, 526, 4095, 847
623, 598, 1264, 745, 96, 0, 656, 480, 522, 4095, 844
624, 597, 1267, 743, 98, 0, 656, 479, 521, 4095, 847
623, 599, 1264, 745, 99, 0, 656, 481, 523, 4095, 844
624, 594, 1264, 735, 96, 0, 666, 481, 521, 4095, 843
623, 594, 1271, 730, 95, 0, 656, 479, 518, 4095, 844
625, 595, 1263, 733, 95, 0, 656, 479, 517, 4095, 841
624, 596, 1270, 736, 97, 0, 656, 480, 519, 4095, 848
624, 592, 1269, 738, 98, 0, 656, 484, 511, 4095, 841
624, 592, 1271, 752, 100, 0, 655, 482, 507, 4095, 861
624, 598, 1271, 753, 97, 0, 656, 480, 522, 4095, 844
626, 594, 1273, 752, 94, 0, 657, 476, 522, 4095, 837
624, 592, 1275, 759, 101, 0, 656, 482, 521, 4095, 848
625, 592, 1273, 759, 98, 0, 656, 479, 511, 4095, 846
624, 593, 1267, 763, 100, 0, 686, 480, 518, 4095, 839
626, 593, 1273, 763, 96, 0, 656, 479, 524, 4095, 847
626, 592, 1271, 769, 97, 0, 656, 478, 517, 4095, 841
625, 592, 1286, 765, 98, 0, 656, 477, 511, 4095, 849
624, 592, 1274, 751, 96, 0, 655, 480, 522, 4095, 848
626, 590, 1274, 752, 96, 0, 656, 482, 511, 4095, 840
629, 594, 1278, 752, 92, 0, 655, 479, 519, 4095, 848
625, 592, 1277, 754, 97, 0, 657, 478, 523, 4095, 848
626, 592, 1275, 752, 97, 0, 655, 481, 524, 4095, 849
626, 592, 1280, 755, 91, 0, 656, 478, 521, 4095, 848
624, 587, 1277, 760, 97, 0, 659, 477, 518, 4095, 850
628, 592, 1281, 756, 98, 0, 656, 479, 519, 4095, 847
627, 593, 1280, 751, 98, 0, 656, 479, 524, 4095, 848
624, 596, 1271, 753, 95, 0, 656, 480, 523, 4095, 850
629, 593, 1283, 754, 95, 0, 656, 480, 519, 4095, 848
630, 597, 1285, 761, 112, 0, 656, 478, 526, 4095, 848
630, 592, 1282, 763, 95, 0, 659, 477, 523, 4095, 854
626, 596, 1278, 760, 95, 0, 656, 479, 527, 4095, 852
630, 601, 1287, 768, 95, 0, 657, 487, 521, 4095, 855
629, 596, 1280, 775, 101, 0, 657, 474, 524, 4095, 859
630, 594, 1274, 786, 129, 0, 656, 483, 521, 4095, 861
631, 598, 1278, 795, 99, 0, 656, 478, 521, 4095, 854
629, 601, 1276, 790, 100, 0, 656, 480, 522, 4095, 857
633, 598, 1282, 804, 99, 0, 658, 478, 527, 4095, 851
627, 599, 1277, 794, 97, 0, 658, 495, 528, 4095, 855
629, 599, 1273, 796, 67, 0, 659, 483, 525, 4095, 859
627, 607, 1277, 787, 98, 0, 659, 483, 522, 4095, 854
629, 605, 1282, 786, 97, 0, 658, 483, 525, 4095, 854
631, 604, 1263, 783, 101, 0, 659, 482, 528, 4095, 853
631, 606, 1286, 775, 93, 0, 658, 460, 521, 4095, 855
627, 607, 1281, 774, 97, 0, 657, 483, 528, 4095, 853
627, 600, 1284, 784, 98, 0, 656, 481, 525, 4095, 849
619, 598, 1286, 790, 97, 0, 657, 484, 528, 4095, 856
630, 602, 1281, 797, 96, 0, 658, 475, 528, 4095, 848
630, 603, 1274, 791, 96, 0, 657, 463, 528, 4095, 848
629, 600, 1282, 805, 93, 0, 656, 484, 525, 4095, 848
629, 599, 1275, 807, 97, 0, 657, 481, 509, 4095, 821
627, 599, 1282, 810, 95, 0, 657, 480, 530, 4095, 839
633, 599, 1279, 815, 101, 0, 656, 483, 528, 4095, 839
629, 599, 1278, 816, 98, 0, 655, 479, 528, 4095, 836
630, 592, 1279, 826, 97, 0, 656, 486, 530, 4095, 843
631, 597, 1277, 820, 95, 0, 656, 479, 495, 4095, 838
626, 594, 1274, 831, 98, 0, 656, 479, 531, 4095, 838
627, 594, 1275, 832, 98, 0, 651, 482, 528, 4095, 834
631, 594, 1281, 830, 98, 0, 656, 484, 529, 4095, 839
634, 596, 1281, 821, 98, 0, 655, 480, 528, 4095, 841
631, 563, 1277, 815, 96, 0, 656, 477, 536, 4095, 837
631, 594, 1274, 816, 94, 0, 650, 480, 532, 4095, 837
630, 592, 1274, 816, 97, 0, 651, 484, 525, 4095, 833
630, 592, 1275, 805, 94, 0, 654, 479, 528, 4095, 834
629, 592, 1278, 805, 94, 0, 654, 482, 528, 4095, 834
629, 606, 1275, 806, 94, 0, 663, 479, 530, 4095, 829
630, 589, 1278, 801, 95, 0, 655, 482, 531, 4095, 833
629, 591, 1281, 800, 90, 0, 651, 479, 528, 4095, 819
627, 586, 1280, 804, 93, 0, 654, 482, 527, 4095, 825
627, 581, 1275, 802, 89, 0, 652, 480, 528, 4095, 816
629, 615, 1273, 795, 89, 0, 655, 477, 526, 4095, 816
629, 585, 1274, 795, 90, 0, 650, 480, 529, 4095, 815
631, 579, 1274, 800, 92, 0, 646, 480, 526, 4095, 811
627, 576, 1279, 793, 86, 0, 649, 480, 528, 4095, 815
633, 576, 1277, 790, 89, 0, 642, 476, 528, 4095, 807
632, 578, 1275, 791, 91, 0, 671, 481, 528, 4095, 802
630, 569, 1281, 789, 88, 0, 644, 475, 529, 4095, 802
629, 575, 1277, 784, 90, 0, 642, 479, 529, 4095, 804
630, 571, 1277, 778, 85, 0, 642, 477, 528, 4095, 811
630, 573, 1273, 766, 87, 0, 643, 477, 528, 4095, 801
629, 573, 1279, 755, 89, 0, 656, 477, 525, 4095, 809
631, 573, 1277, 752, 84, 0, 640, 477, 525, 4095, 810
628, 565, 1278, 738, 89, 0, 639, 479, 526, 4095, 803
631, 567, 1247, 738, 86, 0, 640, 474, 521, 4095, 809
627, 565, 1280, 731, 83, 0, 639, 480, 528, 4095, 811
632, 567, 1276, 732, 80, 0, 640, 477, 523, 4095, 812
630, 560, 1277, 730, 83, 0, 640, 475, 523, 4095, 804
629, 562, 1276, 738, 83, 0, 641, 475, 523, 4095, 802
627, 563, 1264, 730, 88, 0, 638, 480, 523, 4095, 807
629, 561, 1278, 735, 86, 0, 642, 460, 517, 4095, 803
630, 563, 1285, 726, 87, 0, 635, 482, 511, 4095, 815
629, 561, 1279, 734, 91, 0, 642, 479, 521, 4095, 815
629, 563, 1277, 737, 90, 0, 640, 478, 522, 4095, 811
631, 560, 1345, 737, 87, 0, 642, 478, 525, 4095, 816
629, 569, 1278, 746, 91, 0, 638, 481, 505, 4095, 816
629, 572, 1276, 731, 86, 0, 641, 475, 520, 4095, 818
628, 569, 1278, 756, 87, 0, 640, 482, 511, 4095, 822
638, 565, 1278, 766, 93, 0, 640, 480, 520, 4095, 829
634, 574, 1273, 771, 90, 0, 641, 479, 521, 4095, 830
631, 573, 1285, 771, 92, 0, 643, 481, 524, 4095, 837
628, 575, 1280, 752, 109, 0, 642, 480, 519, 4095, 830
628, 576, 1277, 784, 93, 0, 643, 475, 521, 4095, 837
630, 578, 1281, 788, 93, 0, 643, 480, 523, 4095, 838
632, 575, 1285, 793, 94, 0, 643, 481, 522, 4095, 839
630, 579, 1283, 799, 91, 0, 642, 454, 527, 4095, 839
628, 579, 1287, 764, 92, 0, 646, 480, 522, 4095, 833
629, 579, 1277, 814, 96, 0, 650, 478, 519, 4095, 839
639, 583, 1276, 822, 94, 0, 645, 479, 528, 4095, 839
630, 582, 1278, 821, 90, 0, 647, 477, 528, 4095, 832
630, 579, 1275, 834, 96, 0, 651, 478, 525, 4095, 836
629, 581, 1280, 832, 95, 0, 647, 479, 528, 4095, 831
631, 565, 1279, 845, 98, 0, 650, 485, 516, 4095, 821
629, 585, 1278, 845, 96, 0, 652, 479, 525, 4095, 832
629, 583, 1280, 852, 93, 0, 649, 478, 525, 4095, 838
625, 586, 1278, 860, 97, 0, 650, 478, 528, 4095, 830
629, 578, 1273, 865, 97, 0, 651, 480, 528, 4095, 832
630, 580, 1277, 869, 98, 0, 650, 477, 528, 4095, 821
629, 582, 1275, 867, 95, 0, 651, 475, 529, 4095, 829
626, 579, 1279, 874, 96, 0, 647, 481, 528, 4095, 817
627, 578, 1270, 867, 96, 0, 652, 474, 528, 4095, 826
628, 576, 1278, 880, 94, 0, 649, 478, 528, 4095, 815
632, 581, 1271, 881, 98, 0, 651, 482, 538, 4095, 790
628, 576, 1277, 887, 96, 0, 653, 480, 537, 4095, 813
625, 571, 1276, 890, 91, 0, 647, 481, 528, 4095, 803
630, 574, 1278, 899, 93, 0, 647, 481, 534, 4095, 798
626, 571, 1275, 905, 97, 0, 651, 482, 530, 4095, 791
627, 576, 1265, 899, 94, 0, 646, 480, 534, 4095, 786
629, 560, 1274, 900, 95, 0, 649, 481, 537, 4095, 780
625, 565, 1274, 905, 92, 0, 643, 477, 539, 4095, 784
629, 557, 1264, 903, 97, 0, 643, 478, 531, 4095, 767
627, 557, 1262, 898, 94, 0, 646, 478, 538, 4095, 767
626, 558, 1261, 901, 91, 0, 645, 478, 539, 4095, 764
626, 527, 1264, 895, 92, 0, 641, 476, 535, 4095, 760
627, 557, 1265, 896, 87, 0, 643, 478, 539, 4095, 758
627, 555, 1260, 897, 94, 0, 641, 479, 543, 4095, 759
627, 551, 1261, 892, 86, 0, 641, 478, 538, 4095, 755
626, 547, 1264, 886, 94, 0, 633, 479, 534, 4095, 755
626, 551, 1258, 883, 92, 0, 637, 479, 535, 4095, 752
627, 548, 1259, 892, 90, 0, 638, 479, 533, 4095, 752
628, 545, 1261, 883, 91, 0, 638, 477, 533, 4095, 759
624, 543, 1259, 882, 94, 0, 634, 480, 537, 4095, 752
625, 545, 1255, 880, 87, 0, 625, 485, 531, 4095, 752
627, 549, 1259, 880, 91, 0, 639, 481, 535, 4095, 755
627, 546, 1261, 873, 86, 0, 640, 483, 542, 4095, 753
629, 544, 1265, 874, 86, 0, 634, 481, 538, 4095, 755
627, 543, 1265, 873, 94, 0, 639, 477, 540, 4095, 758
625, 541, 1257, 866, 83, 0, 640, 480, 535, 4095, 765
628, 545, 1264, 863, 90, 0, 635, 479, 533, 4095, 765
626, 545, 1261, 859, 87, 0, 638, 480, 537, 4095, 767
625, 544, 1274, 851, 93, 0, 635, 480, 532, 4095, 767
627, 543, 1264, 857, 93, 0, 639, 481, 531, 4095, 774
629, 544, 1264, 848, 92, 0, 639, 483, 535, 4095, 773
625, 542, 1264, 848, 93, 0, 634, 479, 531, 4095, 778
612, 546, 1264, 854, 91, 0, 637, 477, 531, 4095, 784
625, 542, 1277, 854, 87, 0, 634, 476, 531, 4095, 784
626, 547, 1261, 848, 87, 0, 637, 484, 529, 4095, 787
624, 551, 1263, 848, 95, 0, 639, 478, 528, 4095, 793
624, 553, 1259, 849, 94, 0, 638, 483, 530, 4095, 790
637, 549, 1264, 851, 93, 0, 635, 480, 528, 4095, 805
624, 555, 1268, 851, 95, 0, 638, 482, 534, 4095, 802
627, 558, 1260, 853, 91, 0, 637, 496, 528, 4095, 799
627, 556, 1261, 857, 92, 0, 639, 481, 535, 4095, 804
627, 560, 1262, 851, 92, 0, 641, 480, 533, 4095, 802
637, 558, 1267, 858, 96, 0, 639, 481, 530, 4095, 812
624, 560, 1264, 855, 95, 0, 641, 481, 531, 4095, 814
626, 560, 1264, 855, 94, 0, 644, 445, 531, 4095, 827
625, 565, 1264, 841, 96, 0, 644, 479, 528, 4095, 815
627, 561, 1264, 863, 95, 0, 642, 481, 569, 4095, 834
650, 561, 1262, 861, 98, 0, 642, 482, 528, 4095, 819
624, 564, 1264, 859, 99, 0, 646, 482, 531, 4095, 822
627, 569, 1275, 857, 96, 0, 649, 479, 529, 4095, 826
625, 569, 1267, 860, 96, 0, 645, 483, 528, 4095, 821
625, 568, 1264, 859, 100, 0, 676, 479, 528, 4095, 821
637, 573, 1268, 866, 97, 0, 646, 477, 528, 4095, 831
627, 573, 1265, 866, 101, 0, 646, 480, 529, 4095, 822
626, 576, 1269, 870, 97, 0, 649, 474, 529, 4095, 827
624, 571, 1269, 863, 99, 0, 650, 476, 528, 4095, 823
628, 576, 1266, 877, 97, 0, 646, 478, 526, 4095, 827
624, 576, 1262, 874, 100, 0, 652, 482, 530, 4095, 823
625, 581, 1264, 870, 99, 0, 648, 475, 527, 4095, 827
627, 577, 1264, 867, 97, 0, 647, 477, 528, 4095, 832
624, 581, 1267, 872, 98, 0, 649, 477, 531, 4095, 830
624, 581, 1264, 870, 98, 0, 646, 479, 535, 4095, 815
627, 580, 1260, 874, 96, 0, 653, 481, 531, 4095, 823
624, 579, 1265, 875, 101, 0, 646, 479, 530, 4095, 826
626, 582, 1265, 870, 98, 0, 650, 478, 528, 4095, 827
624, 581, 1264, 873, 100, 0, 647, 481, 526, 4095, 825
626, 579, 1264, 871, 96, 0, 653, 471, 531, 4095, 822
624, 576, 1264, 879, 99, 0, 651, 477, 531, 4095, 821
625, 582, 1263, 878, 101, 0, 653, 479, 530, 4095, 816
624, 580, 1255, 875, 99, 0, 652, 475, 530, 4095, 816
624, 581, 1257, 875, 100, 0, 651, 479, 527, 4095, 817
626, 642, 1262, 880, 101, 0, 675, 476, 526, 4095, 816
624, 585, 1261, 874, 103, 0, 654, 474, 528, 4095, 820
624, 586, 1258, 872, 96, 0, 650, 475, 528, 4095, 815
624, 588, 1255, 873, 97, 0, 645, 474, 526, 4095, 813
624, 587, 1259, 867, 102, 0, 653, 477, 529, 4095, 816
624, 585, 1255, 868, 99, 0, 627, 476, 532, 4095, 816
624, 585, 1264, 870, 101, 0, 652, 469, 531, 4095, 816
624, 585, 1259, 866, 97, 0, 650, 477, 528, 4095, 817
624, 586, 1264, 866, 101, 0, 651, 474, 529, 4095, 815
624, 585, 1264, 865, 96, 0, 645, 475, 529, 4095, 816
624, 590, 1255, 871, 97, 0, 647, 476, 528, 4095, 821
624, 592, 1259, 873, 99, 0, 647, 477, 531, 4095, 822
624, 592, 1259, 875, 103, 0, 651, 475, 530, 4095, 817
624, 591, 1255, 880, 102, 0, 650, 474, 532, 4095, 821
624, 586, 1266, 880, 97, 0, 647, 474, 530, 4095, 813
624, 590, 1258, 880, 102, 0, 647, 475, 528, 4095, 818
624, 589, 1259, 880, 99, 0, 647, 478, 528, 4095, 820
623, 586, 1260, 885, 99, 0, 650, 478, 531, 4095, 813
623, 585, 1244, 887, 99, 0, 651, 477, 535, 4095, 820
622, 589, 1260, 892, 96, 0, 649, 474, 534, 4095, 816
623, 587, 1255, 895, 71, 0, 651, 475, 528, 4095, 812
624, 586, 1260, 893, 102, 0, 651, 474, 528, 4095, 817
624, 591, 1255, 886, 102, 0, 647, 477, 528, 4095, 815
624, 592, 1315, 886, 100, 0, 647, 471, 528, 4095, 815
624, 592, 1257, 880, 100, 0, 651, 478, 528, 4095, 817
624, 582, 1261, 880, 66, 0, 650, 473, 528, 4095, 810
624, 592, 1248, 880, 99, 0, 645, 477, 528, 4095, 822
609, 589, 1258, 877, 101, 0, 649, 475, 528, 4095, 823
624, 591, 1232, 879, 101, 0, 651, 467, 526, 4095, 817
624, 589, 1263, 873, 99, 0, 651, 477, 529, 4095, 821
623, 591, 1254, 899, 101, 0, 651, 471, 531, 4095, 819
624, 587, 1257, 880, 99, 0, 649, 475, 525, 4095, 818
624, 592, 1259, 880, 100, 0, 649, 477, 529, 4095, 819
624, 589, 1263, 889, 101, 0, 647, 479, 527, 4095, 820
624, 591, 1251, 890, 99, 0, 651, 521, 531, 4095, 816
624, 592, 1255, 883, 101, 0, 653, 476, 528, 4095, 828
624, 592, 1255, 894, 100, 0, 650, 475, 533, 4095, 817
624, 590, 1259, 891, 101, 0, 654, 473, 528, 4095, 823
623, 590, 1255, 896, 98, 0, 647, 470, 534, 4095, 817
624, 590, 1258, 898, 104, 0, 651, 474, 533, 4095, 817
624, 593, 1261, 885, 101, 0, 651, 475, 535, 4095, 827
624, 590, 1254, 899, 103, 0, 650, 470, 528, 4095, 845
624, 590, 1255, 899, 103, 0, 651, 475, 534, 4095, 826
624, 589, 1257, 901, 96, 0, 653, 475, 534, 4095, 822
622, 592, 1262, 910, 101, 0, 651, 475, 533, 4095, 827
623, 590, 1263, 947, 99, 0, 651, 474, 533, 4095, 835
624, 601, 1264, 902, 97, 0, 653, 471, 544, 4095, 804
623, 592, 1260, 912, 98, 0, 651, 474, 534, 4095, 829
624, 592, 1263, 912, 101, 0, 654, 470, 530, 4095, 825
624, 592, 1264, 913, 101, 0, 649, 471, 539, 4095, 830
624, 586, 1259, 906, 98, 0, 656, 472, 538, 4095, 832
623, 639, 1259, 909, 98, 0, 656, 476, 533, 4095, 827
624, 592, 1264, 916, 101, 0, 653, 476, 538, 4095, 833
624, 590, 1264, 909, 100, 0, 653, 473, 534, 4095, 836
624, 592, 1259, 915, 98, 0, 649, 473, 543, 4095, 836
624, 592, 1264, 912, 99, 0, 656, 471, 534, 4095, 833
624, 592, 1259, 914, 103, 0, 654, 476, 528, 4095, 848
624, 592, 1257, 903, 102, 0, 654, 479, 533, 4095, 831
624, 592, 1263, 899, 105, 0, 655, 471, 532, 4095, 833
625, 592, 1264, 891, 103, 0, 654, 474, 533, 4095, 836
625, 592, 1263, 890, 99, 0, 653, 479, 531, 4095, 832
624, 560, 1264, 881, 103, 0, 637, 479, 529, 4095, 836
624, 592, 1268, 880, 97, 0, 656, 476, 531, 4095, 839
625, 595, 1261, 879, 101, 0, 655, 474, 528, 4095, 837
624, 595, 1260, 886, 102, 0, 654, 475, 533, 4095, 834
624, 595, 1267, 878, 101, 0, 653, 473, 534, 4095, 838
623, 629, 1270, 880, 98, 0, 654, 474, 533, 4095, 843
622, 593, 1264, 884, 103, 0, 655, 477, 531, 4095, 839
624, 593, 1262, 884, 99, 0, 656, 471, 528, 4095, 842
624, 594, 1266, 890, 102, 0, 656, 477, 529, 4095, 840
624, 592, 1267, 887, 98, 0, 656, 477, 533, 4095, 837
625, 592, 1264, 889, 101, 0, 656, 478, 528, 4095, 841
624, 595, 1263, 880, 103, 0, 654, 471, 531, 4095, 839
625, 595, 1269, 880, 102, 0, 656, 474, 531, 4095, 839
625, 595, 1264, 880, 102, 0, 656, 473, 534, 4095, 842
625, 598, 1267, 870, 105, 0, 655, 474, 528, 4095, 843
624, 598, 1264, 859, 101, 0, 655, 473, 531, 4095, 839
624, 602, 1264, 855, 102, 0, 653, 471, 526, 4095, 842
624, 596, 1264, 845, 103, 0, 657, 474, 528, 4095, 847
625, 601, 1267, 850, 103, 0, 656, 471, 527, 4095, 848
625, 601, 1266, 849, 101, 0, 656, 474, 526, 4095, 848
624, 598, 1271, 853, 106, 0, 656, 475, 524, 4095, 850
624, 601, 1264, 855, 102, 0, 656, 477, 528, 4095, 848
627, 603, 1269, 854, 105, 0, 657, 471, 528, 4095, 847
624, 603, 1277, 858, 106, 0, 656, 469, 528, 4095, 848
624, 603, 1263, 862, 104, 0, 657, 471, 530, 4095, 849
624, 599, 1264, 875, 103, 0, 656, 476, 529, 4095, 847
624, 602, 1267, 878, 102, 0, 656, 473, 529, 4095, 850
623, 608, 1265, 881, 103, 0, 656, 478, 530, 4095, 851
626, 597, 1264, 882, 100, 0, 656, 476, 531, 4095, 849
624, 599, 1267, 889, 101, 0, 657, 471, 533, 4095, 841
625, 603, 1263, 900, 96, 0, 656, 476, 535, 4095, 848
624, 602, 1264, 906, 99, 0, 659, 471, 545, 4095, 844
624, 599, 1264, 912, 102, 0, 656, 476, 529, 4095, 838
625, 603, 1286, 906, 103, 0, 656, 477, 534, 4095, 840
625, 595, 1264, 910, 104, 0, 656, 477, 529, 4095, 841
624, 592, 1266, 910, 98, 0, 655, 478, 534, 4095, 837
624, 598, 1264, 914, 101, 0, 658, 477, 531, 4095, 836
624, 598, 1268, 914, 105, 0, 657, 475, 537, 4095, 843
625, 597, 1296, 915, 102, 0, 656, 474, 533, 4095, 834
624, 597, 1264, 912, 105, 0, 654, 480, 538, 4095, 833
625, 595, 1266, 917, 95, 0, 656, 478, 541, 4095, 833
625, 594, 1264, 923, 103, 0, 657, 473, 538, 4095, 839
636, 597, 1263, 926, 98, 0, 656, 473, 541, 4095, 839
626, 592, 1266, 926, 106, 0, 656, 471, 540, 4095, 830
624, 592, 1266, 927, 103, 0, 657, 481, 539, 4095, 831
624, 592, 1265, 931, 102, 0, 656, 478, 540, 4095, 839
624, 589, 1265, 929, 98, 0, 656, 473, 535, 4095, 838
651, 592, 1268, 937, 98, 0, 656, 474, 543, 4095, 833
625, 585, 1270, 937, 97, 0, 656, 475, 541, 4095, 836
625, 584, 1264, 936, 101, 0, 655, 465, 536, 4095, 833
625, 589, 1269, 935, 113, 0, 656, 474, 537, 4095, 832
625, 584, 1266, 927, 98, 0, 656, 476, 542, 4095, 833
624, 585, 1265, 926, 98, 0, 656, 475, 543, 4095, 842
625, 585, 1264, 923, 99, 0, 656, 473, 534, 4095, 835
626, 590, 1277, 931, 96, 0, 649, 474, 544, 4095, 842
625, 589, 1264, 921, 99, 0, 654, 474, 543, 4095, 839
626, 589, 1267, 930, 96, 0, 655, 475, 534, 4095, 834
650, 586, 1265, 928, 96, 0, 656, 475, 538, 4095, 834
625, 586, 1278, 926, 97, 0, 658, 472, 539, 4095, 839
629, 592, 1269, 931, 105, 0, 656, 479, 540, 4095, 839
625, 585, 1274, 932, 99, 0, 656, 474, 542, 4095, 837
626, 592, 1270, 931, 101, 0, 654, 477, 531, 4095, 832
637, 588, 1273, 927, 98, 0, 656, 475, 543, 4095, 846
627, 587, 1277, 933, 99, 0, 656, 480, 539, 4095, 839
627, 588, 1269, 935, 96, 0, 656, 475, 547, 4095, 846
627, 587, 1281, 929, 98, 0, 656, 470, 551, 4095, 841
630, 561, 1273, 927, 102, 0, 659, 471, 497, 4095, 847
637, 587, 1274, 930, 102, 0, 655, 471, 543, 4095, 841
627, 592, 1268, 928, 96, 0, 655, 475, 542, 4095, 848
625, 593, 1270, 929, 101, 0, 656, 474, 543, 4095, 848
629, 587, 1278, 924, 100, 0, 654, 472, 546, 4095, 843
629, 573, 1275, 923, 99, 0, 657, 471, 542, 4095, 859
627, 592, 1274, 914, 103, 0, 657, 474, 535, 4095, 851
627, 595, 1269, 916, 101, 0, 657, 474, 543, 4095, 849
630, 592, 1272, 913, 101, 0, 657, 474, 543, 4095, 848
628, 592, 1276, 914, 102, 0, 656, 475, 541, 4095, 851
628, 593, 1280, 914, 99, 0, 656, 469, 540, 4095, 819
627, 592, 1267, 916, 105, 0, 656, 469, 540, 4095, 860
626, 597, 1271, 913, 101, 0, 659, 474, 544, 4095, 850
629, 596, 1273, 912, 103, 0, 659, 475, 542, 4095, 853
630, 595, 1277, 914, 101, 0, 658, 475, 541, 4095, 863
627, 592, 1280, 912, 101, 0, 658, 471, 544, 4095, 856
627, 599, 1280, 906, 102, 0, 657, 477, 544, 4095, 858
629, 595, 1270, 898, 101, 0, 657, 474, 541, 4095, 857
628, 598, 1271, 888, 98, 0, 656, 473, 542, 4095, 860
627, 598, 1273, 884, 103, 0, 658, 474, 539, 4095, 855
628, 615, 1277, 872, 101, 0, 676, 479, 535, 4095, 859
630, 603, 1279, 863, 103, 0, 662, 476, 543, 4095, 859
628, 594, 1277, 848, 97, 0, 659, 478, 539, 4095, 863
630, 598, 1277, 839, 101, 0, 656, 477, 539, 4095, 858
627, 593, 1280, 821, 97, 0, 657, 477, 538, 4095, 854
627, 652, 1280, 816, 95, 0, 667, 477, 537, 4095, 843
630, 595, 1279, 813, 100, 0, 656, 479, 531, 4095, 844
627, 589, 1280, 803, 97, 0, 656, 473, 537, 4095, 833
633, 587, 1280, 815, 100, 0, 656, 473, 537, 4095, 816
629, 586, 1274, 813, 95, 0, 656, 475, 534, 4095, 804
629, 581, 1276, 814, 90, 0, 640, 474, 537, 4095, 783
630, 577, 1264, 817, 90, 0, 650, 471, 540, 4095, 772
629, 576, 1267, 816, 92, 0, 645, 471, 530, 4095, 768
627, 576, 1264, 816, 83, 0, 645, 472, 530, 4095, 759
630, 576, 1254, 812, 82, 0, 638, 469, 535, 4095, 739
628, 570, 1259, 810, 87, 0, 659, 469, 536, 4095, 726
624, 565, 1254, 816, 85, 0, 629, 465, 530, 4095, 722
625, 561, 1246, 801, 89, 0, 634, 467, 530, 4095, 715
625, 557, 1251, 801, 87, 0, 628, 465, 530, 4095, 701
624, 555, 1247, 795, 80, 0, 624, 465, 530, 4095, 704
625, 560, 1245, 787, 80, 0, 621, 464, 531, 4095, 699
624, 551, 1242, 784, 81, 0, 620, 463, 528, 4095, 691
624, 550, 1242, 771, 82, 0, 612, 463, 528, 4095, 683
624, 545, 1241, 769, 80, 0, 611, 466, 526, 4095, 673
623, 541, 1243, 763, 80, 0, 608, 464, 527, 4095, 671
622, 534, 1243, 759, 80, 0, 607, 465, 527, 4095, 672
622, 537, 1238, 756, 79, 0, 605, 464, 527, 4095, 663
624, 530, 1234, 750, 80, 0, 601, 463, 521, 4095, 662
624, 531, 1237, 743, 77, 0, 601, 464, 523, 4095, 659
621, 528, 1237, 743, 78, 0, 597, 455, 519, 4095, 663
624, 528, 1237, 737, 69, 0, 592, 464, 520, 4095, 659
622, 528, 1239, 733, 78, 0, 592, 464, 520, 4095, 662
624, 527, 1233, 729, 77, 0, 592, 464, 507, 4095, 659
623, 519, 1233, 722, 71, 0, 591, 460, 510, 4095, 663
622, 522, 1232, 721, 78, 0, 588, 437, 518, 4095, 668
619, 520, 1232, 721, 80, 0, 592, 464, 518, 4095, 673
624, 509, 1241, 720, 75, 0, 591, 464, 510, 4095, 683
622, 506, 1239, 725, 74, 0, 592, 459, 511, 4095, 687
623, 511, 1258, 731, 77, 0, 592, 464, 518, 4095, 692
623, 505, 1242, 730, 75, 0, 592, 441, 510, 4095, 705
624, 511, 1247, 731, 79, 0, 591, 462, 506, 4095, 714
622, 511, 1247, 730, 79, 0, 591, 462, 505, 4095, 714
624, 510, 1249, 722, 77, 0, 591, 463, 508, 4095, 722
624, 522, 1248, 720, 80, 0, 595, 464, 510, 4095, 737
623, 509, 1250, 720, 79, 0, 592, 443, 507, 4095, 746
624, 522, 1249, 717, 77, 0, 592, 461, 509, 4095, 749
624, 527, 1259, 722, 79, 0, 597, 464, 486, 4095, 752
626, 523, 1253, 720, 80, 0, 597, 464, 510, 4095, 761
624, 522, 1259, 717, 80, 0, 598, 463, 501, 4095, 771
624, 523, 1255, 714, 80, 0, 599, 439, 509, 4095, 769
624, 525, 1264, 769, 80, 0, 603, 466, 508, 4095, 765
624, 526, 1261, 720, 77, 0, 602, 464, 510, 4095, 789
622, 526, 1260, 720, 77, 0, 602, 464, 518, 4095, 754
625, 521, 1264, 720, 75, 0, 600, 464, 509, 4095, 747
624, 525, 1262, 720, 80, 0, 606, 466, 503, 4095, 738
624, 511, 1259, 751, 80, 0, 603, 466, 515, 4095, 726
624, 510, 1252, 725, 80, 0, 598, 461, 509, 4095, 766
637, 517, 1252, 726, 80, 0, 593, 463, 506, 4095, 702
623, 507, 1245, 728, 74, 0, 592, 464, 505, 4095, 693
627, 506, 1244, 721, 78, 0, 596, 464, 509, 4095, 688
624, 507, 1243, 740, 80, 0, 592, 464, 511, 4095, 677
624, 528, 1234, 729, 74, 0, 591, 459, 486, 4095, 664
628, 506, 1250, 727, 76, 0, 592, 460, 511, 4095, 672
624, 504, 1233, 729, 77, 0, 592, 464, 511, 4095, 679
623, 501, 1242, 725, 74, 0, 587, 461, 499, 4095, 677
624, 503, 1232, 720, 79, 0, 586, 463, 507, 4095, 683
622, 502, 1232, 722, 77, 0, 588, 459, 505, 4095, 704
624, 501, 1237, 720, 79, 0, 590, 464, 503, 4095, 690
622, 496, 1238, 726, 74, 0, 588, 464, 505, 4095, 693
621, 498, 1238, 726, 75, 0, 589, 461, 507, 4095, 702
621, 499, 1239, 736, 74, 0, 587, 458, 507, 4095, 697
619, 496, 1232, 734, 78, 0, 587, 463, 542, 4095, 720
622, 496, 1243, 741, 77, 0, 589, 464, 510, 4095, 704
619, 497, 1234, 747, 77, 0, 590, 462, 511, 4095, 701
621, 496, 1237, 747, 70, 0, 588, 460, 508, 4095, 714
623, 496, 1237, 751, 79, 0, 583, 463, 507, 4095, 704
623, 495, 1232, 754, 58, 0, 583, 463, 517, 4095, 715
619, 495, 1236, 757, 80, 0, 588, 460, 506, 4095, 706
621, 496, 1241, 762, 75, 0, 586, 457, 503, 4095, 712
619, 494, 1242, 767, 75, 0, 587, 463, 511, 4095, 717
621, 496, 1242, 771, 77, 0, 588, 461, 510, 4095, 716
621, 501, 1236, 773, 74, 0, 592, 459, 519, 4095, 716
618, 491, 1237, 773, 73, 0, 587, 459, 510, 4095, 719
621, 496, 1243, 768, 75, 0, 587, 462, 519, 4095, 720
617, 492, 1234, 768, 79, 0, 592, 463, 511, 4095, 731
618, 496, 1238, 772, 78, 0, 587, 464, 518, 4095, 721
618, 496, 1248, 771, 75, 0, 561, 461, 518, 4095, 731
621, 496, 1245, 777, 79, 0, 590, 461, 522, 4095, 737
620, 501, 1236, 783, 81, 0, 592, 463, 520, 4095, 738
617, 497, 1246, 772, 80, 0, 592, 463, 524, 4095, 747
622, 497, 1241, 774, 80, 0, 596, 459, 519, 4095, 746
623, 500, 1241, 770, 80, 0, 581, 461, 523, 4095, 755
615, 503, 1251, 767, 79, 0, 597, 462, 519, 4095, 762
621, 505, 1251, 759, 80, 0, 596, 464, 508, 4095, 767
621, 507, 1250, 742, 80, 0, 599, 463, 511, 4095, 766
619, 508, 1248, 737, 80, 0, 599, 463, 518, 4095, 765
622, 511, 1244, 723, 73, 0, 597, 461, 505, 4095, 772
624, 517, 1250, 717, 80, 0, 605, 462, 505, 4095, 781
615, 521, 1246, 711, 80, 0, 601, 459, 507, 4095, 770
616, 517, 1219, 707, 79, 0, 602, 461, 501, 4095, 777
623, 521, 1254, 715, 80, 0, 606, 451, 501, 4095, 781
622, 521, 1249, 711, 91, 0, 607, 464, 508, 4095, 784
622, 523, 1248, 709, 84, 0, 604, 464, 509, 4095, 784
619, 521, 1251, 708, 80, 0, 607, 465, 503, 4095, 784
622, 523, 1264, 710, 83, 0, 607, 463, 502, 4095, 786
618, 524, 1259, 710, 82, 0, 608, 500, 497, 4095, 784
621, 523, 1251, 714, 93, 0, 607, 458, 507, 4095, 790
622, 526, 1261, 710, 81, 0, 609, 455, 508, 4095, 785
644, 528, 1259, 719, 83, 0, 611, 463, 506, 4095, 795
623, 528, 1259, 719, 82, 0, 610, 463, 501, 4095, 798
617, 529, 1252, 730, 85, 0, 610, 465, 507, 4095, 801
619, 529, 1253, 731, 101, 0, 613, 464, 502, 4095, 802
619, 533, 1253, 740, 81, 0, 619, 462, 505, 4095, 803
625, 531, 1253, 753, 84, 0, 614, 464, 502, 4095, 805
622, 535, 1255, 754, 87, 0, 617, 464, 509, 4095, 807
618, 541, 1254, 765, 84, 0, 617, 486, 507, 4095, 815
622, 541, 1261, 790, 86, 0, 613, 464, 503, 4095, 816
619, 541, 1258, 776, 86, 0, 620, 464, 511, 4095, 807
625, 543, 1254, 781, 86, 0, 621, 462, 505, 4095, 816
619, 549, 1252, 791, 84, 0, 624, 464, 510, 4095, 818
618, 551, 1252, 791, 87, 0, 623, 464, 510, 4095, 811
622, 551, 1254, 784, 83, 0, 624, 464, 511, 4095, 816
618, 545, 1252, 805, 90, 0, 623, 462, 511, 4095, 816
619, 560, 1251, 807, 91, 0, 624, 465, 519, 4095, 816
621, 559, 1249, 816, 87, 0, 624, 464, 519, 4095, 813
619, 558, 1259, 821, 89, 0, 625, 465, 522, 4095, 816
622, 557, 1254, 826, 85, 0, 625, 466, 525, 4095, 813
614, 555, 1244, 834, 90, 0, 624, 464, 510, 4095, 815
6