=~=~=~=~=~=~=~=~=~=~=~= PuTTY log 2024.03.25 13:37:38 =~=~=~=~=~=~=~=~=~=~=~=
smoke, etoh, odor, co, no2, nh3, voc, h2s, h2, hcho, ch4
720; 1180; 592; 247; 437; 0; 923; 690; 500; 4095; 405
738; 1194; 608; 253; 453; 0; 944; 703; 503; 4095; 415
757; 1211; 621; 257; 459; 0; 963; 719; 506; 4095; 412
783; 1229; 625; 252; 465; 0; 978; 731; 521; 4095; 419
799; 1235; 641; 269; 467; 0; 998; 750; 519; 4095; 417
816; 1249; 656; 269; 475; 0; 1038; 759; 530; 4095; 425
833; 1263; 671; 268; 482; 0; 1034; 780; 529; 4095; 427
850; 1275; 685; 273; 489; 0; 1053; 788; 534; 4095; 418
871; 1289; 720; 281; 490; 0; 1065; 802; 537; 4095; 421
885; 1297; 700; 282; 495; 0; 1076; 817; 547; 4095; 431
908; 1306; 717; 288; 502; 0; 1094; 830; 553; 4095; 432
913; 1315; 727; 300; 505; 0; 1106; 846; 555; 4095; 431
943; 1326; 737; 304; 509; 0; 1121; 861; 561; 4095; 406
954; 1331; 750; 304; 525; 0; 1136; 873; 565; 4095; 438
965; 1344; 754; 303; 528; 0; 1146; 890; 565; 4095; 438
979; 1349; 777; 302; 534; 0; 1161; 903; 565; 4095; 435
995; 1359; 781; 299; 537; 0; 1169; 916; 579; 4095; 439
1011; 1364; 798; 300; 541; 0; 1182; 929; 576; 4095; 449
1023; 1379; 800; 304; 549; 0; 1198; 945; 584; 4095; 444
1042; 1383; 817; 309; 554; 0; 1206; 959; 589; 4095; 452
1056; 1396; 823; 310; 560; 0; 1219; 976; 589; 4095; 454
1071; 1402; 829; 321; 557; 0; 1229; 985; 594; 4095; 455
1084; 1413; 848; 331; 561; 0; 1241; 998; 595; 4095; 459
1092; 1422; 850; 331; 566; 0; 1252; 1010; 603; 4095; 462
1108; 1424; 867; 336; 605; 0; 1262; 1029; 610; 4095; 458
1120; 1432; 880; 339; 572; 0; 1269; 1048; 603; 4095; 466
1126; 1437; 880; 338; 577; 0; 1275; 1054; 615; 4095; 469
1139; 1446; 892; 339; 581; 0; 1282; 1072; 610; 4095; 464
1153; 1455; 900; 348; 582; 0; 1293; 1086; 620; 4095; 467
1163; 1458; 911; 343; 583; 0; 1299; 1119; 619; 4095; 469
1172; 1467; 915; 364; 592; 0; 1309; 1106; 622; 4095; 474
1182; 1461; 923; 345; 583; 0; 1342; 1121; 624; 4095; 468
1195; 1473; 929; 345; 592; 0; 1324; 1136; 625; 4095; 470
1202; 1481; 940; 347; 592; 0; 1328; 1140; 639; 4095; 475
1213; 1488; 913; 352; 592; 0; 1335; 1157; 628; 4095; 473
1221; 1491; 955; 356; 593; 0; 1343; 1171; 637; 4095; 479
1232; 1494; 964; 357; 593; 0; 1350; 1177; 641; 4095; 477
1239; 1503; 964; 355; 595; 0; 1359; 1198; 635; 4095; 489
1251; 1503; 971; 356; 602; 0; 1360; 1201; 639; 4095; 480
1257; 1511; 979; 359; 607; 0; 1371; 1219; 643; 4095; 486
1265; 1517; 990; 357; 603; 0; 1377; 1232; 640; 4095; 486
1271; 1518; 991; 368; 609; 0; 1379; 1235; 649; 4095; 482
1278; 1521; 1002; 362; 606; 0; 1386; 1239; 646; 4095; 493
1285; 1525; 1006; 359; 629; 0; 1392; 1263; 651; 4095; 492
1293; 1527; 1008; 357; 614; 0; 1397; 1270; 648; 4095; 482
1297; 1533; 1008; 367; 615; 0; 1405; 1282; 658; 4095; 491
1310; 1535; 1014; 364; 615; 0; 1405; 1291; 657; 4095; 497
1312; 1547; 1030; 362; 615; 0; 1408; 1299; 656; 4095; 491
1321; 1549; 1031; 361; 615; 0; 1414; 1287; 653; 4095; 494
1326; 1550; 1035; 368; 621; 0; 1421; 1319; 656; 4095; 496
1328; 1520; 1040; 377; 622; 0; 1424; 1329; 664; 4095; 493
1334; 1557; 1045; 368; 621; 0; 1424; 1332; 665; 4095; 496
1341; 1557; 1042; 378; 623; 0; 1435; 1349; 670; 4095; 497
1348; 1562; 1055; 377; 624; 0; 1436; 1358; 667; 4095; 493
1350; 1563; 1058; 387; 624; 0; 1439; 1364; 672; 4095; 499
1353; 1567; 1056; 388; 626; 0; 1439; 1369; 670; 4095; 494
1360; 1568; 1061; 390; 627; 0; 1447; 1377; 671; 4095; 499
1342; 1565; 1062; 386; 626; 0; 1454; 1390; 699; 4095; 462
1363; 1564; 1072; 386; 622; 0; 1456; 1395; 678; 4095; 496
1374; 1568; 1078; 391; 623; 0; 1456; 1405; 681; 4095; 497
1376; 1570; 1076; 393; 624; 0; 1462; 1415; 680; 4095; 503
1383; 1570; 1083; 398; 626; 0; 1470; 1455; 677; 4095; 502
1385; 1578; 1081; 400; 629; 0; 1472; 1435; 683; 4095; 498
1390; 1569; 1087; 408; 631; 0; 1481; 1437; 687; 4095; 454
1387; 1578; 1094; 409; 631; 0; 1483; 1442; 682; 4095; 499
1392; 1584; 1099; 415; 635; 0; 1482; 1451; 678; 4095; 497
1397; 1584; 1099; 411; 638; 0; 1487; 1457; 688; 4095; 500
1401; 1584; 1097; 412; 640; 0; 1490; 1461; 687; 4095; 497
1403; 1590; 1103; 410; 645; 0; 1497; 1472; 689; 4095; 506
1408; 1591; 1110; 416; 645; 0; 1499; 1483; 694; 4095; 508
1413; 1592; 1109; 415; 642; 0; 1499; 1488; 686; 4095; 497
1418; 1598; 1111; 411; 644; 0; 1502; 1501; 695; 4095; 503
1418; 1599; 1120; 416; 652; 0; 1505; 1506; 686; 4095; 503
1423; 1600; 1124; 420; 649; 0; 1513; 1514; 695; 4095; 503
1424; 1605; 1119; 419; 651; 0; 1515; 1518; 694; 4095; 501
1423; 1601; 1124; 419; 656; 0; 1517; 1521; 690; 4095; 498
1431; 1605; 1131; 420; 653; 0; 1515; 1525; 688; 4095; 496
1427; 1609; 1132; 423; 655; 0; 1520; 1533; 697; 4095; 501
1433; 1605; 1125; 422; 655; 0; 1520; 1547; 699; 4095; 496
1434; 1607; 1162; 417; 651; 0; 1523; 1551; 689; 4095; 499
1439; 1612; 1132; 421; 653; 0; 1527; 1526; 697; 4095; 496
1440; 1616; 1138; 392; 657; 0; 1535; 1570; 695; 4095; 501
1441; 1605; 1136; 420; 656; 0; 1520; 1573; 701; 4095; 499
1445; 1615; 1136; 414; 656; 0; 1535; 1575; 697; 4095; 500
1449; 1616; 1145; 415; 656; 0; 1535; 1581; 702; 4095; 496
1450; 1615; 1137; 428; 655; 0; 1535; 1580; 703; 4095; 501
1452; 1615; 1143; 421; 656; 0; 1535; 1586; 699; 4095; 498
1451; 1616; 1143; 410; 656; 0; 1533; 1595; 700; 4095; 499
1456; 1614; 1138; 411; 656; 0; 1535; 1600; 694; 4095; 497
1456; 1615; 1140; 410; 656; 0; 1544; 1603; 695; 4095; 497
1455; 1614; 1141; 417; 656; 0; 1535; 1604; 694; 4095; 501
1456; 1613; 1149; 417; 655; 0; 1547; 1606; 689; 4095; 502
1455; 1613; 1143; 416; 656; 0; 1535; 1613; 693; 4095; 500
1456; 1612; 1150; 422; 658; 0; 1544; 1647; 704; 4095; 503
1456; 1611; 1152; 427; 675; 0; 1545; 1619; 695; 4095; 507
1456; 1611; 1145; 423; 656; 0; 1545; 1628; 683; 4095; 507
1456; 1605; 1157; 421; 656; 0; 1544; 1623; 698; 4095; 500
1457; 1610; 1151; 427; 655; 0; 1550; 1630; 701; 4095; 506
1461; 1607; 1155; 423; 656; 0; 1546; 1631; 696; 4095; 497
1459; 1612; 1162; 432; 655; 0; 1547; 1654; 693; 4095; 497
1465; 1608; 1159; 411; 653; 0; 1552; 1641; 701; 4095; 500
1463; 1600; 1159; 432; 661; 0; 1553; 1647; 693; 4095; 551
1461; 1612; 1161; 433; 656; 0; 1553; 1648; 702; 4095; 502
1463; 1614; 1173; 439; 657; 0; 1552; 1650; 695; 4095; 499
1469; 1612; 1141; 442; 657; 0; 1553; 1659; 703; 4095; 502
1469; 1611; 1170; 437; 659; 0; 1557; 1659; 698; 4095; 496
1473; 1610; 1171; 443; 656; 0; 1556; 1659; 703; 4095; 498
1472; 1607; 1183; 445; 655; 0; 1552; 1666; 701; 4095; 505
1477; 1613; 1183; 442; 656; 0; 1559; 1667; 705; 4095; 505
1474; 1611; 1186; 446; 663; 0; 1559; 1678; 711; 4095; 509
1476; 1611; 1183; 445; 656; 0; 1559; 1680; 706; 4095; 503
1481; 1611; 1187; 450; 658; 0; 1566; 1679; 706; 4095; 507
1482; 1609; 1193; 451; 656; 0; 1563; 1685; 706; 4095; 509
1486; 1607; 1200; 454; 657; 13; 1566; 1687; 704; 4095; 511
1488; 1605; 1193; 449; 656; 0; 1565; 1693; 737; 4095; 527
1488; 1611; 1200; 457; 662; 0; 1565; 1695; 705; 4095; 523
1488; 1611; 1202; 450; 657; 0; 1568; 1700; 706; 4095; 526
1488; 1610; 1206; 452; 657; 0; 1567; 1706; 715; 4095; 527
1491; 1609; 1205; 454; 659; 0; 1570; 1693; 717; 4095; 528
1490; 1611; 1206; 449; 660; 0; 1571; 1709; 717; 4095; 531
1493; 1616; 1217; 459; 663; 0; 1572; 1714; 693; 4095; 529
1491; 1613; 1218; 450; 659; 0; 1570; 1715; 715; 4095; 542
1495; 1615; 1221; 450; 661; 0; 1574; 1719; 714; 4095; 536
1497; 1616; 1225; 451; 662; 0; 1575; 1727; 715; 4095; 541
1499; 1614; 1224; 453; 657; 0; 1575; 1744; 710; 4095; 543
1502; 1617; 1230; 453; 632; 0; 1581; 1731; 714; 4095; 544
1495; 1617; 1227; 452; 665; 0; 1583; 1735; 709; 4095; 539
1502; 1618; 1230; 461; 665; 0; 1579; 1739; 720; 4095; 547
1505; 1622; 1232; 461; 669; 0; 1584; 1734; 720; 4095; 546
1500; 1619; 1243; 464; 664; 0; 1583; 1741; 720; 4095; 554
1501; 1623; 1237; 464; 667; 0; 1584; 1744; 719; 4095; 554
1505; 1626; 1242; 465; 663; 0; 1585; 1749; 723; 4095; 560
1505; 1610; 1240; 466; 672; 0; 1584; 1751; 720; 4095; 562
1509; 1632; 1245; 474; 667; 0; 1586; 1755; 724; 4095; 564
1507; 1635; 1250; 471; 669; 0; 1591; 1758; 724; 4095; 560
1505; 1636; 1222; 469; 667; 0; 1589; 1763; 721; 4095; 561
1510; 1638; 1255; 469; 674; 0; 1595; 1760; 721; 4095; 566
1510; 1642; 1257; 474; 673; 0; 1596; 1761; 730; 4095; 569
1511; 1621; 1257; 474; 674; 0; 1595; 1772; 721; 4095; 561
1514; 1644; 1253; 471; 675; 0; 1594; 1766; 721; 4095; 560
1509; 1644; 1255; 482; 673; 0; 1597; 1774; 723; 4095; 559
1511; 1646; 1259; 475; 673; 0; 1599; 1773; 721; 4095; 561
1515; 1646; 1260; 479; 671; 0; 1599; 1778; 731; 4095; 560
1511; 1638; 1261; 475; 673; 0; 1597; 1776; 721; 4095; 555
1506; 1636; 1258; 474; 667; 0; 1593; 1774; 723; 4095; 560
1511; 1637; 1261; 479; 669; 0; 1591; 1778; 732; 4095; 570
1511; 1638; 1264; 473; 672; 0; 1595; 1781; 731; 4095; 561
1511; 1636; 1261; 482; 671; 0; 1598; 1779; 730; 4095; 562
1507; 1638; 1265; 474; 665; 0; 1595; 1782; 734; 4095; 564
1509; 1637; 1264; 478; 670; 0; 1599; 1785; 734; 4095; 561
1512; 1638; 1265; 474; 646; 0; 1600; 1794; 726; 4095; 562
1506; 1636; 1264; 464; 660; 0; 1600; 1789; 721; 4095; 577
1514; 1638; 1277; 464; 670; 0; 1597; 1792; 723; 4095; 571
1511; 1639; 1281; 464; 663; 0; 1599; 1795; 734; 4095; 572
1511; 1635; 1280; 465; 666; 0; 1601; 1793; 726; 4095; 571
1511; 1633; 1281; 467; 666; 0; 1599; 1799; 733; 4095; 565
1511; 1631; 1282; 474; 662; 0; 1597; 1801; 729; 4095; 562
1509; 1635; 1283; 475; 665; 0; 1600; 1805; 735; 4095; 560
1518; 1606; 1283; 469; 664; 0; 1600; 1799; 731; 4095; 564
1515; 1631; 1282; 465; 665; 0; 1599; 1805; 725; 4095; 567
1515; 1634; 1292; 466; 659; 0; 1603; 1805; 738; 4095; 562
1517; 1634; 1295; 467; 659; 0; 1600; 1804; 731; 4095; 567
1516; 1634; 1292; 463; 663; 0; 1600; 1808; 734; 4095; 560
1519; 1632; 1283; 464; 657; 0; 1593; 1810; 725; 4095; 560
1518; 1631; 1292; 464; 656; 0; 1598; 1811; 733; 4095; 560
1519; 1630; 1284; 468; 658; 0; 1600; 1817; 726; 4095; 560
1520; 1632; 1291; 464; 655; 0; 1600; 1815; 729; 4095; 556
1515; 1625; 1295; 464; 657; 0; 1600; 1797; 723; 4095; 560
1519; 1622; 1293; 439; 656; 0; 1601; 1817; 726; 4095; 562
1549; 1622; 1297; 463; 656; 0; 1596; 1814; 732; 4095; 558
1517; 1620; 1296; 464; 650; 0; 1597; 1821; 726; 4095; 562
1519; 1622; 1296; 461; 656; 0; 1600; 1819; 720; 4095; 561
1518; 1620; 1298; 464; 653; 0; 1596; 1819; 721; 4095; 560
1520; 1616; 1295; 465; 647; 0; 1593; 1827; 720; 4095; 566
1519; 1621; 1297; 462; 651; 0; 1595; 1823; 720; 4095; 560
1515; 1616; 1299; 459; 646; 0; 1597; 1823; 719; 4095; 569
1519; 1622; 1300; 463; 655; 0; 1593; 1823; 720; 4095; 567
1519; 1623; 1303; 461; 651; 0; 1596; 1826; 718; 4095; 573
1523; 1627; 1303; 464; 651; 0; 1593; 1827; 720; 4095; 574
1520; 1624; 1299; 470; 650; 0; 1597; 1831; 719; 4095; 570
1520; 1627; 1300; 466; 652; 0; 1598; 1831; 715; 4095; 574
1525; 1627; 1304; 466; 651; 0; 1597; 1835; 751; 4095; 571
1525; 1625; 1314; 464; 648; 0; 1600; 1840; 720; 4095; 576
1525; 1622; 1306; 466; 653; 0; 1599; 1840; 715; 4095; 575
1523; 1625; 1348; 465; 655; 0; 1598; 1839; 714; 4095; 572
1526; 1626; 1312; 477; 656; 0; 1601; 1842; 714; 4095; 566
1523; 1623; 1309; 475; 656; 0; 1600; 1840; 720; 4095; 569
1526; 1616; 1313; 470; 656; 0; 1634; 1840; 719; 4095; 567
1529; 1616; 1309; 478; 652; 0; 1600; 1842; 711; 4095; 576
1530; 1616; 1309; 480; 655; 0; 1600; 1843; 716; 4095; 576
1531; 1615; 1314; 485; 656; 0; 1602; 1847; 718; 4095; 573
1533; 1610; 1312; 479; 651; 0; 1601; 1882; 713; 4095; 566
1533; 1607; 1310; 462; 653; 0; 1600; 1847; 718; 4095; 574
1535; 1598; 1313; 485; 653; 0; 1600; 1847; 714; 4095; 566
1542; 1603; 1312; 482; 651; 0; 1605; 1854; 715; 4095; 576
1535; 1602; 1318; 489; 656; 0; 1605; 1856; 720; 4095; 571
1535; 1594; 1299; 483; 652; 0; 1599; 1856; 712; 4095; 567
1545; 1591; 1319; 483; 652; 0; 1605; 1866; 720; 4095; 565
1535; 1591; 1313; 473; 653; 0; 1600; 1859; 717; 4095; 567
1545; 1567; 1314; 485; 646; 0; 1609; 1859; 714; 4095; 569
1545; 1584; 1315; 486; 649; 0; 1602; 1861; 718; 4095; 567
1549; 1584; 1322; 480; 646; 0; 1610; 1867; 719; 4095; 567
1549; 1586; 1316; 486; 649; 0; 1603; 1866; 716; 4095; 574
1546; 1584; 1323; 491; 654; 0; 1606; 1869; 719; 4095; 576
1550; 1584; 1326; 482; 645; 0; 1604; 1872; 719; 4095; 567
1551; 1582; 1326; 486; 647; 0; 1637; 1871; 720; 4095; 571
1549; 1584; 1328; 484; 651; 0; 1610; 1871; 717; 4095; 576
1549; 1584; 1328; 481; 652; 0; 1611; 1869; 715; 4095; 567
1553; 1583; 1331; 470; 655; 0; 1609; 1872; 715; 4095; 573
1551; 1584; 1330; 471; 651; 0; 1611; 1872; 711; 4095; 573
1552; 1584; 1333; 452; 655; 0; 1616; 1872; 708; 4095; 576
1553; 1585; 1337; 465; 654; 0; 1618; 1874; 706; 4095; 569
1554; 1594; 1340; 464; 655; 0; 1614; 1879; 711; 4095; 577
1554; 1591; 1339; 464; 653; 0; 1616; 1875; 705; 4095; 571
1556; 1590; 1327; 463; 656; 0; 1615; 1877; 703; 4095; 571
1559; 1594; 1349; 464; 656; 0; 1616; 1878; 710; 4095; 577
1561; 1597; 1353; 459; 656; 0; 1616; 1881; 704; 4095; 577
1561; 1605; 1354; 477; 658; 0; 1616; 1885; 704; 4095; 578
1561; 1600; 1353; 474; 659; 0; 1618; 1889; 708; 4095; 576
1566; 1603; 1355; 478; 659; 0; 1621; 1890; 710; 4095; 572
1562; 1601; 1354; 485; 665; 0; 1625; 1891; 709; 4095; 573
1562; 1605; 1360; 484; 660; 0; 1619; 1898; 704; 4095; 572
1565; 1610; 1362; 459; 667; 0; 1621; 1894; 710; 4095; 571
1568; 1612; 1364; 487; 663; 0; 1621; 1903; 699; 4095; 571
1567; 1615; 1365; 482; 667; 0; 1630; 1903; 711; 4095; 577
1568; 1616; 1365; 486; 669; 0; 1631; 1898; 705; 4095; 571
1568; 1616; 1411; 481; 669; 0; 1627; 1899; 707; 4095; 573
1570; 1618; 1363; 495; 669; 0; 1627; 1936; 704; 4095; 586
1572; 1616; 1364; 496; 661; 0; 1632; 1903; 704; 4095; 588
1569; 1618; 1378; 492; 668; 0; 1634; 1906; 710; 4095; 567
1574; 1622; 1374; 499; 668; 0; 1629; 1914; 711; 4095; 602
1575; 1623; 1376; 509; 671; 0; 1633; 1913; 709; 4095; 609
1578; 1629; 1379; 506; 671; 0; 1637; 1909; 713; 4095; 623
1574; 1629; 1382; 517; 673; 0; 1639; 1893; 718; 4095; 624
1579; 1630; 1378; 507; 680; 0; 1635; 1915; 716; 4095; 627
1580; 1621; 1382; 523; 677; 0; 1637; 1910; 715; 4095; 599
1581; 1630; 1383; 523; 673; 0; 1643; 1914; 720; 4095; 626
1584; 1629; 1393; 523; 677; 0; 1641; 1923; 725; 4095; 634
1583; 1620; 1392; 528; 676; 0; 1645; 1919; 726; 4034; 636
1584; 1622; 1392; 529; 678; 0; 1643; 1926; 738; 4095; 640
1583; 1618; 1392; 525; 680; 0; 1647; 1926; 736; 4095; 641
1586; 1620; 1393; 535; 679; 0; 1648; 1925; 734; 4095; 655
1584; 1616; 1394; 545; 675; 0; 1646; 1929; 745; 4095; 641
1588; 1609; 1396; 545; 676; 0; 1645; 1926; 741; 4095; 641
1586; 1613; 1392; 538; 672; 0; 1647; 1936; 750; 4095; 630
1589; 1613; 1405; 539; 674; 0; 1648; 1933; 749; 4095; 637
1587; 1611; 1404; 527; 669; 0; 1647; 1927; 747; 4095; 635
1591; 1614; 1402; 536; 671; 0; 1645; 1935; 755; 4095; 635
1590; 1614; 1398; 534; 672; 0; 1649; 1936; 752; 4095; 626
1590; 1616; 1393; 538; 675; 0; 1648; 1936; 754; 4095; 624
1587; 1613; 1397; 537; 671; 0; 1648; 1936; 752; 4095; 621
1587; 1616; 1419; 540; 674; 0; 1642; 1931; 752; 4095; 618
1587; 1616; 1392; 546; 671; 0; 1644; 1935; 750; 4095; 609
1592; 1616; 1387; 542; 670; 0; 1648; 1936; 747; 4095; 599
1587; 1613; 1389; 546; 677; 0; 1645; 1935; 750; 4095; 597
1587; 1616; 1389; 541; 673; 0; 1645; 1936; 755; 4095; 598
1585; 1615; 1383; 539; 676; 0; 1648; 1939; 753; 4095; 597
1584; 1616; 1381; 538; 673; 0; 1646; 1942; 752; 4095; 595
1585; 1616; 1386; 538; 666; 0; 1646; 1936; 752; 4095; 596
1581; 1616; 1386; 533; 671; 0; 1643; 1935; 752; 4095; 601
1585; 1616; 1379; 541; 674; 0; 1647; 1937; 752; 4095; 598
1584; 1616; 1383; 540; 672; 0; 1646; 1939; 751; 4095; 592
1584; 1614; 1371; 535; 672; 0; 1639; 1938; 751; 4095; 594
1580; 1615; 1388; 530; 670; 0; 1642; 1937; 752; 4095; 603
1583; 1615; 1383; 531; 665; 0; 1648; 1937; 752; 4095; 598
1582; 1614; 1381; 534; 669; 0; 1645; 1938; 750; 4095; 601
1579; 1609; 1382; 527; 663; 0; 1642; 1934; 746; 4095; 611
1577; 1613; 1389; 529; 668; 0; 1641; 1937; 752; 4095; 606
1575; 1610; 1387; 531; 669; 0; 1645; 1939; 749; 4095; 605
1575; 1611; 1381; 537; 665; 0; 1641; 1938; 743; 4095; 607
1571; 1606; 1382; 531; 669; 0; 1642; 1936; 747; 4095; 593
1571; 1607; 1377; 537; 669; 0; 1642; 1938; 743; 4095; 602
1571; 1611; 1376; 533; 668; 0; 1642; 1937; 749; 4095; 593
1568; 1613; 1378; 527; 663; 0; 1641; 1936; 743; 4095; 592
1570; 1613; 1367; 529; 664; 0; 1643; 1936; 750; 4095; 592
1569; 1616; 1366; 528; 667; 0; 1643; 1936; 738; 4095; 593
1567; 1616; 1371; 533; 670; 0; 1642; 1936; 737; 4095; 592
1562; 1616; 1375; 527; 669; 0; 1645; 1933; 742; 4095; 592
1559; 1623; 1374; 530; 662; 0; 1641; 1936; 741; 4095; 593
1558; 1617; 1417; 528; 662; 0; 1636; 1936; 738; 4095; 583
1554; 1619; 1366; 528; 663; 0; 1638; 1935; 739; 4095; 581
1552; 1618; 1364; 528; 665; 0; 1637; 1933; 734; 4095; 585
1550; 1663; 1360; 529; 660; 0; 1634; 1934; 732; 4095; 580
1550; 1623; 1355; 526; 670; 0; 1639; 1933; 735; 4095; 582
1552; 1626; 1363; 528; 659; 0; 1636; 1934; 730; 4095; 581
1549; 1621; 1326; 528; 665; 0; 1635; 1936; 725; 4095; 579
1543; 1621; 1357; 528; 666; 0; 1631; 1935; 729; 4095; 579
1546; 1627; 1358; 484; 660; 0; 1632; 1931; 732; 4095; 577
1547; 1623; 1358; 529; 663; 0; 1646; 1936; 731; 4095; 574
1534; 1622; 1349; 530; 658; 0; 1635; 1935; 722; 4095; 570
1534; 1617; 1344; 523; 659; 0; 1631; 1930; 720; 4095; 575
1534; 1616; 1346; 528; 657; 0; 1633; 1927; 725; 4095; 567
1529; 1616; 1350; 528; 659; 0; 1632; 1934; 726; 4095; 574
1526; 1616; 1344; 534; 663; 0; 1633; 1929; 721; 4095; 573
1530; 1609; 1345; 530; 658; 0; 1630; 1929; 720; 4095; 574
1527; 1615; 1346; 528; 661; 0; 1625; 1928; 721; 4095; 581
1527; 1615; 1345; 525; 662; 0; 1631; 1925; 727; 4095; 576
1526; 1610; 1353; 528; 657; 0; 1629; 1931; 720; 4095; 576
1531; 1614; 1351; 528; 656; 0; 1633; 1919; 723; 4095; 578
1527; 1610; 1351; 526; 661; 0; 1627; 1930; 720; 4095; 576
1509; 1607; 1345; 526; 659; 0; 1623; 1922; 721; 4095; 573
1520; 1612; 1344; 533; 659; 0; 1631; 1929; 720; 4095; 577
1529; 1606; 1352; 526; 656; 0; 1630; 1925; 717; 4095; 579
1526; 1611; 1360; 525; 663; 0; 1631; 1932; 717; 4095; 578
1527; 1606; 1351; 531; 658; 0; 1626; 1922; 711; 4095; 586
1526; 1614; 1360; 528; 675; 0; 1631; 1929; 717; 4095; 586
1552; 1609; 1359; 523; 660; 0; 1633; 1929; 715; 4095; 580
1533; 1609; 1358; 511; 660; 0; 1631; 1927; 713; 4095; 589
1533; 1615; 1357; 522; 662; 0; 1630; 1924; 709; 4095; 587
1535; 1616; 1360; 523; 660; 0; 1634; 1929; 713; 4095; 587
1535; 1617; 1362; 518; 657; 0; 1635; 1930; 708; 4095; 591
1535; 1622; 1362; 511; 678; 0; 1633; 1933; 719; 4095; 592
1534; 1616; 1367; 523; 660; 0; 1633; 1929; 711; 4095; 587
1535; 1625; 1366; 522; 666; 0; 1638; 1935; 711; 4095; 587
1535; 1623; 1369; 511; 661; 0; 1637; 1929; 707; 4095; 592
1546; 1627; 1371; 527; 666; 0; 1638; 1933; 713; 4095; 594
1546; 1625; 1357; 522; 657; 0; 1639; 1936; 710; 4095; 592
1547; 1627; 1378; 519; 662; 0; 1620; 1936; 709; 4095; 592
1552; 1622; 1375; 511; 659; 0; 1639; 1941; 709; 4095; 588
1552; 1627; 1383; 510; 657; 0; 1642; 1938; 714; 4095; 592
1551; 1625; 1395; 511; 656; 0; 1643; 1938; 715; 4095; 592
1552; 1625; 1389; 517; 659; 0; 1646; 1936; 713; 4095; 592
1552; 1631; 1390; 510; 656; 0; 1639; 1939; 707; 4095; 589
1552; 1627; 1392; 511; 657; 0; 1642; 1945; 706; 4095; 589
1553; 1634; 1394; 525; 656; 0; 1643; 1942; 714; 4095; 585
1555; 1632; 1392; 521; 659; 0; 1643; 1939; 708; 4095; 577
1557; 1630; 1383; 508; 656; 0; 1643; 1936; 705; 4095; 587
1553; 1632; 1392; 502; 656; 0; 1641; 1973; 703; 4095; 585
1557; 1631; 1393; 507; 661; 0; 1644; 1941; 715; 4095; 578
1557; 1629; 1395; 511; 658; 0; 1650; 1946; 711; 4095; 583
1562; 1633; 1399; 518; 656; 0; 1643; 1939; 705; 4095; 582
1560; 1639; 1397; 506; 657; 0; 1645; 1946; 704; 4095; 580
1559; 1632; 1394; 520; 654; 0; 1643; 1941; 695; 4095; 576
1558; 1635; 1395; 502; 655; 0; 1639; 1936; 707; 4095; 578
1563; 1637; 1407; 511; 656; 0; 1642; 1947; 705; 4095; 577
1561; 1634; 1398; 507; 659; 0; 1637; 1943; 711; 4095; 576
1562; 1633; 1403; 507; 656; 0; 1641; 1943; 707; 4095; 581
1566; 1638; 1403; 524; 656; 0; 1638; 1936; 702; 4095; 583
1566; 1639; 1406; 518; 656; 0; 1645; 1942; 706; 4095; 586
1563; 1637; 1405; 518; 655; 0; 1642; 1948; 706; 4095; 581
1566; 1637; 1407; 519; 647; 0; 1638; 1947; 702; 4095; 587
1582; 1644; 1406; 508; 653; 0; 1638; 1945; 710; 4095; 578
1568; 1642; 1407; 527; 654; 0; 1643; 1947; 705; 4095; 581
1568; 1639; 1403; 524; 654; 0; 1643; 1946; 704; 4095; 581
1566; 1643; 1405; 528; 651; 0; 1639; 1946; 698; 4095; 587
1568; 1638; 1404; 522; 647; 0; 1638; 1942; 694; 4095; 576
1567; 1639; 1399; 528; 656; 10; 1639; 1939; 702; 4095; 576
1558; 1643; 1403; 523; 656; 0; 1643; 1950; 702; 4095; 575
1569; 1639; 1403; 527; 656; 0; 1637; 1943; 703; 4095; 575
1566; 1637; 1401; 521; 651; 0; 1635; 1946; 701; 4095; 571
1567; 1637; 1397; 519; 651; 0; 1638; 1943; 701; 4095; 571
1567; 1631; 1399; 529; 653; 0; 1637; 1943; 699; 4095; 576
1564; 1664; 1393; 526; 651; 0; 1635; 1941; 698; 4095; 571
1567; 1626; 1403; 526; 656; 0; 1633; 1940; 704; 4095; 567
1569; 1625; 1402; 532; 647; 0; 1636; 1941; 698; 4095; 573
1567; 1617; 1409; 530; 649; 0; 1631; 1941; 695; 4095; 570
1567; 1616; 1393; 527; 650; 0; 1633; 1927; 695; 4095; 563
1565; 1611; 1392; 529; 644; 0; 1631; 1945; 699; 4095; 561
1565; 1611; 1392; 531; 645; 0; 1634; 1947; 687; 4095; 534
1565; 1606; 1391; 531; 641; 0; 1632; 1945; 701; 4095; 573
1569; 1603; 1387; 528; 639; 0; 1631; 1952; 704; 4095; 565
1565; 1601; 1392; 530; 640; 0; 1631; 1949; 697; 4095; 567
1569; 1597; 1392; 532; 639; 0; 1629; 1949; 699; 4095; 567
1567; 1591; 1391; 531; 639; 0; 1632; 1946; 701; 4095; 570
1566; 1598; 1385; 534; 637; 0; 1631; 1949; 695; 4095; 570
1563; 1585; 1386; 532; 640; 0; 1632; 1943; 704; 4095; 570
1568; 1584; 1387; 531; 634; 0; 1627; 1946; 705; 4095; 565
1567; 1584; 1386; 533; 633; 0; 1629; 1947; 703; 4095; 565
1569; 1582; 1383; 529; 629; 0; 1627; 1949; 699; 4095; 562
1569; 1577; 1380; 532; 629; 0; 1630; 1945; 703; 4095; 566
1566; 1571; 1382; 536; 635; 0; 1632; 1947; 701; 4095; 566
1565; 1569; 1391; 539; 635; 0; 1631; 1951; 704; 4095; 572
1570; 1566; 1377; 534; 630; 0; 1629; 1946; 702; 4095; 562
1570; 1559; 1375; 537; 627; 0; 1627; 1946; 709; 4095; 563
1569; 1565; 1382; 532; 624; 0; 1627; 1948; 703; 4095; 567
1570; 1563; 1381; 537; 631; 0; 1627; 1950; 706; 4095; 566
1570; 1557; 1383; 539; 625; 0; 1623; 1944; 703; 4095; 562
1569; 1559; 1383; 540; 626; 0; 1625; 1952; 704; 4095; 571
1569; 1560; 1360; 532; 630; 0; 1623; 1949; 702; 4095; 565
1571; 1562; 1379; 533; 629; 0; 1628; 1957; 713; 4095; 563
1569; 1558; 1381; 551; 628; 0; 1626; 1952; 699; 4095; 571
1567; 1567; 1383; 545; 631; 0; 1609; 1950; 707; 4095; 570
1570; 1562; 1383; 544; 634; 0; 1623; 1950; 703; 4095; 567
1569; 1563; 1390; 544; 629; 0; 1627; 1943; 713; 4095; 572
1568; 1565; 1367; 551; 627; 0; 1623; 1947; 702; 4095; 566
1568; 1562; 1382; 543; 629; 0; 1632; 1949; 711; 4095; 570
1571; 1559; 1384; 519; 625; 0; 1626; 1952; 707; 4095; 567
1553; 1569; 1380; 541; 631; 0; 1627; 1947; 717; 4095; 550
1570; 1575; 1382; 533; 626; 0; 1630; 1951; 712; 4095; 566
1571; 1574; 1387; 532; 629; 0; 1629; 1949; 709; 4095; 565
1565; 1579; 1375; 539; 635; 0; 1631; 1950; 711; 4095; 565
1571; 1582; 1370; 538; 635; 0; 1627; 1936; 709; 4095; 563
1568; 1584; 1374; 536; 624; 0; 1625; 1949; 706; 4095; 562
1586; 1585; 1370; 535; 637; 0; 1629; 1947; 713; 4095; 566
1562; 1586; 1369; 540; 637; 0; 1632; 1951; 705; 4095; 560
1558; 1587; 1367; 542; 627; 0; 1629; 1950; 709; 4095; 561
1562; 1591; 1368; 542; 634; 0; 1627; 1943; 702; 4095; 557
1557; 1588; 1370; 535; 631; 0; 1629; 1946; 705; 4095; 553
1553; 1587; 1364; 543; 629; 0; 1627; 1947; 697; 4095; 557
1557; 1591; 1360; 538; 633; 0; 1626; 1943; 705; 4095; 555
1553; 1592; 1363; 540; 628; 0; 1623; 1945; 705; 4095; 554
1551; 1589; 1367; 539; 629; 0; 1623; 1940; 698; 4095; 547
1551; 1587; 1369; 541; 629; 0; 1623; 1943; 704; 4095; 555
1552; 1588; 1363; 566; 628; 0; 1621; 1940; 694; 4095; 550
1543; 1552; 1367; 537; 627; 11; 1619; 1943; 701; 4095; 550
1551; 1587; 1369; 543; 625; 0; 1621; 1943; 704; 4095; 550
1547; 1583; 1365; 535; 624; 0; 1622; 1937; 694; 4095; 543
1547; 1580; 1365; 537; 625; 0; 1621; 1938; 699; 4095; 553
1543; 1579; 1366; 531; 624; 0; 1616; 1966; 702; 4095; 551
1545; 1578; 1368; 526; 623; 0; 1616; 1937; 695; 4095; 547
1550; 1579; 1369; 537; 624; 0; 1618; 1940; 710; 4095; 545
1543; 1579; 1367; 541; 622; 0; 1616; 1936; 699; 4095; 551
1546; 1571; 1371; 535; 622; 0; 1616; 1940; 691; 4095; 551
1545; 1570; 1373; 535; 624; 0; 1617; 1937; 693; 4095; 545
1549; 1572; 1378; 538; 620; 0; 1617; 1937; 696; 4095; 546
1548; 1571; 1376; 541; 619; 0; 1617; 1945; 695; 4095; 555
1549; 1570; 1376; 535; 623; 0; 1616; 1941; 691; 4095; 550
1551; 1569; 1371; 538; 623; 0; 1616; 1946; 699; 4095; 553
1551; 1567; 1376; 543; 619; 0; 1616; 1938; 698; 4095; 553
1551; 1565; 1382; 539; 621; 0; 1615; 1941; 695; 4095; 547
1550; 1565; 1376; 544; 622; 0; 1616; 1943; 694; 4095; 548
1552; 1569; 1385; 542; 649; 0; 1617; 1946; 691; 4095; 549
1550; 1565; 1378; 550; 619; 0; 1617; 1939; 689; 4095; 547
1552; 1563; 1377; 543; 621; 0; 1616; 1942; 700; 4095; 534
1552; 1562; 1376; 545; 622; 0; 1616; 1943; 697; 4095; 542
1552; 1555; 1379; 545; 621; 0; 1616; 1945; 698; 4095; 539
1552; 1559; 1379; 544; 621; 0; 1616; 1941; 689; 4095; 538
1552; 1562; 1381; 547; 621; 0; 1622; 1947; 699; 4095; 540
1553; 1554; 1383; 543; 614; 0; 1616; 1942; 688; 4095; 550
1554; 1552; 1377; 544; 617; 0; 1616; 1946; 695; 4095; 546
1552; 1552; 1353; 544; 611; 0; 1613; 1943; 693; 4095; 551
1552; 1552; 1382; 545; 609; 0; 1611; 1941; 689; 4095; 547
1552; 1546; 1378; 507; 605; 0; 1611; 1943; 691; 4095; 551
1555; 1549; 1379; 544; 609; 0; 1590; 1939; 693; 4095; 555
1552; 1547; 1381; 533; 604; 0; 1610; 1939; 695; 4095; 558
1554; 1535; 1379; 543; 605; 0; 1615; 1943; 690; 4095; 553
1552; 1546; 1387; 541; 608; 0; 1609; 1941; 695; 4095; 561
1552; 1535; 1382; 537; 610; 0; 1615; 1951; 691; 4095; 560
1552; 1535; 1385; 539; 607; 0; 1609; 1938; 700; 4095; 560
1563; 1535; 1387; 541; 609; 0; 1610; 1947; 673; 4095; 598
1553; 1535; 1381; 544; 604; 0; 1610; 1946; 695; 4095; 562
1558; 1543; 1392; 540; 607; 0; 1616; 1941; 691; 4095; 561
1556; 1547; 1387; 547; 608; 0; 1616; 1943; 693; 4095; 560
1554; 1547; 1389; 545; 609; 0; 1616; 1941; 691; 4095; 560
1554; 1546; 1389; 541; 615; 0; 1616; 1945; 694; 4095; 560
1556; 1547; 1390; 554; 613; 0; 1616; 1947; 694; 4095; 560
1556; 1549; 1391; 546; 613; 0; 1613; 1943; 697; 4095; 560
1555; 1551; 1393; 553; 620; 0; 1615; 1945; 694; 4095; 560
1553; 1549; 1382; 548; 623; 0; 1616; 1946; 697; 4095; 559
1559; 1550; 1386; 552; 621; 0; 1618; 1945; 695; 4095; 560
1561; 1550; 1392; 553; 615; 0; 1616; 1949; 694; 4095; 561
1555; 1545; 1386; 555; 611; 0; 1618; 1941; 699; 4095; 561
1561; 1550; 1389; 556; 621; 0; 1619; 1945; 695; 4095; 560
1557; 1552; 1351; 557; 617; 0; 1619; 1950; 691; 4095; 567
1556; 1551; 1390; 559; 611; 0; 1621; 1948; 693; 4095; 561
1556; 1552; 1392; 543; 623; 0; 1618; 1939; 703; 4095; 563
1554; 1553; 1387; 556; 624; 0; 1625; 1945; 694; 4095; 537
1558; 1557; 1392; 558; 621; 0; 1623; 1952; 698; 4095; 571
1557; 1563; 1393; 560; 621; 0; 1623; 1950; 695; 4095; 574
1553; 1564; 1392; 555; 618; 0; 1621; 1949; 702; 4095; 576
1555; 1561; 1395; 556; 624; 0; 1621; 1947; 699; 4095; 576
1555; 1571; 1391; 560; 624; 0; 1629; 1953; 700; 4095; 571
1557; 1572; 1400; 557; 624; 0; 1623; 1949; 677; 4095; 576
1557; 1580; 1399; 556; 625; 0; 1627; 1953; 695; 4095; 574
1552; 1574; 1402; 554; 624; 0; 1629; 1949; 698; 4095; 574
1553; 1580; 1402; 560; 633; 0; 1631; 1953; 695; 4095; 577
1552; 1580; 1401; 556; 627; 0; 1628; 1954; 701; 4095; 570
1550; 1584; 1407; 558; 627; 0; 1631; 1952; 699; 4095; 571
1550; 1584; 1396; 560; 628; 0; 1629; 1954; 704; 4095; 575
1551; 1589; 1399; 556; 626; 0; 1629; 1953; 702; 4095; 573
1550; 1589; 1405; 557; 630; 0; 1633; 1952; 703; 4095; 570
1552; 1589; 1403; 554; 629; 0; 1631; 1951; 700; 4095; 572
1550; 1591; 1399; 557; 628; 0; 1635; 1949; 697; 4095; 573
1552; 1600; 1403; 557; 634; 0; 1634; 1949; 694; 4095; 575
1552; 1596; 1399; 550; 627; 0; 1634; 1951; 697; 4095; 570
1548; 1598; 1407; 555; 635; 0; 1639; 1957; 699; 4095; 564
1552; 1600; 1398; 553; 639; 0; 1634; 1954; 704; 4095; 576
1548; 1598; 1399; 558; 627; 0; 1637; 1986; 701; 4095; 570
1551; 1600; 1405; 560; 637; 0; 1640; 1951; 702; 4095; 567
1552; 1601; 1402; 559; 633; 0; 1637; 1956; 704; 4095; 560
1550; 1597; 1403; 560; 634; 0; 1633; 1951; 702; 4095; 565
1549; 1600; 1408; 555; 631; 0; 1639; 1952; 702; 4095; 563
1549; 1598; 1405; 557; 637; 0; 1642; 1955; 704; 4095; 567
1546; 1594; 1403; 560; 637; 0; 1641; 1984; 694; 4095; 566
1547; 1594; 1406; 555; 637; 0; 1641; 1954; 695; 4095; 567
1524; 1591; 1403; 555; 634; 0; 1666; 1957; 703; 4095; 565
1546; 1593; 1398; 560; 632; 0; 1639; 1953; 699; 4095; 564
1546; 1591; 1393; 560; 638; 0; 1641; 1959; 698; 4095; 566
1545; 1594; 1401; 560; 630; 0; 1637; 1957; 697; 4095; 561
1548; 1587; 1402; 567; 635; 0; 1641; 1957; 701; 4095; 562
1549; 1584; 1397; 560; 633; 0; 1641; 1955; 701; 4095; 558
1549; 1586; 1392; 569; 639; 0; 1637; 1955; 699; 4095; 563
1546; 1588; 1401; 571; 633; 0; 1641; 1957; 702; 4095; 561
1547; 1584; 1394; 560; 633; 0; 1641; 1959; 704; 4095; 571
1548; 1582; 1392; 574; 631; 0; 1637; 1953; 701; 4095; 565
1546; 1571; 1392; 561; 629; 0; 1639; 1957; 707; 4095; 564
1547; 1598; 1383; 570; 631; 0; 1651; 1956; 702; 4095; 560
1543; 1568; 1386; 571; 630; 0; 1635; 1955; 705; 4095; 560
1548; 1563; 1379; 562; 626; 0; 1633; 1951; 698; 4095; 560
1545; 1559; 1392; 560; 623; 0; 1631; 1951; 694; 4095; 563
1545; 1559; 1387; 560; 624; 0; 1628; 1929; 704; 4095; 559
1535; 1553; 1377; 560; 615; 0; 1629; 1951; 701; 4095; 560
1546; 1552; 1386; 560; 623; 0; 1632; 1955; 704; 4095; 587
1535; 1551; 1386; 563; 620; 0; 1628; 1951; 704; 4095; 560
1545; 1551; 1378; 569; 624; 0; 1633; 1953; 707; 4095; 562
1535; 1546; 1381; 567; 624; 0; 1630; 1953; 705; 4095; 565
1533; 1535; 1381; 566; 618; 0; 1623; 1951; 707; 4095; 561
1534; 1532; 1382; 561; 602; 0; 1629; 1943; 700; 4095; 558
1535; 1533; 1379; 563; 622; 0; 1629; 1950; 707; 4095; 557
1535; 1532; 1373; 566; 621; 0; 1631; 1951; 706; 4095; 560
1545; 1530; 1380; 566; 622; 0; 1629; 1946; 704; 4095; 560
1535; 1526; 1378; 560; 619; 0; 1627; 1946; 707; 4095; 551
1535; 1526; 1386; 566; 618; 0; 1627; 1949; 705; 4095; 554
1535; 1523; 1376; 562; 624; 0; 1629; 1947; 698; 4095; 557
1545; 1521; 1371; 566; 615; 0; 1630; 1949; 707; 4095; 553
1543; 1522; 1382; 559; 619; 0; 1629; 1955; 705; 4095; 557
1535; 1520; 1390; 563; 610; 0; 1629; 1947; 698; 4095; 554
1543; 1519; 1380; 560; 608; 0; 1623; 1945; 702; 4095; 547
1545; 1519; 1375; 558; 611; 0; 1627; 1954; 704; 4095; 551
1548; 1519; 1380; 559; 607; 0; 1629; 1957; 704; 4095; 555
1543; 1517; 1380; 560; 609; 0; 1627; 1950; 706; 4095; 553
1545; 1513; 1390; 560; 608; 0; 1625; 1951; 703; 4095; 559
1547; 1513; 1363; 556; 611; 0; 1630; 1952; 704; 4095; 554
1550; 1515; 1390; 556; 604; 0; 1629; 1931; 698; 4095; 558
1548; 1511; 1392; 552; 583; 0; 1632; 1957; 695; 4095; 555
1526; 1518; 1390; 554; 603; 0; 1633; 1951; 701; 4095; 556
1549; 1516; 1392; 559; 611; 0; 1622; 1948; 695; 4095; 560
1549; 1520; 1394; 559; 607; 0; 1631; 1951; 701; 4095; 560
1551; 1517; 1395; 559; 612; 0; 1629; 1951; 694; 4095; 564
1552; 1522; 1392; 558; 609; 0; 1630; 1952; 700; 4095; 563
1552; 1523; 1399; 559; 611; 0; 1631; 1948; 700; 4095; 560
1574; 1525; 1397; 559; 610; 0; 1630; 1952; 672; 4095; 564
1551; 1529; 1402; 564; 615; 0; 1629; 1952; 697; 4095; 563
1551; 1530; 1397; 560; 618; 0; 1630; 1952; 696; 4095; 568
1552; 1535; 1399; 561; 619; 0; 1631; 1952; 698; 4095; 560
1552; 1533; 1402; 560; 619; 0; 1633; 1953; 691; 4095; 563
1555; 1543; 1402; 560; 624; 0; 1634; 1955; 697; 4095; 562
1554; 1545; 1402; 567; 618; 0; 1633; 1951; 701; 4095; 562
1557; 1535; 1399; 567; 621; 0; 1631; 1953; 694; 4095; 559
1554; 1548; 1402; 563; 614; 0; 1633; 1953; 697; 4095; 559
1553; 1547; 1402; 563; 621; 0; 1633; 1955; 694; 4095; 560
1554; 1548; 1405; 560; 615; 0; 1633; 1953; 700; 4095; 561
1553; 1546; 1407; 562; 619; 0; 1632; 1953; 690; 4095; 558
1554; 1546; 1406; 560; 619; 0; 1633; 1954; 694; 4095; 561
1557; 1546; 1404; 562; 622; 0; 1635; 1954; 689; 4095; 565
1556; 1543; 1403; 547; 617; 0; 1634; 1952; 698; 4095; 561
1557; 1543; 1406; 547; 617; 0; 1633; 1957; 699; 4095; 560
1558; 1535; 1411; 537; 637; 0; 1634; 1959; 693; 4095; 566
1559; 1535; 1411; 544; 611; 0; 1637; 1953; 707; 4095; 561
1561; 1535; 1408; 546; 614; 0; 1633; 1952; 695; 4095; 567
1561; 1535; 1412; 545; 613; 0; 1637; 1952; 690; 4095; 570
1559; 1533; 1411; 545; 614; 0; 1635; 1951; 697; 4095; 571
1561; 1535; 1413; 542; 612; 0; 1637; 1955; 693; 4095; 561
1562; 1535; 1414; 545; 607; 0; 1634; 1952; 693; 4095; 570
1561; 1545; 1414; 546; 608; 0; 1634; 1957; 691; 4095; 565
1559; 1534; 1411; 555; 612; 0; 1632; 1955; 689; 4095; 571
1557; 1546; 1426; 549; 615; 0; 1632; 1953; 699; 4095; 566
1563; 1548; 1419; 556; 609; 0; 1632; 1954; 698; 4095; 567
1564; 1552; 1421; 551; 611; 0; 1636; 1956; 688; 4095; 566
1560; 1553; 1424; 553; 613; 0; 1627; 1957; 697; 4095; 570
1563; 1555; 1417; 560; 609; 0; 1637; 1956; 698; 4095; 567
1566; 1555; 1413; 557; 611; 0; 1636; 1955; 691; 4095; 565
1563; 1553; 1413; 562; 611; 0; 1632; 1954; 699; 4095; 565
1562; 1553; 1419; 560; 612; 0; 1635; 1939; 691; 4095; 561
1565; 1555; 1414; 560; 624; 0; 1638; 1953; 695; 4095; 566
1568; 1554; 1410; 563; 606; 0; 1634; 1958; 698; 4095; 566
1567; 1554; 1417; 572; 615; 0; 1633; 1955; 699; 4095; 569
1567; 1558; 1415; 560; 620; 0; 1638; 1958; 693; 4095; 562
1565; 1553; 1419; 573; 615; 0; 1637; 1956; 691; 4095; 572
1561; 1551; 1413; 568; 614; 0; 1634; 1951; 699; 4095; 565
1563; 1552; 1413; 577; 613; 0; 1635; 1955; 692; 4095; 560
1565; 1551; 1410; 576; 615; 0; 1635; 1957; 702; 4095; 567
1561; 1551; 1410; 578; 614; 0; 1637; 1956; 697; 4095; 562
1565; 1551; 1389; 578; 618; 0; 1635; 1953; 697; 4095; 567
1565; 1546; 1406; 573; 614; 0; 1635; 1953; 699; 4095; 569
1562; 1549; 1408; 576; 615; 0; 1630; 1949; 704; 4095; 566
1565; 1545; 1407; 580; 611; 0; 1637; 1961; 706; 4095; 573
1561; 1532; 1405; 586; 614; 0; 1663; 1956; 699; 4095; 570
1567; 1530; 1404; 590; 610; 0; 1635; 1953; 705; 4095; 562
1564; 1522; 1397; 576; 609; 0; 1634; 1952; 703; 4095; 570
1561; 1523; 1401; 576; 603; 0; 1631; 1951; 702; 4095; 566
1559; 1520; 1396; 571; 607; 0; 1632; 1959; 710; 4095; 566
1565; 1519; 1392; 577; 599; 0; 1627; 1952; 705; 4095; 561
1565; 1514; 1402; 574; 601; 0; 1630; 1950; 704; 4095; 565
1561; 1511; 1403; 562; 597; 0; 1628; 1955; 709; 4095; 567
1564; 1509; 1397; 561; 597; 0; 1627; 1955; 702; 4095; 568
1565; 1503; 1397; 567; 596; 0; 1627; 1947; 709; 4095; 561
1557; 1499; 1397; 567; 595; 0; 1625; 1951; 704; 4095; 569
1561; 1503; 1393; 566; 594; 0; 1621; 1947; 703; 4095; 566
1557; 1505; 1396; 567; 594; 0; 1626; 1948; 706; 4095; 571
1559; 1504; 1404; 573; 592; 0; 1619; 1950; 706; 4095; 569
1563; 1506; 1393; 566; 592; 0; 1619; 1936; 702; 4095; 572
1561; 1510; 1404; 565; 597; 0; 1622; 1953; 704; 4095; 563
1563; 1511; 1394; 567; 593; 0; 1620; 1947; 667; 4095; 575
1565; 1513; 1398; 563; 598; 0; 1623; 1952; 704; 4095; 567
1565; 1514; 1402; 564; 592; 0; 1621; 1952; 704; 4095; 568
1563; 1519; 1405; 568; 597; 0; 1621; 1943; 698; 4095; 574
1566; 1519; 1367; 573; 601; 0; 1622; 1943; 705; 4095; 567
1564; 1520; 1403; 565; 625; 0; 1621; 1950; 705; 4095; 563
1563; 1521; 1411; 575; 593; 0; 1621; 1948; 700; 4095; 562
1562; 1526; 1398; 576; 598; 0; 1626; 1949; 705; 4095; 571
1565; 1525; 1402; 576; 593; 0; 1623; 1949; 702; 4095; 567
1566; 1523; 1405; 578; 598; 0; 1622; 1943; 706; 4095; 572
1567; 1525; 1405; 578; 605; 0; 1626; 1954; 701; 4095; 575
1565; 1523; 1408; 574; 602; 0; 1638; 1953; 703; 4095; 574
1565; 1530; 1410; 582; 603; 0; 1629; 1953; 701; 4095; 567
1566; 1533; 1408; 576; 603; 0; 1625; 1952; 704; 4095; 572
1566; 1534; 1413; 578; 608; 0; 1629; 1951; 704; 4095; 571
1567; 1533; 1408; 582; 602; 0; 1627; 1956; 704; 4095; 571
1565; 1531; 1415; 576; 610; 0; 1630; 1951; 703; 4095; 570
1552; 1533; 1410; 582; 608; 0; 1633; 1956; 694; 4095; 577
1563; 1535; 1415; 585; 607; 0; 1630; 1953; 698; 4095; 572
1565; 1530; 1411; 575; 605; 0; 1627; 1953; 705; 4095; 573
1567; 1527; 1419; 576; 607; 0; 1631; 1950; 704; 4095; 569
1568; 1530; 1414; 576; 598; 0; 1633; 1953; 699; 4095; 572
1571; 1523; 1418; 567; 576; 0; 1632; 1955; 705; 4095; 570
1567; 1519; 1419; 561; 593; 0; 1626; 1953; 700; 4095; 570
1568; 1512; 1418; 557; 584; 0; 1632; 1954; 706; 4095; 561
1570; 1509; 1420; 557; 580; 0; 1629; 1951; 701; 4095; 563
1571; 1504; 1420; 554; 577; 0; 1627; 1946; 695; 4095; 560
1570; 1501; 1414; 551; 576; 0; 1627; 1949; 698; 4095; 562
1567; 1490; 1423; 553; 573; 0; 1619; 1951; 692; 4095; 560
1566; 1504; 1420; 550; 575; 0; 1626; 1947; 693; 4095; 566
1573; 1503; 1423; 545; 575; 0; 1630; 1952; 693; 4095; 557
1568; 1507; 1424; 549; 577; 0; 1629; 1950; 691; 4095; 563
1569; 1506; 1424; 540; 576; 0; 1627; 1967; 688; 4095; 553
1569; 1504; 1424; 525; 576; 0; 1624; 1950; 689; 4095; 560
1564; 1504; 1419; 545; 580; 0; 1626; 1953; 688; 4095; 560
1565; 1503; 1427; 549; 576; 0; 1625; 1952; 684; 4095; 560
1565; 1506; 1425; 550; 581; 0; 1622; 1949; 689; 4095; 558
1568; 1507; 1423; 545; 576; 0; 1626; 1949; 692; 4095; 554
1571; 1509; 1431; 558; 581; 0; 1627; 1952; 686; 4095; 559
1565; 1510; 1426; 550; 578; 0; 1627; 1954; 693; 4095; 557
1568; 1509; 1424; 553; 578; 0; 1623; 1949; 688; 4095; 549
1568; 1509; 1424; 560; 583; 0; 1626; 1952; 686; 4095; 558
1567; 1511; 1379; 554; 586; 0; 1627; 1954; 690; 4095; 549
1565; 1510; 1419; 560; 582; 0; 1620; 1917; 685; 4095; 551
1567; 1509; 1413; 555; 586; 0; 1622; 1953; 688; 4095; 548
1565; 1508; 1419; 556; 580; 0; 1625; 1943; 687; 4095; 566
1568; 1509; 1419; 562; 587; 0; 1629; 1947; 685; 4095; 555
1567; 1510; 1415; 556; 583; 0; 1625; 1947; 683; 4095; 549
1558; 1506; 1415; 559; 586; 0; 1621; 1944; 688; 4095; 546
1562; 1507; 1413; 562; 587; 0; 1620; 1949; 681; 4095; 546
1563; 1507; 1409; 560; 591; 0; 1623; 1943; 686; 4095; 545
1558; 1505; 1408; 561; 586; 0; 1616; 1947; 683; 4095; 542
1562; 1502; 1410; 570; 586; 0; 1623; 1943; 686; 4095; 546
1559; 1498; 1413; 562; 586; 0; 1619; 1945; 686; 4095; 549
1558; 1495; 1409; 560; 579; 0; 1621; 1942; 679; 4095; 550
1558; 1497; 1413; 561; 581; 0; 1623; 1943; 687; 4095; 542
1559; 1485; 1409; 563; 587; 0; 1629; 1943; 681; 4095; 543
1561; 1490; 1407; 562; 586; 0; 1618; 1941; 682; 4095; 550
1561; 1493; 1403; 567; 581; 0; 1621; 1947; 683; 4095; 551
1559; 1492; 1407; 565; 582; 0; 1618; 1939; 679; 4095; 553
1559; 1493; 1402; 567; 587; 0; 1619; 1941; 682; 4095; 545
1555; 1490; 1399; 572; 613; 0; 1618; 1942; 681; 4095; 547
1582; 1492; 1402; 572; 582; 0; 1617; 1940; 683; 4095; 538
1554; 1488; 1405; 567; 579; 0; 1619; 1943; 688; 4095; 542
1554; 1488; 1397; 566; 587; 0; 1619; 1943; 681; 4095; 543
1556; 1489; 1394; 571; 582; 0; 1617; 1945; 688; 4095; 543
1552; 1486; 1392; 573; 580; 0; 1617; 1941; 681; 4095; 546
1554; 1487; 1393; 573; 581; 0; 1615; 1941; 679; 4095; 545
1552; 1483; 1397; 571; 581; 0; 1617; 1937; 687; 4095; 539
1553; 1485; 1392; 570; 581; 0; 1616; 1942; 686; 4095; 541
1552; 1483; 1392; 574; 579; 0; 1619; 1938; 686; 4095; 545
1552; 1482; 1392; 568; 575; 0; 1616; 1938; 678; 4095; 539
1550; 1479; 1392; 555; 577; 0; 1616; 1939; 685; 4095; 538
1552; 1478; 1388; 575; 579; 0; 1626; 1937; 689; 4095; 539
1549; 1477; 1383; 571; 577; 0; 1616; 1936; 688; 4095; 542
1550; 1473; 1387; 573; 580; 0; 1616; 1939; 682; 4095; 540
1549; 1474; 1382; 576; 581; 0; 1614; 1939; 688; 4095; 542
1549; 1470; 1386; 574; 576; 0; 1616; 1968; 685; 4095; 546
1549; 1476; 1392; 572; 577; 0; 1613; 1936; 681; 4095; 545
1545; 1473; 1385; 576; 577; 0; 1614; 1935; 687; 4095; 545
1546; 1478; 1382; 569; 576; 0; 1616; 1936; 688; 4095; 550
1535; 1477; 1382; 573; 579; 0; 1617; 1940; 682; 4095; 554
1535; 1474; 1385; 569; 579; 0; 1615; 1936; 684; 4095; 550
1543; 1478; 1387; 567; 581; 0; 1618; 1938; 683; 4095; 550
1535; 1479; 1379; 566; 576; 0; 1609; 1936; 689; 4095; 551
1535; 1478; 1382; 566; 582; 0; 1617; 1937; 678; 4095; 551
1535; 1479; 1388; 570; 585; 0; 1617; 1937; 682; 4095; 558
1545; 1481; 1347; 567; 583; 0; 1616; 1939; 686; 4095; 560
1535; 1483; 1385; 575; 579; 0; 1615; 1939; 688; 4095; 555
1534; 1482; 1386; 578; 582; 0; 1619; 1936; 688; 4095; 558
1535; 1483; 1387; 577; 586; 0; 1616; 1935; 690; 4095; 554
1533; 1481; 1382; 570; 581; 0; 1616; 1936; 688; 4095; 557
1533; 1482; 1382; 575; 581; 0; 1615; 1936; 688; 4095; 549
1533; 1479; 1373; 576; 586; 0; 1615; 1936; 688; 4095; 555
1535; 1479; 1376; 581; 585; 0; 1616; 1941; 690; 4095; 557
1535; 1481; 1379; 578; 582; 0; 1616; 1936; 688; 4095; 556
1533; 1475; 1371; 580; 586; 0; 1616; 1934; 689; 4095; 558
1535; 1479; 1381; 583; 578; 0; 1616; 1933; 688; 4095; 560
1529; 1477; 1371; 577; 581; 0; 1616; 1929; 688; 4095; 555
1535; 1479; 1371; 581; 583; 0; 1616; 1933; 694; 4095; 556
1527; 1478; 1373; 576; 585; 0; 1616; 1936; 695; 4095; 560
1531; 1506; 1375; 581; 585; 0; 1614; 1936; 689; 4095; 557
1526; 1478; 1374; 580; 587; 0; 1616; 1936; 689; 4095; 551
1530; 1479; 1363; 576; 588; 0; 1616; 1936; 694; 4095; 554
1531; 1478; 1363; 579; 586; 0; 1615; 1931; 695; 4095; 558
1529; 1482; 1360; 581; 583; 0; 1613; 1911; 700; 4095; 548
1527; 1483; 1362; 590; 614; 0; 1613; 1933; 699; 4095; 550
1523; 1475; 1360; 579; 586; 0; 1616; 1932; 689; 4095; 560
1530; 1481; 1360; 579; 589; 0; 1614; 1928; 695; 4095; 553
1525; 1478; 1360; 587; 590; 0; 1613; 1931; 697; 4095; 560
1523; 1481; 1355; 582; 583; 0; 1615; 1929; 696; 4095; 550
1526; 1481; 1355; 582; 586; 0; 1611; 1926; 700; 4095; 560
1525; 1482; 1358; 587; 589; 0; 1614; 1961; 694; 4095; 559
1523; 1477; 1355; 581; 583; 0; 1612; 1925; 695; 4095; 557
1521; 1474; 1349; 579; 583; 0; 1610; 1927; 699; 4095; 554
1520; 1475; 1297; 589; 585; 0; 1613; 1925; 700; 4095; 555
1521; 1477; 1344; 584; 583; 0; 1610; 1923; 699; 4095; 553
1521; 1471; 1349; 553; 585; 0; 1610; 1927; 697; 4095; 555
1522; 1505; 1343; 583; 585; 0; 1603; 1919; 699; 4095; 560
1519; 1472; 1342; 582; 582; 0; 1607; 1922; 705; 4095; 560
1520; 1469; 1342; 592; 587; 0; 1606; 1920; 704; 4095; 560
1516; 1470; 1346; 590; 578; 0; 1609; 1924; 703; 4095; 557
1520; 1467; 1341; 591; 586; 0; 1610; 1914; 701; 4095; 560
1520; 1471; 1340; 590; 575; 0; 1606; 1925; 701; 4095; 560
1519; 1469; 1337; 590; 579; 0; 1611; 1919; 706; 4095; 557
1520; 1468; 1334; 586; 581; 0; 1602; 1920; 702; 4095; 556
1518; 1466; 1333; 591; 579; 0; 1607; 1917; 707; 4095; 545
1520; 1463; 1333; 592; 583; 0; 1605; 1921; 707; 4095; 553
1517; 1458; 1329; 589; 582; 0; 1606; 1920; 704; 4095; 542
1515; 1449; 1330; 595; 585; 0; 1603; 1916; 701; 4095; 541
1513; 1458; 1330; 594; 581; 0; 1603; 1919; 702; 4095; 542
1518; 1457; 1330; 593; 582; 0; 1605; 1913; 704; 4095; 539
1515; 1456; 1286; 591; 578; 0; 1605; 1913; 705; 4095; 538
1515; 1456; 1323; 592; 577; 0; 1601; 1913; 701; 4095; 535
1514; 1447; 1328; 588; 576; 0; 1600; 1911; 699; 4095; 528
1515; 1448; 1322; 587; 575; 0; 1599; 1913; 697; 4095; 530
1509; 1443; 1326; 589; 575; 0; 1602; 1915; 702; 4095; 534
1510; 1445; 1322; 587; 570; 0; 1601; 1918; 701; 4095; 530
1514; 1437; 1318; 576; 572; 0; 1598; 1911; 706; 4095; 531
1509; 1435; 1328; 577; 573; 0; 1600; 1920; 701; 4095; 530
1508; 1437; 1323; 585; 567; 0; 1600; 1910; 690; 4095; 528
1511; 1434; 1322; 581; 571; 0; 1598; 1908; 700; 4095; 527
1508; 1434; 1321; 587; 574; 0; 1598; 1904; 703; 4095; 527
1510; 1431; 1325; 579; 564; 0; 1595; 1904; 694; 4095; 531
1506; 1426; 1317; 585; 566; 0; 1594; 1906; 698; 4095; 523
1507; 1425; 1318; 571; 563; 0; 1599; 1904; 701; 4095; 526
1511; 1430; 1323; 582; 570; 0; 1598; 1911; 695; 4095; 519
1511; 1425; 1317; 587; 567; 0; 1594; 1905; 699; 4095; 521
1509; 1424; 1318; 579; 570; 0; 1594; 1907; 697; 4095; 506
1511; 1422; 1312; 583; 565; 0; 1594; 1906; 695; 4095; 509
1513; 1424; 1319; 579; 562; 0; 1594; 1911; 703; 4095; 501
1509; 1421; 1312; 590; 559; 0; 1590; 1904; 693; 4095; 505
1529; 1418; 1314; 573; 557; 0; 1587; 1906; 701; 4095; 511
1513; 1420; 1309; 583; 559; 0; 1585; 1904; 691; 4095; 507
1514; 1413; 1309; 573; 556; 0; 1584; 1904; 695; 4095; 518
1514; 1413; 1316; 576; 553; 0; 1584; 1906; 697; 4095; 518
1513; 1408; 1314; 573; 553; 0; 1584; 1906; 692; 4095; 522
1513; 1409; 1313; 566; 553; 0; 1555; 1907; 694; 4095; 526
1511; 1408; 1319; 574; 551; 0; 1582; 1904; 688; 4095; 521
1513; 1409; 1314; 571; 553; 0; 1583; 1904; 690; 4095; 521
1509; 1408; 1273; 575; 551; 0; 1581; 1903; 693; 4095; 522
1510; 1411; 1318; 560; 545; 0; 1583; 1909; 691; 4095; 526
1515; 1420; 1316; 595; 557; 0; 1584; 1903; 688; 4095; 528
1515; 1417; 1316; 567; 557; 0; 1584; 1901; 689; 4095; 528
1515; 1423; 1309; 575; 553; 0; 1584; 1905; 695; 4095; 528
1515; 1424; 1310; 576; 555; 0; 1584; 1904; 689; 4095; 527
1515; 1426; 1321; 574; 559; 0; 1584; 1904; 694; 4095; 533
1509; 1425; 1319; 576; 559; 0; 1585; 1905; 688; 4095; 525
1510; 1430; 1314; 574; 560; 5; 1584; 1901; 688; 4095; 530
1510; 1440; 1322; 574; 560; 0; 1587; 1904; 679; 4095; 536
1514; 1442; 1317; 575; 561; 0; 1584; 1905; 691; 4095; 541
1518; 1446; 1322; 578; 569; 0; 1584; 1905; 686; 4095; 538
1515; 1456; 1322; 579; 563; 0; 1589; 1906; 697; 4095; 541
1515; 1455; 1322; 581; 561; 0; 1590; 1903; 689; 4095; 546
1514; 1461; 1323; 578; 561; 0; 1600; 1909; 690; 4095; 548
1511; 1462; 1322; 577; 563; 0; 1594; 1907; 688; 4095; 546
1514; 1469; 1325; 578; 576; 0; 1589; 1905; 690; 4095; 548
1520; 1472; 1343; 576; 567; 0; 1600; 1905; 697; 4095; 551
1519; 1475; 1329; 579; 576; 0; 1599; 1887; 688; 4095; 548
1515; 1472; 1330; 586; 559; 0; 1600; 1905; 694; 4095; 559
1517; 1481; 1333; 583; 576; 0; 1590; 1909; 694; 4095; 549
1520; 1485; 1336; 588; 576; 0; 1601; 1907; 689; 4095; 559
1520; 1487; 1332; 592; 577; 0; 1600; 1913; 692; 4095; 554
1520; 1488; 1341; 593; 580; 0; 1606; 1913; 696; 4095; 555
1518; 1488; 1336; 587; 576; 0; 1605; 1907; 693; 4095; 558
1517; 1488; 1341; 592; 576; 0; 1607; 1909; 699; 4095; 560
1520; 1493; 1331; 592; 579; 0; 1609; 1906; 700; 4095; 554
1518; 1493; 1341; 594; 581; 0; 1606; 1906; 694; 4095; 559
1521; 1499; 1319; 597; 579; 0; 1610; 1914; 702; 4095; 558
1515; 1491; 1337; 593; 578; 0; 1606; 1905; 693; 4095; 560
1519; 1498; 1341; 594; 577; 0; 1605; 1906; 697; 4095; 560
1513; 1492; 1335; 603; 578; 0; 1604; 1906; 695; 4095; 561
1513; 1491; 1338; 594; 574; 0; 1601; 1904; 701; 4095; 557
1515; 1491; 1334; 599; 578; 0; 1602; 1911; 699; 4095; 565
1517; 1489; 1338; 602; 576; 0; 1610; 1909; 706; 4095; 564
1515; 1488; 1342; 597; 576; 0; 1605; 1907; 706; 4095; 565
1511; 1488; 1343; 598; 575; 0; 1603; 1906; 704; 4095; 570
1517; 1485; 1344; 592; 574; 0; 1606; 1905; 734; 4095; 574
1514; 1484; 1343; 603; 576; 0; 1605; 1907; 707; 4095; 572
1515; 1482; 1344; 596; 570; 0; 1603; 1905; 714; 4095; 572
1517; 1477; 1347; 592; 571; 0; 1605; 1907; 713; 4095; 571
1517; 1478; 1342; 594; 577; 0; 1607; 1905; 715; 4095; 565
1520; 1476; 1342; 597; 574; 0; 1589; 1905; 714; 4095; 575
1510; 1474; 1344; 592; 570; 0; 1603; 1909; 710; 4095; 563
1515; 1472; 1339; 592; 571; 0; 1602; 1907; 719; 4095; 575
1515; 1472; 1340; 602; 575; 0; 1604; 1905; 709; 4095; 568
1515; 1474; 1342; 603; 569; 0; 1605; 1907; 715; 4095; 574
1515; 1473; 1337; 594; 545; 0; 1605; 1904; 720; 4095; 572
1518; 1491; 1330; 592; 566; 0; 1602; 1910; 720; 4095; 574
1516; 1474; 1335; 597; 573; 0; 1604; 1904; 719; 4095; 574
1516; 1471; 1329; 597; 570; 0; 1602; 1904; 721; 4095; 563
1513; 1472; 1329; 598; 570; 0; 1603; 1904; 716; 4095; 566
1510; 1472; 1330; 599; 567; 0; 1600; 1908; 719; 4095; 569
1512; 1473; 1329; 592; 567; 0; 1609; 1904; 720; 4095; 566
1511; 1476; 1328; 599; 567; 0; 1601; 1904; 720; 4095; 573
1514; 1477; 1335; 592; 574; 0; 1602; 1904; 720; 4095; 573
1514; 1478; 1334; 596; 571; 0; 1599; 1905; 718; 4095; 570
1509; 1479; 1330; 587; 567; 0; 1600; 1904; 720; 4095; 573
1509; 1478; 1333; 583; 572; 0; 1603; 1902; 719; 4095; 570
1509; 1487; 1334; 572; 570; 0; 1600; 1903; 755; 4095; 551
1514; 1483; 1341; 572; 567; 0; 1602; 1904; 715; 4095; 561
1514; 1485; 1344; 576; 563; 0; 1600; 1904; 715; 4095; 563
1513; 1488; 1344; 582; 571; 0; 1605; 1904; 715; 4095; 566
1509; 1485; 1341; 578; 563; 0; 1600; 1904; 711; 4095; 560
1513; 1485; 1341; 576; 573; 0; 1603; 1904; 715; 4095; 561
1509; 1487; 1344; 581; 569; 0; 1602; 1904; 713; 4095; 530
1515; 1488; 1347; 583; 565; 0; 1601; 1904; 709; 4095; 560
1515; 1488; 1345; 586; 565; 0; 1600; 1902; 714; 4095; 560
1515; 1488; 1346; 582; 564; 0; 1603; 1904; 711; 4095; 560
1518; 1489; 1357; 581; 560; 0; 1600; 1893; 709; 4095; 553
1520; 1463; 1357; 583; 563; 0; 1600; 1901; 707; 4095; 550
1518; 1488; 1351; 578; 561; 0; 1600; 1904; 715; 4095; 554
1518; 1485; 1357; 573; 560; 0; 1596; 1902; 709; 4095; 557
1520; 1487; 1357; 575; 558; 0; 1598; 1904; 704; 4095; 554
1520; 1482; 1360; 570; 559; 0; 1598; 1905; 702; 4095; 554
1520; 1486; 1359; 570; 556; 0; 1588; 1904; 705; 4095; 554
1520; 1487; 1357; 571; 551; 0; 1591; 1898; 740; 4095; 546
1521; 1482; 1360; 560; 554; 0; 1587; 1899; 699; 4095; 551
1521; 1486; 1360; 561; 551; 0; 1591; 1898; 698; 4095; 554
1522; 1487; 1366; 560; 551; 0; 1589; 1898; 699; 4095; 561
1521; 1487; 1365; 561; 547; 0; 1584; 1897; 699; 4095; 561
1522; 1506; 1376; 560; 546; 0; 1584; 1898; 697; 4095; 561
1525; 1489; 1376; 563; 549; 0; 1585; 1902; 694; 4095; 565
1522; 1489; 1377; 560; 550; 0; 1585; 1903; 691; 4095; 560
1523; 1494; 1378; 560; 549; 0; 1591; 1894; 695; 4095; 563
1527; 1493; 1379; 563; 548; 0; 1589; 1930; 695; 4095; 565
1526; 1497; 1387; 560; 555; 0; 1586; 1901; 694; 4095; 562
1555; 1502; 1388; 567; 549; 0; 1586; 1898; 716; 4095; 561
1531; 1507; 1385; 560; 549; 0; 1589; 1895; 692; 4095; 567
1527; 1513; 1385; 570; 548; 0; 1590; 1904; 688; 4095; 567
1528; 1510; 1390; 561; 554; 0; 1590; 1904; 688; 4095; 564
1533; 1515; 1392; 562; 560; 0; 1593; 1903; 688; 4095; 567
1535; 1520; 1387; 564; 557; 0; 1598; 1906; 690; 4095; 571
1533; 1520; 1395; 560; 555; 0; 1596; 1904; 687; 4095; 573
1534; 1523; 1394; 568; 559; 0; 1594; 1904; 695; 4095; 572
1534; 1527; 1424; 563; 560; 0; 1599; 1907; 688; 4095; 572
1533; 1527; 1394; 569; 555; 0; 1601; 1904; 684; 4095; 574
1543; 1532; 1398; 575; 561; 0; 1602; 1903; 688; 4095; 570
1535; 1535; 1393; 572; 560; 0; 1601; 1905; 678; 4095; 567
1535; 1542; 1407; 573; 560; 0; 1604; 1904; 688; 4095; 571
1535; 1545; 1399; 570; 560; 0; 1601; 1907; 688; 4095; 570
1535; 1548; 1398; 578; 563; 0; 1599; 1906; 691; 4095; 576
1535; 1551; 1401; 581; 560; 0; 1602; 1904; 687; 4095; 573
1546; 1552; 1398; 579; 567; 0; 1607; 1905; 688; 4095; 573
1545; 1552; 1399; 577; 565; 0; 1603; 1905; 719; 4095; 626
1546; 1549; 1397; 576; 561; 0; 1601; 1908; 687; 4095; 576
1535; 1552; 1402; 579; 570; 0; 1611; 1908; 688; 4095; 577
1548; 1553; 1408; 583; 562; 0; 1606; 1904; 688; 4095; 573
1535; 1546; 1403; 576; 567; 0; 1605; 1907; 688; 4095; 571
1535; 1553; 1394; 592; 567; 0; 1606; 1905; 688; 4095; 525
1543; 1535; 1394; 589; 565; 0; 1605; 1905; 691; 4095; 576
1547; 1543; 1397; 592; 571; 0; 1605; 1905; 693; 4095; 576
1535; 1535; 1392; 592; 561; 0; 1610; 1909; 688; 4095; 565
1534; 1530; 1398; 592; 563; 0; 1609; 1911; 692; 4095; 571
1535; 1529; 1383; 593; 560; 9; 1607; 1905; 694; 4095; 561
1526; 1522; 1391; 594; 562; 0; 1609; 1904; 698; 4095; 573
1535; 1521; 1391; 589; 560; 0; 1606; 1906; 692; 4095; 573
1535; 1520; 1391; 592; 565; 0; 1605; 1909; 693; 4095; 576
1534; 1520; 1387; 598; 561; 0; 1602; 1901; 691; 4095; 565
1533; 1519; 1385; 592; 561; 0; 1600; 1904; 695; 4095; 571
1531; 1515; 1387; 592; 560; 0; 1598; 1904; 694; 4095; 570
1531; 1514; 1381; 590; 561; 0; 1604; 1903; 699; 4095; 561
1533; 1506; 1380; 588; 560; 0; 1603; 1903; 698; 4095; 566
1530; 1505; 1389; 592; 561; 0; 1601; 1902; 699; 4095; 565
1526; 1501; 1383; 589; 559; 0; 1600; 1915; 695; 4095; 573
1527; 1499; 1379; 586; 565; 0; 1601; 1904; 699; 4095; 562
1529; 1490; 1382; 587; 558; 0; 1600; 1904; 699; 4095; 547
1528; 1492; 1379; 592; 556; 0; 1597; 1903; 699; 4095; 564
1531; 1488; 1378; 591; 555; 0; 1600; 1902; 698; 4095; 565
1525; 1489; 1379; 589; 557; 0; 1600; 1902; 698; 4095; 570
1531; 1490; 1379; 591; 554; 0; 1601; 1900; 694; 4095; 566
1530; 1491; 1383; 589; 558; 0; 1629; 1906; 695; 4095; 567
1529; 1488; 1379; 586; 557; 0; 1600; 1904; 700; 4095; 566
1531; 1482; 1378; 586; 554; 0; 1599; 1904; 699; 4095; 561
1527; 1478; 1382; 589; 553; 0; 1598; 1903; 696; 4095; 560
1533; 1479; 1385; 587; 557; 0; 1600; 1887; 699; 4095; 561
1533; 1479; 1392; 586; 586; 0; 1603; 1907; 691; 4095; 560
1534; 1473; 1392; 584; 555; 0; 1598; 1909; 693; 4095; 580
1529; 1471; 1391; 582; 556; 0; 1599; 1903; 695; 4095; 560
1531; 1472; 1390; 591; 551; 0; 1601; 1909; 695; 4095; 559
1535; 1474; 1389; 579; 553; 0; 1603; 1910; 693; 4095; 560
1533; 1474; 1391; 583; 549; 0; 1599; 1905; 693; 4095; 560
1533; 1473; 1392; 583; 555; 0; 1603; 1905; 699; 4095; 557
1527; 1475; 1396; 581; 553; 0; 1601; 1904; 690; 4095; 560
1535; 1485; 1388; 576; 557; 0; 1599; 1903; 697; 4095; 558
1535; 1486; 1397; 573; 557; 0; 1604; 1904; 691; 4095; 557
1535; 1485; 1394; 577; 554; 0; 1602; 1904; 693; 4095; 551
1534; 1483; 1389; 579; 556; 0; 1600; 1905; 690; 4095; 559
1547; 1488; 1393; 576; 556; 0; 1603; 1904; 731; 4095; 567
1534; 1489; 1398; 578; 550; 0; 1606; 1906; 693; 4095; 557
1535; 1488; 1399; 570; 555; 0; 1604; 1904; 686; 4095; 560
1535; 1489; 1392; 573; 555; 0; 1598; 1903; 686; 4095; 560
1535; 1491; 1393; 574; 557; 0; 1602; 1906; 686; 4095; 554
1535; 1494; 1398; 573; 552; 0; 1604; 1903; 685; 4095; 557
1535; 1489; 1392; 574; 548; 0; 1601; 1905; 688; 4095; 556
1534; 1489; 1394; 575; 555; 0; 1600; 1904; 688; 4095; 559
1535; 1495; 1406; 574; 554; 0; 1603; 1905; 688; 4095; 559
1531; 1495; 1393; 576; 557; 0; 1603; 1904; 688; 4095; 560
1544; 1490; 1402; 566; 560; 0; 1603; 1903; 686; 4095; 557
1535; 1499; 1403; 580; 555; 0; 1605; 1905; 686; 4095; 567
1535; 1496; 1397; 581; 559; 0; 1603; 1903; 688; 4095; 556
1545; 1501; 1392; 577; 554; 0; 1606; 1911; 687; 4095; 554
1535; 1497; 1389; 583; 558; 0; 1605; 1904; 688; 4095; 547
1535; 1496; 1389; 584; 556; 0; 1602; 1908; 684; 4095; 547
1543; 1495; 1391; 580; 557; 0; 1602; 1904; 684; 4095; 548
1535; 1494; 1389; 586; 554; 0; 1605; 1906; 688; 4095; 546
1535; 1499; 1391; 579; 560; 0; 1602; 1905; 688; 4095; 544
1535; 1493; 1388; 585; 559; 0; 1607; 1903; 691; 4095; 543
1535; 1489; 1389; 585; 557; 0; 1606; 1904; 687; 4095; 543
1534; 1488; 1385; 592; 559; 0; 1603; 1904; 688; 4095; 541
1543; 1472; 1383; 590; 560; 0; 1600; 1904; 688; 4095; 535
1535; 1485; 1385; 581; 554; 0; 1599; 1904; 687; 4095; 531
1535; 1484; 1378; 586; 553; 0; 1598; 1904; 688; 4095; 535
1535; 1482; 1386; 583; 555; 0; 1600; 1904; 687; 4095; 533
1535; 1477; 1375; 591; 555; 0; 1597; 1875; 683; 4095; 533
1531; 1476; 1387; 587; 556; 0; 1599; 1904; 688; 4095; 528
1530; 1472; 1377; 582; 550; 0; 1599; 1903; 682; 4095; 529
1529; 1473; 1369; 581; 547; 0; 1595; 1899; 688; 4095; 529
1529; 1470; 1370; 578; 548; 0; 1598; 1897; 683; 4095; 531
1531; 1469; 1371; 581; 536; 0; 1595; 1898; 685; 4095; 526
1531; 1463; 1370; 579; 543; 0; 1593; 1899; 683; 4095; 528
1529; 1443; 1365; 582; 547; 0; 1585; 1895; 678; 4095; 521
1531; 1456; 1364; 575; 541; 0; 1589; 1898; 685; 4095; 524
1530; 1455; 1366; 576; 542; 0; 1589; 1897; 686; 4095; 517
1530; 1447; 1332; 575; 542; 0; 1586; 1900; 679; 4095; 521
1529; 1447; 1369; 575; 534; 0; 1586; 1903; 678; 4095; 518
1525; 1443; 1366; 574; 505; 0; 1586; 1890; 681; 4095; 523
1561; 1440; 1366; 576; 530; 0; 1584; 1893; 671; 4095; 508
1525; 1439; 1365; 574; 530; 0; 1581; 1899; 678; 4095; 524
1530; 1434; 1363; 570; 528; 0; 1583; 1895; 682; 4095; 528
1529; 1431; 1363; 566; 531; 0; 1584; 1897; 675; 4095; 529
1525; 1430; 1363; 567; 531; 0; 1584; 1892; 678; 4095; 531
1526; 1431; 1367; 576; 527; 0; 1601; 1889; 682; 4095; 528
1530; 1429; 1364; 565; 528; 0; 1581; 1891; 677; 4095; 531
1526; 1432; 1366; 571; 528; 0; 1582; 1891; 671; 4095; 537
1524; 1434; 1374; 571; 531; 0; 1584; 1893; 677; 4095; 530
1525; 1431; 1366; 575; 528; 0; 1584; 1872; 681; 4095; 535
1530; 1433; 1370; 570; 529; 0; 1584; 1889; 681; 4095; 534
1515; 1434; 1371; 567; 528; 0; 1583; 1891; 670; 4095; 539
1527; 1435; 1376; 564; 528; 0; 1584; 1888; 669; 4095; 537
1532; 1440; 1372; 576; 528; 0; 1586; 1891; 672; 4095; 535
1529; 1441; 1379; 576; 533; 0; 1584; 1893; 677; 4095; 531
1529; 1444; 1378; 571; 528; 0; 1587; 1893; 678; 4095; 538
1532; 1444; 1382; 575; 530; 0; 1586; 1895; 681; 4095; 541
1534; 1445; 1377; 572; 528; 0; 1584; 1893; 679; 4095; 538
1533; 1443; 1379; 576; 529; 0; 1584; 1891; 673; 4095; 538
1529; 1450; 1377; 572; 534; 0; 1589; 1899; 678; 4095; 542
1530; 1446; 1383; 571; 531; 0; 1587; 1893; 669; 4095; 545
1528; 1451; 1387; 577; 534; 0; 1586; 1895; 669; 4095; 542
1532; 1451; 1392; 575; 538; 0; 1587; 1897; 673; 4095; 535
1533; 1450; 1389; 573; 539; 0; 1592; 1893; 674; 4095; 543
1531; 1451; 1392; 577; 533; 0; 1594; 1896; 670; 4095; 544
1532; 1455; 1387; 572; 541; 0; 1591; 1898; 679; 4095; 546
1531; 1455; 1387; 576; 541; 0; 1594; 1895; 674; 4095; 542
1531; 1454; 1392; 581; 542; 0; 1587; 1897; 675; 4095; 538
1529; 1451; 1383; 578; 539; 0; 1595; 1888; 685; 4095; 536
1531; 1451; 1388; 579; 540; 0; 1596; 1901; 674; 4095; 534
1533; 1449; 1389; 583; 539; 0; 1597; 1899; 672; 4095; 538
1534; 1453; 1392; 581; 532; 0; 1594; 1893; 672; 4095; 543
1531; 1445; 1389; 593; 541; 0; 1593; 1893; 669; 4095; 539
1530; 1472; 1392; 590; 535; 0; 1565; 1897; 679; 4095; 540
1535; 1443; 1392; 583; 537; 0; 1597; 1895; 681; 4095; 538
1532; 1441; 1392; 580; 538; 0; 1595; 1895; 676; 4095; 541
1533; 1437; 1389; 587; 544; 0; 1595; 1895; 672; 4095; 533
1535; 1435; 1390; 579; 535; 0; 1593; 1902; 672; 4095; 535
1531; 1438; 1391; 581; 547; 0; 1596; 1903; 679; 4095; 538
1521; 1435; 1392; 583; 537; 0; 1599; 1889; 669; 4095; 531
1534; 1438; 1399; 586; 533; 0; 1596; 1901; 677; 4095; 528
1535; 1434; 1390; 581; 533; 0; 1598; 1900; 674; 4095; 529
1531; 1430; 1394; 579; 534; 0; 1597; 1891; 675; 4095; 533
1534; 1438; 1392; 588; 535; 0; 1598; 1897; 681; 4095; 528
1535; 1472; 1390; 579; 541; 0; 1583; 1895; 673; 4095; 531
1535; 1435; 1391; 581; 534; 0; 1600; 1899; 674; 4095; 526
1533; 1437; 1390; 582; 538; 0; 1594; 1898; 677; 4095; 521
1531; 1434; 1387; 582; 533; 0; 1594; 1894; 672; 4095; 519
1531; 1439; 1387; 581; 534; 0; 1594; 1884; 676; 4095; 525
1531; 1441; 1389; 577; 537; 0; 1589; 1898; 673; 4095; 522
1532; 1437; 1376; 576; 527; 0; 1590; 1894; 674; 4095; 560
1527; 1439; 1391; 573; 530; 0; 1594; 1895; 672; 4095; 523
1531; 1434; 1380; 577; 529; 0; 1586; 1886; 676; 4095; 517
1530; 1431; 1379; 567; 528; 0; 1584; 1886; 663; 4095; 523
1527; 1431; 1386; 571; 529; 0; 1584; 1886; 667; 4095; 522
1525; 1444; 1381; 575; 526; 0; 1582; 1889; 672; 4095; 518
1530; 1431; 1378; 575; 535; 0; 1584; 1889; 667; 4095; 511
1526; 1432; 1376; 574; 523; 0; 1579; 1886; 671; 4095; 519
1522; 1424; 1373; 571; 523; 0; 1579; 1881; 670; 4095; 527
1527; 1427; 1373; 572; 523; 0; 1579; 1904; 667; 4095; 522
1524; 1427; 1376; 573; 543; 0; 1579; 1883; 671; 4095; 528
1525; 1424; 1380; 575; 528; 0; 1578; 1885; 669; 4095; 526
1523; 1425; 1377; 569; 525; 0; 1579; 1883; 663; 4095; 526
1523; 1430; 1379; 573; 528; 0; 1581; 1887; 661; 4095; 528
1520; 1425; 1381; 575; 526; 0; 1577; 1881; 665; 4095; 530
1523; 1427; 1374; 574; 528; 0; 1578; 1885; 660; 4095; 528
1526; 1438; 1376; 576; 528; 0; 1581; 1885; 663; 4095; 528
1520; 1431; 1378; 576; 532; 0; 1584; 1881; 662; 4095; 526
1520; 1433; 1369; 576; 528; 0; 1583; 1884; 666; 4095; 530
1523; 1433; 1367; 575; 531; 0; 1583; 1886; 670; 4095; 528
1523; 1434; 1374; 572; 528; 0; 1584; 1889; 666; 4095; 532
1521; 1437; 1376; 570; 532; 0; 1579; 1886; 663; 4095; 528
1509; 1439; 1378; 577; 533; 0; 1584; 1885; 663; 4095; 487
1521; 1439; 1367; 576; 535; 0; 1584; 1884; 670; 4095; 533
1520; 1441; 1370; 577; 529; 0; 1583; 1885; 666; 4095; 531
1520; 1440; 1369; 579; 533; 0; 1584; 1889; 674; 4095; 535
1523; 1443; 1369; 582; 531; 0; 1584; 1887; 670; 4095; 534
1520; 1443; 1373; 586; 531; 0; 1584; 1883; 666; 4095; 533
1535; 1446; 1370; 586; 535; 0; 1584; 1885; 663; 4095; 529
1521; 1447; 1374; 579; 535; 0; 1587; 1886; 670; 4095; 533
1520; 1445; 1376; 592; 528; 0; 1584; 1883; 673; 4095; 532
1521; 1443; 1371; 592; 528; 0; 1584; 1885; 673; 4095; 527
1522; 1445; 1374; 590; 535; 0; 1585; 1886; 674; 4095; 529
1521; 1442; 1375; 592; 537; 0; 1587; 1883; 665; 4095; 505
1520; 1441; 1368; 587; 534; 0; 1584; 1883; 673; 4095; 526
1521; 1435; 1364; 587; 533; 0; 1586; 1881; 672; 4095; 527
1521; 1437; 1361; 585; 534; 0; 1588; 1889; 670; 4095; 528
1520; 1439; 1366; 589; 531; 0; 1584; 1887; 676; 4095; 528
1521; 1437; 1363; 590; 509; 0; 1584; 1887; 673; 4095; 528
1520; 1433; 1370; 585; 530; 0; 1586; 1883; 663; 4095; 525
1521; 1428; 1365; 587; 528; 0; 1587; 1883; 667; 4095; 526
1521; 1429; 1362; 586; 528; 0; 1583; 1879; 667; 4095; 518
1520; 1429; 1367; 585; 530; 0; 1585; 1879; 669; 4095; 523
1520; 1425; 1364; 609; 529; 0; 1584; 1882; 671; 4095; 526
1520; 1423; 1370; 577; 530; 0; 1584; 1882; 671; 4095; 528
1519; 1424; 1362; 577; 528; 0; 1584; 1885; 669; 4095; 525
1522; 1423; 1364; 585; 528; 0; 1584; 1882; 667; 4095; 526
1520; 1424; 1363; 581; 529; 0; 1584; 1885; 670; 4095; 528
1520; 1423; 1370; 579; 528; 0; 1584; 1886; 672; 4095; 527
1520; 1421; 1374; 577; 539; 0; 1585; 1889; 671; 4095; 522
1520; 1419; 1367; 589; 528; 0; 1587; 1886; 679; 4095; 519
1520; 1423; 1367; 580; 531; 0; 1585; 1886; 665; 4095; 528
1520; 1422; 1371; 581; 531; 0; 1587; 1883; 674; 4095; 530
1521; 1419; 1365; 590; 530; 0; 1589; 1876; 674; 4095; 531
1520; 1423; 1368; 554; 529; 0; 1589; 1882; 674; 4095; 530
1519; 1423; 1375; 587; 532; 0; 1586; 1885; 675; 4095; 531
1520; 1425; 1367; 581; 536; 0; 1587; 1875; 677; 4095; 533
1520; 1429; 1366; 588; 528; 0; 1587; 1879; 675; 4095; 535
1519; 1426; 1367; 589; 533; 0; 1594; 1879; 670; 4095; 534
1520; 1430; 1376; 589; 533; 0; 1593; 1877; 671; 4095; 533
1520; 1426; 1367; 581; 542; 0; 1590; 1882; 672; 4095; 531
1520; 1426; 1371; 590; 532; 0; 1593; 1878; 674; 4095; 528
1521; 1431; 1373; 579; 535; 0; 1593; 1879; 673; 4095; 530
1520; 1431; 1375; 591; 535; 0; 1589; 1883; 677; 4095; 531
1518; 1431; 1371; 590; 538; 0; 1591; 1878; 673; 4095; 527
1519; 1430; 1373; 591; 539; 0; 1591; 1882; 676; 4095; 527
1520; 1407; 1367; 592; 540; 0; 1595; 1878; 672; 4095; 526
1520; 1427; 1364; 583; 531; 0; 1593; 1882; 674; 4095; 523
1520; 1427; 1365; 581; 535; 0; 1589; 1882; 675; 4095; 519
1520; 1424; 1362; 583; 535; 0; 1590; 1879; 675; 4095; 511
1517; 1426; 1360; 589; 538; 0; 1593; 1907; 675; 4095; 511
1518; 1426; 1360; 585; 526; 0; 1592; 1886; 677; 4095; 525
1545; 1424; 1363; 589; 531; 0; 1593; 1881; 674; 4095; 522
1517; 1423; 1360; 589; 531; 0; 1590; 1878; 673; 4095; 523
1520; 1423; 1360; 587; 531; 0; 1589; 1885; 675; 4095; 528
1517; 1423; 1360; 583; 534; 0; 1590; 1885; 672; 4095; 524
1519; 1421; 1360; 577; 535; 0; 1587; 1882; 677; 4095; 526
1517; 1446; 1365; 577; 533; 0; 1621; 1875; 670; 4095; 528
1516; 1422; 1360; 576; 531; 0; 1588; 1882; 671; 4095; 533
1515; 1413; 1360; 578; 528; 0; 1590; 1879; 669; 4095; 528
1518; 1419; 1363; 581; 528; 0; 1586; 1876; 677; 4095; 532
1517; 1420; 1365; 577; 525; 0; 1585; 1876; 674; 4095; 530
1519; 1424; 1362; 571; 522; 0; 1587; 1879; 670; 4095; 528
1535; 1425; 1371; 563; 525; 0; 1586; 1874; 668; 4095; 533
1519; 1426; 1367; 560; 527; 0; 1586; 1878; 674; 4095; 533
1519; 1427; 1373; 560; 521; 0; 1585; 1878; 666; 4095; 535
1516; 1428; 1366; 558; 526; 0; 1586; 1877; 667; 4095; 534
1516; 1435; 1373; 560; 528; 0; 1585; 1878; 664; 4095; 537
1519; 1424; 1376; 555; 524; 0; 1574; 1882; 670; 4095; 541
1516; 1451; 1377; 557; 525; 0; 1589; 1877; 668; 4095; 541
1520; 1456; 1377; 549; 523; 0; 1590; 1879; 670; 4095; 543
1518; 1458; 1379; 560; 530; 0; 1589; 1883; 668; 4095; 541
1515; 1460; 1377; 550; 526; 0; 1589; 1875; 659; 4095; 542
1518; 1472; 1379; 555; 507; 0; 1588; 1871; 660; 4095; 542
1525; 1473; 1390; 557; 528; 0; 1591; 1880; 655; 4095; 523
1518; 1481; 1384; 557; 529; 0; 1591; 1881; 663; 4095; 539
1517; 1485; 1389; 560; 529; 0; 1595; 1883; 659; 4095; 544
1514; 1488; 1389; 555; 529; 0; 1597; 1878; 659; 4095; 547
1513; 1488; 1393; 560; 533; 0; 1594; 1878; 660; 4095; 546
1514; 1492; 1386; 560; 537; 0; 1595; 1882; 663; 4095; 547
1517; 1488; 1393; 560; 537; 0; 1595; 1881; 661; 4095; 509
1519; 1494; 1392; 563; 539; 0; 1599; 1884; 656; 4095; 545
1518; 1499; 1392; 565; 539; 0; 1599; 1883; 658; 4095; 535
1517; 1494; 1395; 563; 537; 0; 1600; 1862; 656; 4095; 539
1517; 1494; 1392; 571; 538; 0; 1598; 1882; 656; 4095; 544
1520; 1494; 1392; 568; 542; 0; 1599; 1883; 658; 4095; 543
1514; 1497; 1401; 575; 535; 0; 1600; 1885; 656; 4095; 544
1518; 1492; 1398; 567; 535; 0; 1600; 1883; 656; 4095; 535
1514; 1489; 1403; 580; 540; 0; 1600; 1887; 657; 4095; 535
1516; 1498; 1402; 575; 537; 0; 1602; 1882; 656; 4095; 535
1511; 1491; 1398; 576; 542; 0; 1599; 1883; 656; 4095; 531
1515; 1489; 1395; 571; 541; 0; 1599; 1879; 657; 4095; 535
1518; 1491; 1404; 574; 539; 0; 1599; 1885; 662; 4095; 535
1515; 1489; 1419; 576; 539; 0; 1603; 1878; 665; 4095; 537
1515; 1489; 1401; 577; 535; 0; 1600; 1875; 656; 4095; 541
1517; 1491; 1402; 575; 539; 0; 1601; 1878; 657; 4095; 541
1514; 1488; 1393; 580; 534; 0; 1602; 1884; 656; 4095; 548
1517; 1488; 1407; 581; 535; 0; 1601; 1877; 656; 4095; 537
1516; 1485; 1394; 577; 535; 0; 1602; 1879; 662; 4095; 539
1517; 1486; 1405; 583; 530; 0; 1603; 1883; 666; 4095; 543
1517; 1479; 1394; 579; 535; 0; 1601; 1883; 661; 4095; 545
1515; 1477; 1393; 579; 518; 0; 1600; 1878; 660; 4095; 539
1513; 1476; 1393; 587; 535; 0; 1601; 1881; 654; 4095; 541
1515; 1475; 1394; 579; 537; 0; 1600; 1875; 666; 4095; 542
1516; 1477; 1391; 579; 537; 0; 1602; 1880; 670; 4095; 537
1511; 1474; 1393; 591; 536; 0; 1602; 1882; 665; 4095; 545
1510; 1474; 1395; 578; 540; 0; 1603; 1877; 662; 4095; 538
1509; 1459; 1390; 581; 539; 0; 1597; 1882; 663; 4095; 541
1511; 1472; 1392; 592; 530; 0; 1600; 1876; 668; 4095; 542
1514; 1468; 1391; 592; 534; 0; 1597; 1876; 662; 4095; 534
1507; 1469; 1389; 586; 532; 0; 1599; 1875; 663; 4095; 540
1510; 1466; 1387; 586; 533; 0; 1598; 1873; 667; 4095; 536
1505; 1461; 1381; 587; 527; 0; 1599; 1882; 666; 4095; 528
1507; 1461; 1390; 592; 537; 0; 1598; 1875; 655; 4095; 534
1515; 1463; 1387; 592; 533; 0; 1599; 1883; 666; 4095; 528
1504; 1461; 1379; 588; 527; 0; 1594; 1872; 663; 4095; 525
1504; 1457; 1374; 583; 530; 0; 1595; 1872; 671; 4095; 525
1507; 1456; 1370; 587; 528; 0; 1590; 1872; 671; 4095; 526
1506; 1451; 1374; 590; 528; 0; 1577; 1876; 666; 4095; 523
1505; 1450; 1373; 581; 527; 0; 1594; 1878; 663; 4095; 526
1504; 1447; 1373; 583; 528; 0; 1588; 1874; 663; 4095; 523
1507; 1445; 1359; 581; 522; 0; 1584; 1873; 666; 4095; 519
1504; 1440; 1365; 577; 528; 0; 1584; 1871; 669; 4095; 517
1500; 1434; 1360; 580; 525; 5; 1584; 1872; 671; 4095; 511
1493; 1434; 1360; 585; 518; 0; 1584; 1872; 662; 4095; 496
1503; 1434; 1360; 578; 518; 0; 1584; 1872; 665; 4095; 524
1502; 1429; 1360; 576; 519; 0; 1584; 1869; 661; 4095; 523
1495; 1427; 1360; 577; 519; 0; 1582; 1872; 668; 4095; 528
1495; 1429; 1358; 575; 511; 0; 1582; 1868; 662; 4095; 526
1497; 1439; 1360; 570; 519; 0; 1578; 1873; 669; 4095; 528
1499; 1435; 1360; 576; 519; 0; 1583; 1872; 670; 4095; 527
1494; 1435; 1363; 574; 521; 0; 1583; 1865; 662; 4095; 522
1497; 1435; 1360; 567; 510; 0; 1579; 1868; 667; 4095; 526
1501; 1437; 1360; 570; 522; 0; 1584; 1876; 665; 4095; 525
1495; 1434; 1355; 573; 519; 0; 1583; 1869; 663; 4095; 523
1497; 1437; 1359; 574; 517; 0; 1583; 1872; 698; 4095; 534
1498; 1434; 1360; 574; 518; 0; 1579; 1870; 672; 4095; 525
1494; 1437; 1360; 574; 521; 0; 1582; 1866; 667; 4095; 520
1493; 1434; 1360; 574; 518; 0; 1581; 1861; 659; 4095; 510
1495; 1437; 1359; 569; 517; 0; 1581; 1868; 658; 4095; 519
1497; 1410; 1360; 569; 511; 0; 1584; 1867; 664; 4095; 511
1493; 1434; 1360; 565; 506; 0; 1578; 1863; 666; 4095; 505
1497; 1433; 1362; 570; 509; 0; 1579; 1867; 658; 4095; 508
1499; 1431; 1361; 573; 510; 0; 1580; 1862; 661; 4095; 506
1495; 1431; 1363; 562; 509; 0; 1577; 1895; 663; 4095; 508
1492; 1430; 1363; 563; 507; 0; 1579; 1870; 656; 4095; 500
1520; 1427; 1357; 569; 507; 0; 1577; 1863; 662; 4095; 551
1500; 1427; 1360; 564; 505; 0; 1575; 1861; 657; 4095; 503
1501; 1424; 1359; 566; 503; 0; 1581; 1871; 657; 4095; 497
1500; 1423; 1360; 567; 506; 0; 1574; 1866; 666; 4095; 496
1495; 1421; 1360; 560; 497; 0; 1569; 1867; 660; 4095; 495
1499; 1415; 1360; 564; 501; 0; 1573; 1862; 656; 4095; 497
1501; 1413; 1363; 560; 496; 0; 1568; 1865; 655; 4095; 496
1500; 1414; 1360; 560; 494; 0; 1566; 1864; 657; 4095; 500
1499; 1409; 1331; 560; 496; 0; 1565; 1859; 656; 4095; 493
1504; 1406; 1361; 555; 497; 0; 1568; 1863; 657; 4095; 496
1501; 1404; 1363; 533; 493; 0; 1566; 1861; 657; 4095; 492
1492; 1399; 1363; 560; 487; 0; 1566; 1857; 624; 4095; 473
1503; 1404; 1363; 560; 496; 0; 1565; 1862; 654; 4095; 496
1505; 1403; 1360; 558; 493; 0; 1563; 1858; 656; 4095; 495
1501; 1394; 1360; 557; 489; 0; 1555; 1856; 655; 4095; 494
1503; 1392; 1360; 558; 487; 0; 1559; 1866; 656; 4095; 493
1505; 1391; 1364; 560; 486; 0; 1557; 1861; 656; 4095; 501
1506; 1392; 1361; 560; 485; 0; 1553; 1865; 656; 4095; 496
1505; 1387; 1371; 557; 491; 0; 1558; 1859; 653; 4095; 496
1505; 1386; 1346; 560; 485; 0; 1558; 1866; 650; 4095; 506
1505; 1389; 1364; 553; 495; 0; 1557; 1840; 643; 4095; 497
1502; 1382; 1367; 543; 485; 0; 1557; 1863; 650; 4095; 501
1508; 1388; 1370; 555; 484; 0; 1551; 1862; 652; 4095; 506
1503; 1381; 1366; 560; 486; 0; 1555; 1855; 655; 4095; 521
1510; 1389; 1372; 560; 482; 0; 1555; 1863; 654; 4095; 507
1507; 1386; 1371; 557; 488; 0; 1554; 1861; 654; 4095; 507
1505; 1385; 1376; 559; 488; 0; 1559; 1837; 645; 4095; 516
1513; 1382; 1375; 561; 485; 0; 1563; 1856; 651; 4095; 517
1505; 1391; 1371; 561; 487; 0; 1556; 1857; 655; 4095; 522
1511; 1390; 1375; 558; 487; 0; 1561; 1869; 656; 4095; 511
1509; 1391; 1375; 563; 493; 0; 1563; 1858; 643; 4095; 522
1514; 1392; 1381; 562; 494; 0; 1567; 1862; 656; 4095; 527
1509; 1392; 1379; 560; 493; 0; 1564; 1858; 654; 4095; 527
1511; 1407; 1386; 561; 496; 0; 1566; 1863; 624; 4095; 526
1508; 1396; 1388; 566; 496; 0; 1558; 1865; 656; 4095; 526
1510; 1402; 1383; 570; 496; 0; 1565; 1861; 654; 4095; 526
1511; 1406; 1383; 569; 498; 0; 1569; 1861; 655; 4095; 519
1513; 1406; 1385; 567; 499; 0; 1571; 1861; 657; 4095; 523
1509; 1404; 1383; 570; 507; 0; 1566; 1865; 656; 4095; 526
1514; 1403; 1380; 579; 506; 0; 1573; 1857; 656; 4095; 529
1509; 1405; 1383; 567; 497; 0; 1571; 1862; 657; 4095; 522
1515; 1407; 1402; 576; 496; 0; 1573; 1862; 656; 4095; 527
1510; 1407; 1376; 576; 496; 0; 1568; 1863; 653; 4095; 527
1511; 1406; 1380; 577; 496; 0; 1567; 1862; 656; 4095; 527
1514; 1424; 1378; 575; 498; 0; 1552; 1866; 656; 4095; 525
1508; 1403; 1374; 573; 496; 0; 1568; 1858; 658; 4095; 528
1510; 1405; 1385; 566; 496; 0; 1570; 1860; 653; 4095; 525
1511; 1409; 1373; 565; 496; 0; 1574; 1862; 656; 4095; 527
1510; 1405; 1385; 558; 496; 0; 1571; 1862; 658; 4095; 526
1513; 1412; 1385; 560; 497; 0; 1573; 1857; 647; 4095; 523
1509; 1414; 1379; 560; 498; 0; 1568; 1856; 651; 4095; 521
1509; 1415; 1387; 554; 498; 0; 1569; 1863; 649; 4095; 521
1511; 1419; 1377; 558; 496; 0; 1572; 1862; 654; 4095; 522
1510; 1421; 1383; 557; 500; 0; 1573; 1863; 656; 4095; 528
1510; 1421; 1380; 559; 496; 0; 1573; 1863; 656; 4095; 528
1511; 1406; 1382; 560; 496; 0; 1570; 1857; 653; 4095; 578
1511; 1424; 1391; 560; 497; 0; 1574; 1861; 653; 4095; 524
1514; 1426; 1387; 557; 497; 0; 1569; 1862; 651; 4095; 531
1515; 1428; 1383; 560; 497; 0; 1577; 1861; 651; 4095; 528
1511; 1431; 1392; 557; 501; 0; 1569; 1861; 653; 4095; 528
1514; 1431; 1389; 557; 505; 0; 1569; 1859; 647; 4095; 528
1519; 1440; 1392; 560; 499; 0; 1569; 1863; 651; 4095; 536
1509; 1441; 1391; 555; 496; 0; 1574; 1860; 651; 4095; 528
1515; 1441; 1387; 555; 500; 0; 1575; 1862; 656; 4095; 532
1515; 1446; 1389; 558; 502; 0; 1570; 1859; 656; 4095; 530
1516; 1447; 1393; 575; 506; 0; 1579; 1856; 656; 4095; 531
1514; 1444; 1393; 560; 505; 0; 1581; 1863; 654; 4095; 544
1514; 1455; 1395; 561; 503; 0; 1579; 1865; 653; 4095; 535
1515; 1455; 1395; 560; 504; 0; 1577; 1862; 655; 4095; 537
1513; 1456; 1392; 560; 506; 0; 1579; 1861; 655; 4095; 532
1510; 1456; 1397; 561; 502; 0; 1576; 1854; 647; 4095; 532
1514; 1456; 1394; 567; 497; 0; 1577; 1861; 656; 4095; 531
1511; 1454; 1392; 574; 506; 0; 1581; 1861; 650; 4095; 529
1503; 1456; 1403; 571; 509; 0; 1580; 1863; 656; 4095; 540
1512; 1456; 1396; 573; 507; 0; 1578; 1861; 653; 4095; 537
1515; 1456; 1403; 576; 506; 0; 1583; 1863; 656; 4095; 539
1517; 1455; 1402; 573; 506; 0; 1582; 1863; 653; 4095; 538
1517; 1456; 1405; 577; 506; 0; 1584; 1862; 651; 4095; 529
1515; 1456; 1401; 573; 507; 0; 1579; 1859; 656; 4095; 534
1511; 1456; 1397; 574; 511; 0; 1582; 1866; 656; 4095; 529
1514; 1453; 1395; 578; 506; 0; 1579; 1862; 658; 4095; 528
1511; 1457; 1405; 581; 503; 0; 1583; 1865; 655; 4095; 531
1511; 1453; 1405; 577; 503; 0; 1583; 1863; 654; 4095; 537
1516; 1455; 1406; 574; 506; 0; 1581; 1861; 655; 4095; 528
1514; 1452; 1406; 574; 502; 0; 1582; 1863; 657; 4095; 529
1517; 1453; 1393; 574; 505; 0; 1582; 1862; 657; 4095; 538
1511; 1451; 1406; 576; 501; 0; 1582; 1859; 656; 4095; 539
1517; 1455; 1408; 567; 506; 0; 1584; 1860; 654; 4095; 533
1516; 1446; 1408; 565; 503; 0; 1578; 1862; 657; 4095; 503
1517; 1451; 1408; 572; 505; 0; 1585; 1866; 658; 4095; 535
1516; 1451; 1407; 579; 499; 0; 1582; 1861; 654; 4095; 543
1515; 1452; 1410; 575; 503; 0; 1584; 1868; 657; 4095; 533
1511; 1454; 1408; 574; 498; 0; 1584; 1861; 653; 4095; 542
1516; 1450; 1407; 579; 503; 12; 1584; 1863; 656; 4095; 539
1503; 1451; 1405; 575; 503; 0; 1581; 1859; 656; 4095; 538
1511; 1451; 1408; 574; 507; 0; 1584; 1863; 651; 4095; 531
1514; 1451; 1405; 579; 505; 0; 1582; 1861; 656; 4095; 528
1516; 1453; 1406; 577; 509; 0; 1584; 1865; 656; 4095; 543
1514; 1453; 1407; 559; 506; 0; 1584; 1857; 658; 4095; 533
1514; 1460; 1410; 576; 505; 0; 1584; 1858; 656; 4095; 530
1512; 1454; 1408; 578; 502; 0; 1584; 1857; 656; 4095; 533
1517; 1452; 1403; 575; 506; 0; 1584; 1862; 656; 4095; 535
1515; 1446; 1409; 578; 503; 0; 1582; 1862; 655; 4095; 531
1514; 1450; 1410; 585; 502; 0; 1584; 1860; 654; 4095; 535
1515; 1450; 1404; 576; 507; 0; 1584; 1864; 656; 4095; 534
1517; 1452; 1405; 574; 509; 0; 1584; 1864; 656; 4095; 539
1514; 1447; 1409; 572; 499; 0; 1584; 1859; 656; 4095; 541
1511; 1453; 1398; 580; 507; 0; 1583; 1865; 654; 4095; 535
1513; 1454; 1407; 574; 507; 0; 1585; 1866; 656; 4095; 537
1515; 1455; 1408; 589; 505; 0; 1585; 1866; 656; 4095; 543
1517; 1456; 1408; 577; 503; 0; 1584; 1861; 656; 4095; 507
1515; 1456; 1411; 579; 509; 0; 1583; 1859; 651; 4095; 537
1511; 1456; 1411; 577; 506; 0; 1584; 1861; 651; 4095; 533
1515; 1456; 1412; 578; 503; 0; 1585; 1862; 656; 4095; 538
1517; 1460; 1405; 574; 509; 0; 1588; 1866; 656; 4095; 534
1515; 1457; 1406; 579; 509; 0; 1584; 1861; 653; 4095; 540
1516; 1459; 1407; 579; 508; 0; 1589; 1866; 654; 4095; 528
1513; 1459; 1409; 580; 509; 0; 1587; 1858; 651; 4095; 538
1510; 1459; 1465; 581; 508; 0; 1590; 1863; 656; 4095; 534
1513; 1458; 1403; 576; 506; 0; 1585; 1862; 657; 4095; 535
1510; 1465; 1404; 578; 508; 0; 1584; 1863; 655; 4095; 534
1515; 1445; 1406; 580; 507; 0; 1585; 1863; 655; 4095; 502
1514; 1462; 1399; 586; 510; 0; 1589; 1862; 656; 4095; 540
1514; 1468; 1397; 581; 511; 0; 1589; 1857; 656; 4095; 535
1507; 1467; 1406; 585; 510; 0; 1586; 1863; 653; 4095; 534
1515; 1466; 1406; 577; 519; 0; 1587; 1862; 653; 4095; 537
1514; 1471; 1405; 581; 509; 0; 1588; 1863; 651; 4095; 535
1509; 1466; 1402; 577; 508; 0; 1584; 1862; 656; 4095; 536
1509; 1470; 1398; 581; 506; 0; 1585; 1859; 646; 4095; 534
1510; 1472; 1433; 582; 520; 0; 1590; 1859; 655; 4095; 533
1511; 1470; 1392; 583; 511; 0; 1591; 1859; 656; 4095; 533
1513; 1475; 1397; 583; 509; 0; 1587; 1856; 655; 4095; 528
1511; 1473; 1393; 579; 522; 0; 1619; 1859; 656; 4095; 531
1511; 1477; 1391; 582; 519; 0; 1587; 1866; 660; 4095; 532
1507; 1477; 1393; 583; 510; 0; 1591; 1862; 654; 4095; 530
1510; 1474; 1387; 583; 518; 0; 1589; 1856; 656; 4095; 529
1509; 1478; 1389; 589; 509; 0; 1587; 1858; 657; 4095; 527
1504; 1475; 1392; 582; 521; 0; 1585; 1859; 653; 4095; 530
1507; 1476; 1383; 587; 524; 0; 1590; 1857; 656; 4095; 527
1507; 1476; 1378; 587; 520; 0; 1586; 1853; 657; 4095; 526
1503; 1472; 1339; 581; 522; 0; 1585; 1857; 656; 4095; 528
1502; 1473; 1378; 586; 522; 0; 1587; 1893; 656; 4095; 530
1504; 1473; 1382; 580; 519; 0; 1588; 1854; 656; 4095; 526
1505; 1466; 1373; 587; 523; 0; 1568; 1859; 657; 4095; 525
1503; 1467; 1376; 578; 511; 0; 1584; 1859; 658; 4095; 528
1503; 1462; 1374; 582; 510; 0; 1583; 1854; 657; 4095; 527
1502; 1461; 1377; 591; 519; 0; 1587; 1855; 657; 4095; 523
1502; 1458; 1370; 585; 522; 0; 1583; 1859; 656; 4095; 526
1498; 1457; 1377; 585; 542; 0; 1583; 1849; 656; 4095; 526
1498; 1457; 1367; 577; 509; 0; 1584; 1847; 654; 4095; 528
1502; 1459; 1370; 581; 509; 0; 1583; 1843; 658; 4095; 526
1499; 1456; 1412; 579; 509; 0; 1582; 1847; 651; 4095; 528
1497; 1454; 1367; 583; 510; 0; 1582; 1854; 652; 4095; 525
1497; 1451; 1362; 585; 517; 0; 1584; 1850; 656; 4095; 528
1499; 1454; 1373; 587; 517; 0; 1584; 1853; 656; 4095; 506
1494; 1455; 1369; 585; 505; 0; 1584; 1854; 653; 4095; 523
1494; 1447; 1367; 591; 511; 0; 1584; 1853; 656; 4095; 521
1495; 1447; 1369; 589; 517; 0; 1584; 1849; 653; 4095; 523
1499; 1449; 1364; 589; 506; 0; 1581; 1851; 654; 4095; 523
1497; 1450; 1361; 592; 510; 0; 1582; 1856; 656; 4095; 527
1497; 1443; 1365; 592; 506; 0; 1582; 1850; 653; 4095; 528
1499; 1449; 1370; 586; 505; 0; 1584; 1849; 659; 4095; 526
1497; 1449; 1378; 580; 518; 0; 1583; 1850; 656; 4095; 528
1495; 1450; 1376; 586; 507; 0; 1584; 1853; 653; 4095; 528
1499; 1453; 1366; 575; 510; 0; 1582; 1853; 650; 4095; 528
1513; 1445; 1367; 579; 502; 0; 1584; 1849; 690; 4095; 528
1499; 1449; 1374; 583; 502; 0; 1563; 1849; 656; 4095; 528
1499; 1451; 1367; 585; 509; 0; 1581; 1850; 655; 4095; 528
1501; 1450; 1380; 583; 497; 0; 1581; 1850; 653; 4095; 528
1504; 1453; 1375; 576; 506; 0; 1584; 1849; 656; 4095; 529
1502; 1447; 1380; 576; 501; 0; 1584; 1853; 656; 4095; 528
1498; 1447; 1385; 576; 503; 0; 1579; 1845; 657; 4095; 531
1505; 1453; 1387; 581; 504; 0; 1584; 1847; 654; 4095; 535
1499; 1455; 1377; 579; 500; 0; 1584; 1847; 656; 4095; 530
1504; 1459; 1387; 575; 502; 0; 1584; 1829; 657; 4095; 534
1505; 1457; 1392; 565; 496; 0; 1584; 1851; 647; 4095; 539
1502; 1463; 1386; 577; 501; 0; 1584; 1856; 641; 4095; 528
1502; 1462; 1378; 576; 505; 0; 1582; 1849; 651; 4095; 536
1502; 1469; 1389; 581; 503; 0; 1587; 1853; 653; 4095; 535
1501; 1471; 1391; 576; 506; 0; 1584; 1845; 655; 4095; 528
1501; 1467; 1385; 576; 508; 0; 1584; 1855; 649; 4095; 531
1504; 1473; 1382; 576; 509; 0; 1584; 1872; 654; 4095; 533
1503; 1474; 1389; 586; 509; 0; 1584; 1854; 646; 4095; 529
1503; 1475; 1385; 579; 503; 0; 1584; 1853; 655; 4095; 534
1505; 1473; 1382; 586; 511; 0; 1584; 1851; 656; 4095; 530
1503; 1475; 1383; 586; 509; 0; 1585; 1855; 645; 4095; 531
1502; 1473; 1383; 587; 497; 0; 1584; 1853; 655; 4095; 528
1526; 1479; 1383; 584; 518; 0; 1589; 1851; 681; 4095; 531
1504; 1478; 1386; 580; 511; 0; 1585; 1845; 656; 4095; 529
1504; 1478; 1385; 590; 506; 0; 1587; 1853; 652; 4095; 528
1502; 1479; 1379; 583; 519; 0; 1585; 1856; 649; 4095; 529
1501; 1478; 1386; 592; 509; 0; 1587; 1851; 656; 4095; 531
1504; 1477; 1378; 592; 510; 0; 1584; 1849; 653; 4095; 525
1500; 1476; 1378; 592; 511; 0; 1587; 1851; 656; 4095; 523
1500; 1471; 1370; 592; 511; 0; 1585; 1847; 656; 4095; 523
1501; 1471; 1371; 592; 517; 0; 1588; 1856; 651; 4095; 526
1501; 1468; 1361; 592; 505; 0; 1584; 1849; 652; 4095; 518
1499; 1463; 1365; 592; 509; 16; 1585; 1855; 656; 4095; 519
1498; 1466; 1369; 594; 509; 0; 1585; 1845; 647; 4095; 511
1501; 1459; 1360; 597; 507; 0; 1585; 1851; 654; 4095; 510
1496; 1456; 1363; 594; 507; 0; 1584; 1847; 661; 4095; 518
1498; 1456; 1358; 592; 509; 0; 1584; 1841; 657; 4095; 511
1496; 1449; 1360; 592; 508; 0; 1583; 1845; 655; 4095; 509
1493; 1456; 1356; 589; 505; 0; 1579; 1846; 656; 4095; 506
1497; 1447; 1356; 592; 503; 0; 1578; 1840; 657; 4095; 511
1491; 1443; 1354; 590; 499; 0; 1583; 1845; 656; 4095; 509
1494; 1445; 1355; 586; 502; 0; 1578; 1843; 656; 4095; 504
1491; 1440; 1358; 582; 502; 0; 1579; 1858; 656; 4095; 519
1495; 1440; 1360; 579; 470; 0; 1579; 1841; 653; 4095; 518
1492; 1440; 1359; 578; 498; 0; 1579; 1840; 654; 4095; 479
1494; 1443; 1360; 583; 498; 0; 1577; 1845; 650; 4095; 517
1495; 1445; 1359; 578; 500; 0; 1575; 1842; 656; 4095; 523
1491; 1444; 1359; 583; 496; 0; 1578; 1842; 655; 4095; 518
1491; 1445; 1355; 576; 499; 0; 1573; 1840; 650; 4095; 525
1494; 1442; 1360; 576; 503; 0; 1572; 1840; 656; 4095; 518
1491; 1444; 1357; 586; 498; 0; 1572; 1842; 656; 4095; 529
1495; 1454; 1363; 590; 499; 0; 1580; 1840; 653; 4095; 523
1491; 1455; 1360; 582; 499; 0; 1582; 1843; 653; 4095; 527
1495; 1456; 1361; 582; 497; 0; 1579; 1841; 651; 4095; 531
1491; 1456; 1355; 591; 499; 0; 1583; 1842; 656; 4095; 529
1