
62. Printing statistics.

=== adder_32bit_behavioral ===

   Number of wires:                332
   Number of wire bits:            425
   Number of public wires:           5
   Number of public wire bits:      98
   Number of memories:               0
   Number of memory bits:            0
   Number of processes:              0
   Number of cells:                359
     sky130_fd_sc_hd__a21o_2         5
     sky130_fd_sc_hd__a21oi_2        3
     sky130_fd_sc_hd__a21oi_4        1
     sky130_fd_sc_hd__a31o_2         2
     sky130_fd_sc_hd__and2_2        11
     sky130_fd_sc_hd__and2_4         6
     sky130_fd_sc_hd__and2b_2        8
     sky130_fd_sc_hd__and2b_4        1
     sky130_fd_sc_hd__buf_1         14
     sky130_fd_sc_hd__buf_2          6
     sky130_fd_sc_hd__buf_6          6
     sky130_fd_sc_hd__dfrtp_2       32
     sky130_fd_sc_hd__inv_2         53
     sky130_fd_sc_hd__nand2_2       98
     sky130_fd_sc_hd__nand2_4        6
     sky130_fd_sc_hd__nand2b_2       2
     sky130_fd_sc_hd__nand3_2        2
     sky130_fd_sc_hd__nor2_2        34
     sky130_fd_sc_hd__nor2_4         4
     sky130_fd_sc_hd__nor2b_2        5
     sky130_fd_sc_hd__nor2b_4        6
     sky130_fd_sc_hd__o21a_2         7
     sky130_fd_sc_hd__o21ai_2        9
     sky130_fd_sc_hd__o221a_2        1
     sky130_fd_sc_hd__or2_2          9
     sky130_fd_sc_hd__or2_4          9
     sky130_fd_sc_hd__xnor2_2        5
     sky130_fd_sc_hd__xnor2_4        1
     sky130_fd_sc_hd__xor2_2         6
     sky130_fd_sc_hd__xor2_4         7

   Chip area for module '\adder_32bit_behavioral': 3296.912000

